[2024-03-22T10:06:56.267+0000] {taskinstance.py:1979} INFO - Dependencies all met for dep_context=non-requeueable deps ti=<TaskInstance: spotify_to_s3_data_extraction_v1.sptoify_to_csv scheduled__2024-03-20T21:43:00+00:00 [queued]>
[2024-03-22T10:07:01.822+0000] {taskinstance.py:1979} INFO - Dependencies all met for dep_context=requeueable deps ti=<TaskInstance: spotify_to_s3_data_extraction_v1.sptoify_to_csv scheduled__2024-03-20T21:43:00+00:00 [queued]>
[2024-03-22T10:07:01.881+0000] {taskinstance.py:2193} INFO - Starting attempt 5 of 7
[2024-03-22T10:07:05.771+0000] {taskinstance.py:2217} INFO - Executing <Task(PythonOperator): sptoify_to_csv> on 2024-03-20 21:43:00+00:00
[2024-03-22T10:07:05.961+0000] {standard_task_runner.py:60} INFO - Started process 5020 to run task
[2024-03-22T10:07:06.003+0000] {standard_task_runner.py:87} INFO - Running: ['***', 'tasks', 'run', 'spotify_to_s3_data_extraction_v1', 'sptoify_to_csv', 'scheduled__2024-03-20T21:43:00+00:00', '--job-id', '996', '--raw', '--subdir', 'DAGS_FOLDER/spotify_to_csvs_to_s3.py', '--cfg-path', '/tmp/tmpxr81h1tt']
[2024-03-22T10:07:06.024+0000] {standard_task_runner.py:88} INFO - Job 996: Subtask sptoify_to_csv
[2024-03-22T10:07:08.401+0000] {task_command.py:423} INFO - Running <TaskInstance: spotify_to_s3_data_extraction_v1.sptoify_to_csv scheduled__2024-03-20T21:43:00+00:00 [running]> on host ca1809388db1
[2024-03-22T10:07:09.894+0000] {taskinstance.py:2513} INFO - Exporting env vars: AIRFLOW_CTX_DAG_OWNER='Nathaniel Solomon' AIRFLOW_CTX_DAG_ID='spotify_to_s3_data_extraction_v1' AIRFLOW_CTX_TASK_ID='sptoify_to_csv' AIRFLOW_CTX_EXECUTION_DATE='2024-03-20T21:43:00+00:00' AIRFLOW_CTX_TRY_NUMBER='5' AIRFLOW_CTX_DAG_RUN_ID='scheduled__2024-03-20T21:43:00+00:00'
[2024-03-22T10:07:09.915+0000] {logging_mixin.py:188} INFO - The extract function has been executed and this is data in the next line
[2024-03-22T10:07:09.918+0000] {logging_mixin.py:188} INFO - Initiating the Endpoint...
[2024-03-22T10:07:12.017+0000] {logging_mixin.py:188} INFO - Extracting other available tracks
[2024-03-22T10:14:41.536+0000] {logging_mixin.py:188} INFO - Adding the values of index 0 into the appropriate Keys...
[2024-03-22T10:14:51.208+0000] {logging_mixin.py:188} INFO - Adding the values of index 1 into the appropriate Keys...
[2024-03-22T10:14:52.306+0000] {logging_mixin.py:188} INFO - Adding the values of index 2 into the appropriate Keys...
[2024-03-22T10:15:01.842+0000] {logging_mixin.py:188} INFO - Adding the values of index 3 into the appropriate Keys...
[2024-03-22T10:15:11.639+0000] {logging_mixin.py:188} INFO - Adding the values of index 4 into the appropriate Keys...
[2024-03-22T10:15:20.869+0000] {logging_mixin.py:188} INFO - Adding the values of index 5 into the appropriate Keys...
[2024-03-22T10:15:31.226+0000] {logging_mixin.py:188} INFO - Adding the values of index 6 into the appropriate Keys...
[2024-03-22T10:15:32.077+0000] {logging_mixin.py:188} INFO - Adding the values of index 7 into the appropriate Keys...
[2024-03-22T10:15:42.389+0000] {logging_mixin.py:188} INFO - Adding the values of index 8 into the appropriate Keys...
[2024-03-22T10:15:44.087+0000] {logging_mixin.py:188} INFO - Adding the values of index 9 into the appropriate Keys...
[2024-03-22T10:15:45.016+0000] {logging_mixin.py:188} INFO - Done Extracting...
[2024-03-22T10:15:45.210+0000] {python.py:202} INFO - Done. Returned value was: None
[2024-03-22T10:15:45.371+0000] {taskinstance.py:1149} INFO - Marking task as SUCCESS. dag_id=spotify_to_s3_data_extraction_v1, task_id=sptoify_to_csv, execution_date=20240320T214300, start_date=20240322T100657, end_date=20240322T101545
[2024-03-22T10:15:45.588+0000] {local_task_job_runner.py:234} INFO - Task exited with return code 0
[2024-03-22T10:15:46.018+0000] {taskinstance.py:3312} INFO - 1 downstream tasks scheduled from follow-on schedule check
