[2024-03-20T22:43:42.470+0000] {taskinstance.py:1979} INFO - Dependencies all met for dep_context=non-requeueable deps ti=<TaskInstance: spotify_to_s3_data_extraction_v1.sptoify_to_csv scheduled__2024-03-20T22:41:00+00:00 [queued]>
[2024-03-20T22:43:42.508+0000] {taskinstance.py:1979} INFO - Dependencies all met for dep_context=requeueable deps ti=<TaskInstance: spotify_to_s3_data_extraction_v1.sptoify_to_csv scheduled__2024-03-20T22:41:00+00:00 [queued]>
[2024-03-20T22:43:42.509+0000] {taskinstance.py:2193} INFO - Starting attempt 1 of 6
[2024-03-20T22:43:42.527+0000] {taskinstance.py:2217} INFO - Executing <Task(PythonOperator): sptoify_to_csv> on 2024-03-20 22:41:00+00:00
[2024-03-20T22:43:42.536+0000] {standard_task_runner.py:60} INFO - Started process 750 to run task
[2024-03-20T22:43:42.541+0000] {standard_task_runner.py:87} INFO - Running: ['***', 'tasks', 'run', 'spotify_to_s3_data_extraction_v1', 'sptoify_to_csv', 'scheduled__2024-03-20T22:41:00+00:00', '--job-id', '175', '--raw', '--subdir', 'DAGS_FOLDER/spotify_to_csvs_to_s3.py', '--cfg-path', '/tmp/tmp2qidienm']
[2024-03-20T22:43:42.545+0000] {standard_task_runner.py:88} INFO - Job 175: Subtask sptoify_to_csv
[2024-03-20T22:43:42.620+0000] {task_command.py:423} INFO - Running <TaskInstance: spotify_to_s3_data_extraction_v1.sptoify_to_csv scheduled__2024-03-20T22:41:00+00:00 [running]> on host ca1809388db1
[2024-03-20T22:43:42.743+0000] {taskinstance.py:2513} INFO - Exporting env vars: AIRFLOW_CTX_DAG_OWNER='Nathaniel Solomon' AIRFLOW_CTX_DAG_ID='spotify_to_s3_data_extraction_v1' AIRFLOW_CTX_TASK_ID='sptoify_to_csv' AIRFLOW_CTX_EXECUTION_DATE='2024-03-20T22:41:00+00:00' AIRFLOW_CTX_TRY_NUMBER='1' AIRFLOW_CTX_DAG_RUN_ID='scheduled__2024-03-20T22:41:00+00:00'
[2024-03-20T22:43:42.746+0000] {logging_mixin.py:188} INFO - The extract function has been executed and this is data in the next line
[2024-03-20T22:43:42.747+0000] {logging_mixin.py:188} INFO - Initiating the Endpoint...
[2024-03-20T22:43:43.579+0000] {logging_mixin.py:188} INFO - Extracting other available tracks
[2024-03-20T22:43:54.466+0000] {logging_mixin.py:188} INFO - Adding the values of index 0 into the appropriate Keys...
[2024-03-20T22:43:55.465+0000] {logging_mixin.py:188} INFO - Adding the values of index 1 into the appropriate Keys...
[2024-03-20T22:43:56.165+0000] {logging_mixin.py:188} INFO - Adding the values of index 2 into the appropriate Keys...
[2024-03-20T22:43:57.332+0000] {logging_mixin.py:188} INFO - Adding the values of index 3 into the appropriate Keys...
[2024-03-20T22:43:58.390+0000] {logging_mixin.py:188} INFO - Adding the values of index 4 into the appropriate Keys...
[2024-03-20T22:43:59.415+0000] {logging_mixin.py:188} INFO - Adding the values of index 5 into the appropriate Keys...
[2024-03-20T22:44:00.581+0000] {logging_mixin.py:188} INFO - Adding the values of index 6 into the appropriate Keys...
[2024-03-20T22:44:01.548+0000] {logging_mixin.py:188} INFO - Adding the values of index 7 into the appropriate Keys...
[2024-03-20T22:44:02.530+0000] {logging_mixin.py:188} INFO - Adding the values of index 8 into the appropriate Keys...
[2024-03-20T22:44:04.235+0000] {logging_mixin.py:188} INFO - Adding the values of index 9 into the appropriate Keys...
[2024-03-20T22:44:05.211+0000] {logging_mixin.py:188} INFO - Done Extracting...
[2024-03-20T22:44:05.223+0000] {python.py:202} INFO - Done. Returned value was: None
[2024-03-20T22:44:05.236+0000] {taskinstance.py:1149} INFO - Marking task as SUCCESS. dag_id=spotify_to_s3_data_extraction_v1, task_id=sptoify_to_csv, execution_date=20240320T224100, start_date=20240320T224342, end_date=20240320T224405
[2024-03-20T22:44:05.332+0000] {local_task_job_runner.py:234} INFO - Task exited with return code 0
[2024-03-20T22:44:05.356+0000] {taskinstance.py:3312} INFO - 1 downstream tasks scheduled from follow-on schedule check
