[2024-03-22T10:16:01.224+0000] {taskinstance.py:1979} INFO - Dependencies all met for dep_context=non-requeueable deps ti=<TaskInstance: spotify_to_s3_data_extraction_v1.sptoify_to_csv scheduled__2024-03-20T22:41:00+00:00 [queued]>
[2024-03-22T10:16:01.271+0000] {taskinstance.py:1979} INFO - Dependencies all met for dep_context=requeueable deps ti=<TaskInstance: spotify_to_s3_data_extraction_v1.sptoify_to_csv scheduled__2024-03-20T22:41:00+00:00 [queued]>
[2024-03-22T10:16:01.272+0000] {taskinstance.py:2193} INFO - Starting attempt 2 of 7
[2024-03-22T10:16:01.327+0000] {taskinstance.py:2217} INFO - Executing <Task(PythonOperator): sptoify_to_csv> on 2024-03-20 22:41:00+00:00
[2024-03-22T10:16:01.347+0000] {standard_task_runner.py:60} INFO - Started process 5142 to run task
[2024-03-22T10:16:01.361+0000] {standard_task_runner.py:87} INFO - Running: ['***', 'tasks', 'run', 'spotify_to_s3_data_extraction_v1', 'sptoify_to_csv', 'scheduled__2024-03-20T22:41:00+00:00', '--job-id', '1029', '--raw', '--subdir', 'DAGS_FOLDER/spotify_to_csvs_to_s3.py', '--cfg-path', '/tmp/tmpx_wzyy41']
[2024-03-22T10:16:01.373+0000] {standard_task_runner.py:88} INFO - Job 1029: Subtask sptoify_to_csv
[2024-03-22T10:16:01.515+0000] {task_command.py:423} INFO - Running <TaskInstance: spotify_to_s3_data_extraction_v1.sptoify_to_csv scheduled__2024-03-20T22:41:00+00:00 [running]> on host ca1809388db1
[2024-03-22T10:16:01.765+0000] {taskinstance.py:2513} INFO - Exporting env vars: AIRFLOW_CTX_DAG_OWNER='Nathaniel Solomon' AIRFLOW_CTX_DAG_ID='spotify_to_s3_data_extraction_v1' AIRFLOW_CTX_TASK_ID='sptoify_to_csv' AIRFLOW_CTX_EXECUTION_DATE='2024-03-20T22:41:00+00:00' AIRFLOW_CTX_TRY_NUMBER='2' AIRFLOW_CTX_DAG_RUN_ID='scheduled__2024-03-20T22:41:00+00:00'
[2024-03-22T10:16:01.768+0000] {logging_mixin.py:188} INFO - The extract function has been executed and this is data in the next line
[2024-03-22T10:16:01.769+0000] {logging_mixin.py:188} INFO - Initiating the Endpoint...
[2024-03-22T10:16:02.387+0000] {logging_mixin.py:188} INFO - Extracting other available tracks
[2024-03-22T10:16:31.846+0000] {logging_mixin.py:188} INFO - Adding the values of index 0 into the appropriate Keys...
[2024-03-22T10:16:33.615+0000] {logging_mixin.py:188} INFO - Adding the values of index 1 into the appropriate Keys...
[2024-03-22T10:16:42.015+0000] {logging_mixin.py:188} INFO - Adding the values of index 2 into the appropriate Keys...
[2024-03-22T10:16:43.213+0000] {logging_mixin.py:188} INFO - Adding the values of index 3 into the appropriate Keys...
[2024-03-22T10:16:44.268+0000] {logging_mixin.py:188} INFO - Adding the values of index 4 into the appropriate Keys...
[2024-03-22T10:16:52.327+0000] {logging_mixin.py:188} INFO - Adding the values of index 5 into the appropriate Keys...
[2024-03-22T10:17:01.419+0000] {logging_mixin.py:188} INFO - Adding the values of index 6 into the appropriate Keys...
[2024-03-22T10:17:02.820+0000] {logging_mixin.py:188} INFO - Adding the values of index 7 into the appropriate Keys...
[2024-03-22T10:17:03.748+0000] {logging_mixin.py:188} INFO - Adding the values of index 8 into the appropriate Keys...
[2024-03-22T10:17:05.320+0000] {logging_mixin.py:188} INFO - Adding the values of index 9 into the appropriate Keys...
[2024-03-22T10:17:06.665+0000] {logging_mixin.py:188} INFO - Done Extracting...
[2024-03-22T10:17:06.708+0000] {python.py:202} INFO - Done. Returned value was: None
[2024-03-22T10:17:06.738+0000] {taskinstance.py:1149} INFO - Marking task as SUCCESS. dag_id=spotify_to_s3_data_extraction_v1, task_id=sptoify_to_csv, execution_date=20240320T224100, start_date=20240322T101601, end_date=20240322T101706
[2024-03-22T10:17:06.869+0000] {local_task_job_runner.py:234} INFO - Task exited with return code 0
[2024-03-22T10:17:07.104+0000] {taskinstance.py:3312} INFO - 1 downstream tasks scheduled from follow-on schedule check
