[2024-03-21T02:14:24.267+0000] {taskinstance.py:1979} INFO - Dependencies all met for dep_context=non-requeueable deps ti=<TaskInstance: spotify_to_s3_data_extraction_v1.sptoify_to_csv scheduled__2024-03-21T02:13:00+00:00 [queued]>
[2024-03-21T02:14:24.277+0000] {taskinstance.py:1979} INFO - Dependencies all met for dep_context=requeueable deps ti=<TaskInstance: spotify_to_s3_data_extraction_v1.sptoify_to_csv scheduled__2024-03-21T02:13:00+00:00 [queued]>
[2024-03-21T02:14:24.278+0000] {taskinstance.py:2193} INFO - Starting attempt 1 of 6
[2024-03-21T02:14:24.292+0000] {taskinstance.py:2217} INFO - Executing <Task(PythonOperator): sptoify_to_csv> on 2024-03-21 02:13:00+00:00
[2024-03-21T02:14:24.300+0000] {standard_task_runner.py:60} INFO - Started process 1410 to run task
[2024-03-21T02:14:24.304+0000] {standard_task_runner.py:87} INFO - Running: ['***', 'tasks', 'run', 'spotify_to_s3_data_extraction_v1', 'sptoify_to_csv', 'scheduled__2024-03-21T02:13:00+00:00', '--job-id', '287', '--raw', '--subdir', 'DAGS_FOLDER/spotify_to_csvs_to_s3.py', '--cfg-path', '/tmp/tmpokrqh16o']
[2024-03-21T02:14:24.307+0000] {standard_task_runner.py:88} INFO - Job 287: Subtask sptoify_to_csv
[2024-03-21T02:14:24.363+0000] {task_command.py:423} INFO - Running <TaskInstance: spotify_to_s3_data_extraction_v1.sptoify_to_csv scheduled__2024-03-21T02:13:00+00:00 [running]> on host ca1809388db1
[2024-03-21T02:14:24.450+0000] {taskinstance.py:2513} INFO - Exporting env vars: AIRFLOW_CTX_DAG_OWNER='Nathaniel Solomon' AIRFLOW_CTX_DAG_ID='spotify_to_s3_data_extraction_v1' AIRFLOW_CTX_TASK_ID='sptoify_to_csv' AIRFLOW_CTX_EXECUTION_DATE='2024-03-21T02:13:00+00:00' AIRFLOW_CTX_TRY_NUMBER='1' AIRFLOW_CTX_DAG_RUN_ID='scheduled__2024-03-21T02:13:00+00:00'
[2024-03-21T02:14:24.452+0000] {logging_mixin.py:188} INFO - The extract function has been executed and this is data in the next line
[2024-03-21T02:14:24.452+0000] {logging_mixin.py:188} INFO - Initiating the Endpoint...
[2024-03-21T02:14:24.915+0000] {logging_mixin.py:188} INFO - Extracting other available tracks
[2024-03-21T02:14:32.180+0000] {logging_mixin.py:188} INFO - Adding the values of index 0 into the appropriate Keys...
[2024-03-21T02:14:33.713+0000] {logging_mixin.py:188} INFO - Adding the values of index 1 into the appropriate Keys...
[2024-03-21T02:14:34.949+0000] {logging_mixin.py:188} INFO - Adding the values of index 2 into the appropriate Keys...
[2024-03-21T02:14:36.062+0000] {logging_mixin.py:188} INFO - Adding the values of index 3 into the appropriate Keys...
[2024-03-21T02:14:37.359+0000] {logging_mixin.py:188} INFO - Adding the values of index 4 into the appropriate Keys...
[2024-03-21T02:14:38.548+0000] {logging_mixin.py:188} INFO - Adding the values of index 5 into the appropriate Keys...
[2024-03-21T02:14:39.825+0000] {logging_mixin.py:188} INFO - Adding the values of index 6 into the appropriate Keys...
[2024-03-21T02:14:41.002+0000] {logging_mixin.py:188} INFO - Adding the values of index 7 into the appropriate Keys...
[2024-03-21T02:14:42.414+0000] {logging_mixin.py:188} INFO - Adding the values of index 8 into the appropriate Keys...
[2024-03-21T02:14:43.731+0000] {logging_mixin.py:188} INFO - Adding the values of index 9 into the appropriate Keys...
[2024-03-21T02:14:45.163+0000] {logging_mixin.py:188} INFO - Done Extracting...
[2024-03-21T02:14:45.470+0000] {python.py:202} INFO - Done. Returned value was: None
[2024-03-21T02:14:45.697+0000] {taskinstance.py:1149} INFO - Marking task as SUCCESS. dag_id=spotify_to_s3_data_extraction_v1, task_id=sptoify_to_csv, execution_date=20240321T021300, start_date=20240321T021424, end_date=20240321T021445
[2024-03-21T02:14:46.062+0000] {local_task_job_runner.py:234} INFO - Task exited with return code 0
[2024-03-21T02:14:47.139+0000] {taskinstance.py:3312} INFO - 0 downstream tasks scheduled from follow-on schedule check
