[2024-03-21T07:36:05.071+0000] {taskinstance.py:1979} INFO - Dependencies all met for dep_context=non-requeueable deps ti=<TaskInstance: spotify_to_s3_data_extraction_v1.sptoify_to_csv scheduled__2024-03-21T07:35:00+00:00 [queued]>
[2024-03-21T07:36:05.086+0000] {taskinstance.py:1979} INFO - Dependencies all met for dep_context=requeueable deps ti=<TaskInstance: spotify_to_s3_data_extraction_v1.sptoify_to_csv scheduled__2024-03-21T07:35:00+00:00 [queued]>
[2024-03-21T07:36:05.087+0000] {taskinstance.py:2193} INFO - Starting attempt 1 of 6
[2024-03-21T07:36:05.113+0000] {taskinstance.py:2217} INFO - Executing <Task(PythonOperator): sptoify_to_csv> on 2024-03-21 07:35:00+00:00
[2024-03-21T07:36:05.140+0000] {standard_task_runner.py:60} INFO - Started process 2305 to run task
[2024-03-21T07:36:05.145+0000] {standard_task_runner.py:87} INFO - Running: ['***', 'tasks', 'run', 'spotify_to_s3_data_extraction_v1', 'sptoify_to_csv', 'scheduled__2024-03-21T07:35:00+00:00', '--job-id', '443', '--raw', '--subdir', 'DAGS_FOLDER/spotify_to_csvs_to_s3.py', '--cfg-path', '/tmp/tmphlqt4y9z']
[2024-03-21T07:36:05.151+0000] {standard_task_runner.py:88} INFO - Job 443: Subtask sptoify_to_csv
[2024-03-21T07:36:05.234+0000] {task_command.py:423} INFO - Running <TaskInstance: spotify_to_s3_data_extraction_v1.sptoify_to_csv scheduled__2024-03-21T07:35:00+00:00 [running]> on host ca1809388db1
[2024-03-21T07:36:05.364+0000] {taskinstance.py:2513} INFO - Exporting env vars: AIRFLOW_CTX_DAG_OWNER='Nathaniel Solomon' AIRFLOW_CTX_DAG_ID='spotify_to_s3_data_extraction_v1' AIRFLOW_CTX_TASK_ID='sptoify_to_csv' AIRFLOW_CTX_EXECUTION_DATE='2024-03-21T07:35:00+00:00' AIRFLOW_CTX_TRY_NUMBER='1' AIRFLOW_CTX_DAG_RUN_ID='scheduled__2024-03-21T07:35:00+00:00'
[2024-03-21T07:36:05.366+0000] {logging_mixin.py:188} INFO - The extract function has been executed and this is data in the next line
[2024-03-21T07:36:05.367+0000] {logging_mixin.py:188} INFO - Initiating the Endpoint...
[2024-03-21T07:36:06.338+0000] {logging_mixin.py:188} INFO - Extracting other available tracks
[2024-03-21T07:36:20.975+0000] {logging_mixin.py:188} INFO - Adding the values of index 0 into the appropriate Keys...
[2024-03-21T07:36:27.518+0000] {logging_mixin.py:188} INFO - Adding the values of index 1 into the appropriate Keys...
[2024-03-21T07:36:28.591+0000] {logging_mixin.py:188} INFO - Adding the values of index 2 into the appropriate Keys...
[2024-03-21T14:32:24.878+0000] {taskinstance.py:1969} INFO - Dependencies not met for <TaskInstance: spotify_to_s3_data_extraction_v1.sptoify_to_csv scheduled__2024-03-21T07:35:00+00:00 [running]>, dependency 'Task Instance Not Running' FAILED: Task is in the running state
[2024-03-21T14:32:24.883+0000] {taskinstance.py:1969} INFO - Dependencies not met for <TaskInstance: spotify_to_s3_data_extraction_v1.sptoify_to_csv scheduled__2024-03-21T07:35:00+00:00 [running]>, dependency 'Task Instance State' FAILED: Task is in the 'running' state.
[2024-03-21T14:32:24.893+0000] {local_task_job_runner.py:160} INFO - Task is not able to be run
[2024-03-21T16:46:17.995+0000] {local_task_job_runner.py:302} WARNING - State of this instance has been externally set to restarting. Terminating instance.
[2024-03-21T16:46:18.089+0000] {process_utils.py:131} INFO - Sending 15 to group 2305. PIDs of all processes in the group: [2305]
[2024-03-21T16:46:18.093+0000] {process_utils.py:86} INFO - Sending the signal 15 to group 2305
[2024-03-21T16:46:18.115+0000] {taskinstance.py:2483} ERROR - Received SIGTERM. Terminating subprocesses.
[2024-03-21T16:46:18.276+0000] {taskinstance.py:2731} ERROR - Task failed with exception
Traceback (most recent call last):
  File "/home/airflow/.local/lib/python3.8/site-packages/airflow/models/taskinstance.py", line 444, in _execute_task
    result = _execute_callable(context=context, **execute_callable_kwargs)
  File "/home/airflow/.local/lib/python3.8/site-packages/airflow/models/taskinstance.py", line 414, in _execute_callable
    return execute_callable(context=context, **execute_callable_kwargs)
  File "/home/airflow/.local/lib/python3.8/site-packages/airflow/operators/python.py", line 200, in execute
    return_value = self.execute_callable()
  File "/home/airflow/.local/lib/python3.8/site-packages/airflow/operators/python.py", line 217, in execute_callable
    return self.python_callable(*self.op_args, **self.op_kwargs)
  File "/opt/airflow/dags/spotify_to_csvs_to_s3.py", line 111, in Spotify_to_CSV
    data['Artist_Popularity'].append(sp.artist(track['artists'][0]['id'])['popularity'])
  File "/home/airflow/.local/lib/python3.8/site-packages/spotipy/client.py", line 392, in artist
    return self._get("artists/" + trid)
  File "/home/airflow/.local/lib/python3.8/site-packages/spotipy/client.py", line 323, in _get
    return self._internal_call("GET", url, payload, kwargs)
  File "/home/airflow/.local/lib/python3.8/site-packages/spotipy/client.py", line 266, in _internal_call
    response = self._session.request(
  File "/home/airflow/.local/lib/python3.8/site-packages/requests/sessions.py", line 589, in request
    resp = self.send(prep, **send_kwargs)
  File "/home/airflow/.local/lib/python3.8/site-packages/requests/sessions.py", line 703, in send
    r = adapter.send(request, **kwargs)
  File "/home/airflow/.local/lib/python3.8/site-packages/requests/adapters.py", line 486, in send
    resp = conn.urlopen(
  File "/home/airflow/.local/lib/python3.8/site-packages/urllib3/connectionpool.py", line 892, in urlopen
    retries.sleep(response)
  File "/home/airflow/.local/lib/python3.8/site-packages/urllib3/util/retry.py", line 428, in sleep
    slept = self.sleep_for_retry(response)
  File "/home/airflow/.local/lib/python3.8/site-packages/urllib3/util/retry.py", line 407, in sleep_for_retry
    time.sleep(retry_after)
  File "/home/airflow/.local/lib/python3.8/site-packages/airflow/models/taskinstance.py", line 2485, in signal_handler
    raise AirflowException("Task received SIGTERM signal")
airflow.exceptions.AirflowException: Task received SIGTERM signal
[2024-03-21T16:46:18.306+0000] {taskinstance.py:1149} INFO - Marking task as UP_FOR_RETRY. dag_id=spotify_to_s3_data_extraction_v1, task_id=sptoify_to_csv, execution_date=20240321T073500, start_date=20240321T073605, end_date=20240321T164618
[2024-03-21T16:46:18.446+0000] {standard_task_runner.py:107} ERROR - Failed to execute job 443 for task sptoify_to_csv (Task received SIGTERM signal; 2305)
[2024-03-21T16:46:18.525+0000] {process_utils.py:79} INFO - Process psutil.Process(pid=2305, status='terminated', exitcode=1, started='07:36:04') (2305) terminated with exit code 1
