[2024-03-22T10:07:02.098+0000] {taskinstance.py:1979} INFO - Dependencies all met for dep_context=non-requeueable deps ti=<TaskInstance: spotify_to_s3_data_extraction_v1.sptoify_to_csv scheduled__2024-03-20T21:38:00+00:00 [queued]>
[2024-03-22T10:07:03.927+0000] {taskinstance.py:1979} INFO - Dependencies all met for dep_context=requeueable deps ti=<TaskInstance: spotify_to_s3_data_extraction_v1.sptoify_to_csv scheduled__2024-03-20T21:38:00+00:00 [queued]>
[2024-03-22T10:07:04.184+0000] {taskinstance.py:2193} INFO - Starting attempt 4 of 6
[2024-03-22T10:07:05.913+0000] {taskinstance.py:2217} INFO - Executing <Task(PythonOperator): sptoify_to_csv> on 2024-03-20 21:38:00+00:00
[2024-03-22T10:07:06.342+0000] {standard_task_runner.py:60} INFO - Started process 5024 to run task
[2024-03-22T10:07:06.607+0000] {standard_task_runner.py:87} INFO - Running: ['***', 'tasks', 'run', 'spotify_to_s3_data_extraction_v1', 'sptoify_to_csv', 'scheduled__2024-03-20T21:38:00+00:00', '--job-id', '999', '--raw', '--subdir', 'DAGS_FOLDER/spotify_to_csvs_to_s3.py', '--cfg-path', '/tmp/tmp1z8r7zht']
[2024-03-22T10:07:06.766+0000] {standard_task_runner.py:88} INFO - Job 999: Subtask sptoify_to_csv
[2024-03-22T10:07:08.167+0000] {task_command.py:423} INFO - Running <TaskInstance: spotify_to_s3_data_extraction_v1.sptoify_to_csv scheduled__2024-03-20T21:38:00+00:00 [running]> on host ca1809388db1
[2024-03-22T10:07:10.069+0000] {taskinstance.py:2513} INFO - Exporting env vars: AIRFLOW_CTX_DAG_OWNER='Nathaniel Solomon' AIRFLOW_CTX_DAG_ID='spotify_to_s3_data_extraction_v1' AIRFLOW_CTX_TASK_ID='sptoify_to_csv' AIRFLOW_CTX_EXECUTION_DATE='2024-03-20T21:38:00+00:00' AIRFLOW_CTX_TRY_NUMBER='4' AIRFLOW_CTX_DAG_RUN_ID='scheduled__2024-03-20T21:38:00+00:00'
[2024-03-22T10:07:10.091+0000] {logging_mixin.py:188} INFO - The extract function has been executed and this is data in the next line
[2024-03-22T10:07:10.098+0000] {logging_mixin.py:188} INFO - Initiating the Endpoint...
[2024-03-22T10:07:11.735+0000] {logging_mixin.py:188} INFO - Extracting other available tracks
[2024-03-22T10:14:34.316+0000] {logging_mixin.py:188} INFO - Adding the values of index 0 into the appropriate Keys...
[2024-03-22T10:14:42.222+0000] {logging_mixin.py:188} INFO - Adding the values of index 1 into the appropriate Keys...
[2024-03-22T10:14:51.784+0000] {logging_mixin.py:188} INFO - Adding the values of index 2 into the appropriate Keys...
[2024-03-22T10:15:01.235+0000] {logging_mixin.py:188} INFO - Adding the values of index 3 into the appropriate Keys...
[2024-03-22T10:15:11.212+0000] {logging_mixin.py:188} INFO - Adding the values of index 4 into the appropriate Keys...
[2024-03-22T10:15:12.157+0000] {logging_mixin.py:188} INFO - Adding the values of index 5 into the appropriate Keys...
[2024-03-22T10:15:21.424+0000] {logging_mixin.py:188} INFO - Adding the values of index 6 into the appropriate Keys...
[2024-03-22T10:15:31.491+0000] {logging_mixin.py:188} INFO - Adding the values of index 7 into the appropriate Keys...
[2024-03-22T10:15:41.474+0000] {logging_mixin.py:188} INFO - Adding the values of index 8 into the appropriate Keys...
[2024-03-22T10:15:43.236+0000] {logging_mixin.py:188} INFO - Adding the values of index 9 into the appropriate Keys...
[2024-03-22T10:15:44.207+0000] {logging_mixin.py:188} INFO - Done Extracting...
[2024-03-22T10:15:44.344+0000] {python.py:202} INFO - Done. Returned value was: None
[2024-03-22T10:15:44.890+0000] {taskinstance.py:1149} INFO - Marking task as SUCCESS. dag_id=spotify_to_s3_data_extraction_v1, task_id=sptoify_to_csv, execution_date=20240320T213800, start_date=20240322T100702, end_date=20240322T101544
[2024-03-22T10:15:45.504+0000] {local_task_job_runner.py:234} INFO - Task exited with return code 0
[2024-03-22T10:15:45.877+0000] {taskinstance.py:3312} INFO - 1 downstream tasks scheduled from follow-on schedule check
