[2024-03-21T01:13:23.365+0000] {taskinstance.py:1979} INFO - Dependencies all met for dep_context=non-requeueable deps ti=<TaskInstance: spotify_to_s3_data_extraction_v1.sptoify_to_csv scheduled__2024-03-21T01:02:00+00:00 [queued]>
[2024-03-21T01:13:23.381+0000] {taskinstance.py:1979} INFO - Dependencies all met for dep_context=requeueable deps ti=<TaskInstance: spotify_to_s3_data_extraction_v1.sptoify_to_csv scheduled__2024-03-21T01:02:00+00:00 [queued]>
[2024-03-21T01:13:23.383+0000] {taskinstance.py:2193} INFO - Starting attempt 1 of 6
[2024-03-21T01:13:23.409+0000] {taskinstance.py:2217} INFO - Executing <Task(PythonOperator): sptoify_to_csv> on 2024-03-21 01:02:00+00:00
[2024-03-21T01:13:23.419+0000] {standard_task_runner.py:60} INFO - Started process 1211 to run task
[2024-03-21T01:13:23.424+0000] {standard_task_runner.py:87} INFO - Running: ['***', 'tasks', 'run', 'spotify_to_s3_data_extraction_v1', 'sptoify_to_csv', 'scheduled__2024-03-21T01:02:00+00:00', '--job-id', '253', '--raw', '--subdir', 'DAGS_FOLDER/spotify_to_csvs_to_s3.py', '--cfg-path', '/tmp/tmp6d8oiqte']
[2024-03-21T01:13:23.429+0000] {standard_task_runner.py:88} INFO - Job 253: Subtask sptoify_to_csv
[2024-03-21T01:13:23.514+0000] {task_command.py:423} INFO - Running <TaskInstance: spotify_to_s3_data_extraction_v1.sptoify_to_csv scheduled__2024-03-21T01:02:00+00:00 [running]> on host ca1809388db1
[2024-03-21T01:13:23.661+0000] {taskinstance.py:2513} INFO - Exporting env vars: AIRFLOW_CTX_DAG_OWNER='Nathaniel Solomon' AIRFLOW_CTX_DAG_ID='spotify_to_s3_data_extraction_v1' AIRFLOW_CTX_TASK_ID='sptoify_to_csv' AIRFLOW_CTX_EXECUTION_DATE='2024-03-21T01:02:00+00:00' AIRFLOW_CTX_TRY_NUMBER='1' AIRFLOW_CTX_DAG_RUN_ID='scheduled__2024-03-21T01:02:00+00:00'
[2024-03-21T01:13:23.664+0000] {logging_mixin.py:188} INFO - The extract function has been executed and this is data in the next line
[2024-03-21T01:13:23.665+0000] {logging_mixin.py:188} INFO - Initiating the Endpoint...
[2024-03-21T01:13:24.318+0000] {logging_mixin.py:188} INFO - Extracting other available tracks
[2024-03-21T01:13:32.351+0000] {logging_mixin.py:188} INFO - Adding the values of index 0 into the appropriate Keys...
[2024-03-21T01:13:34.116+0000] {logging_mixin.py:188} INFO - Adding the values of index 1 into the appropriate Keys...
[2024-03-21T01:13:35.448+0000] {logging_mixin.py:188} INFO - Adding the values of index 2 into the appropriate Keys...
[2024-03-21T01:13:36.662+0000] {logging_mixin.py:188} INFO - Adding the values of index 3 into the appropriate Keys...
[2024-03-21T01:13:37.956+0000] {logging_mixin.py:188} INFO - Adding the values of index 4 into the appropriate Keys...
[2024-03-21T01:13:39.200+0000] {logging_mixin.py:188} INFO - Adding the values of index 5 into the appropriate Keys...
[2024-03-21T01:13:40.455+0000] {logging_mixin.py:188} INFO - Adding the values of index 6 into the appropriate Keys...
[2024-03-21T01:13:42.182+0000] {logging_mixin.py:188} INFO - Adding the values of index 7 into the appropriate Keys...
[2024-03-21T01:13:43.468+0000] {logging_mixin.py:188} INFO - Adding the values of index 8 into the appropriate Keys...
[2024-03-21T01:13:44.887+0000] {logging_mixin.py:188} INFO - Adding the values of index 9 into the appropriate Keys...
[2024-03-21T01:13:47.451+0000] {logging_mixin.py:188} INFO - Done Extracting...
[2024-03-21T01:13:47.705+0000] {python.py:202} INFO - Done. Returned value was: None
[2024-03-21T01:13:47.883+0000] {taskinstance.py:1149} INFO - Marking task as SUCCESS. dag_id=spotify_to_s3_data_extraction_v1, task_id=sptoify_to_csv, execution_date=20240321T010200, start_date=20240321T011323, end_date=20240321T011347
[2024-03-21T01:13:48.215+0000] {local_task_job_runner.py:234} INFO - Task exited with return code 0
[2024-03-21T01:13:49.550+0000] {taskinstance.py:3312} INFO - 0 downstream tasks scheduled from follow-on schedule check
