[2024-03-22T10:18:44.271+0000] {taskinstance.py:1979} INFO - Dependencies all met for dep_context=non-requeueable deps ti=<TaskInstance: spotify_to_s3_data_extraction_v1.sptoify_to_csv scheduled__2024-03-21T01:02:00+00:00 [queued]>
[2024-03-22T10:18:44.309+0000] {taskinstance.py:1979} INFO - Dependencies all met for dep_context=requeueable deps ti=<TaskInstance: spotify_to_s3_data_extraction_v1.sptoify_to_csv scheduled__2024-03-21T01:02:00+00:00 [queued]>
[2024-03-22T10:18:44.310+0000] {taskinstance.py:2193} INFO - Starting attempt 2 of 7
[2024-03-22T10:18:44.373+0000] {taskinstance.py:2217} INFO - Executing <Task(PythonOperator): sptoify_to_csv> on 2024-03-21 01:02:00+00:00
[2024-03-22T10:18:44.391+0000] {standard_task_runner.py:60} INFO - Started process 5373 to run task
[2024-03-22T10:18:44.402+0000] {standard_task_runner.py:87} INFO - Running: ['***', 'tasks', 'run', 'spotify_to_s3_data_extraction_v1', 'sptoify_to_csv', 'scheduled__2024-03-21T01:02:00+00:00', '--job-id', '1094', '--raw', '--subdir', 'DAGS_FOLDER/spotify_to_csvs_to_s3.py', '--cfg-path', '/tmp/tmpq36fdsud']
[2024-03-22T10:18:44.415+0000] {standard_task_runner.py:88} INFO - Job 1094: Subtask sptoify_to_csv
[2024-03-22T10:18:44.683+0000] {task_command.py:423} INFO - Running <TaskInstance: spotify_to_s3_data_extraction_v1.sptoify_to_csv scheduled__2024-03-21T01:02:00+00:00 [running]> on host ca1809388db1
[2024-03-22T10:18:45.046+0000] {taskinstance.py:2513} INFO - Exporting env vars: AIRFLOW_CTX_DAG_OWNER='Nathaniel Solomon' AIRFLOW_CTX_DAG_ID='spotify_to_s3_data_extraction_v1' AIRFLOW_CTX_TASK_ID='sptoify_to_csv' AIRFLOW_CTX_EXECUTION_DATE='2024-03-21T01:02:00+00:00' AIRFLOW_CTX_TRY_NUMBER='2' AIRFLOW_CTX_DAG_RUN_ID='scheduled__2024-03-21T01:02:00+00:00'
[2024-03-22T10:18:45.049+0000] {logging_mixin.py:188} INFO - The extract function has been executed and this is data in the next line
[2024-03-22T10:18:45.050+0000] {logging_mixin.py:188} INFO - Initiating the Endpoint...
[2024-03-22T10:18:51.639+0000] {logging_mixin.py:188} INFO - Extracting other available tracks
[2024-03-22T10:19:13.221+0000] {logging_mixin.py:188} INFO - Adding the values of index 0 into the appropriate Keys...
[2024-03-22T10:19:21.873+0000] {logging_mixin.py:188} INFO - Adding the values of index 1 into the appropriate Keys...
[2024-03-22T10:19:31.154+0000] {logging_mixin.py:188} INFO - Adding the values of index 2 into the appropriate Keys...
[2024-03-22T10:19:40.233+0000] {logging_mixin.py:188} INFO - Adding the values of index 3 into the appropriate Keys...
[2024-03-22T10:19:41.263+0000] {logging_mixin.py:188} INFO - Adding the values of index 4 into the appropriate Keys...
[2024-03-22T10:19:42.857+0000] {logging_mixin.py:188} INFO - Adding the values of index 5 into the appropriate Keys...
[2024-03-22T10:19:44.420+0000] {logging_mixin.py:188} INFO - Adding the values of index 6 into the appropriate Keys...
[2024-03-22T10:19:45.984+0000] {logging_mixin.py:188} INFO - Adding the values of index 7 into the appropriate Keys...
[2024-03-22T10:19:51.767+0000] {logging_mixin.py:188} INFO - Adding the values of index 8 into the appropriate Keys...
[2024-03-22T10:19:52.818+0000] {logging_mixin.py:188} INFO - Adding the values of index 9 into the appropriate Keys...
[2024-03-22T10:19:53.856+0000] {logging_mixin.py:188} INFO - Done Extracting...
[2024-03-22T10:19:53.882+0000] {python.py:202} INFO - Done. Returned value was: None
[2024-03-22T10:19:53.906+0000] {taskinstance.py:1149} INFO - Marking task as SUCCESS. dag_id=spotify_to_s3_data_extraction_v1, task_id=sptoify_to_csv, execution_date=20240321T010200, start_date=20240322T101844, end_date=20240322T101953
[2024-03-22T10:19:53.981+0000] {local_task_job_runner.py:234} INFO - Task exited with return code 0
[2024-03-22T10:19:54.041+0000] {taskinstance.py:3312} INFO - 1 downstream tasks scheduled from follow-on schedule check
