[2024-03-21T03:58:16.469+0000] {taskinstance.py:1979} INFO - Dependencies all met for dep_context=non-requeueable deps ti=<TaskInstance: spotify_to_s3_data_extraction_v1.sptoify_to_csv scheduled__2024-03-21T03:57:00+00:00 [queued]>
[2024-03-21T03:58:16.516+0000] {taskinstance.py:1979} INFO - Dependencies all met for dep_context=requeueable deps ti=<TaskInstance: spotify_to_s3_data_extraction_v1.sptoify_to_csv scheduled__2024-03-21T03:57:00+00:00 [queued]>
[2024-03-21T03:58:16.519+0000] {taskinstance.py:2193} INFO - Starting attempt 1 of 6
[2024-03-21T03:58:16.586+0000] {taskinstance.py:2217} INFO - Executing <Task(PythonOperator): sptoify_to_csv> on 2024-03-21 03:57:00+00:00
[2024-03-21T03:58:16.611+0000] {standard_task_runner.py:60} INFO - Started process 1729 to run task
[2024-03-21T03:58:16.625+0000] {standard_task_runner.py:87} INFO - Running: ['***', 'tasks', 'run', 'spotify_to_s3_data_extraction_v1', 'sptoify_to_csv', 'scheduled__2024-03-21T03:57:00+00:00', '--job-id', '331', '--raw', '--subdir', 'DAGS_FOLDER/spotify_to_csvs_to_s3.py', '--cfg-path', '/tmp/tmpwd8fgaf0']
[2024-03-21T03:58:16.637+0000] {standard_task_runner.py:88} INFO - Job 331: Subtask sptoify_to_csv
[2024-03-21T03:58:16.852+0000] {task_command.py:423} INFO - Running <TaskInstance: spotify_to_s3_data_extraction_v1.sptoify_to_csv scheduled__2024-03-21T03:57:00+00:00 [running]> on host ca1809388db1
[2024-03-21T03:58:17.209+0000] {taskinstance.py:2513} INFO - Exporting env vars: AIRFLOW_CTX_DAG_OWNER='Nathaniel Solomon' AIRFLOW_CTX_DAG_ID='spotify_to_s3_data_extraction_v1' AIRFLOW_CTX_TASK_ID='sptoify_to_csv' AIRFLOW_CTX_EXECUTION_DATE='2024-03-21T03:57:00+00:00' AIRFLOW_CTX_TRY_NUMBER='1' AIRFLOW_CTX_DAG_RUN_ID='scheduled__2024-03-21T03:57:00+00:00'
[2024-03-21T03:58:17.215+0000] {logging_mixin.py:188} INFO - The extract function has been executed and this is data in the next line
[2024-03-21T03:58:17.218+0000] {logging_mixin.py:188} INFO - Initiating the Endpoint...
[2024-03-21T03:58:17.997+0000] {logging_mixin.py:188} INFO - Extracting other available tracks
[2024-03-21T03:58:25.195+0000] {logging_mixin.py:188} INFO - Adding the values of index 0 into the appropriate Keys...
[2024-03-21T03:58:26.196+0000] {logging_mixin.py:188} INFO - Adding the values of index 1 into the appropriate Keys...
[2024-03-21T03:58:27.125+0000] {logging_mixin.py:188} INFO - Adding the values of index 2 into the appropriate Keys...
[2024-03-21T03:58:28.051+0000] {logging_mixin.py:188} INFO - Adding the values of index 3 into the appropriate Keys...
[2024-03-21T03:58:29.077+0000] {logging_mixin.py:188} INFO - Adding the values of index 4 into the appropriate Keys...
[2024-03-21T03:58:30.035+0000] {logging_mixin.py:188} INFO - Adding the values of index 5 into the appropriate Keys...
[2024-03-21T03:58:31.269+0000] {logging_mixin.py:188} INFO - Adding the values of index 6 into the appropriate Keys...
[2024-03-21T03:58:32.223+0000] {logging_mixin.py:188} INFO - Adding the values of index 7 into the appropriate Keys...
[2024-03-21T03:58:33.144+0000] {logging_mixin.py:188} INFO - Adding the values of index 8 into the appropriate Keys...
[2024-03-21T03:58:34.115+0000] {logging_mixin.py:188} INFO - Adding the values of index 9 into the appropriate Keys...
[2024-03-21T03:58:35.149+0000] {logging_mixin.py:188} INFO - Done Extracting...
[2024-03-21T03:58:35.162+0000] {python.py:202} INFO - Done. Returned value was: None
[2024-03-21T03:58:35.173+0000] {taskinstance.py:1149} INFO - Marking task as SUCCESS. dag_id=spotify_to_s3_data_extraction_v1, task_id=sptoify_to_csv, execution_date=20240321T035700, start_date=20240321T035816, end_date=20240321T035835
[2024-03-21T03:58:35.198+0000] {local_task_job_runner.py:234} INFO - Task exited with return code 0
[2024-03-21T03:58:35.228+0000] {taskinstance.py:3312} INFO - 1 downstream tasks scheduled from follow-on schedule check
