[2024-03-21T03:34:33.332+0000] {taskinstance.py:1979} INFO - Dependencies all met for dep_context=non-requeueable deps ti=<TaskInstance: spotify_to_s3_data_extraction_v1.sptoify_to_csv scheduled__2024-03-21T03:33:00+00:00 [queued]>
[2024-03-21T03:34:33.375+0000] {taskinstance.py:1979} INFO - Dependencies all met for dep_context=requeueable deps ti=<TaskInstance: spotify_to_s3_data_extraction_v1.sptoify_to_csv scheduled__2024-03-21T03:33:00+00:00 [queued]>
[2024-03-21T03:34:33.378+0000] {taskinstance.py:2193} INFO - Starting attempt 1 of 6
[2024-03-21T03:34:33.464+0000] {taskinstance.py:2217} INFO - Executing <Task(PythonOperator): sptoify_to_csv> on 2024-03-21 03:33:00+00:00
[2024-03-21T03:34:33.497+0000] {standard_task_runner.py:60} INFO - Started process 1678 to run task
[2024-03-21T03:34:33.514+0000] {standard_task_runner.py:87} INFO - Running: ['***', 'tasks', 'run', 'spotify_to_s3_data_extraction_v1', 'sptoify_to_csv', 'scheduled__2024-03-21T03:33:00+00:00', '--job-id', '326', '--raw', '--subdir', 'DAGS_FOLDER/spotify_to_csvs_to_s3.py', '--cfg-path', '/tmp/tmpz_e9crn0']
[2024-03-21T03:34:33.530+0000] {standard_task_runner.py:88} INFO - Job 326: Subtask sptoify_to_csv
[2024-03-21T03:49:35.202+0000] {task_command.py:423} INFO - Running <TaskInstance: spotify_to_s3_data_extraction_v1.sptoify_to_csv scheduled__2024-03-21T03:33:00+00:00 [running]> on host ca1809388db1
[2024-03-21T03:49:35.530+0000] {taskinstance.py:2513} INFO - Exporting env vars: AIRFLOW_CTX_DAG_OWNER='Nathaniel Solomon' AIRFLOW_CTX_DAG_ID='spotify_to_s3_data_extraction_v1' AIRFLOW_CTX_TASK_ID='sptoify_to_csv' AIRFLOW_CTX_EXECUTION_DATE='2024-03-21T03:33:00+00:00' AIRFLOW_CTX_TRY_NUMBER='1' AIRFLOW_CTX_DAG_RUN_ID='scheduled__2024-03-21T03:33:00+00:00'
[2024-03-21T03:49:35.532+0000] {logging_mixin.py:188} INFO - The extract function has been executed and this is data in the next line
[2024-03-21T03:49:35.532+0000] {logging_mixin.py:188} INFO - Initiating the Endpoint...
[2024-03-21T03:49:36.335+0000] {logging_mixin.py:188} INFO - Extracting other available tracks
[2024-03-21T03:49:43.506+0000] {logging_mixin.py:188} INFO - Adding the values of index 0 into the appropriate Keys...
[2024-03-21T03:49:44.445+0000] {logging_mixin.py:188} INFO - Adding the values of index 1 into the appropriate Keys...
[2024-03-21T03:49:45.721+0000] {logging_mixin.py:188} INFO - Adding the values of index 2 into the appropriate Keys...
[2024-03-21T03:49:47.384+0000] {logging_mixin.py:188} INFO - Adding the values of index 3 into the appropriate Keys...
[2024-03-21T03:49:49.098+0000] {logging_mixin.py:188} INFO - Adding the values of index 4 into the appropriate Keys...
[2024-03-21T03:49:50.342+0000] {logging_mixin.py:188} INFO - Adding the values of index 5 into the appropriate Keys...
[2024-03-21T03:49:51.576+0000] {logging_mixin.py:188} INFO - Adding the values of index 6 into the appropriate Keys...
[2024-03-21T03:49:52.932+0000] {logging_mixin.py:188} INFO - Adding the values of index 7 into the appropriate Keys...
[2024-03-21T03:49:54.235+0000] {logging_mixin.py:188} INFO - Adding the values of index 8 into the appropriate Keys...
[2024-03-21T03:49:55.712+0000] {logging_mixin.py:188} INFO - Adding the values of index 9 into the appropriate Keys...
[2024-03-21T03:49:57.037+0000] {logging_mixin.py:188} INFO - Done Extracting...
[2024-03-21T03:49:57.325+0000] {python.py:202} INFO - Done. Returned value was: None
[2024-03-21T03:49:57.551+0000] {taskinstance.py:1149} INFO - Marking task as SUCCESS. dag_id=spotify_to_s3_data_extraction_v1, task_id=sptoify_to_csv, execution_date=20240321T033300, start_date=20240321T033433, end_date=20240321T034957
[2024-03-21T03:49:57.903+0000] {local_task_job_runner.py:234} INFO - Task exited with return code 0
[2024-03-21T03:49:58.575+0000] {taskinstance.py:3312} INFO - 0 downstream tasks scheduled from follow-on schedule check
