[2024-03-21T03:49:39.233+0000] {taskinstance.py:1979} INFO - Dependencies all met for dep_context=non-requeueable deps ti=<TaskInstance: spotify_to_s3_data_extraction_v1.sptoify_to_csv scheduled__2024-03-21T03:48:00+00:00 [queued]>
[2024-03-21T03:49:39.248+0000] {taskinstance.py:1979} INFO - Dependencies all met for dep_context=requeueable deps ti=<TaskInstance: spotify_to_s3_data_extraction_v1.sptoify_to_csv scheduled__2024-03-21T03:48:00+00:00 [queued]>
[2024-03-21T03:49:39.249+0000] {taskinstance.py:2193} INFO - Starting attempt 1 of 6
[2024-03-21T03:49:39.267+0000] {taskinstance.py:2217} INFO - Executing <Task(PythonOperator): sptoify_to_csv> on 2024-03-21 03:48:00+00:00
[2024-03-21T03:49:39.276+0000] {standard_task_runner.py:60} INFO - Started process 1689 to run task
[2024-03-21T03:49:39.281+0000] {standard_task_runner.py:87} INFO - Running: ['***', 'tasks', 'run', 'spotify_to_s3_data_extraction_v1', 'sptoify_to_csv', 'scheduled__2024-03-21T03:48:00+00:00', '--job-id', '327', '--raw', '--subdir', 'DAGS_FOLDER/spotify_to_csvs_to_s3.py', '--cfg-path', '/tmp/tmp42y3pv_c']
[2024-03-21T03:49:39.285+0000] {standard_task_runner.py:88} INFO - Job 327: Subtask sptoify_to_csv
[2024-03-21T03:49:39.358+0000] {task_command.py:423} INFO - Running <TaskInstance: spotify_to_s3_data_extraction_v1.sptoify_to_csv scheduled__2024-03-21T03:48:00+00:00 [running]> on host ca1809388db1
[2024-03-21T03:49:39.475+0000] {taskinstance.py:2513} INFO - Exporting env vars: AIRFLOW_CTX_DAG_OWNER='Nathaniel Solomon' AIRFLOW_CTX_DAG_ID='spotify_to_s3_data_extraction_v1' AIRFLOW_CTX_TASK_ID='sptoify_to_csv' AIRFLOW_CTX_EXECUTION_DATE='2024-03-21T03:48:00+00:00' AIRFLOW_CTX_TRY_NUMBER='1' AIRFLOW_CTX_DAG_RUN_ID='scheduled__2024-03-21T03:48:00+00:00'
[2024-03-21T03:49:39.478+0000] {logging_mixin.py:188} INFO - The extract function has been executed and this is data in the next line
[2024-03-21T03:49:39.480+0000] {logging_mixin.py:188} INFO - Initiating the Endpoint...
[2024-03-21T03:49:39.916+0000] {logging_mixin.py:188} INFO - Extracting other available tracks
[2024-03-21T03:49:48.559+0000] {logging_mixin.py:188} INFO - Adding the values of index 0 into the appropriate Keys...
[2024-03-21T03:49:50.122+0000] {logging_mixin.py:188} INFO - Adding the values of index 1 into the appropriate Keys...
[2024-03-21T03:49:51.247+0000] {logging_mixin.py:188} INFO - Adding the values of index 2 into the appropriate Keys...
[2024-03-21T03:49:52.642+0000] {logging_mixin.py:188} INFO - Adding the values of index 3 into the appropriate Keys...
[2024-03-21T03:49:54.010+0000] {logging_mixin.py:188} INFO - Adding the values of index 4 into the appropriate Keys...
[2024-03-21T03:49:55.435+0000] {logging_mixin.py:188} INFO - Adding the values of index 5 into the appropriate Keys...
[2024-03-21T03:49:56.674+0000] {logging_mixin.py:188} INFO - Adding the values of index 6 into the appropriate Keys...
[2024-03-21T03:49:57.858+0000] {logging_mixin.py:188} INFO - Adding the values of index 7 into the appropriate Keys...
[2024-03-21T03:49:59.160+0000] {logging_mixin.py:188} INFO - Adding the values of index 8 into the appropriate Keys...
[2024-03-21T03:50:00.501+0000] {logging_mixin.py:188} INFO - Adding the values of index 9 into the appropriate Keys...
[2024-03-21T03:50:01.929+0000] {logging_mixin.py:188} INFO - Done Extracting...
[2024-03-21T03:50:02.538+0000] {python.py:202} INFO - Done. Returned value was: None
[2024-03-21T03:50:02.834+0000] {taskinstance.py:1149} INFO - Marking task as SUCCESS. dag_id=spotify_to_s3_data_extraction_v1, task_id=sptoify_to_csv, execution_date=20240321T034800, start_date=20240321T034939, end_date=20240321T035002
[2024-03-21T03:50:03.445+0000] {local_task_job_runner.py:234} INFO - Task exited with return code 0
[2024-03-21T03:50:03.981+0000] {taskinstance.py:3312} INFO - 1 downstream tasks scheduled from follow-on schedule check
