[2024-03-22T10:06:13.119+0000] {taskinstance.py:1979} INFO - Dependencies all met for dep_context=non-requeueable deps ti=<TaskInstance: spotify_to_s3_data_extraction_v1.sptoify_to_csv scheduled__2024-03-20T21:23:00+00:00 [queued]>
[2024-03-22T10:06:16.490+0000] {taskinstance.py:1979} INFO - Dependencies all met for dep_context=requeueable deps ti=<TaskInstance: spotify_to_s3_data_extraction_v1.sptoify_to_csv scheduled__2024-03-20T21:23:00+00:00 [queued]>
[2024-03-22T10:06:16.646+0000] {taskinstance.py:2193} INFO - Starting attempt 5 of 7
[2024-03-22T10:06:24.420+0000] {taskinstance.py:2217} INFO - Executing <Task(PythonOperator): sptoify_to_csv> on 2024-03-20 21:23:00+00:00
[2024-03-22T10:06:25.087+0000] {standard_task_runner.py:60} INFO - Started process 5002 to run task
[2024-03-22T10:06:25.386+0000] {standard_task_runner.py:87} INFO - Running: ['***', 'tasks', 'run', 'spotify_to_s3_data_extraction_v1', 'sptoify_to_csv', 'scheduled__2024-03-20T21:23:00+00:00', '--job-id', '987', '--raw', '--subdir', 'DAGS_FOLDER/spotify_to_csvs_to_s3.py', '--cfg-path', '/tmp/tmpq17jn56_']
[2024-03-22T10:06:26.619+0000] {standard_task_runner.py:88} INFO - Job 987: Subtask sptoify_to_csv
[2024-03-22T10:06:39.473+0000] {task_command.py:423} INFO - Running <TaskInstance: spotify_to_s3_data_extraction_v1.sptoify_to_csv scheduled__2024-03-20T21:23:00+00:00 [running]> on host ca1809388db1
[2024-03-22T10:07:04.908+0000] {taskinstance.py:2513} INFO - Exporting env vars: AIRFLOW_CTX_DAG_OWNER='Nathaniel Solomon' AIRFLOW_CTX_DAG_ID='spotify_to_s3_data_extraction_v1' AIRFLOW_CTX_TASK_ID='sptoify_to_csv' AIRFLOW_CTX_EXECUTION_DATE='2024-03-20T21:23:00+00:00' AIRFLOW_CTX_TRY_NUMBER='5' AIRFLOW_CTX_DAG_RUN_ID='scheduled__2024-03-20T21:23:00+00:00'
[2024-03-22T10:07:05.221+0000] {logging_mixin.py:188} INFO - The extract function has been executed and this is data in the next line
[2024-03-22T10:07:05.229+0000] {logging_mixin.py:188} INFO - Initiating the Endpoint...
[2024-03-22T10:07:10.348+0000] {logging_mixin.py:188} INFO - Extracting other available tracks
[2024-03-22T10:14:32.305+0000] {logging_mixin.py:188} INFO - Adding the values of index 0 into the appropriate Keys...
[2024-03-22T10:14:34.273+0000] {logging_mixin.py:188} INFO - Adding the values of index 1 into the appropriate Keys...
[2024-03-22T10:14:41.133+0000] {logging_mixin.py:188} INFO - Adding the values of index 2 into the appropriate Keys...
[2024-03-22T10:14:51.603+0000] {logging_mixin.py:188} INFO - Adding the values of index 3 into the appropriate Keys...
[2024-03-22T10:15:01.235+0000] {logging_mixin.py:188} INFO - Adding the values of index 4 into the appropriate Keys...
[2024-03-22T10:15:11.969+0000] {logging_mixin.py:188} INFO - Adding the values of index 5 into the appropriate Keys...
[2024-03-22T10:15:21.381+0000] {logging_mixin.py:188} INFO - Adding the values of index 6 into the appropriate Keys...
[2024-03-22T10:15:31.473+0000] {logging_mixin.py:188} INFO - Adding the values of index 7 into the appropriate Keys...
[2024-03-22T10:15:41.749+0000] {logging_mixin.py:188} INFO - Adding the values of index 8 into the appropriate Keys...
[2024-03-22T10:15:43.434+0000] {logging_mixin.py:188} INFO - Adding the values of index 9 into the appropriate Keys...
[2024-03-22T10:15:44.388+0000] {logging_mixin.py:188} INFO - Done Extracting...
[2024-03-22T10:15:45.098+0000] {python.py:202} INFO - Done. Returned value was: None
[2024-03-22T10:15:45.439+0000] {taskinstance.py:1149} INFO - Marking task as SUCCESS. dag_id=spotify_to_s3_data_extraction_v1, task_id=sptoify_to_csv, execution_date=20240320T212300, start_date=20240322T100613, end_date=20240322T101545
[2024-03-22T10:15:45.852+0000] {local_task_job_runner.py:234} INFO - Task exited with return code 0
[2024-03-22T10:15:46.296+0000] {taskinstance.py:3312} INFO - 1 downstream tasks scheduled from follow-on schedule check
