[2024-03-20T21:43:17.273+0000] {taskinstance.py:1979} INFO - Dependencies all met for dep_context=non-requeueable deps ti=<TaskInstance: spotify_to_s3_data_extraction_v1.sptoify_to_csv scheduled__2024-03-20T21:23:00+00:00 [queued]>
[2024-03-20T21:43:17.399+0000] {taskinstance.py:1979} INFO - Dependencies all met for dep_context=requeueable deps ti=<TaskInstance: spotify_to_s3_data_extraction_v1.sptoify_to_csv scheduled__2024-03-20T21:23:00+00:00 [queued]>
[2024-03-20T21:43:17.404+0000] {taskinstance.py:2193} INFO - Starting attempt 1 of 6
[2024-03-20T21:43:17.716+0000] {taskinstance.py:2217} INFO - Executing <Task(PythonOperator): sptoify_to_csv> on 2024-03-20 21:23:00+00:00
[2024-03-20T21:43:17.782+0000] {standard_task_runner.py:60} INFO - Started process 412 to run task
[2024-03-20T21:43:17.822+0000] {standard_task_runner.py:87} INFO - Running: ['***', 'tasks', 'run', 'spotify_to_s3_data_extraction_v1', 'sptoify_to_csv', 'scheduled__2024-03-20T21:23:00+00:00', '--job-id', '131', '--raw', '--subdir', 'DAGS_FOLDER/spotify_to_csvs_to_s3.py', '--cfg-path', '/tmp/tmpe6r7x9j9']
[2024-03-20T21:43:17.898+0000] {standard_task_runner.py:88} INFO - Job 131: Subtask sptoify_to_csv
[2024-03-20T21:43:18.731+0000] {task_command.py:423} INFO - Running <TaskInstance: spotify_to_s3_data_extraction_v1.sptoify_to_csv scheduled__2024-03-20T21:23:00+00:00 [running]> on host ca1809388db1
[2024-03-20T21:43:19.918+0000] {taskinstance.py:2513} INFO - Exporting env vars: AIRFLOW_CTX_DAG_OWNER='Nathaniel Solomon' AIRFLOW_CTX_DAG_ID='spotify_to_s3_data_extraction_v1' AIRFLOW_CTX_TASK_ID='sptoify_to_csv' AIRFLOW_CTX_EXECUTION_DATE='2024-03-20T21:23:00+00:00' AIRFLOW_CTX_TRY_NUMBER='1' AIRFLOW_CTX_DAG_RUN_ID='scheduled__2024-03-20T21:23:00+00:00'
[2024-03-20T21:43:19.932+0000] {logging_mixin.py:188} INFO - The extract function has been executed and this is data in the next line
[2024-03-20T21:43:19.937+0000] {logging_mixin.py:188} INFO - Initiating the Endpoint...
[2024-03-20T21:43:21.522+0000] {logging_mixin.py:188} INFO - Extracting other available tracks
[2024-03-20T21:43:35.441+0000] {logging_mixin.py:188} INFO - Adding the values of index 0 into the appropriate Keys...
[2024-03-20T21:43:36.707+0000] {logging_mixin.py:188} INFO - Adding the values of index 1 into the appropriate Keys...
[2024-03-20T21:43:38.068+0000] {logging_mixin.py:188} INFO - Adding the values of index 2 into the appropriate Keys...
[2024-03-20T21:43:39.616+0000] {logging_mixin.py:188} INFO - Adding the values of index 3 into the appropriate Keys...
[2024-03-20T21:43:41.277+0000] {logging_mixin.py:188} INFO - Adding the values of index 4 into the appropriate Keys...
[2024-03-20T21:43:42.730+0000] {logging_mixin.py:188} INFO - Adding the values of index 5 into the appropriate Keys...
[2024-03-20T21:43:44.279+0000] {logging_mixin.py:188} INFO - Adding the values of index 6 into the appropriate Keys...
[2024-03-20T21:43:45.219+0000] {logging_mixin.py:188} INFO - Adding the values of index 7 into the appropriate Keys...
[2024-03-20T21:43:46.247+0000] {logging_mixin.py:188} INFO - Adding the values of index 8 into the appropriate Keys...
[2024-03-20T21:43:48.215+0000] {logging_mixin.py:188} INFO - Adding the values of index 9 into the appropriate Keys...
[2024-03-20T21:43:49.266+0000] {logging_mixin.py:188} INFO - Done Extracting...
[2024-03-20T21:43:49.450+0000] {python.py:202} INFO - Done. Returned value was: None
[2024-03-20T21:43:49.562+0000] {taskinstance.py:1149} INFO - Marking task as SUCCESS. dag_id=spotify_to_s3_data_extraction_v1, task_id=sptoify_to_csv, execution_date=20240320T212300, start_date=20240320T214317, end_date=20240320T214349
[2024-03-20T21:43:49.676+0000] {local_task_job_runner.py:234} INFO - Task exited with return code 0
[2024-03-20T21:43:49.759+0000] {taskinstance.py:3312} INFO - 1 downstream tasks scheduled from follow-on schedule check
