[2024-03-22T10:21:36.955+0000] {taskinstance.py:1979} INFO - Dependencies all met for dep_context=non-requeueable deps ti=<TaskInstance: spotify_to_s3_data_extraction_v1.sptoify_to_csv scheduled__2024-03-21T04:45:00+00:00 [queued]>
[2024-03-22T10:21:36.978+0000] {taskinstance.py:1979} INFO - Dependencies all met for dep_context=requeueable deps ti=<TaskInstance: spotify_to_s3_data_extraction_v1.sptoify_to_csv scheduled__2024-03-21T04:45:00+00:00 [queued]>
[2024-03-22T10:21:37.006+0000] {taskinstance.py:2193} INFO - Starting attempt 2 of 7
[2024-03-22T10:21:37.047+0000] {taskinstance.py:2217} INFO - Executing <Task(PythonOperator): sptoify_to_csv> on 2024-03-21 04:45:00+00:00
[2024-03-22T10:21:37.062+0000] {standard_task_runner.py:60} INFO - Started process 5669 to run task
[2024-03-22T10:21:37.070+0000] {standard_task_runner.py:87} INFO - Running: ['***', 'tasks', 'run', 'spotify_to_s3_data_extraction_v1', 'sptoify_to_csv', 'scheduled__2024-03-21T04:45:00+00:00', '--job-id', '1184', '--raw', '--subdir', 'DAGS_FOLDER/spotify_to_csvs_to_s3.py', '--cfg-path', '/tmp/tmpxpief25m']
[2024-03-22T10:21:37.076+0000] {standard_task_runner.py:88} INFO - Job 1184: Subtask sptoify_to_csv
[2024-03-22T10:21:37.213+0000] {task_command.py:423} INFO - Running <TaskInstance: spotify_to_s3_data_extraction_v1.sptoify_to_csv scheduled__2024-03-21T04:45:00+00:00 [running]> on host ca1809388db1
[2024-03-22T10:21:37.384+0000] {taskinstance.py:2513} INFO - Exporting env vars: AIRFLOW_CTX_DAG_OWNER='Nathaniel Solomon' AIRFLOW_CTX_DAG_ID='spotify_to_s3_data_extraction_v1' AIRFLOW_CTX_TASK_ID='sptoify_to_csv' AIRFLOW_CTX_EXECUTION_DATE='2024-03-21T04:45:00+00:00' AIRFLOW_CTX_TRY_NUMBER='2' AIRFLOW_CTX_DAG_RUN_ID='scheduled__2024-03-21T04:45:00+00:00'
[2024-03-22T10:21:37.387+0000] {logging_mixin.py:188} INFO - The extract function has been executed and this is data in the next line
[2024-03-22T10:21:37.389+0000] {logging_mixin.py:188} INFO - Initiating the Endpoint...
[2024-03-22T10:21:40.630+0000] {logging_mixin.py:188} INFO - Extracting other available tracks
[2024-03-22T10:21:59.955+0000] {logging_mixin.py:188} INFO - Adding the values of index 0 into the appropriate Keys...
[2024-03-22T10:22:10.619+0000] {logging_mixin.py:188} INFO - Adding the values of index 1 into the appropriate Keys...
[2024-03-22T10:22:11.498+0000] {logging_mixin.py:188} INFO - Adding the values of index 2 into the appropriate Keys...
[2024-03-22T10:22:20.788+0000] {logging_mixin.py:188} INFO - Adding the values of index 3 into the appropriate Keys...
[2024-03-22T10:22:21.752+0000] {logging_mixin.py:188} INFO - Adding the values of index 4 into the appropriate Keys...
[2024-03-22T10:22:22.612+0000] {logging_mixin.py:188} INFO - Adding the values of index 5 into the appropriate Keys...
[2024-03-22T10:22:23.425+0000] {logging_mixin.py:188} INFO - Adding the values of index 6 into the appropriate Keys...
[2024-03-22T10:22:24.688+0000] {logging_mixin.py:188} INFO - Adding the values of index 7 into the appropriate Keys...
[2024-03-22T10:22:25.635+0000] {logging_mixin.py:188} INFO - Adding the values of index 8 into the appropriate Keys...
[2024-03-22T10:22:26.759+0000] {logging_mixin.py:188} INFO - Adding the values of index 9 into the appropriate Keys...
[2024-03-22T10:22:32.085+0000] {logging_mixin.py:188} INFO - Done Extracting...
[2024-03-22T10:22:32.121+0000] {python.py:202} INFO - Done. Returned value was: None
[2024-03-22T10:22:32.157+0000] {taskinstance.py:1149} INFO - Marking task as SUCCESS. dag_id=spotify_to_s3_data_extraction_v1, task_id=sptoify_to_csv, execution_date=20240321T044500, start_date=20240322T102136, end_date=20240322T102232
[2024-03-22T10:22:32.240+0000] {local_task_job_runner.py:234} INFO - Task exited with return code 0
[2024-03-22T10:22:32.356+0000] {taskinstance.py:3312} INFO - 1 downstream tasks scheduled from follow-on schedule check
