[2024-03-24T07:53:30.514+0000] {taskinstance.py:1979} INFO - Dependencies all met for dep_context=non-requeueable deps ti=<TaskInstance: spotify_to_s3_data_extraction_vError_x64.sptoify_to_csv scheduled__2024-03-23T00:00:00+00:00 [queued]>
[2024-03-24T07:53:30.523+0000] {taskinstance.py:1979} INFO - Dependencies all met for dep_context=requeueable deps ti=<TaskInstance: spotify_to_s3_data_extraction_vError_x64.sptoify_to_csv scheduled__2024-03-23T00:00:00+00:00 [queued]>
[2024-03-24T07:53:30.524+0000] {taskinstance.py:2193} INFO - Starting attempt 1 of 6
[2024-03-24T07:53:30.537+0000] {taskinstance.py:2217} INFO - Executing <Task(PythonOperator): sptoify_to_csv> on 2024-03-23 00:00:00+00:00
[2024-03-24T07:53:30.543+0000] {standard_task_runner.py:60} INFO - Started process 2426 to run task
[2024-03-24T07:53:30.546+0000] {standard_task_runner.py:87} INFO - Running: ['***', 'tasks', 'run', 'spotify_to_s3_data_extraction_vError_x64', 'sptoify_to_csv', 'scheduled__2024-03-23T00:00:00+00:00', '--job-id', '1382', '--raw', '--subdir', 'DAGS_FOLDER/spotify_to_csvs_to_s3.py', '--cfg-path', '/tmp/tmpyj51qiq4']
[2024-03-24T07:53:30.549+0000] {standard_task_runner.py:88} INFO - Job 1382: Subtask sptoify_to_csv
[2024-03-24T07:53:30.598+0000] {task_command.py:423} INFO - Running <TaskInstance: spotify_to_s3_data_extraction_vError_x64.sptoify_to_csv scheduled__2024-03-23T00:00:00+00:00 [running]> on host bc244bd8b198
[2024-03-24T07:53:30.669+0000] {taskinstance.py:2513} INFO - Exporting env vars: AIRFLOW_CTX_DAG_OWNER='Nathaniel Solomon' AIRFLOW_CTX_DAG_ID='spotify_to_s3_data_extraction_vError_x64' AIRFLOW_CTX_TASK_ID='sptoify_to_csv' AIRFLOW_CTX_EXECUTION_DATE='2024-03-23T00:00:00+00:00' AIRFLOW_CTX_TRY_NUMBER='1' AIRFLOW_CTX_DAG_RUN_ID='scheduled__2024-03-23T00:00:00+00:00'
[2024-03-24T07:53:30.671+0000] {logging_mixin.py:188} INFO - The extract function has been executed and this is data in the next line
[2024-03-24T07:53:30.672+0000] {logging_mixin.py:188} INFO - Initiating the Endpoint...
[2024-03-24T07:53:31.634+0000] {logging_mixin.py:188} INFO - Extracting other available tracks
[2024-03-24T07:53:43.624+0000] {logging_mixin.py:188} INFO - Adding the values of index 0 into the appropriate Keys...
[2024-03-24T07:53:44.807+0000] {logging_mixin.py:188} INFO - Adding the values of index 1 into the appropriate Keys...
[2024-03-24T07:53:45.977+0000] {logging_mixin.py:188} INFO - Adding the values of index 2 into the appropriate Keys...
[2024-03-24T07:53:47.056+0000] {logging_mixin.py:188} INFO - Adding the values of index 3 into the appropriate Keys...
[2024-03-24T07:53:48.341+0000] {logging_mixin.py:188} INFO - Adding the values of index 4 into the appropriate Keys...
[2024-03-24T07:53:49.490+0000] {logging_mixin.py:188} INFO - Adding the values of index 5 into the appropriate Keys...
[2024-03-24T07:53:50.842+0000] {logging_mixin.py:188} INFO - Adding the values of index 6 into the appropriate Keys...
[2024-03-24T07:53:51.950+0000] {logging_mixin.py:188} INFO - Adding the values of index 7 into the appropriate Keys...
[2024-03-24T07:53:53.110+0000] {logging_mixin.py:188} INFO - Adding the values of index 8 into the appropriate Keys...
[2024-03-24T07:53:54.244+0000] {logging_mixin.py:188} INFO - Adding the values of index 9 into the appropriate Keys...
[2024-03-24T07:53:55.431+0000] {logging_mixin.py:188} INFO - Done Extracting...
[2024-03-24T07:53:55.444+0000] {python.py:202} INFO - Done. Returned value was: None
[2024-03-24T07:53:55.454+0000] {taskinstance.py:1149} INFO - Marking task as SUCCESS. dag_id=spotify_to_s3_data_extraction_vError_x64, task_id=sptoify_to_csv, execution_date=20240323T000000, start_date=20240324T075330, end_date=20240324T075355
[2024-03-24T07:53:55.510+0000] {local_task_job_runner.py:234} INFO - Task exited with return code 0
[2024-03-24T07:53:55.531+0000] {taskinstance.py:3312} INFO - 1 downstream tasks scheduled from follow-on schedule check
