[2024-03-20T21:57:32.188+0000] {taskinstance.py:1979} INFO - Dependencies all met for dep_context=non-requeueable deps ti=<TaskInstance: spotify_to_s3_data_extraction_v1.sptoify_to_csv scheduled__2024-03-20T21:56:00+00:00 [queued]>
[2024-03-20T21:57:32.233+0000] {taskinstance.py:1979} INFO - Dependencies all met for dep_context=requeueable deps ti=<TaskInstance: spotify_to_s3_data_extraction_v1.sptoify_to_csv scheduled__2024-03-20T21:56:00+00:00 [queued]>
[2024-03-20T21:57:32.253+0000] {taskinstance.py:2193} INFO - Starting attempt 1 of 6
[2024-03-20T21:57:32.448+0000] {taskinstance.py:2217} INFO - Executing <Task(PythonOperator): sptoify_to_csv> on 2024-03-20 21:56:00+00:00
[2024-03-20T21:57:32.525+0000] {standard_task_runner.py:60} INFO - Started process 635 to run task
[2024-03-20T21:57:32.529+0000] {standard_task_runner.py:87} INFO - Running: ['***', 'tasks', 'run', 'spotify_to_s3_data_extraction_v1', 'sptoify_to_csv', 'scheduled__2024-03-20T21:56:00+00:00', '--job-id', '160', '--raw', '--subdir', 'DAGS_FOLDER/spotify_to_csvs_to_s3.py', '--cfg-path', '/tmp/tmpvwcojaqv']
[2024-03-20T21:57:32.545+0000] {standard_task_runner.py:88} INFO - Job 160: Subtask sptoify_to_csv
[2024-03-20T21:57:32.946+0000] {task_command.py:423} INFO - Running <TaskInstance: spotify_to_s3_data_extraction_v1.sptoify_to_csv scheduled__2024-03-20T21:56:00+00:00 [running]> on host ca1809388db1
[2024-03-20T21:57:33.723+0000] {taskinstance.py:2513} INFO - Exporting env vars: AIRFLOW_CTX_DAG_OWNER='Nathaniel Solomon' AIRFLOW_CTX_DAG_ID='spotify_to_s3_data_extraction_v1' AIRFLOW_CTX_TASK_ID='sptoify_to_csv' AIRFLOW_CTX_EXECUTION_DATE='2024-03-20T21:56:00+00:00' AIRFLOW_CTX_TRY_NUMBER='1' AIRFLOW_CTX_DAG_RUN_ID='scheduled__2024-03-20T21:56:00+00:00'
[2024-03-20T21:57:33.735+0000] {logging_mixin.py:188} INFO - The extract function has been executed and this is data in the next line
[2024-03-20T21:57:33.739+0000] {logging_mixin.py:188} INFO - Initiating the Endpoint...
[2024-03-20T21:57:35.429+0000] {logging_mixin.py:188} INFO - Extracting other available tracks
[2024-03-20T21:57:45.053+0000] {logging_mixin.py:188} INFO - Adding the values of index 0 into the appropriate Keys...
[2024-03-20T21:57:46.028+0000] {logging_mixin.py:188} INFO - Adding the values of index 1 into the appropriate Keys...
[2024-03-20T21:57:47.003+0000] {logging_mixin.py:188} INFO - Adding the values of index 2 into the appropriate Keys...
[2024-03-20T21:57:48.034+0000] {logging_mixin.py:188} INFO - Adding the values of index 3 into the appropriate Keys...
[2024-03-20T21:57:49.070+0000] {logging_mixin.py:188} INFO - Adding the values of index 4 into the appropriate Keys...
[2024-03-20T21:57:50.307+0000] {logging_mixin.py:188} INFO - Adding the values of index 5 into the appropriate Keys...
[2024-03-20T21:57:51.497+0000] {logging_mixin.py:188} INFO - Adding the values of index 6 into the appropriate Keys...
[2024-03-20T21:57:52.469+0000] {logging_mixin.py:188} INFO - Adding the values of index 7 into the appropriate Keys...
[2024-03-20T21:57:53.498+0000] {logging_mixin.py:188} INFO - Adding the values of index 8 into the appropriate Keys...
[2024-03-20T21:57:55.427+0000] {logging_mixin.py:188} INFO - Adding the values of index 9 into the appropriate Keys...
[2024-03-20T21:57:56.588+0000] {logging_mixin.py:188} INFO - Done Extracting...
[2024-03-20T21:57:56.684+0000] {python.py:202} INFO - Done. Returned value was: None
[2024-03-20T21:57:56.721+0000] {taskinstance.py:1149} INFO - Marking task as SUCCESS. dag_id=spotify_to_s3_data_extraction_v1, task_id=sptoify_to_csv, execution_date=20240320T215600, start_date=20240320T215732, end_date=20240320T215756
[2024-03-20T21:57:56.828+0000] {local_task_job_runner.py:234} INFO - Task exited with return code 0
[2024-03-20T21:57:56.966+0000] {taskinstance.py:3312} INFO - 1 downstream tasks scheduled from follow-on schedule check
