[2024-03-22T10:15:58.019+0000] {taskinstance.py:1979} INFO - Dependencies all met for dep_context=non-requeueable deps ti=<TaskInstance: spotify_to_s3_data_extraction_v1.sptoify_to_csv scheduled__2024-03-20T21:55:00+00:00 [queued]>
[2024-03-22T10:15:58.063+0000] {taskinstance.py:1979} INFO - Dependencies all met for dep_context=requeueable deps ti=<TaskInstance: spotify_to_s3_data_extraction_v1.sptoify_to_csv scheduled__2024-03-20T21:55:00+00:00 [queued]>
[2024-03-22T10:15:58.065+0000] {taskinstance.py:2193} INFO - Starting attempt 2 of 7
[2024-03-22T10:15:58.152+0000] {taskinstance.py:2217} INFO - Executing <Task(PythonOperator): sptoify_to_csv> on 2024-03-20 21:55:00+00:00
[2024-03-22T10:15:58.179+0000] {standard_task_runner.py:60} INFO - Started process 5132 to run task
[2024-03-22T10:15:58.198+0000] {standard_task_runner.py:87} INFO - Running: ['***', 'tasks', 'run', 'spotify_to_s3_data_extraction_v1', 'sptoify_to_csv', 'scheduled__2024-03-20T21:55:00+00:00', '--job-id', '1021', '--raw', '--subdir', 'DAGS_FOLDER/spotify_to_csvs_to_s3.py', '--cfg-path', '/tmp/tmpidkn5c26']
[2024-03-22T10:15:58.216+0000] {standard_task_runner.py:88} INFO - Job 1021: Subtask sptoify_to_csv
[2024-03-22T10:15:58.536+0000] {task_command.py:423} INFO - Running <TaskInstance: spotify_to_s3_data_extraction_v1.sptoify_to_csv scheduled__2024-03-20T21:55:00+00:00 [running]> on host ca1809388db1
[2024-03-22T10:15:58.778+0000] {taskinstance.py:2513} INFO - Exporting env vars: AIRFLOW_CTX_DAG_OWNER='Nathaniel Solomon' AIRFLOW_CTX_DAG_ID='spotify_to_s3_data_extraction_v1' AIRFLOW_CTX_TASK_ID='sptoify_to_csv' AIRFLOW_CTX_EXECUTION_DATE='2024-03-20T21:55:00+00:00' AIRFLOW_CTX_TRY_NUMBER='2' AIRFLOW_CTX_DAG_RUN_ID='scheduled__2024-03-20T21:55:00+00:00'
[2024-03-22T10:15:58.791+0000] {logging_mixin.py:188} INFO - The extract function has been executed and this is data in the next line
[2024-03-22T10:15:58.802+0000] {logging_mixin.py:188} INFO - Initiating the Endpoint...
[2024-03-22T10:15:59.398+0000] {logging_mixin.py:188} INFO - Extracting other available tracks
[2024-03-22T10:16:13.799+0000] {logging_mixin.py:188} INFO - Adding the values of index 0 into the appropriate Keys...
[2024-03-22T10:16:22.522+0000] {logging_mixin.py:188} INFO - Adding the values of index 1 into the appropriate Keys...
[2024-03-22T10:16:30.896+0000] {logging_mixin.py:188} INFO - Adding the values of index 2 into the appropriate Keys...
[2024-03-22T10:16:31.898+0000] {logging_mixin.py:188} INFO - Adding the values of index 3 into the appropriate Keys...
[2024-03-22T10:16:32.938+0000] {logging_mixin.py:188} INFO - Adding the values of index 4 into the appropriate Keys...
[2024-03-22T10:16:33.967+0000] {logging_mixin.py:188} INFO - Adding the values of index 5 into the appropriate Keys...
[2024-03-22T10:16:41.126+0000] {logging_mixin.py:188} INFO - Adding the values of index 6 into the appropriate Keys...
[2024-03-22T10:16:42.496+0000] {logging_mixin.py:188} INFO - Adding the values of index 7 into the appropriate Keys...
[2024-03-22T10:16:43.736+0000] {logging_mixin.py:188} INFO - Adding the values of index 8 into the appropriate Keys...
[2024-03-22T10:16:51.077+0000] {logging_mixin.py:188} INFO - Adding the values of index 9 into the appropriate Keys...
[2024-03-22T10:17:01.244+0000] {logging_mixin.py:188} INFO - Done Extracting...
[2024-03-22T10:17:01.270+0000] {python.py:202} INFO - Done. Returned value was: None
[2024-03-22T10:17:01.292+0000] {taskinstance.py:1149} INFO - Marking task as SUCCESS. dag_id=spotify_to_s3_data_extraction_v1, task_id=sptoify_to_csv, execution_date=20240320T215500, start_date=20240322T101558, end_date=20240322T101701
[2024-03-22T10:17:01.548+0000] {local_task_job_runner.py:234} INFO - Task exited with return code 0
[2024-03-22T10:17:01.593+0000] {taskinstance.py:3312} INFO - 1 downstream tasks scheduled from follow-on schedule check
