[2024-03-20T21:57:04.427+0000] {taskinstance.py:1979} INFO - Dependencies all met for dep_context=non-requeueable deps ti=<TaskInstance: spotify_to_s3_data_extraction_v1.sptoify_to_csv scheduled__2024-03-20T21:55:00+00:00 [queued]>
[2024-03-20T21:57:04.496+0000] {taskinstance.py:1979} INFO - Dependencies all met for dep_context=requeueable deps ti=<TaskInstance: spotify_to_s3_data_extraction_v1.sptoify_to_csv scheduled__2024-03-20T21:55:00+00:00 [queued]>
[2024-03-20T21:57:04.502+0000] {taskinstance.py:2193} INFO - Starting attempt 1 of 6
[2024-03-20T21:57:05.198+0000] {taskinstance.py:2217} INFO - Executing <Task(PythonOperator): sptoify_to_csv> on 2024-03-20 21:55:00+00:00
[2024-03-20T21:57:05.251+0000] {standard_task_runner.py:60} INFO - Started process 624 to run task
[2024-03-20T21:57:05.579+0000] {standard_task_runner.py:87} INFO - Running: ['***', 'tasks', 'run', 'spotify_to_s3_data_extraction_v1', 'sptoify_to_csv', 'scheduled__2024-03-20T21:55:00+00:00', '--job-id', '158', '--raw', '--subdir', 'DAGS_FOLDER/spotify_to_csvs_to_s3.py', '--cfg-path', '/tmp/tmp92986s_b']
[2024-03-20T21:57:05.701+0000] {standard_task_runner.py:88} INFO - Job 158: Subtask sptoify_to_csv
[2024-03-20T21:57:06.584+0000] {task_command.py:423} INFO - Running <TaskInstance: spotify_to_s3_data_extraction_v1.sptoify_to_csv scheduled__2024-03-20T21:55:00+00:00 [running]> on host ca1809388db1
[2024-03-20T21:57:07.251+0000] {taskinstance.py:2513} INFO - Exporting env vars: AIRFLOW_CTX_DAG_OWNER='Nathaniel Solomon' AIRFLOW_CTX_DAG_ID='spotify_to_s3_data_extraction_v1' AIRFLOW_CTX_TASK_ID='sptoify_to_csv' AIRFLOW_CTX_EXECUTION_DATE='2024-03-20T21:55:00+00:00' AIRFLOW_CTX_TRY_NUMBER='1' AIRFLOW_CTX_DAG_RUN_ID='scheduled__2024-03-20T21:55:00+00:00'
[2024-03-20T21:57:07.256+0000] {logging_mixin.py:188} INFO - The extract function has been executed and this is data in the next line
[2024-03-20T21:57:07.436+0000] {logging_mixin.py:188} INFO - Initiating the Endpoint...
[2024-03-20T21:57:09.407+0000] {logging_mixin.py:188} INFO - Extracting other available tracks
[2024-03-20T21:57:19.703+0000] {logging_mixin.py:188} INFO - Adding the values of index 0 into the appropriate Keys...
[2024-03-20T21:57:20.736+0000] {logging_mixin.py:188} INFO - Adding the values of index 1 into the appropriate Keys...
[2024-03-20T21:57:21.735+0000] {logging_mixin.py:188} INFO - Adding the values of index 2 into the appropriate Keys...
[2024-03-20T21:57:22.911+0000] {logging_mixin.py:188} INFO - Adding the values of index 3 into the appropriate Keys...
[2024-03-20T21:57:24.136+0000] {logging_mixin.py:188} INFO - Adding the values of index 4 into the appropriate Keys...
[2024-03-20T21:57:25.954+0000] {logging_mixin.py:188} INFO - Adding the values of index 5 into the appropriate Keys...
[2024-03-20T21:57:27.472+0000] {logging_mixin.py:188} INFO - Adding the values of index 6 into the appropriate Keys...
[2024-03-20T21:57:28.505+0000] {logging_mixin.py:188} INFO - Adding the values of index 7 into the appropriate Keys...
[2024-03-20T21:57:29.798+0000] {logging_mixin.py:188} INFO - Adding the values of index 8 into the appropriate Keys...
[2024-03-20T21:57:31.734+0000] {logging_mixin.py:188} INFO - Adding the values of index 9 into the appropriate Keys...
[2024-03-20T21:57:32.722+0000] {logging_mixin.py:188} INFO - Done Extracting...
[2024-03-20T21:57:32.773+0000] {python.py:202} INFO - Done. Returned value was: None
[2024-03-20T21:57:32.816+0000] {taskinstance.py:1149} INFO - Marking task as SUCCESS. dag_id=spotify_to_s3_data_extraction_v1, task_id=sptoify_to_csv, execution_date=20240320T215500, start_date=20240320T215704, end_date=20240320T215732
[2024-03-20T21:57:32.937+0000] {local_task_job_runner.py:234} INFO - Task exited with return code 0
[2024-03-20T21:57:33.215+0000] {taskinstance.py:3312} INFO - 1 downstream tasks scheduled from follow-on schedule check
