[2024-03-22T09:05:49.196+0000] {taskinstance.py:1979} INFO - Dependencies all met for dep_context=non-requeueable deps ti=<TaskInstance: spotify_to_s3_data_extraction_v1.sptoify_to_csv scheduled__2024-03-20T21:16:00+00:00 [queued]>
[2024-03-22T09:05:49.227+0000] {taskinstance.py:1979} INFO - Dependencies all met for dep_context=requeueable deps ti=<TaskInstance: spotify_to_s3_data_extraction_v1.sptoify_to_csv scheduled__2024-03-20T21:16:00+00:00 [queued]>
[2024-03-22T09:05:49.239+0000] {taskinstance.py:2193} INFO - Starting attempt 3 of 6
[2024-03-22T09:05:49.290+0000] {taskinstance.py:2217} INFO - Executing <Task(PythonOperator): sptoify_to_csv> on 2024-03-20 21:16:00+00:00
[2024-03-22T09:05:49.306+0000] {standard_task_runner.py:60} INFO - Started process 4774 to run task
[2024-03-22T09:05:49.314+0000] {standard_task_runner.py:87} INFO - Running: ['***', 'tasks', 'run', 'spotify_to_s3_data_extraction_v1', 'sptoify_to_csv', 'scheduled__2024-03-20T21:16:00+00:00', '--job-id', '939', '--raw', '--subdir', 'DAGS_FOLDER/spotify_to_csvs_to_s3.py', '--cfg-path', '/tmp/tmpchdbuvpq']
[2024-03-22T09:05:49.321+0000] {standard_task_runner.py:88} INFO - Job 939: Subtask sptoify_to_csv
[2024-03-22T09:05:49.508+0000] {task_command.py:423} INFO - Running <TaskInstance: spotify_to_s3_data_extraction_v1.sptoify_to_csv scheduled__2024-03-20T21:16:00+00:00 [running]> on host ca1809388db1
[2024-03-22T09:05:49.735+0000] {taskinstance.py:2513} INFO - Exporting env vars: AIRFLOW_CTX_DAG_OWNER='Nathaniel Solomon' AIRFLOW_CTX_DAG_ID='spotify_to_s3_data_extraction_v1' AIRFLOW_CTX_TASK_ID='sptoify_to_csv' AIRFLOW_CTX_EXECUTION_DATE='2024-03-20T21:16:00+00:00' AIRFLOW_CTX_TRY_NUMBER='3' AIRFLOW_CTX_DAG_RUN_ID='scheduled__2024-03-20T21:16:00+00:00'
[2024-03-22T09:05:49.738+0000] {logging_mixin.py:188} INFO - The extract function has been executed and this is data in the next line
[2024-03-22T09:05:49.740+0000] {logging_mixin.py:188} INFO - Initiating the Endpoint...
[2024-03-22T09:05:52.244+0000] {logging_mixin.py:188} INFO - Extracting other available tracks
[2024-03-22T09:06:04.861+0000] {logging_mixin.py:188} INFO - Adding the values of index 0 into the appropriate Keys...
[2024-03-22T09:06:06.188+0000] {logging_mixin.py:188} INFO - Adding the values of index 1 into the appropriate Keys...
[2024-03-22T09:06:07.435+0000] {logging_mixin.py:188} INFO - Adding the values of index 2 into the appropriate Keys...
[2024-03-22T09:06:08.806+0000] {logging_mixin.py:188} INFO - Adding the values of index 3 into the appropriate Keys...
[2024-03-22T09:06:10.166+0000] {logging_mixin.py:188} INFO - Adding the values of index 4 into the appropriate Keys...
[2024-03-22T09:06:11.741+0000] {logging_mixin.py:188} INFO - Adding the values of index 5 into the appropriate Keys...
[2024-03-22T09:06:13.291+0000] {logging_mixin.py:188} INFO - Adding the values of index 6 into the appropriate Keys...
[2024-03-22T09:06:16.983+0000] {logging_mixin.py:188} INFO - Adding the values of index 7 into the appropriate Keys...
[2024-03-22T09:06:18.254+0000] {logging_mixin.py:188} INFO - Adding the values of index 8 into the appropriate Keys...
[2024-03-22T09:06:27.762+0000] {logging_mixin.py:188} INFO - Adding the values of index 9 into the appropriate Keys...
[2024-03-22T09:06:29.335+0000] {logging_mixin.py:188} INFO - Done Extracting...
[2024-03-22T09:06:29.372+0000] {python.py:202} INFO - Done. Returned value was: None
[2024-03-22T09:06:29.399+0000] {taskinstance.py:1149} INFO - Marking task as SUCCESS. dag_id=spotify_to_s3_data_extraction_v1, task_id=sptoify_to_csv, execution_date=20240320T211600, start_date=20240322T090549, end_date=20240322T090629
[2024-03-22T09:06:29.470+0000] {local_task_job_runner.py:234} INFO - Task exited with return code 0
[2024-03-22T09:06:29.556+0000] {taskinstance.py:3312} INFO - 1 downstream tasks scheduled from follow-on schedule check
