[2024-03-21T05:06:48.100+0000] {taskinstance.py:1979} INFO - Dependencies all met for dep_context=non-requeueable deps ti=<TaskInstance: spotify_to_s3_data_extraction_v1.sptoify_to_csv scheduled__2024-03-21T04:51:00+00:00 [queued]>
[2024-03-21T05:06:48.183+0000] {taskinstance.py:1979} INFO - Dependencies all met for dep_context=requeueable deps ti=<TaskInstance: spotify_to_s3_data_extraction_v1.sptoify_to_csv scheduled__2024-03-21T04:51:00+00:00 [queued]>
[2024-03-21T05:06:48.201+0000] {taskinstance.py:2193} INFO - Starting attempt 1 of 6
[2024-03-21T05:06:48.721+0000] {taskinstance.py:2217} INFO - Executing <Task(PythonOperator): sptoify_to_csv> on 2024-03-21 04:51:00+00:00
[2024-03-21T05:06:48.806+0000] {standard_task_runner.py:60} INFO - Started process 1915 to run task
[2024-03-21T05:06:48.885+0000] {standard_task_runner.py:87} INFO - Running: ['***', 'tasks', 'run', 'spotify_to_s3_data_extraction_v1', 'sptoify_to_csv', 'scheduled__2024-03-21T04:51:00+00:00', '--job-id', '354', '--raw', '--subdir', 'DAGS_FOLDER/spotify_to_csvs_to_s3.py', '--cfg-path', '/tmp/tmpi_h2af7r']
[2024-03-21T05:06:48.996+0000] {standard_task_runner.py:88} INFO - Job 354: Subtask sptoify_to_csv
[2024-03-21T05:06:49.436+0000] {task_command.py:423} INFO - Running <TaskInstance: spotify_to_s3_data_extraction_v1.sptoify_to_csv scheduled__2024-03-21T04:51:00+00:00 [running]> on host ca1809388db1
[2024-03-21T05:06:49.729+0000] {taskinstance.py:2513} INFO - Exporting env vars: AIRFLOW_CTX_DAG_OWNER='Nathaniel Solomon' AIRFLOW_CTX_DAG_ID='spotify_to_s3_data_extraction_v1' AIRFLOW_CTX_TASK_ID='sptoify_to_csv' AIRFLOW_CTX_EXECUTION_DATE='2024-03-21T04:51:00+00:00' AIRFLOW_CTX_TRY_NUMBER='1' AIRFLOW_CTX_DAG_RUN_ID='scheduled__2024-03-21T04:51:00+00:00'
[2024-03-21T05:06:49.732+0000] {logging_mixin.py:188} INFO - The extract function has been executed and this is data in the next line
[2024-03-21T05:06:49.734+0000] {logging_mixin.py:188} INFO - Initiating the Endpoint...
[2024-03-21T05:06:50.889+0000] {logging_mixin.py:188} INFO - Extracting other available tracks
[2024-03-21T05:06:58.829+0000] {logging_mixin.py:188} INFO - Adding the values of index 0 into the appropriate Keys...
[2024-03-21T05:07:00.329+0000] {logging_mixin.py:188} INFO - Adding the values of index 1 into the appropriate Keys...
[2024-03-21T05:07:01.564+0000] {logging_mixin.py:188} INFO - Adding the values of index 2 into the appropriate Keys...
[2024-03-21T05:07:02.795+0000] {logging_mixin.py:188} INFO - Adding the values of index 3 into the appropriate Keys...
[2024-03-21T05:07:04.051+0000] {logging_mixin.py:188} INFO - Adding the values of index 4 into the appropriate Keys...
[2024-03-21T05:07:05.406+0000] {logging_mixin.py:188} INFO - Adding the values of index 5 into the appropriate Keys...
[2024-03-21T05:07:06.725+0000] {logging_mixin.py:188} INFO - Adding the values of index 6 into the appropriate Keys...
[2024-03-21T05:07:08.150+0000] {logging_mixin.py:188} INFO - Adding the values of index 7 into the appropriate Keys...
[2024-03-21T05:07:09.536+0000] {logging_mixin.py:188} INFO - Adding the values of index 8 into the appropriate Keys...
[2024-03-21T05:07:10.843+0000] {logging_mixin.py:188} INFO - Adding the values of index 9 into the appropriate Keys...
[2024-03-21T05:07:12.166+0000] {logging_mixin.py:188} INFO - Done Extracting...
[2024-03-21T05:07:12.381+0000] {python.py:202} INFO - Done. Returned value was: None
[2024-03-21T05:07:12.603+0000] {taskinstance.py:1149} INFO - Marking task as SUCCESS. dag_id=spotify_to_s3_data_extraction_v1, task_id=sptoify_to_csv, execution_date=20240321T045100, start_date=20240321T050648, end_date=20240321T050712
[2024-03-21T05:07:12.969+0000] {local_task_job_runner.py:234} INFO - Task exited with return code 0
[2024-03-21T05:07:13.636+0000] {taskinstance.py:3312} INFO - 1 downstream tasks scheduled from follow-on schedule check
