[2024-03-20T21:48:03.934+0000] {taskinstance.py:1979} INFO - Dependencies all met for dep_context=non-requeueable deps ti=<TaskInstance: spotify_to_s3_data_extraction_v1.sptoify_to_csv scheduled__2024-03-20T21:47:00+00:00 [queued]>
[2024-03-20T21:48:03.957+0000] {taskinstance.py:1979} INFO - Dependencies all met for dep_context=requeueable deps ti=<TaskInstance: spotify_to_s3_data_extraction_v1.sptoify_to_csv scheduled__2024-03-20T21:47:00+00:00 [queued]>
[2024-03-20T21:48:03.958+0000] {taskinstance.py:2193} INFO - Starting attempt 1 of 6
[2024-03-20T21:48:04.058+0000] {taskinstance.py:2217} INFO - Executing <Task(PythonOperator): sptoify_to_csv> on 2024-03-20 21:47:00+00:00
[2024-03-20T21:48:04.075+0000] {standard_task_runner.py:60} INFO - Started process 507 to run task
[2024-03-20T21:48:04.101+0000] {standard_task_runner.py:87} INFO - Running: ['***', 'tasks', 'run', 'spotify_to_s3_data_extraction_v1', 'sptoify_to_csv', 'scheduled__2024-03-20T21:47:00+00:00', '--job-id', '145', '--raw', '--subdir', 'DAGS_FOLDER/spotify_to_csvs_to_s3.py', '--cfg-path', '/tmp/tmp2iu4q2na']
[2024-03-20T21:48:04.110+0000] {standard_task_runner.py:88} INFO - Job 145: Subtask sptoify_to_csv
[2024-03-20T21:48:04.249+0000] {task_command.py:423} INFO - Running <TaskInstance: spotify_to_s3_data_extraction_v1.sptoify_to_csv scheduled__2024-03-20T21:47:00+00:00 [running]> on host ca1809388db1
[2024-03-20T21:48:04.437+0000] {taskinstance.py:2513} INFO - Exporting env vars: AIRFLOW_CTX_DAG_OWNER='Nathaniel Solomon' AIRFLOW_CTX_DAG_ID='spotify_to_s3_data_extraction_v1' AIRFLOW_CTX_TASK_ID='sptoify_to_csv' AIRFLOW_CTX_EXECUTION_DATE='2024-03-20T21:47:00+00:00' AIRFLOW_CTX_TRY_NUMBER='1' AIRFLOW_CTX_DAG_RUN_ID='scheduled__2024-03-20T21:47:00+00:00'
[2024-03-20T21:48:04.442+0000] {logging_mixin.py:188} INFO - The extract function has been executed and this is data in the next line
[2024-03-20T21:48:04.443+0000] {logging_mixin.py:188} INFO - Initiating the Endpoint...
[2024-03-20T21:48:05.507+0000] {logging_mixin.py:188} INFO - Extracting other available tracks
[2024-03-20T21:48:15.468+0000] {logging_mixin.py:188} INFO - Adding the values of index 0 into the appropriate Keys...
[2024-03-20T21:48:16.429+0000] {logging_mixin.py:188} INFO - Adding the values of index 1 into the appropriate Keys...
[2024-03-20T21:48:17.487+0000] {logging_mixin.py:188} INFO - Adding the values of index 2 into the appropriate Keys...
[2024-03-20T21:48:18.533+0000] {logging_mixin.py:188} INFO - Adding the values of index 3 into the appropriate Keys...
[2024-03-20T21:48:19.508+0000] {logging_mixin.py:188} INFO - Adding the values of index 4 into the appropriate Keys...
[2024-03-20T21:48:20.663+0000] {logging_mixin.py:188} INFO - Adding the values of index 5 into the appropriate Keys...
[2024-03-20T21:48:21.926+0000] {logging_mixin.py:188} INFO - Adding the values of index 6 into the appropriate Keys...
[2024-03-20T21:48:22.991+0000] {logging_mixin.py:188} INFO - Adding the values of index 7 into the appropriate Keys...
[2024-03-20T21:48:23.937+0000] {logging_mixin.py:188} INFO - Adding the values of index 8 into the appropriate Keys...
[2024-03-20T21:48:25.554+0000] {logging_mixin.py:188} INFO - Adding the values of index 9 into the appropriate Keys...
[2024-03-20T21:48:26.585+0000] {logging_mixin.py:188} INFO - Done Extracting...
[2024-03-20T21:48:26.608+0000] {python.py:202} INFO - Done. Returned value was: None
[2024-03-20T21:48:26.627+0000] {taskinstance.py:1149} INFO - Marking task as SUCCESS. dag_id=spotify_to_s3_data_extraction_v1, task_id=sptoify_to_csv, execution_date=20240320T214700, start_date=20240320T214803, end_date=20240320T214826
[2024-03-20T21:48:26.681+0000] {local_task_job_runner.py:234} INFO - Task exited with return code 0
[2024-03-20T21:48:26.732+0000] {taskinstance.py:3312} INFO - 1 downstream tasks scheduled from follow-on schedule check
