[2024-03-22T10:21:33.523+0000] {taskinstance.py:1979} INFO - Dependencies all met for dep_context=non-requeueable deps ti=<TaskInstance: spotify_to_s3_data_extraction_v1.sptoify_to_csv scheduled__2024-03-21T04:32:00+00:00 [queued]>
[2024-03-22T10:21:33.538+0000] {taskinstance.py:1979} INFO - Dependencies all met for dep_context=requeueable deps ti=<TaskInstance: spotify_to_s3_data_extraction_v1.sptoify_to_csv scheduled__2024-03-21T04:32:00+00:00 [queued]>
[2024-03-22T10:21:33.539+0000] {taskinstance.py:2193} INFO - Starting attempt 2 of 7
[2024-03-22T10:21:33.562+0000] {taskinstance.py:2217} INFO - Executing <Task(PythonOperator): sptoify_to_csv> on 2024-03-21 04:32:00+00:00
[2024-03-22T10:21:33.572+0000] {standard_task_runner.py:60} INFO - Started process 5666 to run task
[2024-03-22T10:21:33.579+0000] {standard_task_runner.py:87} INFO - Running: ['***', 'tasks', 'run', 'spotify_to_s3_data_extraction_v1', 'sptoify_to_csv', 'scheduled__2024-03-21T04:32:00+00:00', '--job-id', '1183', '--raw', '--subdir', 'DAGS_FOLDER/spotify_to_csvs_to_s3.py', '--cfg-path', '/tmp/tmpfasg7pw_']
[2024-03-22T10:21:33.584+0000] {standard_task_runner.py:88} INFO - Job 1183: Subtask sptoify_to_csv
[2024-03-22T10:21:33.696+0000] {task_command.py:423} INFO - Running <TaskInstance: spotify_to_s3_data_extraction_v1.sptoify_to_csv scheduled__2024-03-21T04:32:00+00:00 [running]> on host ca1809388db1
[2024-03-22T10:21:33.825+0000] {taskinstance.py:2513} INFO - Exporting env vars: AIRFLOW_CTX_DAG_OWNER='Nathaniel Solomon' AIRFLOW_CTX_DAG_ID='spotify_to_s3_data_extraction_v1' AIRFLOW_CTX_TASK_ID='sptoify_to_csv' AIRFLOW_CTX_EXECUTION_DATE='2024-03-21T04:32:00+00:00' AIRFLOW_CTX_TRY_NUMBER='2' AIRFLOW_CTX_DAG_RUN_ID='scheduled__2024-03-21T04:32:00+00:00'
[2024-03-22T10:21:33.828+0000] {logging_mixin.py:188} INFO - The extract function has been executed and this is data in the next line
[2024-03-22T10:21:33.829+0000] {logging_mixin.py:188} INFO - Initiating the Endpoint...
[2024-03-22T10:21:41.032+0000] {logging_mixin.py:188} INFO - Extracting other available tracks
[2024-03-22T10:22:02.388+0000] {logging_mixin.py:188} INFO - Adding the values of index 0 into the appropriate Keys...
[2024-03-22T10:22:11.958+0000] {logging_mixin.py:188} INFO - Adding the values of index 1 into the appropriate Keys...
[2024-03-22T10:22:21.223+0000] {logging_mixin.py:188} INFO - Adding the values of index 2 into the appropriate Keys...
[2024-03-22T10:22:22.186+0000] {logging_mixin.py:188} INFO - Adding the values of index 3 into the appropriate Keys...
[2024-03-22T10:22:23.187+0000] {logging_mixin.py:188} INFO - Adding the values of index 4 into the appropriate Keys...
[2024-03-22T10:22:24.101+0000] {logging_mixin.py:188} INFO - Adding the values of index 5 into the appropriate Keys...
[2024-03-22T10:22:24.983+0000] {logging_mixin.py:188} INFO - Adding the values of index 6 into the appropriate Keys...
[2024-03-22T10:22:26.310+0000] {logging_mixin.py:188} INFO - Adding the values of index 7 into the appropriate Keys...
[2024-03-22T10:22:31.497+0000] {logging_mixin.py:188} INFO - Adding the values of index 8 into the appropriate Keys...
[2024-03-22T10:22:32.464+0000] {logging_mixin.py:188} INFO - Adding the values of index 9 into the appropriate Keys...
[2024-03-22T10:22:40.910+0000] {logging_mixin.py:188} INFO - Done Extracting...
[2024-03-22T10:22:40.949+0000] {python.py:202} INFO - Done. Returned value was: None
[2024-03-22T10:22:40.974+0000] {taskinstance.py:1149} INFO - Marking task as SUCCESS. dag_id=spotify_to_s3_data_extraction_v1, task_id=sptoify_to_csv, execution_date=20240321T043200, start_date=20240322T102133, end_date=20240322T102240
[2024-03-22T10:22:41.026+0000] {local_task_job_runner.py:234} INFO - Task exited with return code 0
[2024-03-22T10:22:41.085+0000] {taskinstance.py:3312} INFO - 1 downstream tasks scheduled from follow-on schedule check
