[2024-03-23T20:56:21.025+0000] {taskinstance.py:1979} INFO - Dependencies all met for dep_context=non-requeueable deps ti=<TaskInstance: spotify_to_s3_data_extraction_v1.sptoify_to_csv scheduled__2024-03-21T08:36:00+00:00 [queued]>
[2024-03-23T20:56:21.048+0000] {taskinstance.py:1979} INFO - Dependencies all met for dep_context=requeueable deps ti=<TaskInstance: spotify_to_s3_data_extraction_v1.sptoify_to_csv scheduled__2024-03-21T08:36:00+00:00 [queued]>
[2024-03-23T20:56:21.049+0000] {taskinstance.py:2193} INFO - Starting attempt 7 of 12
[2024-03-23T20:56:21.081+0000] {taskinstance.py:2217} INFO - Executing <Task(PythonOperator): sptoify_to_csv> on 2024-03-21 08:36:00+00:00
[2024-03-23T20:56:21.097+0000] {standard_task_runner.py:60} INFO - Started process 11230 to run task
[2024-03-23T20:56:21.104+0000] {standard_task_runner.py:87} INFO - Running: ['***', 'tasks', 'run', 'spotify_to_s3_data_extraction_v1', 'sptoify_to_csv', 'scheduled__2024-03-21T08:36:00+00:00', '--job-id', '1284', '--raw', '--subdir', 'DAGS_FOLDER/spotify_to_csvs_to_s3.py', '--cfg-path', '/tmp/tmpbg3lv2bm']
[2024-03-23T20:56:21.109+0000] {standard_task_runner.py:88} INFO - Job 1284: Subtask sptoify_to_csv
[2024-03-23T20:56:21.221+0000] {task_command.py:423} INFO - Running <TaskInstance: spotify_to_s3_data_extraction_v1.sptoify_to_csv scheduled__2024-03-21T08:36:00+00:00 [running]> on host ca1809388db1
[2024-03-23T20:56:21.410+0000] {taskinstance.py:2513} INFO - Exporting env vars: AIRFLOW_CTX_DAG_OWNER='Nathaniel Solomon' AIRFLOW_CTX_DAG_ID='spotify_to_s3_data_extraction_v1' AIRFLOW_CTX_TASK_ID='sptoify_to_csv' AIRFLOW_CTX_EXECUTION_DATE='2024-03-21T08:36:00+00:00' AIRFLOW_CTX_TRY_NUMBER='7' AIRFLOW_CTX_DAG_RUN_ID='scheduled__2024-03-21T08:36:00+00:00'
[2024-03-23T20:56:21.415+0000] {logging_mixin.py:188} INFO - The extract function has been executed and this is data in the next line
[2024-03-23T20:56:21.416+0000] {logging_mixin.py:188} INFO - Initiating the Endpoint...
[2024-03-23T20:56:22.572+0000] {logging_mixin.py:188} INFO - Extracting other available tracks
[2024-03-23T20:56:34.021+0000] {logging_mixin.py:188} INFO - Adding the values of index 0 into the appropriate Keys...
[2024-03-23T20:56:35.964+0000] {logging_mixin.py:188} INFO - Adding the values of index 1 into the appropriate Keys...
[2024-03-23T20:56:37.928+0000] {logging_mixin.py:188} INFO - Adding the values of index 2 into the appropriate Keys...
[2024-03-23T20:56:39.338+0000] {logging_mixin.py:188} INFO - Adding the values of index 3 into the appropriate Keys...
[2024-03-23T20:56:40.750+0000] {logging_mixin.py:188} INFO - Adding the values of index 4 into the appropriate Keys...
[2024-03-23T20:56:42.272+0000] {logging_mixin.py:188} INFO - Adding the values of index 5 into the appropriate Keys...
[2024-03-23T20:56:43.785+0000] {logging_mixin.py:188} INFO - Adding the values of index 6 into the appropriate Keys...
[2024-03-23T20:56:45.222+0000] {logging_mixin.py:188} INFO - Adding the values of index 7 into the appropriate Keys...
[2024-03-23T20:56:48.261+0000] {logging_mixin.py:188} INFO - Adding the values of index 8 into the appropriate Keys...
[2024-03-23T20:56:49.684+0000] {logging_mixin.py:188} INFO - Adding the values of index 9 into the appropriate Keys...
[2024-03-23T20:56:51.179+0000] {logging_mixin.py:188} INFO - Done Extracting...
[2024-03-23T20:56:51.200+0000] {python.py:202} INFO - Done. Returned value was: None
[2024-03-23T20:56:51.218+0000] {taskinstance.py:1149} INFO - Marking task as SUCCESS. dag_id=spotify_to_s3_data_extraction_v1, task_id=sptoify_to_csv, execution_date=20240321T083600, start_date=20240323T205621, end_date=20240323T205651
[2024-03-23T20:56:51.279+0000] {local_task_job_runner.py:234} INFO - Task exited with return code 0
[2024-03-23T20:56:51.343+0000] {taskinstance.py:3312} INFO - 1 downstream tasks scheduled from follow-on schedule check
