[2024-03-22T09:05:59.556+0000] {taskinstance.py:1979} INFO - Dependencies all met for dep_context=non-requeueable deps ti=<TaskInstance: spotify_to_s3_data_extraction_v1.sptoify_to_csv scheduled__2024-03-20T21:13:00+00:00 [queued]>
[2024-03-22T09:05:59.579+0000] {taskinstance.py:1979} INFO - Dependencies all met for dep_context=requeueable deps ti=<TaskInstance: spotify_to_s3_data_extraction_v1.sptoify_to_csv scheduled__2024-03-20T21:13:00+00:00 [queued]>
[2024-03-22T09:05:59.580+0000] {taskinstance.py:2193} INFO - Starting attempt 6 of 6
[2024-03-22T09:05:59.644+0000] {taskinstance.py:2217} INFO - Executing <Task(PythonOperator): sptoify_to_csv> on 2024-03-20 21:13:00+00:00
[2024-03-22T09:05:59.672+0000] {standard_task_runner.py:60} INFO - Started process 4787 to run task
[2024-03-22T09:05:59.692+0000] {standard_task_runner.py:87} INFO - Running: ['***', 'tasks', 'run', 'spotify_to_s3_data_extraction_v1', 'sptoify_to_csv', 'scheduled__2024-03-20T21:13:00+00:00', '--job-id', '945', '--raw', '--subdir', 'DAGS_FOLDER/spotify_to_csvs_to_s3.py', '--cfg-path', '/tmp/tmpzkcl436k']
[2024-03-22T09:05:59.722+0000] {standard_task_runner.py:88} INFO - Job 945: Subtask sptoify_to_csv
[2024-03-22T09:06:00.099+0000] {task_command.py:423} INFO - Running <TaskInstance: spotify_to_s3_data_extraction_v1.sptoify_to_csv scheduled__2024-03-20T21:13:00+00:00 [running]> on host ca1809388db1
[2024-03-22T09:06:00.453+0000] {taskinstance.py:2513} INFO - Exporting env vars: AIRFLOW_CTX_DAG_OWNER='Nathaniel Solomon' AIRFLOW_CTX_DAG_ID='spotify_to_s3_data_extraction_v1' AIRFLOW_CTX_TASK_ID='sptoify_to_csv' AIRFLOW_CTX_EXECUTION_DATE='2024-03-20T21:13:00+00:00' AIRFLOW_CTX_TRY_NUMBER='6' AIRFLOW_CTX_DAG_RUN_ID='scheduled__2024-03-20T21:13:00+00:00'
[2024-03-22T09:06:00.463+0000] {logging_mixin.py:188} INFO - The extract function has been executed and this is data in the next line
[2024-03-22T09:06:00.465+0000] {logging_mixin.py:188} INFO - Initiating the Endpoint...
[2024-03-22T09:06:01.444+0000] {logging_mixin.py:188} INFO - Extracting other available tracks
[2024-03-22T09:06:12.445+0000] {logging_mixin.py:188} INFO - Adding the values of index 0 into the appropriate Keys...
[2024-03-22T09:06:13.795+0000] {logging_mixin.py:188} INFO - Adding the values of index 1 into the appropriate Keys...
[2024-03-22T09:06:15.136+0000] {logging_mixin.py:188} INFO - Adding the values of index 2 into the appropriate Keys...
[2024-03-22T09:06:17.563+0000] {logging_mixin.py:188} INFO - Adding the values of index 3 into the appropriate Keys...
[2024-03-22T09:06:18.658+0000] {logging_mixin.py:188} INFO - Adding the values of index 4 into the appropriate Keys...
[2024-03-22T09:06:27.434+0000] {logging_mixin.py:188} INFO - Adding the values of index 5 into the appropriate Keys...
[2024-03-22T09:06:29.033+0000] {logging_mixin.py:188} INFO - Adding the values of index 6 into the appropriate Keys...
[2024-03-22T09:06:39.168+0000] {logging_mixin.py:188} INFO - Adding the values of index 7 into the appropriate Keys...
[2024-03-22T09:06:42.872+0000] {logging_mixin.py:188} INFO - Adding the values of index 8 into the appropriate Keys...
[2024-03-22T09:06:51.174+0000] {logging_mixin.py:188} INFO - Adding the values of index 9 into the appropriate Keys...
[2024-03-22T09:06:57.926+0000] {logging_mixin.py:188} INFO - Done Extracting...
[2024-03-22T09:06:57.944+0000] {python.py:202} INFO - Done. Returned value was: None
[2024-03-22T09:06:57.959+0000] {taskinstance.py:1149} INFO - Marking task as SUCCESS. dag_id=spotify_to_s3_data_extraction_v1, task_id=sptoify_to_csv, execution_date=20240320T211300, start_date=20240322T090559, end_date=20240322T090657
[2024-03-22T09:06:58.001+0000] {local_task_job_runner.py:234} INFO - Task exited with return code 0
[2024-03-22T09:06:58.051+0000] {taskinstance.py:3312} INFO - 1 downstream tasks scheduled from follow-on schedule check
