[2024-03-24T07:15:30.246+0000] {taskinstance.py:1979} INFO - Dependencies all met for dep_context=non-requeueable deps ti=<TaskInstance: spotify_to_s3_data_extraction_v_x64.sptoify_to_csv scheduled__2024-03-23T00:00:00+00:00 [queued]>
[2024-03-24T07:15:30.257+0000] {taskinstance.py:1979} INFO - Dependencies all met for dep_context=requeueable deps ti=<TaskInstance: spotify_to_s3_data_extraction_v_x64.sptoify_to_csv scheduled__2024-03-23T00:00:00+00:00 [queued]>
[2024-03-24T07:15:30.258+0000] {taskinstance.py:2193} INFO - Starting attempt 1 of 6
[2024-03-24T07:15:30.273+0000] {taskinstance.py:2217} INFO - Executing <Task(PythonOperator): sptoify_to_csv> on 2024-03-23 00:00:00+00:00
[2024-03-24T07:15:30.279+0000] {standard_task_runner.py:60} INFO - Started process 1771 to run task
[2024-03-24T07:15:30.282+0000] {standard_task_runner.py:87} INFO - Running: ['***', 'tasks', 'run', 'spotify_to_s3_data_extraction_v_x64', 'sptoify_to_csv', 'scheduled__2024-03-23T00:00:00+00:00', '--job-id', '1357', '--raw', '--subdir', 'DAGS_FOLDER/spotify_to_csvs_to_s3.py', '--cfg-path', '/tmp/tmp33ac2vuf']
[2024-03-24T07:15:30.285+0000] {standard_task_runner.py:88} INFO - Job 1357: Subtask sptoify_to_csv
[2024-03-24T07:15:30.346+0000] {task_command.py:423} INFO - Running <TaskInstance: spotify_to_s3_data_extraction_v_x64.sptoify_to_csv scheduled__2024-03-23T00:00:00+00:00 [running]> on host bc244bd8b198
[2024-03-24T07:15:30.434+0000] {taskinstance.py:2513} INFO - Exporting env vars: AIRFLOW_CTX_DAG_OWNER='Nathaniel Solomon' AIRFLOW_CTX_DAG_ID='spotify_to_s3_data_extraction_v_x64' AIRFLOW_CTX_TASK_ID='sptoify_to_csv' AIRFLOW_CTX_EXECUTION_DATE='2024-03-23T00:00:00+00:00' AIRFLOW_CTX_TRY_NUMBER='1' AIRFLOW_CTX_DAG_RUN_ID='scheduled__2024-03-23T00:00:00+00:00'
[2024-03-24T07:15:30.436+0000] {logging_mixin.py:188} INFO - The extract function has been executed and this is data in the next line
[2024-03-24T07:15:30.436+0000] {logging_mixin.py:188} INFO - Initiating the Endpoint...
[2024-03-24T07:15:31.822+0000] {logging_mixin.py:188} INFO - Extracting other available tracks
[2024-03-24T07:15:41.070+0000] {logging_mixin.py:188} INFO - Adding the values of index 0 into the appropriate Keys...
[2024-03-24T07:15:42.281+0000] {logging_mixin.py:188} INFO - Adding the values of index 1 into the appropriate Keys...
[2024-03-24T07:15:43.349+0000] {logging_mixin.py:188} INFO - Adding the values of index 2 into the appropriate Keys...
[2024-03-24T07:15:44.358+0000] {logging_mixin.py:188} INFO - Adding the values of index 3 into the appropriate Keys...
[2024-03-24T07:15:45.645+0000] {logging_mixin.py:188} INFO - Adding the values of index 4 into the appropriate Keys...
[2024-03-24T07:15:46.778+0000] {logging_mixin.py:188} INFO - Adding the values of index 5 into the appropriate Keys...
[2024-03-24T07:15:47.904+0000] {logging_mixin.py:188} INFO - Adding the values of index 6 into the appropriate Keys...
[2024-03-24T07:15:49.020+0000] {logging_mixin.py:188} INFO - Adding the values of index 7 into the appropriate Keys...
[2024-03-24T07:15:50.157+0000] {logging_mixin.py:188} INFO - Adding the values of index 8 into the appropriate Keys...
[2024-03-24T07:15:51.371+0000] {logging_mixin.py:188} INFO - Adding the values of index 9 into the appropriate Keys...
[2024-03-24T07:15:52.572+0000] {logging_mixin.py:188} INFO - Done Extracting...
[2024-03-24T07:15:52.600+0000] {python.py:202} INFO - Done. Returned value was: None
[2024-03-24T07:15:52.611+0000] {taskinstance.py:1149} INFO - Marking task as SUCCESS. dag_id=spotify_to_s3_data_extraction_v_x64, task_id=sptoify_to_csv, execution_date=20240323T000000, start_date=20240324T071530, end_date=20240324T071552
[2024-03-24T07:15:52.642+0000] {local_task_job_runner.py:234} INFO - Task exited with return code 0
[2024-03-24T07:15:52.662+0000] {taskinstance.py:3312} INFO - 1 downstream tasks scheduled from follow-on schedule check
