[2024-04-17T00:35:01.086+0000] {processor.py:161} INFO - Started process (PID=33600) to work on /opt/airflow/dags/spotify_to_csvs_to_s3.py
[2024-04-17T00:35:01.089+0000] {processor.py:830} INFO - Processing file /opt/airflow/dags/spotify_to_csvs_to_s3.py for tasks to queue
[2024-04-17T00:35:01.091+0000] {logging_mixin.py:188} INFO - [2024-04-17T00:35:01.091+0000] {dagbag.py:540} INFO - Filling up the DagBag from /opt/airflow/dags/spotify_to_csvs_to_s3.py
[2024-04-17T00:35:01.981+0000] {logging_mixin.py:188} INFO - Authenticating User...
[2024-04-17T00:35:01.989+0000] {logging_mixin.py:188} INFO - csv_data/albums_table.csv 
[2024-04-17T00:35:01.990+0000] {logging_mixin.py:188} INFO - albums_table.csv
[2024-04-17T00:35:01.991+0000] {logging_mixin.py:188} INFO - csv_data/artists_table.csv 
[2024-04-17T00:35:01.991+0000] {logging_mixin.py:188} INFO - artists_table.csv
[2024-04-17T00:35:01.992+0000] {logging_mixin.py:188} INFO - csv_data/track_table.csv 
[2024-04-17T00:35:01.993+0000] {logging_mixin.py:188} INFO - track_table.csv
[2024-04-17T00:35:01.996+0000] {processor.py:840} INFO - DAG(s) 'spotify_to_s3_extraction' retrieved from /opt/airflow/dags/spotify_to_csvs_to_s3.py
[2024-04-17T00:35:02.028+0000] {logging_mixin.py:188} INFO - [2024-04-17T00:35:02.027+0000] {dag.py:3047} INFO - Sync 1 DAGs
[2024-04-17T00:35:02.059+0000] {logging_mixin.py:188} INFO - [2024-04-17T00:35:02.059+0000] {dag.py:3834} INFO - Setting next_dagrun for spotify_to_s3_extraction to 2024-04-16 00:00:00+00:00, run_after=2024-04-17 00:00:00+00:00
[2024-04-17T00:35:02.092+0000] {processor.py:183} INFO - Processing /opt/airflow/dags/spotify_to_csvs_to_s3.py took 1.014 seconds
[2024-04-17T00:35:32.522+0000] {processor.py:161} INFO - Started process (PID=33618) to work on /opt/airflow/dags/spotify_to_csvs_to_s3.py
[2024-04-17T00:35:32.524+0000] {processor.py:830} INFO - Processing file /opt/airflow/dags/spotify_to_csvs_to_s3.py for tasks to queue
[2024-04-17T00:35:32.526+0000] {logging_mixin.py:188} INFO - [2024-04-17T00:35:32.525+0000] {dagbag.py:540} INFO - Filling up the DagBag from /opt/airflow/dags/spotify_to_csvs_to_s3.py
[2024-04-17T00:35:33.426+0000] {logging_mixin.py:188} INFO - Authenticating User...
[2024-04-17T00:35:33.432+0000] {logging_mixin.py:188} INFO - csv_data/albums_table.csv 
[2024-04-17T00:35:33.433+0000] {logging_mixin.py:188} INFO - albums_table.csv
[2024-04-17T00:35:33.434+0000] {logging_mixin.py:188} INFO - csv_data/artists_table.csv 
[2024-04-17T00:35:33.441+0000] {logging_mixin.py:188} INFO - artists_table.csv
[2024-04-17T00:35:33.442+0000] {logging_mixin.py:188} INFO - csv_data/track_table.csv 
[2024-04-17T00:35:33.442+0000] {logging_mixin.py:188} INFO - track_table.csv
[2024-04-17T00:35:33.445+0000] {processor.py:840} INFO - DAG(s) 'spotify_to_s3_extraction' retrieved from /opt/airflow/dags/spotify_to_csvs_to_s3.py
[2024-04-17T00:35:33.479+0000] {logging_mixin.py:188} INFO - [2024-04-17T00:35:33.478+0000] {dag.py:3047} INFO - Sync 1 DAGs
[2024-04-17T00:35:33.511+0000] {logging_mixin.py:188} INFO - [2024-04-17T00:35:33.511+0000] {dag.py:3834} INFO - Setting next_dagrun for spotify_to_s3_extraction to 2024-04-16 00:00:00+00:00, run_after=2024-04-17 00:00:00+00:00
[2024-04-17T00:35:33.579+0000] {processor.py:183} INFO - Processing /opt/airflow/dags/spotify_to_csvs_to_s3.py took 1.063 seconds
[2024-04-17T01:25:51.273+0000] {processor.py:161} INFO - Started process (PID=33630) to work on /opt/airflow/dags/spotify_to_csvs_to_s3.py
[2024-04-17T01:25:51.276+0000] {processor.py:830} INFO - Processing file /opt/airflow/dags/spotify_to_csvs_to_s3.py for tasks to queue
[2024-04-17T01:25:51.279+0000] {logging_mixin.py:188} INFO - [2024-04-17T01:25:51.279+0000] {dagbag.py:540} INFO - Filling up the DagBag from /opt/airflow/dags/spotify_to_csvs_to_s3.py
[2024-04-17T01:25:52.319+0000] {logging_mixin.py:188} INFO - Authenticating User...
[2024-04-17T01:25:52.326+0000] {logging_mixin.py:188} INFO - csv_data/albums_table.csv 
[2024-04-17T01:25:52.327+0000] {logging_mixin.py:188} INFO - albums_table.csv
[2024-04-17T01:25:52.328+0000] {logging_mixin.py:188} INFO - csv_data/artists_table.csv 
[2024-04-17T01:25:52.329+0000] {logging_mixin.py:188} INFO - artists_table.csv
[2024-04-17T01:25:52.330+0000] {logging_mixin.py:188} INFO - csv_data/track_table.csv 
[2024-04-17T01:25:52.331+0000] {logging_mixin.py:188} INFO - track_table.csv
[2024-04-17T01:25:52.334+0000] {processor.py:840} INFO - DAG(s) 'spotify_to_s3_extraction' retrieved from /opt/airflow/dags/spotify_to_csvs_to_s3.py
[2024-04-17T01:25:52.373+0000] {logging_mixin.py:188} INFO - [2024-04-17T01:25:52.373+0000] {dag.py:3047} INFO - Sync 1 DAGs
[2024-04-17T01:25:52.419+0000] {logging_mixin.py:188} INFO - [2024-04-17T01:25:52.418+0000] {dag.py:3834} INFO - Setting next_dagrun for spotify_to_s3_extraction to 2024-04-16 00:00:00+00:00, run_after=2024-04-17 00:00:00+00:00
[2024-04-17T01:25:52.451+0000] {processor.py:183} INFO - Processing /opt/airflow/dags/spotify_to_csvs_to_s3.py took 1.186 seconds
[2024-04-17T01:26:22.629+0000] {processor.py:161} INFO - Started process (PID=33642) to work on /opt/airflow/dags/spotify_to_csvs_to_s3.py
[2024-04-17T01:26:22.631+0000] {processor.py:830} INFO - Processing file /opt/airflow/dags/spotify_to_csvs_to_s3.py for tasks to queue
[2024-04-17T01:26:22.633+0000] {logging_mixin.py:188} INFO - [2024-04-17T01:26:22.632+0000] {dagbag.py:540} INFO - Filling up the DagBag from /opt/airflow/dags/spotify_to_csvs_to_s3.py
[2024-04-17T01:26:23.414+0000] {logging_mixin.py:188} INFO - Authenticating User...
[2024-04-17T01:26:23.423+0000] {logging_mixin.py:188} INFO - csv_data/albums_table.csv 
[2024-04-17T01:26:23.424+0000] {logging_mixin.py:188} INFO - albums_table.csv
[2024-04-17T01:26:23.426+0000] {logging_mixin.py:188} INFO - csv_data/artists_table.csv 
[2024-04-17T01:26:23.427+0000] {logging_mixin.py:188} INFO - artists_table.csv
[2024-04-17T01:26:23.429+0000] {logging_mixin.py:188} INFO - csv_data/track_table.csv 
[2024-04-17T01:26:23.429+0000] {logging_mixin.py:188} INFO - track_table.csv
[2024-04-17T01:26:23.433+0000] {processor.py:840} INFO - DAG(s) 'spotify_to_s3_extraction' retrieved from /opt/airflow/dags/spotify_to_csvs_to_s3.py
[2024-04-17T01:26:23.475+0000] {logging_mixin.py:188} INFO - [2024-04-17T01:26:23.475+0000] {dag.py:3047} INFO - Sync 1 DAGs
[2024-04-17T01:26:23.510+0000] {logging_mixin.py:188} INFO - [2024-04-17T01:26:23.509+0000] {dag.py:3834} INFO - Setting next_dagrun for spotify_to_s3_extraction to 2024-04-16 00:00:00+00:00, run_after=2024-04-17 00:00:00+00:00
[2024-04-17T01:26:23.541+0000] {processor.py:183} INFO - Processing /opt/airflow/dags/spotify_to_csvs_to_s3.py took 0.917 seconds
[2024-04-17T01:36:07.672+0000] {processor.py:161} INFO - Started process (PID=33654) to work on /opt/airflow/dags/spotify_to_csvs_to_s3.py
[2024-04-17T01:36:07.676+0000] {processor.py:830} INFO - Processing file /opt/airflow/dags/spotify_to_csvs_to_s3.py for tasks to queue
[2024-04-17T01:36:07.680+0000] {logging_mixin.py:188} INFO - [2024-04-17T01:36:07.679+0000] {dagbag.py:540} INFO - Filling up the DagBag from /opt/airflow/dags/spotify_to_csvs_to_s3.py
[2024-04-17T01:36:09.347+0000] {logging_mixin.py:188} INFO - Authenticating User...
[2024-04-17T01:36:09.356+0000] {logging_mixin.py:188} INFO - csv_data/albums_table.csv 
[2024-04-17T01:36:09.358+0000] {logging_mixin.py:188} INFO - albums_table.csv
[2024-04-17T01:36:09.359+0000] {logging_mixin.py:188} INFO - csv_data/artists_table.csv 
[2024-04-17T01:36:09.361+0000] {logging_mixin.py:188} INFO - artists_table.csv
[2024-04-17T01:36:09.363+0000] {logging_mixin.py:188} INFO - csv_data/track_table.csv 
[2024-04-17T01:36:09.366+0000] {logging_mixin.py:188} INFO - track_table.csv
[2024-04-17T01:36:09.372+0000] {processor.py:840} INFO - DAG(s) 'spotify_to_s3_extraction' retrieved from /opt/airflow/dags/spotify_to_csvs_to_s3.py
[2024-04-17T01:36:09.453+0000] {logging_mixin.py:188} INFO - [2024-04-17T01:36:09.452+0000] {dag.py:3047} INFO - Sync 1 DAGs
[2024-04-17T01:36:09.638+0000] {logging_mixin.py:188} INFO - [2024-04-17T01:36:09.638+0000] {dag.py:3834} INFO - Setting next_dagrun for spotify_to_s3_extraction to 2024-04-16 00:00:00+00:00, run_after=2024-04-17 00:00:00+00:00
[2024-04-17T01:36:09.750+0000] {processor.py:183} INFO - Processing /opt/airflow/dags/spotify_to_csvs_to_s3.py took 2.086 seconds
[2024-04-17T01:36:39.930+0000] {processor.py:161} INFO - Started process (PID=33666) to work on /opt/airflow/dags/spotify_to_csvs_to_s3.py
[2024-04-17T01:36:39.932+0000] {processor.py:830} INFO - Processing file /opt/airflow/dags/spotify_to_csvs_to_s3.py for tasks to queue
[2024-04-17T01:36:39.933+0000] {logging_mixin.py:188} INFO - [2024-04-17T01:36:39.933+0000] {dagbag.py:540} INFO - Filling up the DagBag from /opt/airflow/dags/spotify_to_csvs_to_s3.py
[2024-04-17T01:36:40.697+0000] {logging_mixin.py:188} INFO - Authenticating User...
[2024-04-17T01:36:40.702+0000] {logging_mixin.py:188} INFO - csv_data/albums_table.csv 
[2024-04-17T01:36:40.703+0000] {logging_mixin.py:188} INFO - albums_table.csv
[2024-04-17T01:36:40.704+0000] {logging_mixin.py:188} INFO - csv_data/artists_table.csv 
[2024-04-17T01:36:40.704+0000] {logging_mixin.py:188} INFO - artists_table.csv
[2024-04-17T01:36:40.705+0000] {logging_mixin.py:188} INFO - csv_data/track_table.csv 
[2024-04-17T01:36:40.706+0000] {logging_mixin.py:188} INFO - track_table.csv
[2024-04-17T01:36:40.708+0000] {processor.py:840} INFO - DAG(s) 'spotify_to_s3_extraction' retrieved from /opt/airflow/dags/spotify_to_csvs_to_s3.py
[2024-04-17T01:36:40.739+0000] {logging_mixin.py:188} INFO - [2024-04-17T01:36:40.738+0000] {dag.py:3047} INFO - Sync 1 DAGs
[2024-04-17T01:36:40.767+0000] {logging_mixin.py:188} INFO - [2024-04-17T01:36:40.767+0000] {dag.py:3834} INFO - Setting next_dagrun for spotify_to_s3_extraction to 2024-04-16 00:00:00+00:00, run_after=2024-04-17 00:00:00+00:00
[2024-04-17T01:36:40.793+0000] {processor.py:183} INFO - Processing /opt/airflow/dags/spotify_to_csvs_to_s3.py took 0.868 seconds
[2024-04-17T01:37:24.256+0000] {processor.py:161} INFO - Started process (PID=33678) to work on /opt/airflow/dags/spotify_to_csvs_to_s3.py
[2024-04-17T01:37:24.263+0000] {processor.py:830} INFO - Processing file /opt/airflow/dags/spotify_to_csvs_to_s3.py for tasks to queue
[2024-04-17T01:37:24.270+0000] {logging_mixin.py:188} INFO - [2024-04-17T01:37:24.269+0000] {dagbag.py:540} INFO - Filling up the DagBag from /opt/airflow/dags/spotify_to_csvs_to_s3.py
[2024-04-17T01:37:25.864+0000] {logging_mixin.py:188} INFO - Authenticating User...
[2024-04-17T01:37:25.894+0000] {logging_mixin.py:188} INFO - csv_data/albums_table.csv 
[2024-04-17T01:37:25.911+0000] {logging_mixin.py:188} INFO - albums_table.csv
[2024-04-17T01:37:25.913+0000] {logging_mixin.py:188} INFO - csv_data/artists_table.csv 
[2024-04-17T01:37:25.922+0000] {logging_mixin.py:188} INFO - artists_table.csv
[2024-04-17T01:37:25.928+0000] {logging_mixin.py:188} INFO - csv_data/track_table.csv 
[2024-04-17T01:37:25.929+0000] {logging_mixin.py:188} INFO - track_table.csv
[2024-04-17T01:37:25.934+0000] {processor.py:840} INFO - DAG(s) 'spotify_to_s3_extraction' retrieved from /opt/airflow/dags/spotify_to_csvs_to_s3.py
[2024-04-17T01:37:25.989+0000] {logging_mixin.py:188} INFO - [2024-04-17T01:37:25.988+0000] {dag.py:3047} INFO - Sync 1 DAGs
[2024-04-17T01:37:26.041+0000] {logging_mixin.py:188} INFO - [2024-04-17T01:37:26.041+0000] {dag.py:3834} INFO - Setting next_dagrun for spotify_to_s3_extraction to 2024-04-16 00:00:00+00:00, run_after=2024-04-17 00:00:00+00:00
[2024-04-17T01:37:26.123+0000] {processor.py:183} INFO - Processing /opt/airflow/dags/spotify_to_csvs_to_s3.py took 1.883 seconds
[2024-04-17T02:37:25.932+0000] {processor.py:161} INFO - Started process (PID=33684) to work on /opt/airflow/dags/spotify_to_csvs_to_s3.py
[2024-04-17T02:37:25.935+0000] {processor.py:830} INFO - Processing file /opt/airflow/dags/spotify_to_csvs_to_s3.py for tasks to queue
[2024-04-17T02:37:25.937+0000] {logging_mixin.py:188} INFO - [2024-04-17T02:37:25.936+0000] {dagbag.py:540} INFO - Filling up the DagBag from /opt/airflow/dags/spotify_to_csvs_to_s3.py
[2024-04-17T02:37:26.802+0000] {logging_mixin.py:188} INFO - Authenticating User...
[2024-04-17T02:37:26.808+0000] {logging_mixin.py:188} INFO - csv_data/albums_table.csv 
[2024-04-17T02:37:26.809+0000] {logging_mixin.py:188} INFO - albums_table.csv
[2024-04-17T02:37:26.810+0000] {logging_mixin.py:188} INFO - csv_data/artists_table.csv 
[2024-04-17T02:37:26.810+0000] {logging_mixin.py:188} INFO - artists_table.csv
[2024-04-17T02:37:26.811+0000] {logging_mixin.py:188} INFO - csv_data/track_table.csv 
[2024-04-17T02:37:26.812+0000] {logging_mixin.py:188} INFO - track_table.csv
[2024-04-17T02:37:26.814+0000] {processor.py:840} INFO - DAG(s) 'spotify_to_s3_extraction' retrieved from /opt/airflow/dags/spotify_to_csvs_to_s3.py
[2024-04-17T02:37:26.850+0000] {logging_mixin.py:188} INFO - [2024-04-17T02:37:26.849+0000] {dag.py:3047} INFO - Sync 1 DAGs
[2024-04-17T02:37:26.884+0000] {logging_mixin.py:188} INFO - [2024-04-17T02:37:26.884+0000] {dag.py:3834} INFO - Setting next_dagrun for spotify_to_s3_extraction to 2024-04-16 00:00:00+00:00, run_after=2024-04-17 00:00:00+00:00
[2024-04-17T02:37:26.911+0000] {processor.py:183} INFO - Processing /opt/airflow/dags/spotify_to_csvs_to_s3.py took 0.985 seconds
[2024-04-17T02:37:57.200+0000] {processor.py:161} INFO - Started process (PID=33696) to work on /opt/airflow/dags/spotify_to_csvs_to_s3.py
[2024-04-17T02:37:57.202+0000] {processor.py:830} INFO - Processing file /opt/airflow/dags/spotify_to_csvs_to_s3.py for tasks to queue
[2024-04-17T02:37:57.204+0000] {logging_mixin.py:188} INFO - [2024-04-17T02:37:57.204+0000] {dagbag.py:540} INFO - Filling up the DagBag from /opt/airflow/dags/spotify_to_csvs_to_s3.py
[2024-04-17T02:37:58.016+0000] {logging_mixin.py:188} INFO - Authenticating User...
[2024-04-17T02:37:58.036+0000] {logging_mixin.py:188} INFO - csv_data/albums_table.csv 
[2024-04-17T02:37:58.053+0000] {logging_mixin.py:188} INFO - albums_table.csv
[2024-04-17T02:37:58.078+0000] {logging_mixin.py:188} INFO - csv_data/artists_table.csv 
[2024-04-17T02:37:58.080+0000] {logging_mixin.py:188} INFO - artists_table.csv
[2024-04-17T02:37:58.081+0000] {logging_mixin.py:188} INFO - csv_data/track_table.csv 
[2024-04-17T02:37:58.082+0000] {logging_mixin.py:188} INFO - track_table.csv
[2024-04-17T02:37:58.084+0000] {processor.py:840} INFO - DAG(s) 'spotify_to_s3_extraction' retrieved from /opt/airflow/dags/spotify_to_csvs_to_s3.py
[2024-04-17T02:37:58.116+0000] {logging_mixin.py:188} INFO - [2024-04-17T02:37:58.115+0000] {dag.py:3047} INFO - Sync 1 DAGs
[2024-04-17T02:37:58.148+0000] {logging_mixin.py:188} INFO - [2024-04-17T02:37:58.148+0000] {dag.py:3834} INFO - Setting next_dagrun for spotify_to_s3_extraction to 2024-04-16 00:00:00+00:00, run_after=2024-04-17 00:00:00+00:00
[2024-04-17T02:37:58.174+0000] {processor.py:183} INFO - Processing /opt/airflow/dags/spotify_to_csvs_to_s3.py took 0.980 seconds
[2024-04-17T02:53:06.931+0000] {processor.py:161} INFO - Started process (PID=33714) to work on /opt/airflow/dags/spotify_to_csvs_to_s3.py
[2024-04-17T02:53:06.951+0000] {processor.py:830} INFO - Processing file /opt/airflow/dags/spotify_to_csvs_to_s3.py for tasks to queue
[2024-04-17T02:53:06.956+0000] {logging_mixin.py:188} INFO - [2024-04-17T02:53:06.955+0000] {dagbag.py:540} INFO - Filling up the DagBag from /opt/airflow/dags/spotify_to_csvs_to_s3.py
[2024-04-17T02:53:09.281+0000] {logging_mixin.py:188} INFO - Authenticating User...
[2024-04-17T02:53:09.290+0000] {logging_mixin.py:188} INFO - csv_data/albums_table.csv 
[2024-04-17T02:53:09.291+0000] {logging_mixin.py:188} INFO - albums_table.csv
[2024-04-17T02:53:09.292+0000] {logging_mixin.py:188} INFO - csv_data/artists_table.csv 
[2024-04-17T02:53:09.293+0000] {logging_mixin.py:188} INFO - artists_table.csv
[2024-04-17T02:53:09.295+0000] {logging_mixin.py:188} INFO - csv_data/track_table.csv 
[2024-04-17T02:53:09.296+0000] {logging_mixin.py:188} INFO - track_table.csv
[2024-04-17T02:53:09.300+0000] {processor.py:840} INFO - DAG(s) 'spotify_to_s3_extraction' retrieved from /opt/airflow/dags/spotify_to_csvs_to_s3.py
[2024-04-17T02:53:09.368+0000] {logging_mixin.py:188} INFO - [2024-04-17T02:53:09.367+0000] {dag.py:3047} INFO - Sync 1 DAGs
[2024-04-17T02:53:09.469+0000] {logging_mixin.py:188} INFO - [2024-04-17T02:53:09.468+0000] {dag.py:3834} INFO - Setting next_dagrun for spotify_to_s3_extraction to 2024-04-16 00:00:00+00:00, run_after=2024-04-17 00:00:00+00:00
[2024-04-17T02:53:09.537+0000] {processor.py:183} INFO - Processing /opt/airflow/dags/spotify_to_csvs_to_s3.py took 2.616 seconds
[2024-04-17T02:53:40.001+0000] {processor.py:161} INFO - Started process (PID=33726) to work on /opt/airflow/dags/spotify_to_csvs_to_s3.py
[2024-04-17T02:53:40.003+0000] {processor.py:830} INFO - Processing file /opt/airflow/dags/spotify_to_csvs_to_s3.py for tasks to queue
[2024-04-17T02:53:40.005+0000] {logging_mixin.py:188} INFO - [2024-04-17T02:53:40.004+0000] {dagbag.py:540} INFO - Filling up the DagBag from /opt/airflow/dags/spotify_to_csvs_to_s3.py
[2024-04-17T02:53:40.765+0000] {logging_mixin.py:188} INFO - Authenticating User...
[2024-04-17T02:53:40.771+0000] {logging_mixin.py:188} INFO - csv_data/albums_table.csv 
[2024-04-17T02:53:40.771+0000] {logging_mixin.py:188} INFO - albums_table.csv
[2024-04-17T02:53:40.772+0000] {logging_mixin.py:188} INFO - csv_data/artists_table.csv 
[2024-04-17T02:53:40.773+0000] {logging_mixin.py:188} INFO - artists_table.csv
[2024-04-17T02:53:40.774+0000] {logging_mixin.py:188} INFO - csv_data/track_table.csv 
[2024-04-17T02:53:40.774+0000] {logging_mixin.py:188} INFO - track_table.csv
[2024-04-17T02:53:40.776+0000] {processor.py:840} INFO - DAG(s) 'spotify_to_s3_extraction' retrieved from /opt/airflow/dags/spotify_to_csvs_to_s3.py
[2024-04-17T02:53:40.806+0000] {logging_mixin.py:188} INFO - [2024-04-17T02:53:40.805+0000] {dag.py:3047} INFO - Sync 1 DAGs
[2024-04-17T02:53:40.834+0000] {logging_mixin.py:188} INFO - [2024-04-17T02:53:40.833+0000] {dag.py:3834} INFO - Setting next_dagrun for spotify_to_s3_extraction to 2024-04-16 00:00:00+00:00, run_after=2024-04-17 00:00:00+00:00
[2024-04-17T02:53:40.861+0000] {processor.py:183} INFO - Processing /opt/airflow/dags/spotify_to_csvs_to_s3.py took 0.865 seconds
[2024-04-17T02:54:22.898+0000] {processor.py:161} INFO - Started process (PID=33739) to work on /opt/airflow/dags/spotify_to_csvs_to_s3.py
[2024-04-17T02:54:22.903+0000] {processor.py:830} INFO - Processing file /opt/airflow/dags/spotify_to_csvs_to_s3.py for tasks to queue
[2024-04-17T02:54:22.906+0000] {logging_mixin.py:188} INFO - [2024-04-17T02:54:22.905+0000] {dagbag.py:540} INFO - Filling up the DagBag from /opt/airflow/dags/spotify_to_csvs_to_s3.py
[2024-04-17T02:54:24.787+0000] {logging_mixin.py:188} INFO - Authenticating User...
[2024-04-17T02:54:24.799+0000] {logging_mixin.py:188} INFO - csv_data/albums_table.csv 
[2024-04-17T02:54:24.800+0000] {logging_mixin.py:188} INFO - albums_table.csv
[2024-04-17T02:54:24.801+0000] {logging_mixin.py:188} INFO - csv_data/artists_table.csv 
[2024-04-17T02:54:24.802+0000] {logging_mixin.py:188} INFO - artists_table.csv
[2024-04-17T02:54:24.804+0000] {logging_mixin.py:188} INFO - csv_data/track_table.csv 
[2024-04-17T02:54:24.805+0000] {logging_mixin.py:188} INFO - track_table.csv
[2024-04-17T02:54:24.810+0000] {processor.py:840} INFO - DAG(s) 'spotify_to_s3_extraction' retrieved from /opt/airflow/dags/spotify_to_csvs_to_s3.py
[2024-04-17T02:54:24.862+0000] {logging_mixin.py:188} INFO - [2024-04-17T02:54:24.860+0000] {dag.py:3047} INFO - Sync 1 DAGs
[2024-04-17T02:54:24.949+0000] {logging_mixin.py:188} INFO - [2024-04-17T02:54:24.949+0000] {dag.py:3834} INFO - Setting next_dagrun for spotify_to_s3_extraction to 2024-04-16 00:00:00+00:00, run_after=2024-04-17 00:00:00+00:00
[2024-04-17T02:54:24.997+0000] {processor.py:183} INFO - Processing /opt/airflow/dags/spotify_to_csvs_to_s3.py took 2.108 seconds
[2024-04-17T03:38:33.828+0000] {processor.py:161} INFO - Started process (PID=33745) to work on /opt/airflow/dags/spotify_to_csvs_to_s3.py
[2024-04-17T03:38:33.830+0000] {processor.py:830} INFO - Processing file /opt/airflow/dags/spotify_to_csvs_to_s3.py for tasks to queue
[2024-04-17T03:38:33.832+0000] {logging_mixin.py:188} INFO - [2024-04-17T03:38:33.831+0000] {dagbag.py:540} INFO - Filling up the DagBag from /opt/airflow/dags/spotify_to_csvs_to_s3.py
[2024-04-17T03:38:34.727+0000] {logging_mixin.py:188} INFO - Authenticating User...
[2024-04-17T03:38:34.736+0000] {logging_mixin.py:188} INFO - csv_data/albums_table.csv 
[2024-04-17T03:38:34.737+0000] {logging_mixin.py:188} INFO - albums_table.csv
[2024-04-17T03:38:34.738+0000] {logging_mixin.py:188} INFO - csv_data/artists_table.csv 
[2024-04-17T03:38:34.739+0000] {logging_mixin.py:188} INFO - artists_table.csv
[2024-04-17T03:38:34.740+0000] {logging_mixin.py:188} INFO - csv_data/track_table.csv 
[2024-04-17T03:38:34.741+0000] {logging_mixin.py:188} INFO - track_table.csv
[2024-04-17T03:38:34.745+0000] {processor.py:840} INFO - DAG(s) 'spotify_to_s3_extraction' retrieved from /opt/airflow/dags/spotify_to_csvs_to_s3.py
[2024-04-17T03:38:34.784+0000] {logging_mixin.py:188} INFO - [2024-04-17T03:38:34.784+0000] {dag.py:3047} INFO - Sync 1 DAGs
[2024-04-17T03:38:34.816+0000] {logging_mixin.py:188} INFO - [2024-04-17T03:38:34.816+0000] {dag.py:3834} INFO - Setting next_dagrun for spotify_to_s3_extraction to 2024-04-16 00:00:00+00:00, run_after=2024-04-17 00:00:00+00:00
[2024-04-17T03:38:34.846+0000] {processor.py:183} INFO - Processing /opt/airflow/dags/spotify_to_csvs_to_s3.py took 1.024 seconds
[2024-04-17T03:39:05.990+0000] {processor.py:161} INFO - Started process (PID=33757) to work on /opt/airflow/dags/spotify_to_csvs_to_s3.py
[2024-04-17T03:39:05.993+0000] {processor.py:830} INFO - Processing file /opt/airflow/dags/spotify_to_csvs_to_s3.py for tasks to queue
[2024-04-17T03:39:05.996+0000] {logging_mixin.py:188} INFO - [2024-04-17T03:39:05.995+0000] {dagbag.py:540} INFO - Filling up the DagBag from /opt/airflow/dags/spotify_to_csvs_to_s3.py
[2024-04-17T03:39:06.831+0000] {logging_mixin.py:188} INFO - Authenticating User...
[2024-04-17T03:39:06.845+0000] {logging_mixin.py:188} INFO - csv_data/albums_table.csv 
[2024-04-17T03:39:06.846+0000] {logging_mixin.py:188} INFO - albums_table.csv
[2024-04-17T03:39:06.848+0000] {logging_mixin.py:188} INFO - csv_data/artists_table.csv 
[2024-04-17T03:39:06.849+0000] {logging_mixin.py:188} INFO - artists_table.csv
[2024-04-17T03:39:06.851+0000] {logging_mixin.py:188} INFO - csv_data/track_table.csv 
[2024-04-17T03:39:06.852+0000] {logging_mixin.py:188} INFO - track_table.csv
[2024-04-17T03:39:06.855+0000] {processor.py:840} INFO - DAG(s) 'spotify_to_s3_extraction' retrieved from /opt/airflow/dags/spotify_to_csvs_to_s3.py
[2024-04-17T03:39:06.892+0000] {logging_mixin.py:188} INFO - [2024-04-17T03:39:06.891+0000] {dag.py:3047} INFO - Sync 1 DAGs
[2024-04-17T03:39:06.924+0000] {logging_mixin.py:188} INFO - [2024-04-17T03:39:06.923+0000] {dag.py:3834} INFO - Setting next_dagrun for spotify_to_s3_extraction to 2024-04-16 00:00:00+00:00, run_after=2024-04-17 00:00:00+00:00
[2024-04-17T03:39:06.953+0000] {processor.py:183} INFO - Processing /opt/airflow/dags/spotify_to_csvs_to_s3.py took 0.972 seconds
[2024-04-17T04:39:34.661+0000] {processor.py:161} INFO - Started process (PID=33777) to work on /opt/airflow/dags/spotify_to_csvs_to_s3.py
[2024-04-17T04:39:34.669+0000] {processor.py:830} INFO - Processing file /opt/airflow/dags/spotify_to_csvs_to_s3.py for tasks to queue
[2024-04-17T04:39:34.672+0000] {logging_mixin.py:188} INFO - [2024-04-17T04:39:34.671+0000] {dagbag.py:540} INFO - Filling up the DagBag from /opt/airflow/dags/spotify_to_csvs_to_s3.py
[2024-04-17T04:39:36.696+0000] {logging_mixin.py:188} INFO - Authenticating User...
[2024-04-17T04:39:36.707+0000] {logging_mixin.py:188} INFO - csv_data/albums_table.csv 
[2024-04-17T04:39:36.708+0000] {logging_mixin.py:188} INFO - albums_table.csv
[2024-04-17T04:39:36.710+0000] {logging_mixin.py:188} INFO - csv_data/artists_table.csv 
[2024-04-17T04:39:36.711+0000] {logging_mixin.py:188} INFO - artists_table.csv
[2024-04-17T04:39:36.712+0000] {logging_mixin.py:188} INFO - csv_data/track_table.csv 
[2024-04-17T04:39:36.713+0000] {logging_mixin.py:188} INFO - track_table.csv
[2024-04-17T04:39:36.718+0000] {processor.py:840} INFO - DAG(s) 'spotify_to_s3_extraction' retrieved from /opt/airflow/dags/spotify_to_csvs_to_s3.py
[2024-04-17T04:39:36.769+0000] {logging_mixin.py:188} INFO - [2024-04-17T04:39:36.768+0000] {dag.py:3047} INFO - Sync 1 DAGs
[2024-04-17T04:39:36.820+0000] {logging_mixin.py:188} INFO - [2024-04-17T04:39:36.819+0000] {dag.py:3834} INFO - Setting next_dagrun for spotify_to_s3_extraction to 2024-04-16 00:00:00+00:00, run_after=2024-04-17 00:00:00+00:00
[2024-04-17T04:39:36.860+0000] {processor.py:183} INFO - Processing /opt/airflow/dags/spotify_to_csvs_to_s3.py took 2.262 seconds
[2024-04-17T04:40:07.040+0000] {processor.py:161} INFO - Started process (PID=33789) to work on /opt/airflow/dags/spotify_to_csvs_to_s3.py
[2024-04-17T04:40:07.042+0000] {processor.py:830} INFO - Processing file /opt/airflow/dags/spotify_to_csvs_to_s3.py for tasks to queue
[2024-04-17T04:40:07.044+0000] {logging_mixin.py:188} INFO - [2024-04-17T04:40:07.043+0000] {dagbag.py:540} INFO - Filling up the DagBag from /opt/airflow/dags/spotify_to_csvs_to_s3.py
[2024-04-17T04:40:07.796+0000] {logging_mixin.py:188} INFO - Authenticating User...
[2024-04-17T04:40:07.802+0000] {logging_mixin.py:188} INFO - csv_data/albums_table.csv 
[2024-04-17T04:40:07.803+0000] {logging_mixin.py:188} INFO - albums_table.csv
[2024-04-17T04:40:07.803+0000] {logging_mixin.py:188} INFO - csv_data/artists_table.csv 
[2024-04-17T04:40:07.804+0000] {logging_mixin.py:188} INFO - artists_table.csv
[2024-04-17T04:40:07.805+0000] {logging_mixin.py:188} INFO - csv_data/track_table.csv 
[2024-04-17T04:40:07.805+0000] {logging_mixin.py:188} INFO - track_table.csv
[2024-04-17T04:40:07.807+0000] {processor.py:840} INFO - DAG(s) 'spotify_to_s3_extraction' retrieved from /opt/airflow/dags/spotify_to_csvs_to_s3.py
[2024-04-17T04:40:07.837+0000] {logging_mixin.py:188} INFO - [2024-04-17T04:40:07.836+0000] {dag.py:3047} INFO - Sync 1 DAGs
[2024-04-17T04:40:07.864+0000] {logging_mixin.py:188} INFO - [2024-04-17T04:40:07.864+0000] {dag.py:3834} INFO - Setting next_dagrun for spotify_to_s3_extraction to 2024-04-16 00:00:00+00:00, run_after=2024-04-17 00:00:00+00:00
[2024-04-17T04:40:07.890+0000] {processor.py:183} INFO - Processing /opt/airflow/dags/spotify_to_csvs_to_s3.py took 0.855 seconds
[2024-04-17T04:40:48.302+0000] {processor.py:161} INFO - Started process (PID=33802) to work on /opt/airflow/dags/spotify_to_csvs_to_s3.py
[2024-04-17T04:40:48.306+0000] {processor.py:830} INFO - Processing file /opt/airflow/dags/spotify_to_csvs_to_s3.py for tasks to queue
[2024-04-17T04:40:48.309+0000] {logging_mixin.py:188} INFO - [2024-04-17T04:40:48.308+0000] {dagbag.py:540} INFO - Filling up the DagBag from /opt/airflow/dags/spotify_to_csvs_to_s3.py
[2024-04-17T04:40:50.181+0000] {logging_mixin.py:188} INFO - Authenticating User...
[2024-04-17T04:40:50.191+0000] {logging_mixin.py:188} INFO - csv_data/albums_table.csv 
[2024-04-17T04:40:50.192+0000] {logging_mixin.py:188} INFO - albums_table.csv
[2024-04-17T04:40:50.193+0000] {logging_mixin.py:188} INFO - csv_data/artists_table.csv 
[2024-04-17T04:40:50.194+0000] {logging_mixin.py:188} INFO - artists_table.csv
[2024-04-17T04:40:50.195+0000] {logging_mixin.py:188} INFO - csv_data/track_table.csv 
[2024-04-17T04:40:50.197+0000] {logging_mixin.py:188} INFO - track_table.csv
[2024-04-17T04:40:50.202+0000] {processor.py:840} INFO - DAG(s) 'spotify_to_s3_extraction' retrieved from /opt/airflow/dags/spotify_to_csvs_to_s3.py
[2024-04-17T04:40:50.267+0000] {logging_mixin.py:188} INFO - [2024-04-17T04:40:50.266+0000] {dag.py:3047} INFO - Sync 1 DAGs
[2024-04-17T04:40:50.329+0000] {logging_mixin.py:188} INFO - [2024-04-17T04:40:50.328+0000] {dag.py:3834} INFO - Setting next_dagrun for spotify_to_s3_extraction to 2024-04-16 00:00:00+00:00, run_after=2024-04-17 00:00:00+00:00
[2024-04-17T04:40:50.393+0000] {processor.py:183} INFO - Processing /opt/airflow/dags/spotify_to_csvs_to_s3.py took 2.102 seconds
[2024-04-17T05:40:58.247+0000] {processor.py:161} INFO - Started process (PID=33808) to work on /opt/airflow/dags/spotify_to_csvs_to_s3.py
[2024-04-17T05:40:58.252+0000] {processor.py:830} INFO - Processing file /opt/airflow/dags/spotify_to_csvs_to_s3.py for tasks to queue
[2024-04-17T05:40:58.261+0000] {logging_mixin.py:188} INFO - [2024-04-17T05:40:58.261+0000] {dagbag.py:540} INFO - Filling up the DagBag from /opt/airflow/dags/spotify_to_csvs_to_s3.py
[2024-04-17T05:41:01.099+0000] {logging_mixin.py:188} INFO - Authenticating User...
[2024-04-17T05:41:01.107+0000] {logging_mixin.py:188} INFO - csv_data/albums_table.csv 
[2024-04-17T05:41:01.108+0000] {logging_mixin.py:188} INFO - albums_table.csv
[2024-04-17T05:41:01.109+0000] {logging_mixin.py:188} INFO - csv_data/artists_table.csv 
[2024-04-17T05:41:01.110+0000] {logging_mixin.py:188} INFO - artists_table.csv
[2024-04-17T05:41:01.111+0000] {logging_mixin.py:188} INFO - csv_data/track_table.csv 
[2024-04-17T05:41:01.112+0000] {logging_mixin.py:188} INFO - track_table.csv
[2024-04-17T05:41:01.116+0000] {processor.py:840} INFO - DAG(s) 'spotify_to_s3_extraction' retrieved from /opt/airflow/dags/spotify_to_csvs_to_s3.py
[2024-04-17T05:41:01.249+0000] {logging_mixin.py:188} INFO - [2024-04-17T05:41:01.167+0000] {dag.py:3047} INFO - Sync 1 DAGs
[2024-04-17T05:41:01.341+0000] {logging_mixin.py:188} INFO - [2024-04-17T05:41:01.340+0000] {dag.py:3834} INFO - Setting next_dagrun for spotify_to_s3_extraction to 2024-04-16 00:00:00+00:00, run_after=2024-04-17 00:00:00+00:00
[2024-04-17T05:41:01.380+0000] {processor.py:183} INFO - Processing /opt/airflow/dags/spotify_to_csvs_to_s3.py took 3.156 seconds
[2024-04-17T05:41:31.595+0000] {processor.py:161} INFO - Started process (PID=33820) to work on /opt/airflow/dags/spotify_to_csvs_to_s3.py
[2024-04-17T05:41:31.598+0000] {processor.py:830} INFO - Processing file /opt/airflow/dags/spotify_to_csvs_to_s3.py for tasks to queue
[2024-04-17T05:41:31.599+0000] {logging_mixin.py:188} INFO - [2024-04-17T05:41:31.599+0000] {dagbag.py:540} INFO - Filling up the DagBag from /opt/airflow/dags/spotify_to_csvs_to_s3.py
[2024-04-17T05:41:32.404+0000] {logging_mixin.py:188} INFO - Authenticating User...
[2024-04-17T05:41:32.409+0000] {logging_mixin.py:188} INFO - csv_data/albums_table.csv 
[2024-04-17T05:41:32.410+0000] {logging_mixin.py:188} INFO - albums_table.csv
[2024-04-17T05:41:32.411+0000] {logging_mixin.py:188} INFO - csv_data/artists_table.csv 
[2024-04-17T05:41:32.412+0000] {logging_mixin.py:188} INFO - artists_table.csv
[2024-04-17T05:41:32.412+0000] {logging_mixin.py:188} INFO - csv_data/track_table.csv 
[2024-04-17T05:41:32.413+0000] {logging_mixin.py:188} INFO - track_table.csv
[2024-04-17T05:41:32.415+0000] {processor.py:840} INFO - DAG(s) 'spotify_to_s3_extraction' retrieved from /opt/airflow/dags/spotify_to_csvs_to_s3.py
[2024-04-17T05:41:32.446+0000] {logging_mixin.py:188} INFO - [2024-04-17T05:41:32.445+0000] {dag.py:3047} INFO - Sync 1 DAGs
[2024-04-17T05:41:32.478+0000] {logging_mixin.py:188} INFO - [2024-04-17T05:41:32.478+0000] {dag.py:3834} INFO - Setting next_dagrun for spotify_to_s3_extraction to 2024-04-16 00:00:00+00:00, run_after=2024-04-17 00:00:00+00:00
[2024-04-17T05:41:32.506+0000] {processor.py:183} INFO - Processing /opt/airflow/dags/spotify_to_csvs_to_s3.py took 0.916 seconds
[2024-04-17T06:41:53.673+0000] {processor.py:161} INFO - Started process (PID=33832) to work on /opt/airflow/dags/spotify_to_csvs_to_s3.py
[2024-04-17T06:41:53.676+0000] {processor.py:830} INFO - Processing file /opt/airflow/dags/spotify_to_csvs_to_s3.py for tasks to queue
[2024-04-17T06:41:53.679+0000] {logging_mixin.py:188} INFO - [2024-04-17T06:41:53.678+0000] {dagbag.py:540} INFO - Filling up the DagBag from /opt/airflow/dags/spotify_to_csvs_to_s3.py
[2024-04-17T06:41:55.394+0000] {logging_mixin.py:188} INFO - Authenticating User...
[2024-04-17T06:41:55.407+0000] {logging_mixin.py:188} INFO - csv_data/albums_table.csv 
[2024-04-17T06:41:55.408+0000] {logging_mixin.py:188} INFO - albums_table.csv
[2024-04-17T06:41:55.409+0000] {logging_mixin.py:188} INFO - csv_data/artists_table.csv 
[2024-04-17T06:41:55.411+0000] {logging_mixin.py:188} INFO - artists_table.csv
[2024-04-17T06:41:55.412+0000] {logging_mixin.py:188} INFO - csv_data/track_table.csv 
[2024-04-17T06:41:55.414+0000] {logging_mixin.py:188} INFO - track_table.csv
[2024-04-17T06:41:55.423+0000] {processor.py:840} INFO - DAG(s) 'spotify_to_s3_extraction' retrieved from /opt/airflow/dags/spotify_to_csvs_to_s3.py
[2024-04-17T06:41:55.482+0000] {logging_mixin.py:188} INFO - [2024-04-17T06:41:55.481+0000] {dag.py:3047} INFO - Sync 1 DAGs
[2024-04-17T06:41:55.580+0000] {logging_mixin.py:188} INFO - [2024-04-17T06:41:55.579+0000] {dag.py:3834} INFO - Setting next_dagrun for spotify_to_s3_extraction to 2024-04-16 00:00:00+00:00, run_after=2024-04-17 00:00:00+00:00
[2024-04-17T06:41:55.635+0000] {processor.py:183} INFO - Processing /opt/airflow/dags/spotify_to_csvs_to_s3.py took 1.972 seconds
[2024-04-17T06:42:25.905+0000] {processor.py:161} INFO - Started process (PID=33844) to work on /opt/airflow/dags/spotify_to_csvs_to_s3.py
[2024-04-17T06:42:25.908+0000] {processor.py:830} INFO - Processing file /opt/airflow/dags/spotify_to_csvs_to_s3.py for tasks to queue
[2024-04-17T06:42:25.910+0000] {logging_mixin.py:188} INFO - [2024-04-17T06:42:25.909+0000] {dagbag.py:540} INFO - Filling up the DagBag from /opt/airflow/dags/spotify_to_csvs_to_s3.py
[2024-04-17T06:42:26.907+0000] {logging_mixin.py:188} INFO - Authenticating User...
[2024-04-17T06:42:26.914+0000] {logging_mixin.py:188} INFO - csv_data/albums_table.csv 
[2024-04-17T06:42:26.915+0000] {logging_mixin.py:188} INFO - albums_table.csv
[2024-04-17T06:42:26.916+0000] {logging_mixin.py:188} INFO - csv_data/artists_table.csv 
[2024-04-17T06:42:26.917+0000] {logging_mixin.py:188} INFO - artists_table.csv
[2024-04-17T06:42:26.918+0000] {logging_mixin.py:188} INFO - csv_data/track_table.csv 
[2024-04-17T06:42:26.919+0000] {logging_mixin.py:188} INFO - track_table.csv
[2024-04-17T06:42:26.922+0000] {processor.py:840} INFO - DAG(s) 'spotify_to_s3_extraction' retrieved from /opt/airflow/dags/spotify_to_csvs_to_s3.py
[2024-04-17T06:42:26.961+0000] {logging_mixin.py:188} INFO - [2024-04-17T06:42:26.960+0000] {dag.py:3047} INFO - Sync 1 DAGs
[2024-04-17T06:42:26.998+0000] {logging_mixin.py:188} INFO - [2024-04-17T06:42:26.998+0000] {dag.py:3834} INFO - Setting next_dagrun for spotify_to_s3_extraction to 2024-04-16 00:00:00+00:00, run_after=2024-04-17 00:00:00+00:00
[2024-04-17T06:42:27.032+0000] {processor.py:183} INFO - Processing /opt/airflow/dags/spotify_to_csvs_to_s3.py took 1.133 seconds
[2024-04-17T06:43:08.570+0000] {processor.py:161} INFO - Started process (PID=33862) to work on /opt/airflow/dags/spotify_to_csvs_to_s3.py
[2024-04-17T06:43:08.574+0000] {processor.py:830} INFO - Processing file /opt/airflow/dags/spotify_to_csvs_to_s3.py for tasks to queue
[2024-04-17T06:43:08.579+0000] {logging_mixin.py:188} INFO - [2024-04-17T06:43:08.578+0000] {dagbag.py:540} INFO - Filling up the DagBag from /opt/airflow/dags/spotify_to_csvs_to_s3.py
[2024-04-17T06:43:09.682+0000] {logging_mixin.py:188} INFO - Authenticating User...
[2024-04-17T06:43:09.689+0000] {logging_mixin.py:188} INFO - csv_data/albums_table.csv 
[2024-04-17T06:43:09.690+0000] {logging_mixin.py:188} INFO - albums_table.csv
[2024-04-17T06:43:09.691+0000] {logging_mixin.py:188} INFO - csv_data/artists_table.csv 
[2024-04-17T06:43:09.692+0000] {logging_mixin.py:188} INFO - artists_table.csv
[2024-04-17T06:43:09.693+0000] {logging_mixin.py:188} INFO - csv_data/track_table.csv 
[2024-04-17T06:43:09.694+0000] {logging_mixin.py:188} INFO - track_table.csv
[2024-04-17T06:43:09.698+0000] {processor.py:840} INFO - DAG(s) 'spotify_to_s3_extraction' retrieved from /opt/airflow/dags/spotify_to_csvs_to_s3.py
[2024-04-17T06:43:09.739+0000] {logging_mixin.py:188} INFO - [2024-04-17T06:43:09.738+0000] {dag.py:3047} INFO - Sync 1 DAGs
[2024-04-17T06:43:09.785+0000] {logging_mixin.py:188} INFO - [2024-04-17T06:43:09.784+0000] {dag.py:3834} INFO - Setting next_dagrun for spotify_to_s3_extraction to 2024-04-16 00:00:00+00:00, run_after=2024-04-17 00:00:00+00:00
[2024-04-17T06:43:09.823+0000] {processor.py:183} INFO - Processing /opt/airflow/dags/spotify_to_csvs_to_s3.py took 1.263 seconds
[2024-04-17T07:43:11.460+0000] {processor.py:161} INFO - Started process (PID=33868) to work on /opt/airflow/dags/spotify_to_csvs_to_s3.py
[2024-04-17T07:43:11.462+0000] {processor.py:830} INFO - Processing file /opt/airflow/dags/spotify_to_csvs_to_s3.py for tasks to queue
[2024-04-17T07:43:11.464+0000] {logging_mixin.py:188} INFO - [2024-04-17T07:43:11.463+0000] {dagbag.py:540} INFO - Filling up the DagBag from /opt/airflow/dags/spotify_to_csvs_to_s3.py
[2024-04-17T07:43:12.270+0000] {logging_mixin.py:188} INFO - Authenticating User...
[2024-04-17T07:43:12.275+0000] {logging_mixin.py:188} INFO - csv_data/albums_table.csv 
[2024-04-17T07:43:12.276+0000] {logging_mixin.py:188} INFO - albums_table.csv
[2024-04-17T07:43:12.277+0000] {logging_mixin.py:188} INFO - csv_data/artists_table.csv 
[2024-04-17T07:43:12.278+0000] {logging_mixin.py:188} INFO - artists_table.csv
[2024-04-17T07:43:12.278+0000] {logging_mixin.py:188} INFO - csv_data/track_table.csv 
[2024-04-17T07:43:12.279+0000] {logging_mixin.py:188} INFO - track_table.csv
[2024-04-17T07:43:12.282+0000] {processor.py:840} INFO - DAG(s) 'spotify_to_s3_extraction' retrieved from /opt/airflow/dags/spotify_to_csvs_to_s3.py
[2024-04-17T07:43:12.313+0000] {logging_mixin.py:188} INFO - [2024-04-17T07:43:12.312+0000] {dag.py:3047} INFO - Sync 1 DAGs
[2024-04-17T07:43:12.341+0000] {logging_mixin.py:188} INFO - [2024-04-17T07:43:12.341+0000] {dag.py:3834} INFO - Setting next_dagrun for spotify_to_s3_extraction to 2024-04-16 00:00:00+00:00, run_after=2024-04-17 00:00:00+00:00
[2024-04-17T07:43:12.368+0000] {processor.py:183} INFO - Processing /opt/airflow/dags/spotify_to_csvs_to_s3.py took 0.913 seconds
[2024-04-17T07:43:56.420+0000] {processor.py:161} INFO - Started process (PID=33880) to work on /opt/airflow/dags/spotify_to_csvs_to_s3.py
[2024-04-17T07:43:56.422+0000] {processor.py:830} INFO - Processing file /opt/airflow/dags/spotify_to_csvs_to_s3.py for tasks to queue
[2024-04-17T07:43:56.424+0000] {logging_mixin.py:188} INFO - [2024-04-17T07:43:56.424+0000] {dagbag.py:540} INFO - Filling up the DagBag from /opt/airflow/dags/spotify_to_csvs_to_s3.py
[2024-04-17T07:43:57.328+0000] {logging_mixin.py:188} INFO - Authenticating User...
[2024-04-17T07:43:57.333+0000] {logging_mixin.py:188} INFO - csv_data/albums_table.csv 
[2024-04-17T07:43:57.334+0000] {logging_mixin.py:188} INFO - albums_table.csv
[2024-04-17T07:43:57.335+0000] {logging_mixin.py:188} INFO - csv_data/artists_table.csv 
[2024-04-17T07:43:57.335+0000] {logging_mixin.py:188} INFO - artists_table.csv
[2024-04-17T07:43:57.336+0000] {logging_mixin.py:188} INFO - csv_data/track_table.csv 
[2024-04-17T07:43:57.337+0000] {logging_mixin.py:188} INFO - track_table.csv
[2024-04-17T07:43:57.340+0000] {processor.py:840} INFO - DAG(s) 'spotify_to_s3_extraction' retrieved from /opt/airflow/dags/spotify_to_csvs_to_s3.py
[2024-04-17T07:43:57.372+0000] {logging_mixin.py:188} INFO - [2024-04-17T07:43:57.372+0000] {dag.py:3047} INFO - Sync 1 DAGs
[2024-04-17T07:43:57.418+0000] {logging_mixin.py:188} INFO - [2024-04-17T07:43:57.417+0000] {dag.py:3834} INFO - Setting next_dagrun for spotify_to_s3_extraction to 2024-04-16 00:00:00+00:00, run_after=2024-04-17 00:00:00+00:00
[2024-04-17T07:43:57.451+0000] {processor.py:183} INFO - Processing /opt/airflow/dags/spotify_to_csvs_to_s3.py took 1.039 seconds
[2024-04-17T08:44:23.552+0000] {processor.py:161} INFO - Started process (PID=33892) to work on /opt/airflow/dags/spotify_to_csvs_to_s3.py
[2024-04-17T08:44:23.554+0000] {processor.py:830} INFO - Processing file /opt/airflow/dags/spotify_to_csvs_to_s3.py for tasks to queue
[2024-04-17T08:44:23.556+0000] {logging_mixin.py:188} INFO - [2024-04-17T08:44:23.556+0000] {dagbag.py:540} INFO - Filling up the DagBag from /opt/airflow/dags/spotify_to_csvs_to_s3.py
[2024-04-17T08:44:24.387+0000] {logging_mixin.py:188} INFO - Authenticating User...
[2024-04-17T08:44:24.407+0000] {logging_mixin.py:188} INFO - csv_data/albums_table.csv 
[2024-04-17T08:44:24.408+0000] {logging_mixin.py:188} INFO - albums_table.csv
[2024-04-17T08:44:24.408+0000] {logging_mixin.py:188} INFO - csv_data/artists_table.csv 
[2024-04-17T08:44:24.409+0000] {logging_mixin.py:188} INFO - artists_table.csv
[2024-04-17T08:44:24.410+0000] {logging_mixin.py:188} INFO - csv_data/track_table.csv 
[2024-04-17T08:44:24.411+0000] {logging_mixin.py:188} INFO - track_table.csv
[2024-04-17T08:44:24.413+0000] {processor.py:840} INFO - DAG(s) 'spotify_to_s3_extraction' retrieved from /opt/airflow/dags/spotify_to_csvs_to_s3.py
[2024-04-17T08:44:24.446+0000] {logging_mixin.py:188} INFO - [2024-04-17T08:44:24.445+0000] {dag.py:3047} INFO - Sync 1 DAGs
[2024-04-17T08:44:24.476+0000] {logging_mixin.py:188} INFO - [2024-04-17T08:44:24.476+0000] {dag.py:3834} INFO - Setting next_dagrun for spotify_to_s3_extraction to 2024-04-16 00:00:00+00:00, run_after=2024-04-17 00:00:00+00:00
[2024-04-17T08:44:24.504+0000] {processor.py:183} INFO - Processing /opt/airflow/dags/spotify_to_csvs_to_s3.py took 0.959 seconds
[2024-04-17T08:45:06.445+0000] {processor.py:161} INFO - Started process (PID=33904) to work on /opt/airflow/dags/spotify_to_csvs_to_s3.py
[2024-04-17T08:45:06.449+0000] {processor.py:830} INFO - Processing file /opt/airflow/dags/spotify_to_csvs_to_s3.py for tasks to queue
[2024-04-17T08:45:06.453+0000] {logging_mixin.py:188} INFO - [2024-04-17T08:45:06.451+0000] {dagbag.py:540} INFO - Filling up the DagBag from /opt/airflow/dags/spotify_to_csvs_to_s3.py
[2024-04-17T08:45:07.649+0000] {logging_mixin.py:188} INFO - Authenticating User...
[2024-04-17T08:45:07.657+0000] {logging_mixin.py:188} INFO - csv_data/albums_table.csv 
[2024-04-17T08:45:07.658+0000] {logging_mixin.py:188} INFO - albums_table.csv
[2024-04-17T08:45:07.658+0000] {logging_mixin.py:188} INFO - csv_data/artists_table.csv 
[2024-04-17T08:45:07.659+0000] {logging_mixin.py:188} INFO - artists_table.csv
[2024-04-17T08:45:07.660+0000] {logging_mixin.py:188} INFO - csv_data/track_table.csv 
[2024-04-17T08:45:07.661+0000] {logging_mixin.py:188} INFO - track_table.csv
[2024-04-17T08:45:07.665+0000] {processor.py:840} INFO - DAG(s) 'spotify_to_s3_extraction' retrieved from /opt/airflow/dags/spotify_to_csvs_to_s3.py
[2024-04-17T08:45:07.705+0000] {logging_mixin.py:188} INFO - [2024-04-17T08:45:07.704+0000] {dag.py:3047} INFO - Sync 1 DAGs
[2024-04-17T08:45:07.742+0000] {logging_mixin.py:188} INFO - [2024-04-17T08:45:07.741+0000] {dag.py:3834} INFO - Setting next_dagrun for spotify_to_s3_extraction to 2024-04-16 00:00:00+00:00, run_after=2024-04-17 00:00:00+00:00
[2024-04-17T08:45:07.773+0000] {processor.py:183} INFO - Processing /opt/airflow/dags/spotify_to_csvs_to_s3.py took 1.339 seconds
[2024-04-17T09:45:33.914+0000] {processor.py:161} INFO - Started process (PID=33916) to work on /opt/airflow/dags/spotify_to_csvs_to_s3.py
[2024-04-17T09:45:33.916+0000] {processor.py:830} INFO - Processing file /opt/airflow/dags/spotify_to_csvs_to_s3.py for tasks to queue
[2024-04-17T09:45:33.917+0000] {logging_mixin.py:188} INFO - [2024-04-17T09:45:33.917+0000] {dagbag.py:540} INFO - Filling up the DagBag from /opt/airflow/dags/spotify_to_csvs_to_s3.py
[2024-04-17T09:45:34.679+0000] {logging_mixin.py:188} INFO - Authenticating User...
[2024-04-17T09:45:34.686+0000] {logging_mixin.py:188} INFO - csv_data/albums_table.csv 
[2024-04-17T09:45:34.687+0000] {logging_mixin.py:188} INFO - albums_table.csv
[2024-04-17T09:45:34.688+0000] {logging_mixin.py:188} INFO - csv_data/artists_table.csv 
[2024-04-17T09:45:34.688+0000] {logging_mixin.py:188} INFO - artists_table.csv
[2024-04-17T09:45:34.689+0000] {logging_mixin.py:188} INFO - csv_data/track_table.csv 
[2024-04-17T09:45:34.690+0000] {logging_mixin.py:188} INFO - track_table.csv
[2024-04-17T09:45:34.692+0000] {processor.py:840} INFO - DAG(s) 'spotify_to_s3_extraction' retrieved from /opt/airflow/dags/spotify_to_csvs_to_s3.py
[2024-04-17T09:45:34.728+0000] {logging_mixin.py:188} INFO - [2024-04-17T09:45:34.727+0000] {dag.py:3047} INFO - Sync 1 DAGs
[2024-04-17T09:45:34.756+0000] {logging_mixin.py:188} INFO - [2024-04-17T09:45:34.756+0000] {dag.py:3834} INFO - Setting next_dagrun for spotify_to_s3_extraction to 2024-04-16 00:00:00+00:00, run_after=2024-04-17 00:00:00+00:00
[2024-04-17T09:45:34.782+0000] {processor.py:183} INFO - Processing /opt/airflow/dags/spotify_to_csvs_to_s3.py took 0.875 seconds
[2024-04-17T10:46:24.228+0000] {processor.py:161} INFO - Started process (PID=33928) to work on /opt/airflow/dags/spotify_to_csvs_to_s3.py
[2024-04-17T10:46:24.232+0000] {processor.py:830} INFO - Processing file /opt/airflow/dags/spotify_to_csvs_to_s3.py for tasks to queue
[2024-04-17T10:46:24.234+0000] {logging_mixin.py:188} INFO - [2024-04-17T10:46:24.234+0000] {dagbag.py:540} INFO - Filling up the DagBag from /opt/airflow/dags/spotify_to_csvs_to_s3.py
[2024-04-17T10:46:25.081+0000] {logging_mixin.py:188} INFO - Authenticating User...
[2024-04-17T10:46:25.087+0000] {logging_mixin.py:188} INFO - csv_data/albums_table.csv 
[2024-04-17T10:46:25.088+0000] {logging_mixin.py:188} INFO - albums_table.csv
[2024-04-17T10:46:25.089+0000] {logging_mixin.py:188} INFO - csv_data/artists_table.csv 
[2024-04-17T10:46:25.090+0000] {logging_mixin.py:188} INFO - artists_table.csv
[2024-04-17T10:46:25.090+0000] {logging_mixin.py:188} INFO - csv_data/track_table.csv 
[2024-04-17T10:46:25.091+0000] {logging_mixin.py:188} INFO - track_table.csv
[2024-04-17T10:46:25.094+0000] {processor.py:840} INFO - DAG(s) 'spotify_to_s3_extraction' retrieved from /opt/airflow/dags/spotify_to_csvs_to_s3.py
[2024-04-17T10:46:25.125+0000] {logging_mixin.py:188} INFO - [2024-04-17T10:46:25.125+0000] {dag.py:3047} INFO - Sync 1 DAGs
[2024-04-17T10:46:25.158+0000] {logging_mixin.py:188} INFO - [2024-04-17T10:46:25.157+0000] {dag.py:3834} INFO - Setting next_dagrun for spotify_to_s3_extraction to 2024-04-16 00:00:00+00:00, run_after=2024-04-17 00:00:00+00:00
[2024-04-17T10:46:25.183+0000] {processor.py:183} INFO - Processing /opt/airflow/dags/spotify_to_csvs_to_s3.py took 0.966 seconds
[2024-04-17T10:46:55.395+0000] {processor.py:161} INFO - Started process (PID=33940) to work on /opt/airflow/dags/spotify_to_csvs_to_s3.py
[2024-04-17T10:46:55.397+0000] {processor.py:830} INFO - Processing file /opt/airflow/dags/spotify_to_csvs_to_s3.py for tasks to queue
[2024-04-17T10:46:55.398+0000] {logging_mixin.py:188} INFO - [2024-04-17T10:46:55.398+0000] {dagbag.py:540} INFO - Filling up the DagBag from /opt/airflow/dags/spotify_to_csvs_to_s3.py
[2024-04-17T10:46:56.261+0000] {logging_mixin.py:188} INFO - Authenticating User...
[2024-04-17T10:46:56.266+0000] {logging_mixin.py:188} INFO - csv_data/albums_table.csv 
[2024-04-17T10:46:56.267+0000] {logging_mixin.py:188} INFO - albums_table.csv
[2024-04-17T10:46:56.268+0000] {logging_mixin.py:188} INFO - csv_data/artists_table.csv 
[2024-04-17T10:46:56.268+0000] {logging_mixin.py:188} INFO - artists_table.csv
[2024-04-17T10:46:56.269+0000] {logging_mixin.py:188} INFO - csv_data/track_table.csv 
[2024-04-17T10:46:56.270+0000] {logging_mixin.py:188} INFO - track_table.csv
[2024-04-17T10:46:56.272+0000] {processor.py:840} INFO - DAG(s) 'spotify_to_s3_extraction' retrieved from /opt/airflow/dags/spotify_to_csvs_to_s3.py
[2024-04-17T10:46:56.302+0000] {logging_mixin.py:188} INFO - [2024-04-17T10:46:56.301+0000] {dag.py:3047} INFO - Sync 1 DAGs
[2024-04-17T10:46:56.332+0000] {logging_mixin.py:188} INFO - [2024-04-17T10:46:56.332+0000] {dag.py:3834} INFO - Setting next_dagrun for spotify_to_s3_extraction to 2024-04-16 00:00:00+00:00, run_after=2024-04-17 00:00:00+00:00
[2024-04-17T10:46:56.360+0000] {processor.py:183} INFO - Processing /opt/airflow/dags/spotify_to_csvs_to_s3.py took 0.971 seconds
[2024-04-17T11:06:14.436+0000] {processor.py:161} INFO - Started process (PID=33953) to work on /opt/airflow/dags/spotify_to_csvs_to_s3.py
[2024-04-17T11:06:14.439+0000] {processor.py:830} INFO - Processing file /opt/airflow/dags/spotify_to_csvs_to_s3.py for tasks to queue
[2024-04-17T11:06:14.442+0000] {logging_mixin.py:188} INFO - [2024-04-17T11:06:14.441+0000] {dagbag.py:540} INFO - Filling up the DagBag from /opt/airflow/dags/spotify_to_csvs_to_s3.py
[2024-04-17T11:06:15.281+0000] {logging_mixin.py:188} INFO - Authenticating User...
[2024-04-17T11:06:15.287+0000] {logging_mixin.py:188} INFO - csv_data/albums_table.csv 
[2024-04-17T11:06:15.287+0000] {logging_mixin.py:188} INFO - albums_table.csv
[2024-04-17T11:06:15.288+0000] {logging_mixin.py:188} INFO - csv_data/artists_table.csv 
[2024-04-17T11:06:15.289+0000] {logging_mixin.py:188} INFO - artists_table.csv
[2024-04-17T11:06:15.290+0000] {logging_mixin.py:188} INFO - csv_data/track_table.csv 
[2024-04-17T11:06:15.290+0000] {logging_mixin.py:188} INFO - track_table.csv
[2024-04-17T11:06:15.293+0000] {processor.py:840} INFO - DAG(s) 'spotify_to_s3_extraction' retrieved from /opt/airflow/dags/spotify_to_csvs_to_s3.py
[2024-04-17T11:06:15.323+0000] {logging_mixin.py:188} INFO - [2024-04-17T11:06:15.323+0000] {dag.py:3047} INFO - Sync 1 DAGs
[2024-04-17T11:06:15.358+0000] {logging_mixin.py:188} INFO - [2024-04-17T11:06:15.358+0000] {dag.py:3834} INFO - Setting next_dagrun for spotify_to_s3_extraction to 2024-04-16 00:00:00+00:00, run_after=2024-04-17 00:00:00+00:00
[2024-04-17T11:06:15.386+0000] {processor.py:183} INFO - Processing /opt/airflow/dags/spotify_to_csvs_to_s3.py took 0.959 seconds
[2024-04-17T11:06:45.554+0000] {processor.py:161} INFO - Started process (PID=33965) to work on /opt/airflow/dags/spotify_to_csvs_to_s3.py
[2024-04-17T11:06:45.556+0000] {processor.py:830} INFO - Processing file /opt/airflow/dags/spotify_to_csvs_to_s3.py for tasks to queue
[2024-04-17T11:06:45.557+0000] {logging_mixin.py:188} INFO - [2024-04-17T11:06:45.557+0000] {dagbag.py:540} INFO - Filling up the DagBag from /opt/airflow/dags/spotify_to_csvs_to_s3.py
[2024-04-17T11:06:46.293+0000] {logging_mixin.py:188} INFO - Authenticating User...
[2024-04-17T11:06:46.300+0000] {logging_mixin.py:188} INFO - csv_data/albums_table.csv 
[2024-04-17T11:06:46.300+0000] {logging_mixin.py:188} INFO - albums_table.csv
[2024-04-17T11:06:46.301+0000] {logging_mixin.py:188} INFO - csv_data/artists_table.csv 
[2024-04-17T11:06:46.302+0000] {logging_mixin.py:188} INFO - artists_table.csv
[2024-04-17T11:06:46.303+0000] {logging_mixin.py:188} INFO - csv_data/track_table.csv 
[2024-04-17T11:06:46.303+0000] {logging_mixin.py:188} INFO - track_table.csv
[2024-04-17T11:06:46.306+0000] {processor.py:840} INFO - DAG(s) 'spotify_to_s3_extraction' retrieved from /opt/airflow/dags/spotify_to_csvs_to_s3.py
[2024-04-17T11:06:46.342+0000] {logging_mixin.py:188} INFO - [2024-04-17T11:06:46.341+0000] {dag.py:3047} INFO - Sync 1 DAGs
[2024-04-17T11:06:46.379+0000] {logging_mixin.py:188} INFO - [2024-04-17T11:06:46.378+0000] {dag.py:3834} INFO - Setting next_dagrun for spotify_to_s3_extraction to 2024-04-16 00:00:00+00:00, run_after=2024-04-17 00:00:00+00:00
[2024-04-17T11:06:46.412+0000] {processor.py:183} INFO - Processing /opt/airflow/dags/spotify_to_csvs_to_s3.py took 0.865 seconds
[2024-04-17T11:47:36.474+0000] {processor.py:161} INFO - Started process (PID=33977) to work on /opt/airflow/dags/spotify_to_csvs_to_s3.py
[2024-04-17T11:47:36.482+0000] {processor.py:830} INFO - Processing file /opt/airflow/dags/spotify_to_csvs_to_s3.py for tasks to queue
[2024-04-17T11:47:36.485+0000] {logging_mixin.py:188} INFO - [2024-04-17T11:47:36.484+0000] {dagbag.py:540} INFO - Filling up the DagBag from /opt/airflow/dags/spotify_to_csvs_to_s3.py
[2024-04-17T11:47:37.215+0000] {logging_mixin.py:188} INFO - Authenticating User...
[2024-04-17T11:47:37.221+0000] {logging_mixin.py:188} INFO - csv_data/albums_table.csv 
[2024-04-17T11:47:37.222+0000] {logging_mixin.py:188} INFO - albums_table.csv
[2024-04-17T11:47:37.222+0000] {logging_mixin.py:188} INFO - csv_data/artists_table.csv 
[2024-04-17T11:47:37.223+0000] {logging_mixin.py:188} INFO - artists_table.csv
[2024-04-17T11:47:37.224+0000] {logging_mixin.py:188} INFO - csv_data/track_table.csv 
[2024-04-17T11:47:37.224+0000] {logging_mixin.py:188} INFO - track_table.csv
[2024-04-17T11:47:37.226+0000] {processor.py:840} INFO - DAG(s) 'spotify_to_s3_extraction' retrieved from /opt/airflow/dags/spotify_to_csvs_to_s3.py
[2024-04-17T11:47:37.258+0000] {logging_mixin.py:188} INFO - [2024-04-17T11:47:37.257+0000] {dag.py:3047} INFO - Sync 1 DAGs
[2024-04-17T11:47:37.287+0000] {logging_mixin.py:188} INFO - [2024-04-17T11:47:37.287+0000] {dag.py:3834} INFO - Setting next_dagrun for spotify_to_s3_extraction to 2024-04-16 00:00:00+00:00, run_after=2024-04-17 00:00:00+00:00
[2024-04-17T11:47:37.314+0000] {processor.py:183} INFO - Processing /opt/airflow/dags/spotify_to_csvs_to_s3.py took 0.846 seconds
[2024-04-17T11:48:07.546+0000] {processor.py:161} INFO - Started process (PID=33989) to work on /opt/airflow/dags/spotify_to_csvs_to_s3.py
[2024-04-17T11:48:07.548+0000] {processor.py:830} INFO - Processing file /opt/airflow/dags/spotify_to_csvs_to_s3.py for tasks to queue
[2024-04-17T11:48:07.550+0000] {logging_mixin.py:188} INFO - [2024-04-17T11:48:07.549+0000] {dagbag.py:540} INFO - Filling up the DagBag from /opt/airflow/dags/spotify_to_csvs_to_s3.py
[2024-04-17T11:48:08.366+0000] {logging_mixin.py:188} INFO - Authenticating User...
[2024-04-17T11:48:08.374+0000] {logging_mixin.py:188} INFO - csv_data/albums_table.csv 
[2024-04-17T11:48:08.375+0000] {logging_mixin.py:188} INFO - albums_table.csv
[2024-04-17T11:48:08.376+0000] {logging_mixin.py:188} INFO - csv_data/artists_table.csv 
[2024-04-17T11:48:08.377+0000] {logging_mixin.py:188} INFO - artists_table.csv
[2024-04-17T11:48:08.378+0000] {logging_mixin.py:188} INFO - csv_data/track_table.csv 
[2024-04-17T11:48:08.380+0000] {logging_mixin.py:188} INFO - track_table.csv
[2024-04-17T11:48:08.384+0000] {processor.py:840} INFO - DAG(s) 'spotify_to_s3_extraction' retrieved from /opt/airflow/dags/spotify_to_csvs_to_s3.py
[2024-04-17T11:48:08.430+0000] {logging_mixin.py:188} INFO - [2024-04-17T11:48:08.429+0000] {dag.py:3047} INFO - Sync 1 DAGs
[2024-04-17T11:48:08.503+0000] {logging_mixin.py:188} INFO - [2024-04-17T11:48:08.502+0000] {dag.py:3834} INFO - Setting next_dagrun for spotify_to_s3_extraction to 2024-04-16 00:00:00+00:00, run_after=2024-04-17 00:00:00+00:00
[2024-04-17T11:48:08.556+0000] {processor.py:183} INFO - Processing /opt/airflow/dags/spotify_to_csvs_to_s3.py took 1.015 seconds
[2024-04-17T12:48:46.637+0000] {processor.py:161} INFO - Started process (PID=34001) to work on /opt/airflow/dags/spotify_to_csvs_to_s3.py
[2024-04-17T12:48:46.639+0000] {processor.py:830} INFO - Processing file /opt/airflow/dags/spotify_to_csvs_to_s3.py for tasks to queue
[2024-04-17T12:48:46.641+0000] {logging_mixin.py:188} INFO - [2024-04-17T12:48:46.640+0000] {dagbag.py:540} INFO - Filling up the DagBag from /opt/airflow/dags/spotify_to_csvs_to_s3.py
[2024-04-17T12:48:47.369+0000] {logging_mixin.py:188} INFO - Authenticating User...
[2024-04-17T12:48:47.374+0000] {logging_mixin.py:188} INFO - csv_data/albums_table.csv 
[2024-04-17T12:48:47.375+0000] {logging_mixin.py:188} INFO - albums_table.csv
[2024-04-17T12:48:47.376+0000] {logging_mixin.py:188} INFO - csv_data/artists_table.csv 
[2024-04-17T12:48:47.377+0000] {logging_mixin.py:188} INFO - artists_table.csv
[2024-04-17T12:48:47.377+0000] {logging_mixin.py:188} INFO - csv_data/track_table.csv 
[2024-04-17T12:48:47.378+0000] {logging_mixin.py:188} INFO - track_table.csv
[2024-04-17T12:48:47.381+0000] {processor.py:840} INFO - DAG(s) 'spotify_to_s3_extraction' retrieved from /opt/airflow/dags/spotify_to_csvs_to_s3.py
[2024-04-17T12:48:47.414+0000] {logging_mixin.py:188} INFO - [2024-04-17T12:48:47.414+0000] {dag.py:3047} INFO - Sync 1 DAGs
[2024-04-17T12:48:47.454+0000] {logging_mixin.py:188} INFO - [2024-04-17T12:48:47.454+0000] {dag.py:3834} INFO - Setting next_dagrun for spotify_to_s3_extraction to 2024-04-16 00:00:00+00:00, run_after=2024-04-17 00:00:00+00:00
[2024-04-17T12:48:47.492+0000] {processor.py:183} INFO - Processing /opt/airflow/dags/spotify_to_csvs_to_s3.py took 0.861 seconds
[2024-04-17T12:49:17.662+0000] {processor.py:161} INFO - Started process (PID=34013) to work on /opt/airflow/dags/spotify_to_csvs_to_s3.py
[2024-04-17T12:49:17.664+0000] {processor.py:830} INFO - Processing file /opt/airflow/dags/spotify_to_csvs_to_s3.py for tasks to queue
[2024-04-17T12:49:17.666+0000] {logging_mixin.py:188} INFO - [2024-04-17T12:49:17.665+0000] {dagbag.py:540} INFO - Filling up the DagBag from /opt/airflow/dags/spotify_to_csvs_to_s3.py
[2024-04-17T12:49:18.428+0000] {logging_mixin.py:188} INFO - Authenticating User...
[2024-04-17T12:49:18.434+0000] {logging_mixin.py:188} INFO - csv_data/albums_table.csv 
[2024-04-17T12:49:18.435+0000] {logging_mixin.py:188} INFO - albums_table.csv
[2024-04-17T12:49:18.435+0000] {logging_mixin.py:188} INFO - csv_data/artists_table.csv 
[2024-04-17T12:49:18.436+0000] {logging_mixin.py:188} INFO - artists_table.csv
[2024-04-17T12:49:18.436+0000] {logging_mixin.py:188} INFO - csv_data/track_table.csv 
[2024-04-17T12:49:18.437+0000] {logging_mixin.py:188} INFO - track_table.csv
[2024-04-17T12:49:18.439+0000] {processor.py:840} INFO - DAG(s) 'spotify_to_s3_extraction' retrieved from /opt/airflow/dags/spotify_to_csvs_to_s3.py
[2024-04-17T12:49:18.468+0000] {logging_mixin.py:188} INFO - [2024-04-17T12:49:18.467+0000] {dag.py:3047} INFO - Sync 1 DAGs
[2024-04-17T12:49:18.496+0000] {logging_mixin.py:188} INFO - [2024-04-17T12:49:18.496+0000] {dag.py:3834} INFO - Setting next_dagrun for spotify_to_s3_extraction to 2024-04-16 00:00:00+00:00, run_after=2024-04-17 00:00:00+00:00
[2024-04-17T12:49:18.527+0000] {processor.py:183} INFO - Processing /opt/airflow/dags/spotify_to_csvs_to_s3.py took 0.870 seconds
[2024-04-17T13:06:47.953+0000] {processor.py:161} INFO - Started process (PID=34025) to work on /opt/airflow/dags/spotify_to_csvs_to_s3.py
[2024-04-17T13:06:47.956+0000] {processor.py:830} INFO - Processing file /opt/airflow/dags/spotify_to_csvs_to_s3.py for tasks to queue
[2024-04-17T13:06:47.970+0000] {logging_mixin.py:188} INFO - [2024-04-17T13:06:47.970+0000] {dagbag.py:540} INFO - Filling up the DagBag from /opt/airflow/dags/spotify_to_csvs_to_s3.py
[2024-04-17T13:06:48.712+0000] {logging_mixin.py:188} INFO - Authenticating User...
[2024-04-17T13:06:48.718+0000] {logging_mixin.py:188} INFO - csv_data/albums_table.csv 
[2024-04-17T13:06:48.719+0000] {logging_mixin.py:188} INFO - albums_table.csv
[2024-04-17T13:06:48.719+0000] {logging_mixin.py:188} INFO - csv_data/artists_table.csv 
[2024-04-17T13:06:48.720+0000] {logging_mixin.py:188} INFO - artists_table.csv
[2024-04-17T13:06:48.721+0000] {logging_mixin.py:188} INFO - csv_data/track_table.csv 
[2024-04-17T13:06:48.721+0000] {logging_mixin.py:188} INFO - track_table.csv
[2024-04-17T13:06:48.723+0000] {processor.py:840} INFO - DAG(s) 'spotify_to_s3_extraction' retrieved from /opt/airflow/dags/spotify_to_csvs_to_s3.py
[2024-04-17T13:06:48.755+0000] {logging_mixin.py:188} INFO - [2024-04-17T13:06:48.755+0000] {dag.py:3047} INFO - Sync 1 DAGs
[2024-04-17T13:06:48.786+0000] {logging_mixin.py:188} INFO - [2024-04-17T13:06:48.785+0000] {dag.py:3834} INFO - Setting next_dagrun for spotify_to_s3_extraction to 2024-04-16 00:00:00+00:00, run_after=2024-04-17 00:00:00+00:00
[2024-04-17T13:06:48.814+0000] {processor.py:183} INFO - Processing /opt/airflow/dags/spotify_to_csvs_to_s3.py took 0.868 seconds
[2024-04-17T13:07:29.299+0000] {processor.py:161} INFO - Started process (PID=34037) to work on /opt/airflow/dags/spotify_to_csvs_to_s3.py
[2024-04-17T13:07:29.303+0000] {processor.py:830} INFO - Processing file /opt/airflow/dags/spotify_to_csvs_to_s3.py for tasks to queue
[2024-04-17T13:07:29.310+0000] {logging_mixin.py:188} INFO - [2024-04-17T13:07:29.309+0000] {dagbag.py:540} INFO - Filling up the DagBag from /opt/airflow/dags/spotify_to_csvs_to_s3.py
[2024-04-17T13:07:30.104+0000] {logging_mixin.py:188} INFO - Authenticating User...
[2024-04-17T13:07:30.113+0000] {logging_mixin.py:188} INFO - csv_data/albums_table.csv 
[2024-04-17T13:07:30.114+0000] {logging_mixin.py:188} INFO - albums_table.csv
[2024-04-17T13:07:30.115+0000] {logging_mixin.py:188} INFO - csv_data/artists_table.csv 
[2024-04-17T13:07:30.116+0000] {logging_mixin.py:188} INFO - artists_table.csv
[2024-04-17T13:07:30.117+0000] {logging_mixin.py:188} INFO - csv_data/track_table.csv 
[2024-04-17T13:07:30.118+0000] {logging_mixin.py:188} INFO - track_table.csv
[2024-04-17T13:07:30.121+0000] {processor.py:840} INFO - DAG(s) 'spotify_to_s3_extraction' retrieved from /opt/airflow/dags/spotify_to_csvs_to_s3.py
[2024-04-17T13:07:30.163+0000] {logging_mixin.py:188} INFO - [2024-04-17T13:07:30.162+0000] {dag.py:3047} INFO - Sync 1 DAGs
[2024-04-17T13:07:30.208+0000] {logging_mixin.py:188} INFO - [2024-04-17T13:07:30.207+0000] {dag.py:3834} INFO - Setting next_dagrun for spotify_to_s3_extraction to 2024-04-16 00:00:00+00:00, run_after=2024-04-17 00:00:00+00:00
[2024-04-17T13:07:30.242+0000] {processor.py:183} INFO - Processing /opt/airflow/dags/spotify_to_csvs_to_s3.py took 0.952 seconds
[2024-04-17T13:50:06.986+0000] {processor.py:161} INFO - Started process (PID=34049) to work on /opt/airflow/dags/spotify_to_csvs_to_s3.py
[2024-04-17T13:50:06.988+0000] {processor.py:830} INFO - Processing file /opt/airflow/dags/spotify_to_csvs_to_s3.py for tasks to queue
[2024-04-17T13:50:06.989+0000] {logging_mixin.py:188} INFO - [2024-04-17T13:50:06.989+0000] {dagbag.py:540} INFO - Filling up the DagBag from /opt/airflow/dags/spotify_to_csvs_to_s3.py
[2024-04-17T13:50:07.591+0000] {logging_mixin.py:188} INFO - Authenticating User...
[2024-04-17T13:50:07.603+0000] {logging_mixin.py:188} INFO - csv_data/albums_table.csv 
[2024-04-17T13:50:07.604+0000] {logging_mixin.py:188} INFO - albums_table.csv
[2024-04-17T13:50:07.604+0000] {logging_mixin.py:188} INFO - csv_data/artists_table.csv 
[2024-04-17T13:50:07.605+0000] {logging_mixin.py:188} INFO - artists_table.csv
[2024-04-17T13:50:07.606+0000] {logging_mixin.py:188} INFO - csv_data/track_table.csv 
[2024-04-17T13:50:07.606+0000] {logging_mixin.py:188} INFO - track_table.csv
[2024-04-17T13:50:07.610+0000] {processor.py:840} INFO - DAG(s) 'spotify_to_s3_extraction' retrieved from /opt/airflow/dags/spotify_to_csvs_to_s3.py
[2024-04-17T13:50:07.652+0000] {logging_mixin.py:188} INFO - [2024-04-17T13:50:07.651+0000] {dag.py:3047} INFO - Sync 1 DAGs
[2024-04-17T13:50:07.685+0000] {logging_mixin.py:188} INFO - [2024-04-17T13:50:07.684+0000] {dag.py:3834} INFO - Setting next_dagrun for spotify_to_s3_extraction to 2024-04-16 00:00:00+00:00, run_after=2024-04-17 00:00:00+00:00
[2024-04-17T13:50:07.717+0000] {processor.py:183} INFO - Processing /opt/airflow/dags/spotify_to_csvs_to_s3.py took 0.737 seconds
[2024-04-17T14:50:57.560+0000] {processor.py:161} INFO - Started process (PID=34061) to work on /opt/airflow/dags/spotify_to_csvs_to_s3.py
[2024-04-17T14:50:57.563+0000] {processor.py:830} INFO - Processing file /opt/airflow/dags/spotify_to_csvs_to_s3.py for tasks to queue
[2024-04-17T14:50:57.566+0000] {logging_mixin.py:188} INFO - [2024-04-17T14:50:57.565+0000] {dagbag.py:540} INFO - Filling up the DagBag from /opt/airflow/dags/spotify_to_csvs_to_s3.py
[2024-04-17T14:50:58.286+0000] {logging_mixin.py:188} INFO - Authenticating User...
[2024-04-17T14:50:58.294+0000] {logging_mixin.py:188} INFO - csv_data/albums_table.csv 
[2024-04-17T14:50:58.295+0000] {logging_mixin.py:188} INFO - albums_table.csv
[2024-04-17T14:50:58.295+0000] {logging_mixin.py:188} INFO - csv_data/artists_table.csv 
[2024-04-17T14:50:58.296+0000] {logging_mixin.py:188} INFO - artists_table.csv
[2024-04-17T14:50:58.297+0000] {logging_mixin.py:188} INFO - csv_data/track_table.csv 
[2024-04-17T14:50:58.297+0000] {logging_mixin.py:188} INFO - track_table.csv
[2024-04-17T14:50:58.300+0000] {processor.py:840} INFO - DAG(s) 'spotify_to_s3_extraction' retrieved from /opt/airflow/dags/spotify_to_csvs_to_s3.py
[2024-04-17T14:50:58.334+0000] {logging_mixin.py:188} INFO - [2024-04-17T14:50:58.333+0000] {dag.py:3047} INFO - Sync 1 DAGs
[2024-04-17T14:50:58.367+0000] {logging_mixin.py:188} INFO - [2024-04-17T14:50:58.367+0000] {dag.py:3834} INFO - Setting next_dagrun for spotify_to_s3_extraction to 2024-04-16 00:00:00+00:00, run_after=2024-04-17 00:00:00+00:00
[2024-04-17T14:50:58.395+0000] {processor.py:183} INFO - Processing /opt/airflow/dags/spotify_to_csvs_to_s3.py took 0.845 seconds
[2024-04-17T15:52:10.046+0000] {processor.py:161} INFO - Started process (PID=34072) to work on /opt/airflow/dags/spotify_to_csvs_to_s3.py
[2024-04-17T15:52:10.049+0000] {processor.py:830} INFO - Processing file /opt/airflow/dags/spotify_to_csvs_to_s3.py for tasks to queue
[2024-04-17T15:52:10.050+0000] {logging_mixin.py:188} INFO - [2024-04-17T15:52:10.050+0000] {dagbag.py:540} INFO - Filling up the DagBag from /opt/airflow/dags/spotify_to_csvs_to_s3.py
[2024-04-17T15:52:10.682+0000] {logging_mixin.py:188} INFO - Authenticating User...
[2024-04-17T15:52:10.695+0000] {logging_mixin.py:188} INFO - csv_data/albums_table.csv 
[2024-04-17T15:52:10.697+0000] {logging_mixin.py:188} INFO - albums_table.csv
[2024-04-17T15:52:10.698+0000] {logging_mixin.py:188} INFO - csv_data/artists_table.csv 
[2024-04-17T15:52:10.699+0000] {logging_mixin.py:188} INFO - artists_table.csv
[2024-04-17T15:52:10.700+0000] {logging_mixin.py:188} INFO - csv_data/track_table.csv 
[2024-04-17T15:52:10.700+0000] {logging_mixin.py:188} INFO - track_table.csv
[2024-04-17T15:52:10.703+0000] {processor.py:840} INFO - DAG(s) 'spotify_to_s3_extraction' retrieved from /opt/airflow/dags/spotify_to_csvs_to_s3.py
[2024-04-17T15:52:10.737+0000] {logging_mixin.py:188} INFO - [2024-04-17T15:52:10.737+0000] {dag.py:3047} INFO - Sync 1 DAGs
[2024-04-17T15:52:10.771+0000] {logging_mixin.py:188} INFO - [2024-04-17T15:52:10.771+0000] {dag.py:3834} INFO - Setting next_dagrun for spotify_to_s3_extraction to 2024-04-16 00:00:00+00:00, run_after=2024-04-17 00:00:00+00:00
[2024-04-17T15:52:10.827+0000] {processor.py:183} INFO - Processing /opt/airflow/dags/spotify_to_csvs_to_s3.py took 0.786 seconds
[2024-04-17T16:53:14.798+0000] {processor.py:161} INFO - Started process (PID=34084) to work on /opt/airflow/dags/spotify_to_csvs_to_s3.py
[2024-04-17T16:53:14.801+0000] {processor.py:830} INFO - Processing file /opt/airflow/dags/spotify_to_csvs_to_s3.py for tasks to queue
[2024-04-17T16:53:14.803+0000] {logging_mixin.py:188} INFO - [2024-04-17T16:53:14.802+0000] {dagbag.py:540} INFO - Filling up the DagBag from /opt/airflow/dags/spotify_to_csvs_to_s3.py
[2024-04-17T16:53:15.586+0000] {logging_mixin.py:188} INFO - Authenticating User...
[2024-04-17T16:53:15.597+0000] {logging_mixin.py:188} INFO - csv_data/albums_table.csv 
[2024-04-17T16:53:15.597+0000] {logging_mixin.py:188} INFO - albums_table.csv
[2024-04-17T16:53:15.598+0000] {logging_mixin.py:188} INFO - csv_data/artists_table.csv 
[2024-04-17T16:53:15.599+0000] {logging_mixin.py:188} INFO - artists_table.csv
[2024-04-17T16:53:15.600+0000] {logging_mixin.py:188} INFO - csv_data/track_table.csv 
[2024-04-17T16:53:15.600+0000] {logging_mixin.py:188} INFO - track_table.csv
[2024-04-17T16:53:15.603+0000] {processor.py:840} INFO - DAG(s) 'spotify_to_s3_extraction' retrieved from /opt/airflow/dags/spotify_to_csvs_to_s3.py
[2024-04-17T16:53:15.641+0000] {logging_mixin.py:188} INFO - [2024-04-17T16:53:15.641+0000] {dag.py:3047} INFO - Sync 1 DAGs
[2024-04-17T16:53:15.679+0000] {logging_mixin.py:188} INFO - [2024-04-17T16:53:15.679+0000] {dag.py:3834} INFO - Setting next_dagrun for spotify_to_s3_extraction to 2024-04-16 00:00:00+00:00, run_after=2024-04-17 00:00:00+00:00
[2024-04-17T16:53:15.714+0000] {processor.py:183} INFO - Processing /opt/airflow/dags/spotify_to_csvs_to_s3.py took 0.925 seconds
[2024-04-17T16:53:45.846+0000] {processor.py:161} INFO - Started process (PID=34096) to work on /opt/airflow/dags/spotify_to_csvs_to_s3.py
[2024-04-17T16:53:45.848+0000] {processor.py:830} INFO - Processing file /opt/airflow/dags/spotify_to_csvs_to_s3.py for tasks to queue
[2024-04-17T16:53:45.850+0000] {logging_mixin.py:188} INFO - [2024-04-17T16:53:45.849+0000] {dagbag.py:540} INFO - Filling up the DagBag from /opt/airflow/dags/spotify_to_csvs_to_s3.py
[2024-04-17T16:53:46.489+0000] {logging_mixin.py:188} INFO - Authenticating User...
[2024-04-17T16:53:46.498+0000] {logging_mixin.py:188} INFO - csv_data/albums_table.csv 
[2024-04-17T16:53:46.498+0000] {logging_mixin.py:188} INFO - albums_table.csv
[2024-04-17T16:53:46.499+0000] {logging_mixin.py:188} INFO - csv_data/artists_table.csv 
[2024-04-17T16:53:46.500+0000] {logging_mixin.py:188} INFO - artists_table.csv
[2024-04-17T16:53:46.501+0000] {logging_mixin.py:188} INFO - csv_data/track_table.csv 
[2024-04-17T16:53:46.501+0000] {logging_mixin.py:188} INFO - track_table.csv
[2024-04-17T16:53:46.504+0000] {processor.py:840} INFO - DAG(s) 'spotify_to_s3_extraction' retrieved from /opt/airflow/dags/spotify_to_csvs_to_s3.py
[2024-04-17T16:53:46.538+0000] {logging_mixin.py:188} INFO - [2024-04-17T16:53:46.537+0000] {dag.py:3047} INFO - Sync 1 DAGs
[2024-04-17T16:53:46.570+0000] {logging_mixin.py:188} INFO - [2024-04-17T16:53:46.569+0000] {dag.py:3834} INFO - Setting next_dagrun for spotify_to_s3_extraction to 2024-04-16 00:00:00+00:00, run_after=2024-04-17 00:00:00+00:00
[2024-04-17T16:53:46.598+0000] {processor.py:183} INFO - Processing /opt/airflow/dags/spotify_to_csvs_to_s3.py took 0.759 seconds
[2024-04-17T17:54:24.266+0000] {processor.py:161} INFO - Started process (PID=34108) to work on /opt/airflow/dags/spotify_to_csvs_to_s3.py
[2024-04-17T17:54:24.269+0000] {processor.py:830} INFO - Processing file /opt/airflow/dags/spotify_to_csvs_to_s3.py for tasks to queue
[2024-04-17T17:54:24.273+0000] {logging_mixin.py:188} INFO - [2024-04-17T17:54:24.272+0000] {dagbag.py:540} INFO - Filling up the DagBag from /opt/airflow/dags/spotify_to_csvs_to_s3.py
[2024-04-17T17:54:25.009+0000] {logging_mixin.py:188} INFO - Authenticating User...
[2024-04-17T17:54:25.019+0000] {logging_mixin.py:188} INFO - csv_data/albums_table.csv 
[2024-04-17T17:54:25.020+0000] {logging_mixin.py:188} INFO - albums_table.csv
[2024-04-17T17:54:25.020+0000] {logging_mixin.py:188} INFO - csv_data/artists_table.csv 
[2024-04-17T17:54:25.021+0000] {logging_mixin.py:188} INFO - artists_table.csv
[2024-04-17T17:54:25.022+0000] {logging_mixin.py:188} INFO - csv_data/track_table.csv 
[2024-04-17T17:54:25.022+0000] {logging_mixin.py:188} INFO - track_table.csv
[2024-04-17T17:54:25.025+0000] {processor.py:840} INFO - DAG(s) 'spotify_to_s3_extraction' retrieved from /opt/airflow/dags/spotify_to_csvs_to_s3.py
[2024-04-17T17:54:25.062+0000] {logging_mixin.py:188} INFO - [2024-04-17T17:54:25.061+0000] {dag.py:3047} INFO - Sync 1 DAGs
[2024-04-17T17:54:25.095+0000] {logging_mixin.py:188} INFO - [2024-04-17T17:54:25.095+0000] {dag.py:3834} INFO - Setting next_dagrun for spotify_to_s3_extraction to 2024-04-16 00:00:00+00:00, run_after=2024-04-17 00:00:00+00:00
[2024-04-17T17:54:25.122+0000] {processor.py:183} INFO - Processing /opt/airflow/dags/spotify_to_csvs_to_s3.py took 0.877 seconds
[2024-04-17T17:54:55.249+0000] {processor.py:161} INFO - Started process (PID=34120) to work on /opt/airflow/dags/spotify_to_csvs_to_s3.py
[2024-04-17T17:54:55.251+0000] {processor.py:830} INFO - Processing file /opt/airflow/dags/spotify_to_csvs_to_s3.py for tasks to queue
[2024-04-17T17:54:55.253+0000] {logging_mixin.py:188} INFO - [2024-04-17T17:54:55.252+0000] {dagbag.py:540} INFO - Filling up the DagBag from /opt/airflow/dags/spotify_to_csvs_to_s3.py
[2024-04-17T17:54:55.837+0000] {logging_mixin.py:188} INFO - Authenticating User...
[2024-04-17T17:54:55.846+0000] {logging_mixin.py:188} INFO - csv_data/albums_table.csv 
[2024-04-17T17:54:55.847+0000] {logging_mixin.py:188} INFO - albums_table.csv
[2024-04-17T17:54:55.847+0000] {logging_mixin.py:188} INFO - csv_data/artists_table.csv 
[2024-04-17T17:54:55.848+0000] {logging_mixin.py:188} INFO - artists_table.csv
[2024-04-17T17:54:55.849+0000] {logging_mixin.py:188} INFO - csv_data/track_table.csv 
[2024-04-17T17:54:55.850+0000] {logging_mixin.py:188} INFO - track_table.csv
[2024-04-17T17:54:55.852+0000] {processor.py:840} INFO - DAG(s) 'spotify_to_s3_extraction' retrieved from /opt/airflow/dags/spotify_to_csvs_to_s3.py
[2024-04-17T17:54:55.888+0000] {logging_mixin.py:188} INFO - [2024-04-17T17:54:55.888+0000] {dag.py:3047} INFO - Sync 1 DAGs
[2024-04-17T17:54:55.922+0000] {logging_mixin.py:188} INFO - [2024-04-17T17:54:55.921+0000] {dag.py:3834} INFO - Setting next_dagrun for spotify_to_s3_extraction to 2024-04-16 00:00:00+00:00, run_after=2024-04-17 00:00:00+00:00
[2024-04-17T17:54:55.950+0000] {processor.py:183} INFO - Processing /opt/airflow/dags/spotify_to_csvs_to_s3.py took 0.708 seconds
[2024-04-17T18:20:36.919+0000] {processor.py:161} INFO - Started process (PID=34132) to work on /opt/airflow/dags/spotify_to_csvs_to_s3.py
[2024-04-17T18:20:36.922+0000] {processor.py:830} INFO - Processing file /opt/airflow/dags/spotify_to_csvs_to_s3.py for tasks to queue
[2024-04-17T18:20:36.924+0000] {logging_mixin.py:188} INFO - [2024-04-17T18:20:36.923+0000] {dagbag.py:540} INFO - Filling up the DagBag from /opt/airflow/dags/spotify_to_csvs_to_s3.py
[2024-04-17T18:20:37.778+0000] {logging_mixin.py:188} INFO - Authenticating User...
[2024-04-17T18:20:37.787+0000] {logging_mixin.py:188} INFO - csv_data/albums_table.csv 
[2024-04-17T18:20:37.788+0000] {logging_mixin.py:188} INFO - albums_table.csv
[2024-04-17T18:20:37.789+0000] {logging_mixin.py:188} INFO - csv_data/artists_table.csv 
[2024-04-17T18:20:37.789+0000] {logging_mixin.py:188} INFO - artists_table.csv
[2024-04-17T18:20:37.790+0000] {logging_mixin.py:188} INFO - csv_data/track_table.csv 
[2024-04-17T18:20:37.791+0000] {logging_mixin.py:188} INFO - track_table.csv
[2024-04-17T18:20:37.794+0000] {processor.py:840} INFO - DAG(s) 'spotify_to_s3_extraction' retrieved from /opt/airflow/dags/spotify_to_csvs_to_s3.py
[2024-04-17T18:20:37.836+0000] {logging_mixin.py:188} INFO - [2024-04-17T18:20:37.835+0000] {dag.py:3047} INFO - Sync 1 DAGs
[2024-04-17T18:20:37.874+0000] {logging_mixin.py:188} INFO - [2024-04-17T18:20:37.874+0000] {dag.py:3834} INFO - Setting next_dagrun for spotify_to_s3_extraction to 2024-04-16 00:00:00+00:00, run_after=2024-04-17 00:00:00+00:00
[2024-04-17T18:20:37.903+0000] {processor.py:183} INFO - Processing /opt/airflow/dags/spotify_to_csvs_to_s3.py took 0.993 seconds
[2024-04-17T18:21:08.039+0000] {processor.py:161} INFO - Started process (PID=34144) to work on /opt/airflow/dags/spotify_to_csvs_to_s3.py
[2024-04-17T18:21:08.041+0000] {processor.py:830} INFO - Processing file /opt/airflow/dags/spotify_to_csvs_to_s3.py for tasks to queue
[2024-04-17T18:21:08.043+0000] {logging_mixin.py:188} INFO - [2024-04-17T18:21:08.042+0000] {dagbag.py:540} INFO - Filling up the DagBag from /opt/airflow/dags/spotify_to_csvs_to_s3.py
[2024-04-17T18:21:22.531+0000] {logging_mixin.py:188} INFO - Authenticating User...
[2024-04-17T18:21:22.599+0000] {logging_mixin.py:188} INFO - csv_data/albums_table.csv 
[2024-04-17T18:21:22.600+0000] {logging_mixin.py:188} INFO - albums_table.csv
[2024-04-17T18:21:22.602+0000] {logging_mixin.py:188} INFO - csv_data/artists_table.csv 
[2024-04-17T18:21:22.603+0000] {logging_mixin.py:188} INFO - artists_table.csv
[2024-04-17T18:21:22.605+0000] {logging_mixin.py:188} INFO - csv_data/track_table.csv 
[2024-04-17T18:21:22.606+0000] {logging_mixin.py:188} INFO - track_table.csv
[2024-04-17T18:21:22.616+0000] {processor.py:840} INFO - DAG(s) 'spotify_to_s3_extraction' retrieved from /opt/airflow/dags/spotify_to_csvs_to_s3.py
[2024-04-17T18:21:22.861+0000] {logging_mixin.py:188} INFO - [2024-04-17T18:21:22.860+0000] {dag.py:3047} INFO - Sync 1 DAGs
[2024-04-17T18:21:22.992+0000] {logging_mixin.py:188} INFO - [2024-04-17T18:21:22.991+0000] {dag.py:3834} INFO - Setting next_dagrun for spotify_to_s3_extraction to 2024-04-16 00:00:00+00:00, run_after=2024-04-17 00:00:00+00:00
[2024-04-17T18:21:23.086+0000] {processor.py:183} INFO - Processing /opt/airflow/dags/spotify_to_csvs_to_s3.py took 15.052 seconds
[2024-04-17T18:55:41.330+0000] {processor.py:161} INFO - Started process (PID=34156) to work on /opt/airflow/dags/spotify_to_csvs_to_s3.py
[2024-04-17T18:55:41.332+0000] {processor.py:830} INFO - Processing file /opt/airflow/dags/spotify_to_csvs_to_s3.py for tasks to queue
[2024-04-17T18:55:41.334+0000] {logging_mixin.py:188} INFO - [2024-04-17T18:55:41.334+0000] {dagbag.py:540} INFO - Filling up the DagBag from /opt/airflow/dags/spotify_to_csvs_to_s3.py
[2024-04-17T18:55:42.024+0000] {logging_mixin.py:188} INFO - Authenticating User...
[2024-04-17T18:55:42.050+0000] {logging_mixin.py:188} INFO - csv_data/albums_table.csv 
[2024-04-17T18:55:42.064+0000] {logging_mixin.py:188} INFO - albums_table.csv
[2024-04-17T18:55:42.065+0000] {logging_mixin.py:188} INFO - csv_data/artists_table.csv 
[2024-04-17T18:55:42.086+0000] {logging_mixin.py:188} INFO - artists_table.csv
[2024-04-17T18:55:42.108+0000] {logging_mixin.py:188} INFO - csv_data/track_table.csv 
[2024-04-17T18:55:42.110+0000] {logging_mixin.py:188} INFO - track_table.csv
[2024-04-17T18:55:42.114+0000] {processor.py:840} INFO - DAG(s) 'spotify_to_s3_extraction' retrieved from /opt/airflow/dags/spotify_to_csvs_to_s3.py
[2024-04-17T18:55:42.150+0000] {logging_mixin.py:188} INFO - [2024-04-17T18:55:42.149+0000] {dag.py:3047} INFO - Sync 1 DAGs
[2024-04-17T18:55:42.212+0000] {logging_mixin.py:188} INFO - [2024-04-17T18:55:42.211+0000] {dag.py:3834} INFO - Setting next_dagrun for spotify_to_s3_extraction to 2024-04-16 00:00:00+00:00, run_after=2024-04-17 00:00:00+00:00
[2024-04-17T18:55:42.281+0000] {processor.py:183} INFO - Processing /opt/airflow/dags/spotify_to_csvs_to_s3.py took 0.957 seconds
[2024-04-17T18:56:13.009+0000] {processor.py:161} INFO - Started process (PID=34169) to work on /opt/airflow/dags/spotify_to_csvs_to_s3.py
[2024-04-17T18:56:13.011+0000] {processor.py:830} INFO - Processing file /opt/airflow/dags/spotify_to_csvs_to_s3.py for tasks to queue
[2024-04-17T18:56:13.013+0000] {logging_mixin.py:188} INFO - [2024-04-17T18:56:13.012+0000] {dagbag.py:540} INFO - Filling up the DagBag from /opt/airflow/dags/spotify_to_csvs_to_s3.py
[2024-04-17T18:56:13.601+0000] {logging_mixin.py:188} INFO - Authenticating User...
[2024-04-17T18:56:13.609+0000] {logging_mixin.py:188} INFO - csv_data/albums_table.csv 
[2024-04-17T18:56:13.610+0000] {logging_mixin.py:188} INFO - albums_table.csv
[2024-04-17T18:56:13.611+0000] {logging_mixin.py:188} INFO - csv_data/artists_table.csv 
[2024-04-17T18:56:13.611+0000] {logging_mixin.py:188} INFO - artists_table.csv
[2024-04-17T18:56:13.612+0000] {logging_mixin.py:188} INFO - csv_data/track_table.csv 
[2024-04-17T18:56:13.613+0000] {logging_mixin.py:188} INFO - track_table.csv
[2024-04-17T18:56:13.615+0000] {processor.py:840} INFO - DAG(s) 'spotify_to_s3_extraction' retrieved from /opt/airflow/dags/spotify_to_csvs_to_s3.py
[2024-04-17T18:56:13.649+0000] {logging_mixin.py:188} INFO - [2024-04-17T18:56:13.648+0000] {dag.py:3047} INFO - Sync 1 DAGs
[2024-04-17T18:56:13.681+0000] {logging_mixin.py:188} INFO - [2024-04-17T18:56:13.680+0000] {dag.py:3834} INFO - Setting next_dagrun for spotify_to_s3_extraction to 2024-04-16 00:00:00+00:00, run_after=2024-04-17 00:00:00+00:00
[2024-04-17T18:56:13.708+0000] {processor.py:183} INFO - Processing /opt/airflow/dags/spotify_to_csvs_to_s3.py took 0.703 seconds
[2024-04-17T19:19:23.121+0000] {processor.py:161} INFO - Started process (PID=34181) to work on /opt/airflow/dags/spotify_to_csvs_to_s3.py
[2024-04-17T19:19:23.124+0000] {processor.py:830} INFO - Processing file /opt/airflow/dags/spotify_to_csvs_to_s3.py for tasks to queue
[2024-04-17T19:19:23.127+0000] {logging_mixin.py:188} INFO - [2024-04-17T19:19:23.126+0000] {dagbag.py:540} INFO - Filling up the DagBag from /opt/airflow/dags/spotify_to_csvs_to_s3.py
[2024-04-17T19:19:24.267+0000] {logging_mixin.py:188} INFO - Authenticating User...
[2024-04-17T19:19:24.278+0000] {logging_mixin.py:188} INFO - csv_data/albums_table.csv 
[2024-04-17T19:19:24.279+0000] {logging_mixin.py:188} INFO - albums_table.csv
[2024-04-17T19:19:24.280+0000] {logging_mixin.py:188} INFO - csv_data/artists_table.csv 
[2024-04-17T19:19:24.281+0000] {logging_mixin.py:188} INFO - artists_table.csv
[2024-04-17T19:19:24.282+0000] {logging_mixin.py:188} INFO - csv_data/track_table.csv 
[2024-04-17T19:19:24.282+0000] {logging_mixin.py:188} INFO - track_table.csv
[2024-04-17T19:19:24.287+0000] {processor.py:840} INFO - DAG(s) 'spotify_to_s3_extraction' retrieved from /opt/airflow/dags/spotify_to_csvs_to_s3.py
[2024-04-17T19:19:24.336+0000] {logging_mixin.py:188} INFO - [2024-04-17T19:19:24.335+0000] {dag.py:3047} INFO - Sync 1 DAGs
[2024-04-17T19:19:24.384+0000] {logging_mixin.py:188} INFO - [2024-04-17T19:19:24.384+0000] {dag.py:3834} INFO - Setting next_dagrun for spotify_to_s3_extraction to 2024-04-16 00:00:00+00:00, run_after=2024-04-17 00:00:00+00:00
[2024-04-17T19:19:24.424+0000] {processor.py:183} INFO - Processing /opt/airflow/dags/spotify_to_csvs_to_s3.py took 1.312 seconds
[2024-04-17T19:19:55.044+0000] {processor.py:161} INFO - Started process (PID=34193) to work on /opt/airflow/dags/spotify_to_csvs_to_s3.py
[2024-04-17T19:19:55.046+0000] {processor.py:830} INFO - Processing file /opt/airflow/dags/spotify_to_csvs_to_s3.py for tasks to queue
[2024-04-17T19:19:55.047+0000] {logging_mixin.py:188} INFO - [2024-04-17T19:19:55.047+0000] {dagbag.py:540} INFO - Filling up the DagBag from /opt/airflow/dags/spotify_to_csvs_to_s3.py
[2024-04-17T19:19:55.628+0000] {logging_mixin.py:188} INFO - Authenticating User...
[2024-04-17T19:19:55.636+0000] {logging_mixin.py:188} INFO - csv_data/albums_table.csv 
[2024-04-17T19:19:55.637+0000] {logging_mixin.py:188} INFO - albums_table.csv
[2024-04-17T19:19:55.638+0000] {logging_mixin.py:188} INFO - csv_data/artists_table.csv 
[2024-04-17T19:19:55.639+0000] {logging_mixin.py:188} INFO - artists_table.csv
[2024-04-17T19:19:55.639+0000] {logging_mixin.py:188} INFO - csv_data/track_table.csv 
[2024-04-17T19:19:55.640+0000] {logging_mixin.py:188} INFO - track_table.csv
[2024-04-17T19:19:55.642+0000] {processor.py:840} INFO - DAG(s) 'spotify_to_s3_extraction' retrieved from /opt/airflow/dags/spotify_to_csvs_to_s3.py
[2024-04-17T19:19:55.676+0000] {logging_mixin.py:188} INFO - [2024-04-17T19:19:55.675+0000] {dag.py:3047} INFO - Sync 1 DAGs
[2024-04-17T19:19:55.708+0000] {logging_mixin.py:188} INFO - [2024-04-17T19:19:55.707+0000] {dag.py:3834} INFO - Setting next_dagrun for spotify_to_s3_extraction to 2024-04-16 00:00:00+00:00, run_after=2024-04-17 00:00:00+00:00
[2024-04-17T19:19:55.734+0000] {processor.py:183} INFO - Processing /opt/airflow/dags/spotify_to_csvs_to_s3.py took 0.695 seconds
[2024-04-17T19:56:40.480+0000] {processor.py:161} INFO - Started process (PID=34204) to work on /opt/airflow/dags/spotify_to_csvs_to_s3.py
[2024-04-17T19:56:40.483+0000] {processor.py:830} INFO - Processing file /opt/airflow/dags/spotify_to_csvs_to_s3.py for tasks to queue
[2024-04-17T19:56:40.485+0000] {logging_mixin.py:188} INFO - [2024-04-17T19:56:40.484+0000] {dagbag.py:540} INFO - Filling up the DagBag from /opt/airflow/dags/spotify_to_csvs_to_s3.py
[2024-04-17T19:56:41.093+0000] {logging_mixin.py:188} INFO - Authenticating User...
[2024-04-17T19:56:41.101+0000] {logging_mixin.py:188} INFO - csv_data/albums_table.csv 
[2024-04-17T19:56:41.102+0000] {logging_mixin.py:188} INFO - albums_table.csv
[2024-04-17T19:56:41.102+0000] {logging_mixin.py:188} INFO - csv_data/artists_table.csv 
[2024-04-17T19:56:41.103+0000] {logging_mixin.py:188} INFO - artists_table.csv
[2024-04-17T19:56:41.104+0000] {logging_mixin.py:188} INFO - csv_data/track_table.csv 
[2024-04-17T19:56:41.105+0000] {logging_mixin.py:188} INFO - track_table.csv
[2024-04-17T19:56:41.107+0000] {processor.py:840} INFO - DAG(s) 'spotify_to_s3_extraction' retrieved from /opt/airflow/dags/spotify_to_csvs_to_s3.py
[2024-04-17T19:56:41.140+0000] {logging_mixin.py:188} INFO - [2024-04-17T19:56:41.140+0000] {dag.py:3047} INFO - Sync 1 DAGs
[2024-04-17T19:56:41.171+0000] {logging_mixin.py:188} INFO - [2024-04-17T19:56:41.170+0000] {dag.py:3834} INFO - Setting next_dagrun for spotify_to_s3_extraction to 2024-04-16 00:00:00+00:00, run_after=2024-04-17 00:00:00+00:00
[2024-04-17T19:56:41.199+0000] {processor.py:183} INFO - Processing /opt/airflow/dags/spotify_to_csvs_to_s3.py took 0.726 seconds
[2024-04-17T19:57:11.939+0000] {processor.py:161} INFO - Started process (PID=34216) to work on /opt/airflow/dags/spotify_to_csvs_to_s3.py
[2024-04-17T19:57:11.941+0000] {processor.py:830} INFO - Processing file /opt/airflow/dags/spotify_to_csvs_to_s3.py for tasks to queue
[2024-04-17T19:57:11.942+0000] {logging_mixin.py:188} INFO - [2024-04-17T19:57:11.942+0000] {dagbag.py:540} INFO - Filling up the DagBag from /opt/airflow/dags/spotify_to_csvs_to_s3.py
[2024-04-17T19:57:12.552+0000] {logging_mixin.py:188} INFO - Authenticating User...
[2024-04-17T19:57:12.565+0000] {logging_mixin.py:188} INFO - csv_data/albums_table.csv 
[2024-04-17T19:57:12.581+0000] {logging_mixin.py:188} INFO - albums_table.csv
[2024-04-17T19:57:12.604+0000] {logging_mixin.py:188} INFO - csv_data/artists_table.csv 
[2024-04-17T19:57:12.626+0000] {logging_mixin.py:188} INFO - artists_table.csv
[2024-04-17T19:57:12.628+0000] {logging_mixin.py:188} INFO - csv_data/track_table.csv 
[2024-04-17T19:57:12.629+0000] {logging_mixin.py:188} INFO - track_table.csv
[2024-04-17T19:57:12.632+0000] {processor.py:840} INFO - DAG(s) 'spotify_to_s3_extraction' retrieved from /opt/airflow/dags/spotify_to_csvs_to_s3.py
[2024-04-17T19:57:12.667+0000] {logging_mixin.py:188} INFO - [2024-04-17T19:57:12.666+0000] {dag.py:3047} INFO - Sync 1 DAGs
[2024-04-17T19:57:12.698+0000] {logging_mixin.py:188} INFO - [2024-04-17T19:57:12.698+0000] {dag.py:3834} INFO - Setting next_dagrun for spotify_to_s3_extraction to 2024-04-16 00:00:00+00:00, run_after=2024-04-17 00:00:00+00:00
[2024-04-17T19:57:12.725+0000] {processor.py:183} INFO - Processing /opt/airflow/dags/spotify_to_csvs_to_s3.py took 0.792 seconds
[2024-04-17T20:57:52.565+0000] {processor.py:161} INFO - Started process (PID=34228) to work on /opt/airflow/dags/spotify_to_csvs_to_s3.py
[2024-04-17T20:57:52.568+0000] {processor.py:830} INFO - Processing file /opt/airflow/dags/spotify_to_csvs_to_s3.py for tasks to queue
[2024-04-17T20:57:52.570+0000] {logging_mixin.py:188} INFO - [2024-04-17T20:57:52.569+0000] {dagbag.py:540} INFO - Filling up the DagBag from /opt/airflow/dags/spotify_to_csvs_to_s3.py
[2024-04-17T20:57:53.584+0000] {logging_mixin.py:188} INFO - Authenticating User...
[2024-04-17T20:57:53.613+0000] {logging_mixin.py:188} INFO - csv_data/albums_table.csv 
[2024-04-17T20:57:53.616+0000] {logging_mixin.py:188} INFO - albums_table.csv
[2024-04-17T20:57:53.618+0000] {logging_mixin.py:188} INFO - csv_data/artists_table.csv 
[2024-04-17T20:57:53.620+0000] {logging_mixin.py:188} INFO - artists_table.csv
[2024-04-17T20:57:53.622+0000] {logging_mixin.py:188} INFO - csv_data/track_table.csv 
[2024-04-17T20:57:53.624+0000] {logging_mixin.py:188} INFO - track_table.csv
[2024-04-17T20:57:53.630+0000] {processor.py:840} INFO - DAG(s) 'spotify_to_s3_extraction' retrieved from /opt/airflow/dags/spotify_to_csvs_to_s3.py
[2024-04-17T20:57:53.713+0000] {logging_mixin.py:188} INFO - [2024-04-17T20:57:53.712+0000] {dag.py:3047} INFO - Sync 1 DAGs
[2024-04-17T20:57:53.803+0000] {logging_mixin.py:188} INFO - [2024-04-17T20:57:53.802+0000] {dag.py:3834} INFO - Setting next_dagrun for spotify_to_s3_extraction to 2024-04-16 00:00:00+00:00, run_after=2024-04-17 00:00:00+00:00
[2024-04-17T20:57:53.857+0000] {processor.py:183} INFO - Processing /opt/airflow/dags/spotify_to_csvs_to_s3.py took 1.301 seconds
[2024-04-17T20:58:23.987+0000] {processor.py:161} INFO - Started process (PID=34240) to work on /opt/airflow/dags/spotify_to_csvs_to_s3.py
[2024-04-17T20:58:23.990+0000] {processor.py:830} INFO - Processing file /opt/airflow/dags/spotify_to_csvs_to_s3.py for tasks to queue
[2024-04-17T20:58:23.992+0000] {logging_mixin.py:188} INFO - [2024-04-17T20:58:23.991+0000] {dagbag.py:540} INFO - Filling up the DagBag from /opt/airflow/dags/spotify_to_csvs_to_s3.py
[2024-04-17T20:58:24.929+0000] {logging_mixin.py:188} INFO - Authenticating User...
[2024-04-17T20:58:24.940+0000] {logging_mixin.py:188} INFO - csv_data/albums_table.csv 
[2024-04-17T20:58:24.941+0000] {logging_mixin.py:188} INFO - albums_table.csv
[2024-04-17T20:58:24.942+0000] {logging_mixin.py:188} INFO - csv_data/artists_table.csv 
[2024-04-17T20:58:24.942+0000] {logging_mixin.py:188} INFO - artists_table.csv
[2024-04-17T20:58:24.943+0000] {logging_mixin.py:188} INFO - csv_data/track_table.csv 
[2024-04-17T20:58:24.944+0000] {logging_mixin.py:188} INFO - track_table.csv
[2024-04-17T20:58:24.948+0000] {processor.py:840} INFO - DAG(s) 'spotify_to_s3_extraction' retrieved from /opt/airflow/dags/spotify_to_csvs_to_s3.py
[2024-04-17T20:58:24.989+0000] {logging_mixin.py:188} INFO - [2024-04-17T20:58:24.988+0000] {dag.py:3047} INFO - Sync 1 DAGs
[2024-04-17T20:58:25.032+0000] {logging_mixin.py:188} INFO - [2024-04-17T20:58:25.031+0000] {dag.py:3834} INFO - Setting next_dagrun for spotify_to_s3_extraction to 2024-04-16 00:00:00+00:00, run_after=2024-04-17 00:00:00+00:00
[2024-04-17T20:58:25.070+0000] {processor.py:183} INFO - Processing /opt/airflow/dags/spotify_to_csvs_to_s3.py took 1.088 seconds
[2024-04-17T21:58:57.550+0000] {processor.py:161} INFO - Started process (PID=34253) to work on /opt/airflow/dags/spotify_to_csvs_to_s3.py
[2024-04-17T21:58:57.557+0000] {processor.py:830} INFO - Processing file /opt/airflow/dags/spotify_to_csvs_to_s3.py for tasks to queue
[2024-04-17T21:58:57.561+0000] {logging_mixin.py:188} INFO - [2024-04-17T21:58:57.560+0000] {dagbag.py:540} INFO - Filling up the DagBag from /opt/airflow/dags/spotify_to_csvs_to_s3.py
[2024-04-17T21:58:58.731+0000] {logging_mixin.py:188} INFO - Authenticating User...
[2024-04-17T21:58:58.747+0000] {logging_mixin.py:188} INFO - csv_data/albums_table.csv 
[2024-04-17T21:58:58.748+0000] {logging_mixin.py:188} INFO - albums_table.csv
[2024-04-17T21:58:58.749+0000] {logging_mixin.py:188} INFO - csv_data/artists_table.csv 
[2024-04-17T21:58:58.750+0000] {logging_mixin.py:188} INFO - artists_table.csv
[2024-04-17T21:58:58.751+0000] {logging_mixin.py:188} INFO - csv_data/track_table.csv 
[2024-04-17T21:58:58.752+0000] {logging_mixin.py:188} INFO - track_table.csv
[2024-04-17T21:58:58.756+0000] {processor.py:840} INFO - DAG(s) 'spotify_to_s3_extraction' retrieved from /opt/airflow/dags/spotify_to_csvs_to_s3.py
[2024-04-17T21:58:58.807+0000] {logging_mixin.py:188} INFO - [2024-04-17T21:58:58.806+0000] {dag.py:3047} INFO - Sync 1 DAGs
[2024-04-17T21:59:00.090+0000] {logging_mixin.py:188} INFO - [2024-04-17T21:59:00.089+0000] {dag.py:3834} INFO - Setting next_dagrun for spotify_to_s3_extraction to 2024-04-16 00:00:00+00:00, run_after=2024-04-17 00:00:00+00:00
[2024-04-17T21:59:00.144+0000] {processor.py:183} INFO - Processing /opt/airflow/dags/spotify_to_csvs_to_s3.py took 2.606 seconds
[2024-04-17T21:59:31.048+0000] {processor.py:161} INFO - Started process (PID=34265) to work on /opt/airflow/dags/spotify_to_csvs_to_s3.py
[2024-04-17T21:59:31.049+0000] {processor.py:830} INFO - Processing file /opt/airflow/dags/spotify_to_csvs_to_s3.py for tasks to queue
[2024-04-17T21:59:31.051+0000] {logging_mixin.py:188} INFO - [2024-04-17T21:59:31.051+0000] {dagbag.py:540} INFO - Filling up the DagBag from /opt/airflow/dags/spotify_to_csvs_to_s3.py
[2024-04-17T21:59:31.632+0000] {logging_mixin.py:188} INFO - Authenticating User...
[2024-04-17T21:59:31.640+0000] {logging_mixin.py:188} INFO - csv_data/albums_table.csv 
[2024-04-17T21:59:31.641+0000] {logging_mixin.py:188} INFO - albums_table.csv
[2024-04-17T21:59:31.642+0000] {logging_mixin.py:188} INFO - csv_data/artists_table.csv 
[2024-04-17T21:59:31.642+0000] {logging_mixin.py:188} INFO - artists_table.csv
[2024-04-17T21:59:31.643+0000] {logging_mixin.py:188} INFO - csv_data/track_table.csv 
[2024-04-17T21:59:31.644+0000] {logging_mixin.py:188} INFO - track_table.csv
[2024-04-17T21:59:31.647+0000] {processor.py:840} INFO - DAG(s) 'spotify_to_s3_extraction' retrieved from /opt/airflow/dags/spotify_to_csvs_to_s3.py
[2024-04-17T21:59:31.680+0000] {logging_mixin.py:188} INFO - [2024-04-17T21:59:31.679+0000] {dag.py:3047} INFO - Sync 1 DAGs
[2024-04-17T21:59:31.714+0000] {logging_mixin.py:188} INFO - [2024-04-17T21:59:31.714+0000] {dag.py:3834} INFO - Setting next_dagrun for spotify_to_s3_extraction to 2024-04-16 00:00:00+00:00, run_after=2024-04-17 00:00:00+00:00
[2024-04-17T21:59:31.913+0000] {processor.py:183} INFO - Processing /opt/airflow/dags/spotify_to_csvs_to_s3.py took 0.870 seconds
[2024-04-17T22:00:12.067+0000] {processor.py:161} INFO - Started process (PID=34277) to work on /opt/airflow/dags/spotify_to_csvs_to_s3.py
[2024-04-17T22:00:12.070+0000] {processor.py:830} INFO - Processing file /opt/airflow/dags/spotify_to_csvs_to_s3.py for tasks to queue
[2024-04-17T22:00:12.073+0000] {logging_mixin.py:188} INFO - [2024-04-17T22:00:12.072+0000] {dagbag.py:540} INFO - Filling up the DagBag from /opt/airflow/dags/spotify_to_csvs_to_s3.py
[2024-04-17T22:00:14.274+0000] {logging_mixin.py:188} INFO - Authenticating User...
[2024-04-17T22:00:14.287+0000] {logging_mixin.py:188} INFO - csv_data/albums_table.csv 
[2024-04-17T22:00:14.289+0000] {logging_mixin.py:188} INFO - albums_table.csv
[2024-04-17T22:00:14.290+0000] {logging_mixin.py:188} INFO - csv_data/artists_table.csv 
[2024-04-17T22:00:14.290+0000] {logging_mixin.py:188} INFO - artists_table.csv
[2024-04-17T22:00:14.291+0000] {logging_mixin.py:188} INFO - csv_data/track_table.csv 
[2024-04-17T22:00:14.292+0000] {logging_mixin.py:188} INFO - track_table.csv
[2024-04-17T22:00:14.296+0000] {processor.py:840} INFO - DAG(s) 'spotify_to_s3_extraction' retrieved from /opt/airflow/dags/spotify_to_csvs_to_s3.py
[2024-04-17T22:00:14.358+0000] {logging_mixin.py:188} INFO - [2024-04-17T22:00:14.356+0000] {dag.py:3047} INFO - Sync 1 DAGs
[2024-04-17T22:00:14.422+0000] {logging_mixin.py:188} INFO - [2024-04-17T22:00:14.421+0000] {dag.py:3834} INFO - Setting next_dagrun for spotify_to_s3_extraction to 2024-04-16 00:00:00+00:00, run_after=2024-04-17 00:00:00+00:00
[2024-04-17T22:00:14.474+0000] {processor.py:183} INFO - Processing /opt/airflow/dags/spotify_to_csvs_to_s3.py took 2.415 seconds
[2024-04-17T23:00:17.380+0000] {processor.py:161} INFO - Started process (PID=34283) to work on /opt/airflow/dags/spotify_to_csvs_to_s3.py
[2024-04-17T23:00:17.382+0000] {processor.py:830} INFO - Processing file /opt/airflow/dags/spotify_to_csvs_to_s3.py for tasks to queue
[2024-04-17T23:00:17.384+0000] {logging_mixin.py:188} INFO - [2024-04-17T23:00:17.384+0000] {dagbag.py:540} INFO - Filling up the DagBag from /opt/airflow/dags/spotify_to_csvs_to_s3.py
[2024-04-17T23:00:18.013+0000] {logging_mixin.py:188} INFO - Authenticating User...
[2024-04-17T23:00:18.021+0000] {logging_mixin.py:188} INFO - csv_data/albums_table.csv 
[2024-04-17T23:00:18.022+0000] {logging_mixin.py:188} INFO - albums_table.csv
[2024-04-17T23:00:18.022+0000] {logging_mixin.py:188} INFO - csv_data/artists_table.csv 
[2024-04-17T23:00:18.023+0000] {logging_mixin.py:188} INFO - artists_table.csv
[2024-04-17T23:00:18.024+0000] {logging_mixin.py:188} INFO - csv_data/track_table.csv 
[2024-04-17T23:00:18.025+0000] {logging_mixin.py:188} INFO - track_table.csv
[2024-04-17T23:00:18.027+0000] {processor.py:840} INFO - DAG(s) 'spotify_to_s3_extraction' retrieved from /opt/airflow/dags/spotify_to_csvs_to_s3.py
[2024-04-17T23:00:18.062+0000] {logging_mixin.py:188} INFO - [2024-04-17T23:00:18.061+0000] {dag.py:3047} INFO - Sync 1 DAGs
[2024-04-17T23:00:18.094+0000] {logging_mixin.py:188} INFO - [2024-04-17T23:00:18.094+0000] {dag.py:3834} INFO - Setting next_dagrun for spotify_to_s3_extraction to 2024-04-16 00:00:00+00:00, run_after=2024-04-17 00:00:00+00:00
[2024-04-17T23:00:18.125+0000] {processor.py:183} INFO - Processing /opt/airflow/dags/spotify_to_csvs_to_s3.py took 0.751 seconds
[2024-04-17T23:00:49.029+0000] {processor.py:161} INFO - Started process (PID=34295) to work on /opt/airflow/dags/spotify_to_csvs_to_s3.py
[2024-04-17T23:00:49.031+0000] {processor.py:830} INFO - Processing file /opt/airflow/dags/spotify_to_csvs_to_s3.py for tasks to queue
[2024-04-17T23:00:49.033+0000] {logging_mixin.py:188} INFO - [2024-04-17T23:00:49.032+0000] {dagbag.py:540} INFO - Filling up the DagBag from /opt/airflow/dags/spotify_to_csvs_to_s3.py
[2024-04-17T23:00:49.620+0000] {logging_mixin.py:188} INFO - Authenticating User...
[2024-04-17T23:00:49.629+0000] {logging_mixin.py:188} INFO - csv_data/albums_table.csv 
[2024-04-17T23:00:49.630+0000] {logging_mixin.py:188} INFO - albums_table.csv
[2024-04-17T23:00:49.630+0000] {logging_mixin.py:188} INFO - csv_data/artists_table.csv 
[2024-04-17T23:00:49.631+0000] {logging_mixin.py:188} INFO - artists_table.csv
[2024-04-17T23:00:49.632+0000] {logging_mixin.py:188} INFO - csv_data/track_table.csv 
[2024-04-17T23:00:49.633+0000] {logging_mixin.py:188} INFO - track_table.csv
[2024-04-17T23:00:49.636+0000] {processor.py:840} INFO - DAG(s) 'spotify_to_s3_extraction' retrieved from /opt/airflow/dags/spotify_to_csvs_to_s3.py
[2024-04-17T23:00:49.672+0000] {logging_mixin.py:188} INFO - [2024-04-17T23:00:49.671+0000] {dag.py:3047} INFO - Sync 1 DAGs
[2024-04-17T23:00:49.713+0000] {logging_mixin.py:188} INFO - [2024-04-17T23:00:49.713+0000] {dag.py:3834} INFO - Setting next_dagrun for spotify_to_s3_extraction to 2024-04-16 00:00:00+00:00, run_after=2024-04-17 00:00:00+00:00
[2024-04-17T23:00:49.746+0000] {processor.py:183} INFO - Processing /opt/airflow/dags/spotify_to_csvs_to_s3.py took 0.725 seconds
