[2024-03-21T03:05:10.027+0000] {taskinstance.py:1979} INFO - Dependencies all met for dep_context=non-requeueable deps ti=<TaskInstance: spotify_to_s3_data_extraction_v1.sptoify_to_csv scheduled__2024-03-21T02:48:00+00:00 [queued]>
[2024-03-21T03:05:10.044+0000] {taskinstance.py:1979} INFO - Dependencies all met for dep_context=requeueable deps ti=<TaskInstance: spotify_to_s3_data_extraction_v1.sptoify_to_csv scheduled__2024-03-21T02:48:00+00:00 [queued]>
[2024-03-21T03:05:10.046+0000] {taskinstance.py:2193} INFO - Starting attempt 2 of 6
[2024-03-21T03:05:10.090+0000] {taskinstance.py:2217} INFO - Executing <Task(PythonOperator): sptoify_to_csv> on 2024-03-21 02:48:00+00:00
[2024-03-21T03:05:10.114+0000] {standard_task_runner.py:60} INFO - Started process 1557 to run task
[2024-03-21T03:05:10.120+0000] {standard_task_runner.py:87} INFO - Running: ['***', 'tasks', 'run', 'spotify_to_s3_data_extraction_v1', 'sptoify_to_csv', 'scheduled__2024-03-21T02:48:00+00:00', '--job-id', '306', '--raw', '--subdir', 'DAGS_FOLDER/spotify_to_csvs_to_s3.py', '--cfg-path', '/tmp/tmpf0dn1tda']
[2024-03-21T03:05:10.124+0000] {standard_task_runner.py:88} INFO - Job 306: Subtask sptoify_to_csv
[2024-03-21T03:05:10.271+0000] {task_command.py:423} INFO - Running <TaskInstance: spotify_to_s3_data_extraction_v1.sptoify_to_csv scheduled__2024-03-21T02:48:00+00:00 [running]> on host ca1809388db1
[2024-03-21T03:05:10.475+0000] {taskinstance.py:2513} INFO - Exporting env vars: AIRFLOW_CTX_DAG_OWNER='Nathaniel Solomon' AIRFLOW_CTX_DAG_ID='spotify_to_s3_data_extraction_v1' AIRFLOW_CTX_TASK_ID='sptoify_to_csv' AIRFLOW_CTX_EXECUTION_DATE='2024-03-21T02:48:00+00:00' AIRFLOW_CTX_TRY_NUMBER='2' AIRFLOW_CTX_DAG_RUN_ID='scheduled__2024-03-21T02:48:00+00:00'
[2024-03-21T03:05:10.488+0000] {logging_mixin.py:188} INFO - The extract function has been executed and this is data in the next line
[2024-03-21T03:05:10.490+0000] {logging_mixin.py:188} INFO - Initiating the Endpoint...
[2024-03-21T03:05:11.740+0000] {logging_mixin.py:188} INFO - Extracting other available tracks
[2024-03-21T03:05:23.200+0000] {logging_mixin.py:188} INFO - Adding the values of index 0 into the appropriate Keys...
[2024-03-21T03:05:24.729+0000] {logging_mixin.py:188} INFO - Adding the values of index 1 into the appropriate Keys...
[2024-03-21T03:05:29.201+0000] {logging_mixin.py:188} INFO - Adding the values of index 2 into the appropriate Keys...
[2024-03-21T03:05:32.584+0000] {logging_mixin.py:188} INFO - Adding the values of index 3 into the appropriate Keys...
[2024-03-21T03:05:35.419+0000] {logging_mixin.py:188} INFO - Adding the values of index 4 into the appropriate Keys...
[2024-03-21T03:05:38.827+0000] {logging_mixin.py:188} INFO - Adding the values of index 5 into the appropriate Keys...
[2024-03-21T03:05:41.816+0000] {logging_mixin.py:188} INFO - Adding the values of index 6 into the appropriate Keys...
[2024-03-21T03:05:44.237+0000] {logging_mixin.py:188} INFO - Adding the values of index 7 into the appropriate Keys...
[2024-03-21T03:05:46.714+0000] {logging_mixin.py:188} INFO - Adding the values of index 8 into the appropriate Keys...
[2024-03-21T03:05:48.927+0000] {logging_mixin.py:188} INFO - Adding the values of index 9 into the appropriate Keys...
[2024-03-21T03:05:51.421+0000] {logging_mixin.py:188} INFO - Done Extracting...
[2024-03-21T03:05:52.628+0000] {python.py:202} INFO - Done. Returned value was: None
[2024-03-21T03:05:53.072+0000] {taskinstance.py:1149} INFO - Marking task as SUCCESS. dag_id=spotify_to_s3_data_extraction_v1, task_id=sptoify_to_csv, execution_date=20240321T024800, start_date=20240321T030510, end_date=20240321T030553
[2024-03-21T03:05:54.517+0000] {local_task_job_runner.py:234} INFO - Task exited with return code 0
[2024-03-21T03:05:57.509+0000] {taskinstance.py:3312} INFO - 0 downstream tasks scheduled from follow-on schedule check
