[2024-03-22T09:05:50.086+0000] {taskinstance.py:1979} INFO - Dependencies all met for dep_context=non-requeueable deps ti=<TaskInstance: spotify_to_s3_data_extraction_v1.sptoify_to_csv scheduled__2024-03-20T21:18:00+00:00 [queued]>
[2024-03-22T09:05:50.104+0000] {taskinstance.py:1979} INFO - Dependencies all met for dep_context=requeueable deps ti=<TaskInstance: spotify_to_s3_data_extraction_v1.sptoify_to_csv scheduled__2024-03-20T21:18:00+00:00 [queued]>
[2024-03-22T09:05:50.108+0000] {taskinstance.py:2193} INFO - Starting attempt 4 of 7
[2024-03-22T09:05:50.132+0000] {taskinstance.py:2217} INFO - Executing <Task(PythonOperator): sptoify_to_csv> on 2024-03-20 21:18:00+00:00
[2024-03-22T09:05:50.143+0000] {standard_task_runner.py:60} INFO - Started process 4777 to run task
[2024-03-22T09:05:50.150+0000] {standard_task_runner.py:87} INFO - Running: ['***', 'tasks', 'run', 'spotify_to_s3_data_extraction_v1', 'sptoify_to_csv', 'scheduled__2024-03-20T21:18:00+00:00', '--job-id', '941', '--raw', '--subdir', 'DAGS_FOLDER/spotify_to_csvs_to_s3.py', '--cfg-path', '/tmp/tmp2f1ank6p']
[2024-03-22T09:05:50.155+0000] {standard_task_runner.py:88} INFO - Job 941: Subtask sptoify_to_csv
[2024-03-22T09:05:50.278+0000] {task_command.py:423} INFO - Running <TaskInstance: spotify_to_s3_data_extraction_v1.sptoify_to_csv scheduled__2024-03-20T21:18:00+00:00 [running]> on host ca1809388db1
[2024-03-22T09:05:50.468+0000] {taskinstance.py:2513} INFO - Exporting env vars: AIRFLOW_CTX_DAG_OWNER='Nathaniel Solomon' AIRFLOW_CTX_DAG_ID='spotify_to_s3_data_extraction_v1' AIRFLOW_CTX_TASK_ID='sptoify_to_csv' AIRFLOW_CTX_EXECUTION_DATE='2024-03-20T21:18:00+00:00' AIRFLOW_CTX_TRY_NUMBER='4' AIRFLOW_CTX_DAG_RUN_ID='scheduled__2024-03-20T21:18:00+00:00'
[2024-03-22T09:05:50.472+0000] {logging_mixin.py:188} INFO - The extract function has been executed and this is data in the next line
[2024-03-22T09:05:50.473+0000] {logging_mixin.py:188} INFO - Initiating the Endpoint...
[2024-03-22T09:05:52.243+0000] {logging_mixin.py:188} INFO - Extracting other available tracks
[2024-03-22T09:06:05.043+0000] {logging_mixin.py:188} INFO - Adding the values of index 0 into the appropriate Keys...
[2024-03-22T09:06:06.426+0000] {logging_mixin.py:188} INFO - Adding the values of index 1 into the appropriate Keys...
[2024-03-22T09:06:07.776+0000] {logging_mixin.py:188} INFO - Adding the values of index 2 into the appropriate Keys...
[2024-03-22T09:06:08.987+0000] {logging_mixin.py:188} INFO - Adding the values of index 3 into the appropriate Keys...
[2024-03-22T09:06:10.143+0000] {logging_mixin.py:188} INFO - Adding the values of index 4 into the appropriate Keys...
[2024-03-22T09:06:11.751+0000] {logging_mixin.py:188} INFO - Adding the values of index 5 into the appropriate Keys...
[2024-03-22T09:06:13.223+0000] {logging_mixin.py:188} INFO - Adding the values of index 6 into the appropriate Keys...
[2024-03-22T09:06:16.833+0000] {logging_mixin.py:188} INFO - Adding the values of index 7 into the appropriate Keys...
[2024-03-22T09:06:17.990+0000] {logging_mixin.py:188} INFO - Adding the values of index 8 into the appropriate Keys...
[2024-03-22T09:06:26.374+0000] {logging_mixin.py:188} INFO - Adding the values of index 9 into the appropriate Keys...
[2024-03-22T09:06:28.173+0000] {logging_mixin.py:188} INFO - Done Extracting...
[2024-03-22T09:06:28.236+0000] {python.py:202} INFO - Done. Returned value was: None
[2024-03-22T09:06:28.280+0000] {taskinstance.py:1149} INFO - Marking task as SUCCESS. dag_id=spotify_to_s3_data_extraction_v1, task_id=sptoify_to_csv, execution_date=20240320T211800, start_date=20240322T090550, end_date=20240322T090628
[2024-03-22T09:06:28.467+0000] {local_task_job_runner.py:234} INFO - Task exited with return code 0
[2024-03-22T09:06:28.537+0000] {taskinstance.py:3312} INFO - 1 downstream tasks scheduled from follow-on schedule check
