[2024-03-21T01:13:23.152+0000] {taskinstance.py:1979} INFO - Dependencies all met for dep_context=non-requeueable deps ti=<TaskInstance: spotify_to_s3_data_extraction_v1.sptoify_to_csv scheduled__2024-03-21T00:28:00+00:00 [queued]>
[2024-03-21T01:13:23.168+0000] {taskinstance.py:1979} INFO - Dependencies all met for dep_context=requeueable deps ti=<TaskInstance: spotify_to_s3_data_extraction_v1.sptoify_to_csv scheduled__2024-03-21T00:28:00+00:00 [queued]>
[2024-03-21T01:13:23.170+0000] {taskinstance.py:2193} INFO - Starting attempt 3 of 6
[2024-03-21T01:13:23.198+0000] {taskinstance.py:2217} INFO - Executing <Task(PythonOperator): sptoify_to_csv> on 2024-03-21 00:28:00+00:00
[2024-03-21T01:13:23.209+0000] {standard_task_runner.py:60} INFO - Started process 1210 to run task
[2024-03-21T01:13:23.215+0000] {standard_task_runner.py:87} INFO - Running: ['***', 'tasks', 'run', 'spotify_to_s3_data_extraction_v1', 'sptoify_to_csv', 'scheduled__2024-03-21T00:28:00+00:00', '--job-id', '252', '--raw', '--subdir', 'DAGS_FOLDER/spotify_to_csvs_to_s3.py', '--cfg-path', '/tmp/tmpb0po8yyx']
[2024-03-21T01:13:23.219+0000] {standard_task_runner.py:88} INFO - Job 252: Subtask sptoify_to_csv
[2024-03-21T01:13:23.307+0000] {task_command.py:423} INFO - Running <TaskInstance: spotify_to_s3_data_extraction_v1.sptoify_to_csv scheduled__2024-03-21T00:28:00+00:00 [running]> on host ca1809388db1
[2024-03-21T01:13:23.451+0000] {taskinstance.py:2513} INFO - Exporting env vars: AIRFLOW_CTX_DAG_OWNER='Nathaniel Solomon' AIRFLOW_CTX_DAG_ID='spotify_to_s3_data_extraction_v1' AIRFLOW_CTX_TASK_ID='sptoify_to_csv' AIRFLOW_CTX_EXECUTION_DATE='2024-03-21T00:28:00+00:00' AIRFLOW_CTX_TRY_NUMBER='3' AIRFLOW_CTX_DAG_RUN_ID='scheduled__2024-03-21T00:28:00+00:00'
[2024-03-21T01:13:23.454+0000] {logging_mixin.py:188} INFO - The extract function has been executed and this is data in the next line
[2024-03-21T01:13:23.455+0000] {logging_mixin.py:188} INFO - Initiating the Endpoint...
[2024-03-21T01:13:24.246+0000] {logging_mixin.py:188} INFO - Extracting other available tracks
[2024-03-21T01:13:32.964+0000] {logging_mixin.py:188} INFO - Adding the values of index 0 into the appropriate Keys...
[2024-03-21T01:13:34.666+0000] {logging_mixin.py:188} INFO - Adding the values of index 1 into the appropriate Keys...
[2024-03-21T01:13:35.940+0000] {logging_mixin.py:188} INFO - Adding the values of index 2 into the appropriate Keys...
[2024-03-21T01:13:37.216+0000] {logging_mixin.py:188} INFO - Adding the values of index 3 into the appropriate Keys...
[2024-03-21T01:13:38.436+0000] {logging_mixin.py:188} INFO - Adding the values of index 4 into the appropriate Keys...
[2024-03-21T01:13:39.783+0000] {logging_mixin.py:188} INFO - Adding the values of index 5 into the appropriate Keys...
[2024-03-21T01:13:41.213+0000] {logging_mixin.py:188} INFO - Adding the values of index 6 into the appropriate Keys...
[2024-03-21T01:13:42.655+0000] {logging_mixin.py:188} INFO - Adding the values of index 7 into the appropriate Keys...
[2024-03-21T01:13:43.972+0000] {logging_mixin.py:188} INFO - Adding the values of index 8 into the appropriate Keys...
[2024-03-21T01:13:45.593+0000] {logging_mixin.py:188} INFO - Adding the values of index 9 into the appropriate Keys...
[2024-03-21T01:13:48.397+0000] {logging_mixin.py:188} INFO - Done Extracting...
[2024-03-21T01:13:48.622+0000] {python.py:202} INFO - Done. Returned value was: None
[2024-03-21T01:13:48.873+0000] {taskinstance.py:1149} INFO - Marking task as SUCCESS. dag_id=spotify_to_s3_data_extraction_v1, task_id=sptoify_to_csv, execution_date=20240321T002800, start_date=20240321T011323, end_date=20240321T011348
[2024-03-21T01:13:49.631+0000] {local_task_job_runner.py:234} INFO - Task exited with return code 0
[2024-03-21T01:13:50.470+0000] {taskinstance.py:3312} INFO - 1 downstream tasks scheduled from follow-on schedule check
