[2024-03-21T04:31:39.392+0000] {taskinstance.py:1979} INFO - Dependencies all met for dep_context=non-requeueable deps ti=<TaskInstance: spotify_to_s3_data_extraction_v1.sptoify_to_csv scheduled__2024-03-21T04:16:00+00:00 [queued]>
[2024-03-21T04:31:39.406+0000] {taskinstance.py:1979} INFO - Dependencies all met for dep_context=requeueable deps ti=<TaskInstance: spotify_to_s3_data_extraction_v1.sptoify_to_csv scheduled__2024-03-21T04:16:00+00:00 [queued]>
[2024-03-21T04:31:39.407+0000] {taskinstance.py:2193} INFO - Starting attempt 1 of 6
[2024-03-21T04:31:39.427+0000] {taskinstance.py:2217} INFO - Executing <Task(PythonOperator): sptoify_to_csv> on 2024-03-21 04:16:00+00:00
[2024-03-21T04:31:39.436+0000] {standard_task_runner.py:60} INFO - Started process 1823 to run task
[2024-03-21T04:31:39.441+0000] {standard_task_runner.py:87} INFO - Running: ['***', 'tasks', 'run', 'spotify_to_s3_data_extraction_v1', 'sptoify_to_csv', 'scheduled__2024-03-21T04:16:00+00:00', '--job-id', '342', '--raw', '--subdir', 'DAGS_FOLDER/spotify_to_csvs_to_s3.py', '--cfg-path', '/tmp/tmpxkdvnmju']
[2024-03-21T04:31:39.445+0000] {standard_task_runner.py:88} INFO - Job 342: Subtask sptoify_to_csv
[2024-03-21T04:31:39.516+0000] {task_command.py:423} INFO - Running <TaskInstance: spotify_to_s3_data_extraction_v1.sptoify_to_csv scheduled__2024-03-21T04:16:00+00:00 [running]> on host ca1809388db1
[2024-03-21T04:31:39.619+0000] {taskinstance.py:2513} INFO - Exporting env vars: AIRFLOW_CTX_DAG_OWNER='Nathaniel Solomon' AIRFLOW_CTX_DAG_ID='spotify_to_s3_data_extraction_v1' AIRFLOW_CTX_TASK_ID='sptoify_to_csv' AIRFLOW_CTX_EXECUTION_DATE='2024-03-21T04:16:00+00:00' AIRFLOW_CTX_TRY_NUMBER='1' AIRFLOW_CTX_DAG_RUN_ID='scheduled__2024-03-21T04:16:00+00:00'
[2024-03-21T04:31:39.621+0000] {logging_mixin.py:188} INFO - The extract function has been executed and this is data in the next line
[2024-03-21T04:31:39.621+0000] {logging_mixin.py:188} INFO - Initiating the Endpoint...
[2024-03-21T04:31:40.178+0000] {logging_mixin.py:188} INFO - Extracting other available tracks
[2024-03-21T04:31:50.733+0000] {logging_mixin.py:188} INFO - Adding the values of index 0 into the appropriate Keys...
[2024-03-21T04:31:52.011+0000] {logging_mixin.py:188} INFO - Adding the values of index 1 into the appropriate Keys...
[2024-03-21T04:31:53.172+0000] {logging_mixin.py:188} INFO - Adding the values of index 2 into the appropriate Keys...
[2024-03-21T04:31:54.195+0000] {logging_mixin.py:188} INFO - Adding the values of index 3 into the appropriate Keys...
[2024-03-21T04:31:55.370+0000] {logging_mixin.py:188} INFO - Adding the values of index 4 into the appropriate Keys...
[2024-03-21T04:31:56.672+0000] {logging_mixin.py:188} INFO - Adding the values of index 5 into the appropriate Keys...
[2024-03-21T04:31:57.962+0000] {logging_mixin.py:188} INFO - Adding the values of index 6 into the appropriate Keys...
[2024-03-21T04:31:59.388+0000] {logging_mixin.py:188} INFO - Adding the values of index 7 into the appropriate Keys...
[2024-03-21T04:32:00.645+0000] {logging_mixin.py:188} INFO - Adding the values of index 8 into the appropriate Keys...
[2024-03-21T04:32:01.952+0000] {logging_mixin.py:188} INFO - Adding the values of index 9 into the appropriate Keys...
[2024-03-21T04:32:03.293+0000] {logging_mixin.py:188} INFO - Done Extracting...
[2024-03-21T04:32:03.748+0000] {python.py:202} INFO - Done. Returned value was: None
[2024-03-21T04:32:04.057+0000] {taskinstance.py:1149} INFO - Marking task as SUCCESS. dag_id=spotify_to_s3_data_extraction_v1, task_id=sptoify_to_csv, execution_date=20240321T041600, start_date=20240321T043139, end_date=20240321T043204
[2024-03-21T04:32:05.435+0000] {local_task_job_runner.py:234} INFO - Task exited with return code 0
[2024-03-21T04:32:06.275+0000] {taskinstance.py:3312} INFO - 1 downstream tasks scheduled from follow-on schedule check
