[2024-03-22T10:18:46.314+0000] {taskinstance.py:1979} INFO - Dependencies all met for dep_context=non-requeueable deps ti=<TaskInstance: spotify_to_s3_data_extraction_v1.sptoify_to_csv scheduled__2024-03-21T01:13:00+00:00 [queued]>
[2024-03-22T10:18:46.331+0000] {taskinstance.py:1979} INFO - Dependencies all met for dep_context=requeueable deps ti=<TaskInstance: spotify_to_s3_data_extraction_v1.sptoify_to_csv scheduled__2024-03-21T01:13:00+00:00 [queued]>
[2024-03-22T10:18:46.333+0000] {taskinstance.py:2193} INFO - Starting attempt 2 of 7
[2024-03-22T10:18:46.354+0000] {taskinstance.py:2217} INFO - Executing <Task(PythonOperator): sptoify_to_csv> on 2024-03-21 01:13:00+00:00
[2024-03-22T10:18:46.364+0000] {standard_task_runner.py:60} INFO - Started process 5376 to run task
[2024-03-22T10:18:46.372+0000] {standard_task_runner.py:87} INFO - Running: ['***', 'tasks', 'run', 'spotify_to_s3_data_extraction_v1', 'sptoify_to_csv', 'scheduled__2024-03-21T01:13:00+00:00', '--job-id', '1097', '--raw', '--subdir', 'DAGS_FOLDER/spotify_to_csvs_to_s3.py', '--cfg-path', '/tmp/tmpisivy856']
[2024-03-22T10:18:46.377+0000] {standard_task_runner.py:88} INFO - Job 1097: Subtask sptoify_to_csv
[2024-03-22T10:18:46.462+0000] {task_command.py:423} INFO - Running <TaskInstance: spotify_to_s3_data_extraction_v1.sptoify_to_csv scheduled__2024-03-21T01:13:00+00:00 [running]> on host ca1809388db1
[2024-03-22T10:18:46.600+0000] {taskinstance.py:2513} INFO - Exporting env vars: AIRFLOW_CTX_DAG_OWNER='Nathaniel Solomon' AIRFLOW_CTX_DAG_ID='spotify_to_s3_data_extraction_v1' AIRFLOW_CTX_TASK_ID='sptoify_to_csv' AIRFLOW_CTX_EXECUTION_DATE='2024-03-21T01:13:00+00:00' AIRFLOW_CTX_TRY_NUMBER='2' AIRFLOW_CTX_DAG_RUN_ID='scheduled__2024-03-21T01:13:00+00:00'
[2024-03-22T10:18:46.603+0000] {logging_mixin.py:188} INFO - The extract function has been executed and this is data in the next line
[2024-03-22T10:18:46.604+0000] {logging_mixin.py:188} INFO - Initiating the Endpoint...
[2024-03-22T10:18:50.968+0000] {logging_mixin.py:188} INFO - Extracting other available tracks
[2024-03-22T10:19:12.826+0000] {logging_mixin.py:188} INFO - Adding the values of index 0 into the appropriate Keys...
[2024-03-22T10:19:21.666+0000] {logging_mixin.py:188} INFO - Adding the values of index 1 into the appropriate Keys...
[2024-03-22T10:19:30.869+0000] {logging_mixin.py:188} INFO - Adding the values of index 2 into the appropriate Keys...
[2024-03-22T10:19:31.813+0000] {logging_mixin.py:188} INFO - Adding the values of index 3 into the appropriate Keys...
[2024-03-22T10:19:41.098+0000] {logging_mixin.py:188} INFO - Adding the values of index 4 into the appropriate Keys...
[2024-03-22T10:19:42.256+0000] {logging_mixin.py:188} INFO - Adding the values of index 5 into the appropriate Keys...
[2024-03-22T10:19:44.235+0000] {logging_mixin.py:188} INFO - Adding the values of index 6 into the appropriate Keys...
[2024-03-22T10:19:45.804+0000] {logging_mixin.py:188} INFO - Adding the values of index 7 into the appropriate Keys...
[2024-03-22T10:19:51.086+0000] {logging_mixin.py:188} INFO - Adding the values of index 8 into the appropriate Keys...
[2024-03-22T10:19:52.279+0000] {logging_mixin.py:188} INFO - Adding the values of index 9 into the appropriate Keys...
[2024-03-22T10:19:53.304+0000] {logging_mixin.py:188} INFO - Done Extracting...
[2024-03-22T10:19:53.350+0000] {python.py:202} INFO - Done. Returned value was: None
[2024-03-22T10:19:53.375+0000] {taskinstance.py:1149} INFO - Marking task as SUCCESS. dag_id=spotify_to_s3_data_extraction_v1, task_id=sptoify_to_csv, execution_date=20240321T011300, start_date=20240322T101846, end_date=20240322T101953
[2024-03-22T10:19:53.434+0000] {local_task_job_runner.py:234} INFO - Task exited with return code 0
[2024-03-22T10:19:53.511+0000] {taskinstance.py:3312} INFO - 1 downstream tasks scheduled from follow-on schedule check
