[2024-03-21T07:35:50.266+0000] {taskinstance.py:1979} INFO - Dependencies all met for dep_context=non-requeueable deps ti=<TaskInstance: spotify_to_s3_data_extraction_v1.sptoify_to_csv scheduled__2024-03-21T05:15:00+00:00 [queued]>
[2024-03-21T07:35:50.287+0000] {taskinstance.py:1979} INFO - Dependencies all met for dep_context=requeueable deps ti=<TaskInstance: spotify_to_s3_data_extraction_v1.sptoify_to_csv scheduled__2024-03-21T05:15:00+00:00 [queued]>
[2024-03-21T07:35:50.288+0000] {taskinstance.py:2193} INFO - Starting attempt 6 of 6
[2024-03-21T07:35:50.327+0000] {taskinstance.py:2217} INFO - Executing <Task(PythonOperator): sptoify_to_csv> on 2024-03-21 05:15:00+00:00
[2024-03-21T07:35:50.349+0000] {standard_task_runner.py:60} INFO - Started process 2291 to run task
[2024-03-21T07:35:50.356+0000] {standard_task_runner.py:87} INFO - Running: ['***', 'tasks', 'run', 'spotify_to_s3_data_extraction_v1', 'sptoify_to_csv', 'scheduled__2024-03-21T05:15:00+00:00', '--job-id', '438', '--raw', '--subdir', 'DAGS_FOLDER/spotify_to_csvs_to_s3.py', '--cfg-path', '/tmp/tmprodn40oy']
[2024-03-21T07:35:50.365+0000] {standard_task_runner.py:88} INFO - Job 438: Subtask sptoify_to_csv
[2024-03-21T07:35:50.470+0000] {task_command.py:423} INFO - Running <TaskInstance: spotify_to_s3_data_extraction_v1.sptoify_to_csv scheduled__2024-03-21T05:15:00+00:00 [running]> on host ca1809388db1
[2024-03-21T07:35:50.636+0000] {taskinstance.py:2513} INFO - Exporting env vars: AIRFLOW_CTX_DAG_OWNER='Nathaniel Solomon' AIRFLOW_CTX_DAG_ID='spotify_to_s3_data_extraction_v1' AIRFLOW_CTX_TASK_ID='sptoify_to_csv' AIRFLOW_CTX_EXECUTION_DATE='2024-03-21T05:15:00+00:00' AIRFLOW_CTX_TRY_NUMBER='6' AIRFLOW_CTX_DAG_RUN_ID='scheduled__2024-03-21T05:15:00+00:00'
[2024-03-21T07:35:50.640+0000] {logging_mixin.py:188} INFO - The extract function has been executed and this is data in the next line
[2024-03-21T07:35:50.643+0000] {logging_mixin.py:188} INFO - Initiating the Endpoint...
[2024-03-21T07:35:52.193+0000] {logging_mixin.py:188} INFO - Extracting other available tracks
[2024-03-21T07:36:03.354+0000] {logging_mixin.py:188} INFO - Adding the values of index 0 into the appropriate Keys...
[2024-03-21T07:36:06.804+0000] {logging_mixin.py:188} INFO - Adding the values of index 1 into the appropriate Keys...
[2024-03-21T07:36:07.775+0000] {logging_mixin.py:188} INFO - Adding the values of index 2 into the appropriate Keys...
[2024-03-21T07:36:08.907+0000] {logging_mixin.py:188} INFO - Adding the values of index 3 into the appropriate Keys...
[2024-03-21T07:36:09.992+0000] {logging_mixin.py:188} INFO - Adding the values of index 4 into the appropriate Keys...
[2024-03-21T07:36:15.231+0000] {logging_mixin.py:188} INFO - Adding the values of index 5 into the appropriate Keys...
[2024-03-21T07:36:17.596+0000] {logging_mixin.py:188} INFO - Adding the values of index 6 into the appropriate Keys...
[2024-03-21T07:36:18.573+0000] {logging_mixin.py:188} INFO - Adding the values of index 7 into the appropriate Keys...
[2024-03-21T07:36:19.872+0000] {logging_mixin.py:188} INFO - Adding the values of index 8 into the appropriate Keys...
[2024-03-21T07:36:22.242+0000] {logging_mixin.py:188} INFO - Adding the values of index 9 into the appropriate Keys...
[2024-03-21T07:36:26.410+0000] {logging_mixin.py:188} INFO - Done Extracting...
[2024-03-21T07:36:26.448+0000] {python.py:202} INFO - Done. Returned value was: None
[2024-03-21T07:36:26.483+0000] {taskinstance.py:1149} INFO - Marking task as SUCCESS. dag_id=spotify_to_s3_data_extraction_v1, task_id=sptoify_to_csv, execution_date=20240321T051500, start_date=20240321T073550, end_date=20240321T073626
[2024-03-21T07:36:26.569+0000] {local_task_job_runner.py:234} INFO - Task exited with return code 0
[2024-03-21T07:36:26.635+0000] {taskinstance.py:3312} INFO - 1 downstream tasks scheduled from follow-on schedule check
