[2024-03-22T10:18:39.918+0000] {taskinstance.py:1979} INFO - Dependencies all met for dep_context=non-requeueable deps ti=<TaskInstance: spotify_to_s3_data_extraction_v1.sptoify_to_csv scheduled__2024-03-21T01:00:00+00:00 [queued]>
[2024-03-22T10:18:39.975+0000] {taskinstance.py:1979} INFO - Dependencies all met for dep_context=requeueable deps ti=<TaskInstance: spotify_to_s3_data_extraction_v1.sptoify_to_csv scheduled__2024-03-21T01:00:00+00:00 [queued]>
[2024-03-22T10:18:39.978+0000] {taskinstance.py:2193} INFO - Starting attempt 2 of 7
[2024-03-22T10:18:40.312+0000] {taskinstance.py:2217} INFO - Executing <Task(PythonOperator): sptoify_to_csv> on 2024-03-21 01:00:00+00:00
[2024-03-22T10:18:40.324+0000] {standard_task_runner.py:60} INFO - Started process 5355 to run task
[2024-03-22T10:18:40.332+0000] {standard_task_runner.py:87} INFO - Running: ['***', 'tasks', 'run', 'spotify_to_s3_data_extraction_v1', 'sptoify_to_csv', 'scheduled__2024-03-21T01:00:00+00:00', '--job-id', '1091', '--raw', '--subdir', 'DAGS_FOLDER/spotify_to_csvs_to_s3.py', '--cfg-path', '/tmp/tmpuxmmvq2r']
[2024-03-22T10:18:40.338+0000] {standard_task_runner.py:88} INFO - Job 1091: Subtask sptoify_to_csv
[2024-03-22T10:18:40.465+0000] {task_command.py:423} INFO - Running <TaskInstance: spotify_to_s3_data_extraction_v1.sptoify_to_csv scheduled__2024-03-21T01:00:00+00:00 [running]> on host ca1809388db1
[2024-03-22T10:18:40.724+0000] {taskinstance.py:2513} INFO - Exporting env vars: AIRFLOW_CTX_DAG_OWNER='Nathaniel Solomon' AIRFLOW_CTX_DAG_ID='spotify_to_s3_data_extraction_v1' AIRFLOW_CTX_TASK_ID='sptoify_to_csv' AIRFLOW_CTX_EXECUTION_DATE='2024-03-21T01:00:00+00:00' AIRFLOW_CTX_TRY_NUMBER='2' AIRFLOW_CTX_DAG_RUN_ID='scheduled__2024-03-21T01:00:00+00:00'
[2024-03-22T10:18:40.734+0000] {logging_mixin.py:188} INFO - The extract function has been executed and this is data in the next line
[2024-03-22T10:18:40.736+0000] {logging_mixin.py:188} INFO - Initiating the Endpoint...
[2024-03-22T10:18:42.144+0000] {logging_mixin.py:188} INFO - Extracting other available tracks
[2024-03-22T10:18:58.670+0000] {logging_mixin.py:188} INFO - Adding the values of index 0 into the appropriate Keys...
[2024-03-22T10:19:10.449+0000] {logging_mixin.py:188} INFO - Adding the values of index 1 into the appropriate Keys...
[2024-03-22T10:19:12.202+0000] {logging_mixin.py:188} INFO - Adding the values of index 2 into the appropriate Keys...
[2024-03-22T10:19:20.835+0000] {logging_mixin.py:188} INFO - Adding the values of index 3 into the appropriate Keys...
[2024-03-22T10:19:21.718+0000] {logging_mixin.py:188} INFO - Adding the values of index 4 into the appropriate Keys...
[2024-03-22T10:19:30.908+0000] {logging_mixin.py:188} INFO - Adding the values of index 5 into the appropriate Keys...
[2024-03-22T10:19:31.730+0000] {logging_mixin.py:188} INFO - Adding the values of index 6 into the appropriate Keys...
[2024-03-22T10:19:41.386+0000] {logging_mixin.py:188} INFO - Adding the values of index 7 into the appropriate Keys...
[2024-03-22T10:19:43.365+0000] {logging_mixin.py:188} INFO - Adding the values of index 8 into the appropriate Keys...
[2024-03-22T10:19:44.912+0000] {logging_mixin.py:188} INFO - Adding the values of index 9 into the appropriate Keys...
[2024-03-22T10:19:46.531+0000] {logging_mixin.py:188} INFO - Done Extracting...
[2024-03-22T10:19:46.555+0000] {python.py:202} INFO - Done. Returned value was: None
[2024-03-22T10:19:46.580+0000] {taskinstance.py:1149} INFO - Marking task as SUCCESS. dag_id=spotify_to_s3_data_extraction_v1, task_id=sptoify_to_csv, execution_date=20240321T010000, start_date=20240322T101839, end_date=20240322T101946
[2024-03-22T10:19:46.672+0000] {local_task_job_runner.py:234} INFO - Task exited with return code 0
[2024-03-22T10:19:46.724+0000] {taskinstance.py:3312} INFO - 1 downstream tasks scheduled from follow-on schedule check
