[2024-03-21T01:01:40.374+0000] {taskinstance.py:1979} INFO - Dependencies all met for dep_context=non-requeueable deps ti=<TaskInstance: spotify_to_s3_data_extraction_v1.sptoify_to_csv scheduled__2024-03-21T01:00:00+00:00 [queued]>
[2024-03-21T01:01:40.387+0000] {taskinstance.py:1979} INFO - Dependencies all met for dep_context=requeueable deps ti=<TaskInstance: spotify_to_s3_data_extraction_v1.sptoify_to_csv scheduled__2024-03-21T01:00:00+00:00 [queued]>
[2024-03-21T01:01:40.388+0000] {taskinstance.py:2193} INFO - Starting attempt 1 of 6
[2024-03-21T01:01:40.411+0000] {taskinstance.py:2217} INFO - Executing <Task(PythonOperator): sptoify_to_csv> on 2024-03-21 01:00:00+00:00
[2024-03-21T01:01:40.422+0000] {standard_task_runner.py:60} INFO - Started process 1178 to run task
[2024-03-21T01:01:40.427+0000] {standard_task_runner.py:87} INFO - Running: ['***', 'tasks', 'run', 'spotify_to_s3_data_extraction_v1', 'sptoify_to_csv', 'scheduled__2024-03-21T01:00:00+00:00', '--job-id', '248', '--raw', '--subdir', 'DAGS_FOLDER/spotify_to_csvs_to_s3.py', '--cfg-path', '/tmp/tmp9m4hv__z']
[2024-03-21T01:01:40.431+0000] {standard_task_runner.py:88} INFO - Job 248: Subtask sptoify_to_csv
[2024-03-21T01:01:40.511+0000] {task_command.py:423} INFO - Running <TaskInstance: spotify_to_s3_data_extraction_v1.sptoify_to_csv scheduled__2024-03-21T01:00:00+00:00 [running]> on host ca1809388db1
[2024-03-21T01:01:40.632+0000] {taskinstance.py:2513} INFO - Exporting env vars: AIRFLOW_CTX_DAG_OWNER='Nathaniel Solomon' AIRFLOW_CTX_DAG_ID='spotify_to_s3_data_extraction_v1' AIRFLOW_CTX_TASK_ID='sptoify_to_csv' AIRFLOW_CTX_EXECUTION_DATE='2024-03-21T01:00:00+00:00' AIRFLOW_CTX_TRY_NUMBER='1' AIRFLOW_CTX_DAG_RUN_ID='scheduled__2024-03-21T01:00:00+00:00'
[2024-03-21T01:01:40.634+0000] {logging_mixin.py:188} INFO - The extract function has been executed and this is data in the next line
[2024-03-21T01:01:40.635+0000] {logging_mixin.py:188} INFO - Initiating the Endpoint...
[2024-03-21T01:01:41.960+0000] {logging_mixin.py:188} INFO - Extracting other available tracks
[2024-03-21T01:01:50.524+0000] {logging_mixin.py:188} INFO - Adding the values of index 0 into the appropriate Keys...
[2024-03-21T01:01:52.308+0000] {logging_mixin.py:188} INFO - Adding the values of index 1 into the appropriate Keys...
[2024-03-21T01:01:53.763+0000] {logging_mixin.py:188} INFO - Adding the values of index 2 into the appropriate Keys...
[2024-03-21T01:01:54.924+0000] {logging_mixin.py:188} INFO - Adding the values of index 3 into the appropriate Keys...
[2024-03-21T01:01:56.323+0000] {logging_mixin.py:188} INFO - Adding the values of index 4 into the appropriate Keys...
[2024-03-21T01:01:57.518+0000] {logging_mixin.py:188} INFO - Adding the values of index 5 into the appropriate Keys...
[2024-03-21T01:01:58.675+0000] {logging_mixin.py:188} INFO - Adding the values of index 6 into the appropriate Keys...
[2024-03-21T01:02:00.254+0000] {logging_mixin.py:188} INFO - Adding the values of index 7 into the appropriate Keys...
[2024-03-21T01:02:02.465+0000] {logging_mixin.py:188} INFO - Adding the values of index 8 into the appropriate Keys...
[2024-03-21T01:02:04.863+0000] {logging_mixin.py:188} INFO - Adding the values of index 9 into the appropriate Keys...
[2024-03-21T01:02:08.082+0000] {logging_mixin.py:188} INFO - Done Extracting...
[2024-03-21T01:02:08.540+0000] {python.py:202} INFO - Done. Returned value was: None
[2024-03-21T01:02:08.783+0000] {taskinstance.py:1149} INFO - Marking task as SUCCESS. dag_id=spotify_to_s3_data_extraction_v1, task_id=sptoify_to_csv, execution_date=20240321T010000, start_date=20240321T010140, end_date=20240321T010208
[2024-03-21T01:02:09.259+0000] {local_task_job_runner.py:234} INFO - Task exited with return code 0
[2024-03-21T01:02:10.548+0000] {taskinstance.py:3312} INFO - 0 downstream tasks scheduled from follow-on schedule check
