[2024-03-22T10:20:34.655+0000] {taskinstance.py:1979} INFO - Dependencies all met for dep_context=non-requeueable deps ti=<TaskInstance: spotify_to_s3_data_extraction_v1.sptoify_to_csv scheduled__2024-03-21T03:15:00+00:00 [queued]>
[2024-03-22T10:20:34.674+0000] {taskinstance.py:1979} INFO - Dependencies all met for dep_context=requeueable deps ti=<TaskInstance: spotify_to_s3_data_extraction_v1.sptoify_to_csv scheduled__2024-03-21T03:15:00+00:00 [queued]>
[2024-03-22T10:20:34.676+0000] {taskinstance.py:2193} INFO - Starting attempt 2 of 7
[2024-03-22T10:20:34.706+0000] {taskinstance.py:2217} INFO - Executing <Task(PythonOperator): sptoify_to_csv> on 2024-03-21 03:15:00+00:00
[2024-03-22T10:20:34.720+0000] {standard_task_runner.py:60} INFO - Started process 5556 to run task
[2024-03-22T10:20:34.726+0000] {standard_task_runner.py:87} INFO - Running: ['***', 'tasks', 'run', 'spotify_to_s3_data_extraction_v1', 'sptoify_to_csv', 'scheduled__2024-03-21T03:15:00+00:00', '--job-id', '1149', '--raw', '--subdir', 'DAGS_FOLDER/spotify_to_csvs_to_s3.py', '--cfg-path', '/tmp/tmpyenj62qj']
[2024-03-22T10:20:34.732+0000] {standard_task_runner.py:88} INFO - Job 1149: Subtask sptoify_to_csv
[2024-03-22T10:20:34.850+0000] {task_command.py:423} INFO - Running <TaskInstance: spotify_to_s3_data_extraction_v1.sptoify_to_csv scheduled__2024-03-21T03:15:00+00:00 [running]> on host ca1809388db1
[2024-03-22T10:20:35.025+0000] {taskinstance.py:2513} INFO - Exporting env vars: AIRFLOW_CTX_DAG_OWNER='Nathaniel Solomon' AIRFLOW_CTX_DAG_ID='spotify_to_s3_data_extraction_v1' AIRFLOW_CTX_TASK_ID='sptoify_to_csv' AIRFLOW_CTX_EXECUTION_DATE='2024-03-21T03:15:00+00:00' AIRFLOW_CTX_TRY_NUMBER='2' AIRFLOW_CTX_DAG_RUN_ID='scheduled__2024-03-21T03:15:00+00:00'
[2024-03-22T10:20:35.029+0000] {logging_mixin.py:188} INFO - The extract function has been executed and this is data in the next line
[2024-03-22T10:20:35.030+0000] {logging_mixin.py:188} INFO - Initiating the Endpoint...
[2024-03-22T10:20:35.702+0000] {logging_mixin.py:188} INFO - Extracting other available tracks
[2024-03-22T10:20:50.337+0000] {logging_mixin.py:188} INFO - Adding the values of index 0 into the appropriate Keys...
[2024-03-22T10:20:51.658+0000] {logging_mixin.py:188} INFO - Adding the values of index 1 into the appropriate Keys...
[2024-03-22T10:20:52.528+0000] {logging_mixin.py:188} INFO - Adding the values of index 2 into the appropriate Keys...
[2024-03-22T10:21:01.596+0000] {logging_mixin.py:188} INFO - Adding the values of index 3 into the appropriate Keys...
[2024-03-22T10:21:02.549+0000] {logging_mixin.py:188} INFO - Adding the values of index 4 into the appropriate Keys...
[2024-03-22T10:21:03.616+0000] {logging_mixin.py:188} INFO - Adding the values of index 5 into the appropriate Keys...
[2024-03-22T10:21:04.584+0000] {logging_mixin.py:188} INFO - Adding the values of index 6 into the appropriate Keys...
[2024-03-22T10:21:06.171+0000] {logging_mixin.py:188} INFO - Adding the values of index 7 into the appropriate Keys...
[2024-03-22T10:21:17.627+0000] {logging_mixin.py:188} INFO - Adding the values of index 8 into the appropriate Keys...
[2024-03-22T10:21:19.018+0000] {logging_mixin.py:188} INFO - Adding the values of index 9 into the appropriate Keys...
[2024-03-22T10:21:20.629+0000] {logging_mixin.py:188} INFO - Done Extracting...
[2024-03-22T10:21:20.855+0000] {python.py:202} INFO - Done. Returned value was: None
[2024-03-22T10:21:20.934+0000] {taskinstance.py:1149} INFO - Marking task as SUCCESS. dag_id=spotify_to_s3_data_extraction_v1, task_id=sptoify_to_csv, execution_date=20240321T031500, start_date=20240322T102034, end_date=20240322T102120
[2024-03-22T10:21:21.103+0000] {local_task_job_runner.py:234} INFO - Task exited with return code 0
[2024-03-22T10:21:21.299+0000] {taskinstance.py:3312} INFO - 1 downstream tasks scheduled from follow-on schedule check
