[2024-03-24T10:30:11.227+0000] {taskinstance.py:1979} INFO - Dependencies all met for dep_context=non-requeueable deps ti=<TaskInstance: spotify_to_s3_data_extraction_finaly_x64.sptoify_to_csv manual__2024-03-24T10:30:08.496233+00:00 [queued]>
[2024-03-24T10:30:11.240+0000] {taskinstance.py:1979} INFO - Dependencies all met for dep_context=requeueable deps ti=<TaskInstance: spotify_to_s3_data_extraction_finaly_x64.sptoify_to_csv manual__2024-03-24T10:30:08.496233+00:00 [queued]>
[2024-03-24T10:30:11.241+0000] {taskinstance.py:2193} INFO - Starting attempt 1 of 6
[2024-03-24T10:30:11.261+0000] {taskinstance.py:2217} INFO - Executing <Task(PythonOperator): sptoify_to_csv> on 2024-03-24 10:30:08.496233+00:00
[2024-03-24T10:30:11.269+0000] {standard_task_runner.py:60} INFO - Started process 4512 to run task
[2024-03-24T10:30:11.274+0000] {standard_task_runner.py:87} INFO - Running: ['***', 'tasks', 'run', 'spotify_to_s3_data_extraction_finaly_x64', 'sptoify_to_csv', 'manual__2024-03-24T10:30:08.496233+00:00', '--job-id', '1403', '--raw', '--subdir', 'DAGS_FOLDER/spotify_to_csvs_to_s3.py', '--cfg-path', '/tmp/tmpvr0wk3y9']
[2024-03-24T10:30:11.278+0000] {standard_task_runner.py:88} INFO - Job 1403: Subtask sptoify_to_csv
[2024-03-24T10:30:11.353+0000] {task_command.py:423} INFO - Running <TaskInstance: spotify_to_s3_data_extraction_finaly_x64.sptoify_to_csv manual__2024-03-24T10:30:08.496233+00:00 [running]> on host bc244bd8b198
[2024-03-24T10:30:11.472+0000] {taskinstance.py:2513} INFO - Exporting env vars: AIRFLOW_CTX_DAG_OWNER='Nathaniel Solomon' AIRFLOW_CTX_DAG_ID='spotify_to_s3_data_extraction_finaly_x64' AIRFLOW_CTX_TASK_ID='sptoify_to_csv' AIRFLOW_CTX_EXECUTION_DATE='2024-03-24T10:30:08.496233+00:00' AIRFLOW_CTX_TRY_NUMBER='1' AIRFLOW_CTX_DAG_RUN_ID='manual__2024-03-24T10:30:08.496233+00:00'
[2024-03-24T10:30:11.474+0000] {logging_mixin.py:188} INFO - The extract function has been executed and this is data in the next line
[2024-03-24T10:30:11.475+0000] {logging_mixin.py:188} INFO - Initiating the Endpoint...
[2024-03-24T10:30:12.525+0000] {logging_mixin.py:188} INFO - Extracting other available tracks
[2024-03-24T10:30:26.504+0000] {logging_mixin.py:188} INFO - Adding the values of index 0 into the appropriate Keys...
[2024-03-24T10:30:27.676+0000] {logging_mixin.py:188} INFO - Adding the values of index 1 into the appropriate Keys...
[2024-03-24T10:30:28.842+0000] {logging_mixin.py:188} INFO - Adding the values of index 2 into the appropriate Keys...
[2024-03-24T10:30:30.004+0000] {logging_mixin.py:188} INFO - Adding the values of index 3 into the appropriate Keys...
[2024-03-24T10:30:31.355+0000] {logging_mixin.py:188} INFO - Adding the values of index 4 into the appropriate Keys...
[2024-03-24T10:30:32.525+0000] {logging_mixin.py:188} INFO - Adding the values of index 5 into the appropriate Keys...
[2024-03-24T10:30:34.112+0000] {logging_mixin.py:188} INFO - Adding the values of index 6 into the appropriate Keys...
[2024-03-24T10:30:35.107+0000] {logging_mixin.py:188} INFO - Adding the values of index 7 into the appropriate Keys...
[2024-03-24T10:30:36.240+0000] {logging_mixin.py:188} INFO - Adding the values of index 8 into the appropriate Keys...
[2024-03-24T10:30:37.796+0000] {logging_mixin.py:188} INFO - Adding the values of index 9 into the appropriate Keys...
[2024-03-24T10:30:39.061+0000] {logging_mixin.py:188} INFO - Done Extracting...
[2024-03-24T10:30:39.085+0000] {python.py:202} INFO - Done. Returned value was: None
[2024-03-24T10:30:39.110+0000] {taskinstance.py:1149} INFO - Marking task as SUCCESS. dag_id=spotify_to_s3_data_extraction_finaly_x64, task_id=sptoify_to_csv, execution_date=20240324T103008, start_date=20240324T103011, end_date=20240324T103039
[2024-03-24T10:30:39.150+0000] {local_task_job_runner.py:234} INFO - Task exited with return code 0
[2024-03-24T10:30:39.185+0000] {taskinstance.py:3312} INFO - 1 downstream tasks scheduled from follow-on schedule check
