[2024-04-10T02:07:46.186+0000] {taskinstance.py:1979} INFO - Dependencies all met for dep_context=non-requeueable deps ti=<TaskInstance: billboard_to_spotify_to_s3_extractionV1.sptoify_to_csv manual__2024-04-10T01:15:34.749491+00:00 [queued]>
[2024-04-10T02:07:46.194+0000] {taskinstance.py:1979} INFO - Dependencies all met for dep_context=requeueable deps ti=<TaskInstance: billboard_to_spotify_to_s3_extractionV1.sptoify_to_csv manual__2024-04-10T01:15:34.749491+00:00 [queued]>
[2024-04-10T02:07:46.195+0000] {taskinstance.py:2193} INFO - Starting attempt 12 of 12
[2024-04-10T02:07:46.206+0000] {taskinstance.py:2217} INFO - Executing <Task(PythonOperator): sptoify_to_csv> on 2024-04-10 01:15:34.749491+00:00
[2024-04-10T02:07:46.213+0000] {standard_task_runner.py:60} INFO - Started process 484 to run task
[2024-04-10T02:07:46.216+0000] {standard_task_runner.py:87} INFO - Running: ['***', 'tasks', 'run', 'billboard_to_spotify_to_s3_extractionV1', 'sptoify_to_csv', 'manual__2024-04-10T01:15:34.749491+00:00', '--job-id', '1648', '--raw', '--subdir', 'DAGS_FOLDER/billboard_to_spotify_to_csvs_to_s3.py', '--cfg-path', '/tmp/tmpaq7u4d1z']
[2024-04-10T02:07:46.218+0000] {standard_task_runner.py:88} INFO - Job 1648: Subtask sptoify_to_csv
[2024-04-10T02:07:46.259+0000] {task_command.py:423} INFO - Running <TaskInstance: billboard_to_spotify_to_s3_extractionV1.sptoify_to_csv manual__2024-04-10T01:15:34.749491+00:00 [running]> on host 66d8d046c9ac
[2024-04-10T02:07:46.331+0000] {taskinstance.py:2513} INFO - Exporting env vars: AIRFLOW_CTX_DAG_OWNER='Nathaniel Solomon' AIRFLOW_CTX_DAG_ID='billboard_to_spotify_to_s3_extractionV1' AIRFLOW_CTX_TASK_ID='sptoify_to_csv' AIRFLOW_CTX_EXECUTION_DATE='2024-04-10T01:15:34.749491+00:00' AIRFLOW_CTX_TRY_NUMBER='12' AIRFLOW_CTX_DAG_RUN_ID='manual__2024-04-10T01:15:34.749491+00:00'
[2024-04-10T02:07:46.342+0000] {logging_mixin.py:188} INFO - GOT THE TOP ARTISTS DAT FROM XCOM
[2024-04-10T02:07:46.343+0000] {logging_mixin.py:188} INFO - GETTING ARTISTS BIO DATA
[2024-04-10T02:07:46.631+0000] {taskinstance.py:2731} ERROR - Task failed with exception
Traceback (most recent call last):
  File "/home/airflow/.local/lib/python3.8/site-packages/spotipy/oauth2.py", line 265, in _request_access_token
    response.raise_for_status()
  File "/home/airflow/.local/lib/python3.8/site-packages/requests/models.py", line 1021, in raise_for_status
    raise HTTPError(http_error_msg, response=self)
requests.exceptions.HTTPError: 400 Client Error: Bad Request for url: https://accounts.spotify.com/api/token

During handling of the above exception, another exception occurred:

Traceback (most recent call last):
  File "/home/airflow/.local/lib/python3.8/site-packages/airflow/models/taskinstance.py", line 444, in _execute_task
    result = _execute_callable(context=context, **execute_callable_kwargs)
  File "/home/airflow/.local/lib/python3.8/site-packages/airflow/models/taskinstance.py", line 414, in _execute_callable
    return execute_callable(context=context, **execute_callable_kwargs)
  File "/home/airflow/.local/lib/python3.8/site-packages/airflow/operators/python.py", line 200, in execute
    return_value = self.execute_callable()
  File "/home/airflow/.local/lib/python3.8/site-packages/airflow/operators/python.py", line 217, in execute_callable
    return self.python_callable(*self.op_args, **self.op_kwargs)
  File "/opt/airflow/dags/billboard_to_spotify_to_csvs_to_s3.py", line 93, in Spotify_to_CSV
    s_artist = sp.search(q=artist, type='artist', limit=1)
  File "/home/airflow/.local/lib/python3.8/site-packages/spotipy/client.py", line 587, in search
    return self._get(
  File "/home/airflow/.local/lib/python3.8/site-packages/spotipy/client.py", line 323, in _get
    return self._internal_call("GET", url, payload, kwargs)
  File "/home/airflow/.local/lib/python3.8/site-packages/spotipy/client.py", line 247, in _internal_call
    headers = self._auth_headers()
  File "/home/airflow/.local/lib/python3.8/site-packages/spotipy/client.py", line 238, in _auth_headers
    token = self.auth_manager.get_access_token(as_dict=False)
  File "/home/airflow/.local/lib/python3.8/site-packages/spotipy/oauth2.py", line 238, in get_access_token
    token_info = self._request_access_token()
  File "/home/airflow/.local/lib/python3.8/site-packages/spotipy/oauth2.py", line 269, in _request_access_token
    self._handle_oauth_error(http_error)
  File "/home/airflow/.local/lib/python3.8/site-packages/spotipy/oauth2.py", line 146, in _handle_oauth_error
    raise SpotifyOauthError(
spotipy.oauth2.SpotifyOauthError: error: invalid_client, error_description: Failed to get client
[2024-04-10T02:07:46.642+0000] {taskinstance.py:1149} INFO - Marking task as FAILED. dag_id=billboard_to_spotify_to_s3_extractionV1, task_id=sptoify_to_csv, execution_date=20240410T011534, start_date=20240410T020746, end_date=20240410T020746
[2024-04-10T02:07:46.654+0000] {standard_task_runner.py:107} ERROR - Failed to execute job 1648 for task sptoify_to_csv (error: invalid_client, error_description: Failed to get client; 484)
[2024-04-10T02:07:46.672+0000] {local_task_job_runner.py:234} INFO - Task exited with return code 1
[2024-04-10T02:07:46.692+0000] {taskinstance.py:3312} INFO - 0 downstream tasks scheduled from follow-on schedule check
