[2024-03-20T23:49:37.445+0000] {taskinstance.py:1979} INFO - Dependencies all met for dep_context=non-requeueable deps ti=<TaskInstance: spotify_to_s3_data_extraction_v1.sptoify_to_csv scheduled__2024-03-20T23:48:00+00:00 [queued]>
[2024-03-20T23:49:37.491+0000] {taskinstance.py:1979} INFO - Dependencies all met for dep_context=requeueable deps ti=<TaskInstance: spotify_to_s3_data_extraction_v1.sptoify_to_csv scheduled__2024-03-20T23:48:00+00:00 [queued]>
[2024-03-20T23:49:37.494+0000] {taskinstance.py:2193} INFO - Starting attempt 1 of 6
[2024-03-20T23:49:37.593+0000] {taskinstance.py:2217} INFO - Executing <Task(PythonOperator): sptoify_to_csv> on 2024-03-20 23:48:00+00:00
[2024-03-20T23:49:37.623+0000] {standard_task_runner.py:60} INFO - Started process 968 to run task
[2024-03-20T23:49:37.643+0000] {standard_task_runner.py:87} INFO - Running: ['***', 'tasks', 'run', 'spotify_to_s3_data_extraction_v1', 'sptoify_to_csv', 'scheduled__2024-03-20T23:48:00+00:00', '--job-id', '213', '--raw', '--subdir', 'DAGS_FOLDER/spotify_to_csvs_to_s3.py', '--cfg-path', '/tmp/tmpkpyk69mt']
[2024-03-20T23:49:37.660+0000] {standard_task_runner.py:88} INFO - Job 213: Subtask sptoify_to_csv
[2024-03-20T23:49:38.026+0000] {task_command.py:423} INFO - Running <TaskInstance: spotify_to_s3_data_extraction_v1.sptoify_to_csv scheduled__2024-03-20T23:48:00+00:00 [running]> on host ca1809388db1
[2024-03-20T23:49:38.496+0000] {taskinstance.py:2513} INFO - Exporting env vars: AIRFLOW_CTX_DAG_OWNER='Nathaniel Solomon' AIRFLOW_CTX_DAG_ID='spotify_to_s3_data_extraction_v1' AIRFLOW_CTX_TASK_ID='sptoify_to_csv' AIRFLOW_CTX_EXECUTION_DATE='2024-03-20T23:48:00+00:00' AIRFLOW_CTX_TRY_NUMBER='1' AIRFLOW_CTX_DAG_RUN_ID='scheduled__2024-03-20T23:48:00+00:00'
[2024-03-20T23:49:38.509+0000] {logging_mixin.py:188} INFO - The extract function has been executed and this is data in the next line
[2024-03-20T23:49:38.511+0000] {logging_mixin.py:188} INFO - Initiating the Endpoint...
[2024-03-20T23:49:39.308+0000] {logging_mixin.py:188} INFO - Extracting other available tracks
[2024-03-20T23:49:47.929+0000] {logging_mixin.py:188} INFO - Adding the values of index 0 into the appropriate Keys...
[2024-03-20T23:49:48.992+0000] {logging_mixin.py:188} INFO - Adding the values of index 1 into the appropriate Keys...
[2024-03-20T23:49:51.294+0000] {logging_mixin.py:188} INFO - Adding the values of index 2 into the appropriate Keys...
[2024-03-20T23:49:52.300+0000] {logging_mixin.py:188} INFO - Adding the values of index 3 into the appropriate Keys...
[2024-03-20T23:49:53.415+0000] {logging_mixin.py:188} INFO - Adding the values of index 4 into the appropriate Keys...
[2024-03-20T23:49:54.383+0000] {logging_mixin.py:188} INFO - Adding the values of index 5 into the appropriate Keys...
[2024-03-20T23:49:55.487+0000] {logging_mixin.py:188} INFO - Adding the values of index 6 into the appropriate Keys...
[2024-03-20T23:49:56.634+0000] {logging_mixin.py:188} INFO - Adding the values of index 7 into the appropriate Keys...
[2024-03-20T23:49:57.592+0000] {logging_mixin.py:188} INFO - Adding the values of index 8 into the appropriate Keys...
[2024-03-20T23:49:59.360+0000] {logging_mixin.py:188} INFO - Adding the values of index 9 into the appropriate Keys...
[2024-03-20T23:50:00.385+0000] {logging_mixin.py:188} INFO - Done Extracting...
[2024-03-20T23:50:00.405+0000] {python.py:202} INFO - Done. Returned value was: None
[2024-03-20T23:50:00.421+0000] {taskinstance.py:1149} INFO - Marking task as SUCCESS. dag_id=spotify_to_s3_data_extraction_v1, task_id=sptoify_to_csv, execution_date=20240320T234800, start_date=20240320T234937, end_date=20240320T235000
[2024-03-20T23:50:00.487+0000] {local_task_job_runner.py:234} INFO - Task exited with return code 0
[2024-03-20T23:50:00.537+0000] {taskinstance.py:3312} INFO - 1 downstream tasks scheduled from follow-on schedule check
