[2024-03-24T07:51:56.481+0000] {taskinstance.py:1979} INFO - Dependencies all met for dep_context=non-requeueable deps ti=<TaskInstance: spotify_to_s3_data_extraction_vfinale_x64.sptoify_to_csv manual__2024-03-24T07:49:53.819212+00:00 [queued]>
[2024-03-24T07:51:56.497+0000] {taskinstance.py:1979} INFO - Dependencies all met for dep_context=requeueable deps ti=<TaskInstance: spotify_to_s3_data_extraction_vfinale_x64.sptoify_to_csv manual__2024-03-24T07:49:53.819212+00:00 [queued]>
[2024-03-24T07:51:56.498+0000] {taskinstance.py:2193} INFO - Starting attempt 3 of 8
[2024-03-24T07:51:56.515+0000] {taskinstance.py:2217} INFO - Executing <Task(PythonOperator): sptoify_to_csv> on 2024-03-24 07:49:53.819212+00:00
[2024-03-24T07:51:56.521+0000] {standard_task_runner.py:60} INFO - Started process 2395 to run task
[2024-03-24T07:51:56.524+0000] {standard_task_runner.py:87} INFO - Running: ['***', 'tasks', 'run', 'spotify_to_s3_data_extraction_vfinale_x64', 'sptoify_to_csv', 'manual__2024-03-24T07:49:53.819212+00:00', '--job-id', '1380', '--raw', '--subdir', 'DAGS_FOLDER/spotify_to_csvs_to_s3.py', '--cfg-path', '/tmp/tmpdb1qmfel']
[2024-03-24T07:51:56.528+0000] {standard_task_runner.py:88} INFO - Job 1380: Subtask sptoify_to_csv
[2024-03-24T07:51:56.577+0000] {task_command.py:423} INFO - Running <TaskInstance: spotify_to_s3_data_extraction_vfinale_x64.sptoify_to_csv manual__2024-03-24T07:49:53.819212+00:00 [running]> on host bc244bd8b198
[2024-03-24T07:51:56.682+0000] {taskinstance.py:2513} INFO - Exporting env vars: AIRFLOW_CTX_DAG_OWNER='Nathaniel Solomon' AIRFLOW_CTX_DAG_ID='spotify_to_s3_data_extraction_vfinale_x64' AIRFLOW_CTX_TASK_ID='sptoify_to_csv' AIRFLOW_CTX_EXECUTION_DATE='2024-03-24T07:49:53.819212+00:00' AIRFLOW_CTX_TRY_NUMBER='3' AIRFLOW_CTX_DAG_RUN_ID='manual__2024-03-24T07:49:53.819212+00:00'
[2024-03-24T07:51:56.684+0000] {logging_mixin.py:188} INFO - The extract function has been executed and this is data in the next line
[2024-03-24T07:51:56.684+0000] {logging_mixin.py:188} INFO - Initiating the Endpoint...
[2024-03-24T07:51:57.642+0000] {logging_mixin.py:188} INFO - Extracting other available tracks
[2024-03-24T07:52:06.623+0000] {logging_mixin.py:188} INFO - Adding the values of index 0 into the appropriate Keys...
[2024-03-24T07:52:10.723+0000] {logging_mixin.py:188} INFO - Adding the values of index 1 into the appropriate Keys...
[2024-03-24T07:52:13.530+0000] {logging_mixin.py:188} INFO - Adding the values of index 2 into the appropriate Keys...
[2024-03-24T07:52:14.577+0000] {logging_mixin.py:188} INFO - Adding the values of index 3 into the appropriate Keys...
[2024-03-24T07:52:15.876+0000] {logging_mixin.py:188} INFO - Adding the values of index 4 into the appropriate Keys...
[2024-03-24T07:52:17.013+0000] {logging_mixin.py:188} INFO - Adding the values of index 5 into the appropriate Keys...
[2024-03-24T07:52:18.367+0000] {logging_mixin.py:188} INFO - Adding the values of index 6 into the appropriate Keys...
[2024-03-24T07:52:19.728+0000] {logging_mixin.py:188} INFO - Adding the values of index 7 into the appropriate Keys...
[2024-03-24T07:52:20.965+0000] {logging_mixin.py:188} INFO - Adding the values of index 8 into the appropriate Keys...
[2024-03-24T07:52:22.537+0000] {logging_mixin.py:188} INFO - Adding the values of index 9 into the appropriate Keys...
[2024-03-24T07:52:23.821+0000] {logging_mixin.py:188} INFO - Done Extracting...
[2024-03-24T07:52:23.837+0000] {python.py:202} INFO - Done. Returned value was: None
[2024-03-24T07:52:23.849+0000] {taskinstance.py:1149} INFO - Marking task as SUCCESS. dag_id=spotify_to_s3_data_extraction_vfinale_x64, task_id=sptoify_to_csv, execution_date=20240324T074953, start_date=20240324T075156, end_date=20240324T075223
[2024-03-24T07:52:23.869+0000] {local_task_job_runner.py:234} INFO - Task exited with return code 0
[2024-03-24T07:52:23.888+0000] {taskinstance.py:3312} INFO - 1 downstream tasks scheduled from follow-on schedule check
