[2024-03-20T22:44:23.139+0000] {taskinstance.py:1979} INFO - Dependencies all met for dep_context=non-requeueable deps ti=<TaskInstance: spotify_to_s3_data_extraction_v1.sptoify_to_csv scheduled__2024-03-20T22:10:00+00:00 [queued]>
[2024-03-20T22:44:23.157+0000] {taskinstance.py:1979} INFO - Dependencies all met for dep_context=requeueable deps ti=<TaskInstance: spotify_to_s3_data_extraction_v1.sptoify_to_csv scheduled__2024-03-20T22:10:00+00:00 [queued]>
[2024-03-20T22:44:23.158+0000] {taskinstance.py:2193} INFO - Starting attempt 2 of 6
[2024-03-20T22:44:23.187+0000] {taskinstance.py:2217} INFO - Executing <Task(PythonOperator): sptoify_to_csv> on 2024-03-20 22:10:00+00:00
[2024-03-20T22:44:23.203+0000] {standard_task_runner.py:60} INFO - Started process 781 to run task
[2024-03-20T22:44:23.210+0000] {standard_task_runner.py:87} INFO - Running: ['***', 'tasks', 'run', 'spotify_to_s3_data_extraction_v1', 'sptoify_to_csv', 'scheduled__2024-03-20T22:10:00+00:00', '--job-id', '182', '--raw', '--subdir', 'DAGS_FOLDER/spotify_to_csvs_to_s3.py', '--cfg-path', '/tmp/tmpqbkfszoa']
[2024-03-20T22:44:23.217+0000] {standard_task_runner.py:88} INFO - Job 182: Subtask sptoify_to_csv
[2024-03-20T22:44:23.307+0000] {task_command.py:423} INFO - Running <TaskInstance: spotify_to_s3_data_extraction_v1.sptoify_to_csv scheduled__2024-03-20T22:10:00+00:00 [running]> on host ca1809388db1
[2024-03-20T22:44:23.444+0000] {taskinstance.py:2513} INFO - Exporting env vars: AIRFLOW_CTX_DAG_OWNER='Nathaniel Solomon' AIRFLOW_CTX_DAG_ID='spotify_to_s3_data_extraction_v1' AIRFLOW_CTX_TASK_ID='sptoify_to_csv' AIRFLOW_CTX_EXECUTION_DATE='2024-03-20T22:10:00+00:00' AIRFLOW_CTX_TRY_NUMBER='2' AIRFLOW_CTX_DAG_RUN_ID='scheduled__2024-03-20T22:10:00+00:00'
[2024-03-20T22:44:23.448+0000] {logging_mixin.py:188} INFO - The extract function has been executed and this is data in the next line
[2024-03-20T22:44:23.449+0000] {logging_mixin.py:188} INFO - Initiating the Endpoint...
[2024-03-20T22:44:24.102+0000] {logging_mixin.py:188} INFO - Extracting other available tracks
[2024-03-20T22:44:32.270+0000] {logging_mixin.py:188} INFO - Adding the values of index 0 into the appropriate Keys...
[2024-03-20T22:44:33.298+0000] {logging_mixin.py:188} INFO - Adding the values of index 1 into the appropriate Keys...
[2024-03-20T22:44:34.252+0000] {logging_mixin.py:188} INFO - Adding the values of index 2 into the appropriate Keys...
[2024-03-20T22:44:35.305+0000] {logging_mixin.py:188} INFO - Adding the values of index 3 into the appropriate Keys...
[2024-03-20T22:44:36.281+0000] {logging_mixin.py:188} INFO - Adding the values of index 4 into the appropriate Keys...
[2024-03-20T22:44:37.291+0000] {logging_mixin.py:188} INFO - Adding the values of index 5 into the appropriate Keys...
[2024-03-20T22:44:38.430+0000] {logging_mixin.py:188} INFO - Adding the values of index 6 into the appropriate Keys...
[2024-03-20T22:44:39.274+0000] {logging_mixin.py:188} INFO - Adding the values of index 7 into the appropriate Keys...
[2024-03-20T22:44:40.224+0000] {logging_mixin.py:188} INFO - Adding the values of index 8 into the appropriate Keys...
[2024-03-20T22:44:41.745+0000] {logging_mixin.py:188} INFO - Adding the values of index 9 into the appropriate Keys...
[2024-03-20T22:44:42.632+0000] {logging_mixin.py:188} INFO - Done Extracting...
[2024-03-20T22:44:42.646+0000] {python.py:202} INFO - Done. Returned value was: None
[2024-03-20T22:44:42.659+0000] {taskinstance.py:1149} INFO - Marking task as SUCCESS. dag_id=spotify_to_s3_data_extraction_v1, task_id=sptoify_to_csv, execution_date=20240320T221000, start_date=20240320T224423, end_date=20240320T224442
[2024-03-20T22:44:42.701+0000] {local_task_job_runner.py:234} INFO - Task exited with return code 0
[2024-03-20T22:44:42.739+0000] {taskinstance.py:3312} INFO - 1 downstream tasks scheduled from follow-on schedule check
