[2024-03-22T10:16:00.470+0000] {taskinstance.py:1979} INFO - Dependencies all met for dep_context=non-requeueable deps ti=<TaskInstance: spotify_to_s3_data_extraction_v1.sptoify_to_csv scheduled__2024-03-20T22:10:00+00:00 [queued]>
[2024-03-22T10:16:00.514+0000] {taskinstance.py:1979} INFO - Dependencies all met for dep_context=requeueable deps ti=<TaskInstance: spotify_to_s3_data_extraction_v1.sptoify_to_csv scheduled__2024-03-20T22:10:00+00:00 [queued]>
[2024-03-22T10:16:00.531+0000] {taskinstance.py:2193} INFO - Starting attempt 3 of 8
[2024-03-22T10:16:00.613+0000] {taskinstance.py:2217} INFO - Executing <Task(PythonOperator): sptoify_to_csv> on 2024-03-20 22:10:00+00:00
[2024-03-22T10:16:00.654+0000] {standard_task_runner.py:60} INFO - Started process 5139 to run task
[2024-03-22T10:16:00.687+0000] {standard_task_runner.py:87} INFO - Running: ['***', 'tasks', 'run', 'spotify_to_s3_data_extraction_v1', 'sptoify_to_csv', 'scheduled__2024-03-20T22:10:00+00:00', '--job-id', '1026', '--raw', '--subdir', 'DAGS_FOLDER/spotify_to_csvs_to_s3.py', '--cfg-path', '/tmp/tmpjx0ptlxd']
[2024-03-22T10:16:00.695+0000] {standard_task_runner.py:88} INFO - Job 1026: Subtask sptoify_to_csv
[2024-03-22T10:16:00.867+0000] {task_command.py:423} INFO - Running <TaskInstance: spotify_to_s3_data_extraction_v1.sptoify_to_csv scheduled__2024-03-20T22:10:00+00:00 [running]> on host ca1809388db1
[2024-03-22T10:16:01.226+0000] {taskinstance.py:2513} INFO - Exporting env vars: AIRFLOW_CTX_DAG_OWNER='Nathaniel Solomon' AIRFLOW_CTX_DAG_ID='spotify_to_s3_data_extraction_v1' AIRFLOW_CTX_TASK_ID='sptoify_to_csv' AIRFLOW_CTX_EXECUTION_DATE='2024-03-20T22:10:00+00:00' AIRFLOW_CTX_TRY_NUMBER='3' AIRFLOW_CTX_DAG_RUN_ID='scheduled__2024-03-20T22:10:00+00:00'
[2024-03-22T10:16:01.230+0000] {logging_mixin.py:188} INFO - The extract function has been executed and this is data in the next line
[2024-03-22T10:16:01.232+0000] {logging_mixin.py:188} INFO - Initiating the Endpoint...
[2024-03-22T10:16:02.315+0000] {logging_mixin.py:188} INFO - Extracting other available tracks
[2024-03-22T10:16:32.641+0000] {logging_mixin.py:188} INFO - Adding the values of index 0 into the appropriate Keys...
[2024-03-22T10:16:40.792+0000] {logging_mixin.py:188} INFO - Adding the values of index 1 into the appropriate Keys...
[2024-03-22T10:16:41.846+0000] {logging_mixin.py:188} INFO - Adding the values of index 2 into the appropriate Keys...
[2024-03-22T10:16:42.766+0000] {logging_mixin.py:188} INFO - Adding the values of index 3 into the appropriate Keys...
[2024-03-22T10:16:43.827+0000] {logging_mixin.py:188} INFO - Adding the values of index 4 into the appropriate Keys...
[2024-03-22T10:16:50.902+0000] {logging_mixin.py:188} INFO - Adding the values of index 5 into the appropriate Keys...
[2024-03-22T10:16:52.533+0000] {logging_mixin.py:188} INFO - Adding the values of index 6 into the appropriate Keys...
[2024-03-22T10:17:02.091+0000] {logging_mixin.py:188} INFO - Adding the values of index 7 into the appropriate Keys...
[2024-03-22T10:17:03.147+0000] {logging_mixin.py:188} INFO - Adding the values of index 8 into the appropriate Keys...
[2024-03-22T10:17:04.195+0000] {logging_mixin.py:188} INFO - Adding the values of index 9 into the appropriate Keys...
[2024-03-22T10:17:06.271+0000] {logging_mixin.py:188} INFO - Done Extracting...
[2024-03-22T10:17:06.300+0000] {python.py:202} INFO - Done. Returned value was: None
[2024-03-22T10:17:06.343+0000] {taskinstance.py:1149} INFO - Marking task as SUCCESS. dag_id=spotify_to_s3_data_extraction_v1, task_id=sptoify_to_csv, execution_date=20240320T221000, start_date=20240322T101600, end_date=20240322T101706
[2024-03-22T10:17:06.715+0000] {local_task_job_runner.py:234} INFO - Task exited with return code 0
[2024-03-22T10:17:06.854+0000] {taskinstance.py:3312} INFO - 1 downstream tasks scheduled from follow-on schedule check
