[2024-03-23T21:11:44.341+0000] {taskinstance.py:1979} INFO - Dependencies all met for dep_context=non-requeueable deps ti=<TaskInstance: spotify_to_s3_data_extraction_v1.sptoify_to_csv scheduled__2024-03-22T00:00:00+00:00 [queued]>
[2024-03-23T21:11:44.369+0000] {taskinstance.py:1979} INFO - Dependencies all met for dep_context=requeueable deps ti=<TaskInstance: spotify_to_s3_data_extraction_v1.sptoify_to_csv scheduled__2024-03-22T00:00:00+00:00 [queued]>
[2024-03-23T21:11:44.372+0000] {taskinstance.py:2193} INFO - Starting attempt 1 of 6
[2024-03-23T21:11:44.401+0000] {taskinstance.py:2217} INFO - Executing <Task(PythonOperator): sptoify_to_csv> on 2024-03-22 00:00:00+00:00
[2024-03-23T21:11:44.414+0000] {standard_task_runner.py:60} INFO - Started process 11373 to run task
[2024-03-23T21:11:44.421+0000] {standard_task_runner.py:87} INFO - Running: ['***', 'tasks', 'run', 'spotify_to_s3_data_extraction_v1', 'sptoify_to_csv', 'scheduled__2024-03-22T00:00:00+00:00', '--job-id', '1318', '--raw', '--subdir', 'DAGS_FOLDER/spotify_to_csvs_to_s3.py', '--cfg-path', '/tmp/tmpskyp_bqq']
[2024-03-23T21:11:44.427+0000] {standard_task_runner.py:88} INFO - Job 1318: Subtask sptoify_to_csv
[2024-03-23T21:11:44.515+0000] {task_command.py:423} INFO - Running <TaskInstance: spotify_to_s3_data_extraction_v1.sptoify_to_csv scheduled__2024-03-22T00:00:00+00:00 [running]> on host ca1809388db1
[2024-03-23T21:11:44.651+0000] {taskinstance.py:2513} INFO - Exporting env vars: AIRFLOW_CTX_DAG_OWNER='Nathaniel Solomon' AIRFLOW_CTX_DAG_ID='spotify_to_s3_data_extraction_v1' AIRFLOW_CTX_TASK_ID='sptoify_to_csv' AIRFLOW_CTX_EXECUTION_DATE='2024-03-22T00:00:00+00:00' AIRFLOW_CTX_TRY_NUMBER='1' AIRFLOW_CTX_DAG_RUN_ID='scheduled__2024-03-22T00:00:00+00:00'
[2024-03-23T21:11:44.653+0000] {logging_mixin.py:188} INFO - The extract function has been executed and this is data in the next line
[2024-03-23T21:11:44.656+0000] {logging_mixin.py:188} INFO - Initiating the Endpoint...
[2024-03-23T21:11:45.517+0000] {logging_mixin.py:188} INFO - Extracting other available tracks
[2024-03-23T21:11:55.032+0000] {logging_mixin.py:188} INFO - Adding the values of index 0 into the appropriate Keys...
[2024-03-23T21:11:56.684+0000] {logging_mixin.py:188} INFO - Adding the values of index 1 into the appropriate Keys...
[2024-03-23T21:11:58.893+0000] {logging_mixin.py:188} INFO - Adding the values of index 2 into the appropriate Keys...
[2024-03-23T21:12:01.012+0000] {logging_mixin.py:188} INFO - Adding the values of index 3 into the appropriate Keys...
[2024-03-23T21:12:02.521+0000] {logging_mixin.py:188} INFO - Adding the values of index 4 into the appropriate Keys...
[2024-03-23T21:12:04.080+0000] {logging_mixin.py:188} INFO - Adding the values of index 5 into the appropriate Keys...
[2024-03-23T21:12:06.194+0000] {logging_mixin.py:188} INFO - Adding the values of index 6 into the appropriate Keys...
[2024-03-23T21:12:07.148+0000] {logging_mixin.py:188} INFO - Adding the values of index 7 into the appropriate Keys...
[2024-03-23T21:12:09.475+0000] {logging_mixin.py:188} INFO - Adding the values of index 8 into the appropriate Keys...
[2024-03-23T21:12:10.982+0000] {logging_mixin.py:188} INFO - Adding the values of index 9 into the appropriate Keys...
[2024-03-23T21:12:12.243+0000] {logging_mixin.py:188} INFO - Done Extracting...
[2024-03-23T21:12:12.260+0000] {python.py:202} INFO - Done. Returned value was: None
[2024-03-23T21:12:12.277+0000] {taskinstance.py:1149} INFO - Marking task as SUCCESS. dag_id=spotify_to_s3_data_extraction_v1, task_id=sptoify_to_csv, execution_date=20240322T000000, start_date=20240323T211144, end_date=20240323T211212
[2024-03-23T21:12:12.321+0000] {local_task_job_runner.py:234} INFO - Task exited with return code 0
[2024-03-23T21:12:12.368+0000] {taskinstance.py:3312} INFO - 1 downstream tasks scheduled from follow-on schedule check
