[2024-03-22T10:17:21.504+0000] {taskinstance.py:1979} INFO - Dependencies all met for dep_context=non-requeueable deps ti=<TaskInstance: spotify_to_s3_data_extraction_v1.sptoify_to_csv scheduled__2024-03-20T23:17:00+00:00 [queued]>
[2024-03-22T10:17:21.561+0000] {taskinstance.py:1979} INFO - Dependencies all met for dep_context=requeueable deps ti=<TaskInstance: spotify_to_s3_data_extraction_v1.sptoify_to_csv scheduled__2024-03-20T23:17:00+00:00 [queued]>
[2024-03-22T10:17:21.572+0000] {taskinstance.py:2193} INFO - Starting attempt 2 of 7
[2024-03-22T10:17:21.626+0000] {taskinstance.py:2217} INFO - Executing <Task(PythonOperator): sptoify_to_csv> on 2024-03-20 23:17:00+00:00
[2024-03-22T10:17:21.656+0000] {standard_task_runner.py:60} INFO - Started process 5245 to run task
[2024-03-22T10:17:21.687+0000] {standard_task_runner.py:87} INFO - Running: ['***', 'tasks', 'run', 'spotify_to_s3_data_extraction_v1', 'sptoify_to_csv', 'scheduled__2024-03-20T23:17:00+00:00', '--job-id', '1056', '--raw', '--subdir', 'DAGS_FOLDER/spotify_to_csvs_to_s3.py', '--cfg-path', '/tmp/tmp101eigww']
[2024-03-22T10:17:21.698+0000] {standard_task_runner.py:88} INFO - Job 1056: Subtask sptoify_to_csv
[2024-03-22T10:17:21.888+0000] {task_command.py:423} INFO - Running <TaskInstance: spotify_to_s3_data_extraction_v1.sptoify_to_csv scheduled__2024-03-20T23:17:00+00:00 [running]> on host ca1809388db1
[2024-03-22T10:17:22.153+0000] {taskinstance.py:2513} INFO - Exporting env vars: AIRFLOW_CTX_DAG_OWNER='Nathaniel Solomon' AIRFLOW_CTX_DAG_ID='spotify_to_s3_data_extraction_v1' AIRFLOW_CTX_TASK_ID='sptoify_to_csv' AIRFLOW_CTX_EXECUTION_DATE='2024-03-20T23:17:00+00:00' AIRFLOW_CTX_TRY_NUMBER='2' AIRFLOW_CTX_DAG_RUN_ID='scheduled__2024-03-20T23:17:00+00:00'
[2024-03-22T10:17:22.177+0000] {logging_mixin.py:188} INFO - The extract function has been executed and this is data in the next line
[2024-03-22T10:17:22.178+0000] {logging_mixin.py:188} INFO - Initiating the Endpoint...
[2024-03-22T10:17:23.155+0000] {logging_mixin.py:188} INFO - Extracting other available tracks
[2024-03-22T10:17:33.673+0000] {logging_mixin.py:188} INFO - Adding the values of index 0 into the appropriate Keys...
[2024-03-22T10:17:50.491+0000] {logging_mixin.py:188} INFO - Adding the values of index 1 into the appropriate Keys...
[2024-03-22T10:17:51.513+0000] {logging_mixin.py:188} INFO - Adding the values of index 2 into the appropriate Keys...
[2024-03-22T10:17:52.542+0000] {logging_mixin.py:188} INFO - Adding the values of index 3 into the appropriate Keys...
[2024-03-22T10:17:53.467+0000] {logging_mixin.py:188} INFO - Adding the values of index 4 into the appropriate Keys...
[2024-03-22T10:18:01.701+0000] {logging_mixin.py:188} INFO - Adding the values of index 5 into the appropriate Keys...
[2024-03-22T10:18:10.653+0000] {logging_mixin.py:188} INFO - Adding the values of index 6 into the appropriate Keys...
[2024-03-22T10:18:21.307+0000] {logging_mixin.py:188} INFO - Adding the values of index 7 into the appropriate Keys...
[2024-03-22T10:18:22.207+0000] {logging_mixin.py:188} INFO - Adding the values of index 8 into the appropriate Keys...
[2024-03-22T10:18:32.702+0000] {logging_mixin.py:188} INFO - Adding the values of index 9 into the appropriate Keys...
[2024-03-22T10:18:34.091+0000] {logging_mixin.py:188} INFO - Done Extracting...
[2024-03-22T10:18:34.114+0000] {python.py:202} INFO - Done. Returned value was: None
[2024-03-22T10:18:34.139+0000] {taskinstance.py:1149} INFO - Marking task as SUCCESS. dag_id=spotify_to_s3_data_extraction_v1, task_id=sptoify_to_csv, execution_date=20240320T231700, start_date=20240322T101721, end_date=20240322T101834
[2024-03-22T10:18:34.194+0000] {local_task_job_runner.py:234} INFO - Task exited with return code 0
[2024-03-22T10:18:34.258+0000] {taskinstance.py:3312} INFO - 1 downstream tasks scheduled from follow-on schedule check
