[2024-03-20T23:32:40.802+0000] {taskinstance.py:1979} INFO - Dependencies all met for dep_context=non-requeueable deps ti=<TaskInstance: spotify_to_s3_data_extraction_v1.sptoify_to_csv scheduled__2024-03-20T23:17:00+00:00 [queued]>
[2024-03-20T23:32:40.820+0000] {taskinstance.py:1979} INFO - Dependencies all met for dep_context=requeueable deps ti=<TaskInstance: spotify_to_s3_data_extraction_v1.sptoify_to_csv scheduled__2024-03-20T23:17:00+00:00 [queued]>
[2024-03-20T23:32:40.821+0000] {taskinstance.py:2193} INFO - Starting attempt 1 of 6
[2024-03-20T23:32:40.846+0000] {taskinstance.py:2217} INFO - Executing <Task(PythonOperator): sptoify_to_csv> on 2024-03-20 23:17:00+00:00
[2024-03-20T23:32:40.858+0000] {standard_task_runner.py:60} INFO - Started process 917 to run task
[2024-03-20T23:32:40.869+0000] {standard_task_runner.py:87} INFO - Running: ['***', 'tasks', 'run', 'spotify_to_s3_data_extraction_v1', 'sptoify_to_csv', 'scheduled__2024-03-20T23:17:00+00:00', '--job-id', '205', '--raw', '--subdir', 'DAGS_FOLDER/spotify_to_csvs_to_s3.py', '--cfg-path', '/tmp/tmpyn0y4x3w']
[2024-03-20T23:32:40.873+0000] {standard_task_runner.py:88} INFO - Job 205: Subtask sptoify_to_csv
[2024-03-20T23:32:41.015+0000] {task_command.py:423} INFO - Running <TaskInstance: spotify_to_s3_data_extraction_v1.sptoify_to_csv scheduled__2024-03-20T23:17:00+00:00 [running]> on host ca1809388db1
[2024-03-20T23:32:41.140+0000] {taskinstance.py:2513} INFO - Exporting env vars: AIRFLOW_CTX_DAG_OWNER='Nathaniel Solomon' AIRFLOW_CTX_DAG_ID='spotify_to_s3_data_extraction_v1' AIRFLOW_CTX_TASK_ID='sptoify_to_csv' AIRFLOW_CTX_EXECUTION_DATE='2024-03-20T23:17:00+00:00' AIRFLOW_CTX_TRY_NUMBER='1' AIRFLOW_CTX_DAG_RUN_ID='scheduled__2024-03-20T23:17:00+00:00'
[2024-03-20T23:32:41.143+0000] {logging_mixin.py:188} INFO - The extract function has been executed and this is data in the next line
[2024-03-20T23:32:41.143+0000] {logging_mixin.py:188} INFO - Initiating the Endpoint...
[2024-03-20T23:32:42.067+0000] {logging_mixin.py:188} INFO - Extracting other available tracks
[2024-03-20T23:32:52.178+0000] {logging_mixin.py:188} INFO - Adding the values of index 0 into the appropriate Keys...
[2024-03-20T23:32:53.934+0000] {logging_mixin.py:188} INFO - Adding the values of index 1 into the appropriate Keys...
[2024-03-20T23:32:55.895+0000] {logging_mixin.py:188} INFO - Adding the values of index 2 into the appropriate Keys...
[2024-03-20T23:32:57.981+0000] {logging_mixin.py:188} INFO - Adding the values of index 3 into the appropriate Keys...
[2024-03-20T23:32:59.934+0000] {logging_mixin.py:188} INFO - Adding the values of index 4 into the appropriate Keys...
[2024-03-20T23:33:01.767+0000] {logging_mixin.py:188} INFO - Adding the values of index 5 into the appropriate Keys...
[2024-03-20T23:33:03.649+0000] {logging_mixin.py:188} INFO - Adding the values of index 6 into the appropriate Keys...
[2024-03-20T23:33:04.922+0000] {logging_mixin.py:188} INFO - Adding the values of index 7 into the appropriate Keys...
[2024-03-20T23:33:06.419+0000] {logging_mixin.py:188} INFO - Adding the values of index 8 into the appropriate Keys...
[2024-03-20T23:33:08.995+0000] {logging_mixin.py:188} INFO - Adding the values of index 9 into the appropriate Keys...
[2024-03-20T23:33:10.423+0000] {logging_mixin.py:188} INFO - Done Extracting...
[2024-03-20T23:33:10.873+0000] {python.py:202} INFO - Done. Returned value was: None
[2024-03-20T23:33:11.224+0000] {taskinstance.py:1149} INFO - Marking task as SUCCESS. dag_id=spotify_to_s3_data_extraction_v1, task_id=sptoify_to_csv, execution_date=20240320T231700, start_date=20240320T233240, end_date=20240320T233311
[2024-03-20T23:33:12.135+0000] {local_task_job_runner.py:234} INFO - Task exited with return code 0
[2024-03-20T23:33:13.148+0000] {taskinstance.py:3312} INFO - 1 downstream tasks scheduled from follow-on schedule check
