[2024-03-20T21:58:14.085+0000] {taskinstance.py:1979} INFO - Dependencies all met for dep_context=non-requeueable deps ti=<TaskInstance: spotify_to_s3_data_extraction_v1.sptoify_to_csv scheduled__2024-03-20T21:57:00+00:00 [queued]>
[2024-03-20T21:58:14.127+0000] {taskinstance.py:1979} INFO - Dependencies all met for dep_context=requeueable deps ti=<TaskInstance: spotify_to_s3_data_extraction_v1.sptoify_to_csv scheduled__2024-03-20T21:57:00+00:00 [queued]>
[2024-03-20T21:58:14.129+0000] {taskinstance.py:2193} INFO - Starting attempt 1 of 6
[2024-03-20T21:58:14.211+0000] {taskinstance.py:2217} INFO - Executing <Task(PythonOperator): sptoify_to_csv> on 2024-03-20 21:57:00+00:00
[2024-03-20T21:58:14.233+0000] {standard_task_runner.py:60} INFO - Started process 652 to run task
[2024-03-20T21:58:14.250+0000] {standard_task_runner.py:87} INFO - Running: ['***', 'tasks', 'run', 'spotify_to_s3_data_extraction_v1', 'sptoify_to_csv', 'scheduled__2024-03-20T21:57:00+00:00', '--job-id', '163', '--raw', '--subdir', 'DAGS_FOLDER/spotify_to_csvs_to_s3.py', '--cfg-path', '/tmp/tmpk7ujwc0v']
[2024-03-20T21:58:14.265+0000] {standard_task_runner.py:88} INFO - Job 163: Subtask sptoify_to_csv
[2024-03-20T21:58:14.452+0000] {task_command.py:423} INFO - Running <TaskInstance: spotify_to_s3_data_extraction_v1.sptoify_to_csv scheduled__2024-03-20T21:57:00+00:00 [running]> on host ca1809388db1
[2024-03-20T21:58:14.828+0000] {taskinstance.py:2513} INFO - Exporting env vars: AIRFLOW_CTX_DAG_OWNER='Nathaniel Solomon' AIRFLOW_CTX_DAG_ID='spotify_to_s3_data_extraction_v1' AIRFLOW_CTX_TASK_ID='sptoify_to_csv' AIRFLOW_CTX_EXECUTION_DATE='2024-03-20T21:57:00+00:00' AIRFLOW_CTX_TRY_NUMBER='1' AIRFLOW_CTX_DAG_RUN_ID='scheduled__2024-03-20T21:57:00+00:00'
[2024-03-20T21:58:14.848+0000] {logging_mixin.py:188} INFO - The extract function has been executed and this is data in the next line
[2024-03-20T21:58:14.851+0000] {logging_mixin.py:188} INFO - Initiating the Endpoint...
[2024-03-20T21:58:15.764+0000] {logging_mixin.py:188} INFO - Extracting other available tracks
[2024-03-20T21:58:25.810+0000] {logging_mixin.py:188} INFO - Adding the values of index 0 into the appropriate Keys...
[2024-03-20T21:58:26.857+0000] {logging_mixin.py:188} INFO - Adding the values of index 1 into the appropriate Keys...
[2024-03-20T21:58:27.869+0000] {logging_mixin.py:188} INFO - Adding the values of index 2 into the appropriate Keys...
[2024-03-20T21:58:29.210+0000] {logging_mixin.py:188} INFO - Adding the values of index 3 into the appropriate Keys...
[2024-03-20T21:58:30.589+0000] {logging_mixin.py:188} INFO - Adding the values of index 4 into the appropriate Keys...
[2024-03-20T21:58:32.098+0000] {logging_mixin.py:188} INFO - Adding the values of index 5 into the appropriate Keys...
[2024-03-20T21:58:33.349+0000] {logging_mixin.py:188} INFO - Adding the values of index 6 into the appropriate Keys...
[2024-03-20T21:58:34.372+0000] {logging_mixin.py:188} INFO - Adding the values of index 7 into the appropriate Keys...
[2024-03-20T21:58:35.478+0000] {logging_mixin.py:188} INFO - Adding the values of index 8 into the appropriate Keys...
[2024-03-20T21:58:37.233+0000] {logging_mixin.py:188} INFO - Adding the values of index 9 into the appropriate Keys...
[2024-03-20T21:58:38.405+0000] {logging_mixin.py:188} INFO - Done Extracting...
[2024-03-20T21:58:38.454+0000] {python.py:202} INFO - Done. Returned value was: None
[2024-03-20T21:58:38.491+0000] {taskinstance.py:1149} INFO - Marking task as SUCCESS. dag_id=spotify_to_s3_data_extraction_v1, task_id=sptoify_to_csv, execution_date=20240320T215700, start_date=20240320T215814, end_date=20240320T215838
[2024-03-20T21:58:38.581+0000] {local_task_job_runner.py:234} INFO - Task exited with return code 0
[2024-03-20T21:58:38.691+0000] {taskinstance.py:3312} INFO - 1 downstream tasks scheduled from follow-on schedule check
