[2024-03-28T21:00:07.947+0000] {taskinstance.py:1979} INFO - Dependencies all met for dep_context=non-requeueable deps ti=<TaskInstance: billboard_to_spotify_to_s3_extraction.sptoify_to_csv manual__2024-03-28T21:00:03.734741+00:00 [queued]>
[2024-03-28T21:00:07.954+0000] {taskinstance.py:1979} INFO - Dependencies all met for dep_context=requeueable deps ti=<TaskInstance: billboard_to_spotify_to_s3_extraction.sptoify_to_csv manual__2024-03-28T21:00:03.734741+00:00 [queued]>
[2024-03-28T21:00:07.955+0000] {taskinstance.py:2193} INFO - Starting attempt 1 of 6
[2024-03-28T21:00:07.966+0000] {taskinstance.py:2217} INFO - Executing <Task(PythonOperator): sptoify_to_csv> on 2024-03-28 21:00:03.734741+00:00
[2024-03-28T21:00:07.971+0000] {standard_task_runner.py:60} INFO - Started process 944 to run task
[2024-03-28T21:00:07.974+0000] {standard_task_runner.py:87} INFO - Running: ['***', 'tasks', 'run', 'billboard_to_spotify_to_s3_extraction', 'sptoify_to_csv', 'manual__2024-03-28T21:00:03.734741+00:00', '--job-id', '1463', '--raw', '--subdir', 'DAGS_FOLDER/billboard_to_spotify_to_csvs_to_s3.py', '--cfg-path', '/tmp/tmp_i7bl1wg']
[2024-03-28T21:00:07.977+0000] {standard_task_runner.py:88} INFO - Job 1463: Subtask sptoify_to_csv
[2024-03-28T21:00:08.020+0000] {task_command.py:423} INFO - Running <TaskInstance: billboard_to_spotify_to_s3_extraction.sptoify_to_csv manual__2024-03-28T21:00:03.734741+00:00 [running]> on host bc244bd8b198
[2024-03-28T21:00:08.084+0000] {taskinstance.py:2513} INFO - Exporting env vars: AIRFLOW_CTX_DAG_OWNER='Nathaniel Solomon' AIRFLOW_CTX_DAG_ID='billboard_to_spotify_to_s3_extraction' AIRFLOW_CTX_TASK_ID='sptoify_to_csv' AIRFLOW_CTX_EXECUTION_DATE='2024-03-28T21:00:03.734741+00:00' AIRFLOW_CTX_TRY_NUMBER='1' AIRFLOW_CTX_DAG_RUN_ID='manual__2024-03-28T21:00:03.734741+00:00'
[2024-03-28T21:00:08.094+0000] {logging_mixin.py:188} INFO - GOT THE TOP ARTISTS DAT FROM XCOM
[2024-03-28T21:00:08.095+0000] {logging_mixin.py:188} INFO - GETTING ARTISTS BIO DATA
[2024-03-28T21:00:08.679+0000] {logging_mixin.py:188} INFO - GETTING ARTISTS ALBUMS DATA
[2024-03-28T21:00:09.049+0000] {logging_mixin.py:188} INFO - Taylor Swift has appeared on a total of 385 albums
[2024-03-28T21:00:09.050+0000] {logging_mixin.py:188} INFO -  Now stagging the albums ...
[2024-03-28T21:00:16.473+0000] {logging_mixin.py:188} INFO -  Taylor Swift albums stagged ... 
[2024-03-28T21:00:16.475+0000] {logging_mixin.py:188} INFO -  transforming Taylor Swift albums data ... 
[2024-03-28T21:00:16.476+0000] {logging_mixin.py:188} INFO - GETTING ALBUMS TRACKS DATA
[2024-03-28T21:00:16.750+0000] {logging_mixin.py:188} INFO -  Now stagging the tracks ...
[2024-03-28T21:00:16.751+0000] {logging_mixin.py:188} INFO -  1989 (Taylor's Version) [Deluxe] tracks stagged ... 
[2024-03-28T21:00:16.751+0000] {logging_mixin.py:188} INFO -  transforming 1989 (Taylor's Version) [Deluxe] tracks data ... 
[2024-03-28T21:00:18.614+0000] {logging_mixin.py:188} INFO - GETTING ALBUMS TRACKS DATA
[2024-03-28T21:00:18.898+0000] {logging_mixin.py:188} INFO -  Now stagging the tracks ...
[2024-03-28T21:00:18.899+0000] {logging_mixin.py:188} INFO -  1989 (Taylor's Version) tracks stagged ... 
[2024-03-28T21:00:18.900+0000] {logging_mixin.py:188} INFO -  transforming 1989 (Taylor's Version) tracks data ... 
[2024-03-28T21:00:20.738+0000] {logging_mixin.py:188} INFO - GETTING ALBUMS TRACKS DATA
[2024-03-28T21:00:21.034+0000] {logging_mixin.py:188} INFO -  Now stagging the tracks ...
[2024-03-28T21:00:21.035+0000] {logging_mixin.py:188} INFO -  Speak Now (Taylor's Version) tracks stagged ... 
[2024-03-28T21:00:21.035+0000] {logging_mixin.py:188} INFO -  transforming Speak Now (Taylor's Version) tracks data ... 
[2024-03-28T21:00:22.834+0000] {logging_mixin.py:188} INFO - GETTING ALBUMS TRACKS DATA
[2024-03-28T21:00:23.096+0000] {logging_mixin.py:188} INFO -  Now stagging the tracks ...
[2024-03-28T21:00:23.097+0000] {logging_mixin.py:188} INFO -  Midnights (The Til Dawn Edition) tracks stagged ... 
[2024-03-28T21:00:23.097+0000] {logging_mixin.py:188} INFO -  transforming Midnights (The Til Dawn Edition) tracks data ... 
[2024-03-28T21:00:24.933+0000] {logging_mixin.py:188} INFO - GETTING ALBUMS TRACKS DATA
[2024-03-28T21:00:25.270+0000] {logging_mixin.py:188} INFO -  Now stagging the tracks ...
[2024-03-28T21:00:25.270+0000] {logging_mixin.py:188} INFO -  Midnights (3am Edition) tracks stagged ... 
[2024-03-28T21:00:25.271+0000] {logging_mixin.py:188} INFO -  transforming Midnights (3am Edition) tracks data ... 
[2024-03-28T21:00:27.351+0000] {logging_mixin.py:188} INFO - GETTING ALBUMS TRACKS DATA
[2024-03-28T21:00:27.674+0000] {logging_mixin.py:188} INFO -  Now stagging the tracks ...
[2024-03-28T21:00:27.680+0000] {logging_mixin.py:188} INFO -  Midnights tracks stagged ... 
[2024-03-28T21:00:27.682+0000] {logging_mixin.py:188} INFO -  transforming Midnights tracks data ... 
[2024-03-28T21:00:29.556+0000] {logging_mixin.py:188} INFO - GETTING ALBUMS TRACKS DATA
[2024-03-28T21:00:29.854+0000] {logging_mixin.py:188} INFO -  Now stagging the tracks ...
[2024-03-28T21:00:29.855+0000] {logging_mixin.py:188} INFO -  Red (Taylor's Version) tracks stagged ... 
[2024-03-28T21:00:29.855+0000] {logging_mixin.py:188} INFO -  transforming Red (Taylor's Version) tracks data ... 
[2024-03-28T21:00:31.692+0000] {logging_mixin.py:188} INFO - GETTING ALBUMS TRACKS DATA
[2024-03-28T21:00:32.004+0000] {logging_mixin.py:188} INFO -  Now stagging the tracks ...
[2024-03-28T21:00:32.005+0000] {logging_mixin.py:188} INFO -  Fearless (Taylor's Version) tracks stagged ... 
[2024-03-28T21:00:32.006+0000] {logging_mixin.py:188} INFO -  transforming Fearless (Taylor's Version) tracks data ... 
[2024-03-28T21:00:33.905+0000] {logging_mixin.py:188} INFO - GETTING ALBUMS TRACKS DATA
[2024-03-28T21:00:34.165+0000] {logging_mixin.py:188} INFO -  Now stagging the tracks ...
[2024-03-28T21:00:34.166+0000] {logging_mixin.py:188} INFO -  evermore (deluxe version) tracks stagged ... 
[2024-03-28T21:00:34.166+0000] {logging_mixin.py:188} INFO -  transforming evermore (deluxe version) tracks data ... 
[2024-03-28T21:00:36.013+0000] {logging_mixin.py:188} INFO - GETTING ALBUMS TRACKS DATA
[2024-03-28T21:00:36.258+0000] {logging_mixin.py:188} INFO -  Now stagging the tracks ...
[2024-03-28T21:00:36.259+0000] {logging_mixin.py:188} INFO -  evermore tracks stagged ... 
[2024-03-28T21:00:36.259+0000] {logging_mixin.py:188} INFO -  transforming evermore tracks data ... 
[2024-03-28T21:00:38.291+0000] {logging_mixin.py:188} INFO - DONE WITH {artist_name} NOW MOVING TO NEXT ARTIST
[2024-03-28T21:00:38.586+0000] {logging_mixin.py:188} INFO - GETTING ARTISTS ALBUMS DATA
[2024-03-28T21:00:39.091+0000] {logging_mixin.py:188} INFO - Kacey Musgraves has appeared on a total of 679 albums
[2024-03-28T21:00:39.093+0000] {logging_mixin.py:188} INFO -  Now stagging the albums ...
[2024-03-28T21:00:53.769+0000] {logging_mixin.py:188} INFO -  Kacey Musgraves albums stagged ... 
[2024-03-28T21:00:53.770+0000] {logging_mixin.py:188} INFO -  transforming Kacey Musgraves albums data ... 
[2024-03-28T21:00:53.770+0000] {logging_mixin.py:188} INFO - GETTING ALBUMS TRACKS DATA
[2024-03-28T21:00:54.086+0000] {logging_mixin.py:188} INFO -  Now stagging the tracks ...
[2024-03-28T21:00:54.087+0000] {logging_mixin.py:188} INFO -  Deeper Well tracks stagged ... 
[2024-03-28T21:00:54.088+0000] {logging_mixin.py:188} INFO -  transforming Deeper Well tracks data ... 
[2024-03-28T21:00:55.853+0000] {logging_mixin.py:188} INFO - GETTING ALBUMS TRACKS DATA
[2024-03-28T21:00:56.112+0000] {logging_mixin.py:188} INFO -  Now stagging the tracks ...
[2024-03-28T21:00:56.113+0000] {logging_mixin.py:188} INFO -  star-crossed tracks stagged ... 
[2024-03-28T21:00:56.114+0000] {logging_mixin.py:188} INFO -  transforming star-crossed tracks data ... 
[2024-03-28T21:00:59.016+0000] {client.py:302} ERROR - Max Retries reached
[2024-03-28T21:00:59.017+0000] {taskinstance.py:2731} ERROR - Task failed with exception
Traceback (most recent call last):
  File "/home/airflow/.local/lib/python3.8/site-packages/requests/adapters.py", line 486, in send
    resp = conn.urlopen(
  File "/home/airflow/.local/lib/python3.8/site-packages/urllib3/connectionpool.py", line 894, in urlopen
    return self.urlopen(
  File "/home/airflow/.local/lib/python3.8/site-packages/urllib3/connectionpool.py", line 894, in urlopen
    return self.urlopen(
  File "/home/airflow/.local/lib/python3.8/site-packages/urllib3/connectionpool.py", line 894, in urlopen
    return self.urlopen(
  File "/home/airflow/.local/lib/python3.8/site-packages/urllib3/connectionpool.py", line 884, in urlopen
    retries = retries.increment(method, url, response=response, _pool=self)
  File "/home/airflow/.local/lib/python3.8/site-packages/urllib3/util/retry.py", line 592, in increment
    raise MaxRetryError(_pool, url, error or ResponseError(cause))
urllib3.exceptions.MaxRetryError: HTTPSConnectionPool(host='api.spotify.com', port=443): Max retries exceeded with url: /v1/audio-features/?ids=3PT3dmokgfqJSsZxv4Njw5 (Caused by ResponseError('too many 429 error responses'))

During handling of the above exception, another exception occurred:

Traceback (most recent call last):
  File "/home/airflow/.local/lib/python3.8/site-packages/spotipy/client.py", line 266, in _internal_call
    response = self._session.request(
  File "/home/airflow/.local/lib/python3.8/site-packages/requests/sessions.py", line 589, in request
    resp = self.send(prep, **send_kwargs)
  File "/home/airflow/.local/lib/python3.8/site-packages/requests/sessions.py", line 703, in send
    r = adapter.send(request, **kwargs)
  File "/home/airflow/.local/lib/python3.8/site-packages/requests/adapters.py", line 510, in send
    raise RetryError(e, request=request)
requests.exceptions.RetryError: HTTPSConnectionPool(host='api.spotify.com', port=443): Max retries exceeded with url: /v1/audio-features/?ids=3PT3dmokgfqJSsZxv4Njw5 (Caused by ResponseError('too many 429 error responses'))

During handling of the above exception, another exception occurred:

Traceback (most recent call last):
  File "/home/airflow/.local/lib/python3.8/site-packages/airflow/models/taskinstance.py", line 444, in _execute_task
    result = _execute_callable(context=context, **execute_callable_kwargs)
  File "/home/airflow/.local/lib/python3.8/site-packages/airflow/models/taskinstance.py", line 414, in _execute_callable
    return execute_callable(context=context, **execute_callable_kwargs)
  File "/home/airflow/.local/lib/python3.8/site-packages/airflow/operators/python.py", line 200, in execute
    return_value = self.execute_callable()
  File "/home/airflow/.local/lib/python3.8/site-packages/airflow/operators/python.py", line 217, in execute_callable
    return self.python_callable(*self.op_args, **self.op_kwargs)
  File "/opt/airflow/dags/billboard_to_spotify_to_csvs_to_s3.py", line 155, in Spotify_to_CSV
    track_features = sp.audio_features(track['uri'])
  File "/home/airflow/.local/lib/python3.8/site-packages/spotipy/client.py", line 1734, in audio_features
    results = self._get("audio-features/?ids=" + trackid)
  File "/home/airflow/.local/lib/python3.8/site-packages/spotipy/client.py", line 323, in _get
    return self._internal_call("GET", url, payload, kwargs)
  File "/home/airflow/.local/lib/python3.8/site-packages/spotipy/client.py", line 307, in _internal_call
    raise SpotifyException(
spotipy.exceptions.SpotifyException: http status: 429, code:-1 - /v1/audio-features/?ids=3PT3dmokgfqJSsZxv4Njw5:
 Max Retries, reason: too many 429 error responses
[2024-03-28T21:00:59.030+0000] {taskinstance.py:1149} INFO - Marking task as UP_FOR_RETRY. dag_id=billboard_to_spotify_to_s3_extraction, task_id=sptoify_to_csv, execution_date=20240328T210003, start_date=20240328T210007, end_date=20240328T210059
[2024-03-28T21:00:59.050+0000] {standard_task_runner.py:107} ERROR - Failed to execute job 1463 for task sptoify_to_csv (http status: 429, code:-1 - /v1/audio-features/?ids=3PT3dmokgfqJSsZxv4Njw5:
 Max Retries, reason: too many 429 error responses; 944)
[2024-03-28T21:00:59.066+0000] {local_task_job_runner.py:234} INFO - Task exited with return code 1
[2024-03-28T21:00:59.092+0000] {taskinstance.py:3312} INFO - 0 downstream tasks scheduled from follow-on schedule check
