[2024-03-24T10:36:55.607+0000] {taskinstance.py:1979} INFO - Dependencies all met for dep_context=non-requeueable deps ti=<TaskInstance: spotify_to_s3_data_extraction_finalys_x64.sptoify_to_csv manual__2024-03-24T10:36:53.180272+00:00 [queued]>
[2024-03-24T10:36:55.677+0000] {taskinstance.py:1979} INFO - Dependencies all met for dep_context=requeueable deps ti=<TaskInstance: spotify_to_s3_data_extraction_finalys_x64.sptoify_to_csv manual__2024-03-24T10:36:53.180272+00:00 [queued]>
[2024-03-24T10:36:55.681+0000] {taskinstance.py:2193} INFO - Starting attempt 1 of 6
[2024-03-24T10:36:55.753+0000] {taskinstance.py:2217} INFO - Executing <Task(PythonOperator): sptoify_to_csv> on 2024-03-24 10:36:53.180272+00:00
[2024-03-24T10:36:55.788+0000] {standard_task_runner.py:60} INFO - Started process 4620 to run task
[2024-03-24T10:36:55.801+0000] {standard_task_runner.py:87} INFO - Running: ['***', 'tasks', 'run', 'spotify_to_s3_data_extraction_finalys_x64', 'sptoify_to_csv', 'manual__2024-03-24T10:36:53.180272+00:00', '--job-id', '1406', '--raw', '--subdir', 'DAGS_FOLDER/spotify_to_csvs_to_s3.py', '--cfg-path', '/tmp/tmpj7jb63bo']
[2024-03-24T10:36:55.811+0000] {standard_task_runner.py:88} INFO - Job 1406: Subtask sptoify_to_csv
[2024-03-24T10:36:55.923+0000] {task_command.py:423} INFO - Running <TaskInstance: spotify_to_s3_data_extraction_finalys_x64.sptoify_to_csv manual__2024-03-24T10:36:53.180272+00:00 [running]> on host bc244bd8b198
[2024-03-24T10:36:56.095+0000] {taskinstance.py:2513} INFO - Exporting env vars: AIRFLOW_CTX_DAG_OWNER='Nathaniel Solomon' AIRFLOW_CTX_DAG_ID='spotify_to_s3_data_extraction_finalys_x64' AIRFLOW_CTX_TASK_ID='sptoify_to_csv' AIRFLOW_CTX_EXECUTION_DATE='2024-03-24T10:36:53.180272+00:00' AIRFLOW_CTX_TRY_NUMBER='1' AIRFLOW_CTX_DAG_RUN_ID='manual__2024-03-24T10:36:53.180272+00:00'
[2024-03-24T10:36:56.098+0000] {logging_mixin.py:188} INFO - The extract function has been executed and this is data in the next line
[2024-03-24T10:36:56.099+0000] {logging_mixin.py:188} INFO - Initiating the Endpoint...
[2024-03-24T10:36:56.982+0000] {logging_mixin.py:188} INFO - Extracting other available tracks
[2024-03-24T10:37:09.727+0000] {logging_mixin.py:188} INFO - Adding the values of index 0 into the appropriate Keys...
[2024-03-24T10:37:10.995+0000] {logging_mixin.py:188} INFO - Adding the values of index 1 into the appropriate Keys...
[2024-03-24T10:37:12.168+0000] {logging_mixin.py:188} INFO - Adding the values of index 2 into the appropriate Keys...
[2024-03-24T10:37:13.218+0000] {logging_mixin.py:188} INFO - Adding the values of index 3 into the appropriate Keys...
[2024-03-24T10:37:14.523+0000] {logging_mixin.py:188} INFO - Adding the values of index 4 into the appropriate Keys...
[2024-03-24T10:37:15.711+0000] {logging_mixin.py:188} INFO - Adding the values of index 5 into the appropriate Keys...
[2024-03-24T10:37:16.992+0000] {logging_mixin.py:188} INFO - Adding the values of index 6 into the appropriate Keys...
[2024-03-24T10:37:18.072+0000] {logging_mixin.py:188} INFO - Adding the values of index 7 into the appropriate Keys...
[2024-03-24T10:37:19.373+0000] {logging_mixin.py:188} INFO - Adding the values of index 8 into the appropriate Keys...
[2024-03-24T10:37:20.596+0000] {logging_mixin.py:188} INFO - Adding the values of index 9 into the appropriate Keys...
[2024-03-24T10:37:22.080+0000] {logging_mixin.py:188} INFO - Done Extracting...
[2024-03-24T10:37:22.118+0000] {python.py:202} INFO - Done. Returned value was: None
[2024-03-24T10:37:22.150+0000] {taskinstance.py:1149} INFO - Marking task as SUCCESS. dag_id=spotify_to_s3_data_extraction_finalys_x64, task_id=sptoify_to_csv, execution_date=20240324T103653, start_date=20240324T103655, end_date=20240324T103722
[2024-03-24T10:37:22.258+0000] {local_task_job_runner.py:234} INFO - Task exited with return code 0
[2024-03-24T10:37:22.307+0000] {taskinstance.py:3312} INFO - 1 downstream tasks scheduled from follow-on schedule check
