[2024-03-24T04:58:51.882+0000] {taskinstance.py:1979} INFO - Dependencies all met for dep_context=non-requeueable deps ti=<TaskInstance: spotify_to_s3_data_extraction_v1.sptoify_to_csv scheduled__2024-03-21T05:06:00+00:00 [queued]>
[2024-03-24T04:58:51.907+0000] {taskinstance.py:1979} INFO - Dependencies all met for dep_context=requeueable deps ti=<TaskInstance: spotify_to_s3_data_extraction_v1.sptoify_to_csv scheduled__2024-03-21T05:06:00+00:00 [queued]>
[2024-03-24T04:58:51.909+0000] {taskinstance.py:2193} INFO - Starting attempt 8 of 12
[2024-03-24T04:58:51.969+0000] {taskinstance.py:2217} INFO - Executing <Task(PythonOperator): sptoify_to_csv> on 2024-03-21 05:06:00+00:00
[2024-03-24T04:58:51.992+0000] {standard_task_runner.py:60} INFO - Started process 170 to run task
[2024-03-24T04:58:52.007+0000] {standard_task_runner.py:87} INFO - Running: ['***', 'tasks', 'run', 'spotify_to_s3_data_extraction_v1', 'sptoify_to_csv', 'scheduled__2024-03-21T05:06:00+00:00', '--job-id', '1351', '--raw', '--subdir', 'DAGS_FOLDER/spotify_to_csvs_to_s3.py', '--cfg-path', '/tmp/tmp4ggh3l7h']
[2024-03-24T04:58:52.066+0000] {standard_task_runner.py:88} INFO - Job 1351: Subtask sptoify_to_csv
[2024-03-24T04:58:52.290+0000] {task_command.py:423} INFO - Running <TaskInstance: spotify_to_s3_data_extraction_v1.sptoify_to_csv scheduled__2024-03-21T05:06:00+00:00 [running]> on host 030bbd5ea1b2
[2024-03-24T04:58:52.545+0000] {taskinstance.py:2513} INFO - Exporting env vars: AIRFLOW_CTX_DAG_OWNER='Nathaniel Solomon' AIRFLOW_CTX_DAG_ID='spotify_to_s3_data_extraction_v1' AIRFLOW_CTX_TASK_ID='sptoify_to_csv' AIRFLOW_CTX_EXECUTION_DATE='2024-03-21T05:06:00+00:00' AIRFLOW_CTX_TRY_NUMBER='8' AIRFLOW_CTX_DAG_RUN_ID='scheduled__2024-03-21T05:06:00+00:00'
[2024-03-24T04:58:52.552+0000] {logging_mixin.py:188} INFO - The extract function has been executed and this is data in the next line
[2024-03-24T04:58:52.554+0000] {logging_mixin.py:188} INFO - Initiating the Endpoint...
[2024-03-24T04:58:53.384+0000] {logging_mixin.py:188} INFO - Extracting other available tracks
[2024-03-24T04:59:02.054+0000] {logging_mixin.py:188} INFO - Adding the values of index 0 into the appropriate Keys...
[2024-03-24T04:59:03.140+0000] {logging_mixin.py:188} INFO - Adding the values of index 1 into the appropriate Keys...
[2024-03-24T04:59:04.291+0000] {logging_mixin.py:188} INFO - Adding the values of index 2 into the appropriate Keys...
[2024-03-24T04:59:05.183+0000] {logging_mixin.py:188} INFO - Adding the values of index 3 into the appropriate Keys...
[2024-03-24T04:59:06.041+0000] {logging_mixin.py:188} INFO - Adding the values of index 4 into the appropriate Keys...
[2024-03-24T04:59:07.265+0000] {logging_mixin.py:188} INFO - Adding the values of index 5 into the appropriate Keys...
[2024-03-24T04:59:08.246+0000] {logging_mixin.py:188} INFO - Adding the values of index 6 into the appropriate Keys...
[2024-03-24T04:59:09.352+0000] {logging_mixin.py:188} INFO - Adding the values of index 7 into the appropriate Keys...
[2024-03-24T04:59:10.256+0000] {logging_mixin.py:188} INFO - Adding the values of index 8 into the appropriate Keys...
[2024-03-24T04:59:11.184+0000] {logging_mixin.py:188} INFO - Adding the values of index 9 into the appropriate Keys...
[2024-03-24T04:59:12.186+0000] {logging_mixin.py:188} INFO - Done Extracting...
[2024-03-24T04:59:12.229+0000] {python.py:202} INFO - Done. Returned value was: None
[2024-03-24T04:59:12.266+0000] {taskinstance.py:1149} INFO - Marking task as SUCCESS. dag_id=spotify_to_s3_data_extraction_v1, task_id=sptoify_to_csv, execution_date=20240321T050600, start_date=20240324T045851, end_date=20240324T045912
[2024-03-24T04:59:12.346+0000] {local_task_job_runner.py:234} INFO - Task exited with return code 0
[2024-03-24T04:59:12.445+0000] {taskinstance.py:3312} INFO - 1 downstream tasks scheduled from follow-on schedule check
