[2024-03-21T02:16:01.484+0000] {taskinstance.py:1979} INFO - Dependencies all met for dep_context=non-requeueable deps ti=<TaskInstance: spotify_to_s3_data_extraction_v1.sptoify_to_csv scheduled__2024-03-21T02:15:00+00:00 [queued]>
[2024-03-21T02:16:01.491+0000] {taskinstance.py:1979} INFO - Dependencies all met for dep_context=requeueable deps ti=<TaskInstance: spotify_to_s3_data_extraction_v1.sptoify_to_csv scheduled__2024-03-21T02:15:00+00:00 [queued]>
[2024-03-21T02:16:01.492+0000] {taskinstance.py:2193} INFO - Starting attempt 1 of 6
[2024-03-21T02:16:01.504+0000] {taskinstance.py:2217} INFO - Executing <Task(PythonOperator): sptoify_to_csv> on 2024-03-21 02:15:00+00:00
[2024-03-21T02:16:01.512+0000] {standard_task_runner.py:60} INFO - Started process 1440 to run task
[2024-03-21T02:16:01.515+0000] {standard_task_runner.py:87} INFO - Running: ['***', 'tasks', 'run', 'spotify_to_s3_data_extraction_v1', 'sptoify_to_csv', 'scheduled__2024-03-21T02:15:00+00:00', '--job-id', '292', '--raw', '--subdir', 'DAGS_FOLDER/spotify_to_csvs_to_s3.py', '--cfg-path', '/tmp/tmplv7ntd75']
[2024-03-21T02:16:01.517+0000] {standard_task_runner.py:88} INFO - Job 292: Subtask sptoify_to_csv
[2024-03-21T02:16:01.567+0000] {task_command.py:423} INFO - Running <TaskInstance: spotify_to_s3_data_extraction_v1.sptoify_to_csv scheduled__2024-03-21T02:15:00+00:00 [running]> on host ca1809388db1
[2024-03-21T02:16:01.640+0000] {taskinstance.py:2513} INFO - Exporting env vars: AIRFLOW_CTX_DAG_OWNER='Nathaniel Solomon' AIRFLOW_CTX_DAG_ID='spotify_to_s3_data_extraction_v1' AIRFLOW_CTX_TASK_ID='sptoify_to_csv' AIRFLOW_CTX_EXECUTION_DATE='2024-03-21T02:15:00+00:00' AIRFLOW_CTX_TRY_NUMBER='1' AIRFLOW_CTX_DAG_RUN_ID='scheduled__2024-03-21T02:15:00+00:00'
[2024-03-21T02:16:01.642+0000] {logging_mixin.py:188} INFO - The extract function has been executed and this is data in the next line
[2024-03-21T02:16:01.642+0000] {logging_mixin.py:188} INFO - Initiating the Endpoint...
[2024-03-21T02:16:02.151+0000] {logging_mixin.py:188} INFO - Extracting other available tracks
[2024-03-21T02:16:09.520+0000] {logging_mixin.py:188} INFO - Adding the values of index 0 into the appropriate Keys...
[2024-03-21T02:16:10.512+0000] {logging_mixin.py:188} INFO - Adding the values of index 1 into the appropriate Keys...
[2024-03-21T02:16:11.387+0000] {logging_mixin.py:188} INFO - Adding the values of index 2 into the appropriate Keys...
[2024-03-21T02:16:12.273+0000] {logging_mixin.py:188} INFO - Adding the values of index 3 into the appropriate Keys...
[2024-03-21T02:16:13.382+0000] {logging_mixin.py:188} INFO - Adding the values of index 4 into the appropriate Keys...
[2024-03-21T02:16:14.413+0000] {logging_mixin.py:188} INFO - Adding the values of index 5 into the appropriate Keys...
[2024-03-21T02:16:15.411+0000] {logging_mixin.py:188} INFO - Adding the values of index 6 into the appropriate Keys...
[2024-03-21T02:16:16.292+0000] {logging_mixin.py:188} INFO - Adding the values of index 7 into the appropriate Keys...
[2024-03-21T02:16:17.194+0000] {logging_mixin.py:188} INFO - Adding the values of index 8 into the appropriate Keys...
[2024-03-21T02:16:18.304+0000] {logging_mixin.py:188} INFO - Adding the values of index 9 into the appropriate Keys...
[2024-03-21T02:16:19.262+0000] {logging_mixin.py:188} INFO - Done Extracting...
[2024-03-21T02:16:19.278+0000] {python.py:202} INFO - Done. Returned value was: None
[2024-03-21T02:16:19.290+0000] {taskinstance.py:1149} INFO - Marking task as SUCCESS. dag_id=spotify_to_s3_data_extraction_v1, task_id=sptoify_to_csv, execution_date=20240321T021500, start_date=20240321T021601, end_date=20240321T021619
[2024-03-21T02:16:19.342+0000] {local_task_job_runner.py:234} INFO - Task exited with return code 0
[2024-03-21T02:16:19.368+0000] {taskinstance.py:3312} INFO - 1 downstream tasks scheduled from follow-on schedule check
