[2024-03-22T10:20:21.120+0000] {taskinstance.py:1979} INFO - Dependencies all met for dep_context=non-requeueable deps ti=<TaskInstance: spotify_to_s3_data_extraction_v1.sptoify_to_csv scheduled__2024-03-21T02:15:00+00:00 [queued]>
[2024-03-22T10:20:21.150+0000] {taskinstance.py:1979} INFO - Dependencies all met for dep_context=requeueable deps ti=<TaskInstance: spotify_to_s3_data_extraction_v1.sptoify_to_csv scheduled__2024-03-21T02:15:00+00:00 [queued]>
[2024-03-22T10:20:21.155+0000] {taskinstance.py:2193} INFO - Starting attempt 2 of 7
[2024-03-22T10:20:21.266+0000] {taskinstance.py:2217} INFO - Executing <Task(PythonOperator): sptoify_to_csv> on 2024-03-21 02:15:00+00:00
[2024-03-22T10:20:21.316+0000] {standard_task_runner.py:60} INFO - Started process 5509 to run task
[2024-03-22T10:20:21.339+0000] {standard_task_runner.py:87} INFO - Running: ['***', 'tasks', 'run', 'spotify_to_s3_data_extraction_v1', 'sptoify_to_csv', 'scheduled__2024-03-21T02:15:00+00:00', '--job-id', '1133', '--raw', '--subdir', 'DAGS_FOLDER/spotify_to_csvs_to_s3.py', '--cfg-path', '/tmp/tmpjuc5f5y7']
[2024-03-22T10:20:21.381+0000] {standard_task_runner.py:88} INFO - Job 1133: Subtask sptoify_to_csv
[2024-03-22T10:20:21.611+0000] {task_command.py:423} INFO - Running <TaskInstance: spotify_to_s3_data_extraction_v1.sptoify_to_csv scheduled__2024-03-21T02:15:00+00:00 [running]> on host ca1809388db1
[2024-03-22T10:20:21.885+0000] {taskinstance.py:2513} INFO - Exporting env vars: AIRFLOW_CTX_DAG_OWNER='Nathaniel Solomon' AIRFLOW_CTX_DAG_ID='spotify_to_s3_data_extraction_v1' AIRFLOW_CTX_TASK_ID='sptoify_to_csv' AIRFLOW_CTX_EXECUTION_DATE='2024-03-21T02:15:00+00:00' AIRFLOW_CTX_TRY_NUMBER='2' AIRFLOW_CTX_DAG_RUN_ID='scheduled__2024-03-21T02:15:00+00:00'
[2024-03-22T10:20:21.897+0000] {logging_mixin.py:188} INFO - The extract function has been executed and this is data in the next line
[2024-03-22T10:20:21.898+0000] {logging_mixin.py:188} INFO - Initiating the Endpoint...
[2024-03-22T10:20:22.696+0000] {logging_mixin.py:188} INFO - Extracting other available tracks
[2024-03-22T10:20:36.657+0000] {logging_mixin.py:188} INFO - Adding the values of index 0 into the appropriate Keys...
[2024-03-22T10:20:37.963+0000] {logging_mixin.py:188} INFO - Adding the values of index 1 into the appropriate Keys...
[2024-03-22T10:20:41.086+0000] {logging_mixin.py:188} INFO - Adding the values of index 2 into the appropriate Keys...
[2024-03-22T10:20:41.987+0000] {logging_mixin.py:188} INFO - Adding the values of index 3 into the appropriate Keys...
[2024-03-22T10:20:47.247+0000] {logging_mixin.py:188} INFO - Adding the values of index 4 into the appropriate Keys...
[2024-03-22T10:20:48.131+0000] {logging_mixin.py:188} INFO - Adding the values of index 5 into the appropriate Keys...
[2024-03-22T10:20:51.242+0000] {logging_mixin.py:188} INFO - Adding the values of index 6 into the appropriate Keys...
[2024-03-22T10:20:52.432+0000] {logging_mixin.py:188} INFO - Adding the values of index 7 into the appropriate Keys...
[2024-03-22T10:21:00.474+0000] {logging_mixin.py:188} INFO - Adding the values of index 8 into the appropriate Keys...
[2024-03-22T10:21:01.489+0000] {logging_mixin.py:188} INFO - Adding the values of index 9 into the appropriate Keys...
[2024-03-22T10:21:02.644+0000] {logging_mixin.py:188} INFO - Done Extracting...
[2024-03-22T10:21:02.790+0000] {python.py:202} INFO - Done. Returned value was: None
[2024-03-22T10:21:02.834+0000] {taskinstance.py:1149} INFO - Marking task as SUCCESS. dag_id=spotify_to_s3_data_extraction_v1, task_id=sptoify_to_csv, execution_date=20240321T021500, start_date=20240322T102021, end_date=20240322T102102
[2024-03-22T10:21:03.046+0000] {local_task_job_runner.py:234} INFO - Task exited with return code 0
[2024-03-22T10:21:03.113+0000] {taskinstance.py:3312} INFO - 1 downstream tasks scheduled from follow-on schedule check
