[2024-03-20T21:49:09.171+0000] {taskinstance.py:1979} INFO - Dependencies all met for dep_context=non-requeueable deps ti=<TaskInstance: spotify_to_s3_data_extraction_v1.sptoify_to_csv scheduled__2024-03-20T21:48:00+00:00 [queued]>
[2024-03-20T21:49:09.210+0000] {taskinstance.py:1979} INFO - Dependencies all met for dep_context=requeueable deps ti=<TaskInstance: spotify_to_s3_data_extraction_v1.sptoify_to_csv scheduled__2024-03-20T21:48:00+00:00 [queued]>
[2024-03-20T21:49:09.215+0000] {taskinstance.py:2193} INFO - Starting attempt 1 of 6
[2024-03-20T21:49:09.265+0000] {taskinstance.py:2217} INFO - Executing <Task(PythonOperator): sptoify_to_csv> on 2024-03-20 21:48:00+00:00
[2024-03-20T21:49:09.291+0000] {standard_task_runner.py:60} INFO - Started process 521 to run task
[2024-03-20T21:49:09.304+0000] {standard_task_runner.py:87} INFO - Running: ['***', 'tasks', 'run', 'spotify_to_s3_data_extraction_v1', 'sptoify_to_csv', 'scheduled__2024-03-20T21:48:00+00:00', '--job-id', '147', '--raw', '--subdir', 'DAGS_FOLDER/spotify_to_csvs_to_s3.py', '--cfg-path', '/tmp/tmpgqk31ara']
[2024-03-20T21:49:09.313+0000] {standard_task_runner.py:88} INFO - Job 147: Subtask sptoify_to_csv
[2024-03-20T21:49:09.516+0000] {task_command.py:423} INFO - Running <TaskInstance: spotify_to_s3_data_extraction_v1.sptoify_to_csv scheduled__2024-03-20T21:48:00+00:00 [running]> on host ca1809388db1
[2024-03-20T21:49:10.027+0000] {taskinstance.py:2513} INFO - Exporting env vars: AIRFLOW_CTX_DAG_OWNER='Nathaniel Solomon' AIRFLOW_CTX_DAG_ID='spotify_to_s3_data_extraction_v1' AIRFLOW_CTX_TASK_ID='sptoify_to_csv' AIRFLOW_CTX_EXECUTION_DATE='2024-03-20T21:48:00+00:00' AIRFLOW_CTX_TRY_NUMBER='1' AIRFLOW_CTX_DAG_RUN_ID='scheduled__2024-03-20T21:48:00+00:00'
[2024-03-20T21:49:10.033+0000] {logging_mixin.py:188} INFO - The extract function has been executed and this is data in the next line
[2024-03-20T21:49:10.036+0000] {logging_mixin.py:188} INFO - Initiating the Endpoint...
[2024-03-20T21:49:11.400+0000] {logging_mixin.py:188} INFO - Extracting other available tracks
[2024-03-20T21:49:22.390+0000] {logging_mixin.py:188} INFO - Adding the values of index 0 into the appropriate Keys...
[2024-03-20T21:49:23.671+0000] {logging_mixin.py:188} INFO - Adding the values of index 1 into the appropriate Keys...
[2024-03-20T21:49:24.910+0000] {logging_mixin.py:188} INFO - Adding the values of index 2 into the appropriate Keys...
[2024-03-20T21:49:26.624+0000] {logging_mixin.py:188} INFO - Adding the values of index 3 into the appropriate Keys...
[2024-03-20T21:49:27.869+0000] {logging_mixin.py:188} INFO - Adding the values of index 4 into the appropriate Keys...
[2024-03-20T21:49:29.330+0000] {logging_mixin.py:188} INFO - Adding the values of index 5 into the appropriate Keys...
[2024-03-20T21:49:30.675+0000] {logging_mixin.py:188} INFO - Adding the values of index 6 into the appropriate Keys...
[2024-03-20T21:49:32.219+0000] {logging_mixin.py:188} INFO - Adding the values of index 7 into the appropriate Keys...
[2024-03-20T21:49:33.363+0000] {logging_mixin.py:188} INFO - Adding the values of index 8 into the appropriate Keys...
[2024-03-20T21:49:35.247+0000] {logging_mixin.py:188} INFO - Adding the values of index 9 into the appropriate Keys...
[2024-03-20T21:49:36.429+0000] {logging_mixin.py:188} INFO - Done Extracting...
[2024-03-20T21:49:36.702+0000] {python.py:202} INFO - Done. Returned value was: None
[2024-03-20T21:49:36.875+0000] {taskinstance.py:1149} INFO - Marking task as SUCCESS. dag_id=spotify_to_s3_data_extraction_v1, task_id=sptoify_to_csv, execution_date=20240320T214800, start_date=20240320T214909, end_date=20240320T214936
[2024-03-20T21:49:37.153+0000] {local_task_job_runner.py:234} INFO - Task exited with return code 0
[2024-03-20T21:49:37.459+0000] {taskinstance.py:3312} INFO - 1 downstream tasks scheduled from follow-on schedule check
