[2024-03-22T10:06:21.997+0000] {taskinstance.py:1979} INFO - Dependencies all met for dep_context=non-requeueable deps ti=<TaskInstance: spotify_to_s3_data_extraction_v1.sptoify_to_csv scheduled__2024-03-20T21:48:00+00:00 [queued]>
[2024-03-22T10:06:23.301+0000] {taskinstance.py:1979} INFO - Dependencies all met for dep_context=requeueable deps ti=<TaskInstance: spotify_to_s3_data_extraction_v1.sptoify_to_csv scheduled__2024-03-20T21:48:00+00:00 [queued]>
[2024-03-22T10:06:23.541+0000] {taskinstance.py:2193} INFO - Starting attempt 4 of 7
[2024-03-22T10:06:26.682+0000] {taskinstance.py:2217} INFO - Executing <Task(PythonOperator): sptoify_to_csv> on 2024-03-20 21:48:00+00:00
[2024-03-22T10:06:27.140+0000] {standard_task_runner.py:60} INFO - Started process 5005 to run task
[2024-03-22T10:06:27.415+0000] {standard_task_runner.py:87} INFO - Running: ['***', 'tasks', 'run', 'spotify_to_s3_data_extraction_v1', 'sptoify_to_csv', 'scheduled__2024-03-20T21:48:00+00:00', '--job-id', '990', '--raw', '--subdir', 'DAGS_FOLDER/spotify_to_csvs_to_s3.py', '--cfg-path', '/tmp/tmp6sg1xp_z']
[2024-03-22T10:06:29.320+0000] {standard_task_runner.py:88} INFO - Job 990: Subtask sptoify_to_csv
[2024-03-22T10:06:49.932+0000] {task_command.py:423} INFO - Running <TaskInstance: spotify_to_s3_data_extraction_v1.sptoify_to_csv scheduled__2024-03-20T21:48:00+00:00 [running]> on host ca1809388db1
[2024-03-22T10:07:04.600+0000] {taskinstance.py:2513} INFO - Exporting env vars: AIRFLOW_CTX_DAG_OWNER='Nathaniel Solomon' AIRFLOW_CTX_DAG_ID='spotify_to_s3_data_extraction_v1' AIRFLOW_CTX_TASK_ID='sptoify_to_csv' AIRFLOW_CTX_EXECUTION_DATE='2024-03-20T21:48:00+00:00' AIRFLOW_CTX_TRY_NUMBER='4' AIRFLOW_CTX_DAG_RUN_ID='scheduled__2024-03-20T21:48:00+00:00'
[2024-03-22T10:07:04.852+0000] {logging_mixin.py:188} INFO - The extract function has been executed and this is data in the next line
[2024-03-22T10:07:04.900+0000] {logging_mixin.py:188} INFO - Initiating the Endpoint...
[2024-03-22T10:07:10.220+0000] {logging_mixin.py:188} INFO - Extracting other available tracks
[2024-03-22T10:14:34.370+0000] {logging_mixin.py:188} INFO - Adding the values of index 0 into the appropriate Keys...
[2024-03-22T10:14:42.539+0000] {logging_mixin.py:188} INFO - Adding the values of index 1 into the appropriate Keys...
[2024-03-22T10:14:52.110+0000] {logging_mixin.py:188} INFO - Adding the values of index 2 into the appropriate Keys...
[2024-03-22T10:15:01.741+0000] {logging_mixin.py:188} INFO - Adding the values of index 3 into the appropriate Keys...
[2024-03-22T10:15:11.663+0000] {logging_mixin.py:188} INFO - Adding the values of index 4 into the appropriate Keys...
[2024-03-22T10:15:20.988+0000] {logging_mixin.py:188} INFO - Adding the values of index 5 into the appropriate Keys...
[2024-03-22T10:15:31.247+0000] {logging_mixin.py:188} INFO - Adding the values of index 6 into the appropriate Keys...
[2024-03-22T10:15:32.100+0000] {logging_mixin.py:188} INFO - Adding the values of index 7 into the appropriate Keys...
[2024-03-22T10:15:42.269+0000] {logging_mixin.py:188} INFO - Adding the values of index 8 into the appropriate Keys...
[2024-03-22T10:15:43.921+0000] {logging_mixin.py:188} INFO - Adding the values of index 9 into the appropriate Keys...
[2024-03-22T10:15:45.001+0000] {logging_mixin.py:188} INFO - Done Extracting...
[2024-03-22T10:15:45.298+0000] {python.py:202} INFO - Done. Returned value was: None
[2024-03-22T10:15:45.446+0000] {taskinstance.py:1149} INFO - Marking task as SUCCESS. dag_id=spotify_to_s3_data_extraction_v1, task_id=sptoify_to_csv, execution_date=20240320T214800, start_date=20240322T100622, end_date=20240322T101545
[2024-03-22T10:15:45.682+0000] {local_task_job_runner.py:234} INFO - Task exited with return code 0
[2024-03-22T10:15:45.969+0000] {taskinstance.py:3312} INFO - 1 downstream tasks scheduled from follow-on schedule check
