[2024-03-20T22:43:52.517+0000] {taskinstance.py:1979} INFO - Dependencies all met for dep_context=non-requeueable deps ti=<TaskInstance: spotify_to_s3_data_extraction_v1.sptoify_to_csv scheduled__2024-03-20T22:06:00+00:00 [queued]>
[2024-03-20T22:43:52.527+0000] {taskinstance.py:1979} INFO - Dependencies all met for dep_context=requeueable deps ti=<TaskInstance: spotify_to_s3_data_extraction_v1.sptoify_to_csv scheduled__2024-03-20T22:06:00+00:00 [queued]>
[2024-03-20T22:43:52.528+0000] {taskinstance.py:2193} INFO - Starting attempt 2 of 6
[2024-03-20T22:43:52.543+0000] {taskinstance.py:2217} INFO - Executing <Task(PythonOperator): sptoify_to_csv> on 2024-03-20 22:06:00+00:00
[2024-03-20T22:43:52.552+0000] {standard_task_runner.py:60} INFO - Started process 755 to run task
[2024-03-20T22:43:52.558+0000] {standard_task_runner.py:87} INFO - Running: ['***', 'tasks', 'run', 'spotify_to_s3_data_extraction_v1', 'sptoify_to_csv', 'scheduled__2024-03-20T22:06:00+00:00', '--job-id', '176', '--raw', '--subdir', 'DAGS_FOLDER/spotify_to_csvs_to_s3.py', '--cfg-path', '/tmp/tmpt8bzsddh']
[2024-03-20T22:43:52.561+0000] {standard_task_runner.py:88} INFO - Job 176: Subtask sptoify_to_csv
[2024-03-20T22:43:52.621+0000] {task_command.py:423} INFO - Running <TaskInstance: spotify_to_s3_data_extraction_v1.sptoify_to_csv scheduled__2024-03-20T22:06:00+00:00 [running]> on host ca1809388db1
[2024-03-20T22:43:52.715+0000] {taskinstance.py:2513} INFO - Exporting env vars: AIRFLOW_CTX_DAG_OWNER='Nathaniel Solomon' AIRFLOW_CTX_DAG_ID='spotify_to_s3_data_extraction_v1' AIRFLOW_CTX_TASK_ID='sptoify_to_csv' AIRFLOW_CTX_EXECUTION_DATE='2024-03-20T22:06:00+00:00' AIRFLOW_CTX_TRY_NUMBER='2' AIRFLOW_CTX_DAG_RUN_ID='scheduled__2024-03-20T22:06:00+00:00'
[2024-03-20T22:43:52.717+0000] {logging_mixin.py:188} INFO - The extract function has been executed and this is data in the next line
[2024-03-20T22:43:52.718+0000] {logging_mixin.py:188} INFO - Initiating the Endpoint...
[2024-03-20T22:43:54.383+0000] {logging_mixin.py:188} INFO - Extracting other available tracks
[2024-03-20T22:44:08.189+0000] {logging_mixin.py:188} INFO - Adding the values of index 0 into the appropriate Keys...
[2024-03-20T22:44:09.451+0000] {logging_mixin.py:188} INFO - Adding the values of index 1 into the appropriate Keys...
[2024-03-20T22:44:11.181+0000] {logging_mixin.py:188} INFO - Adding the values of index 2 into the appropriate Keys...
[2024-03-20T22:44:12.486+0000] {logging_mixin.py:188} INFO - Adding the values of index 3 into the appropriate Keys...
[2024-03-20T22:44:14.082+0000] {logging_mixin.py:188} INFO - Adding the values of index 4 into the appropriate Keys...
[2024-03-20T22:44:15.290+0000] {logging_mixin.py:188} INFO - Adding the values of index 5 into the appropriate Keys...
[2024-03-20T22:44:16.843+0000] {logging_mixin.py:188} INFO - Adding the values of index 6 into the appropriate Keys...
[2024-03-20T22:44:17.917+0000] {logging_mixin.py:188} INFO - Adding the values of index 7 into the appropriate Keys...
[2024-03-20T22:44:19.118+0000] {logging_mixin.py:188} INFO - Adding the values of index 8 into the appropriate Keys...
[2024-03-20T22:44:21.008+0000] {logging_mixin.py:188} INFO - Adding the values of index 9 into the appropriate Keys...
[2024-03-20T22:44:22.172+0000] {logging_mixin.py:188} INFO - Done Extracting...
[2024-03-20T22:44:22.186+0000] {python.py:202} INFO - Done. Returned value was: None
[2024-03-20T22:44:22.201+0000] {taskinstance.py:1149} INFO - Marking task as SUCCESS. dag_id=spotify_to_s3_data_extraction_v1, task_id=sptoify_to_csv, execution_date=20240320T220600, start_date=20240320T224352, end_date=20240320T224422
[2024-03-20T22:44:22.231+0000] {local_task_job_runner.py:234} INFO - Task exited with return code 0
[2024-03-20T22:44:22.270+0000] {taskinstance.py:3312} INFO - 1 downstream tasks scheduled from follow-on schedule check
