[2024-03-22T10:15:58.947+0000] {taskinstance.py:1979} INFO - Dependencies all met for dep_context=non-requeueable deps ti=<TaskInstance: spotify_to_s3_data_extraction_v1.sptoify_to_csv scheduled__2024-03-20T22:05:00+00:00 [queued]>
[2024-03-22T10:15:58.994+0000] {taskinstance.py:1979} INFO - Dependencies all met for dep_context=requeueable deps ti=<TaskInstance: spotify_to_s3_data_extraction_v1.sptoify_to_csv scheduled__2024-03-20T22:05:00+00:00 [queued]>
[2024-03-22T10:15:59.000+0000] {taskinstance.py:2193} INFO - Starting attempt 3 of 8
[2024-03-22T10:15:59.073+0000] {taskinstance.py:2217} INFO - Executing <Task(PythonOperator): sptoify_to_csv> on 2024-03-20 22:05:00+00:00
[2024-03-22T10:15:59.098+0000] {standard_task_runner.py:60} INFO - Started process 5134 to run task
[2024-03-22T10:15:59.122+0000] {standard_task_runner.py:87} INFO - Running: ['***', 'tasks', 'run', 'spotify_to_s3_data_extraction_v1', 'sptoify_to_csv', 'scheduled__2024-03-20T22:05:00+00:00', '--job-id', '1022', '--raw', '--subdir', 'DAGS_FOLDER/spotify_to_csvs_to_s3.py', '--cfg-path', '/tmp/tmppt2v34f1']
[2024-03-22T10:15:59.129+0000] {standard_task_runner.py:88} INFO - Job 1022: Subtask sptoify_to_csv
[2024-03-22T10:15:59.324+0000] {task_command.py:423} INFO - Running <TaskInstance: spotify_to_s3_data_extraction_v1.sptoify_to_csv scheduled__2024-03-20T22:05:00+00:00 [running]> on host ca1809388db1
[2024-03-22T10:15:59.660+0000] {taskinstance.py:2513} INFO - Exporting env vars: AIRFLOW_CTX_DAG_OWNER='Nathaniel Solomon' AIRFLOW_CTX_DAG_ID='spotify_to_s3_data_extraction_v1' AIRFLOW_CTX_TASK_ID='sptoify_to_csv' AIRFLOW_CTX_EXECUTION_DATE='2024-03-20T22:05:00+00:00' AIRFLOW_CTX_TRY_NUMBER='3' AIRFLOW_CTX_DAG_RUN_ID='scheduled__2024-03-20T22:05:00+00:00'
[2024-03-22T10:15:59.663+0000] {logging_mixin.py:188} INFO - The extract function has been executed and this is data in the next line
[2024-03-22T10:15:59.664+0000] {logging_mixin.py:188} INFO - Initiating the Endpoint...
[2024-03-22T10:16:00.682+0000] {logging_mixin.py:188} INFO - Extracting other available tracks
[2024-03-22T10:16:22.747+0000] {logging_mixin.py:188} INFO - Adding the values of index 0 into the appropriate Keys...
[2024-03-22T10:16:31.531+0000] {logging_mixin.py:188} INFO - Adding the values of index 1 into the appropriate Keys...
[2024-03-22T10:16:32.728+0000] {logging_mixin.py:188} INFO - Adding the values of index 2 into the appropriate Keys...
[2024-03-22T10:16:40.269+0000] {logging_mixin.py:188} INFO - Adding the values of index 3 into the appropriate Keys...
[2024-03-22T10:16:41.330+0000] {logging_mixin.py:188} INFO - Adding the values of index 4 into the appropriate Keys...
[2024-03-22T10:16:42.497+0000] {logging_mixin.py:188} INFO - Adding the values of index 5 into the appropriate Keys...
[2024-03-22T10:16:43.748+0000] {logging_mixin.py:188} INFO - Adding the values of index 6 into the appropriate Keys...
[2024-03-22T10:17:01.196+0000] {logging_mixin.py:188} INFO - Adding the values of index 7 into the appropriate Keys...
[2024-03-22T10:17:02.425+0000] {logging_mixin.py:188} INFO - Adding the values of index 8 into the appropriate Keys...
[2024-03-22T10:17:03.680+0000] {logging_mixin.py:188} INFO - Adding the values of index 9 into the appropriate Keys...
[2024-03-22T10:17:05.739+0000] {logging_mixin.py:188} INFO - Done Extracting...
[2024-03-22T10:17:05.809+0000] {python.py:202} INFO - Done. Returned value was: None
[2024-03-22T10:17:05.851+0000] {taskinstance.py:1149} INFO - Marking task as SUCCESS. dag_id=spotify_to_s3_data_extraction_v1, task_id=sptoify_to_csv, execution_date=20240320T220500, start_date=20240322T101558, end_date=20240322T101705
[2024-03-22T10:17:05.986+0000] {local_task_job_runner.py:234} INFO - Task exited with return code 0
[2024-03-22T10:17:06.160+0000] {taskinstance.py:3312} INFO - 1 downstream tasks scheduled from follow-on schedule check
