[2024-03-24T04:58:22.814+0000] {taskinstance.py:1979} INFO - Dependencies all met for dep_context=non-requeueable deps ti=<TaskInstance: spotify_to_s3_data_extraction_v1.sptoify_to_csv scheduled__2024-03-21T05:13:00+00:00 [queued]>
[2024-03-24T04:58:22.829+0000] {taskinstance.py:1979} INFO - Dependencies all met for dep_context=requeueable deps ti=<TaskInstance: spotify_to_s3_data_extraction_v1.sptoify_to_csv scheduled__2024-03-21T05:13:00+00:00 [queued]>
[2024-03-24T04:58:22.831+0000] {taskinstance.py:2193} INFO - Starting attempt 8 of 12
[2024-03-24T04:58:22.855+0000] {taskinstance.py:2217} INFO - Executing <Task(PythonOperator): sptoify_to_csv> on 2024-03-21 05:13:00+00:00
[2024-03-24T04:58:22.865+0000] {standard_task_runner.py:60} INFO - Started process 150 to run task
[2024-03-24T04:58:22.873+0000] {standard_task_runner.py:87} INFO - Running: ['***', 'tasks', 'run', 'spotify_to_s3_data_extraction_v1', 'sptoify_to_csv', 'scheduled__2024-03-21T05:13:00+00:00', '--job-id', '1347', '--raw', '--subdir', 'DAGS_FOLDER/spotify_to_csvs_to_s3.py', '--cfg-path', '/tmp/tmp3c5i6yfl']
[2024-03-24T04:58:22.885+0000] {standard_task_runner.py:88} INFO - Job 1347: Subtask sptoify_to_csv
[2024-03-24T04:58:23.083+0000] {task_command.py:423} INFO - Running <TaskInstance: spotify_to_s3_data_extraction_v1.sptoify_to_csv scheduled__2024-03-21T05:13:00+00:00 [running]> on host 030bbd5ea1b2
[2024-03-24T04:58:23.344+0000] {taskinstance.py:2513} INFO - Exporting env vars: AIRFLOW_CTX_DAG_OWNER='Nathaniel Solomon' AIRFLOW_CTX_DAG_ID='spotify_to_s3_data_extraction_v1' AIRFLOW_CTX_TASK_ID='sptoify_to_csv' AIRFLOW_CTX_EXECUTION_DATE='2024-03-21T05:13:00+00:00' AIRFLOW_CTX_TRY_NUMBER='8' AIRFLOW_CTX_DAG_RUN_ID='scheduled__2024-03-21T05:13:00+00:00'
[2024-03-24T04:58:23.348+0000] {logging_mixin.py:188} INFO - The extract function has been executed and this is data in the next line
[2024-03-24T04:58:23.350+0000] {logging_mixin.py:188} INFO - Initiating the Endpoint...
[2024-03-24T04:58:23.867+0000] {logging_mixin.py:188} INFO - Extracting other available tracks
[2024-03-24T04:58:30.785+0000] {logging_mixin.py:188} INFO - Adding the values of index 0 into the appropriate Keys...
[2024-03-24T04:58:31.738+0000] {logging_mixin.py:188} INFO - Adding the values of index 1 into the appropriate Keys...
[2024-03-24T04:58:32.715+0000] {logging_mixin.py:188} INFO - Adding the values of index 2 into the appropriate Keys...
[2024-03-24T04:58:33.577+0000] {logging_mixin.py:188} INFO - Adding the values of index 3 into the appropriate Keys...
[2024-03-24T04:58:34.501+0000] {logging_mixin.py:188} INFO - Adding the values of index 4 into the appropriate Keys...
[2024-03-24T04:58:35.419+0000] {logging_mixin.py:188} INFO - Adding the values of index 5 into the appropriate Keys...
[2024-03-24T04:58:36.499+0000] {logging_mixin.py:188} INFO - Adding the values of index 6 into the appropriate Keys...
[2024-03-24T04:58:37.711+0000] {logging_mixin.py:188} INFO - Adding the values of index 7 into the appropriate Keys...
[2024-03-24T04:58:38.861+0000] {logging_mixin.py:188} INFO - Adding the values of index 8 into the appropriate Keys...
[2024-03-24T04:58:39.909+0000] {logging_mixin.py:188} INFO - Adding the values of index 9 into the appropriate Keys...
[2024-03-24T04:58:41.084+0000] {logging_mixin.py:188} INFO - Done Extracting...
[2024-03-24T04:58:41.110+0000] {python.py:202} INFO - Done. Returned value was: None
[2024-03-24T04:58:41.158+0000] {taskinstance.py:1149} INFO - Marking task as SUCCESS. dag_id=spotify_to_s3_data_extraction_v1, task_id=sptoify_to_csv, execution_date=20240321T051300, start_date=20240324T045822, end_date=20240324T045841
[2024-03-24T04:58:41.228+0000] {local_task_job_runner.py:234} INFO - Task exited with return code 0
[2024-03-24T04:58:41.310+0000] {taskinstance.py:3312} INFO - 1 downstream tasks scheduled from follow-on schedule check
