[2024-04-18T00:01:13.112+0000] {processor.py:161} INFO - Started process (PID=34302) to work on /opt/airflow/dags/billboard_to_spotify_to_csvs_to_s3.py
[2024-04-18T00:01:13.180+0000] {processor.py:830} INFO - Processing file /opt/airflow/dags/billboard_to_spotify_to_csvs_to_s3.py for tasks to queue
[2024-04-18T00:01:13.203+0000] {logging_mixin.py:188} INFO - [2024-04-18T00:01:13.201+0000] {dagbag.py:540} INFO - Filling up the DagBag from /opt/airflow/dags/billboard_to_spotify_to_csvs_to_s3.py
[2024-04-18T00:01:17.094+0000] {logging_mixin.py:188} INFO - Authenticating User...
[2024-04-18T00:01:17.114+0000] {logging_mixin.py:188} INFO - csv_data/albums_table.csv 
[2024-04-18T00:01:17.116+0000] {logging_mixin.py:188} INFO - albums_table.csv
[2024-04-18T00:01:17.117+0000] {logging_mixin.py:188} INFO - csv_data/artists_table.csv 
[2024-04-18T00:01:17.120+0000] {logging_mixin.py:188} INFO - artists_table.csv
[2024-04-18T00:01:17.123+0000] {logging_mixin.py:188} INFO - csv_data/track_table.csv 
[2024-04-18T00:01:17.124+0000] {logging_mixin.py:188} INFO - track_table.csv
[2024-04-18T00:01:17.131+0000] {processor.py:840} INFO - DAG(s) 'billboard_to_spotify_to_s3_extractionV1' retrieved from /opt/airflow/dags/billboard_to_spotify_to_csvs_to_s3.py
[2024-04-18T00:01:17.195+0000] {logging_mixin.py:188} INFO - [2024-04-18T00:01:17.194+0000] {dag.py:3047} INFO - Sync 1 DAGs
[2024-04-18T00:01:17.259+0000] {logging_mixin.py:188} INFO - [2024-04-18T00:01:17.258+0000] {dag.py:3834} INFO - Setting next_dagrun for billboard_to_spotify_to_s3_extractionV1 to 2024-04-18 00:00:00+00:00, run_after=2024-04-19 00:00:00+00:00
[2024-04-18T00:01:17.311+0000] {processor.py:183} INFO - Processing /opt/airflow/dags/billboard_to_spotify_to_csvs_to_s3.py took 4.258 seconds
[2024-04-18T00:01:47.459+0000] {processor.py:161} INFO - Started process (PID=34313) to work on /opt/airflow/dags/billboard_to_spotify_to_csvs_to_s3.py
[2024-04-18T00:01:47.461+0000] {processor.py:830} INFO - Processing file /opt/airflow/dags/billboard_to_spotify_to_csvs_to_s3.py for tasks to queue
[2024-04-18T00:01:47.463+0000] {logging_mixin.py:188} INFO - [2024-04-18T00:01:47.463+0000] {dagbag.py:540} INFO - Filling up the DagBag from /opt/airflow/dags/billboard_to_spotify_to_csvs_to_s3.py
[2024-04-18T00:01:48.231+0000] {logging_mixin.py:188} INFO - Authenticating User...
[2024-04-18T00:01:48.238+0000] {logging_mixin.py:188} INFO - csv_data/albums_table.csv 
[2024-04-18T00:01:48.239+0000] {logging_mixin.py:188} INFO - albums_table.csv
[2024-04-18T00:01:48.239+0000] {logging_mixin.py:188} INFO - csv_data/artists_table.csv 
[2024-04-18T00:01:48.240+0000] {logging_mixin.py:188} INFO - artists_table.csv
[2024-04-18T00:01:48.241+0000] {logging_mixin.py:188} INFO - csv_data/track_table.csv 
[2024-04-18T00:01:48.241+0000] {logging_mixin.py:188} INFO - track_table.csv
[2024-04-18T00:01:48.244+0000] {processor.py:840} INFO - DAG(s) 'billboard_to_spotify_to_s3_extractionV1' retrieved from /opt/airflow/dags/billboard_to_spotify_to_csvs_to_s3.py
[2024-04-18T00:01:48.277+0000] {logging_mixin.py:188} INFO - [2024-04-18T00:01:48.276+0000] {dag.py:3047} INFO - Sync 1 DAGs
[2024-04-18T00:01:48.307+0000] {logging_mixin.py:188} INFO - [2024-04-18T00:01:48.307+0000] {dag.py:3834} INFO - Setting next_dagrun for billboard_to_spotify_to_s3_extractionV1 to 2024-04-18 00:00:00+00:00, run_after=2024-04-19 00:00:00+00:00
[2024-04-18T00:01:48.335+0000] {processor.py:183} INFO - Processing /opt/airflow/dags/billboard_to_spotify_to_csvs_to_s3.py took 0.881 seconds
[2024-04-18T01:02:23.597+0000] {processor.py:161} INFO - Started process (PID=34319) to work on /opt/airflow/dags/billboard_to_spotify_to_csvs_to_s3.py
[2024-04-18T01:02:23.606+0000] {processor.py:830} INFO - Processing file /opt/airflow/dags/billboard_to_spotify_to_csvs_to_s3.py for tasks to queue
[2024-04-18T01:02:23.618+0000] {logging_mixin.py:188} INFO - [2024-04-18T01:02:23.614+0000] {dagbag.py:540} INFO - Filling up the DagBag from /opt/airflow/dags/billboard_to_spotify_to_csvs_to_s3.py
[2024-04-18T01:02:26.107+0000] {logging_mixin.py:188} INFO - Authenticating User...
[2024-04-18T01:02:26.123+0000] {logging_mixin.py:188} INFO - csv_data/albums_table.csv 
[2024-04-18T01:02:26.124+0000] {logging_mixin.py:188} INFO - albums_table.csv
[2024-04-18T01:02:26.126+0000] {logging_mixin.py:188} INFO - csv_data/artists_table.csv 
[2024-04-18T01:02:26.128+0000] {logging_mixin.py:188} INFO - artists_table.csv
[2024-04-18T01:02:26.129+0000] {logging_mixin.py:188} INFO - csv_data/track_table.csv 
[2024-04-18T01:02:26.130+0000] {logging_mixin.py:188} INFO - track_table.csv
[2024-04-18T01:02:26.136+0000] {processor.py:840} INFO - DAG(s) 'billboard_to_spotify_to_s3_extractionV1' retrieved from /opt/airflow/dags/billboard_to_spotify_to_csvs_to_s3.py
[2024-04-18T01:02:26.213+0000] {logging_mixin.py:188} INFO - [2024-04-18T01:02:26.211+0000] {dag.py:3047} INFO - Sync 1 DAGs
[2024-04-18T01:02:26.279+0000] {logging_mixin.py:188} INFO - [2024-04-18T01:02:26.279+0000] {dag.py:3834} INFO - Setting next_dagrun for billboard_to_spotify_to_s3_extractionV1 to 2024-04-18 00:00:00+00:00, run_after=2024-04-19 00:00:00+00:00
[2024-04-18T01:02:26.319+0000] {processor.py:183} INFO - Processing /opt/airflow/dags/billboard_to_spotify_to_csvs_to_s3.py took 2.770 seconds
[2024-04-18T01:02:56.661+0000] {processor.py:161} INFO - Started process (PID=34337) to work on /opt/airflow/dags/billboard_to_spotify_to_csvs_to_s3.py
[2024-04-18T01:02:56.662+0000] {processor.py:830} INFO - Processing file /opt/airflow/dags/billboard_to_spotify_to_csvs_to_s3.py for tasks to queue
[2024-04-18T01:02:56.664+0000] {logging_mixin.py:188} INFO - [2024-04-18T01:02:56.664+0000] {dagbag.py:540} INFO - Filling up the DagBag from /opt/airflow/dags/billboard_to_spotify_to_csvs_to_s3.py
[2024-04-18T01:02:57.436+0000] {logging_mixin.py:188} INFO - Authenticating User...
[2024-04-18T01:02:57.442+0000] {logging_mixin.py:188} INFO - csv_data/albums_table.csv 
[2024-04-18T01:02:57.443+0000] {logging_mixin.py:188} INFO - albums_table.csv
[2024-04-18T01:02:57.444+0000] {logging_mixin.py:188} INFO - csv_data/artists_table.csv 
[2024-04-18T01:02:57.445+0000] {logging_mixin.py:188} INFO - artists_table.csv
[2024-04-18T01:02:57.445+0000] {logging_mixin.py:188} INFO - csv_data/track_table.csv 
[2024-04-18T01:02:57.446+0000] {logging_mixin.py:188} INFO - track_table.csv
[2024-04-18T01:02:57.448+0000] {processor.py:840} INFO - DAG(s) 'billboard_to_spotify_to_s3_extractionV1' retrieved from /opt/airflow/dags/billboard_to_spotify_to_csvs_to_s3.py
[2024-04-18T01:02:57.480+0000] {logging_mixin.py:188} INFO - [2024-04-18T01:02:57.479+0000] {dag.py:3047} INFO - Sync 1 DAGs
[2024-04-18T01:02:57.510+0000] {logging_mixin.py:188} INFO - [2024-04-18T01:02:57.510+0000] {dag.py:3834} INFO - Setting next_dagrun for billboard_to_spotify_to_s3_extractionV1 to 2024-04-18 00:00:00+00:00, run_after=2024-04-19 00:00:00+00:00
[2024-04-18T01:02:57.537+0000] {processor.py:183} INFO - Processing /opt/airflow/dags/billboard_to_spotify_to_csvs_to_s3.py took 0.882 seconds
[2024-04-18T03:32:32.587+0000] {processor.py:161} INFO - Started process (PID=34343) to work on /opt/airflow/dags/billboard_to_spotify_to_csvs_to_s3.py
[2024-04-18T03:32:32.602+0000] {processor.py:830} INFO - Processing file /opt/airflow/dags/billboard_to_spotify_to_csvs_to_s3.py for tasks to queue
[2024-04-18T03:32:32.611+0000] {logging_mixin.py:188} INFO - [2024-04-18T03:32:32.608+0000] {dagbag.py:540} INFO - Filling up the DagBag from /opt/airflow/dags/billboard_to_spotify_to_csvs_to_s3.py
[2024-04-18T03:32:36.702+0000] {logging_mixin.py:188} INFO - Authenticating User...
[2024-04-18T03:32:36.728+0000] {logging_mixin.py:188} INFO - csv_data/albums_table.csv 
[2024-04-18T03:32:36.730+0000] {logging_mixin.py:188} INFO - albums_table.csv
[2024-04-18T03:32:36.731+0000] {logging_mixin.py:188} INFO - csv_data/artists_table.csv 
[2024-04-18T03:32:36.733+0000] {logging_mixin.py:188} INFO - artists_table.csv
[2024-04-18T03:32:36.735+0000] {logging_mixin.py:188} INFO - csv_data/track_table.csv 
[2024-04-18T03:32:36.738+0000] {logging_mixin.py:188} INFO - track_table.csv
[2024-04-18T03:32:36.749+0000] {processor.py:840} INFO - DAG(s) 'billboard_to_spotify_to_s3_extractionV1' retrieved from /opt/airflow/dags/billboard_to_spotify_to_csvs_to_s3.py
[2024-04-18T03:32:36.866+0000] {logging_mixin.py:188} INFO - [2024-04-18T03:32:36.864+0000] {dag.py:3047} INFO - Sync 1 DAGs
[2024-04-18T03:32:36.981+0000] {logging_mixin.py:188} INFO - [2024-04-18T03:32:36.981+0000] {dag.py:3834} INFO - Setting next_dagrun for billboard_to_spotify_to_s3_extractionV1 to 2024-04-18 00:00:00+00:00, run_after=2024-04-19 00:00:00+00:00
[2024-04-18T03:32:37.047+0000] {processor.py:183} INFO - Processing /opt/airflow/dags/billboard_to_spotify_to_csvs_to_s3.py took 4.496 seconds
[2024-04-18T03:33:07.542+0000] {processor.py:161} INFO - Started process (PID=34363) to work on /opt/airflow/dags/billboard_to_spotify_to_csvs_to_s3.py
[2024-04-18T03:33:07.544+0000] {processor.py:830} INFO - Processing file /opt/airflow/dags/billboard_to_spotify_to_csvs_to_s3.py for tasks to queue
[2024-04-18T03:33:07.546+0000] {logging_mixin.py:188} INFO - [2024-04-18T03:33:07.545+0000] {dagbag.py:540} INFO - Filling up the DagBag from /opt/airflow/dags/billboard_to_spotify_to_csvs_to_s3.py
[2024-04-18T03:33:08.584+0000] {logging_mixin.py:188} INFO - Authenticating User...
[2024-04-18T03:33:08.593+0000] {logging_mixin.py:188} INFO - csv_data/albums_table.csv 
[2024-04-18T03:33:08.594+0000] {logging_mixin.py:188} INFO - albums_table.csv
[2024-04-18T03:33:08.595+0000] {logging_mixin.py:188} INFO - csv_data/artists_table.csv 
[2024-04-18T03:33:08.596+0000] {logging_mixin.py:188} INFO - artists_table.csv
[2024-04-18T03:33:08.597+0000] {logging_mixin.py:188} INFO - csv_data/track_table.csv 
[2024-04-18T03:33:08.598+0000] {logging_mixin.py:188} INFO - track_table.csv
[2024-04-18T03:33:08.601+0000] {processor.py:840} INFO - DAG(s) 'billboard_to_spotify_to_s3_extractionV1' retrieved from /opt/airflow/dags/billboard_to_spotify_to_csvs_to_s3.py
[2024-04-18T03:33:08.648+0000] {logging_mixin.py:188} INFO - [2024-04-18T03:33:08.647+0000] {dag.py:3047} INFO - Sync 1 DAGs
[2024-04-18T03:33:08.695+0000] {logging_mixin.py:188} INFO - [2024-04-18T03:33:08.695+0000] {dag.py:3834} INFO - Setting next_dagrun for billboard_to_spotify_to_s3_extractionV1 to 2024-04-18 00:00:00+00:00, run_after=2024-04-19 00:00:00+00:00
[2024-04-18T03:33:08.730+0000] {processor.py:183} INFO - Processing /opt/airflow/dags/billboard_to_spotify_to_csvs_to_s3.py took 1.194 seconds
[2024-04-18T04:52:17.689+0000] {processor.py:161} INFO - Started process (PID=34375) to work on /opt/airflow/dags/billboard_to_spotify_to_csvs_to_s3.py
[2024-04-18T04:52:17.756+0000] {processor.py:830} INFO - Processing file /opt/airflow/dags/billboard_to_spotify_to_csvs_to_s3.py for tasks to queue
[2024-04-18T04:52:17.770+0000] {logging_mixin.py:188} INFO - [2024-04-18T04:52:17.767+0000] {dagbag.py:540} INFO - Filling up the DagBag from /opt/airflow/dags/billboard_to_spotify_to_csvs_to_s3.py
[2024-04-18T04:52:22.346+0000] {logging_mixin.py:188} INFO - Authenticating User...
[2024-04-18T04:52:22.478+0000] {logging_mixin.py:188} INFO - csv_data/albums_table.csv 
[2024-04-18T04:52:22.486+0000] {logging_mixin.py:188} INFO - albums_table.csv
[2024-04-18T04:52:22.489+0000] {logging_mixin.py:188} INFO - csv_data/artists_table.csv 
[2024-04-18T04:52:22.491+0000] {logging_mixin.py:188} INFO - artists_table.csv
[2024-04-18T04:52:22.496+0000] {logging_mixin.py:188} INFO - csv_data/track_table.csv 
[2024-04-18T04:52:22.497+0000] {logging_mixin.py:188} INFO - track_table.csv
[2024-04-18T04:52:22.504+0000] {processor.py:840} INFO - DAG(s) 'billboard_to_spotify_to_s3_extractionV1' retrieved from /opt/airflow/dags/billboard_to_spotify_to_csvs_to_s3.py
[2024-04-18T04:52:22.609+0000] {logging_mixin.py:188} INFO - [2024-04-18T04:52:22.608+0000] {dag.py:3047} INFO - Sync 1 DAGs
[2024-04-18T04:52:22.706+0000] {logging_mixin.py:188} INFO - [2024-04-18T04:52:22.705+0000] {dag.py:3834} INFO - Setting next_dagrun for billboard_to_spotify_to_s3_extractionV1 to 2024-04-18 00:00:00+00:00, run_after=2024-04-19 00:00:00+00:00
[2024-04-18T04:52:22.792+0000] {processor.py:183} INFO - Processing /opt/airflow/dags/billboard_to_spotify_to_csvs_to_s3.py took 5.188 seconds
[2024-04-18T04:52:52.899+0000] {processor.py:161} INFO - Started process (PID=34387) to work on /opt/airflow/dags/billboard_to_spotify_to_csvs_to_s3.py
[2024-04-18T04:52:52.902+0000] {processor.py:830} INFO - Processing file /opt/airflow/dags/billboard_to_spotify_to_csvs_to_s3.py for tasks to queue
[2024-04-18T04:52:52.903+0000] {logging_mixin.py:188} INFO - [2024-04-18T04:52:52.903+0000] {dagbag.py:540} INFO - Filling up the DagBag from /opt/airflow/dags/billboard_to_spotify_to_csvs_to_s3.py
[2024-04-18T04:52:53.758+0000] {logging_mixin.py:188} INFO - Authenticating User...
[2024-04-18T04:52:53.766+0000] {logging_mixin.py:188} INFO - csv_data/albums_table.csv 
[2024-04-18T04:52:53.767+0000] {logging_mixin.py:188} INFO - albums_table.csv
[2024-04-18T04:52:53.768+0000] {logging_mixin.py:188} INFO - csv_data/artists_table.csv 
[2024-04-18T04:52:53.769+0000] {logging_mixin.py:188} INFO - artists_table.csv
[2024-04-18T04:52:53.769+0000] {logging_mixin.py:188} INFO - csv_data/track_table.csv 
[2024-04-18T04:52:53.770+0000] {logging_mixin.py:188} INFO - track_table.csv
[2024-04-18T04:52:53.774+0000] {processor.py:840} INFO - DAG(s) 'billboard_to_spotify_to_s3_extractionV1' retrieved from /opt/airflow/dags/billboard_to_spotify_to_csvs_to_s3.py
[2024-04-18T04:52:53.814+0000] {logging_mixin.py:188} INFO - [2024-04-18T04:52:53.813+0000] {dag.py:3047} INFO - Sync 1 DAGs
[2024-04-18T04:52:53.848+0000] {logging_mixin.py:188} INFO - [2024-04-18T04:52:53.847+0000] {dag.py:3834} INFO - Setting next_dagrun for billboard_to_spotify_to_s3_extractionV1 to 2024-04-18 00:00:00+00:00, run_after=2024-04-19 00:00:00+00:00
[2024-04-18T04:52:53.877+0000] {processor.py:183} INFO - Processing /opt/airflow/dags/billboard_to_spotify_to_csvs_to_s3.py took 0.984 seconds
[2024-04-18T04:53:32.013+0000] {processor.py:161} INFO - Started process (PID=34400) to work on /opt/airflow/dags/billboard_to_spotify_to_csvs_to_s3.py
[2024-04-18T04:53:32.040+0000] {processor.py:830} INFO - Processing file /opt/airflow/dags/billboard_to_spotify_to_csvs_to_s3.py for tasks to queue
[2024-04-18T04:53:32.061+0000] {logging_mixin.py:188} INFO - [2024-04-18T04:53:32.057+0000] {dagbag.py:540} INFO - Filling up the DagBag from /opt/airflow/dags/billboard_to_spotify_to_csvs_to_s3.py
[2024-04-18T04:53:35.498+0000] {logging_mixin.py:188} INFO - Authenticating User...
[2024-04-18T04:53:35.515+0000] {logging_mixin.py:188} INFO - csv_data/albums_table.csv 
[2024-04-18T04:53:35.517+0000] {logging_mixin.py:188} INFO - albums_table.csv
[2024-04-18T04:53:35.518+0000] {logging_mixin.py:188} INFO - csv_data/artists_table.csv 
[2024-04-18T04:53:35.519+0000] {logging_mixin.py:188} INFO - artists_table.csv
[2024-04-18T04:53:35.520+0000] {logging_mixin.py:188} INFO - csv_data/track_table.csv 
[2024-04-18T04:53:35.521+0000] {logging_mixin.py:188} INFO - track_table.csv
[2024-04-18T04:53:35.526+0000] {processor.py:840} INFO - DAG(s) 'billboard_to_spotify_to_s3_extractionV1' retrieved from /opt/airflow/dags/billboard_to_spotify_to_csvs_to_s3.py
[2024-04-18T04:53:35.607+0000] {logging_mixin.py:188} INFO - [2024-04-18T04:53:35.606+0000] {dag.py:3047} INFO - Sync 1 DAGs
[2024-04-18T04:53:35.683+0000] {logging_mixin.py:188} INFO - [2024-04-18T04:53:35.682+0000] {dag.py:3834} INFO - Setting next_dagrun for billboard_to_spotify_to_s3_extractionV1 to 2024-04-18 00:00:00+00:00, run_after=2024-04-19 00:00:00+00:00
[2024-04-18T04:53:35.731+0000] {processor.py:183} INFO - Processing /opt/airflow/dags/billboard_to_spotify_to_csvs_to_s3.py took 3.780 seconds
[2024-04-18T06:53:37.403+0000] {processor.py:161} INFO - Started process (PID=34406) to work on /opt/airflow/dags/billboard_to_spotify_to_csvs_to_s3.py
[2024-04-18T06:53:37.419+0000] {processor.py:830} INFO - Processing file /opt/airflow/dags/billboard_to_spotify_to_csvs_to_s3.py for tasks to queue
[2024-04-18T06:53:37.423+0000] {logging_mixin.py:188} INFO - [2024-04-18T06:53:37.422+0000] {dagbag.py:540} INFO - Filling up the DagBag from /opt/airflow/dags/billboard_to_spotify_to_csvs_to_s3.py
[2024-04-18T06:53:38.817+0000] {logging_mixin.py:188} INFO - Authenticating User...
[2024-04-18T06:53:38.825+0000] {logging_mixin.py:188} INFO - csv_data/albums_table.csv 
[2024-04-18T06:53:38.826+0000] {logging_mixin.py:188} INFO - albums_table.csv
[2024-04-18T06:53:38.826+0000] {logging_mixin.py:188} INFO - csv_data/artists_table.csv 
[2024-04-18T06:53:38.827+0000] {logging_mixin.py:188} INFO - artists_table.csv
[2024-04-18T06:53:38.828+0000] {logging_mixin.py:188} INFO - csv_data/track_table.csv 
[2024-04-18T06:53:38.829+0000] {logging_mixin.py:188} INFO - track_table.csv
[2024-04-18T06:53:38.833+0000] {processor.py:840} INFO - DAG(s) 'billboard_to_spotify_to_s3_extractionV1' retrieved from /opt/airflow/dags/billboard_to_spotify_to_csvs_to_s3.py
[2024-04-18T06:53:38.879+0000] {logging_mixin.py:188} INFO - [2024-04-18T06:53:38.878+0000] {dag.py:3047} INFO - Sync 1 DAGs
[2024-04-18T06:53:38.920+0000] {logging_mixin.py:188} INFO - [2024-04-18T06:53:38.920+0000] {dag.py:3834} INFO - Setting next_dagrun for billboard_to_spotify_to_s3_extractionV1 to 2024-04-18 00:00:00+00:00, run_after=2024-04-19 00:00:00+00:00
[2024-04-18T06:53:38.954+0000] {processor.py:183} INFO - Processing /opt/airflow/dags/billboard_to_spotify_to_csvs_to_s3.py took 1.560 seconds
[2024-04-18T06:54:09.293+0000] {processor.py:161} INFO - Started process (PID=34418) to work on /opt/airflow/dags/billboard_to_spotify_to_csvs_to_s3.py
[2024-04-18T06:54:09.295+0000] {processor.py:830} INFO - Processing file /opt/airflow/dags/billboard_to_spotify_to_csvs_to_s3.py for tasks to queue
[2024-04-18T06:54:09.297+0000] {logging_mixin.py:188} INFO - [2024-04-18T06:54:09.296+0000] {dagbag.py:540} INFO - Filling up the DagBag from /opt/airflow/dags/billboard_to_spotify_to_csvs_to_s3.py
[2024-04-18T06:54:25.454+0000] {logging_mixin.py:188} INFO - Authenticating User...
[2024-04-18T06:54:25.471+0000] {logging_mixin.py:188} INFO - csv_data/albums_table.csv 
[2024-04-18T06:54:25.472+0000] {logging_mixin.py:188} INFO - albums_table.csv
[2024-04-18T06:54:25.473+0000] {logging_mixin.py:188} INFO - csv_data/artists_table.csv 
[2024-04-18T06:54:25.474+0000] {logging_mixin.py:188} INFO - artists_table.csv
[2024-04-18T06:54:25.475+0000] {logging_mixin.py:188} INFO - csv_data/track_table.csv 
[2024-04-18T06:54:25.476+0000] {logging_mixin.py:188} INFO - track_table.csv
[2024-04-18T06:54:25.481+0000] {processor.py:840} INFO - DAG(s) 'billboard_to_spotify_to_s3_extractionV1' retrieved from /opt/airflow/dags/billboard_to_spotify_to_csvs_to_s3.py
[2024-04-18T06:54:25.546+0000] {logging_mixin.py:188} INFO - [2024-04-18T06:54:25.545+0000] {dag.py:3047} INFO - Sync 1 DAGs
[2024-04-18T06:54:25.596+0000] {logging_mixin.py:188} INFO - [2024-04-18T06:54:25.596+0000] {dag.py:3834} INFO - Setting next_dagrun for billboard_to_spotify_to_s3_extractionV1 to 2024-04-18 00:00:00+00:00, run_after=2024-04-19 00:00:00+00:00
[2024-04-18T06:54:25.636+0000] {processor.py:183} INFO - Processing /opt/airflow/dags/billboard_to_spotify_to_csvs_to_s3.py took 16.348 seconds
[2024-04-18T07:54:46.594+0000] {processor.py:161} INFO - Started process (PID=34430) to work on /opt/airflow/dags/billboard_to_spotify_to_csvs_to_s3.py
[2024-04-18T07:54:46.596+0000] {processor.py:830} INFO - Processing file /opt/airflow/dags/billboard_to_spotify_to_csvs_to_s3.py for tasks to queue
[2024-04-18T07:54:46.599+0000] {logging_mixin.py:188} INFO - [2024-04-18T07:54:46.599+0000] {dagbag.py:540} INFO - Filling up the DagBag from /opt/airflow/dags/billboard_to_spotify_to_csvs_to_s3.py
[2024-04-18T07:54:48.437+0000] {logging_mixin.py:188} INFO - Authenticating User...
[2024-04-18T07:54:48.451+0000] {logging_mixin.py:188} INFO - csv_data/albums_table.csv 
[2024-04-18T07:54:48.452+0000] {logging_mixin.py:188} INFO - albums_table.csv
[2024-04-18T07:54:48.453+0000] {logging_mixin.py:188} INFO - csv_data/artists_table.csv 
[2024-04-18T07:54:48.454+0000] {logging_mixin.py:188} INFO - artists_table.csv
[2024-04-18T07:54:48.455+0000] {logging_mixin.py:188} INFO - csv_data/track_table.csv 
[2024-04-18T07:54:48.456+0000] {logging_mixin.py:188} INFO - track_table.csv
[2024-04-18T07:54:48.461+0000] {processor.py:840} INFO - DAG(s) 'billboard_to_spotify_to_s3_extractionV1' retrieved from /opt/airflow/dags/billboard_to_spotify_to_csvs_to_s3.py
[2024-04-18T07:54:48.522+0000] {logging_mixin.py:188} INFO - [2024-04-18T07:54:48.521+0000] {dag.py:3047} INFO - Sync 1 DAGs
[2024-04-18T07:54:48.575+0000] {logging_mixin.py:188} INFO - [2024-04-18T07:54:48.574+0000] {dag.py:3834} INFO - Setting next_dagrun for billboard_to_spotify_to_s3_extractionV1 to 2024-04-18 00:00:00+00:00, run_after=2024-04-19 00:00:00+00:00
[2024-04-18T07:54:48.610+0000] {processor.py:183} INFO - Processing /opt/airflow/dags/billboard_to_spotify_to_csvs_to_s3.py took 2.024 seconds
[2024-04-18T07:55:30.583+0000] {processor.py:161} INFO - Started process (PID=34442) to work on /opt/airflow/dags/billboard_to_spotify_to_csvs_to_s3.py
[2024-04-18T07:55:30.596+0000] {processor.py:830} INFO - Processing file /opt/airflow/dags/billboard_to_spotify_to_csvs_to_s3.py for tasks to queue
[2024-04-18T07:55:30.603+0000] {logging_mixin.py:188} INFO - [2024-04-18T07:55:30.600+0000] {dagbag.py:540} INFO - Filling up the DagBag from /opt/airflow/dags/billboard_to_spotify_to_csvs_to_s3.py
[2024-04-18T07:55:33.823+0000] {logging_mixin.py:188} INFO - Authenticating User...
[2024-04-18T07:55:33.842+0000] {logging_mixin.py:188} INFO - csv_data/albums_table.csv 
[2024-04-18T07:55:33.843+0000] {logging_mixin.py:188} INFO - albums_table.csv
[2024-04-18T07:55:33.845+0000] {logging_mixin.py:188} INFO - csv_data/artists_table.csv 
[2024-04-18T07:55:33.846+0000] {logging_mixin.py:188} INFO - artists_table.csv
[2024-04-18T07:55:33.848+0000] {logging_mixin.py:188} INFO - csv_data/track_table.csv 
[2024-04-18T07:55:33.850+0000] {logging_mixin.py:188} INFO - track_table.csv
[2024-04-18T07:55:33.858+0000] {processor.py:840} INFO - DAG(s) 'billboard_to_spotify_to_s3_extractionV1' retrieved from /opt/airflow/dags/billboard_to_spotify_to_csvs_to_s3.py
[2024-04-18T07:55:34.128+0000] {logging_mixin.py:188} INFO - [2024-04-18T07:55:34.127+0000] {dag.py:3047} INFO - Sync 1 DAGs
[2024-04-18T07:55:34.297+0000] {logging_mixin.py:188} INFO - [2024-04-18T07:55:34.296+0000] {dag.py:3834} INFO - Setting next_dagrun for billboard_to_spotify_to_s3_extractionV1 to 2024-04-18 00:00:00+00:00, run_after=2024-04-19 00:00:00+00:00
[2024-04-18T07:55:34.356+0000] {processor.py:183} INFO - Processing /opt/airflow/dags/billboard_to_spotify_to_csvs_to_s3.py took 3.821 seconds
[2024-04-18T08:55:56.506+0000] {processor.py:161} INFO - Started process (PID=34454) to work on /opt/airflow/dags/billboard_to_spotify_to_csvs_to_s3.py
[2024-04-18T08:55:56.507+0000] {processor.py:830} INFO - Processing file /opt/airflow/dags/billboard_to_spotify_to_csvs_to_s3.py for tasks to queue
[2024-04-18T08:55:56.509+0000] {logging_mixin.py:188} INFO - [2024-04-18T08:55:56.509+0000] {dagbag.py:540} INFO - Filling up the DagBag from /opt/airflow/dags/billboard_to_spotify_to_csvs_to_s3.py
[2024-04-18T08:55:58.417+0000] {logging_mixin.py:188} INFO - Authenticating User...
[2024-04-18T08:55:58.527+0000] {logging_mixin.py:188} INFO - csv_data/albums_table.csv 
[2024-04-18T08:55:58.539+0000] {logging_mixin.py:188} INFO - albums_table.csv
[2024-04-18T08:55:58.541+0000] {logging_mixin.py:188} INFO - csv_data/artists_table.csv 
[2024-04-18T08:55:58.542+0000] {logging_mixin.py:188} INFO - artists_table.csv
[2024-04-18T08:55:58.543+0000] {logging_mixin.py:188} INFO - csv_data/track_table.csv 
[2024-04-18T08:55:58.545+0000] {logging_mixin.py:188} INFO - track_table.csv
[2024-04-18T08:55:58.549+0000] {processor.py:840} INFO - DAG(s) 'billboard_to_spotify_to_s3_extractionV1' retrieved from /opt/airflow/dags/billboard_to_spotify_to_csvs_to_s3.py
[2024-04-18T08:55:58.598+0000] {logging_mixin.py:188} INFO - [2024-04-18T08:55:58.597+0000] {dag.py:3047} INFO - Sync 1 DAGs
[2024-04-18T08:55:58.649+0000] {logging_mixin.py:188} INFO - [2024-04-18T08:55:58.648+0000] {dag.py:3834} INFO - Setting next_dagrun for billboard_to_spotify_to_s3_extractionV1 to 2024-04-18 00:00:00+00:00, run_after=2024-04-19 00:00:00+00:00
[2024-04-18T08:55:58.698+0000] {processor.py:183} INFO - Processing /opt/airflow/dags/billboard_to_spotify_to_csvs_to_s3.py took 2.198 seconds
[2024-04-18T08:56:28.973+0000] {processor.py:161} INFO - Started process (PID=34466) to work on /opt/airflow/dags/billboard_to_spotify_to_csvs_to_s3.py
[2024-04-18T08:56:28.975+0000] {processor.py:830} INFO - Processing file /opt/airflow/dags/billboard_to_spotify_to_csvs_to_s3.py for tasks to queue
[2024-04-18T08:56:28.977+0000] {logging_mixin.py:188} INFO - [2024-04-18T08:56:28.976+0000] {dagbag.py:540} INFO - Filling up the DagBag from /opt/airflow/dags/billboard_to_spotify_to_csvs_to_s3.py
[2024-04-18T08:56:29.924+0000] {logging_mixin.py:188} INFO - Authenticating User...
[2024-04-18T08:56:29.930+0000] {logging_mixin.py:188} INFO - csv_data/albums_table.csv 
[2024-04-18T08:56:29.931+0000] {logging_mixin.py:188} INFO - albums_table.csv
[2024-04-18T08:56:29.932+0000] {logging_mixin.py:188} INFO - csv_data/artists_table.csv 
[2024-04-18T08:56:29.933+0000] {logging_mixin.py:188} INFO - artists_table.csv
[2024-04-18T08:56:29.933+0000] {logging_mixin.py:188} INFO - csv_data/track_table.csv 
[2024-04-18T08:56:29.934+0000] {logging_mixin.py:188} INFO - track_table.csv
[2024-04-18T08:56:29.937+0000] {processor.py:840} INFO - DAG(s) 'billboard_to_spotify_to_s3_extractionV1' retrieved from /opt/airflow/dags/billboard_to_spotify_to_csvs_to_s3.py
[2024-04-18T08:56:29.975+0000] {logging_mixin.py:188} INFO - [2024-04-18T08:56:29.974+0000] {dag.py:3047} INFO - Sync 1 DAGs
[2024-04-18T08:56:30.009+0000] {logging_mixin.py:188} INFO - [2024-04-18T08:56:30.008+0000] {dag.py:3834} INFO - Setting next_dagrun for billboard_to_spotify_to_s3_extractionV1 to 2024-04-18 00:00:00+00:00, run_after=2024-04-19 00:00:00+00:00
[2024-04-18T08:56:30.077+0000] {processor.py:183} INFO - Processing /opt/airflow/dags/billboard_to_spotify_to_csvs_to_s3.py took 1.110 seconds
[2024-04-18T09:56:51.735+0000] {processor.py:161} INFO - Started process (PID=34478) to work on /opt/airflow/dags/billboard_to_spotify_to_csvs_to_s3.py
[2024-04-18T09:56:51.791+0000] {processor.py:830} INFO - Processing file /opt/airflow/dags/billboard_to_spotify_to_csvs_to_s3.py for tasks to queue
[2024-04-18T09:56:51.838+0000] {logging_mixin.py:188} INFO - [2024-04-18T09:56:51.837+0000] {dagbag.py:540} INFO - Filling up the DagBag from /opt/airflow/dags/billboard_to_spotify_to_csvs_to_s3.py
[2024-04-18T09:56:56.008+0000] {logging_mixin.py:188} INFO - Authenticating User...
[2024-04-18T09:56:56.027+0000] {logging_mixin.py:188} INFO - csv_data/albums_table.csv 
[2024-04-18T09:56:56.028+0000] {logging_mixin.py:188} INFO - albums_table.csv
[2024-04-18T09:56:56.030+0000] {logging_mixin.py:188} INFO - csv_data/artists_table.csv 
[2024-04-18T09:56:56.031+0000] {logging_mixin.py:188} INFO - artists_table.csv
[2024-04-18T09:56:56.032+0000] {logging_mixin.py:188} INFO - csv_data/track_table.csv 
[2024-04-18T09:56:56.033+0000] {logging_mixin.py:188} INFO - track_table.csv
[2024-04-18T09:56:56.038+0000] {processor.py:840} INFO - DAG(s) 'billboard_to_spotify_to_s3_extractionV1' retrieved from /opt/airflow/dags/billboard_to_spotify_to_csvs_to_s3.py
[2024-04-18T09:56:56.137+0000] {logging_mixin.py:188} INFO - [2024-04-18T09:56:56.136+0000] {dag.py:3047} INFO - Sync 1 DAGs
[2024-04-18T09:56:56.217+0000] {logging_mixin.py:188} INFO - [2024-04-18T09:56:56.217+0000] {dag.py:3834} INFO - Setting next_dagrun for billboard_to_spotify_to_s3_extractionV1 to 2024-04-18 00:00:00+00:00, run_after=2024-04-19 00:00:00+00:00
[2024-04-18T09:56:56.272+0000] {processor.py:183} INFO - Processing /opt/airflow/dags/billboard_to_spotify_to_csvs_to_s3.py took 4.570 seconds
[2024-04-18T09:57:26.596+0000] {processor.py:161} INFO - Started process (PID=34490) to work on /opt/airflow/dags/billboard_to_spotify_to_csvs_to_s3.py
[2024-04-18T09:57:26.598+0000] {processor.py:830} INFO - Processing file /opt/airflow/dags/billboard_to_spotify_to_csvs_to_s3.py for tasks to queue
[2024-04-18T09:57:26.600+0000] {logging_mixin.py:188} INFO - [2024-04-18T09:57:26.599+0000] {dagbag.py:540} INFO - Filling up the DagBag from /opt/airflow/dags/billboard_to_spotify_to_csvs_to_s3.py
[2024-04-18T09:57:27.417+0000] {logging_mixin.py:188} INFO - Authenticating User...
[2024-04-18T09:57:27.425+0000] {logging_mixin.py:188} INFO - csv_data/albums_table.csv 
[2024-04-18T09:57:27.425+0000] {logging_mixin.py:188} INFO - albums_table.csv
[2024-04-18T09:57:27.426+0000] {logging_mixin.py:188} INFO - csv_data/artists_table.csv 
[2024-04-18T09:57:27.427+0000] {logging_mixin.py:188} INFO - artists_table.csv
[2024-04-18T09:57:27.428+0000] {logging_mixin.py:188} INFO - csv_data/track_table.csv 
[2024-04-18T09:57:27.429+0000] {logging_mixin.py:188} INFO - track_table.csv
[2024-04-18T09:57:27.432+0000] {processor.py:840} INFO - DAG(s) 'billboard_to_spotify_to_s3_extractionV1' retrieved from /opt/airflow/dags/billboard_to_spotify_to_csvs_to_s3.py
[2024-04-18T09:57:27.468+0000] {logging_mixin.py:188} INFO - [2024-04-18T09:57:27.468+0000] {dag.py:3047} INFO - Sync 1 DAGs
[2024-04-18T09:57:27.515+0000] {logging_mixin.py:188} INFO - [2024-04-18T09:57:27.514+0000] {dag.py:3834} INFO - Setting next_dagrun for billboard_to_spotify_to_s3_extractionV1 to 2024-04-18 00:00:00+00:00, run_after=2024-04-19 00:00:00+00:00
[2024-04-18T09:57:27.553+0000] {processor.py:183} INFO - Processing /opt/airflow/dags/billboard_to_spotify_to_csvs_to_s3.py took 0.963 seconds
[2024-04-18T09:58:07.099+0000] {processor.py:161} INFO - Started process (PID=34501) to work on /opt/airflow/dags/billboard_to_spotify_to_csvs_to_s3.py
[2024-04-18T09:58:07.204+0000] {processor.py:830} INFO - Processing file /opt/airflow/dags/billboard_to_spotify_to_csvs_to_s3.py for tasks to queue
[2024-04-18T09:58:07.228+0000] {logging_mixin.py:188} INFO - [2024-04-18T09:58:07.223+0000] {dagbag.py:540} INFO - Filling up the DagBag from /opt/airflow/dags/billboard_to_spotify_to_csvs_to_s3.py
[2024-04-18T09:58:11.329+0000] {logging_mixin.py:188} INFO - Authenticating User...
[2024-04-18T09:58:11.346+0000] {logging_mixin.py:188} INFO - csv_data/albums_table.csv 
[2024-04-18T09:58:11.347+0000] {logging_mixin.py:188} INFO - albums_table.csv
[2024-04-18T09:58:11.348+0000] {logging_mixin.py:188} INFO - csv_data/artists_table.csv 
[2024-04-18T09:58:11.349+0000] {logging_mixin.py:188} INFO - artists_table.csv
[2024-04-18T09:58:11.350+0000] {logging_mixin.py:188} INFO - csv_data/track_table.csv 
[2024-04-18T09:58:11.358+0000] {logging_mixin.py:188} INFO - track_table.csv
[2024-04-18T09:58:11.363+0000] {processor.py:840} INFO - DAG(s) 'billboard_to_spotify_to_s3_extractionV1' retrieved from /opt/airflow/dags/billboard_to_spotify_to_csvs_to_s3.py
[2024-04-18T09:58:11.456+0000] {logging_mixin.py:188} INFO - [2024-04-18T09:58:11.454+0000] {dag.py:3047} INFO - Sync 1 DAGs
[2024-04-18T09:58:11.541+0000] {logging_mixin.py:188} INFO - [2024-04-18T09:58:11.540+0000] {dag.py:3834} INFO - Setting next_dagrun for billboard_to_spotify_to_s3_extractionV1 to 2024-04-18 00:00:00+00:00, run_after=2024-04-19 00:00:00+00:00
[2024-04-18T09:58:11.596+0000] {processor.py:183} INFO - Processing /opt/airflow/dags/billboard_to_spotify_to_csvs_to_s3.py took 4.541 seconds
[2024-04-18T10:58:12.993+0000] {processor.py:161} INFO - Started process (PID=34507) to work on /opt/airflow/dags/billboard_to_spotify_to_csvs_to_s3.py
[2024-04-18T10:58:12.995+0000] {processor.py:830} INFO - Processing file /opt/airflow/dags/billboard_to_spotify_to_csvs_to_s3.py for tasks to queue
[2024-04-18T10:58:12.998+0000] {logging_mixin.py:188} INFO - [2024-04-18T10:58:12.997+0000] {dagbag.py:540} INFO - Filling up the DagBag from /opt/airflow/dags/billboard_to_spotify_to_csvs_to_s3.py
[2024-04-18T10:58:14.591+0000] {logging_mixin.py:188} INFO - Authenticating User...
[2024-04-18T10:58:14.609+0000] {logging_mixin.py:188} INFO - csv_data/albums_table.csv 
[2024-04-18T10:58:14.610+0000] {logging_mixin.py:188} INFO - albums_table.csv
[2024-04-18T10:58:14.611+0000] {logging_mixin.py:188} INFO - csv_data/artists_table.csv 
[2024-04-18T10:58:14.612+0000] {logging_mixin.py:188} INFO - artists_table.csv
[2024-04-18T10:58:14.614+0000] {logging_mixin.py:188} INFO - csv_data/track_table.csv 
[2024-04-18T10:58:14.615+0000] {logging_mixin.py:188} INFO - track_table.csv
[2024-04-18T10:58:14.620+0000] {processor.py:840} INFO - DAG(s) 'billboard_to_spotify_to_s3_extractionV1' retrieved from /opt/airflow/dags/billboard_to_spotify_to_csvs_to_s3.py
[2024-04-18T10:58:14.678+0000] {logging_mixin.py:188} INFO - [2024-04-18T10:58:14.677+0000] {dag.py:3047} INFO - Sync 1 DAGs
[2024-04-18T10:58:14.717+0000] {logging_mixin.py:188} INFO - [2024-04-18T10:58:14.717+0000] {dag.py:3834} INFO - Setting next_dagrun for billboard_to_spotify_to_s3_extractionV1 to 2024-04-18 00:00:00+00:00, run_after=2024-04-19 00:00:00+00:00
[2024-04-18T10:58:14.754+0000] {processor.py:183} INFO - Processing /opt/airflow/dags/billboard_to_spotify_to_csvs_to_s3.py took 1.769 seconds
[2024-04-18T10:58:45.422+0000] {processor.py:161} INFO - Started process (PID=34519) to work on /opt/airflow/dags/billboard_to_spotify_to_csvs_to_s3.py
[2024-04-18T10:58:45.424+0000] {processor.py:830} INFO - Processing file /opt/airflow/dags/billboard_to_spotify_to_csvs_to_s3.py for tasks to queue
[2024-04-18T10:58:45.426+0000] {logging_mixin.py:188} INFO - [2024-04-18T10:58:45.426+0000] {dagbag.py:540} INFO - Filling up the DagBag from /opt/airflow/dags/billboard_to_spotify_to_csvs_to_s3.py
[2024-04-18T10:58:46.234+0000] {logging_mixin.py:188} INFO - Authenticating User...
[2024-04-18T10:58:46.241+0000] {logging_mixin.py:188} INFO - csv_data/albums_table.csv 
[2024-04-18T10:58:46.242+0000] {logging_mixin.py:188} INFO - albums_table.csv
[2024-04-18T10:58:46.242+0000] {logging_mixin.py:188} INFO - csv_data/artists_table.csv 
[2024-04-18T10:58:46.243+0000] {logging_mixin.py:188} INFO - artists_table.csv
[2024-04-18T10:58:46.244+0000] {logging_mixin.py:188} INFO - csv_data/track_table.csv 
[2024-04-18T10:58:46.245+0000] {logging_mixin.py:188} INFO - track_table.csv
[2024-04-18T10:58:46.247+0000] {processor.py:840} INFO - DAG(s) 'billboard_to_spotify_to_s3_extractionV1' retrieved from /opt/airflow/dags/billboard_to_spotify_to_csvs_to_s3.py
[2024-04-18T10:58:46.281+0000] {logging_mixin.py:188} INFO - [2024-04-18T10:58:46.280+0000] {dag.py:3047} INFO - Sync 1 DAGs
[2024-04-18T10:58:46.312+0000] {logging_mixin.py:188} INFO - [2024-04-18T10:58:46.312+0000] {dag.py:3834} INFO - Setting next_dagrun for billboard_to_spotify_to_s3_extractionV1 to 2024-04-18 00:00:00+00:00, run_after=2024-04-19 00:00:00+00:00
[2024-04-18T10:58:46.340+0000] {processor.py:183} INFO - Processing /opt/airflow/dags/billboard_to_spotify_to_csvs_to_s3.py took 0.925 seconds
[2024-04-18T11:45:38.370+0000] {processor.py:161} INFO - Started process (PID=34531) to work on /opt/airflow/dags/billboard_to_spotify_to_csvs_to_s3.py
[2024-04-18T11:45:38.379+0000] {processor.py:830} INFO - Processing file /opt/airflow/dags/billboard_to_spotify_to_csvs_to_s3.py for tasks to queue
[2024-04-18T11:45:38.387+0000] {logging_mixin.py:188} INFO - [2024-04-18T11:45:38.384+0000] {dagbag.py:540} INFO - Filling up the DagBag from /opt/airflow/dags/billboard_to_spotify_to_csvs_to_s3.py
[2024-04-18T11:45:42.171+0000] {logging_mixin.py:188} INFO - Authenticating User...
[2024-04-18T11:45:42.191+0000] {logging_mixin.py:188} INFO - csv_data/albums_table.csv 
[2024-04-18T11:45:42.193+0000] {logging_mixin.py:188} INFO - albums_table.csv
[2024-04-18T11:45:42.194+0000] {logging_mixin.py:188} INFO - csv_data/artists_table.csv 
[2024-04-18T11:45:42.196+0000] {logging_mixin.py:188} INFO - artists_table.csv
[2024-04-18T11:45:42.197+0000] {logging_mixin.py:188} INFO - csv_data/track_table.csv 
[2024-04-18T11:45:42.198+0000] {logging_mixin.py:188} INFO - track_table.csv
[2024-04-18T11:45:42.204+0000] {processor.py:840} INFO - DAG(s) 'billboard_to_spotify_to_s3_extractionV1' retrieved from /opt/airflow/dags/billboard_to_spotify_to_csvs_to_s3.py
[2024-04-18T11:45:42.279+0000] {logging_mixin.py:188} INFO - [2024-04-18T11:45:42.277+0000] {dag.py:3047} INFO - Sync 1 DAGs
[2024-04-18T11:45:42.358+0000] {logging_mixin.py:188} INFO - [2024-04-18T11:45:42.358+0000] {dag.py:3834} INFO - Setting next_dagrun for billboard_to_spotify_to_s3_extractionV1 to 2024-04-18 00:00:00+00:00, run_after=2024-04-19 00:00:00+00:00
[2024-04-18T11:45:42.420+0000] {processor.py:183} INFO - Processing /opt/airflow/dags/billboard_to_spotify_to_csvs_to_s3.py took 4.104 seconds
[2024-04-18T11:46:12.605+0000] {processor.py:161} INFO - Started process (PID=34543) to work on /opt/airflow/dags/billboard_to_spotify_to_csvs_to_s3.py
[2024-04-18T11:46:12.607+0000] {processor.py:830} INFO - Processing file /opt/airflow/dags/billboard_to_spotify_to_csvs_to_s3.py for tasks to queue
[2024-04-18T11:46:12.609+0000] {logging_mixin.py:188} INFO - [2024-04-18T11:46:12.608+0000] {dagbag.py:540} INFO - Filling up the DagBag from /opt/airflow/dags/billboard_to_spotify_to_csvs_to_s3.py
[2024-04-18T11:46:13.375+0000] {logging_mixin.py:188} INFO - Authenticating User...
[2024-04-18T11:46:13.382+0000] {logging_mixin.py:188} INFO - csv_data/albums_table.csv 
[2024-04-18T11:46:13.383+0000] {logging_mixin.py:188} INFO - albums_table.csv
[2024-04-18T11:46:13.384+0000] {logging_mixin.py:188} INFO - csv_data/artists_table.csv 
[2024-04-18T11:46:13.385+0000] {logging_mixin.py:188} INFO - artists_table.csv
[2024-04-18T11:46:13.386+0000] {logging_mixin.py:188} INFO - csv_data/track_table.csv 
[2024-04-18T11:46:13.387+0000] {logging_mixin.py:188} INFO - track_table.csv
[2024-04-18T11:46:13.390+0000] {processor.py:840} INFO - DAG(s) 'billboard_to_spotify_to_s3_extractionV1' retrieved from /opt/airflow/dags/billboard_to_spotify_to_csvs_to_s3.py
[2024-04-18T11:46:13.425+0000] {logging_mixin.py:188} INFO - [2024-04-18T11:46:13.424+0000] {dag.py:3047} INFO - Sync 1 DAGs
[2024-04-18T11:46:13.457+0000] {logging_mixin.py:188} INFO - [2024-04-18T11:46:13.456+0000] {dag.py:3834} INFO - Setting next_dagrun for billboard_to_spotify_to_s3_extractionV1 to 2024-04-18 00:00:00+00:00, run_after=2024-04-19 00:00:00+00:00
[2024-04-18T11:46:13.485+0000] {processor.py:183} INFO - Processing /opt/airflow/dags/billboard_to_spotify_to_csvs_to_s3.py took 0.886 seconds
[2024-04-18T11:46:55.438+0000] {processor.py:161} INFO - Started process (PID=34555) to work on /opt/airflow/dags/billboard_to_spotify_to_csvs_to_s3.py
[2024-04-18T11:46:55.475+0000] {processor.py:830} INFO - Processing file /opt/airflow/dags/billboard_to_spotify_to_csvs_to_s3.py for tasks to queue
[2024-04-18T11:46:55.486+0000] {logging_mixin.py:188} INFO - [2024-04-18T11:46:55.482+0000] {dagbag.py:540} INFO - Filling up the DagBag from /opt/airflow/dags/billboard_to_spotify_to_csvs_to_s3.py
[2024-04-18T11:46:59.943+0000] {logging_mixin.py:188} INFO - Authenticating User...
[2024-04-18T11:46:59.967+0000] {logging_mixin.py:188} INFO - csv_data/albums_table.csv 
[2024-04-18T11:46:59.968+0000] {logging_mixin.py:188} INFO - albums_table.csv
[2024-04-18T11:46:59.969+0000] {logging_mixin.py:188} INFO - csv_data/artists_table.csv 
[2024-04-18T11:46:59.970+0000] {logging_mixin.py:188} INFO - artists_table.csv
[2024-04-18T11:46:59.970+0000] {logging_mixin.py:188} INFO - csv_data/track_table.csv 
[2024-04-18T11:46:59.971+0000] {logging_mixin.py:188} INFO - track_table.csv
[2024-04-18T11:46:59.977+0000] {processor.py:840} INFO - DAG(s) 'billboard_to_spotify_to_s3_extractionV1' retrieved from /opt/airflow/dags/billboard_to_spotify_to_csvs_to_s3.py
[2024-04-18T11:47:00.052+0000] {logging_mixin.py:188} INFO - [2024-04-18T11:47:00.051+0000] {dag.py:3047} INFO - Sync 1 DAGs
[2024-04-18T11:47:00.131+0000] {logging_mixin.py:188} INFO - [2024-04-18T11:47:00.130+0000] {dag.py:3834} INFO - Setting next_dagrun for billboard_to_spotify_to_s3_extractionV1 to 2024-04-18 00:00:00+00:00, run_after=2024-04-19 00:00:00+00:00
[2024-04-18T11:47:00.191+0000] {processor.py:183} INFO - Processing /opt/airflow/dags/billboard_to_spotify_to_csvs_to_s3.py took 4.832 seconds
[2024-04-18T11:59:20.634+0000] {processor.py:161} INFO - Started process (PID=34561) to work on /opt/airflow/dags/billboard_to_spotify_to_csvs_to_s3.py
[2024-04-18T11:59:20.637+0000] {processor.py:830} INFO - Processing file /opt/airflow/dags/billboard_to_spotify_to_csvs_to_s3.py for tasks to queue
[2024-04-18T11:59:20.640+0000] {logging_mixin.py:188} INFO - [2024-04-18T11:59:20.640+0000] {dagbag.py:540} INFO - Filling up the DagBag from /opt/airflow/dags/billboard_to_spotify_to_csvs_to_s3.py
[2024-04-18T11:59:21.990+0000] {logging_mixin.py:188} INFO - Authenticating User...
[2024-04-18T11:59:21.997+0000] {logging_mixin.py:188} INFO - csv_data/albums_table.csv 
[2024-04-18T11:59:21.997+0000] {logging_mixin.py:188} INFO - albums_table.csv
[2024-04-18T11:59:21.998+0000] {logging_mixin.py:188} INFO - csv_data/artists_table.csv 
[2024-04-18T11:59:21.998+0000] {logging_mixin.py:188} INFO - artists_table.csv
[2024-04-18T11:59:21.999+0000] {logging_mixin.py:188} INFO - csv_data/track_table.csv 
[2024-04-18T11:59:21.999+0000] {logging_mixin.py:188} INFO - track_table.csv
[2024-04-18T11:59:22.003+0000] {processor.py:840} INFO - DAG(s) 'billboard_to_spotify_to_s3_extractionV1' retrieved from /opt/airflow/dags/billboard_to_spotify_to_csvs_to_s3.py
[2024-04-18T11:59:22.047+0000] {logging_mixin.py:188} INFO - [2024-04-18T11:59:22.046+0000] {dag.py:3047} INFO - Sync 1 DAGs
[2024-04-18T11:59:22.085+0000] {logging_mixin.py:188} INFO - [2024-04-18T11:59:22.085+0000] {dag.py:3834} INFO - Setting next_dagrun for billboard_to_spotify_to_s3_extractionV1 to 2024-04-18 00:00:00+00:00, run_after=2024-04-19 00:00:00+00:00
[2024-04-18T11:59:22.116+0000] {processor.py:183} INFO - Processing /opt/airflow/dags/billboard_to_spotify_to_csvs_to_s3.py took 1.494 seconds
[2024-04-18T11:59:52.384+0000] {processor.py:161} INFO - Started process (PID=34573) to work on /opt/airflow/dags/billboard_to_spotify_to_csvs_to_s3.py
[2024-04-18T11:59:52.386+0000] {processor.py:830} INFO - Processing file /opt/airflow/dags/billboard_to_spotify_to_csvs_to_s3.py for tasks to queue
[2024-04-18T11:59:52.389+0000] {logging_mixin.py:188} INFO - [2024-04-18T11:59:52.388+0000] {dagbag.py:540} INFO - Filling up the DagBag from /opt/airflow/dags/billboard_to_spotify_to_csvs_to_s3.py
[2024-04-18T11:59:53.615+0000] {logging_mixin.py:188} INFO - Authenticating User...
[2024-04-18T11:59:53.622+0000] {logging_mixin.py:188} INFO - csv_data/albums_table.csv 
[2024-04-18T11:59:53.623+0000] {logging_mixin.py:188} INFO - albums_table.csv
[2024-04-18T11:59:53.624+0000] {logging_mixin.py:188} INFO - csv_data/artists_table.csv 
[2024-04-18T11:59:53.625+0000] {logging_mixin.py:188} INFO - artists_table.csv
[2024-04-18T11:59:53.626+0000] {logging_mixin.py:188} INFO - csv_data/track_table.csv 
[2024-04-18T11:59:53.626+0000] {logging_mixin.py:188} INFO - track_table.csv
[2024-04-18T11:59:53.629+0000] {processor.py:840} INFO - DAG(s) 'billboard_to_spotify_to_s3_extractionV1' retrieved from /opt/airflow/dags/billboard_to_spotify_to_csvs_to_s3.py
[2024-04-18T11:59:53.668+0000] {logging_mixin.py:188} INFO - [2024-04-18T11:59:53.668+0000] {dag.py:3047} INFO - Sync 1 DAGs
[2024-04-18T11:59:53.707+0000] {logging_mixin.py:188} INFO - [2024-04-18T11:59:53.706+0000] {dag.py:3834} INFO - Setting next_dagrun for billboard_to_spotify_to_s3_extractionV1 to 2024-04-18 00:00:00+00:00, run_after=2024-04-19 00:00:00+00:00
[2024-04-18T11:59:53.742+0000] {processor.py:183} INFO - Processing /opt/airflow/dags/billboard_to_spotify_to_csvs_to_s3.py took 1.367 seconds
[2024-04-18T13:00:20.885+0000] {processor.py:161} INFO - Started process (PID=34585) to work on /opt/airflow/dags/billboard_to_spotify_to_csvs_to_s3.py
[2024-04-18T13:00:20.894+0000] {processor.py:830} INFO - Processing file /opt/airflow/dags/billboard_to_spotify_to_csvs_to_s3.py for tasks to queue
[2024-04-18T13:00:20.901+0000] {logging_mixin.py:188} INFO - [2024-04-18T13:00:20.898+0000] {dagbag.py:540} INFO - Filling up the DagBag from /opt/airflow/dags/billboard_to_spotify_to_csvs_to_s3.py
[2024-04-18T13:00:24.721+0000] {logging_mixin.py:188} INFO - Authenticating User...
[2024-04-18T13:00:24.738+0000] {logging_mixin.py:188} INFO - csv_data/albums_table.csv 
[2024-04-18T13:00:24.740+0000] {logging_mixin.py:188} INFO - albums_table.csv
[2024-04-18T13:00:24.741+0000] {logging_mixin.py:188} INFO - csv_data/artists_table.csv 
[2024-04-18T13:00:24.742+0000] {logging_mixin.py:188} INFO - artists_table.csv
[2024-04-18T13:00:24.766+0000] {logging_mixin.py:188} INFO - csv_data/track_table.csv 
[2024-04-18T13:00:24.767+0000] {logging_mixin.py:188} INFO - track_table.csv
[2024-04-18T13:00:24.772+0000] {processor.py:840} INFO - DAG(s) 'billboard_to_spotify_to_s3_extractionV1' retrieved from /opt/airflow/dags/billboard_to_spotify_to_csvs_to_s3.py
[2024-04-18T13:00:24.908+0000] {logging_mixin.py:188} INFO - [2024-04-18T13:00:24.907+0000] {dag.py:3047} INFO - Sync 1 DAGs
[2024-04-18T13:00:25.016+0000] {logging_mixin.py:188} INFO - [2024-04-18T13:00:25.015+0000] {dag.py:3834} INFO - Setting next_dagrun for billboard_to_spotify_to_s3_extractionV1 to 2024-04-18 00:00:00+00:00, run_after=2024-04-19 00:00:00+00:00
[2024-04-18T13:00:25.071+0000] {processor.py:183} INFO - Processing /opt/airflow/dags/billboard_to_spotify_to_csvs_to_s3.py took 4.229 seconds
[2024-04-18T13:00:55.216+0000] {processor.py:161} INFO - Started process (PID=34597) to work on /opt/airflow/dags/billboard_to_spotify_to_csvs_to_s3.py
[2024-04-18T13:00:55.218+0000] {processor.py:830} INFO - Processing file /opt/airflow/dags/billboard_to_spotify_to_csvs_to_s3.py for tasks to queue
[2024-04-18T13:00:55.221+0000] {logging_mixin.py:188} INFO - [2024-04-18T13:00:55.220+0000] {dagbag.py:540} INFO - Filling up the DagBag from /opt/airflow/dags/billboard_to_spotify_to_csvs_to_s3.py
[2024-04-18T13:00:56.107+0000] {logging_mixin.py:188} INFO - Authenticating User...
[2024-04-18T13:00:56.116+0000] {logging_mixin.py:188} INFO - csv_data/albums_table.csv 
[2024-04-18T13:00:56.117+0000] {logging_mixin.py:188} INFO - albums_table.csv
[2024-04-18T13:00:56.119+0000] {logging_mixin.py:188} INFO - csv_data/artists_table.csv 
[2024-04-18T13:00:56.120+0000] {logging_mixin.py:188} INFO - artists_table.csv
[2024-04-18T13:00:56.121+0000] {logging_mixin.py:188} INFO - csv_data/track_table.csv 
[2024-04-18T13:00:56.122+0000] {logging_mixin.py:188} INFO - track_table.csv
[2024-04-18T13:00:56.125+0000] {processor.py:840} INFO - DAG(s) 'billboard_to_spotify_to_s3_extractionV1' retrieved from /opt/airflow/dags/billboard_to_spotify_to_csvs_to_s3.py
[2024-04-18T13:00:56.161+0000] {logging_mixin.py:188} INFO - [2024-04-18T13:00:56.160+0000] {dag.py:3047} INFO - Sync 1 DAGs
[2024-04-18T13:00:56.200+0000] {logging_mixin.py:188} INFO - [2024-04-18T13:00:56.200+0000] {dag.py:3834} INFO - Setting next_dagrun for billboard_to_spotify_to_s3_extractionV1 to 2024-04-18 00:00:00+00:00, run_after=2024-04-19 00:00:00+00:00
[2024-04-18T13:00:56.236+0000] {processor.py:183} INFO - Processing /opt/airflow/dags/billboard_to_spotify_to_csvs_to_s3.py took 1.027 seconds
[2024-04-18T13:01:35.269+0000] {processor.py:161} INFO - Started process (PID=34609) to work on /opt/airflow/dags/billboard_to_spotify_to_csvs_to_s3.py
[2024-04-18T13:01:35.304+0000] {processor.py:830} INFO - Processing file /opt/airflow/dags/billboard_to_spotify_to_csvs_to_s3.py for tasks to queue
[2024-04-18T13:01:35.313+0000] {logging_mixin.py:188} INFO - [2024-04-18T13:01:35.311+0000] {dagbag.py:540} INFO - Filling up the DagBag from /opt/airflow/dags/billboard_to_spotify_to_csvs_to_s3.py
[2024-04-18T13:01:39.655+0000] {logging_mixin.py:188} INFO - Authenticating User...
[2024-04-18T13:01:39.686+0000] {logging_mixin.py:188} INFO - csv_data/albums_table.csv 
[2024-04-18T13:01:39.687+0000] {logging_mixin.py:188} INFO - albums_table.csv
[2024-04-18T13:01:39.689+0000] {logging_mixin.py:188} INFO - csv_data/artists_table.csv 
[2024-04-18T13:01:39.691+0000] {logging_mixin.py:188} INFO - artists_table.csv
[2024-04-18T13:01:39.692+0000] {logging_mixin.py:188} INFO - csv_data/track_table.csv 
[2024-04-18T13:01:39.694+0000] {logging_mixin.py:188} INFO - track_table.csv
[2024-04-18T13:01:39.700+0000] {processor.py:840} INFO - DAG(s) 'billboard_to_spotify_to_s3_extractionV1' retrieved from /opt/airflow/dags/billboard_to_spotify_to_csvs_to_s3.py
[2024-04-18T13:01:39.777+0000] {logging_mixin.py:188} INFO - [2024-04-18T13:01:39.776+0000] {dag.py:3047} INFO - Sync 1 DAGs
[2024-04-18T13:01:39.865+0000] {logging_mixin.py:188} INFO - [2024-04-18T13:01:39.864+0000] {dag.py:3834} INFO - Setting next_dagrun for billboard_to_spotify_to_s3_extractionV1 to 2024-04-18 00:00:00+00:00, run_after=2024-04-19 00:00:00+00:00
[2024-04-18T13:01:39.919+0000] {processor.py:183} INFO - Processing /opt/airflow/dags/billboard_to_spotify_to_csvs_to_s3.py took 4.757 seconds
[2024-04-18T14:01:42.202+0000] {processor.py:161} INFO - Started process (PID=34615) to work on /opt/airflow/dags/billboard_to_spotify_to_csvs_to_s3.py
[2024-04-18T14:01:42.205+0000] {processor.py:830} INFO - Processing file /opt/airflow/dags/billboard_to_spotify_to_csvs_to_s3.py for tasks to queue
[2024-04-18T14:01:42.212+0000] {logging_mixin.py:188} INFO - [2024-04-18T14:01:42.211+0000] {dagbag.py:540} INFO - Filling up the DagBag from /opt/airflow/dags/billboard_to_spotify_to_csvs_to_s3.py
[2024-04-18T14:01:43.461+0000] {logging_mixin.py:188} INFO - Authenticating User...
[2024-04-18T14:01:43.467+0000] {logging_mixin.py:188} INFO - csv_data/albums_table.csv 
[2024-04-18T14:01:43.468+0000] {logging_mixin.py:188} INFO - albums_table.csv
[2024-04-18T14:01:43.469+0000] {logging_mixin.py:188} INFO - csv_data/artists_table.csv 
[2024-04-18T14:01:43.470+0000] {logging_mixin.py:188} INFO - artists_table.csv
[2024-04-18T14:01:43.470+0000] {logging_mixin.py:188} INFO - csv_data/track_table.csv 
[2024-04-18T14:01:43.471+0000] {logging_mixin.py:188} INFO - track_table.csv
[2024-04-18T14:01:43.473+0000] {processor.py:840} INFO - DAG(s) 'billboard_to_spotify_to_s3_extractionV1' retrieved from /opt/airflow/dags/billboard_to_spotify_to_csvs_to_s3.py
[2024-04-18T14:01:43.508+0000] {logging_mixin.py:188} INFO - [2024-04-18T14:01:43.507+0000] {dag.py:3047} INFO - Sync 1 DAGs
[2024-04-18T14:01:43.540+0000] {logging_mixin.py:188} INFO - [2024-04-18T14:01:43.540+0000] {dag.py:3834} INFO - Setting next_dagrun for billboard_to_spotify_to_s3_extractionV1 to 2024-04-18 00:00:00+00:00, run_after=2024-04-19 00:00:00+00:00
[2024-04-18T14:01:43.567+0000] {processor.py:183} INFO - Processing /opt/airflow/dags/billboard_to_spotify_to_csvs_to_s3.py took 1.374 seconds
[2024-04-18T14:02:13.682+0000] {processor.py:161} INFO - Started process (PID=34627) to work on /opt/airflow/dags/billboard_to_spotify_to_csvs_to_s3.py
[2024-04-18T14:02:13.684+0000] {processor.py:830} INFO - Processing file /opt/airflow/dags/billboard_to_spotify_to_csvs_to_s3.py for tasks to queue
[2024-04-18T14:02:13.686+0000] {logging_mixin.py:188} INFO - [2024-04-18T14:02:13.685+0000] {dagbag.py:540} INFO - Filling up the DagBag from /opt/airflow/dags/billboard_to_spotify_to_csvs_to_s3.py
[2024-04-18T14:02:14.507+0000] {logging_mixin.py:188} INFO - Authenticating User...
[2024-04-18T14:02:14.515+0000] {logging_mixin.py:188} INFO - csv_data/albums_table.csv 
[2024-04-18T14:02:14.516+0000] {logging_mixin.py:188} INFO - albums_table.csv
[2024-04-18T14:02:14.517+0000] {logging_mixin.py:188} INFO - csv_data/artists_table.csv 
[2024-04-18T14:02:14.518+0000] {logging_mixin.py:188} INFO - artists_table.csv
[2024-04-18T14:02:14.518+0000] {logging_mixin.py:188} INFO - csv_data/track_table.csv 
[2024-04-18T14:02:14.519+0000] {logging_mixin.py:188} INFO - track_table.csv
[2024-04-18T14:02:14.523+0000] {processor.py:840} INFO - DAG(s) 'billboard_to_spotify_to_s3_extractionV1' retrieved from /opt/airflow/dags/billboard_to_spotify_to_csvs_to_s3.py
[2024-04-18T14:02:14.560+0000] {logging_mixin.py:188} INFO - [2024-04-18T14:02:14.559+0000] {dag.py:3047} INFO - Sync 1 DAGs
[2024-04-18T14:02:14.594+0000] {logging_mixin.py:188} INFO - [2024-04-18T14:02:14.594+0000] {dag.py:3834} INFO - Setting next_dagrun for billboard_to_spotify_to_s3_extractionV1 to 2024-04-18 00:00:00+00:00, run_after=2024-04-19 00:00:00+00:00
[2024-04-18T14:02:14.655+0000] {processor.py:183} INFO - Processing /opt/airflow/dags/billboard_to_spotify_to_csvs_to_s3.py took 0.979 seconds
[2024-04-18T15:02:38.635+0000] {processor.py:161} INFO - Started process (PID=34639) to work on /opt/airflow/dags/billboard_to_spotify_to_csvs_to_s3.py
[2024-04-18T15:02:38.649+0000] {processor.py:830} INFO - Processing file /opt/airflow/dags/billboard_to_spotify_to_csvs_to_s3.py for tasks to queue
[2024-04-18T15:02:38.660+0000] {logging_mixin.py:188} INFO - [2024-04-18T15:02:38.655+0000] {dagbag.py:540} INFO - Filling up the DagBag from /opt/airflow/dags/billboard_to_spotify_to_csvs_to_s3.py
[2024-04-18T15:02:42.660+0000] {logging_mixin.py:188} INFO - Authenticating User...
[2024-04-18T15:02:42.681+0000] {logging_mixin.py:188} INFO - csv_data/albums_table.csv 
[2024-04-18T15:02:42.682+0000] {logging_mixin.py:188} INFO - albums_table.csv
[2024-04-18T15:02:42.684+0000] {logging_mixin.py:188} INFO - csv_data/artists_table.csv 
[2024-04-18T15:02:42.686+0000] {logging_mixin.py:188} INFO - artists_table.csv
[2024-04-18T15:02:42.689+0000] {logging_mixin.py:188} INFO - csv_data/track_table.csv 
[2024-04-18T15:02:42.690+0000] {logging_mixin.py:188} INFO - track_table.csv
[2024-04-18T15:02:42.696+0000] {processor.py:840} INFO - DAG(s) 'billboard_to_spotify_to_s3_extractionV1' retrieved from /opt/airflow/dags/billboard_to_spotify_to_csvs_to_s3.py
[2024-04-18T15:02:42.808+0000] {logging_mixin.py:188} INFO - [2024-04-18T15:02:42.807+0000] {dag.py:3047} INFO - Sync 1 DAGs
[2024-04-18T15:02:42.895+0000] {logging_mixin.py:188} INFO - [2024-04-18T15:02:42.894+0000] {dag.py:3834} INFO - Setting next_dagrun for billboard_to_spotify_to_s3_extractionV1 to 2024-04-18 00:00:00+00:00, run_after=2024-04-19 00:00:00+00:00
[2024-04-18T15:02:42.957+0000] {processor.py:183} INFO - Processing /opt/airflow/dags/billboard_to_spotify_to_csvs_to_s3.py took 4.432 seconds
[2024-04-18T15:03:13.734+0000] {processor.py:161} INFO - Started process (PID=34651) to work on /opt/airflow/dags/billboard_to_spotify_to_csvs_to_s3.py
[2024-04-18T15:03:13.736+0000] {processor.py:830} INFO - Processing file /opt/airflow/dags/billboard_to_spotify_to_csvs_to_s3.py for tasks to queue
[2024-04-18T15:03:13.738+0000] {logging_mixin.py:188} INFO - [2024-04-18T15:03:13.738+0000] {dagbag.py:540} INFO - Filling up the DagBag from /opt/airflow/dags/billboard_to_spotify_to_csvs_to_s3.py
[2024-04-18T15:03:14.514+0000] {logging_mixin.py:188} INFO - Authenticating User...
[2024-04-18T15:03:14.521+0000] {logging_mixin.py:188} INFO - csv_data/albums_table.csv 
[2024-04-18T15:03:14.521+0000] {logging_mixin.py:188} INFO - albums_table.csv
[2024-04-18T15:03:14.522+0000] {logging_mixin.py:188} INFO - csv_data/artists_table.csv 
[2024-04-18T15:03:14.523+0000] {logging_mixin.py:188} INFO - artists_table.csv
[2024-04-18T15:03:14.524+0000] {logging_mixin.py:188} INFO - csv_data/track_table.csv 
[2024-04-18T15:03:14.524+0000] {logging_mixin.py:188} INFO - track_table.csv
[2024-04-18T15:03:14.527+0000] {processor.py:840} INFO - DAG(s) 'billboard_to_spotify_to_s3_extractionV1' retrieved from /opt/airflow/dags/billboard_to_spotify_to_csvs_to_s3.py
[2024-04-18T15:03:14.563+0000] {logging_mixin.py:188} INFO - [2024-04-18T15:03:14.562+0000] {dag.py:3047} INFO - Sync 1 DAGs
[2024-04-18T15:03:14.595+0000] {logging_mixin.py:188} INFO - [2024-04-18T15:03:14.594+0000] {dag.py:3834} INFO - Setting next_dagrun for billboard_to_spotify_to_s3_extractionV1 to 2024-04-18 00:00:00+00:00, run_after=2024-04-19 00:00:00+00:00
[2024-04-18T15:03:14.625+0000] {processor.py:183} INFO - Processing /opt/airflow/dags/billboard_to_spotify_to_csvs_to_s3.py took 0.895 seconds
[2024-04-18T15:03:54.341+0000] {processor.py:161} INFO - Started process (PID=34669) to work on /opt/airflow/dags/billboard_to_spotify_to_csvs_to_s3.py
[2024-04-18T15:03:54.357+0000] {processor.py:830} INFO - Processing file /opt/airflow/dags/billboard_to_spotify_to_csvs_to_s3.py for tasks to queue
[2024-04-18T15:03:54.365+0000] {logging_mixin.py:188} INFO - [2024-04-18T15:03:54.362+0000] {dagbag.py:540} INFO - Filling up the DagBag from /opt/airflow/dags/billboard_to_spotify_to_csvs_to_s3.py
[2024-04-18T15:03:59.642+0000] {logging_mixin.py:188} INFO - Authenticating User...
[2024-04-18T15:03:59.681+0000] {logging_mixin.py:188} INFO - csv_data/albums_table.csv 
[2024-04-18T15:03:59.682+0000] {logging_mixin.py:188} INFO - albums_table.csv
[2024-04-18T15:03:59.684+0000] {logging_mixin.py:188} INFO - csv_data/artists_table.csv 
[2024-04-18T15:03:59.686+0000] {logging_mixin.py:188} INFO - artists_table.csv
[2024-04-18T15:03:59.690+0000] {logging_mixin.py:188} INFO - csv_data/track_table.csv 
[2024-04-18T15:03:59.691+0000] {logging_mixin.py:188} INFO - track_table.csv
[2024-04-18T15:03:59.698+0000] {processor.py:840} INFO - DAG(s) 'billboard_to_spotify_to_s3_extractionV1' retrieved from /opt/airflow/dags/billboard_to_spotify_to_csvs_to_s3.py
[2024-04-18T15:03:59.781+0000] {logging_mixin.py:188} INFO - [2024-04-18T15:03:59.780+0000] {dag.py:3047} INFO - Sync 1 DAGs
[2024-04-18T15:03:59.867+0000] {logging_mixin.py:188} INFO - [2024-04-18T15:03:59.867+0000] {dag.py:3834} INFO - Setting next_dagrun for billboard_to_spotify_to_s3_extractionV1 to 2024-04-18 00:00:00+00:00, run_after=2024-04-19 00:00:00+00:00
[2024-04-18T15:03:59.943+0000] {processor.py:183} INFO - Processing /opt/airflow/dags/billboard_to_spotify_to_csvs_to_s3.py took 5.651 seconds
[2024-04-18T16:03:59.275+0000] {processor.py:161} INFO - Started process (PID=34675) to work on /opt/airflow/dags/billboard_to_spotify_to_csvs_to_s3.py
[2024-04-18T16:03:59.279+0000] {processor.py:830} INFO - Processing file /opt/airflow/dags/billboard_to_spotify_to_csvs_to_s3.py for tasks to queue
[2024-04-18T16:03:59.282+0000] {logging_mixin.py:188} INFO - [2024-04-18T16:03:59.281+0000] {dagbag.py:540} INFO - Filling up the DagBag from /opt/airflow/dags/billboard_to_spotify_to_csvs_to_s3.py
[2024-04-18T16:04:00.780+0000] {logging_mixin.py:188} INFO - Authenticating User...
[2024-04-18T16:04:00.792+0000] {logging_mixin.py:188} INFO - csv_data/albums_table.csv 
[2024-04-18T16:04:00.792+0000] {logging_mixin.py:188} INFO - albums_table.csv
[2024-04-18T16:04:00.793+0000] {logging_mixin.py:188} INFO - csv_data/artists_table.csv 
[2024-04-18T16:04:00.794+0000] {logging_mixin.py:188} INFO - artists_table.csv
[2024-04-18T16:04:00.795+0000] {logging_mixin.py:188} INFO - csv_data/track_table.csv 
[2024-04-18T16:04:00.796+0000] {logging_mixin.py:188} INFO - track_table.csv
[2024-04-18T16:04:00.800+0000] {processor.py:840} INFO - DAG(s) 'billboard_to_spotify_to_s3_extractionV1' retrieved from /opt/airflow/dags/billboard_to_spotify_to_csvs_to_s3.py
[2024-04-18T16:04:00.846+0000] {logging_mixin.py:188} INFO - [2024-04-18T16:04:00.845+0000] {dag.py:3047} INFO - Sync 1 DAGs
[2024-04-18T16:04:00.878+0000] {logging_mixin.py:188} INFO - [2024-04-18T16:04:00.878+0000] {dag.py:3834} INFO - Setting next_dagrun for billboard_to_spotify_to_s3_extractionV1 to 2024-04-18 00:00:00+00:00, run_after=2024-04-19 00:00:00+00:00
[2024-04-18T16:04:00.909+0000] {processor.py:183} INFO - Processing /opt/airflow/dags/billboard_to_spotify_to_csvs_to_s3.py took 1.644 seconds
[2024-04-18T16:04:31.153+0000] {processor.py:161} INFO - Started process (PID=34687) to work on /opt/airflow/dags/billboard_to_spotify_to_csvs_to_s3.py
[2024-04-18T16:04:31.155+0000] {processor.py:830} INFO - Processing file /opt/airflow/dags/billboard_to_spotify_to_csvs_to_s3.py for tasks to queue
[2024-04-18T16:04:31.157+0000] {logging_mixin.py:188} INFO - [2024-04-18T16:04:31.157+0000] {dagbag.py:540} INFO - Filling up the DagBag from /opt/airflow/dags/billboard_to_spotify_to_csvs_to_s3.py
[2024-04-18T16:04:31.989+0000] {logging_mixin.py:188} INFO - Authenticating User...
[2024-04-18T16:04:31.997+0000] {logging_mixin.py:188} INFO - csv_data/albums_table.csv 
[2024-04-18T16:04:31.998+0000] {logging_mixin.py:188} INFO - albums_table.csv
[2024-04-18T16:04:31.999+0000] {logging_mixin.py:188} INFO - csv_data/artists_table.csv 
[2024-04-18T16:04:32.000+0000] {logging_mixin.py:188} INFO - artists_table.csv
[2024-04-18T16:04:32.000+0000] {logging_mixin.py:188} INFO - csv_data/track_table.csv 
[2024-04-18T16:04:32.001+0000] {logging_mixin.py:188} INFO - track_table.csv
[2024-04-18T16:04:32.005+0000] {processor.py:840} INFO - DAG(s) 'billboard_to_spotify_to_s3_extractionV1' retrieved from /opt/airflow/dags/billboard_to_spotify_to_csvs_to_s3.py
[2024-04-18T16:04:32.047+0000] {logging_mixin.py:188} INFO - [2024-04-18T16:04:32.046+0000] {dag.py:3047} INFO - Sync 1 DAGs
[2024-04-18T16:04:32.084+0000] {logging_mixin.py:188} INFO - [2024-04-18T16:04:32.083+0000] {dag.py:3834} INFO - Setting next_dagrun for billboard_to_spotify_to_s3_extractionV1 to 2024-04-18 00:00:00+00:00, run_after=2024-04-19 00:00:00+00:00
[2024-04-18T16:04:32.113+0000] {processor.py:183} INFO - Processing /opt/airflow/dags/billboard_to_spotify_to_csvs_to_s3.py took 0.967 seconds
[2024-04-18T17:04:57.804+0000] {processor.py:161} INFO - Started process (PID=34699) to work on /opt/airflow/dags/billboard_to_spotify_to_csvs_to_s3.py
[2024-04-18T17:04:57.822+0000] {processor.py:830} INFO - Processing file /opt/airflow/dags/billboard_to_spotify_to_csvs_to_s3.py for tasks to queue
[2024-04-18T17:04:57.866+0000] {logging_mixin.py:188} INFO - [2024-04-18T17:04:57.864+0000] {dagbag.py:540} INFO - Filling up the DagBag from /opt/airflow/dags/billboard_to_spotify_to_csvs_to_s3.py
[2024-04-18T17:05:01.274+0000] {logging_mixin.py:188} INFO - Authenticating User...
[2024-04-18T17:05:01.294+0000] {logging_mixin.py:188} INFO - csv_data/albums_table.csv 
[2024-04-18T17:05:01.296+0000] {logging_mixin.py:188} INFO - albums_table.csv
[2024-04-18T17:05:01.298+0000] {logging_mixin.py:188} INFO - csv_data/artists_table.csv 
[2024-04-18T17:05:01.299+0000] {logging_mixin.py:188} INFO - artists_table.csv
[2024-04-18T17:05:01.300+0000] {logging_mixin.py:188} INFO - csv_data/track_table.csv 
[2024-04-18T17:05:01.302+0000] {logging_mixin.py:188} INFO - track_table.csv
[2024-04-18T17:05:01.309+0000] {processor.py:840} INFO - DAG(s) 'billboard_to_spotify_to_s3_extractionV1' retrieved from /opt/airflow/dags/billboard_to_spotify_to_csvs_to_s3.py
[2024-04-18T17:05:01.397+0000] {logging_mixin.py:188} INFO - [2024-04-18T17:05:01.396+0000] {dag.py:3047} INFO - Sync 1 DAGs
[2024-04-18T17:05:01.504+0000] {logging_mixin.py:188} INFO - [2024-04-18T17:05:01.504+0000] {dag.py:3834} INFO - Setting next_dagrun for billboard_to_spotify_to_s3_extractionV1 to 2024-04-18 00:00:00+00:00, run_after=2024-04-19 00:00:00+00:00
[2024-04-18T17:05:01.576+0000] {processor.py:183} INFO - Processing /opt/airflow/dags/billboard_to_spotify_to_csvs_to_s3.py took 3.819 seconds
[2024-04-18T17:05:31.687+0000] {processor.py:161} INFO - Started process (PID=34711) to work on /opt/airflow/dags/billboard_to_spotify_to_csvs_to_s3.py
[2024-04-18T17:05:31.716+0000] {processor.py:830} INFO - Processing file /opt/airflow/dags/billboard_to_spotify_to_csvs_to_s3.py for tasks to queue
[2024-04-18T17:05:31.719+0000] {logging_mixin.py:188} INFO - [2024-04-18T17:05:31.718+0000] {dagbag.py:540} INFO - Filling up the DagBag from /opt/airflow/dags/billboard_to_spotify_to_csvs_to_s3.py
[2024-04-18T17:05:32.528+0000] {logging_mixin.py:188} INFO - Authenticating User...
[2024-04-18T17:05:32.535+0000] {logging_mixin.py:188} INFO - csv_data/albums_table.csv 
[2024-04-18T17:05:32.536+0000] {logging_mixin.py:188} INFO - albums_table.csv
[2024-04-18T17:05:32.537+0000] {logging_mixin.py:188} INFO - csv_data/artists_table.csv 
[2024-04-18T17:05:32.538+0000] {logging_mixin.py:188} INFO - artists_table.csv
[2024-04-18T17:05:32.539+0000] {logging_mixin.py:188} INFO - csv_data/track_table.csv 
[2024-04-18T17:05:32.540+0000] {logging_mixin.py:188} INFO - track_table.csv
[2024-04-18T17:05:32.544+0000] {processor.py:840} INFO - DAG(s) 'billboard_to_spotify_to_s3_extractionV1' retrieved from /opt/airflow/dags/billboard_to_spotify_to_csvs_to_s3.py
[2024-04-18T17:05:32.577+0000] {logging_mixin.py:188} INFO - [2024-04-18T17:05:32.576+0000] {dag.py:3047} INFO - Sync 1 DAGs
[2024-04-18T17:05:32.612+0000] {logging_mixin.py:188} INFO - [2024-04-18T17:05:32.612+0000] {dag.py:3834} INFO - Setting next_dagrun for billboard_to_spotify_to_s3_extractionV1 to 2024-04-18 00:00:00+00:00, run_after=2024-04-19 00:00:00+00:00
[2024-04-18T17:05:32.640+0000] {processor.py:183} INFO - Processing /opt/airflow/dags/billboard_to_spotify_to_csvs_to_s3.py took 0.959 seconds
[2024-04-18T17:06:12.125+0000] {processor.py:161} INFO - Started process (PID=34723) to work on /opt/airflow/dags/billboard_to_spotify_to_csvs_to_s3.py
[2024-04-18T17:06:12.146+0000] {processor.py:830} INFO - Processing file /opt/airflow/dags/billboard_to_spotify_to_csvs_to_s3.py for tasks to queue
[2024-04-18T17:06:12.169+0000] {logging_mixin.py:188} INFO - [2024-04-18T17:06:12.154+0000] {dagbag.py:540} INFO - Filling up the DagBag from /opt/airflow/dags/billboard_to_spotify_to_csvs_to_s3.py
[2024-04-18T17:06:15.370+0000] {logging_mixin.py:188} INFO - Authenticating User...
[2024-04-18T17:06:15.392+0000] {logging_mixin.py:188} INFO - csv_data/albums_table.csv 
[2024-04-18T17:06:15.395+0000] {logging_mixin.py:188} INFO - albums_table.csv
[2024-04-18T17:06:15.400+0000] {logging_mixin.py:188} INFO - csv_data/artists_table.csv 
[2024-04-18T17:06:15.404+0000] {logging_mixin.py:188} INFO - artists_table.csv
[2024-04-18T17:06:15.407+0000] {logging_mixin.py:188} INFO - csv_data/track_table.csv 
[2024-04-18T17:06:15.408+0000] {logging_mixin.py:188} INFO - track_table.csv
[2024-04-18T17:06:15.413+0000] {processor.py:840} INFO - DAG(s) 'billboard_to_spotify_to_s3_extractionV1' retrieved from /opt/airflow/dags/billboard_to_spotify_to_csvs_to_s3.py
[2024-04-18T17:06:15.694+0000] {logging_mixin.py:188} INFO - [2024-04-18T17:06:15.692+0000] {dag.py:3047} INFO - Sync 1 DAGs
[2024-04-18T17:06:15.837+0000] {logging_mixin.py:188} INFO - [2024-04-18T17:06:15.837+0000] {dag.py:3834} INFO - Setting next_dagrun for billboard_to_spotify_to_s3_extractionV1 to 2024-04-18 00:00:00+00:00, run_after=2024-04-19 00:00:00+00:00
[2024-04-18T17:06:16.016+0000] {processor.py:183} INFO - Processing /opt/airflow/dags/billboard_to_spotify_to_csvs_to_s3.py took 3.998 seconds
[2024-04-18T18:06:18.612+0000] {processor.py:161} INFO - Started process (PID=34729) to work on /opt/airflow/dags/billboard_to_spotify_to_csvs_to_s3.py
[2024-04-18T18:06:18.615+0000] {processor.py:830} INFO - Processing file /opt/airflow/dags/billboard_to_spotify_to_csvs_to_s3.py for tasks to queue
[2024-04-18T18:06:18.618+0000] {logging_mixin.py:188} INFO - [2024-04-18T18:06:18.617+0000] {dagbag.py:540} INFO - Filling up the DagBag from /opt/airflow/dags/billboard_to_spotify_to_csvs_to_s3.py
[2024-04-18T18:06:20.138+0000] {logging_mixin.py:188} INFO - Authenticating User...
[2024-04-18T18:06:20.146+0000] {logging_mixin.py:188} INFO - csv_data/albums_table.csv 
[2024-04-18T18:06:20.147+0000] {logging_mixin.py:188} INFO - albums_table.csv
[2024-04-18T18:06:20.148+0000] {logging_mixin.py:188} INFO - csv_data/artists_table.csv 
[2024-04-18T18:06:20.149+0000] {logging_mixin.py:188} INFO - artists_table.csv
[2024-04-18T18:06:20.150+0000] {logging_mixin.py:188} INFO - csv_data/track_table.csv 
[2024-04-18T18:06:20.151+0000] {logging_mixin.py:188} INFO - track_table.csv
[2024-04-18T18:06:20.154+0000] {processor.py:840} INFO - DAG(s) 'billboard_to_spotify_to_s3_extractionV1' retrieved from /opt/airflow/dags/billboard_to_spotify_to_csvs_to_s3.py
[2024-04-18T18:06:20.191+0000] {logging_mixin.py:188} INFO - [2024-04-18T18:06:20.191+0000] {dag.py:3047} INFO - Sync 1 DAGs
[2024-04-18T18:06:20.226+0000] {logging_mixin.py:188} INFO - [2024-04-18T18:06:20.226+0000] {dag.py:3834} INFO - Setting next_dagrun for billboard_to_spotify_to_s3_extractionV1 to 2024-04-18 00:00:00+00:00, run_after=2024-04-19 00:00:00+00:00
[2024-04-18T18:06:20.258+0000] {processor.py:183} INFO - Processing /opt/airflow/dags/billboard_to_spotify_to_csvs_to_s3.py took 1.656 seconds
[2024-04-18T18:06:50.460+0000] {processor.py:161} INFO - Started process (PID=34741) to work on /opt/airflow/dags/billboard_to_spotify_to_csvs_to_s3.py
[2024-04-18T18:06:50.462+0000] {processor.py:830} INFO - Processing file /opt/airflow/dags/billboard_to_spotify_to_csvs_to_s3.py for tasks to queue
[2024-04-18T18:06:50.464+0000] {logging_mixin.py:188} INFO - [2024-04-18T18:06:50.463+0000] {dagbag.py:540} INFO - Filling up the DagBag from /opt/airflow/dags/billboard_to_spotify_to_csvs_to_s3.py
[2024-04-18T18:06:51.231+0000] {logging_mixin.py:188} INFO - Authenticating User...
[2024-04-18T18:06:51.238+0000] {logging_mixin.py:188} INFO - csv_data/albums_table.csv 
[2024-04-18T18:06:51.239+0000] {logging_mixin.py:188} INFO - albums_table.csv
[2024-04-18T18:06:51.240+0000] {logging_mixin.py:188} INFO - csv_data/artists_table.csv 
[2024-04-18T18:06:51.241+0000] {logging_mixin.py:188} INFO - artists_table.csv
[2024-04-18T18:06:51.241+0000] {logging_mixin.py:188} INFO - csv_data/track_table.csv 
[2024-04-18T18:06:51.242+0000] {logging_mixin.py:188} INFO - track_table.csv
[2024-04-18T18:06:51.245+0000] {processor.py:840} INFO - DAG(s) 'billboard_to_spotify_to_s3_extractionV1' retrieved from /opt/airflow/dags/billboard_to_spotify_to_csvs_to_s3.py
[2024-04-18T18:06:51.279+0000] {logging_mixin.py:188} INFO - [2024-04-18T18:06:51.278+0000] {dag.py:3047} INFO - Sync 1 DAGs
[2024-04-18T18:06:51.310+0000] {logging_mixin.py:188} INFO - [2024-04-18T18:06:51.310+0000] {dag.py:3834} INFO - Setting next_dagrun for billboard_to_spotify_to_s3_extractionV1 to 2024-04-18 00:00:00+00:00, run_after=2024-04-19 00:00:00+00:00
[2024-04-18T18:06:51.338+0000] {processor.py:183} INFO - Processing /opt/airflow/dags/billboard_to_spotify_to_csvs_to_s3.py took 0.883 seconds
[2024-04-18T19:07:16.751+0000] {processor.py:161} INFO - Started process (PID=34752) to work on /opt/airflow/dags/billboard_to_spotify_to_csvs_to_s3.py
[2024-04-18T19:07:16.757+0000] {processor.py:830} INFO - Processing file /opt/airflow/dags/billboard_to_spotify_to_csvs_to_s3.py for tasks to queue
[2024-04-18T19:07:16.765+0000] {logging_mixin.py:188} INFO - [2024-04-18T19:07:16.763+0000] {dagbag.py:540} INFO - Filling up the DagBag from /opt/airflow/dags/billboard_to_spotify_to_csvs_to_s3.py
[2024-04-18T19:07:21.146+0000] {logging_mixin.py:188} INFO - Authenticating User...
[2024-04-18T19:07:21.166+0000] {logging_mixin.py:188} INFO - csv_data/albums_table.csv 
[2024-04-18T19:07:21.168+0000] {logging_mixin.py:188} INFO - albums_table.csv
[2024-04-18T19:07:21.171+0000] {logging_mixin.py:188} INFO - csv_data/artists_table.csv 
[2024-04-18T19:07:21.173+0000] {logging_mixin.py:188} INFO - artists_table.csv
[2024-04-18T19:07:21.175+0000] {logging_mixin.py:188} INFO - csv_data/track_table.csv 
[2024-04-18T19:07:21.177+0000] {logging_mixin.py:188} INFO - track_table.csv
[2024-04-18T19:07:21.183+0000] {processor.py:840} INFO - DAG(s) 'billboard_to_spotify_to_s3_extractionV1' retrieved from /opt/airflow/dags/billboard_to_spotify_to_csvs_to_s3.py
[2024-04-18T19:07:21.265+0000] {logging_mixin.py:188} INFO - [2024-04-18T19:07:21.263+0000] {dag.py:3047} INFO - Sync 1 DAGs
[2024-04-18T19:07:21.338+0000] {logging_mixin.py:188} INFO - [2024-04-18T19:07:21.337+0000] {dag.py:3834} INFO - Setting next_dagrun for billboard_to_spotify_to_s3_extractionV1 to 2024-04-18 00:00:00+00:00, run_after=2024-04-19 00:00:00+00:00
[2024-04-18T19:07:21.392+0000] {processor.py:183} INFO - Processing /opt/airflow/dags/billboard_to_spotify_to_csvs_to_s3.py took 4.714 seconds
[2024-04-18T19:07:51.813+0000] {processor.py:161} INFO - Started process (PID=34764) to work on /opt/airflow/dags/billboard_to_spotify_to_csvs_to_s3.py
[2024-04-18T19:07:51.815+0000] {processor.py:830} INFO - Processing file /opt/airflow/dags/billboard_to_spotify_to_csvs_to_s3.py for tasks to queue
[2024-04-18T19:07:51.817+0000] {logging_mixin.py:188} INFO - [2024-04-18T19:07:51.816+0000] {dagbag.py:540} INFO - Filling up the DagBag from /opt/airflow/dags/billboard_to_spotify_to_csvs_to_s3.py
[2024-04-18T19:07:52.653+0000] {logging_mixin.py:188} INFO - Authenticating User...
[2024-04-18T19:07:52.660+0000] {logging_mixin.py:188} INFO - csv_data/albums_table.csv 
[2024-04-18T19:07:52.661+0000] {logging_mixin.py:188} INFO - albums_table.csv
[2024-04-18T19:07:52.662+0000] {logging_mixin.py:188} INFO - csv_data/artists_table.csv 
[2024-04-18T19:07:52.663+0000] {logging_mixin.py:188} INFO - artists_table.csv
[2024-04-18T19:07:52.663+0000] {logging_mixin.py:188} INFO - csv_data/track_table.csv 
[2024-04-18T19:07:52.664+0000] {logging_mixin.py:188} INFO - track_table.csv
[2024-04-18T19:07:52.667+0000] {processor.py:840} INFO - DAG(s) 'billboard_to_spotify_to_s3_extractionV1' retrieved from /opt/airflow/dags/billboard_to_spotify_to_csvs_to_s3.py
[2024-04-18T19:07:52.701+0000] {logging_mixin.py:188} INFO - [2024-04-18T19:07:52.701+0000] {dag.py:3047} INFO - Sync 1 DAGs
[2024-04-18T19:07:52.732+0000] {logging_mixin.py:188} INFO - [2024-04-18T19:07:52.732+0000] {dag.py:3834} INFO - Setting next_dagrun for billboard_to_spotify_to_s3_extractionV1 to 2024-04-18 00:00:00+00:00, run_after=2024-04-19 00:00:00+00:00
[2024-04-18T19:07:52.762+0000] {processor.py:183} INFO - Processing /opt/airflow/dags/billboard_to_spotify_to_csvs_to_s3.py took 0.955 seconds
[2024-04-18T19:08:31.437+0000] {processor.py:161} INFO - Started process (PID=34776) to work on /opt/airflow/dags/billboard_to_spotify_to_csvs_to_s3.py
[2024-04-18T19:08:31.453+0000] {processor.py:830} INFO - Processing file /opt/airflow/dags/billboard_to_spotify_to_csvs_to_s3.py for tasks to queue
[2024-04-18T19:08:31.465+0000] {logging_mixin.py:188} INFO - [2024-04-18T19:08:31.462+0000] {dagbag.py:540} INFO - Filling up the DagBag from /opt/airflow/dags/billboard_to_spotify_to_csvs_to_s3.py
[2024-04-18T19:08:34.361+0000] {logging_mixin.py:188} INFO - Authenticating User...
[2024-04-18T19:08:34.418+0000] {logging_mixin.py:188} INFO - csv_data/albums_table.csv 
[2024-04-18T19:08:34.420+0000] {logging_mixin.py:188} INFO - albums_table.csv
[2024-04-18T19:08:34.421+0000] {logging_mixin.py:188} INFO - csv_data/artists_table.csv 
[2024-04-18T19:08:34.422+0000] {logging_mixin.py:188} INFO - artists_table.csv
[2024-04-18T19:08:34.424+0000] {logging_mixin.py:188} INFO - csv_data/track_table.csv 
[2024-04-18T19:08:34.425+0000] {logging_mixin.py:188} INFO - track_table.csv
[2024-04-18T19:08:34.434+0000] {processor.py:840} INFO - DAG(s) 'billboard_to_spotify_to_s3_extractionV1' retrieved from /opt/airflow/dags/billboard_to_spotify_to_csvs_to_s3.py
[2024-04-18T19:08:34.817+0000] {logging_mixin.py:188} INFO - [2024-04-18T19:08:34.816+0000] {dag.py:3047} INFO - Sync 1 DAGs
[2024-04-18T19:08:34.934+0000] {logging_mixin.py:188} INFO - [2024-04-18T19:08:34.933+0000] {dag.py:3834} INFO - Setting next_dagrun for billboard_to_spotify_to_s3_extractionV1 to 2024-04-18 00:00:00+00:00, run_after=2024-04-19 00:00:00+00:00
[2024-04-18T19:08:34.989+0000] {processor.py:183} INFO - Processing /opt/airflow/dags/billboard_to_spotify_to_csvs_to_s3.py took 3.909 seconds
[2024-04-18T19:59:00.474+0000] {processor.py:161} INFO - Started process (PID=34788) to work on /opt/airflow/dags/billboard_to_spotify_to_csvs_to_s3.py
[2024-04-18T19:59:00.481+0000] {processor.py:830} INFO - Processing file /opt/airflow/dags/billboard_to_spotify_to_csvs_to_s3.py for tasks to queue
[2024-04-18T19:59:00.486+0000] {logging_mixin.py:188} INFO - [2024-04-18T19:59:00.484+0000] {dagbag.py:540} INFO - Filling up the DagBag from /opt/airflow/dags/billboard_to_spotify_to_csvs_to_s3.py
[2024-04-18T19:59:01.508+0000] {logging_mixin.py:188} INFO - Authenticating User...
[2024-04-18T19:59:01.525+0000] {logging_mixin.py:188} INFO - csv_data/albums_table.csv 
[2024-04-18T19:59:01.526+0000] {logging_mixin.py:188} INFO - albums_table.csv
[2024-04-18T19:59:01.526+0000] {logging_mixin.py:188} INFO - csv_data/artists_table.csv 
[2024-04-18T19:59:01.527+0000] {logging_mixin.py:188} INFO - artists_table.csv
[2024-04-18T19:59:01.528+0000] {logging_mixin.py:188} INFO - csv_data/track_table.csv 
[2024-04-18T19:59:01.528+0000] {logging_mixin.py:188} INFO - track_table.csv
[2024-04-18T19:59:01.531+0000] {processor.py:840} INFO - DAG(s) 'billboard_to_spotify_to_s3_extractionV1' retrieved from /opt/airflow/dags/billboard_to_spotify_to_csvs_to_s3.py
[2024-04-18T19:59:01.576+0000] {logging_mixin.py:188} INFO - [2024-04-18T19:59:01.575+0000] {dag.py:3047} INFO - Sync 1 DAGs
[2024-04-18T19:59:01.617+0000] {logging_mixin.py:188} INFO - [2024-04-18T19:59:01.617+0000] {dag.py:3834} INFO - Setting next_dagrun for billboard_to_spotify_to_s3_extractionV1 to 2024-04-18 00:00:00+00:00, run_after=2024-04-19 00:00:00+00:00
[2024-04-18T19:59:01.652+0000] {processor.py:183} INFO - Processing /opt/airflow/dags/billboard_to_spotify_to_csvs_to_s3.py took 1.208 seconds
[2024-04-18T19:59:31.782+0000] {processor.py:161} INFO - Started process (PID=34800) to work on /opt/airflow/dags/billboard_to_spotify_to_csvs_to_s3.py
[2024-04-18T19:59:31.785+0000] {processor.py:830} INFO - Processing file /opt/airflow/dags/billboard_to_spotify_to_csvs_to_s3.py for tasks to queue
[2024-04-18T19:59:31.789+0000] {logging_mixin.py:188} INFO - [2024-04-18T19:59:31.788+0000] {dagbag.py:540} INFO - Filling up the DagBag from /opt/airflow/dags/billboard_to_spotify_to_csvs_to_s3.py
[2024-04-18T19:59:32.462+0000] {logging_mixin.py:188} INFO - Authenticating User...
[2024-04-18T19:59:32.471+0000] {logging_mixin.py:188} INFO - csv_data/albums_table.csv 
[2024-04-18T19:59:32.472+0000] {logging_mixin.py:188} INFO - albums_table.csv
[2024-04-18T19:59:32.472+0000] {logging_mixin.py:188} INFO - csv_data/artists_table.csv 
[2024-04-18T19:59:32.473+0000] {logging_mixin.py:188} INFO - artists_table.csv
[2024-04-18T19:59:32.474+0000] {logging_mixin.py:188} INFO - csv_data/track_table.csv 
[2024-04-18T19:59:32.474+0000] {logging_mixin.py:188} INFO - track_table.csv
[2024-04-18T19:59:32.477+0000] {processor.py:840} INFO - DAG(s) 'billboard_to_spotify_to_s3_extractionV1' retrieved from /opt/airflow/dags/billboard_to_spotify_to_csvs_to_s3.py
[2024-04-18T19:59:32.513+0000] {logging_mixin.py:188} INFO - [2024-04-18T19:59:32.512+0000] {dag.py:3047} INFO - Sync 1 DAGs
[2024-04-18T19:59:32.549+0000] {logging_mixin.py:188} INFO - [2024-04-18T19:59:32.549+0000] {dag.py:3834} INFO - Setting next_dagrun for billboard_to_spotify_to_s3_extractionV1 to 2024-04-18 00:00:00+00:00, run_after=2024-04-19 00:00:00+00:00
[2024-04-18T19:59:32.584+0000] {processor.py:183} INFO - Processing /opt/airflow/dags/billboard_to_spotify_to_csvs_to_s3.py took 0.808 seconds
[2024-04-18T20:08:26.206+0000] {processor.py:161} INFO - Started process (PID=34812) to work on /opt/airflow/dags/billboard_to_spotify_to_csvs_to_s3.py
[2024-04-18T20:08:26.271+0000] {processor.py:830} INFO - Processing file /opt/airflow/dags/billboard_to_spotify_to_csvs_to_s3.py for tasks to queue
[2024-04-18T20:08:26.294+0000] {logging_mixin.py:188} INFO - [2024-04-18T20:08:26.292+0000] {dagbag.py:540} INFO - Filling up the DagBag from /opt/airflow/dags/billboard_to_spotify_to_csvs_to_s3.py
[2024-04-18T20:08:28.486+0000] {logging_mixin.py:188} INFO - Authenticating User...
[2024-04-18T20:08:28.534+0000] {logging_mixin.py:188} INFO - csv_data/albums_table.csv 
[2024-04-18T20:08:28.555+0000] {logging_mixin.py:188} INFO - albums_table.csv
[2024-04-18T20:08:28.584+0000] {logging_mixin.py:188} INFO - csv_data/artists_table.csv 
[2024-04-18T20:08:28.608+0000] {logging_mixin.py:188} INFO - artists_table.csv
[2024-04-18T20:08:28.644+0000] {logging_mixin.py:188} INFO - csv_data/track_table.csv 
[2024-04-18T20:08:28.673+0000] {logging_mixin.py:188} INFO - track_table.csv
[2024-04-18T20:08:28.728+0000] {processor.py:840} INFO - DAG(s) 'billboard_to_spotify_to_s3_extractionV1' retrieved from /opt/airflow/dags/billboard_to_spotify_to_csvs_to_s3.py
[2024-04-18T20:08:29.002+0000] {logging_mixin.py:188} INFO - [2024-04-18T20:08:29.001+0000] {dag.py:3047} INFO - Sync 1 DAGs
[2024-04-18T20:08:29.191+0000] {logging_mixin.py:188} INFO - [2024-04-18T20:08:29.180+0000] {dag.py:3834} INFO - Setting next_dagrun for billboard_to_spotify_to_s3_extractionV1 to 2024-04-18 00:00:00+00:00, run_after=2024-04-19 00:00:00+00:00
[2024-04-18T20:08:29.277+0000] {processor.py:183} INFO - Processing /opt/airflow/dags/billboard_to_spotify_to_csvs_to_s3.py took 3.323 seconds
[2024-04-18T20:08:59.390+0000] {processor.py:161} INFO - Started process (PID=34824) to work on /opt/airflow/dags/billboard_to_spotify_to_csvs_to_s3.py
[2024-04-18T20:08:59.392+0000] {processor.py:830} INFO - Processing file /opt/airflow/dags/billboard_to_spotify_to_csvs_to_s3.py for tasks to queue
[2024-04-18T20:08:59.393+0000] {logging_mixin.py:188} INFO - [2024-04-18T20:08:59.393+0000] {dagbag.py:540} INFO - Filling up the DagBag from /opt/airflow/dags/billboard_to_spotify_to_csvs_to_s3.py
[2024-04-18T20:09:00.037+0000] {logging_mixin.py:188} INFO - Authenticating User...
[2024-04-18T20:09:00.046+0000] {logging_mixin.py:188} INFO - csv_data/albums_table.csv 
[2024-04-18T20:09:00.047+0000] {logging_mixin.py:188} INFO - albums_table.csv
[2024-04-18T20:09:00.048+0000] {logging_mixin.py:188} INFO - csv_data/artists_table.csv 
[2024-04-18T20:09:00.049+0000] {logging_mixin.py:188} INFO - artists_table.csv
[2024-04-18T20:09:00.049+0000] {logging_mixin.py:188} INFO - csv_data/track_table.csv 
[2024-04-18T20:09:00.050+0000] {logging_mixin.py:188} INFO - track_table.csv
[2024-04-18T20:09:00.054+0000] {processor.py:840} INFO - DAG(s) 'billboard_to_spotify_to_s3_extractionV1' retrieved from /opt/airflow/dags/billboard_to_spotify_to_csvs_to_s3.py
[2024-04-18T20:09:00.096+0000] {logging_mixin.py:188} INFO - [2024-04-18T20:09:00.095+0000] {dag.py:3047} INFO - Sync 1 DAGs
[2024-04-18T20:09:00.134+0000] {logging_mixin.py:188} INFO - [2024-04-18T20:09:00.134+0000] {dag.py:3834} INFO - Setting next_dagrun for billboard_to_spotify_to_s3_extractionV1 to 2024-04-18 00:00:00+00:00, run_after=2024-04-19 00:00:00+00:00
[2024-04-18T20:09:00.164+0000] {processor.py:183} INFO - Processing /opt/airflow/dags/billboard_to_spotify_to_csvs_to_s3.py took 0.779 seconds
[2024-04-18T20:09:40.375+0000] {processor.py:161} INFO - Started process (PID=34836) to work on /opt/airflow/dags/billboard_to_spotify_to_csvs_to_s3.py
[2024-04-18T20:09:40.428+0000] {processor.py:830} INFO - Processing file /opt/airflow/dags/billboard_to_spotify_to_csvs_to_s3.py for tasks to queue
[2024-04-18T20:09:40.459+0000] {logging_mixin.py:188} INFO - [2024-04-18T20:09:40.456+0000] {dagbag.py:540} INFO - Filling up the DagBag from /opt/airflow/dags/billboard_to_spotify_to_csvs_to_s3.py
[2024-04-18T20:09:42.918+0000] {logging_mixin.py:188} INFO - Authenticating User...
[2024-04-18T20:09:42.979+0000] {logging_mixin.py:188} INFO - csv_data/albums_table.csv 
[2024-04-18T20:09:42.981+0000] {logging_mixin.py:188} INFO - albums_table.csv
[2024-04-18T20:09:42.982+0000] {logging_mixin.py:188} INFO - csv_data/artists_table.csv 
[2024-04-18T20:09:42.983+0000] {logging_mixin.py:188} INFO - artists_table.csv
[2024-04-18T20:09:42.985+0000] {logging_mixin.py:188} INFO - csv_data/track_table.csv 
[2024-04-18T20:09:42.986+0000] {logging_mixin.py:188} INFO - track_table.csv
[2024-04-18T20:09:42.993+0000] {processor.py:840} INFO - DAG(s) 'billboard_to_spotify_to_s3_extractionV1' retrieved from /opt/airflow/dags/billboard_to_spotify_to_csvs_to_s3.py
[2024-04-18T20:09:43.121+0000] {logging_mixin.py:188} INFO - [2024-04-18T20:09:43.120+0000] {dag.py:3047} INFO - Sync 1 DAGs
[2024-04-18T20:09:43.238+0000] {logging_mixin.py:188} INFO - [2024-04-18T20:09:43.238+0000] {dag.py:3834} INFO - Setting next_dagrun for billboard_to_spotify_to_s3_extractionV1 to 2024-04-18 00:00:00+00:00, run_after=2024-04-19 00:00:00+00:00
[2024-04-18T20:09:43.309+0000] {processor.py:183} INFO - Processing /opt/airflow/dags/billboard_to_spotify_to_csvs_to_s3.py took 2.993 seconds
[2024-04-18T21:09:48.980+0000] {processor.py:161} INFO - Started process (PID=34842) to work on /opt/airflow/dags/billboard_to_spotify_to_csvs_to_s3.py
[2024-04-18T21:09:48.985+0000] {processor.py:830} INFO - Processing file /opt/airflow/dags/billboard_to_spotify_to_csvs_to_s3.py for tasks to queue
[2024-04-18T21:09:48.992+0000] {logging_mixin.py:188} INFO - [2024-04-18T21:09:48.991+0000] {dagbag.py:540} INFO - Filling up the DagBag from /opt/airflow/dags/billboard_to_spotify_to_csvs_to_s3.py
[2024-04-18T21:09:51.554+0000] {logging_mixin.py:188} INFO - Authenticating User...
[2024-04-18T21:09:51.586+0000] {logging_mixin.py:188} INFO - csv_data/albums_table.csv 
[2024-04-18T21:09:51.604+0000] {logging_mixin.py:188} INFO - albums_table.csv
[2024-04-18T21:09:51.623+0000] {logging_mixin.py:188} INFO - csv_data/artists_table.csv 
[2024-04-18T21:09:51.628+0000] {logging_mixin.py:188} INFO - artists_table.csv
[2024-04-18T21:09:51.630+0000] {logging_mixin.py:188} INFO - csv_data/track_table.csv 
[2024-04-18T21:09:51.633+0000] {logging_mixin.py:188} INFO - track_table.csv
[2024-04-18T21:09:51.638+0000] {processor.py:840} INFO - DAG(s) 'billboard_to_spotify_to_s3_extractionV1' retrieved from /opt/airflow/dags/billboard_to_spotify_to_csvs_to_s3.py
[2024-04-18T21:09:51.731+0000] {logging_mixin.py:188} INFO - [2024-04-18T21:09:51.730+0000] {dag.py:3047} INFO - Sync 1 DAGs
[2024-04-18T21:09:51.819+0000] {logging_mixin.py:188} INFO - [2024-04-18T21:09:51.819+0000] {dag.py:3834} INFO - Setting next_dagrun for billboard_to_spotify_to_s3_extractionV1 to 2024-04-18 00:00:00+00:00, run_after=2024-04-19 00:00:00+00:00
[2024-04-18T21:09:51.872+0000] {processor.py:183} INFO - Processing /opt/airflow/dags/billboard_to_spotify_to_csvs_to_s3.py took 2.902 seconds
[2024-04-18T21:10:22.192+0000] {processor.py:161} INFO - Started process (PID=34854) to work on /opt/airflow/dags/billboard_to_spotify_to_csvs_to_s3.py
[2024-04-18T21:10:22.194+0000] {processor.py:830} INFO - Processing file /opt/airflow/dags/billboard_to_spotify_to_csvs_to_s3.py for tasks to queue
[2024-04-18T21:10:22.196+0000] {logging_mixin.py:188} INFO - [2024-04-18T21:10:22.195+0000] {dagbag.py:540} INFO - Filling up the DagBag from /opt/airflow/dags/billboard_to_spotify_to_csvs_to_s3.py
[2024-04-18T21:10:22.810+0000] {logging_mixin.py:188} INFO - Authenticating User...
[2024-04-18T21:10:22.819+0000] {logging_mixin.py:188} INFO - csv_data/albums_table.csv 
[2024-04-18T21:10:22.820+0000] {logging_mixin.py:188} INFO - albums_table.csv
[2024-04-18T21:10:22.821+0000] {logging_mixin.py:188} INFO - csv_data/artists_table.csv 
[2024-04-18T21:10:22.821+0000] {logging_mixin.py:188} INFO - artists_table.csv
[2024-04-18T21:10:22.822+0000] {logging_mixin.py:188} INFO - csv_data/track_table.csv 
[2024-04-18T21:10:22.823+0000] {logging_mixin.py:188} INFO - track_table.csv
[2024-04-18T21:10:22.826+0000] {processor.py:840} INFO - DAG(s) 'billboard_to_spotify_to_s3_extractionV1' retrieved from /opt/airflow/dags/billboard_to_spotify_to_csvs_to_s3.py
[2024-04-18T21:10:22.863+0000] {logging_mixin.py:188} INFO - [2024-04-18T21:10:22.863+0000] {dag.py:3047} INFO - Sync 1 DAGs
[2024-04-18T21:10:22.898+0000] {logging_mixin.py:188} INFO - [2024-04-18T21:10:22.898+0000] {dag.py:3834} INFO - Setting next_dagrun for billboard_to_spotify_to_s3_extractionV1 to 2024-04-18 00:00:00+00:00, run_after=2024-04-19 00:00:00+00:00
[2024-04-18T21:10:22.929+0000] {processor.py:183} INFO - Processing /opt/airflow/dags/billboard_to_spotify_to_csvs_to_s3.py took 0.743 seconds
[2024-04-18T22:10:46.164+0000] {processor.py:161} INFO - Started process (PID=34866) to work on /opt/airflow/dags/billboard_to_spotify_to_csvs_to_s3.py
[2024-04-18T22:10:46.172+0000] {processor.py:830} INFO - Processing file /opt/airflow/dags/billboard_to_spotify_to_csvs_to_s3.py for tasks to queue
[2024-04-18T22:10:46.179+0000] {logging_mixin.py:188} INFO - [2024-04-18T22:10:46.176+0000] {dagbag.py:540} INFO - Filling up the DagBag from /opt/airflow/dags/billboard_to_spotify_to_csvs_to_s3.py
[2024-04-18T22:10:48.672+0000] {logging_mixin.py:188} INFO - Authenticating User...
[2024-04-18T22:10:48.727+0000] {logging_mixin.py:188} INFO - csv_data/albums_table.csv 
[2024-04-18T22:10:48.729+0000] {logging_mixin.py:188} INFO - albums_table.csv
[2024-04-18T22:10:48.732+0000] {logging_mixin.py:188} INFO - csv_data/artists_table.csv 
[2024-04-18T22:10:48.734+0000] {logging_mixin.py:188} INFO - artists_table.csv
[2024-04-18T22:10:48.737+0000] {logging_mixin.py:188} INFO - csv_data/track_table.csv 
[2024-04-18T22:10:48.740+0000] {logging_mixin.py:188} INFO - track_table.csv
[2024-04-18T22:10:48.749+0000] {processor.py:840} INFO - DAG(s) 'billboard_to_spotify_to_s3_extractionV1' retrieved from /opt/airflow/dags/billboard_to_spotify_to_csvs_to_s3.py
[2024-04-18T22:10:48.886+0000] {logging_mixin.py:188} INFO - [2024-04-18T22:10:48.884+0000] {dag.py:3047} INFO - Sync 1 DAGs
[2024-04-18T22:10:48.971+0000] {logging_mixin.py:188} INFO - [2024-04-18T22:10:48.971+0000] {dag.py:3834} INFO - Setting next_dagrun for billboard_to_spotify_to_s3_extractionV1 to 2024-04-18 00:00:00+00:00, run_after=2024-04-19 00:00:00+00:00
[2024-04-18T22:10:49.026+0000] {processor.py:183} INFO - Processing /opt/airflow/dags/billboard_to_spotify_to_csvs_to_s3.py took 2.899 seconds
[2024-04-18T22:11:19.419+0000] {processor.py:161} INFO - Started process (PID=34878) to work on /opt/airflow/dags/billboard_to_spotify_to_csvs_to_s3.py
[2024-04-18T22:11:19.421+0000] {processor.py:830} INFO - Processing file /opt/airflow/dags/billboard_to_spotify_to_csvs_to_s3.py for tasks to queue
[2024-04-18T22:11:19.423+0000] {logging_mixin.py:188} INFO - [2024-04-18T22:11:19.422+0000] {dagbag.py:540} INFO - Filling up the DagBag from /opt/airflow/dags/billboard_to_spotify_to_csvs_to_s3.py
[2024-04-18T22:11:20.158+0000] {logging_mixin.py:188} INFO - Authenticating User...
[2024-04-18T22:11:20.168+0000] {logging_mixin.py:188} INFO - csv_data/albums_table.csv 
[2024-04-18T22:11:20.168+0000] {logging_mixin.py:188} INFO - albums_table.csv
[2024-04-18T22:11:20.169+0000] {logging_mixin.py:188} INFO - csv_data/artists_table.csv 
[2024-04-18T22:11:20.170+0000] {logging_mixin.py:188} INFO - artists_table.csv
[2024-04-18T22:11:20.171+0000] {logging_mixin.py:188} INFO - csv_data/track_table.csv 
[2024-04-18T22:11:20.171+0000] {logging_mixin.py:188} INFO - track_table.csv
[2024-04-18T22:11:20.174+0000] {processor.py:840} INFO - DAG(s) 'billboard_to_spotify_to_s3_extractionV1' retrieved from /opt/airflow/dags/billboard_to_spotify_to_csvs_to_s3.py
[2024-04-18T22:11:20.213+0000] {logging_mixin.py:188} INFO - [2024-04-18T22:11:20.212+0000] {dag.py:3047} INFO - Sync 1 DAGs
[2024-04-18T22:11:20.248+0000] {logging_mixin.py:188} INFO - [2024-04-18T22:11:20.247+0000] {dag.py:3834} INFO - Setting next_dagrun for billboard_to_spotify_to_s3_extractionV1 to 2024-04-18 00:00:00+00:00, run_after=2024-04-19 00:00:00+00:00
[2024-04-18T22:11:20.278+0000] {processor.py:183} INFO - Processing /opt/airflow/dags/billboard_to_spotify_to_csvs_to_s3.py took 0.864 seconds
[2024-04-18T22:11:58.942+0000] {processor.py:161} INFO - Started process (PID=34891) to work on /opt/airflow/dags/billboard_to_spotify_to_csvs_to_s3.py
[2024-04-18T22:11:58.952+0000] {processor.py:830} INFO - Processing file /opt/airflow/dags/billboard_to_spotify_to_csvs_to_s3.py for tasks to queue
[2024-04-18T22:11:58.957+0000] {logging_mixin.py:188} INFO - [2024-04-18T22:11:58.955+0000] {dagbag.py:540} INFO - Filling up the DagBag from /opt/airflow/dags/billboard_to_spotify_to_csvs_to_s3.py
[2024-04-18T22:12:02.864+0000] {logging_mixin.py:188} INFO - Authenticating User...
[2024-04-18T22:12:02.903+0000] {logging_mixin.py:188} INFO - csv_data/albums_table.csv 
[2024-04-18T22:12:02.905+0000] {logging_mixin.py:188} INFO - albums_table.csv
[2024-04-18T22:12:02.907+0000] {logging_mixin.py:188} INFO - csv_data/artists_table.csv 
[2024-04-18T22:12:02.909+0000] {logging_mixin.py:188} INFO - artists_table.csv
[2024-04-18T22:12:02.910+0000] {logging_mixin.py:188} INFO - csv_data/track_table.csv 
[2024-04-18T22:12:02.911+0000] {logging_mixin.py:188} INFO - track_table.csv
[2024-04-18T22:12:02.917+0000] {processor.py:840} INFO - DAG(s) 'billboard_to_spotify_to_s3_extractionV1' retrieved from /opt/airflow/dags/billboard_to_spotify_to_csvs_to_s3.py
[2024-04-18T22:12:03.112+0000] {logging_mixin.py:188} INFO - [2024-04-18T22:12:03.110+0000] {dag.py:3047} INFO - Sync 1 DAGs
[2024-04-18T22:12:03.299+0000] {logging_mixin.py:188} INFO - [2024-04-18T22:12:03.298+0000] {dag.py:3834} INFO - Setting next_dagrun for billboard_to_spotify_to_s3_extractionV1 to 2024-04-18 00:00:00+00:00, run_after=2024-04-19 00:00:00+00:00
[2024-04-18T22:12:03.471+0000] {processor.py:183} INFO - Processing /opt/airflow/dags/billboard_to_spotify_to_csvs_to_s3.py took 4.559 seconds
[2024-04-18T23:12:08.347+0000] {processor.py:161} INFO - Started process (PID=34897) to work on /opt/airflow/dags/billboard_to_spotify_to_csvs_to_s3.py
[2024-04-18T23:12:08.352+0000] {processor.py:830} INFO - Processing file /opt/airflow/dags/billboard_to_spotify_to_csvs_to_s3.py for tasks to queue
[2024-04-18T23:12:08.358+0000] {logging_mixin.py:188} INFO - [2024-04-18T23:12:08.356+0000] {dagbag.py:540} INFO - Filling up the DagBag from /opt/airflow/dags/billboard_to_spotify_to_csvs_to_s3.py
[2024-04-18T23:12:09.357+0000] {logging_mixin.py:188} INFO - Authenticating User...
[2024-04-18T23:12:09.376+0000] {logging_mixin.py:188} INFO - csv_data/albums_table.csv 
[2024-04-18T23:12:09.377+0000] {logging_mixin.py:188} INFO - albums_table.csv
[2024-04-18T23:12:09.378+0000] {logging_mixin.py:188} INFO - csv_data/artists_table.csv 
[2024-04-18T23:12:09.379+0000] {logging_mixin.py:188} INFO - artists_table.csv
[2024-04-18T23:12:09.379+0000] {logging_mixin.py:188} INFO - csv_data/track_table.csv 
[2024-04-18T23:12:09.380+0000] {logging_mixin.py:188} INFO - track_table.csv
[2024-04-18T23:12:09.383+0000] {processor.py:840} INFO - DAG(s) 'billboard_to_spotify_to_s3_extractionV1' retrieved from /opt/airflow/dags/billboard_to_spotify_to_csvs_to_s3.py
[2024-04-18T23:12:09.428+0000] {logging_mixin.py:188} INFO - [2024-04-18T23:12:09.427+0000] {dag.py:3047} INFO - Sync 1 DAGs
[2024-04-18T23:12:09.464+0000] {logging_mixin.py:188} INFO - [2024-04-18T23:12:09.463+0000] {dag.py:3834} INFO - Setting next_dagrun for billboard_to_spotify_to_s3_extractionV1 to 2024-04-18 00:00:00+00:00, run_after=2024-04-19 00:00:00+00:00
[2024-04-18T23:12:09.494+0000] {processor.py:183} INFO - Processing /opt/airflow/dags/billboard_to_spotify_to_csvs_to_s3.py took 1.154 seconds
[2024-04-18T23:12:39.606+0000] {processor.py:161} INFO - Started process (PID=34909) to work on /opt/airflow/dags/billboard_to_spotify_to_csvs_to_s3.py
[2024-04-18T23:12:39.608+0000] {processor.py:830} INFO - Processing file /opt/airflow/dags/billboard_to_spotify_to_csvs_to_s3.py for tasks to queue
[2024-04-18T23:12:39.611+0000] {logging_mixin.py:188} INFO - [2024-04-18T23:12:39.610+0000] {dagbag.py:540} INFO - Filling up the DagBag from /opt/airflow/dags/billboard_to_spotify_to_csvs_to_s3.py
[2024-04-18T23:12:40.281+0000] {logging_mixin.py:188} INFO - Authenticating User...
[2024-04-18T23:12:40.290+0000] {logging_mixin.py:188} INFO - csv_data/albums_table.csv 
[2024-04-18T23:12:40.291+0000] {logging_mixin.py:188} INFO - albums_table.csv
[2024-04-18T23:12:40.292+0000] {logging_mixin.py:188} INFO - csv_data/artists_table.csv 
[2024-04-18T23:12:40.293+0000] {logging_mixin.py:188} INFO - artists_table.csv
[2024-04-18T23:12:40.294+0000] {logging_mixin.py:188} INFO - csv_data/track_table.csv 
[2024-04-18T23:12:40.295+0000] {logging_mixin.py:188} INFO - track_table.csv
[2024-04-18T23:12:40.299+0000] {processor.py:840} INFO - DAG(s) 'billboard_to_spotify_to_s3_extractionV1' retrieved from /opt/airflow/dags/billboard_to_spotify_to_csvs_to_s3.py
[2024-04-18T23:12:40.341+0000] {logging_mixin.py:188} INFO - [2024-04-18T23:12:40.340+0000] {dag.py:3047} INFO - Sync 1 DAGs
[2024-04-18T23:12:40.378+0000] {logging_mixin.py:188} INFO - [2024-04-18T23:12:40.378+0000] {dag.py:3834} INFO - Setting next_dagrun for billboard_to_spotify_to_s3_extractionV1 to 2024-04-18 00:00:00+00:00, run_after=2024-04-19 00:00:00+00:00
[2024-04-18T23:12:40.412+0000] {processor.py:183} INFO - Processing /opt/airflow/dags/billboard_to_spotify_to_csvs_to_s3.py took 0.813 seconds
