[2024-04-18T00:01:17.212+0000] {processor.py:161} INFO - Started process (PID=34306) to work on /opt/airflow/dags/spotify_to_csvs_to_s3.py
[2024-04-18T00:01:17.237+0000] {processor.py:830} INFO - Processing file /opt/airflow/dags/spotify_to_csvs_to_s3.py for tasks to queue
[2024-04-18T00:01:17.241+0000] {logging_mixin.py:188} INFO - [2024-04-18T00:01:17.240+0000] {dagbag.py:540} INFO - Filling up the DagBag from /opt/airflow/dags/spotify_to_csvs_to_s3.py
[2024-04-18T00:01:18.762+0000] {logging_mixin.py:188} INFO - Authenticating User...
[2024-04-18T00:01:18.778+0000] {logging_mixin.py:188} INFO - csv_data/albums_table.csv 
[2024-04-18T00:01:18.780+0000] {logging_mixin.py:188} INFO - albums_table.csv
[2024-04-18T00:01:18.781+0000] {logging_mixin.py:188} INFO - csv_data/artists_table.csv 
[2024-04-18T00:01:18.782+0000] {logging_mixin.py:188} INFO - artists_table.csv
[2024-04-18T00:01:18.783+0000] {logging_mixin.py:188} INFO - csv_data/track_table.csv 
[2024-04-18T00:01:18.784+0000] {logging_mixin.py:188} INFO - track_table.csv
[2024-04-18T00:01:18.790+0000] {processor.py:840} INFO - DAG(s) 'spotify_to_s3_extraction' retrieved from /opt/airflow/dags/spotify_to_csvs_to_s3.py
[2024-04-18T00:01:18.851+0000] {logging_mixin.py:188} INFO - [2024-04-18T00:01:18.850+0000] {dag.py:3047} INFO - Sync 1 DAGs
[2024-04-18T00:01:18.911+0000] {logging_mixin.py:188} INFO - [2024-04-18T00:01:18.910+0000] {dag.py:3834} INFO - Setting next_dagrun for spotify_to_s3_extraction to 2024-04-17 00:00:00+00:00, run_after=2024-04-18 00:00:00+00:00
[2024-04-18T00:01:18.966+0000] {processor.py:183} INFO - Processing /opt/airflow/dags/spotify_to_csvs_to_s3.py took 1.765 seconds
[2024-04-18T00:01:49.394+0000] {processor.py:161} INFO - Started process (PID=34317) to work on /opt/airflow/dags/spotify_to_csvs_to_s3.py
[2024-04-18T00:01:49.396+0000] {processor.py:830} INFO - Processing file /opt/airflow/dags/spotify_to_csvs_to_s3.py for tasks to queue
[2024-04-18T00:01:49.398+0000] {logging_mixin.py:188} INFO - [2024-04-18T00:01:49.398+0000] {dagbag.py:540} INFO - Filling up the DagBag from /opt/airflow/dags/spotify_to_csvs_to_s3.py
[2024-04-18T00:01:49.983+0000] {logging_mixin.py:188} INFO - Authenticating User...
[2024-04-18T00:01:49.991+0000] {logging_mixin.py:188} INFO - csv_data/albums_table.csv 
[2024-04-18T00:01:49.992+0000] {logging_mixin.py:188} INFO - albums_table.csv
[2024-04-18T00:01:49.992+0000] {logging_mixin.py:188} INFO - csv_data/artists_table.csv 
[2024-04-18T00:01:49.993+0000] {logging_mixin.py:188} INFO - artists_table.csv
[2024-04-18T00:01:49.994+0000] {logging_mixin.py:188} INFO - csv_data/track_table.csv 
[2024-04-18T00:01:49.994+0000] {logging_mixin.py:188} INFO - track_table.csv
[2024-04-18T00:01:49.997+0000] {processor.py:840} INFO - DAG(s) 'spotify_to_s3_extraction' retrieved from /opt/airflow/dags/spotify_to_csvs_to_s3.py
[2024-04-18T00:01:50.194+0000] {logging_mixin.py:188} INFO - [2024-04-18T00:01:50.194+0000] {dag.py:3047} INFO - Sync 1 DAGs
[2024-04-18T00:01:50.222+0000] {logging_mixin.py:188} INFO - [2024-04-18T00:01:50.222+0000] {dag.py:3834} INFO - Setting next_dagrun for spotify_to_s3_extraction to 2024-04-17 00:00:00+00:00, run_after=2024-04-18 00:00:00+00:00
[2024-04-18T00:01:50.247+0000] {processor.py:183} INFO - Processing /opt/airflow/dags/spotify_to_csvs_to_s3.py took 0.858 seconds
[2024-04-18T01:02:26.394+0000] {processor.py:161} INFO - Started process (PID=34329) to work on /opt/airflow/dags/spotify_to_csvs_to_s3.py
[2024-04-18T01:02:26.397+0000] {processor.py:830} INFO - Processing file /opt/airflow/dags/spotify_to_csvs_to_s3.py for tasks to queue
[2024-04-18T01:02:26.400+0000] {logging_mixin.py:188} INFO - [2024-04-18T01:02:26.399+0000] {dagbag.py:540} INFO - Filling up the DagBag from /opt/airflow/dags/spotify_to_csvs_to_s3.py
[2024-04-18T01:02:27.277+0000] {logging_mixin.py:188} INFO - Authenticating User...
[2024-04-18T01:02:27.283+0000] {logging_mixin.py:188} INFO - csv_data/albums_table.csv 
[2024-04-18T01:02:27.283+0000] {logging_mixin.py:188} INFO - albums_table.csv
[2024-04-18T01:02:27.284+0000] {logging_mixin.py:188} INFO - csv_data/artists_table.csv 
[2024-04-18T01:02:27.285+0000] {logging_mixin.py:188} INFO - artists_table.csv
[2024-04-18T01:02:27.285+0000] {logging_mixin.py:188} INFO - csv_data/track_table.csv 
[2024-04-18T01:02:27.286+0000] {logging_mixin.py:188} INFO - track_table.csv
[2024-04-18T01:02:27.288+0000] {processor.py:840} INFO - DAG(s) 'spotify_to_s3_extraction' retrieved from /opt/airflow/dags/spotify_to_csvs_to_s3.py
[2024-04-18T01:02:27.321+0000] {logging_mixin.py:188} INFO - [2024-04-18T01:02:27.320+0000] {dag.py:3047} INFO - Sync 1 DAGs
[2024-04-18T01:02:27.351+0000] {logging_mixin.py:188} INFO - [2024-04-18T01:02:27.350+0000] {dag.py:3834} INFO - Setting next_dagrun for spotify_to_s3_extraction to 2024-04-17 00:00:00+00:00, run_after=2024-04-18 00:00:00+00:00
[2024-04-18T01:02:27.377+0000] {processor.py:183} INFO - Processing /opt/airflow/dags/spotify_to_csvs_to_s3.py took 0.993 seconds
[2024-04-18T01:02:57.586+0000] {processor.py:161} INFO - Started process (PID=34341) to work on /opt/airflow/dags/spotify_to_csvs_to_s3.py
[2024-04-18T01:02:57.588+0000] {processor.py:830} INFO - Processing file /opt/airflow/dags/spotify_to_csvs_to_s3.py for tasks to queue
[2024-04-18T01:02:57.589+0000] {logging_mixin.py:188} INFO - [2024-04-18T01:02:57.589+0000] {dagbag.py:540} INFO - Filling up the DagBag from /opt/airflow/dags/spotify_to_csvs_to_s3.py
[2024-04-18T01:02:58.425+0000] {logging_mixin.py:188} INFO - Authenticating User...
[2024-04-18T01:02:58.432+0000] {logging_mixin.py:188} INFO - csv_data/albums_table.csv 
[2024-04-18T01:02:58.433+0000] {logging_mixin.py:188} INFO - albums_table.csv
[2024-04-18T01:02:58.433+0000] {logging_mixin.py:188} INFO - csv_data/artists_table.csv 
[2024-04-18T01:02:58.434+0000] {logging_mixin.py:188} INFO - artists_table.csv
[2024-04-18T01:02:58.435+0000] {logging_mixin.py:188} INFO - csv_data/track_table.csv 
[2024-04-18T01:02:58.435+0000] {logging_mixin.py:188} INFO - track_table.csv
[2024-04-18T01:02:58.438+0000] {processor.py:840} INFO - DAG(s) 'spotify_to_s3_extraction' retrieved from /opt/airflow/dags/spotify_to_csvs_to_s3.py
[2024-04-18T01:02:58.470+0000] {logging_mixin.py:188} INFO - [2024-04-18T01:02:58.469+0000] {dag.py:3047} INFO - Sync 1 DAGs
[2024-04-18T01:02:58.503+0000] {logging_mixin.py:188} INFO - [2024-04-18T01:02:58.503+0000] {dag.py:3834} INFO - Setting next_dagrun for spotify_to_s3_extraction to 2024-04-17 00:00:00+00:00, run_after=2024-04-18 00:00:00+00:00
[2024-04-18T01:02:58.528+0000] {processor.py:183} INFO - Processing /opt/airflow/dags/spotify_to_csvs_to_s3.py took 0.949 seconds
[2024-04-18T03:32:37.137+0000] {processor.py:161} INFO - Started process (PID=34355) to work on /opt/airflow/dags/spotify_to_csvs_to_s3.py
[2024-04-18T03:32:37.140+0000] {processor.py:830} INFO - Processing file /opt/airflow/dags/spotify_to_csvs_to_s3.py for tasks to queue
[2024-04-18T03:32:37.144+0000] {logging_mixin.py:188} INFO - [2024-04-18T03:32:37.143+0000] {dagbag.py:540} INFO - Filling up the DagBag from /opt/airflow/dags/spotify_to_csvs_to_s3.py
[2024-04-18T03:32:39.088+0000] {logging_mixin.py:188} INFO - Authenticating User...
[2024-04-18T03:32:39.099+0000] {logging_mixin.py:188} INFO - csv_data/albums_table.csv 
[2024-04-18T03:32:39.100+0000] {logging_mixin.py:188} INFO - albums_table.csv
[2024-04-18T03:32:39.102+0000] {logging_mixin.py:188} INFO - csv_data/artists_table.csv 
[2024-04-18T03:32:39.103+0000] {logging_mixin.py:188} INFO - artists_table.csv
[2024-04-18T03:32:39.104+0000] {logging_mixin.py:188} INFO - csv_data/track_table.csv 
[2024-04-18T03:32:39.106+0000] {logging_mixin.py:188} INFO - track_table.csv
[2024-04-18T03:32:39.111+0000] {processor.py:840} INFO - DAG(s) 'spotify_to_s3_extraction' retrieved from /opt/airflow/dags/spotify_to_csvs_to_s3.py
[2024-04-18T03:32:39.158+0000] {logging_mixin.py:188} INFO - [2024-04-18T03:32:39.157+0000] {dag.py:3047} INFO - Sync 1 DAGs
[2024-04-18T03:32:39.211+0000] {logging_mixin.py:188} INFO - [2024-04-18T03:32:39.210+0000] {dag.py:3834} INFO - Setting next_dagrun for spotify_to_s3_extraction to 2024-04-17 00:00:00+00:00, run_after=2024-04-18 00:00:00+00:00
[2024-04-18T03:32:39.252+0000] {processor.py:183} INFO - Processing /opt/airflow/dags/spotify_to_csvs_to_s3.py took 2.126 seconds
[2024-04-18T03:33:09.662+0000] {processor.py:161} INFO - Started process (PID=34367) to work on /opt/airflow/dags/spotify_to_csvs_to_s3.py
[2024-04-18T03:33:09.664+0000] {processor.py:830} INFO - Processing file /opt/airflow/dags/spotify_to_csvs_to_s3.py for tasks to queue
[2024-04-18T03:33:09.668+0000] {logging_mixin.py:188} INFO - [2024-04-18T03:33:09.667+0000] {dagbag.py:540} INFO - Filling up the DagBag from /opt/airflow/dags/spotify_to_csvs_to_s3.py
[2024-04-18T03:33:10.489+0000] {logging_mixin.py:188} INFO - Authenticating User...
[2024-04-18T03:33:10.496+0000] {logging_mixin.py:188} INFO - csv_data/albums_table.csv 
[2024-04-18T03:33:10.497+0000] {logging_mixin.py:188} INFO - albums_table.csv
[2024-04-18T03:33:10.498+0000] {logging_mixin.py:188} INFO - csv_data/artists_table.csv 
[2024-04-18T03:33:10.499+0000] {logging_mixin.py:188} INFO - artists_table.csv
[2024-04-18T03:33:10.500+0000] {logging_mixin.py:188} INFO - csv_data/track_table.csv 
[2024-04-18T03:33:10.501+0000] {logging_mixin.py:188} INFO - track_table.csv
[2024-04-18T03:33:10.503+0000] {processor.py:840} INFO - DAG(s) 'spotify_to_s3_extraction' retrieved from /opt/airflow/dags/spotify_to_csvs_to_s3.py
[2024-04-18T03:33:10.537+0000] {logging_mixin.py:188} INFO - [2024-04-18T03:33:10.537+0000] {dag.py:3047} INFO - Sync 1 DAGs
[2024-04-18T03:33:10.620+0000] {logging_mixin.py:188} INFO - [2024-04-18T03:33:10.619+0000] {dag.py:3834} INFO - Setting next_dagrun for spotify_to_s3_extraction to 2024-04-17 00:00:00+00:00, run_after=2024-04-18 00:00:00+00:00
[2024-04-18T03:33:10.707+0000] {processor.py:183} INFO - Processing /opt/airflow/dags/spotify_to_csvs_to_s3.py took 1.052 seconds
[2024-04-18T04:52:22.796+0000] {processor.py:161} INFO - Started process (PID=34379) to work on /opt/airflow/dags/spotify_to_csvs_to_s3.py
[2024-04-18T04:52:22.801+0000] {processor.py:830} INFO - Processing file /opt/airflow/dags/spotify_to_csvs_to_s3.py for tasks to queue
[2024-04-18T04:52:22.806+0000] {logging_mixin.py:188} INFO - [2024-04-18T04:52:22.805+0000] {dagbag.py:540} INFO - Filling up the DagBag from /opt/airflow/dags/spotify_to_csvs_to_s3.py
[2024-04-18T04:52:24.871+0000] {logging_mixin.py:188} INFO - Authenticating User...
[2024-04-18T04:52:24.888+0000] {logging_mixin.py:188} INFO - csv_data/albums_table.csv 
[2024-04-18T04:52:24.891+0000] {logging_mixin.py:188} INFO - albums_table.csv
[2024-04-18T04:52:24.894+0000] {logging_mixin.py:188} INFO - csv_data/artists_table.csv 
[2024-04-18T04:52:24.897+0000] {logging_mixin.py:188} INFO - artists_table.csv
[2024-04-18T04:52:24.899+0000] {logging_mixin.py:188} INFO - csv_data/track_table.csv 
[2024-04-18T04:52:24.901+0000] {logging_mixin.py:188} INFO - track_table.csv
[2024-04-18T04:52:24.906+0000] {processor.py:840} INFO - DAG(s) 'spotify_to_s3_extraction' retrieved from /opt/airflow/dags/spotify_to_csvs_to_s3.py
[2024-04-18T04:52:24.971+0000] {logging_mixin.py:188} INFO - [2024-04-18T04:52:24.970+0000] {dag.py:3047} INFO - Sync 1 DAGs
[2024-04-18T04:52:25.036+0000] {logging_mixin.py:188} INFO - [2024-04-18T04:52:25.036+0000] {dag.py:3834} INFO - Setting next_dagrun for spotify_to_s3_extraction to 2024-04-17 00:00:00+00:00, run_after=2024-04-18 00:00:00+00:00
[2024-04-18T04:52:25.078+0000] {processor.py:183} INFO - Processing /opt/airflow/dags/spotify_to_csvs_to_s3.py took 2.293 seconds
[2024-04-18T04:52:55.937+0000] {processor.py:161} INFO - Started process (PID=34391) to work on /opt/airflow/dags/spotify_to_csvs_to_s3.py
[2024-04-18T04:52:55.939+0000] {processor.py:830} INFO - Processing file /opt/airflow/dags/spotify_to_csvs_to_s3.py for tasks to queue
[2024-04-18T04:52:55.941+0000] {logging_mixin.py:188} INFO - [2024-04-18T04:52:55.940+0000] {dagbag.py:540} INFO - Filling up the DagBag from /opt/airflow/dags/spotify_to_csvs_to_s3.py
[2024-04-18T04:52:56.707+0000] {logging_mixin.py:188} INFO - Authenticating User...
[2024-04-18T04:52:56.713+0000] {logging_mixin.py:188} INFO - csv_data/albums_table.csv 
[2024-04-18T04:52:56.714+0000] {logging_mixin.py:188} INFO - albums_table.csv
[2024-04-18T04:52:56.714+0000] {logging_mixin.py:188} INFO - csv_data/artists_table.csv 
[2024-04-18T04:52:56.715+0000] {logging_mixin.py:188} INFO - artists_table.csv
[2024-04-18T04:52:56.716+0000] {logging_mixin.py:188} INFO - csv_data/track_table.csv 
[2024-04-18T04:52:56.716+0000] {logging_mixin.py:188} INFO - track_table.csv
[2024-04-18T04:52:56.719+0000] {processor.py:840} INFO - DAG(s) 'spotify_to_s3_extraction' retrieved from /opt/airflow/dags/spotify_to_csvs_to_s3.py
[2024-04-18T04:52:56.750+0000] {logging_mixin.py:188} INFO - [2024-04-18T04:52:56.750+0000] {dag.py:3047} INFO - Sync 1 DAGs
[2024-04-18T04:52:56.792+0000] {logging_mixin.py:188} INFO - [2024-04-18T04:52:56.791+0000] {dag.py:3834} INFO - Setting next_dagrun for spotify_to_s3_extraction to 2024-04-17 00:00:00+00:00, run_after=2024-04-18 00:00:00+00:00
[2024-04-18T04:52:56.828+0000] {processor.py:183} INFO - Processing /opt/airflow/dags/spotify_to_csvs_to_s3.py took 0.897 seconds
[2024-04-18T04:53:35.806+0000] {processor.py:161} INFO - Started process (PID=34404) to work on /opt/airflow/dags/spotify_to_csvs_to_s3.py
[2024-04-18T04:53:35.809+0000] {processor.py:830} INFO - Processing file /opt/airflow/dags/spotify_to_csvs_to_s3.py for tasks to queue
[2024-04-18T04:53:35.812+0000] {logging_mixin.py:188} INFO - [2024-04-18T04:53:35.811+0000] {dagbag.py:540} INFO - Filling up the DagBag from /opt/airflow/dags/spotify_to_csvs_to_s3.py
[2024-04-18T04:53:37.047+0000] {logging_mixin.py:188} INFO - Authenticating User...
[2024-04-18T04:53:37.060+0000] {logging_mixin.py:188} INFO - csv_data/albums_table.csv 
[2024-04-18T04:53:37.061+0000] {logging_mixin.py:188} INFO - albums_table.csv
[2024-04-18T04:53:37.062+0000] {logging_mixin.py:188} INFO - csv_data/artists_table.csv 
[2024-04-18T04:53:37.063+0000] {logging_mixin.py:188} INFO - artists_table.csv
[2024-04-18T04:53:37.064+0000] {logging_mixin.py:188} INFO - csv_data/track_table.csv 
[2024-04-18T04:53:37.065+0000] {logging_mixin.py:188} INFO - track_table.csv
[2024-04-18T04:53:37.068+0000] {processor.py:840} INFO - DAG(s) 'spotify_to_s3_extraction' retrieved from /opt/airflow/dags/spotify_to_csvs_to_s3.py
[2024-04-18T04:53:37.107+0000] {logging_mixin.py:188} INFO - [2024-04-18T04:53:37.106+0000] {dag.py:3047} INFO - Sync 1 DAGs
[2024-04-18T04:53:37.156+0000] {logging_mixin.py:188} INFO - [2024-04-18T04:53:37.156+0000] {dag.py:3834} INFO - Setting next_dagrun for spotify_to_s3_extraction to 2024-04-17 00:00:00+00:00, run_after=2024-04-18 00:00:00+00:00
[2024-04-18T04:53:37.224+0000] {processor.py:183} INFO - Processing /opt/airflow/dags/spotify_to_csvs_to_s3.py took 1.426 seconds
[2024-04-18T06:53:38.989+0000] {processor.py:161} INFO - Started process (PID=34410) to work on /opt/airflow/dags/spotify_to_csvs_to_s3.py
[2024-04-18T06:53:38.991+0000] {processor.py:830} INFO - Processing file /opt/airflow/dags/spotify_to_csvs_to_s3.py for tasks to queue
[2024-04-18T06:53:38.995+0000] {logging_mixin.py:188} INFO - [2024-04-18T06:53:38.994+0000] {dagbag.py:540} INFO - Filling up the DagBag from /opt/airflow/dags/spotify_to_csvs_to_s3.py
[2024-04-18T06:53:39.894+0000] {logging_mixin.py:188} INFO - Authenticating User...
[2024-04-18T06:53:39.902+0000] {logging_mixin.py:188} INFO - csv_data/albums_table.csv 
[2024-04-18T06:53:39.903+0000] {logging_mixin.py:188} INFO - albums_table.csv
[2024-04-18T06:53:39.904+0000] {logging_mixin.py:188} INFO - csv_data/artists_table.csv 
[2024-04-18T06:53:39.905+0000] {logging_mixin.py:188} INFO - artists_table.csv
[2024-04-18T06:53:39.906+0000] {logging_mixin.py:188} INFO - csv_data/track_table.csv 
[2024-04-18T06:53:39.906+0000] {logging_mixin.py:188} INFO - track_table.csv
[2024-04-18T06:53:39.910+0000] {processor.py:840} INFO - DAG(s) 'spotify_to_s3_extraction' retrieved from /opt/airflow/dags/spotify_to_csvs_to_s3.py
[2024-04-18T06:53:39.945+0000] {logging_mixin.py:188} INFO - [2024-04-18T06:53:39.944+0000] {dag.py:3047} INFO - Sync 1 DAGs
[2024-04-18T06:53:39.984+0000] {logging_mixin.py:188} INFO - [2024-04-18T06:53:39.983+0000] {dag.py:3834} INFO - Setting next_dagrun for spotify_to_s3_extraction to 2024-04-17 00:00:00+00:00, run_after=2024-04-18 00:00:00+00:00
[2024-04-18T06:53:40.013+0000] {processor.py:183} INFO - Processing /opt/airflow/dags/spotify_to_csvs_to_s3.py took 1.031 seconds
[2024-04-18T06:54:25.822+0000] {processor.py:161} INFO - Started process (PID=34428) to work on /opt/airflow/dags/spotify_to_csvs_to_s3.py
[2024-04-18T06:54:25.826+0000] {processor.py:830} INFO - Processing file /opt/airflow/dags/spotify_to_csvs_to_s3.py for tasks to queue
[2024-04-18T06:54:25.829+0000] {logging_mixin.py:188} INFO - [2024-04-18T06:54:25.828+0000] {dagbag.py:540} INFO - Filling up the DagBag from /opt/airflow/dags/spotify_to_csvs_to_s3.py
[2024-04-18T06:54:26.850+0000] {logging_mixin.py:188} INFO - Authenticating User...
[2024-04-18T06:54:26.860+0000] {logging_mixin.py:188} INFO - csv_data/albums_table.csv 
[2024-04-18T06:54:26.862+0000] {logging_mixin.py:188} INFO - albums_table.csv
[2024-04-18T06:54:26.863+0000] {logging_mixin.py:188} INFO - csv_data/artists_table.csv 
[2024-04-18T06:54:26.865+0000] {logging_mixin.py:188} INFO - artists_table.csv
[2024-04-18T06:54:26.866+0000] {logging_mixin.py:188} INFO - csv_data/track_table.csv 
[2024-04-18T06:54:26.867+0000] {logging_mixin.py:188} INFO - track_table.csv
[2024-04-18T06:54:26.880+0000] {processor.py:840} INFO - DAG(s) 'spotify_to_s3_extraction' retrieved from /opt/airflow/dags/spotify_to_csvs_to_s3.py
[2024-04-18T06:54:26.968+0000] {logging_mixin.py:188} INFO - [2024-04-18T06:54:26.967+0000] {dag.py:3047} INFO - Sync 1 DAGs
[2024-04-18T06:54:27.005+0000] {logging_mixin.py:188} INFO - [2024-04-18T06:54:27.005+0000] {dag.py:3834} INFO - Setting next_dagrun for spotify_to_s3_extraction to 2024-04-17 00:00:00+00:00, run_after=2024-04-18 00:00:00+00:00
[2024-04-18T06:54:27.087+0000] {processor.py:183} INFO - Processing /opt/airflow/dags/spotify_to_csvs_to_s3.py took 1.282 seconds
[2024-04-18T07:54:48.678+0000] {processor.py:161} INFO - Started process (PID=34434) to work on /opt/airflow/dags/spotify_to_csvs_to_s3.py
[2024-04-18T07:54:48.681+0000] {processor.py:830} INFO - Processing file /opt/airflow/dags/spotify_to_csvs_to_s3.py for tasks to queue
[2024-04-18T07:54:48.684+0000] {logging_mixin.py:188} INFO - [2024-04-18T07:54:48.683+0000] {dagbag.py:540} INFO - Filling up the DagBag from /opt/airflow/dags/spotify_to_csvs_to_s3.py
[2024-04-18T07:54:49.554+0000] {logging_mixin.py:188} INFO - Authenticating User...
[2024-04-18T07:54:49.561+0000] {logging_mixin.py:188} INFO - csv_data/albums_table.csv 
[2024-04-18T07:54:49.563+0000] {logging_mixin.py:188} INFO - albums_table.csv
[2024-04-18T07:54:49.563+0000] {logging_mixin.py:188} INFO - csv_data/artists_table.csv 
[2024-04-18T07:54:49.564+0000] {logging_mixin.py:188} INFO - artists_table.csv
[2024-04-18T07:54:49.565+0000] {logging_mixin.py:188} INFO - csv_data/track_table.csv 
[2024-04-18T07:54:49.566+0000] {logging_mixin.py:188} INFO - track_table.csv
[2024-04-18T07:54:49.569+0000] {processor.py:840} INFO - DAG(s) 'spotify_to_s3_extraction' retrieved from /opt/airflow/dags/spotify_to_csvs_to_s3.py
[2024-04-18T07:54:49.609+0000] {logging_mixin.py:188} INFO - [2024-04-18T07:54:49.609+0000] {dag.py:3047} INFO - Sync 1 DAGs
[2024-04-18T07:54:49.648+0000] {logging_mixin.py:188} INFO - [2024-04-18T07:54:49.648+0000] {dag.py:3834} INFO - Setting next_dagrun for spotify_to_s3_extraction to 2024-04-17 00:00:00+00:00, run_after=2024-04-18 00:00:00+00:00
[2024-04-18T07:54:49.679+0000] {processor.py:183} INFO - Processing /opt/airflow/dags/spotify_to_csvs_to_s3.py took 1.009 seconds
[2024-04-18T07:55:34.361+0000] {processor.py:161} INFO - Started process (PID=34446) to work on /opt/airflow/dags/spotify_to_csvs_to_s3.py
[2024-04-18T07:55:34.367+0000] {processor.py:830} INFO - Processing file /opt/airflow/dags/spotify_to_csvs_to_s3.py for tasks to queue
[2024-04-18T07:55:34.372+0000] {logging_mixin.py:188} INFO - [2024-04-18T07:55:34.372+0000] {dagbag.py:540} INFO - Filling up the DagBag from /opt/airflow/dags/spotify_to_csvs_to_s3.py
[2024-04-18T07:55:38.165+0000] {logging_mixin.py:188} INFO - Authenticating User...
[2024-04-18T07:55:38.183+0000] {logging_mixin.py:188} INFO - csv_data/albums_table.csv 
[2024-04-18T07:55:38.185+0000] {logging_mixin.py:188} INFO - albums_table.csv
[2024-04-18T07:55:38.188+0000] {logging_mixin.py:188} INFO - csv_data/artists_table.csv 
[2024-04-18T07:55:38.193+0000] {logging_mixin.py:188} INFO - artists_table.csv
[2024-04-18T07:55:38.197+0000] {logging_mixin.py:188} INFO - csv_data/track_table.csv 
[2024-04-18T07:55:38.200+0000] {logging_mixin.py:188} INFO - track_table.csv
[2024-04-18T07:55:38.205+0000] {processor.py:840} INFO - DAG(s) 'spotify_to_s3_extraction' retrieved from /opt/airflow/dags/spotify_to_csvs_to_s3.py
[2024-04-18T07:55:38.277+0000] {logging_mixin.py:188} INFO - [2024-04-18T07:55:38.276+0000] {dag.py:3047} INFO - Sync 1 DAGs
[2024-04-18T07:55:38.341+0000] {logging_mixin.py:188} INFO - [2024-04-18T07:55:38.340+0000] {dag.py:3834} INFO - Setting next_dagrun for spotify_to_s3_extraction to 2024-04-17 00:00:00+00:00, run_after=2024-04-18 00:00:00+00:00
[2024-04-18T07:55:38.387+0000] {processor.py:183} INFO - Processing /opt/airflow/dags/spotify_to_csvs_to_s3.py took 4.036 seconds
[2024-04-18T08:55:58.744+0000] {processor.py:161} INFO - Started process (PID=34458) to work on /opt/airflow/dags/spotify_to_csvs_to_s3.py
[2024-04-18T08:55:58.746+0000] {processor.py:830} INFO - Processing file /opt/airflow/dags/spotify_to_csvs_to_s3.py for tasks to queue
[2024-04-18T08:55:58.749+0000] {logging_mixin.py:188} INFO - [2024-04-18T08:55:58.748+0000] {dagbag.py:540} INFO - Filling up the DagBag from /opt/airflow/dags/spotify_to_csvs_to_s3.py
[2024-04-18T08:55:59.656+0000] {logging_mixin.py:188} INFO - Authenticating User...
[2024-04-18T08:55:59.662+0000] {logging_mixin.py:188} INFO - csv_data/albums_table.csv 
[2024-04-18T08:55:59.663+0000] {logging_mixin.py:188} INFO - albums_table.csv
[2024-04-18T08:55:59.664+0000] {logging_mixin.py:188} INFO - csv_data/artists_table.csv 
[2024-04-18T08:55:59.664+0000] {logging_mixin.py:188} INFO - artists_table.csv
[2024-04-18T08:55:59.665+0000] {logging_mixin.py:188} INFO - csv_data/track_table.csv 
[2024-04-18T08:55:59.666+0000] {logging_mixin.py:188} INFO - track_table.csv
[2024-04-18T08:55:59.668+0000] {processor.py:840} INFO - DAG(s) 'spotify_to_s3_extraction' retrieved from /opt/airflow/dags/spotify_to_csvs_to_s3.py
[2024-04-18T08:55:59.700+0000] {logging_mixin.py:188} INFO - [2024-04-18T08:55:59.700+0000] {dag.py:3047} INFO - Sync 1 DAGs
[2024-04-18T08:55:59.734+0000] {logging_mixin.py:188} INFO - [2024-04-18T08:55:59.733+0000] {dag.py:3834} INFO - Setting next_dagrun for spotify_to_s3_extraction to 2024-04-17 00:00:00+00:00, run_after=2024-04-18 00:00:00+00:00
[2024-04-18T08:55:59.764+0000] {processor.py:183} INFO - Processing /opt/airflow/dags/spotify_to_csvs_to_s3.py took 1.030 seconds
[2024-04-18T08:56:30.134+0000] {processor.py:161} INFO - Started process (PID=34470) to work on /opt/airflow/dags/spotify_to_csvs_to_s3.py
[2024-04-18T08:56:30.136+0000] {processor.py:830} INFO - Processing file /opt/airflow/dags/spotify_to_csvs_to_s3.py for tasks to queue
[2024-04-18T08:56:30.138+0000] {logging_mixin.py:188} INFO - [2024-04-18T08:56:30.137+0000] {dagbag.py:540} INFO - Filling up the DagBag from /opt/airflow/dags/spotify_to_csvs_to_s3.py
[2024-04-18T08:56:30.939+0000] {logging_mixin.py:188} INFO - Authenticating User...
[2024-04-18T08:56:30.961+0000] {logging_mixin.py:188} INFO - csv_data/albums_table.csv 
[2024-04-18T08:56:30.977+0000] {logging_mixin.py:188} INFO - albums_table.csv
[2024-04-18T08:56:30.998+0000] {logging_mixin.py:188} INFO - csv_data/artists_table.csv 
[2024-04-18T08:56:31.019+0000] {logging_mixin.py:188} INFO - artists_table.csv
[2024-04-18T08:56:31.040+0000] {logging_mixin.py:188} INFO - csv_data/track_table.csv 
[2024-04-18T08:56:31.062+0000] {logging_mixin.py:188} INFO - track_table.csv
[2024-04-18T08:56:31.086+0000] {processor.py:840} INFO - DAG(s) 'spotify_to_s3_extraction' retrieved from /opt/airflow/dags/spotify_to_csvs_to_s3.py
[2024-04-18T08:56:31.141+0000] {logging_mixin.py:188} INFO - [2024-04-18T08:56:31.141+0000] {dag.py:3047} INFO - Sync 1 DAGs
[2024-04-18T08:56:31.185+0000] {logging_mixin.py:188} INFO - [2024-04-18T08:56:31.184+0000] {dag.py:3834} INFO - Setting next_dagrun for spotify_to_s3_extraction to 2024-04-17 00:00:00+00:00, run_after=2024-04-18 00:00:00+00:00
[2024-04-18T08:56:31.248+0000] {processor.py:183} INFO - Processing /opt/airflow/dags/spotify_to_csvs_to_s3.py took 1.122 seconds
[2024-04-18T09:56:56.309+0000] {processor.py:161} INFO - Started process (PID=34482) to work on /opt/airflow/dags/spotify_to_csvs_to_s3.py
[2024-04-18T09:56:56.313+0000] {processor.py:830} INFO - Processing file /opt/airflow/dags/spotify_to_csvs_to_s3.py for tasks to queue
[2024-04-18T09:56:56.317+0000] {logging_mixin.py:188} INFO - [2024-04-18T09:56:56.316+0000] {dagbag.py:540} INFO - Filling up the DagBag from /opt/airflow/dags/spotify_to_csvs_to_s3.py
[2024-04-18T09:56:58.247+0000] {logging_mixin.py:188} INFO - Authenticating User...
[2024-04-18T09:56:58.259+0000] {logging_mixin.py:188} INFO - csv_data/albums_table.csv 
[2024-04-18T09:56:58.260+0000] {logging_mixin.py:188} INFO - albums_table.csv
[2024-04-18T09:56:58.261+0000] {logging_mixin.py:188} INFO - csv_data/artists_table.csv 
[2024-04-18T09:56:58.263+0000] {logging_mixin.py:188} INFO - artists_table.csv
[2024-04-18T09:56:58.264+0000] {logging_mixin.py:188} INFO - csv_data/track_table.csv 
[2024-04-18T09:56:58.265+0000] {logging_mixin.py:188} INFO - track_table.csv
[2024-04-18T09:56:58.269+0000] {processor.py:840} INFO - DAG(s) 'spotify_to_s3_extraction' retrieved from /opt/airflow/dags/spotify_to_csvs_to_s3.py
[2024-04-18T09:56:58.318+0000] {logging_mixin.py:188} INFO - [2024-04-18T09:56:58.317+0000] {dag.py:3047} INFO - Sync 1 DAGs
[2024-04-18T09:56:58.386+0000] {logging_mixin.py:188} INFO - [2024-04-18T09:56:58.386+0000] {dag.py:3834} INFO - Setting next_dagrun for spotify_to_s3_extraction to 2024-04-17 00:00:00+00:00, run_after=2024-04-18 00:00:00+00:00
[2024-04-18T09:56:58.433+0000] {processor.py:183} INFO - Processing /opt/airflow/dags/spotify_to_csvs_to_s3.py took 2.133 seconds
[2024-04-18T09:57:28.618+0000] {processor.py:161} INFO - Started process (PID=34494) to work on /opt/airflow/dags/spotify_to_csvs_to_s3.py
[2024-04-18T09:57:28.619+0000] {processor.py:830} INFO - Processing file /opt/airflow/dags/spotify_to_csvs_to_s3.py for tasks to queue
[2024-04-18T09:57:28.621+0000] {logging_mixin.py:188} INFO - [2024-04-18T09:57:28.621+0000] {dagbag.py:540} INFO - Filling up the DagBag from /opt/airflow/dags/spotify_to_csvs_to_s3.py
[2024-04-18T09:57:29.402+0000] {logging_mixin.py:188} INFO - Authenticating User...
[2024-04-18T09:57:29.408+0000] {logging_mixin.py:188} INFO - csv_data/albums_table.csv 
[2024-04-18T09:57:29.409+0000] {logging_mixin.py:188} INFO - albums_table.csv
[2024-04-18T09:57:29.410+0000] {logging_mixin.py:188} INFO - csv_data/artists_table.csv 
[2024-04-18T09:57:29.411+0000] {logging_mixin.py:188} INFO - artists_table.csv
[2024-04-18T09:57:29.411+0000] {logging_mixin.py:188} INFO - csv_data/track_table.csv 
[2024-04-18T09:57:29.412+0000] {logging_mixin.py:188} INFO - track_table.csv
[2024-04-18T09:57:29.414+0000] {processor.py:840} INFO - DAG(s) 'spotify_to_s3_extraction' retrieved from /opt/airflow/dags/spotify_to_csvs_to_s3.py
[2024-04-18T09:57:29.446+0000] {logging_mixin.py:188} INFO - [2024-04-18T09:57:29.445+0000] {dag.py:3047} INFO - Sync 1 DAGs
[2024-04-18T09:57:29.477+0000] {logging_mixin.py:188} INFO - [2024-04-18T09:57:29.477+0000] {dag.py:3834} INFO - Setting next_dagrun for spotify_to_s3_extraction to 2024-04-17 00:00:00+00:00, run_after=2024-04-18 00:00:00+00:00
[2024-04-18T09:57:29.502+0000] {processor.py:183} INFO - Processing /opt/airflow/dags/spotify_to_csvs_to_s3.py took 0.890 seconds
[2024-04-18T09:58:11.623+0000] {processor.py:161} INFO - Started process (PID=34505) to work on /opt/airflow/dags/spotify_to_csvs_to_s3.py
[2024-04-18T09:58:11.627+0000] {processor.py:830} INFO - Processing file /opt/airflow/dags/spotify_to_csvs_to_s3.py for tasks to queue
[2024-04-18T09:58:11.631+0000] {logging_mixin.py:188} INFO - [2024-04-18T09:58:11.630+0000] {dagbag.py:540} INFO - Filling up the DagBag from /opt/airflow/dags/spotify_to_csvs_to_s3.py
[2024-04-18T09:58:13.441+0000] {logging_mixin.py:188} INFO - Authenticating User...
[2024-04-18T09:58:13.450+0000] {logging_mixin.py:188} INFO - csv_data/albums_table.csv 
[2024-04-18T09:58:13.451+0000] {logging_mixin.py:188} INFO - albums_table.csv
[2024-04-18T09:58:13.452+0000] {logging_mixin.py:188} INFO - csv_data/artists_table.csv 
[2024-04-18T09:58:13.453+0000] {logging_mixin.py:188} INFO - artists_table.csv
[2024-04-18T09:58:13.454+0000] {logging_mixin.py:188} INFO - csv_data/track_table.csv 
[2024-04-18T09:58:13.455+0000] {logging_mixin.py:188} INFO - track_table.csv
[2024-04-18T09:58:13.459+0000] {processor.py:840} INFO - DAG(s) 'spotify_to_s3_extraction' retrieved from /opt/airflow/dags/spotify_to_csvs_to_s3.py
[2024-04-18T09:58:13.511+0000] {logging_mixin.py:188} INFO - [2024-04-18T09:58:13.509+0000] {dag.py:3047} INFO - Sync 1 DAGs
[2024-04-18T09:58:13.565+0000] {logging_mixin.py:188} INFO - [2024-04-18T09:58:13.564+0000] {dag.py:3834} INFO - Setting next_dagrun for spotify_to_s3_extraction to 2024-04-17 00:00:00+00:00, run_after=2024-04-18 00:00:00+00:00
[2024-04-18T09:58:13.624+0000] {processor.py:183} INFO - Processing /opt/airflow/dags/spotify_to_csvs_to_s3.py took 2.009 seconds
[2024-04-18T10:58:14.807+0000] {processor.py:161} INFO - Started process (PID=34511) to work on /opt/airflow/dags/spotify_to_csvs_to_s3.py
[2024-04-18T10:58:14.810+0000] {processor.py:830} INFO - Processing file /opt/airflow/dags/spotify_to_csvs_to_s3.py for tasks to queue
[2024-04-18T10:58:14.813+0000] {logging_mixin.py:188} INFO - [2024-04-18T10:58:14.813+0000] {dagbag.py:540} INFO - Filling up the DagBag from /opt/airflow/dags/spotify_to_csvs_to_s3.py
[2024-04-18T10:58:16.152+0000] {logging_mixin.py:188} INFO - Authenticating User...
[2024-04-18T10:58:16.162+0000] {logging_mixin.py:188} INFO - csv_data/albums_table.csv 
[2024-04-18T10:58:16.164+0000] {logging_mixin.py:188} INFO - albums_table.csv
[2024-04-18T10:58:16.165+0000] {logging_mixin.py:188} INFO - csv_data/artists_table.csv 
[2024-04-18T10:58:16.166+0000] {logging_mixin.py:188} INFO - artists_table.csv
[2024-04-18T10:58:16.167+0000] {logging_mixin.py:188} INFO - csv_data/track_table.csv 
[2024-04-18T10:58:16.168+0000] {logging_mixin.py:188} INFO - track_table.csv
[2024-04-18T10:58:16.174+0000] {processor.py:840} INFO - DAG(s) 'spotify_to_s3_extraction' retrieved from /opt/airflow/dags/spotify_to_csvs_to_s3.py
[2024-04-18T10:58:16.302+0000] {logging_mixin.py:188} INFO - [2024-04-18T10:58:16.301+0000] {dag.py:3047} INFO - Sync 1 DAGs
[2024-04-18T10:58:16.366+0000] {logging_mixin.py:188} INFO - [2024-04-18T10:58:16.365+0000] {dag.py:3834} INFO - Setting next_dagrun for spotify_to_s3_extraction to 2024-04-17 00:00:00+00:00, run_after=2024-04-18 00:00:00+00:00
[2024-04-18T10:58:16.412+0000] {processor.py:183} INFO - Processing /opt/airflow/dags/spotify_to_csvs_to_s3.py took 1.610 seconds
[2024-04-18T10:58:47.393+0000] {processor.py:161} INFO - Started process (PID=34523) to work on /opt/airflow/dags/spotify_to_csvs_to_s3.py
[2024-04-18T10:58:47.395+0000] {processor.py:830} INFO - Processing file /opt/airflow/dags/spotify_to_csvs_to_s3.py for tasks to queue
[2024-04-18T10:58:47.397+0000] {logging_mixin.py:188} INFO - [2024-04-18T10:58:47.396+0000] {dagbag.py:540} INFO - Filling up the DagBag from /opt/airflow/dags/spotify_to_csvs_to_s3.py
[2024-04-18T10:58:48.150+0000] {logging_mixin.py:188} INFO - Authenticating User...
[2024-04-18T10:58:48.156+0000] {logging_mixin.py:188} INFO - csv_data/albums_table.csv 
[2024-04-18T10:58:48.157+0000] {logging_mixin.py:188} INFO - albums_table.csv
[2024-04-18T10:58:48.158+0000] {logging_mixin.py:188} INFO - csv_data/artists_table.csv 
[2024-04-18T10:58:48.158+0000] {logging_mixin.py:188} INFO - artists_table.csv
[2024-04-18T10:58:48.159+0000] {logging_mixin.py:188} INFO - csv_data/track_table.csv 
[2024-04-18T10:58:48.160+0000] {logging_mixin.py:188} INFO - track_table.csv
[2024-04-18T10:58:48.162+0000] {processor.py:840} INFO - DAG(s) 'spotify_to_s3_extraction' retrieved from /opt/airflow/dags/spotify_to_csvs_to_s3.py
[2024-04-18T10:58:48.195+0000] {logging_mixin.py:188} INFO - [2024-04-18T10:58:48.194+0000] {dag.py:3047} INFO - Sync 1 DAGs
[2024-04-18T10:58:48.223+0000] {logging_mixin.py:188} INFO - [2024-04-18T10:58:48.223+0000] {dag.py:3834} INFO - Setting next_dagrun for spotify_to_s3_extraction to 2024-04-17 00:00:00+00:00, run_after=2024-04-18 00:00:00+00:00
[2024-04-18T10:58:48.249+0000] {processor.py:183} INFO - Processing /opt/airflow/dags/spotify_to_csvs_to_s3.py took 0.861 seconds
[2024-04-18T11:45:42.384+0000] {processor.py:161} INFO - Started process (PID=34535) to work on /opt/airflow/dags/spotify_to_csvs_to_s3.py
[2024-04-18T11:45:42.388+0000] {processor.py:830} INFO - Processing file /opt/airflow/dags/spotify_to_csvs_to_s3.py for tasks to queue
[2024-04-18T11:45:42.392+0000] {logging_mixin.py:188} INFO - [2024-04-18T11:45:42.391+0000] {dagbag.py:540} INFO - Filling up the DagBag from /opt/airflow/dags/spotify_to_csvs_to_s3.py
[2024-04-18T11:45:44.116+0000] {logging_mixin.py:188} INFO - Authenticating User...
[2024-04-18T11:45:44.125+0000] {logging_mixin.py:188} INFO - csv_data/albums_table.csv 
[2024-04-18T11:45:44.126+0000] {logging_mixin.py:188} INFO - albums_table.csv
[2024-04-18T11:45:44.127+0000] {logging_mixin.py:188} INFO - csv_data/artists_table.csv 
[2024-04-18T11:45:44.128+0000] {logging_mixin.py:188} INFO - artists_table.csv
[2024-04-18T11:45:44.129+0000] {logging_mixin.py:188} INFO - csv_data/track_table.csv 
[2024-04-18T11:45:44.130+0000] {logging_mixin.py:188} INFO - track_table.csv
[2024-04-18T11:45:44.134+0000] {processor.py:840} INFO - DAG(s) 'spotify_to_s3_extraction' retrieved from /opt/airflow/dags/spotify_to_csvs_to_s3.py
[2024-04-18T11:45:44.182+0000] {logging_mixin.py:188} INFO - [2024-04-18T11:45:44.181+0000] {dag.py:3047} INFO - Sync 1 DAGs
[2024-04-18T11:45:44.237+0000] {logging_mixin.py:188} INFO - [2024-04-18T11:45:44.236+0000] {dag.py:3834} INFO - Setting next_dagrun for spotify_to_s3_extraction to 2024-04-17 00:00:00+00:00, run_after=2024-04-18 00:00:00+00:00
[2024-04-18T11:45:44.280+0000] {processor.py:183} INFO - Processing /opt/airflow/dags/spotify_to_csvs_to_s3.py took 1.908 seconds
[2024-04-18T11:46:14.539+0000] {processor.py:161} INFO - Started process (PID=34547) to work on /opt/airflow/dags/spotify_to_csvs_to_s3.py
[2024-04-18T11:46:14.541+0000] {processor.py:830} INFO - Processing file /opt/airflow/dags/spotify_to_csvs_to_s3.py for tasks to queue
[2024-04-18T11:46:14.543+0000] {logging_mixin.py:188} INFO - [2024-04-18T11:46:14.543+0000] {dagbag.py:540} INFO - Filling up the DagBag from /opt/airflow/dags/spotify_to_csvs_to_s3.py
[2024-04-18T11:46:15.280+0000] {logging_mixin.py:188} INFO - Authenticating User...
[2024-04-18T11:46:15.286+0000] {logging_mixin.py:188} INFO - csv_data/albums_table.csv 
[2024-04-18T11:46:15.286+0000] {logging_mixin.py:188} INFO - albums_table.csv
[2024-04-18T11:46:15.287+0000] {logging_mixin.py:188} INFO - csv_data/artists_table.csv 
[2024-04-18T11:46:15.288+0000] {logging_mixin.py:188} INFO - artists_table.csv
[2024-04-18T11:46:15.289+0000] {logging_mixin.py:188} INFO - csv_data/track_table.csv 
[2024-04-18T11:46:15.289+0000] {logging_mixin.py:188} INFO - track_table.csv
[2024-04-18T11:46:15.292+0000] {processor.py:840} INFO - DAG(s) 'spotify_to_s3_extraction' retrieved from /opt/airflow/dags/spotify_to_csvs_to_s3.py
[2024-04-18T11:46:15.323+0000] {logging_mixin.py:188} INFO - [2024-04-18T11:46:15.322+0000] {dag.py:3047} INFO - Sync 1 DAGs
[2024-04-18T11:46:15.355+0000] {logging_mixin.py:188} INFO - [2024-04-18T11:46:15.354+0000] {dag.py:3834} INFO - Setting next_dagrun for spotify_to_s3_extraction to 2024-04-17 00:00:00+00:00, run_after=2024-04-18 00:00:00+00:00
[2024-04-18T11:46:15.381+0000] {processor.py:183} INFO - Processing /opt/airflow/dags/spotify_to_csvs_to_s3.py took 0.847 seconds
[2024-04-18T11:47:00.285+0000] {processor.py:161} INFO - Started process (PID=34559) to work on /opt/airflow/dags/spotify_to_csvs_to_s3.py
[2024-04-18T11:47:00.289+0000] {processor.py:830} INFO - Processing file /opt/airflow/dags/spotify_to_csvs_to_s3.py for tasks to queue
[2024-04-18T11:47:00.292+0000] {logging_mixin.py:188} INFO - [2024-04-18T11:47:00.291+0000] {dagbag.py:540} INFO - Filling up the DagBag from /opt/airflow/dags/spotify_to_csvs_to_s3.py
[2024-04-18T11:47:01.700+0000] {logging_mixin.py:188} INFO - Authenticating User...
[2024-04-18T11:47:01.709+0000] {logging_mixin.py:188} INFO - csv_data/albums_table.csv 
[2024-04-18T11:47:01.711+0000] {logging_mixin.py:188} INFO - albums_table.csv
[2024-04-18T11:47:01.712+0000] {logging_mixin.py:188} INFO - csv_data/artists_table.csv 
[2024-04-18T11:47:01.713+0000] {logging_mixin.py:188} INFO - artists_table.csv
[2024-04-18T11:47:01.714+0000] {logging_mixin.py:188} INFO - csv_data/track_table.csv 
[2024-04-18T11:47:01.715+0000] {logging_mixin.py:188} INFO - track_table.csv
[2024-04-18T11:47:01.720+0000] {processor.py:840} INFO - DAG(s) 'spotify_to_s3_extraction' retrieved from /opt/airflow/dags/spotify_to_csvs_to_s3.py
[2024-04-18T11:47:01.768+0000] {logging_mixin.py:188} INFO - [2024-04-18T11:47:01.767+0000] {dag.py:3047} INFO - Sync 1 DAGs
[2024-04-18T11:47:01.846+0000] {logging_mixin.py:188} INFO - [2024-04-18T11:47:01.846+0000] {dag.py:3834} INFO - Setting next_dagrun for spotify_to_s3_extraction to 2024-04-17 00:00:00+00:00, run_after=2024-04-18 00:00:00+00:00
[2024-04-18T11:47:01.903+0000] {processor.py:183} INFO - Processing /opt/airflow/dags/spotify_to_csvs_to_s3.py took 1.626 seconds
[2024-04-18T11:59:22.179+0000] {processor.py:161} INFO - Started process (PID=34565) to work on /opt/airflow/dags/spotify_to_csvs_to_s3.py
[2024-04-18T11:59:22.181+0000] {processor.py:830} INFO - Processing file /opt/airflow/dags/spotify_to_csvs_to_s3.py for tasks to queue
[2024-04-18T11:59:22.182+0000] {logging_mixin.py:188} INFO - [2024-04-18T11:59:22.182+0000] {dagbag.py:540} INFO - Filling up the DagBag from /opt/airflow/dags/spotify_to_csvs_to_s3.py
[2024-04-18T11:59:23.006+0000] {logging_mixin.py:188} INFO - Authenticating User...
[2024-04-18T11:59:23.012+0000] {logging_mixin.py:188} INFO - csv_data/albums_table.csv 
[2024-04-18T11:59:23.013+0000] {logging_mixin.py:188} INFO - albums_table.csv
[2024-04-18T11:59:23.013+0000] {logging_mixin.py:188} INFO - csv_data/artists_table.csv 
[2024-04-18T11:59:23.014+0000] {logging_mixin.py:188} INFO - artists_table.csv
[2024-04-18T11:59:23.015+0000] {logging_mixin.py:188} INFO - csv_data/track_table.csv 
[2024-04-18T11:59:23.015+0000] {logging_mixin.py:188} INFO - track_table.csv
[2024-04-18T11:59:23.018+0000] {processor.py:840} INFO - DAG(s) 'spotify_to_s3_extraction' retrieved from /opt/airflow/dags/spotify_to_csvs_to_s3.py
[2024-04-18T11:59:23.048+0000] {logging_mixin.py:188} INFO - [2024-04-18T11:59:23.047+0000] {dag.py:3047} INFO - Sync 1 DAGs
[2024-04-18T11:59:23.076+0000] {logging_mixin.py:188} INFO - [2024-04-18T11:59:23.076+0000] {dag.py:3834} INFO - Setting next_dagrun for spotify_to_s3_extraction to 2024-04-17 00:00:00+00:00, run_after=2024-04-18 00:00:00+00:00
[2024-04-18T11:59:23.103+0000] {processor.py:183} INFO - Processing /opt/airflow/dags/spotify_to_csvs_to_s3.py took 0.931 seconds
[2024-04-18T11:59:53.802+0000] {processor.py:161} INFO - Started process (PID=34577) to work on /opt/airflow/dags/spotify_to_csvs_to_s3.py
[2024-04-18T11:59:53.804+0000] {processor.py:830} INFO - Processing file /opt/airflow/dags/spotify_to_csvs_to_s3.py for tasks to queue
[2024-04-18T11:59:53.806+0000] {logging_mixin.py:188} INFO - [2024-04-18T11:59:53.806+0000] {dagbag.py:540} INFO - Filling up the DagBag from /opt/airflow/dags/spotify_to_csvs_to_s3.py
[2024-04-18T11:59:54.722+0000] {logging_mixin.py:188} INFO - Authenticating User...
[2024-04-18T11:59:54.728+0000] {logging_mixin.py:188} INFO - csv_data/albums_table.csv 
[2024-04-18T11:59:54.729+0000] {logging_mixin.py:188} INFO - albums_table.csv
[2024-04-18T11:59:54.730+0000] {logging_mixin.py:188} INFO - csv_data/artists_table.csv 
[2024-04-18T11:59:54.730+0000] {logging_mixin.py:188} INFO - artists_table.csv
[2024-04-18T11:59:54.731+0000] {logging_mixin.py:188} INFO - csv_data/track_table.csv 
[2024-04-18T11:59:54.732+0000] {logging_mixin.py:188} INFO - track_table.csv
[2024-04-18T11:59:54.736+0000] {processor.py:840} INFO - DAG(s) 'spotify_to_s3_extraction' retrieved from /opt/airflow/dags/spotify_to_csvs_to_s3.py
[2024-04-18T11:59:54.775+0000] {logging_mixin.py:188} INFO - [2024-04-18T11:59:54.774+0000] {dag.py:3047} INFO - Sync 1 DAGs
[2024-04-18T11:59:54.809+0000] {logging_mixin.py:188} INFO - [2024-04-18T11:59:54.808+0000] {dag.py:3834} INFO - Setting next_dagrun for spotify_to_s3_extraction to 2024-04-17 00:00:00+00:00, run_after=2024-04-18 00:00:00+00:00
[2024-04-18T11:59:54.853+0000] {processor.py:183} INFO - Processing /opt/airflow/dags/spotify_to_csvs_to_s3.py took 1.059 seconds
[2024-04-18T13:00:25.158+0000] {processor.py:161} INFO - Started process (PID=34589) to work on /opt/airflow/dags/spotify_to_csvs_to_s3.py
[2024-04-18T13:00:25.164+0000] {processor.py:830} INFO - Processing file /opt/airflow/dags/spotify_to_csvs_to_s3.py for tasks to queue
[2024-04-18T13:00:25.168+0000] {logging_mixin.py:188} INFO - [2024-04-18T13:00:25.167+0000] {dagbag.py:540} INFO - Filling up the DagBag from /opt/airflow/dags/spotify_to_csvs_to_s3.py
[2024-04-18T13:00:27.470+0000] {logging_mixin.py:188} INFO - Authenticating User...
[2024-04-18T13:00:27.483+0000] {logging_mixin.py:188} INFO - csv_data/albums_table.csv 
[2024-04-18T13:00:27.484+0000] {logging_mixin.py:188} INFO - albums_table.csv
[2024-04-18T13:00:27.486+0000] {logging_mixin.py:188} INFO - csv_data/artists_table.csv 
[2024-04-18T13:00:27.487+0000] {logging_mixin.py:188} INFO - artists_table.csv
[2024-04-18T13:00:27.489+0000] {logging_mixin.py:188} INFO - csv_data/track_table.csv 
[2024-04-18T13:00:27.492+0000] {logging_mixin.py:188} INFO - track_table.csv
[2024-04-18T13:00:27.498+0000] {processor.py:840} INFO - DAG(s) 'spotify_to_s3_extraction' retrieved from /opt/airflow/dags/spotify_to_csvs_to_s3.py
[2024-04-18T13:00:27.552+0000] {logging_mixin.py:188} INFO - [2024-04-18T13:00:27.551+0000] {dag.py:3047} INFO - Sync 1 DAGs
[2024-04-18T13:00:27.677+0000] {logging_mixin.py:188} INFO - [2024-04-18T13:00:27.676+0000] {dag.py:3834} INFO - Setting next_dagrun for spotify_to_s3_extraction to 2024-04-17 00:00:00+00:00, run_after=2024-04-18 00:00:00+00:00
[2024-04-18T13:00:27.737+0000] {processor.py:183} INFO - Processing /opt/airflow/dags/spotify_to_csvs_to_s3.py took 2.588 seconds
[2024-04-18T13:00:58.298+0000] {processor.py:161} INFO - Started process (PID=34601) to work on /opt/airflow/dags/spotify_to_csvs_to_s3.py
[2024-04-18T13:00:58.300+0000] {processor.py:830} INFO - Processing file /opt/airflow/dags/spotify_to_csvs_to_s3.py for tasks to queue
[2024-04-18T13:00:58.303+0000] {logging_mixin.py:188} INFO - [2024-04-18T13:00:58.303+0000] {dagbag.py:540} INFO - Filling up the DagBag from /opt/airflow/dags/spotify_to_csvs_to_s3.py
[2024-04-18T13:00:59.083+0000] {logging_mixin.py:188} INFO - Authenticating User...
[2024-04-18T13:00:59.089+0000] {logging_mixin.py:188} INFO - csv_data/albums_table.csv 
[2024-04-18T13:00:59.090+0000] {logging_mixin.py:188} INFO - albums_table.csv
[2024-04-18T13:00:59.091+0000] {logging_mixin.py:188} INFO - csv_data/artists_table.csv 
[2024-04-18T13:00:59.091+0000] {logging_mixin.py:188} INFO - artists_table.csv
[2024-04-18T13:00:59.092+0000] {logging_mixin.py:188} INFO - csv_data/track_table.csv 
[2024-04-18T13:00:59.093+0000] {logging_mixin.py:188} INFO - track_table.csv
[2024-04-18T13:00:59.095+0000] {processor.py:840} INFO - DAG(s) 'spotify_to_s3_extraction' retrieved from /opt/airflow/dags/spotify_to_csvs_to_s3.py
[2024-04-18T13:00:59.129+0000] {logging_mixin.py:188} INFO - [2024-04-18T13:00:59.129+0000] {dag.py:3047} INFO - Sync 1 DAGs
[2024-04-18T13:00:59.159+0000] {logging_mixin.py:188} INFO - [2024-04-18T13:00:59.158+0000] {dag.py:3834} INFO - Setting next_dagrun for spotify_to_s3_extraction to 2024-04-17 00:00:00+00:00, run_after=2024-04-18 00:00:00+00:00
[2024-04-18T13:00:59.185+0000] {processor.py:183} INFO - Processing /opt/airflow/dags/spotify_to_csvs_to_s3.py took 0.893 seconds
[2024-04-18T13:01:40.003+0000] {processor.py:161} INFO - Started process (PID=34613) to work on /opt/airflow/dags/spotify_to_csvs_to_s3.py
[2024-04-18T13:01:40.006+0000] {processor.py:830} INFO - Processing file /opt/airflow/dags/spotify_to_csvs_to_s3.py for tasks to queue
[2024-04-18T13:01:40.008+0000] {logging_mixin.py:188} INFO - [2024-04-18T13:01:40.008+0000] {dagbag.py:540} INFO - Filling up the DagBag from /opt/airflow/dags/spotify_to_csvs_to_s3.py
[2024-04-18T13:01:41.751+0000] {logging_mixin.py:188} INFO - Authenticating User...
[2024-04-18T13:01:41.760+0000] {logging_mixin.py:188} INFO - csv_data/albums_table.csv 
[2024-04-18T13:01:41.762+0000] {logging_mixin.py:188} INFO - albums_table.csv
[2024-04-18T13:01:41.763+0000] {logging_mixin.py:188} INFO - csv_data/artists_table.csv 
[2024-04-18T13:01:41.764+0000] {logging_mixin.py:188} INFO - artists_table.csv
[2024-04-18T13:01:41.765+0000] {logging_mixin.py:188} INFO - csv_data/track_table.csv 
[2024-04-18T13:01:41.767+0000] {logging_mixin.py:188} INFO - track_table.csv
[2024-04-18T13:01:41.771+0000] {processor.py:840} INFO - DAG(s) 'spotify_to_s3_extraction' retrieved from /opt/airflow/dags/spotify_to_csvs_to_s3.py
[2024-04-18T13:01:41.836+0000] {logging_mixin.py:188} INFO - [2024-04-18T13:01:41.835+0000] {dag.py:3047} INFO - Sync 1 DAGs
[2024-04-18T13:01:41.900+0000] {logging_mixin.py:188} INFO - [2024-04-18T13:01:41.900+0000] {dag.py:3834} INFO - Setting next_dagrun for spotify_to_s3_extraction to 2024-04-17 00:00:00+00:00, run_after=2024-04-18 00:00:00+00:00
[2024-04-18T13:01:41.951+0000] {processor.py:183} INFO - Processing /opt/airflow/dags/spotify_to_csvs_to_s3.py took 1.957 seconds
[2024-04-18T14:01:43.617+0000] {processor.py:161} INFO - Started process (PID=34619) to work on /opt/airflow/dags/spotify_to_csvs_to_s3.py
[2024-04-18T14:01:43.619+0000] {processor.py:830} INFO - Processing file /opt/airflow/dags/spotify_to_csvs_to_s3.py for tasks to queue
[2024-04-18T14:01:43.621+0000] {logging_mixin.py:188} INFO - [2024-04-18T14:01:43.620+0000] {dagbag.py:540} INFO - Filling up the DagBag from /opt/airflow/dags/spotify_to_csvs_to_s3.py
[2024-04-18T14:01:44.375+0000] {logging_mixin.py:188} INFO - Authenticating User...
[2024-04-18T14:01:44.381+0000] {logging_mixin.py:188} INFO - csv_data/albums_table.csv 
[2024-04-18T14:01:44.381+0000] {logging_mixin.py:188} INFO - albums_table.csv
[2024-04-18T14:01:44.382+0000] {logging_mixin.py:188} INFO - csv_data/artists_table.csv 
[2024-04-18T14:01:44.383+0000] {logging_mixin.py:188} INFO - artists_table.csv
[2024-04-18T14:01:44.383+0000] {logging_mixin.py:188} INFO - csv_data/track_table.csv 
[2024-04-18T14:01:44.384+0000] {logging_mixin.py:188} INFO - track_table.csv
[2024-04-18T14:01:44.386+0000] {processor.py:840} INFO - DAG(s) 'spotify_to_s3_extraction' retrieved from /opt/airflow/dags/spotify_to_csvs_to_s3.py
[2024-04-18T14:01:44.419+0000] {logging_mixin.py:188} INFO - [2024-04-18T14:01:44.419+0000] {dag.py:3047} INFO - Sync 1 DAGs
[2024-04-18T14:01:44.448+0000] {logging_mixin.py:188} INFO - [2024-04-18T14:01:44.448+0000] {dag.py:3834} INFO - Setting next_dagrun for spotify_to_s3_extraction to 2024-04-17 00:00:00+00:00, run_after=2024-04-18 00:00:00+00:00
[2024-04-18T14:01:44.474+0000] {processor.py:183} INFO - Processing /opt/airflow/dags/spotify_to_csvs_to_s3.py took 0.863 seconds
[2024-04-18T14:02:14.707+0000] {processor.py:161} INFO - Started process (PID=34631) to work on /opt/airflow/dags/spotify_to_csvs_to_s3.py
[2024-04-18T14:02:14.709+0000] {processor.py:830} INFO - Processing file /opt/airflow/dags/spotify_to_csvs_to_s3.py for tasks to queue
[2024-04-18T14:02:14.710+0000] {logging_mixin.py:188} INFO - [2024-04-18T14:02:14.710+0000] {dagbag.py:540} INFO - Filling up the DagBag from /opt/airflow/dags/spotify_to_csvs_to_s3.py
[2024-04-18T14:02:15.492+0000] {logging_mixin.py:188} INFO - Authenticating User...
[2024-04-18T14:02:15.498+0000] {logging_mixin.py:188} INFO - csv_data/albums_table.csv 
[2024-04-18T14:02:15.499+0000] {logging_mixin.py:188} INFO - albums_table.csv
[2024-04-18T14:02:15.500+0000] {logging_mixin.py:188} INFO - csv_data/artists_table.csv 
[2024-04-18T14:02:15.500+0000] {logging_mixin.py:188} INFO - artists_table.csv
[2024-04-18T14:02:15.501+0000] {logging_mixin.py:188} INFO - csv_data/track_table.csv 
[2024-04-18T14:02:15.502+0000] {logging_mixin.py:188} INFO - track_table.csv
[2024-04-18T14:02:15.504+0000] {processor.py:840} INFO - DAG(s) 'spotify_to_s3_extraction' retrieved from /opt/airflow/dags/spotify_to_csvs_to_s3.py
[2024-04-18T14:02:15.538+0000] {logging_mixin.py:188} INFO - [2024-04-18T14:02:15.538+0000] {dag.py:3047} INFO - Sync 1 DAGs
[2024-04-18T14:02:15.569+0000] {logging_mixin.py:188} INFO - [2024-04-18T14:02:15.569+0000] {dag.py:3834} INFO - Setting next_dagrun for spotify_to_s3_extraction to 2024-04-17 00:00:00+00:00, run_after=2024-04-18 00:00:00+00:00
[2024-04-18T14:02:15.594+0000] {processor.py:183} INFO - Processing /opt/airflow/dags/spotify_to_csvs_to_s3.py took 0.893 seconds
[2024-04-18T15:02:43.066+0000] {processor.py:161} INFO - Started process (PID=34643) to work on /opt/airflow/dags/spotify_to_csvs_to_s3.py
[2024-04-18T15:02:43.069+0000] {processor.py:830} INFO - Processing file /opt/airflow/dags/spotify_to_csvs_to_s3.py for tasks to queue
[2024-04-18T15:02:43.072+0000] {logging_mixin.py:188} INFO - [2024-04-18T15:02:43.071+0000] {dagbag.py:540} INFO - Filling up the DagBag from /opt/airflow/dags/spotify_to_csvs_to_s3.py
[2024-04-18T15:02:44.921+0000] {logging_mixin.py:188} INFO - Authenticating User...
[2024-04-18T15:02:44.941+0000] {logging_mixin.py:188} INFO - csv_data/albums_table.csv 
[2024-04-18T15:02:44.943+0000] {logging_mixin.py:188} INFO - albums_table.csv
[2024-04-18T15:02:44.944+0000] {logging_mixin.py:188} INFO - csv_data/artists_table.csv 
[2024-04-18T15:02:44.946+0000] {logging_mixin.py:188} INFO - artists_table.csv
[2024-04-18T15:02:44.948+0000] {logging_mixin.py:188} INFO - csv_data/track_table.csv 
[2024-04-18T15:02:44.950+0000] {logging_mixin.py:188} INFO - track_table.csv
[2024-04-18T15:02:44.955+0000] {processor.py:840} INFO - DAG(s) 'spotify_to_s3_extraction' retrieved from /opt/airflow/dags/spotify_to_csvs_to_s3.py
[2024-04-18T15:02:45.008+0000] {logging_mixin.py:188} INFO - [2024-04-18T15:02:45.007+0000] {dag.py:3047} INFO - Sync 1 DAGs
[2024-04-18T15:02:45.064+0000] {logging_mixin.py:188} INFO - [2024-04-18T15:02:45.064+0000] {dag.py:3834} INFO - Setting next_dagrun for spotify_to_s3_extraction to 2024-04-17 00:00:00+00:00, run_after=2024-04-18 00:00:00+00:00
[2024-04-18T15:02:45.134+0000] {processor.py:183} INFO - Processing /opt/airflow/dags/spotify_to_csvs_to_s3.py took 2.080 seconds
[2024-04-18T15:03:15.678+0000] {processor.py:161} INFO - Started process (PID=34655) to work on /opt/airflow/dags/spotify_to_csvs_to_s3.py
[2024-04-18T15:03:15.679+0000] {processor.py:830} INFO - Processing file /opt/airflow/dags/spotify_to_csvs_to_s3.py for tasks to queue
[2024-04-18T15:03:15.681+0000] {logging_mixin.py:188} INFO - [2024-04-18T15:03:15.681+0000] {dagbag.py:540} INFO - Filling up the DagBag from /opt/airflow/dags/spotify_to_csvs_to_s3.py
[2024-04-18T15:03:16.419+0000] {logging_mixin.py:188} INFO - Authenticating User...
[2024-04-18T15:03:16.425+0000] {logging_mixin.py:188} INFO - csv_data/albums_table.csv 
[2024-04-18T15:03:16.426+0000] {logging_mixin.py:188} INFO - albums_table.csv
[2024-04-18T15:03:16.427+0000] {logging_mixin.py:188} INFO - csv_data/artists_table.csv 
[2024-04-18T15:03:16.428+0000] {logging_mixin.py:188} INFO - artists_table.csv
[2024-04-18T15:03:16.429+0000] {logging_mixin.py:188} INFO - csv_data/track_table.csv 
[2024-04-18T15:03:16.429+0000] {logging_mixin.py:188} INFO - track_table.csv
[2024-04-18T15:03:16.432+0000] {processor.py:840} INFO - DAG(s) 'spotify_to_s3_extraction' retrieved from /opt/airflow/dags/spotify_to_csvs_to_s3.py
[2024-04-18T15:03:16.463+0000] {logging_mixin.py:188} INFO - [2024-04-18T15:03:16.462+0000] {dag.py:3047} INFO - Sync 1 DAGs
[2024-04-18T15:03:16.494+0000] {logging_mixin.py:188} INFO - [2024-04-18T15:03:16.493+0000] {dag.py:3834} INFO - Setting next_dagrun for spotify_to_s3_extraction to 2024-04-17 00:00:00+00:00, run_after=2024-04-18 00:00:00+00:00
[2024-04-18T15:03:16.522+0000] {processor.py:183} INFO - Processing /opt/airflow/dags/spotify_to_csvs_to_s3.py took 0.849 seconds
[2024-04-18T15:04:00.001+0000] {processor.py:161} INFO - Started process (PID=34673) to work on /opt/airflow/dags/spotify_to_csvs_to_s3.py
[2024-04-18T15:04:00.006+0000] {processor.py:830} INFO - Processing file /opt/airflow/dags/spotify_to_csvs_to_s3.py for tasks to queue
[2024-04-18T15:04:00.013+0000] {logging_mixin.py:188} INFO - [2024-04-18T15:04:00.010+0000] {dagbag.py:540} INFO - Filling up the DagBag from /opt/airflow/dags/spotify_to_csvs_to_s3.py
[2024-04-18T15:04:01.834+0000] {logging_mixin.py:188} INFO - Authenticating User...
[2024-04-18T15:04:01.841+0000] {logging_mixin.py:188} INFO - csv_data/albums_table.csv 
[2024-04-18T15:04:01.843+0000] {logging_mixin.py:188} INFO - albums_table.csv
[2024-04-18T15:04:01.845+0000] {logging_mixin.py:188} INFO - csv_data/artists_table.csv 
[2024-04-18T15:04:01.852+0000] {logging_mixin.py:188} INFO - artists_table.csv
[2024-04-18T15:04:01.853+0000] {logging_mixin.py:188} INFO - csv_data/track_table.csv 
[2024-04-18T15:04:01.855+0000] {logging_mixin.py:188} INFO - track_table.csv
[2024-04-18T15:04:01.859+0000] {processor.py:840} INFO - DAG(s) 'spotify_to_s3_extraction' retrieved from /opt/airflow/dags/spotify_to_csvs_to_s3.py
[2024-04-18T15:04:01.908+0000] {logging_mixin.py:188} INFO - [2024-04-18T15:04:01.907+0000] {dag.py:3047} INFO - Sync 1 DAGs
[2024-04-18T15:04:01.971+0000] {logging_mixin.py:188} INFO - [2024-04-18T15:04:01.971+0000] {dag.py:3834} INFO - Setting next_dagrun for spotify_to_s3_extraction to 2024-04-17 00:00:00+00:00, run_after=2024-04-18 00:00:00+00:00
[2024-04-18T15:04:02.105+0000] {processor.py:183} INFO - Processing /opt/airflow/dags/spotify_to_csvs_to_s3.py took 2.127 seconds
[2024-04-18T16:04:00.959+0000] {processor.py:161} INFO - Started process (PID=34679) to work on /opt/airflow/dags/spotify_to_csvs_to_s3.py
[2024-04-18T16:04:00.961+0000] {processor.py:830} INFO - Processing file /opt/airflow/dags/spotify_to_csvs_to_s3.py for tasks to queue
[2024-04-18T16:04:00.963+0000] {logging_mixin.py:188} INFO - [2024-04-18T16:04:00.962+0000] {dagbag.py:540} INFO - Filling up the DagBag from /opt/airflow/dags/spotify_to_csvs_to_s3.py
[2024-04-18T16:04:01.785+0000] {logging_mixin.py:188} INFO - Authenticating User...
[2024-04-18T16:04:01.790+0000] {logging_mixin.py:188} INFO - csv_data/albums_table.csv 
[2024-04-18T16:04:01.791+0000] {logging_mixin.py:188} INFO - albums_table.csv
[2024-04-18T16:04:01.792+0000] {logging_mixin.py:188} INFO - csv_data/artists_table.csv 
[2024-04-18T16:04:01.793+0000] {logging_mixin.py:188} INFO - artists_table.csv
[2024-04-18T16:04:01.794+0000] {logging_mixin.py:188} INFO - csv_data/track_table.csv 
[2024-04-18T16:04:01.794+0000] {logging_mixin.py:188} INFO - track_table.csv
[2024-04-18T16:04:01.797+0000] {processor.py:840} INFO - DAG(s) 'spotify_to_s3_extraction' retrieved from /opt/airflow/dags/spotify_to_csvs_to_s3.py
[2024-04-18T16:04:01.831+0000] {logging_mixin.py:188} INFO - [2024-04-18T16:04:01.831+0000] {dag.py:3047} INFO - Sync 1 DAGs
[2024-04-18T16:04:01.860+0000] {logging_mixin.py:188} INFO - [2024-04-18T16:04:01.859+0000] {dag.py:3834} INFO - Setting next_dagrun for spotify_to_s3_extraction to 2024-04-17 00:00:00+00:00, run_after=2024-04-18 00:00:00+00:00
[2024-04-18T16:04:01.887+0000] {processor.py:183} INFO - Processing /opt/airflow/dags/spotify_to_csvs_to_s3.py took 0.934 seconds
[2024-04-18T16:04:32.166+0000] {processor.py:161} INFO - Started process (PID=34691) to work on /opt/airflow/dags/spotify_to_csvs_to_s3.py
[2024-04-18T16:04:32.168+0000] {processor.py:830} INFO - Processing file /opt/airflow/dags/spotify_to_csvs_to_s3.py for tasks to queue
[2024-04-18T16:04:32.170+0000] {logging_mixin.py:188} INFO - [2024-04-18T16:04:32.170+0000] {dagbag.py:540} INFO - Filling up the DagBag from /opt/airflow/dags/spotify_to_csvs_to_s3.py
[2024-04-18T16:04:32.950+0000] {logging_mixin.py:188} INFO - Authenticating User...
[2024-04-18T16:04:32.956+0000] {logging_mixin.py:188} INFO - csv_data/albums_table.csv 
[2024-04-18T16:04:32.957+0000] {logging_mixin.py:188} INFO - albums_table.csv
[2024-04-18T16:04:32.958+0000] {logging_mixin.py:188} INFO - csv_data/artists_table.csv 
[2024-04-18T16:04:32.959+0000] {logging_mixin.py:188} INFO - artists_table.csv
[2024-04-18T16:04:32.959+0000] {logging_mixin.py:188} INFO - csv_data/track_table.csv 
[2024-04-18T16:04:32.960+0000] {logging_mixin.py:188} INFO - track_table.csv
[2024-04-18T16:04:32.962+0000] {processor.py:840} INFO - DAG(s) 'spotify_to_s3_extraction' retrieved from /opt/airflow/dags/spotify_to_csvs_to_s3.py
[2024-04-18T16:04:32.992+0000] {logging_mixin.py:188} INFO - [2024-04-18T16:04:32.992+0000] {dag.py:3047} INFO - Sync 1 DAGs
[2024-04-18T16:04:33.020+0000] {logging_mixin.py:188} INFO - [2024-04-18T16:04:33.020+0000] {dag.py:3834} INFO - Setting next_dagrun for spotify_to_s3_extraction to 2024-04-17 00:00:00+00:00, run_after=2024-04-18 00:00:00+00:00
[2024-04-18T16:04:33.046+0000] {processor.py:183} INFO - Processing /opt/airflow/dags/spotify_to_csvs_to_s3.py took 0.888 seconds
[2024-04-18T17:05:01.600+0000] {processor.py:161} INFO - Started process (PID=34703) to work on /opt/airflow/dags/spotify_to_csvs_to_s3.py
[2024-04-18T17:05:01.604+0000] {processor.py:830} INFO - Processing file /opt/airflow/dags/spotify_to_csvs_to_s3.py for tasks to queue
[2024-04-18T17:05:01.608+0000] {logging_mixin.py:188} INFO - [2024-04-18T17:05:01.607+0000] {dagbag.py:540} INFO - Filling up the DagBag from /opt/airflow/dags/spotify_to_csvs_to_s3.py
[2024-04-18T17:05:03.055+0000] {logging_mixin.py:188} INFO - Authenticating User...
[2024-04-18T17:05:03.066+0000] {logging_mixin.py:188} INFO - csv_data/albums_table.csv 
[2024-04-18T17:05:03.087+0000] {logging_mixin.py:188} INFO - albums_table.csv
[2024-04-18T17:05:03.089+0000] {logging_mixin.py:188} INFO - csv_data/artists_table.csv 
[2024-04-18T17:05:03.090+0000] {logging_mixin.py:188} INFO - artists_table.csv
[2024-04-18T17:05:03.091+0000] {logging_mixin.py:188} INFO - csv_data/track_table.csv 
[2024-04-18T17:05:03.092+0000] {logging_mixin.py:188} INFO - track_table.csv
[2024-04-18T17:05:03.097+0000] {processor.py:840} INFO - DAG(s) 'spotify_to_s3_extraction' retrieved from /opt/airflow/dags/spotify_to_csvs_to_s3.py
[2024-04-18T17:05:03.148+0000] {logging_mixin.py:188} INFO - [2024-04-18T17:05:03.147+0000] {dag.py:3047} INFO - Sync 1 DAGs
[2024-04-18T17:05:03.207+0000] {logging_mixin.py:188} INFO - [2024-04-18T17:05:03.206+0000] {dag.py:3834} INFO - Setting next_dagrun for spotify_to_s3_extraction to 2024-04-17 00:00:00+00:00, run_after=2024-04-18 00:00:00+00:00
[2024-04-18T17:05:03.255+0000] {processor.py:183} INFO - Processing /opt/airflow/dags/spotify_to_csvs_to_s3.py took 1.667 seconds
[2024-04-18T17:05:33.684+0000] {processor.py:161} INFO - Started process (PID=34715) to work on /opt/airflow/dags/spotify_to_csvs_to_s3.py
[2024-04-18T17:05:33.685+0000] {processor.py:830} INFO - Processing file /opt/airflow/dags/spotify_to_csvs_to_s3.py for tasks to queue
[2024-04-18T17:05:33.687+0000] {logging_mixin.py:188} INFO - [2024-04-18T17:05:33.687+0000] {dagbag.py:540} INFO - Filling up the DagBag from /opt/airflow/dags/spotify_to_csvs_to_s3.py
[2024-04-18T17:05:34.427+0000] {logging_mixin.py:188} INFO - Authenticating User...
[2024-04-18T17:05:34.432+0000] {logging_mixin.py:188} INFO - csv_data/albums_table.csv 
[2024-04-18T17:05:34.433+0000] {logging_mixin.py:188} INFO - albums_table.csv
[2024-04-18T17:05:34.434+0000] {logging_mixin.py:188} INFO - csv_data/artists_table.csv 
[2024-04-18T17:05:34.435+0000] {logging_mixin.py:188} INFO - artists_table.csv
[2024-04-18T17:05:34.435+0000] {logging_mixin.py:188} INFO - csv_data/track_table.csv 
[2024-04-18T17:05:34.436+0000] {logging_mixin.py:188} INFO - track_table.csv
[2024-04-18T17:05:34.438+0000] {processor.py:840} INFO - DAG(s) 'spotify_to_s3_extraction' retrieved from /opt/airflow/dags/spotify_to_csvs_to_s3.py
[2024-04-18T17:05:34.471+0000] {logging_mixin.py:188} INFO - [2024-04-18T17:05:34.471+0000] {dag.py:3047} INFO - Sync 1 DAGs
[2024-04-18T17:05:34.500+0000] {logging_mixin.py:188} INFO - [2024-04-18T17:05:34.500+0000] {dag.py:3834} INFO - Setting next_dagrun for spotify_to_s3_extraction to 2024-04-17 00:00:00+00:00, run_after=2024-04-18 00:00:00+00:00
[2024-04-18T17:05:34.525+0000] {processor.py:183} INFO - Processing /opt/airflow/dags/spotify_to_csvs_to_s3.py took 0.847 seconds
[2024-04-18T17:06:16.084+0000] {processor.py:161} INFO - Started process (PID=34727) to work on /opt/airflow/dags/spotify_to_csvs_to_s3.py
[2024-04-18T17:06:16.089+0000] {processor.py:830} INFO - Processing file /opt/airflow/dags/spotify_to_csvs_to_s3.py for tasks to queue
[2024-04-18T17:06:16.107+0000] {logging_mixin.py:188} INFO - [2024-04-18T17:06:16.106+0000] {dagbag.py:540} INFO - Filling up the DagBag from /opt/airflow/dags/spotify_to_csvs_to_s3.py
[2024-04-18T17:06:18.206+0000] {logging_mixin.py:188} INFO - Authenticating User...
[2024-04-18T17:06:18.227+0000] {logging_mixin.py:188} INFO - csv_data/albums_table.csv 
[2024-04-18T17:06:18.243+0000] {logging_mixin.py:188} INFO - albums_table.csv
[2024-04-18T17:06:18.265+0000] {logging_mixin.py:188} INFO - csv_data/artists_table.csv 
[2024-04-18T17:06:18.287+0000] {logging_mixin.py:188} INFO - artists_table.csv
[2024-04-18T17:06:18.289+0000] {logging_mixin.py:188} INFO - csv_data/track_table.csv 
[2024-04-18T17:06:18.314+0000] {logging_mixin.py:188} INFO - track_table.csv
[2024-04-18T17:06:18.322+0000] {processor.py:840} INFO - DAG(s) 'spotify_to_s3_extraction' retrieved from /opt/airflow/dags/spotify_to_csvs_to_s3.py
[2024-04-18T17:06:18.406+0000] {logging_mixin.py:188} INFO - [2024-04-18T17:06:18.405+0000] {dag.py:3047} INFO - Sync 1 DAGs
[2024-04-18T17:06:18.473+0000] {logging_mixin.py:188} INFO - [2024-04-18T17:06:18.473+0000] {dag.py:3834} INFO - Setting next_dagrun for spotify_to_s3_extraction to 2024-04-17 00:00:00+00:00, run_after=2024-04-18 00:00:00+00:00
[2024-04-18T17:06:18.539+0000] {processor.py:183} INFO - Processing /opt/airflow/dags/spotify_to_csvs_to_s3.py took 2.477 seconds
[2024-04-18T18:06:20.310+0000] {processor.py:161} INFO - Started process (PID=34733) to work on /opt/airflow/dags/spotify_to_csvs_to_s3.py
[2024-04-18T18:06:20.312+0000] {processor.py:830} INFO - Processing file /opt/airflow/dags/spotify_to_csvs_to_s3.py for tasks to queue
[2024-04-18T18:06:20.313+0000] {logging_mixin.py:188} INFO - [2024-04-18T18:06:20.313+0000] {dagbag.py:540} INFO - Filling up the DagBag from /opt/airflow/dags/spotify_to_csvs_to_s3.py
[2024-04-18T18:06:21.144+0000] {logging_mixin.py:188} INFO - Authenticating User...
[2024-04-18T18:06:21.150+0000] {logging_mixin.py:188} INFO - csv_data/albums_table.csv 
[2024-04-18T18:06:21.151+0000] {logging_mixin.py:188} INFO - albums_table.csv
[2024-04-18T18:06:21.152+0000] {logging_mixin.py:188} INFO - csv_data/artists_table.csv 
[2024-04-18T18:06:21.153+0000] {logging_mixin.py:188} INFO - artists_table.csv
[2024-04-18T18:06:21.154+0000] {logging_mixin.py:188} INFO - csv_data/track_table.csv 
[2024-04-18T18:06:21.154+0000] {logging_mixin.py:188} INFO - track_table.csv
[2024-04-18T18:06:21.157+0000] {processor.py:840} INFO - DAG(s) 'spotify_to_s3_extraction' retrieved from /opt/airflow/dags/spotify_to_csvs_to_s3.py
[2024-04-18T18:06:21.189+0000] {logging_mixin.py:188} INFO - [2024-04-18T18:06:21.188+0000] {dag.py:3047} INFO - Sync 1 DAGs
[2024-04-18T18:06:21.218+0000] {logging_mixin.py:188} INFO - [2024-04-18T18:06:21.218+0000] {dag.py:3834} INFO - Setting next_dagrun for spotify_to_s3_extraction to 2024-04-17 00:00:00+00:00, run_after=2024-04-18 00:00:00+00:00
[2024-04-18T18:06:21.245+0000] {processor.py:183} INFO - Processing /opt/airflow/dags/spotify_to_csvs_to_s3.py took 0.941 seconds
[2024-04-18T18:06:51.398+0000] {processor.py:161} INFO - Started process (PID=34745) to work on /opt/airflow/dags/spotify_to_csvs_to_s3.py
[2024-04-18T18:06:51.401+0000] {processor.py:830} INFO - Processing file /opt/airflow/dags/spotify_to_csvs_to_s3.py for tasks to queue
[2024-04-18T18:06:51.404+0000] {logging_mixin.py:188} INFO - [2024-04-18T18:06:51.403+0000] {dagbag.py:540} INFO - Filling up the DagBag from /opt/airflow/dags/spotify_to_csvs_to_s3.py
[2024-04-18T18:06:52.156+0000] {logging_mixin.py:188} INFO - Authenticating User...
[2024-04-18T18:06:52.162+0000] {logging_mixin.py:188} INFO - csv_data/albums_table.csv 
[2024-04-18T18:06:52.162+0000] {logging_mixin.py:188} INFO - albums_table.csv
[2024-04-18T18:06:52.163+0000] {logging_mixin.py:188} INFO - csv_data/artists_table.csv 
[2024-04-18T18:06:52.164+0000] {logging_mixin.py:188} INFO - artists_table.csv
[2024-04-18T18:06:52.164+0000] {logging_mixin.py:188} INFO - csv_data/track_table.csv 
[2024-04-18T18:06:52.165+0000] {logging_mixin.py:188} INFO - track_table.csv
[2024-04-18T18:06:52.167+0000] {processor.py:840} INFO - DAG(s) 'spotify_to_s3_extraction' retrieved from /opt/airflow/dags/spotify_to_csvs_to_s3.py
[2024-04-18T18:06:52.200+0000] {logging_mixin.py:188} INFO - [2024-04-18T18:06:52.199+0000] {dag.py:3047} INFO - Sync 1 DAGs
[2024-04-18T18:06:52.228+0000] {logging_mixin.py:188} INFO - [2024-04-18T18:06:52.228+0000] {dag.py:3834} INFO - Setting next_dagrun for spotify_to_s3_extraction to 2024-04-17 00:00:00+00:00, run_after=2024-04-18 00:00:00+00:00
[2024-04-18T18:06:52.254+0000] {processor.py:183} INFO - Processing /opt/airflow/dags/spotify_to_csvs_to_s3.py took 0.867 seconds
[2024-04-18T19:07:21.481+0000] {processor.py:161} INFO - Started process (PID=34756) to work on /opt/airflow/dags/spotify_to_csvs_to_s3.py
[2024-04-18T19:07:21.484+0000] {processor.py:830} INFO - Processing file /opt/airflow/dags/spotify_to_csvs_to_s3.py for tasks to queue
[2024-04-18T19:07:21.488+0000] {logging_mixin.py:188} INFO - [2024-04-18T19:07:21.488+0000] {dagbag.py:540} INFO - Filling up the DagBag from /opt/airflow/dags/spotify_to_csvs_to_s3.py
[2024-04-18T19:07:23.333+0000] {logging_mixin.py:188} INFO - Authenticating User...
[2024-04-18T19:07:23.343+0000] {logging_mixin.py:188} INFO - csv_data/albums_table.csv 
[2024-04-18T19:07:23.344+0000] {logging_mixin.py:188} INFO - albums_table.csv
[2024-04-18T19:07:23.346+0000] {logging_mixin.py:188} INFO - csv_data/artists_table.csv 
[2024-04-18T19:07:23.347+0000] {logging_mixin.py:188} INFO - artists_table.csv
[2024-04-18T19:07:23.348+0000] {logging_mixin.py:188} INFO - csv_data/track_table.csv 
[2024-04-18T19:07:23.349+0000] {logging_mixin.py:188} INFO - track_table.csv
[2024-04-18T19:07:23.353+0000] {processor.py:840} INFO - DAG(s) 'spotify_to_s3_extraction' retrieved from /opt/airflow/dags/spotify_to_csvs_to_s3.py
[2024-04-18T19:07:23.401+0000] {logging_mixin.py:188} INFO - [2024-04-18T19:07:23.400+0000] {dag.py:3047} INFO - Sync 1 DAGs
[2024-04-18T19:07:23.457+0000] {logging_mixin.py:188} INFO - [2024-04-18T19:07:23.457+0000] {dag.py:3834} INFO - Setting next_dagrun for spotify_to_s3_extraction to 2024-04-17 00:00:00+00:00, run_after=2024-04-18 00:00:00+00:00
[2024-04-18T19:07:23.515+0000] {processor.py:183} INFO - Processing /opt/airflow/dags/spotify_to_csvs_to_s3.py took 2.044 seconds
[2024-04-18T19:07:54.155+0000] {processor.py:161} INFO - Started process (PID=34768) to work on /opt/airflow/dags/spotify_to_csvs_to_s3.py
[2024-04-18T19:07:54.157+0000] {processor.py:830} INFO - Processing file /opt/airflow/dags/spotify_to_csvs_to_s3.py for tasks to queue
[2024-04-18T19:07:54.159+0000] {logging_mixin.py:188} INFO - [2024-04-18T19:07:54.158+0000] {dagbag.py:540} INFO - Filling up the DagBag from /opt/airflow/dags/spotify_to_csvs_to_s3.py
[2024-04-18T19:07:54.777+0000] {logging_mixin.py:188} INFO - Authenticating User...
[2024-04-18T19:07:54.785+0000] {logging_mixin.py:188} INFO - csv_data/albums_table.csv 
[2024-04-18T19:07:54.786+0000] {logging_mixin.py:188} INFO - albums_table.csv
[2024-04-18T19:07:54.787+0000] {logging_mixin.py:188} INFO - csv_data/artists_table.csv 
[2024-04-18T19:07:54.787+0000] {logging_mixin.py:188} INFO - artists_table.csv
[2024-04-18T19:07:54.788+0000] {logging_mixin.py:188} INFO - csv_data/track_table.csv 
[2024-04-18T19:07:54.789+0000] {logging_mixin.py:188} INFO - track_table.csv
[2024-04-18T19:07:54.792+0000] {processor.py:840} INFO - DAG(s) 'spotify_to_s3_extraction' retrieved from /opt/airflow/dags/spotify_to_csvs_to_s3.py
[2024-04-18T19:07:54.828+0000] {logging_mixin.py:188} INFO - [2024-04-18T19:07:54.827+0000] {dag.py:3047} INFO - Sync 1 DAGs
[2024-04-18T19:07:54.862+0000] {logging_mixin.py:188} INFO - [2024-04-18T19:07:54.861+0000] {dag.py:3834} INFO - Setting next_dagrun for spotify_to_s3_extraction to 2024-04-17 00:00:00+00:00, run_after=2024-04-18 00:00:00+00:00
[2024-04-18T19:07:54.890+0000] {processor.py:183} INFO - Processing /opt/airflow/dags/spotify_to_csvs_to_s3.py took 0.740 seconds
[2024-04-18T19:08:35.058+0000] {processor.py:161} INFO - Started process (PID=34786) to work on /opt/airflow/dags/spotify_to_csvs_to_s3.py
[2024-04-18T19:08:35.062+0000] {processor.py:830} INFO - Processing file /opt/airflow/dags/spotify_to_csvs_to_s3.py for tasks to queue
[2024-04-18T19:08:35.065+0000] {logging_mixin.py:188} INFO - [2024-04-18T19:08:35.064+0000] {dagbag.py:540} INFO - Filling up the DagBag from /opt/airflow/dags/spotify_to_csvs_to_s3.py
[2024-04-18T19:08:36.743+0000] {logging_mixin.py:188} INFO - Authenticating User...
[2024-04-18T19:08:36.757+0000] {logging_mixin.py:188} INFO - csv_data/albums_table.csv 
[2024-04-18T19:08:36.758+0000] {logging_mixin.py:188} INFO - albums_table.csv
[2024-04-18T19:08:36.759+0000] {logging_mixin.py:188} INFO - csv_data/artists_table.csv 
[2024-04-18T19:08:36.761+0000] {logging_mixin.py:188} INFO - artists_table.csv
[2024-04-18T19:08:36.762+0000] {logging_mixin.py:188} INFO - csv_data/track_table.csv 
[2024-04-18T19:08:36.763+0000] {logging_mixin.py:188} INFO - track_table.csv
[2024-04-18T19:08:36.768+0000] {processor.py:840} INFO - DAG(s) 'spotify_to_s3_extraction' retrieved from /opt/airflow/dags/spotify_to_csvs_to_s3.py
[2024-04-18T19:08:36.833+0000] {logging_mixin.py:188} INFO - [2024-04-18T19:08:36.831+0000] {dag.py:3047} INFO - Sync 1 DAGs
[2024-04-18T19:08:36.895+0000] {logging_mixin.py:188} INFO - [2024-04-18T19:08:36.893+0000] {dag.py:3834} INFO - Setting next_dagrun for spotify_to_s3_extraction to 2024-04-17 00:00:00+00:00, run_after=2024-04-18 00:00:00+00:00
[2024-04-18T19:08:36.949+0000] {processor.py:183} INFO - Processing /opt/airflow/dags/spotify_to_csvs_to_s3.py took 1.900 seconds
[2024-04-18T19:59:01.698+0000] {processor.py:161} INFO - Started process (PID=34792) to work on /opt/airflow/dags/spotify_to_csvs_to_s3.py
[2024-04-18T19:59:01.700+0000] {processor.py:830} INFO - Processing file /opt/airflow/dags/spotify_to_csvs_to_s3.py for tasks to queue
[2024-04-18T19:59:01.702+0000] {logging_mixin.py:188} INFO - [2024-04-18T19:59:01.702+0000] {dagbag.py:540} INFO - Filling up the DagBag from /opt/airflow/dags/spotify_to_csvs_to_s3.py
[2024-04-18T19:59:02.381+0000] {logging_mixin.py:188} INFO - Authenticating User...
[2024-04-18T19:59:02.391+0000] {logging_mixin.py:188} INFO - csv_data/albums_table.csv 
[2024-04-18T19:59:02.392+0000] {logging_mixin.py:188} INFO - albums_table.csv
[2024-04-18T19:59:02.392+0000] {logging_mixin.py:188} INFO - csv_data/artists_table.csv 
[2024-04-18T19:59:02.393+0000] {logging_mixin.py:188} INFO - artists_table.csv
[2024-04-18T19:59:02.394+0000] {logging_mixin.py:188} INFO - csv_data/track_table.csv 
[2024-04-18T19:59:02.394+0000] {logging_mixin.py:188} INFO - track_table.csv
[2024-04-18T19:59:02.397+0000] {processor.py:840} INFO - DAG(s) 'spotify_to_s3_extraction' retrieved from /opt/airflow/dags/spotify_to_csvs_to_s3.py
[2024-04-18T19:59:02.434+0000] {logging_mixin.py:188} INFO - [2024-04-18T19:59:02.433+0000] {dag.py:3047} INFO - Sync 1 DAGs
[2024-04-18T19:59:02.485+0000] {logging_mixin.py:188} INFO - [2024-04-18T19:59:02.485+0000] {dag.py:3834} INFO - Setting next_dagrun for spotify_to_s3_extraction to 2024-04-17 00:00:00+00:00, run_after=2024-04-18 00:00:00+00:00
[2024-04-18T19:59:02.524+0000] {processor.py:183} INFO - Processing /opt/airflow/dags/spotify_to_csvs_to_s3.py took 0.832 seconds
[2024-04-18T19:59:32.632+0000] {processor.py:161} INFO - Started process (PID=34804) to work on /opt/airflow/dags/spotify_to_csvs_to_s3.py
[2024-04-18T19:59:32.634+0000] {processor.py:830} INFO - Processing file /opt/airflow/dags/spotify_to_csvs_to_s3.py for tasks to queue
[2024-04-18T19:59:32.635+0000] {logging_mixin.py:188} INFO - [2024-04-18T19:59:32.635+0000] {dagbag.py:540} INFO - Filling up the DagBag from /opt/airflow/dags/spotify_to_csvs_to_s3.py
[2024-04-18T19:59:33.235+0000] {logging_mixin.py:188} INFO - Authenticating User...
[2024-04-18T19:59:33.246+0000] {logging_mixin.py:188} INFO - csv_data/albums_table.csv 
[2024-04-18T19:59:33.248+0000] {logging_mixin.py:188} INFO - albums_table.csv
[2024-04-18T19:59:33.249+0000] {logging_mixin.py:188} INFO - csv_data/artists_table.csv 
[2024-04-18T19:59:33.249+0000] {logging_mixin.py:188} INFO - artists_table.csv
[2024-04-18T19:59:33.250+0000] {logging_mixin.py:188} INFO - csv_data/track_table.csv 
[2024-04-18T19:59:33.251+0000] {logging_mixin.py:188} INFO - track_table.csv
[2024-04-18T19:59:33.254+0000] {processor.py:840} INFO - DAG(s) 'spotify_to_s3_extraction' retrieved from /opt/airflow/dags/spotify_to_csvs_to_s3.py
[2024-04-18T19:59:33.290+0000] {logging_mixin.py:188} INFO - [2024-04-18T19:59:33.289+0000] {dag.py:3047} INFO - Sync 1 DAGs
[2024-04-18T19:59:33.324+0000] {logging_mixin.py:188} INFO - [2024-04-18T19:59:33.323+0000] {dag.py:3834} INFO - Setting next_dagrun for spotify_to_s3_extraction to 2024-04-17 00:00:00+00:00, run_after=2024-04-18 00:00:00+00:00
[2024-04-18T19:59:33.351+0000] {processor.py:183} INFO - Processing /opt/airflow/dags/spotify_to_csvs_to_s3.py took 0.727 seconds
[2024-04-18T20:08:29.367+0000] {processor.py:161} INFO - Started process (PID=34816) to work on /opt/airflow/dags/spotify_to_csvs_to_s3.py
[2024-04-18T20:08:29.370+0000] {processor.py:830} INFO - Processing file /opt/airflow/dags/spotify_to_csvs_to_s3.py for tasks to queue
[2024-04-18T20:08:29.374+0000] {logging_mixin.py:188} INFO - [2024-04-18T20:08:29.373+0000] {dagbag.py:540} INFO - Filling up the DagBag from /opt/airflow/dags/spotify_to_csvs_to_s3.py
[2024-04-18T20:08:31.112+0000] {logging_mixin.py:188} INFO - Authenticating User...
[2024-04-18T20:08:31.124+0000] {logging_mixin.py:188} INFO - csv_data/albums_table.csv 
[2024-04-18T20:08:31.125+0000] {logging_mixin.py:188} INFO - albums_table.csv
[2024-04-18T20:08:31.126+0000] {logging_mixin.py:188} INFO - csv_data/artists_table.csv 
[2024-04-18T20:08:31.127+0000] {logging_mixin.py:188} INFO - artists_table.csv
[2024-04-18T20:08:31.128+0000] {logging_mixin.py:188} INFO - csv_data/track_table.csv 
[2024-04-18T20:08:31.129+0000] {logging_mixin.py:188} INFO - track_table.csv
[2024-04-18T20:08:31.134+0000] {processor.py:840} INFO - DAG(s) 'spotify_to_s3_extraction' retrieved from /opt/airflow/dags/spotify_to_csvs_to_s3.py
[2024-04-18T20:08:31.189+0000] {logging_mixin.py:188} INFO - [2024-04-18T20:08:31.188+0000] {dag.py:3047} INFO - Sync 1 DAGs
[2024-04-18T20:08:31.249+0000] {logging_mixin.py:188} INFO - [2024-04-18T20:08:31.248+0000] {dag.py:3834} INFO - Setting next_dagrun for spotify_to_s3_extraction to 2024-04-17 00:00:00+00:00, run_after=2024-04-18 00:00:00+00:00
[2024-04-18T20:08:31.305+0000] {processor.py:183} INFO - Processing /opt/airflow/dags/spotify_to_csvs_to_s3.py took 1.958 seconds
[2024-04-18T20:09:01.479+0000] {processor.py:161} INFO - Started process (PID=34828) to work on /opt/airflow/dags/spotify_to_csvs_to_s3.py
[2024-04-18T20:09:01.481+0000] {processor.py:830} INFO - Processing file /opt/airflow/dags/spotify_to_csvs_to_s3.py for tasks to queue
[2024-04-18T20:09:01.483+0000] {logging_mixin.py:188} INFO - [2024-04-18T20:09:01.482+0000] {dagbag.py:540} INFO - Filling up the DagBag from /opt/airflow/dags/spotify_to_csvs_to_s3.py
[2024-04-18T20:09:02.073+0000] {logging_mixin.py:188} INFO - Authenticating User...
[2024-04-18T20:09:02.081+0000] {logging_mixin.py:188} INFO - csv_data/albums_table.csv 
[2024-04-18T20:09:02.082+0000] {logging_mixin.py:188} INFO - albums_table.csv
[2024-04-18T20:09:02.083+0000] {logging_mixin.py:188} INFO - csv_data/artists_table.csv 
[2024-04-18T20:09:02.084+0000] {logging_mixin.py:188} INFO - artists_table.csv
[2024-04-18T20:09:02.085+0000] {logging_mixin.py:188} INFO - csv_data/track_table.csv 
[2024-04-18T20:09:02.085+0000] {logging_mixin.py:188} INFO - track_table.csv
[2024-04-18T20:09:02.088+0000] {processor.py:840} INFO - DAG(s) 'spotify_to_s3_extraction' retrieved from /opt/airflow/dags/spotify_to_csvs_to_s3.py
[2024-04-18T20:09:02.123+0000] {logging_mixin.py:188} INFO - [2024-04-18T20:09:02.122+0000] {dag.py:3047} INFO - Sync 1 DAGs
[2024-04-18T20:09:02.156+0000] {logging_mixin.py:188} INFO - [2024-04-18T20:09:02.156+0000] {dag.py:3834} INFO - Setting next_dagrun for spotify_to_s3_extraction to 2024-04-17 00:00:00+00:00, run_after=2024-04-18 00:00:00+00:00
[2024-04-18T20:09:02.185+0000] {processor.py:183} INFO - Processing /opt/airflow/dags/spotify_to_csvs_to_s3.py took 0.711 seconds
[2024-04-18T20:09:43.387+0000] {processor.py:161} INFO - Started process (PID=34840) to work on /opt/airflow/dags/spotify_to_csvs_to_s3.py
[2024-04-18T20:09:43.390+0000] {processor.py:830} INFO - Processing file /opt/airflow/dags/spotify_to_csvs_to_s3.py for tasks to queue
[2024-04-18T20:09:43.393+0000] {logging_mixin.py:188} INFO - [2024-04-18T20:09:43.392+0000] {dagbag.py:540} INFO - Filling up the DagBag from /opt/airflow/dags/spotify_to_csvs_to_s3.py
[2024-04-18T20:09:45.248+0000] {logging_mixin.py:188} INFO - Authenticating User...
[2024-04-18T20:09:45.263+0000] {logging_mixin.py:188} INFO - csv_data/albums_table.csv 
[2024-04-18T20:09:45.264+0000] {logging_mixin.py:188} INFO - albums_table.csv
[2024-04-18T20:09:45.265+0000] {logging_mixin.py:188} INFO - csv_data/artists_table.csv 
[2024-04-18T20:09:45.269+0000] {logging_mixin.py:188} INFO - artists_table.csv
[2024-04-18T20:09:45.271+0000] {logging_mixin.py:188} INFO - csv_data/track_table.csv 
[2024-04-18T20:09:45.274+0000] {logging_mixin.py:188} INFO - track_table.csv
[2024-04-18T20:09:45.300+0000] {processor.py:840} INFO - DAG(s) 'spotify_to_s3_extraction' retrieved from /opt/airflow/dags/spotify_to_csvs_to_s3.py
[2024-04-18T20:09:45.368+0000] {logging_mixin.py:188} INFO - [2024-04-18T20:09:45.367+0000] {dag.py:3047} INFO - Sync 1 DAGs
[2024-04-18T20:09:45.430+0000] {logging_mixin.py:188} INFO - [2024-04-18T20:09:45.429+0000] {dag.py:3834} INFO - Setting next_dagrun for spotify_to_s3_extraction to 2024-04-17 00:00:00+00:00, run_after=2024-04-18 00:00:00+00:00
[2024-04-18T20:09:45.478+0000] {processor.py:183} INFO - Processing /opt/airflow/dags/spotify_to_csvs_to_s3.py took 2.100 seconds
[2024-04-18T21:09:51.895+0000] {processor.py:161} INFO - Started process (PID=34846) to work on /opt/airflow/dags/spotify_to_csvs_to_s3.py
[2024-04-18T21:09:51.898+0000] {processor.py:830} INFO - Processing file /opt/airflow/dags/spotify_to_csvs_to_s3.py for tasks to queue
[2024-04-18T21:09:51.900+0000] {logging_mixin.py:188} INFO - [2024-04-18T21:09:51.900+0000] {dagbag.py:540} INFO - Filling up the DagBag from /opt/airflow/dags/spotify_to_csvs_to_s3.py
[2024-04-18T21:09:54.255+0000] {logging_mixin.py:188} INFO - Authenticating User...
[2024-04-18T21:09:54.270+0000] {logging_mixin.py:188} INFO - csv_data/albums_table.csv 
[2024-04-18T21:09:54.271+0000] {logging_mixin.py:188} INFO - albums_table.csv
[2024-04-18T21:09:54.272+0000] {logging_mixin.py:188} INFO - csv_data/artists_table.csv 
[2024-04-18T21:09:54.274+0000] {logging_mixin.py:188} INFO - artists_table.csv
[2024-04-18T21:09:54.274+0000] {logging_mixin.py:188} INFO - csv_data/track_table.csv 
[2024-04-18T21:09:54.275+0000] {logging_mixin.py:188} INFO - track_table.csv
[2024-04-18T21:09:54.279+0000] {processor.py:840} INFO - DAG(s) 'spotify_to_s3_extraction' retrieved from /opt/airflow/dags/spotify_to_csvs_to_s3.py
[2024-04-18T21:09:54.333+0000] {logging_mixin.py:188} INFO - [2024-04-18T21:09:54.332+0000] {dag.py:3047} INFO - Sync 1 DAGs
[2024-04-18T21:09:54.393+0000] {logging_mixin.py:188} INFO - [2024-04-18T21:09:54.392+0000] {dag.py:3834} INFO - Setting next_dagrun for spotify_to_s3_extraction to 2024-04-17 00:00:00+00:00, run_after=2024-04-18 00:00:00+00:00
[2024-04-18T21:09:54.434+0000] {processor.py:183} INFO - Processing /opt/airflow/dags/spotify_to_csvs_to_s3.py took 2.548 seconds
[2024-04-18T21:10:24.660+0000] {processor.py:161} INFO - Started process (PID=34858) to work on /opt/airflow/dags/spotify_to_csvs_to_s3.py
[2024-04-18T21:10:24.662+0000] {processor.py:830} INFO - Processing file /opt/airflow/dags/spotify_to_csvs_to_s3.py for tasks to queue
[2024-04-18T21:10:24.664+0000] {logging_mixin.py:188} INFO - [2024-04-18T21:10:24.664+0000] {dagbag.py:540} INFO - Filling up the DagBag from /opt/airflow/dags/spotify_to_csvs_to_s3.py
[2024-04-18T21:10:25.267+0000] {logging_mixin.py:188} INFO - Authenticating User...
[2024-04-18T21:10:25.275+0000] {logging_mixin.py:188} INFO - csv_data/albums_table.csv 
[2024-04-18T21:10:25.276+0000] {logging_mixin.py:188} INFO - albums_table.csv
[2024-04-18T21:10:25.277+0000] {logging_mixin.py:188} INFO - csv_data/artists_table.csv 
[2024-04-18T21:10:25.278+0000] {logging_mixin.py:188} INFO - artists_table.csv
[2024-04-18T21:10:25.278+0000] {logging_mixin.py:188} INFO - csv_data/track_table.csv 
[2024-04-18T21:10:25.279+0000] {logging_mixin.py:188} INFO - track_table.csv
[2024-04-18T21:10:25.281+0000] {processor.py:840} INFO - DAG(s) 'spotify_to_s3_extraction' retrieved from /opt/airflow/dags/spotify_to_csvs_to_s3.py
[2024-04-18T21:10:25.315+0000] {logging_mixin.py:188} INFO - [2024-04-18T21:10:25.314+0000] {dag.py:3047} INFO - Sync 1 DAGs
[2024-04-18T21:10:25.351+0000] {logging_mixin.py:188} INFO - [2024-04-18T21:10:25.351+0000] {dag.py:3834} INFO - Setting next_dagrun for spotify_to_s3_extraction to 2024-04-17 00:00:00+00:00, run_after=2024-04-18 00:00:00+00:00
[2024-04-18T21:10:25.381+0000] {processor.py:183} INFO - Processing /opt/airflow/dags/spotify_to_csvs_to_s3.py took 0.726 seconds
[2024-04-18T22:10:49.081+0000] {processor.py:161} INFO - Started process (PID=34870) to work on /opt/airflow/dags/spotify_to_csvs_to_s3.py
[2024-04-18T22:10:49.096+0000] {processor.py:830} INFO - Processing file /opt/airflow/dags/spotify_to_csvs_to_s3.py for tasks to queue
[2024-04-18T22:10:49.099+0000] {logging_mixin.py:188} INFO - [2024-04-18T22:10:49.098+0000] {dagbag.py:540} INFO - Filling up the DagBag from /opt/airflow/dags/spotify_to_csvs_to_s3.py
[2024-04-18T22:10:50.564+0000] {logging_mixin.py:188} INFO - Authenticating User...
[2024-04-18T22:10:50.576+0000] {logging_mixin.py:188} INFO - csv_data/albums_table.csv 
[2024-04-18T22:10:50.577+0000] {logging_mixin.py:188} INFO - albums_table.csv
[2024-04-18T22:10:50.578+0000] {logging_mixin.py:188} INFO - csv_data/artists_table.csv 
[2024-04-18T22:10:50.579+0000] {logging_mixin.py:188} INFO - artists_table.csv
[2024-04-18T22:10:50.580+0000] {logging_mixin.py:188} INFO - csv_data/track_table.csv 
[2024-04-18T22:10:50.581+0000] {logging_mixin.py:188} INFO - track_table.csv
[2024-04-18T22:10:50.586+0000] {processor.py:840} INFO - DAG(s) 'spotify_to_s3_extraction' retrieved from /opt/airflow/dags/spotify_to_csvs_to_s3.py
[2024-04-18T22:10:50.659+0000] {logging_mixin.py:188} INFO - [2024-04-18T22:10:50.658+0000] {dag.py:3047} INFO - Sync 1 DAGs
[2024-04-18T22:10:50.718+0000] {logging_mixin.py:188} INFO - [2024-04-18T22:10:50.717+0000] {dag.py:3834} INFO - Setting next_dagrun for spotify_to_s3_extraction to 2024-04-17 00:00:00+00:00, run_after=2024-04-18 00:00:00+00:00
[2024-04-18T22:10:50.768+0000] {processor.py:183} INFO - Processing /opt/airflow/dags/spotify_to_csvs_to_s3.py took 1.696 seconds
[2024-04-18T22:11:20.984+0000] {processor.py:161} INFO - Started process (PID=34882) to work on /opt/airflow/dags/spotify_to_csvs_to_s3.py
[2024-04-18T22:11:20.986+0000] {processor.py:830} INFO - Processing file /opt/airflow/dags/spotify_to_csvs_to_s3.py for tasks to queue
[2024-04-18T22:11:20.988+0000] {logging_mixin.py:188} INFO - [2024-04-18T22:11:20.988+0000] {dagbag.py:540} INFO - Filling up the DagBag from /opt/airflow/dags/spotify_to_csvs_to_s3.py
[2024-04-18T22:11:21.585+0000] {logging_mixin.py:188} INFO - Authenticating User...
[2024-04-18T22:11:21.601+0000] {logging_mixin.py:188} INFO - csv_data/albums_table.csv 
[2024-04-18T22:11:21.601+0000] {logging_mixin.py:188} INFO - albums_table.csv
[2024-04-18T22:11:21.603+0000] {logging_mixin.py:188} INFO - csv_data/artists_table.csv 
[2024-04-18T22:11:21.603+0000] {logging_mixin.py:188} INFO - artists_table.csv
[2024-04-18T22:11:21.604+0000] {logging_mixin.py:188} INFO - csv_data/track_table.csv 
[2024-04-18T22:11:21.605+0000] {logging_mixin.py:188} INFO - track_table.csv
[2024-04-18T22:11:21.608+0000] {processor.py:840} INFO - DAG(s) 'spotify_to_s3_extraction' retrieved from /opt/airflow/dags/spotify_to_csvs_to_s3.py
[2024-04-18T22:11:21.648+0000] {logging_mixin.py:188} INFO - [2024-04-18T22:11:21.647+0000] {dag.py:3047} INFO - Sync 1 DAGs
[2024-04-18T22:11:21.713+0000] {logging_mixin.py:188} INFO - [2024-04-18T22:11:21.713+0000] {dag.py:3834} INFO - Setting next_dagrun for spotify_to_s3_extraction to 2024-04-17 00:00:00+00:00, run_after=2024-04-18 00:00:00+00:00
[2024-04-18T22:11:21.809+0000] {processor.py:183} INFO - Processing /opt/airflow/dags/spotify_to_csvs_to_s3.py took 0.831 seconds
[2024-04-18T22:12:03.414+0000] {processor.py:161} INFO - Started process (PID=34895) to work on /opt/airflow/dags/spotify_to_csvs_to_s3.py
[2024-04-18T22:12:03.436+0000] {processor.py:830} INFO - Processing file /opt/airflow/dags/spotify_to_csvs_to_s3.py for tasks to queue
[2024-04-18T22:12:03.438+0000] {logging_mixin.py:188} INFO - [2024-04-18T22:12:03.438+0000] {dagbag.py:540} INFO - Filling up the DagBag from /opt/airflow/dags/spotify_to_csvs_to_s3.py
[2024-04-18T22:12:04.964+0000] {logging_mixin.py:188} INFO - Authenticating User...
[2024-04-18T22:12:04.977+0000] {logging_mixin.py:188} INFO - csv_data/albums_table.csv 
[2024-04-18T22:12:04.979+0000] {logging_mixin.py:188} INFO - albums_table.csv
[2024-04-18T22:12:04.980+0000] {logging_mixin.py:188} INFO - csv_data/artists_table.csv 
[2024-04-18T22:12:04.981+0000] {logging_mixin.py:188} INFO - artists_table.csv
[2024-04-18T22:12:04.983+0000] {logging_mixin.py:188} INFO - csv_data/track_table.csv 
[2024-04-18T22:12:04.984+0000] {logging_mixin.py:188} INFO - track_table.csv
[2024-04-18T22:12:04.988+0000] {processor.py:840} INFO - DAG(s) 'spotify_to_s3_extraction' retrieved from /opt/airflow/dags/spotify_to_csvs_to_s3.py
[2024-04-18T22:12:05.056+0000] {logging_mixin.py:188} INFO - [2024-04-18T22:12:05.055+0000] {dag.py:3047} INFO - Sync 1 DAGs
[2024-04-18T22:12:05.117+0000] {logging_mixin.py:188} INFO - [2024-04-18T22:12:05.117+0000] {dag.py:3834} INFO - Setting next_dagrun for spotify_to_s3_extraction to 2024-04-17 00:00:00+00:00, run_after=2024-04-18 00:00:00+00:00
[2024-04-18T22:12:05.179+0000] {processor.py:183} INFO - Processing /opt/airflow/dags/spotify_to_csvs_to_s3.py took 1.774 seconds
[2024-04-18T23:12:09.542+0000] {processor.py:161} INFO - Started process (PID=34901) to work on /opt/airflow/dags/spotify_to_csvs_to_s3.py
[2024-04-18T23:12:09.544+0000] {processor.py:830} INFO - Processing file /opt/airflow/dags/spotify_to_csvs_to_s3.py for tasks to queue
[2024-04-18T23:12:09.546+0000] {logging_mixin.py:188} INFO - [2024-04-18T23:12:09.545+0000] {dagbag.py:540} INFO - Filling up the DagBag from /opt/airflow/dags/spotify_to_csvs_to_s3.py
[2024-04-18T23:12:10.264+0000] {logging_mixin.py:188} INFO - Authenticating User...
[2024-04-18T23:12:10.272+0000] {logging_mixin.py:188} INFO - csv_data/albums_table.csv 
[2024-04-18T23:12:10.272+0000] {logging_mixin.py:188} INFO - albums_table.csv
[2024-04-18T23:12:10.273+0000] {logging_mixin.py:188} INFO - csv_data/artists_table.csv 
[2024-04-18T23:12:10.273+0000] {logging_mixin.py:188} INFO - artists_table.csv
[2024-04-18T23:12:10.274+0000] {logging_mixin.py:188} INFO - csv_data/track_table.csv 
[2024-04-18T23:12:10.274+0000] {logging_mixin.py:188} INFO - track_table.csv
[2024-04-18T23:12:10.277+0000] {processor.py:840} INFO - DAG(s) 'spotify_to_s3_extraction' retrieved from /opt/airflow/dags/spotify_to_csvs_to_s3.py
[2024-04-18T23:12:10.310+0000] {logging_mixin.py:188} INFO - [2024-04-18T23:12:10.310+0000] {dag.py:3047} INFO - Sync 1 DAGs
[2024-04-18T23:12:10.343+0000] {logging_mixin.py:188} INFO - [2024-04-18T23:12:10.342+0000] {dag.py:3834} INFO - Setting next_dagrun for spotify_to_s3_extraction to 2024-04-17 00:00:00+00:00, run_after=2024-04-18 00:00:00+00:00
[2024-04-18T23:12:10.373+0000] {processor.py:183} INFO - Processing /opt/airflow/dags/spotify_to_csvs_to_s3.py took 0.837 seconds
[2024-04-18T23:12:40.461+0000] {processor.py:161} INFO - Started process (PID=34913) to work on /opt/airflow/dags/spotify_to_csvs_to_s3.py
[2024-04-18T23:12:40.463+0000] {processor.py:830} INFO - Processing file /opt/airflow/dags/spotify_to_csvs_to_s3.py for tasks to queue
[2024-04-18T23:12:40.465+0000] {logging_mixin.py:188} INFO - [2024-04-18T23:12:40.465+0000] {dagbag.py:540} INFO - Filling up the DagBag from /opt/airflow/dags/spotify_to_csvs_to_s3.py
[2024-04-18T23:12:41.114+0000] {logging_mixin.py:188} INFO - Authenticating User...
[2024-04-18T23:12:41.122+0000] {logging_mixin.py:188} INFO - csv_data/albums_table.csv 
[2024-04-18T23:12:41.123+0000] {logging_mixin.py:188} INFO - albums_table.csv
[2024-04-18T23:12:41.124+0000] {logging_mixin.py:188} INFO - csv_data/artists_table.csv 
[2024-04-18T23:12:41.125+0000] {logging_mixin.py:188} INFO - artists_table.csv
[2024-04-18T23:12:41.125+0000] {logging_mixin.py:188} INFO - csv_data/track_table.csv 
[2024-04-18T23:12:41.126+0000] {logging_mixin.py:188} INFO - track_table.csv
[2024-04-18T23:12:41.129+0000] {processor.py:840} INFO - DAG(s) 'spotify_to_s3_extraction' retrieved from /opt/airflow/dags/spotify_to_csvs_to_s3.py
[2024-04-18T23:12:41.164+0000] {logging_mixin.py:188} INFO - [2024-04-18T23:12:41.163+0000] {dag.py:3047} INFO - Sync 1 DAGs
[2024-04-18T23:12:41.199+0000] {logging_mixin.py:188} INFO - [2024-04-18T23:12:41.198+0000] {dag.py:3834} INFO - Setting next_dagrun for spotify_to_s3_extraction to 2024-04-17 00:00:00+00:00, run_after=2024-04-18 00:00:00+00:00
[2024-04-18T23:12:41.227+0000] {processor.py:183} INFO - Processing /opt/airflow/dags/spotify_to_csvs_to_s3.py took 0.772 seconds
