[2024-04-10T01:08:38.785+0000] {taskinstance.py:1979} INFO - Dependencies all met for dep_context=non-requeueable deps ti=<TaskInstance: billboard_to_spotify_to_s3_extractionV1.sptoify_to_csv scheduled__2024-04-04T00:00:00+00:00 [queued]>
[2024-04-10T01:08:38.883+0000] {taskinstance.py:1979} INFO - Dependencies all met for dep_context=requeueable deps ti=<TaskInstance: billboard_to_spotify_to_s3_extractionV1.sptoify_to_csv scheduled__2024-04-04T00:00:00+00:00 [queued]>
[2024-04-10T01:08:38.887+0000] {taskinstance.py:2193} INFO - Starting attempt 1 of 6
[2024-04-10T01:08:39.054+0000] {taskinstance.py:2217} INFO - Executing <Task(PythonOperator): sptoify_to_csv> on 2024-04-04 00:00:00+00:00
[2024-04-10T01:08:39.081+0000] {standard_task_runner.py:60} INFO - Started process 126 to run task
[2024-04-10T01:08:39.136+0000] {standard_task_runner.py:87} INFO - Running: ['***', 'tasks', 'run', 'billboard_to_spotify_to_s3_extractionV1', 'sptoify_to_csv', 'scheduled__2024-04-04T00:00:00+00:00', '--job-id', '1610', '--raw', '--subdir', 'DAGS_FOLDER/billboard_to_spotify_to_csvs_to_s3.py', '--cfg-path', '/tmp/tmpyrfkgvtg']
[2024-04-10T01:08:39.204+0000] {standard_task_runner.py:88} INFO - Job 1610: Subtask sptoify_to_csv
[2024-04-10T01:08:39.605+0000] {task_command.py:423} INFO - Running <TaskInstance: billboard_to_spotify_to_s3_extractionV1.sptoify_to_csv scheduled__2024-04-04T00:00:00+00:00 [running]> on host 66d8d046c9ac
[2024-04-10T01:08:40.269+0000] {taskinstance.py:2513} INFO - Exporting env vars: AIRFLOW_CTX_DAG_OWNER='Nathaniel Solomon' AIRFLOW_CTX_DAG_ID='billboard_to_spotify_to_s3_extractionV1' AIRFLOW_CTX_TASK_ID='sptoify_to_csv' AIRFLOW_CTX_EXECUTION_DATE='2024-04-04T00:00:00+00:00' AIRFLOW_CTX_TRY_NUMBER='1' AIRFLOW_CTX_DAG_RUN_ID='scheduled__2024-04-04T00:00:00+00:00'
[2024-04-10T01:08:40.336+0000] {logging_mixin.py:188} INFO - GOT THE TOP ARTISTS DAT FROM XCOM
[2024-04-10T01:08:40.338+0000] {logging_mixin.py:188} INFO - GETTING ARTISTS BIO DATA
[2024-04-10T01:08:45.203+0000] {logging_mixin.py:188} INFO - GETTING ARTISTS ALBUMS DATA
[2024-04-10T01:08:45.510+0000] {logging_mixin.py:188} INFO - Beyoncé has appeared on a total of 258 albums
[2024-04-10T01:08:45.512+0000] {logging_mixin.py:188} INFO -  Now stagging the albums ...
[2024-04-10T01:08:48.922+0000] {logging_mixin.py:188} INFO -  Beyoncé albums stagged ... 
[2024-04-10T01:08:48.926+0000] {logging_mixin.py:188} INFO -  transforming Beyoncé albums data ... 
[2024-04-10T01:08:48.929+0000] {logging_mixin.py:188} INFO - GETTING ALBUMS TRACKS DATA
[2024-04-10T01:08:49.202+0000] {logging_mixin.py:188} INFO -  Now stagging the tracks ...
[2024-04-10T01:08:49.204+0000] {logging_mixin.py:188} INFO -  COWBOY CARTER tracks stagged ... 
[2024-04-10T01:08:49.206+0000] {logging_mixin.py:188} INFO -  transforming COWBOY CARTER tracks data ... 
[2024-04-10T01:08:55.168+0000] {logging_mixin.py:188} INFO - GETTING ALBUMS TRACKS DATA
[2024-04-10T01:08:55.404+0000] {logging_mixin.py:188} INFO -  Now stagging the tracks ...
[2024-04-10T01:08:55.405+0000] {logging_mixin.py:188} INFO -  RENAISSANCE tracks stagged ... 
[2024-04-10T01:08:55.406+0000] {logging_mixin.py:188} INFO -  transforming RENAISSANCE tracks data ... 
[2024-04-10T01:08:57.220+0000] {logging_mixin.py:188} INFO - GETTING ALBUMS TRACKS DATA
[2024-04-10T01:08:57.463+0000] {logging_mixin.py:188} INFO -  Now stagging the tracks ...
[2024-04-10T01:08:57.467+0000] {logging_mixin.py:188} INFO -  The Lion King: The Gift [Deluxe Edition] tracks stagged ... 
[2024-04-10T01:08:57.468+0000] {logging_mixin.py:188} INFO -  transforming The Lion King: The Gift [Deluxe Edition] tracks data ... 
[2024-04-10T01:08:59.266+0000] {logging_mixin.py:188} INFO - GETTING ALBUMS TRACKS DATA
[2024-04-10T01:08:59.489+0000] {logging_mixin.py:188} INFO -  Now stagging the tracks ...
[2024-04-10T01:08:59.490+0000] {logging_mixin.py:188} INFO -  The Lion King: The Gift tracks stagged ... 
[2024-04-10T01:08:59.491+0000] {logging_mixin.py:188} INFO -  transforming The Lion King: The Gift tracks data ... 
[2024-04-10T01:09:06.677+0000] {logging_mixin.py:188} INFO - GETTING ALBUMS TRACKS DATA
[2024-04-10T01:09:06.993+0000] {logging_mixin.py:188} INFO -  Now stagging the tracks ...
[2024-04-10T01:09:06.994+0000] {logging_mixin.py:188} INFO -  HOMECOMING: THE LIVE ALBUM tracks stagged ... 
[2024-04-10T01:09:06.994+0000] {logging_mixin.py:188} INFO -  transforming HOMECOMING: THE LIVE ALBUM tracks data ... 
[2024-04-10T01:09:14.975+0000] {logging_mixin.py:188} INFO - GETTING ALBUMS TRACKS DATA
[2024-04-10T01:09:15.178+0000] {logging_mixin.py:188} INFO -  Now stagging the tracks ...
[2024-04-10T01:09:15.178+0000] {logging_mixin.py:188} INFO -  Lemonade tracks stagged ... 
[2024-04-10T01:09:15.179+0000] {logging_mixin.py:188} INFO -  transforming Lemonade tracks data ... 
[2024-04-10T01:09:25.291+0000] {logging_mixin.py:188} INFO - GETTING ALBUMS TRACKS DATA
[2024-04-10T01:09:25.522+0000] {logging_mixin.py:188} INFO -  Now stagging the tracks ...
[2024-04-10T01:09:25.523+0000] {logging_mixin.py:188} INFO -  BEYONCÉ [Platinum Edition] tracks stagged ... 
[2024-04-10T01:09:25.524+0000] {logging_mixin.py:188} INFO -  transforming BEYONCÉ [Platinum Edition] tracks data ... 
[2024-04-10T01:09:35.508+0000] {logging_mixin.py:188} INFO - GETTING ALBUMS TRACKS DATA
[2024-04-10T01:09:35.740+0000] {logging_mixin.py:188} INFO -  Now stagging the tracks ...
[2024-04-10T01:09:35.742+0000] {logging_mixin.py:188} INFO -  4 tracks stagged ... 
[2024-04-10T01:09:35.742+0000] {logging_mixin.py:188} INFO -  transforming 4 tracks data ... 
[2024-04-10T01:09:45.686+0000] {logging_mixin.py:188} INFO - GETTING ALBUMS TRACKS DATA
[2024-04-10T01:09:45.923+0000] {logging_mixin.py:188} INFO -  Now stagging the tracks ...
[2024-04-10T01:09:45.925+0000] {logging_mixin.py:188} INFO -  I Am...World Tour tracks stagged ... 
[2024-04-10T01:09:45.926+0000] {logging_mixin.py:188} INFO -  transforming I Am...World Tour tracks data ... 
[2024-04-10T01:09:57.271+0000] {logging_mixin.py:188} INFO - GETTING ALBUMS TRACKS DATA
[2024-04-10T01:09:57.496+0000] {logging_mixin.py:188} INFO -  Now stagging the tracks ...
[2024-04-10T01:09:57.498+0000] {logging_mixin.py:188} INFO -  I AM...SASHA FIERCE tracks stagged ... 
[2024-04-10T01:09:57.499+0000] {logging_mixin.py:188} INFO -  transforming I AM...SASHA FIERCE tracks data ... 
[2024-04-10T01:10:05.631+0000] {logging_mixin.py:188} INFO - DONE WITH Beyoncé NOW MOVING TO NEXT ARTIST
[2024-04-10T01:10:05.826+0000] {logging_mixin.py:188} INFO - GETTING ARTISTS ALBUMS DATA
[2024-04-10T01:10:06.104+0000] {logging_mixin.py:188} INFO - Taylor Swift has appeared on a total of 382 albums
[2024-04-10T01:10:06.106+0000] {logging_mixin.py:188} INFO -  Now stagging the albums ...
[2024-04-10T01:10:26.830+0000] {logging_mixin.py:188} INFO -  Taylor Swift albums stagged ... 
[2024-04-10T01:10:26.831+0000] {logging_mixin.py:188} INFO -  transforming Taylor Swift albums data ... 
[2024-04-10T01:10:26.831+0000] {logging_mixin.py:188} INFO - GETTING ALBUMS TRACKS DATA
[2024-04-10T01:10:27.059+0000] {logging_mixin.py:188} INFO -  Now stagging the tracks ...
[2024-04-10T01:10:27.060+0000] {logging_mixin.py:188} INFO -  1989 (Taylor's Version) [Deluxe] tracks stagged ... 
[2024-04-10T01:10:27.061+0000] {logging_mixin.py:188} INFO -  transforming 1989 (Taylor's Version) [Deluxe] tracks data ... 
[2024-04-10T01:10:36.191+0000] {logging_mixin.py:188} INFO - GETTING ALBUMS TRACKS DATA
[2024-04-10T01:10:36.411+0000] {logging_mixin.py:188} INFO -  Now stagging the tracks ...
[2024-04-10T01:10:36.412+0000] {logging_mixin.py:188} INFO -  1989 (Taylor's Version) tracks stagged ... 
[2024-04-10T01:10:36.413+0000] {logging_mixin.py:188} INFO -  transforming 1989 (Taylor's Version) tracks data ... 
[2024-04-10T01:10:38.255+0000] {logging_mixin.py:188} INFO - GETTING ALBUMS TRACKS DATA
[2024-04-10T01:10:38.510+0000] {logging_mixin.py:188} INFO -  Now stagging the tracks ...
[2024-04-10T01:10:38.510+0000] {logging_mixin.py:188} INFO -  Speak Now (Taylor's Version) tracks stagged ... 
[2024-04-10T01:10:38.511+0000] {logging_mixin.py:188} INFO -  transforming Speak Now (Taylor's Version) tracks data ... 
[2024-04-10T01:10:40.294+0000] {logging_mixin.py:188} INFO - GETTING ALBUMS TRACKS DATA
[2024-04-10T01:10:44.762+0000] {logging_mixin.py:188} INFO -  Now stagging the tracks ...
[2024-04-10T01:10:44.763+0000] {logging_mixin.py:188} INFO -  Midnights (The Til Dawn Edition) tracks stagged ... 
[2024-04-10T01:10:44.764+0000] {logging_mixin.py:188} INFO -  transforming Midnights (The Til Dawn Edition) tracks data ... 
[2024-04-10T01:10:48.704+0000] {client.py:302} ERROR - Max Retries reached
[2024-04-10T01:10:48.705+0000] {taskinstance.py:2731} ERROR - Task failed with exception
Traceback (most recent call last):
  File "/home/airflow/.local/lib/python3.8/site-packages/requests/adapters.py", line 486, in send
    resp = conn.urlopen(
  File "/home/airflow/.local/lib/python3.8/site-packages/urllib3/connectionpool.py", line 894, in urlopen
    return self.urlopen(
  File "/home/airflow/.local/lib/python3.8/site-packages/urllib3/connectionpool.py", line 894, in urlopen
    return self.urlopen(
  File "/home/airflow/.local/lib/python3.8/site-packages/urllib3/connectionpool.py", line 894, in urlopen
    return self.urlopen(
  File "/home/airflow/.local/lib/python3.8/site-packages/urllib3/connectionpool.py", line 884, in urlopen
    retries = retries.increment(method, url, response=response, _pool=self)
  File "/home/airflow/.local/lib/python3.8/site-packages/urllib3/util/retry.py", line 592, in increment
    raise MaxRetryError(_pool, url, error or ResponseError(cause))
urllib3.exceptions.MaxRetryError: HTTPSConnectionPool(host='api.spotify.com', port=443): Max retries exceeded with url: /v1/audio-features/?ids=0VpF6RLdCfPIeYRwMu4tZK (Caused by ResponseError('too many 429 error responses'))

During handling of the above exception, another exception occurred:

Traceback (most recent call last):
  File "/home/airflow/.local/lib/python3.8/site-packages/spotipy/client.py", line 266, in _internal_call
    response = self._session.request(
  File "/home/airflow/.local/lib/python3.8/site-packages/requests/sessions.py", line 589, in request
    resp = self.send(prep, **send_kwargs)
  File "/home/airflow/.local/lib/python3.8/site-packages/requests/sessions.py", line 703, in send
    r = adapter.send(request, **kwargs)
  File "/home/airflow/.local/lib/python3.8/site-packages/requests/adapters.py", line 510, in send
    raise RetryError(e, request=request)
requests.exceptions.RetryError: HTTPSConnectionPool(host='api.spotify.com', port=443): Max retries exceeded with url: /v1/audio-features/?ids=0VpF6RLdCfPIeYRwMu4tZK (Caused by ResponseError('too many 429 error responses'))

During handling of the above exception, another exception occurred:

Traceback (most recent call last):
  File "/home/airflow/.local/lib/python3.8/site-packages/airflow/models/taskinstance.py", line 444, in _execute_task
    result = _execute_callable(context=context, **execute_callable_kwargs)
  File "/home/airflow/.local/lib/python3.8/site-packages/airflow/models/taskinstance.py", line 414, in _execute_callable
    return execute_callable(context=context, **execute_callable_kwargs)
  File "/home/airflow/.local/lib/python3.8/site-packages/airflow/operators/python.py", line 200, in execute
    return_value = self.execute_callable()
  File "/home/airflow/.local/lib/python3.8/site-packages/airflow/operators/python.py", line 217, in execute_callable
    return self.python_callable(*self.op_args, **self.op_kwargs)
  File "/opt/airflow/dags/billboard_to_spotify_to_csvs_to_s3.py", line 156, in Spotify_to_CSV
    track_features = sp.audio_features(track['uri'])
  File "/home/airflow/.local/lib/python3.8/site-packages/spotipy/client.py", line 1734, in audio_features
    results = self._get("audio-features/?ids=" + trackid)
  File "/home/airflow/.local/lib/python3.8/site-packages/spotipy/client.py", line 323, in _get
    return self._internal_call("GET", url, payload, kwargs)
  File "/home/airflow/.local/lib/python3.8/site-packages/spotipy/client.py", line 307, in _internal_call
    raise SpotifyException(
spotipy.exceptions.SpotifyException: http status: 429, code:-1 - /v1/audio-features/?ids=0VpF6RLdCfPIeYRwMu4tZK:
 Max Retries, reason: too many 429 error responses
[2024-04-10T01:10:48.719+0000] {taskinstance.py:1149} INFO - Marking task as UP_FOR_RETRY. dag_id=billboard_to_spotify_to_s3_extractionV1, task_id=sptoify_to_csv, execution_date=20240404T000000, start_date=20240410T010838, end_date=20240410T011048
[2024-04-10T01:10:48.737+0000] {standard_task_runner.py:107} ERROR - Failed to execute job 1610 for task sptoify_to_csv (http status: 429, code:-1 - /v1/audio-features/?ids=0VpF6RLdCfPIeYRwMu4tZK:
 Max Retries, reason: too many 429 error responses; 126)
[2024-04-10T01:10:48.751+0000] {local_task_job_runner.py:234} INFO - Task exited with return code 1
[2024-04-10T01:10:48.778+0000] {taskinstance.py:3312} INFO - 0 downstream tasks scheduled from follow-on schedule check
