[2024-03-20T23:48:33.009+0000] {taskinstance.py:1979} INFO - Dependencies all met for dep_context=non-requeueable deps ti=<TaskInstance: spotify_to_s3_data_extraction_v1.sptoify_to_csv scheduled__2024-03-20T23:33:00+00:00 [queued]>
[2024-03-20T23:48:33.027+0000] {taskinstance.py:1979} INFO - Dependencies all met for dep_context=requeueable deps ti=<TaskInstance: spotify_to_s3_data_extraction_v1.sptoify_to_csv scheduled__2024-03-20T23:33:00+00:00 [queued]>
[2024-03-20T23:48:33.028+0000] {taskinstance.py:2193} INFO - Starting attempt 1 of 6
[2024-03-20T23:48:33.062+0000] {taskinstance.py:2217} INFO - Executing <Task(PythonOperator): sptoify_to_csv> on 2024-03-20 23:33:00+00:00
[2024-03-20T23:48:33.073+0000] {standard_task_runner.py:60} INFO - Started process 950 to run task
[2024-03-20T23:48:33.079+0000] {standard_task_runner.py:87} INFO - Running: ['***', 'tasks', 'run', 'spotify_to_s3_data_extraction_v1', 'sptoify_to_csv', 'scheduled__2024-03-20T23:33:00+00:00', '--job-id', '210', '--raw', '--subdir', 'DAGS_FOLDER/spotify_to_csvs_to_s3.py', '--cfg-path', '/tmp/tmpo82u6p36']
[2024-03-20T23:48:33.084+0000] {standard_task_runner.py:88} INFO - Job 210: Subtask sptoify_to_csv
[2024-03-20T23:48:33.172+0000] {task_command.py:423} INFO - Running <TaskInstance: spotify_to_s3_data_extraction_v1.sptoify_to_csv scheduled__2024-03-20T23:33:00+00:00 [running]> on host ca1809388db1
[2024-03-20T23:48:33.325+0000] {taskinstance.py:2513} INFO - Exporting env vars: AIRFLOW_CTX_DAG_OWNER='Nathaniel Solomon' AIRFLOW_CTX_DAG_ID='spotify_to_s3_data_extraction_v1' AIRFLOW_CTX_TASK_ID='sptoify_to_csv' AIRFLOW_CTX_EXECUTION_DATE='2024-03-20T23:33:00+00:00' AIRFLOW_CTX_TRY_NUMBER='1' AIRFLOW_CTX_DAG_RUN_ID='scheduled__2024-03-20T23:33:00+00:00'
[2024-03-20T23:48:33.328+0000] {logging_mixin.py:188} INFO - The extract function has been executed and this is data in the next line
[2024-03-20T23:48:33.329+0000] {logging_mixin.py:188} INFO - Initiating the Endpoint...
[2024-03-20T23:48:35.275+0000] {logging_mixin.py:188} INFO - Extracting other available tracks
[2024-03-20T23:48:47.139+0000] {logging_mixin.py:188} INFO - Adding the values of index 0 into the appropriate Keys...
[2024-03-20T23:48:48.900+0000] {logging_mixin.py:188} INFO - Adding the values of index 1 into the appropriate Keys...
[2024-03-20T23:48:50.466+0000] {logging_mixin.py:188} INFO - Adding the values of index 2 into the appropriate Keys...
[2024-03-20T23:48:51.936+0000] {logging_mixin.py:188} INFO - Adding the values of index 3 into the appropriate Keys...
[2024-03-20T23:48:53.314+0000] {logging_mixin.py:188} INFO - Adding the values of index 4 into the appropriate Keys...
[2024-03-20T23:48:55.451+0000] {logging_mixin.py:188} INFO - Adding the values of index 5 into the appropriate Keys...
[2024-03-20T23:48:57.115+0000] {logging_mixin.py:188} INFO - Adding the values of index 6 into the appropriate Keys...
[2024-03-20T23:48:58.410+0000] {logging_mixin.py:188} INFO - Adding the values of index 7 into the appropriate Keys...
[2024-03-20T23:49:00.347+0000] {logging_mixin.py:188} INFO - Adding the values of index 8 into the appropriate Keys...
[2024-03-20T23:49:03.152+0000] {logging_mixin.py:188} INFO - Adding the values of index 9 into the appropriate Keys...
[2024-03-20T23:49:04.423+0000] {logging_mixin.py:188} INFO - Done Extracting...
[2024-03-20T23:49:04.807+0000] {python.py:202} INFO - Done. Returned value was: None
[2024-03-20T23:49:05.114+0000] {taskinstance.py:1149} INFO - Marking task as SUCCESS. dag_id=spotify_to_s3_data_extraction_v1, task_id=sptoify_to_csv, execution_date=20240320T233300, start_date=20240320T234833, end_date=20240320T234905
[2024-03-20T23:49:07.384+0000] {local_task_job_runner.py:234} INFO - Task exited with return code 0
[2024-03-20T23:49:08.967+0000] {taskinstance.py:3312} INFO - 1 downstream tasks scheduled from follow-on schedule check
