[2024-03-22T10:17:22.179+0000] {taskinstance.py:1979} INFO - Dependencies all met for dep_context=non-requeueable deps ti=<TaskInstance: spotify_to_s3_data_extraction_v1.sptoify_to_csv scheduled__2024-03-20T23:33:00+00:00 [queued]>
[2024-03-22T10:17:22.228+0000] {taskinstance.py:1979} INFO - Dependencies all met for dep_context=requeueable deps ti=<TaskInstance: spotify_to_s3_data_extraction_v1.sptoify_to_csv scheduled__2024-03-20T23:33:00+00:00 [queued]>
[2024-03-22T10:17:22.234+0000] {taskinstance.py:2193} INFO - Starting attempt 2 of 7
[2024-03-22T10:17:22.275+0000] {taskinstance.py:2217} INFO - Executing <Task(PythonOperator): sptoify_to_csv> on 2024-03-20 23:33:00+00:00
[2024-03-22T10:17:22.289+0000] {standard_task_runner.py:60} INFO - Started process 5248 to run task
[2024-03-22T10:17:22.305+0000] {standard_task_runner.py:87} INFO - Running: ['***', 'tasks', 'run', 'spotify_to_s3_data_extraction_v1', 'sptoify_to_csv', 'scheduled__2024-03-20T23:33:00+00:00', '--job-id', '1059', '--raw', '--subdir', 'DAGS_FOLDER/spotify_to_csvs_to_s3.py', '--cfg-path', '/tmp/tmp9fhfvsrx']
[2024-03-22T10:17:22.313+0000] {standard_task_runner.py:88} INFO - Job 1059: Subtask sptoify_to_csv
[2024-03-22T10:17:22.534+0000] {task_command.py:423} INFO - Running <TaskInstance: spotify_to_s3_data_extraction_v1.sptoify_to_csv scheduled__2024-03-20T23:33:00+00:00 [running]> on host ca1809388db1
[2024-03-22T10:17:22.743+0000] {taskinstance.py:2513} INFO - Exporting env vars: AIRFLOW_CTX_DAG_OWNER='Nathaniel Solomon' AIRFLOW_CTX_DAG_ID='spotify_to_s3_data_extraction_v1' AIRFLOW_CTX_TASK_ID='sptoify_to_csv' AIRFLOW_CTX_EXECUTION_DATE='2024-03-20T23:33:00+00:00' AIRFLOW_CTX_TRY_NUMBER='2' AIRFLOW_CTX_DAG_RUN_ID='scheduled__2024-03-20T23:33:00+00:00'
[2024-03-22T10:17:22.747+0000] {logging_mixin.py:188} INFO - The extract function has been executed and this is data in the next line
[2024-03-22T10:17:22.753+0000] {logging_mixin.py:188} INFO - Initiating the Endpoint...
[2024-03-22T10:17:23.530+0000] {logging_mixin.py:188} INFO - Extracting other available tracks
[2024-03-22T10:17:34.039+0000] {logging_mixin.py:188} INFO - Adding the values of index 0 into the appropriate Keys...
[2024-03-22T10:17:41.609+0000] {logging_mixin.py:188} INFO - Adding the values of index 1 into the appropriate Keys...
[2024-03-22T10:17:50.698+0000] {logging_mixin.py:188} INFO - Adding the values of index 2 into the appropriate Keys...
[2024-03-22T10:17:51.627+0000] {logging_mixin.py:188} INFO - Adding the values of index 3 into the appropriate Keys...
[2024-03-22T10:17:52.533+0000] {logging_mixin.py:188} INFO - Adding the values of index 4 into the appropriate Keys...
[2024-03-22T10:17:53.387+0000] {logging_mixin.py:188} INFO - Adding the values of index 5 into the appropriate Keys...
[2024-03-22T10:17:54.245+0000] {logging_mixin.py:188} INFO - Adding the values of index 6 into the appropriate Keys...
[2024-03-22T10:18:00.685+0000] {logging_mixin.py:188} INFO - Adding the values of index 7 into the appropriate Keys...
[2024-03-22T10:18:01.544+0000] {logging_mixin.py:188} INFO - Adding the values of index 8 into the appropriate Keys...
[2024-03-22T10:18:10.610+0000] {logging_mixin.py:188} INFO - Adding the values of index 9 into the appropriate Keys...
[2024-03-22T10:18:11.541+0000] {logging_mixin.py:188} INFO - Done Extracting...
[2024-03-22T10:18:11.561+0000] {python.py:202} INFO - Done. Returned value was: None
[2024-03-22T10:18:11.576+0000] {taskinstance.py:1149} INFO - Marking task as SUCCESS. dag_id=spotify_to_s3_data_extraction_v1, task_id=sptoify_to_csv, execution_date=20240320T233300, start_date=20240322T101722, end_date=20240322T101811
[2024-03-22T10:18:11.637+0000] {local_task_job_runner.py:234} INFO - Task exited with return code 0
[2024-03-22T10:18:11.679+0000] {taskinstance.py:3312} INFO - 1 downstream tasks scheduled from follow-on schedule check
