[2024-03-20T23:48:33.066+0000] {taskinstance.py:1979} INFO - Dependencies all met for dep_context=non-requeueable deps ti=<TaskInstance: spotify_to_s3_data_extraction_v1.sptoify_to_csv scheduled__2024-03-20T23:16:00+00:00 [queued]>
[2024-03-20T23:48:33.086+0000] {taskinstance.py:1979} INFO - Dependencies all met for dep_context=requeueable deps ti=<TaskInstance: spotify_to_s3_data_extraction_v1.sptoify_to_csv scheduled__2024-03-20T23:16:00+00:00 [queued]>
[2024-03-20T23:48:33.087+0000] {taskinstance.py:2193} INFO - Starting attempt 2 of 6
[2024-03-20T23:48:33.113+0000] {taskinstance.py:2217} INFO - Executing <Task(PythonOperator): sptoify_to_csv> on 2024-03-20 23:16:00+00:00
[2024-03-20T23:48:33.124+0000] {standard_task_runner.py:60} INFO - Started process 951 to run task
[2024-03-20T23:48:33.130+0000] {standard_task_runner.py:87} INFO - Running: ['***', 'tasks', 'run', 'spotify_to_s3_data_extraction_v1', 'sptoify_to_csv', 'scheduled__2024-03-20T23:16:00+00:00', '--job-id', '211', '--raw', '--subdir', 'DAGS_FOLDER/spotify_to_csvs_to_s3.py', '--cfg-path', '/tmp/tmp2fa4qogs']
[2024-03-20T23:48:33.134+0000] {standard_task_runner.py:88} INFO - Job 211: Subtask sptoify_to_csv
[2024-03-20T23:48:33.222+0000] {task_command.py:423} INFO - Running <TaskInstance: spotify_to_s3_data_extraction_v1.sptoify_to_csv scheduled__2024-03-20T23:16:00+00:00 [running]> on host ca1809388db1
[2024-03-20T23:48:33.374+0000] {taskinstance.py:2513} INFO - Exporting env vars: AIRFLOW_CTX_DAG_OWNER='Nathaniel Solomon' AIRFLOW_CTX_DAG_ID='spotify_to_s3_data_extraction_v1' AIRFLOW_CTX_TASK_ID='sptoify_to_csv' AIRFLOW_CTX_EXECUTION_DATE='2024-03-20T23:16:00+00:00' AIRFLOW_CTX_TRY_NUMBER='2' AIRFLOW_CTX_DAG_RUN_ID='scheduled__2024-03-20T23:16:00+00:00'
[2024-03-20T23:48:33.378+0000] {logging_mixin.py:188} INFO - The extract function has been executed and this is data in the next line
[2024-03-20T23:48:33.379+0000] {logging_mixin.py:188} INFO - Initiating the Endpoint...
[2024-03-20T23:48:35.209+0000] {logging_mixin.py:188} INFO - Extracting other available tracks
[2024-03-20T23:48:47.581+0000] {logging_mixin.py:188} INFO - Adding the values of index 0 into the appropriate Keys...
[2024-03-20T23:48:48.970+0000] {logging_mixin.py:188} INFO - Adding the values of index 1 into the appropriate Keys...
[2024-03-20T23:48:50.420+0000] {logging_mixin.py:188} INFO - Adding the values of index 2 into the appropriate Keys...
[2024-03-20T23:48:51.908+0000] {logging_mixin.py:188} INFO - Adding the values of index 3 into the appropriate Keys...
[2024-03-20T23:48:53.520+0000] {logging_mixin.py:188} INFO - Adding the values of index 4 into the appropriate Keys...
[2024-03-20T23:48:55.729+0000] {logging_mixin.py:188} INFO - Adding the values of index 5 into the appropriate Keys...
[2024-03-20T23:48:57.909+0000] {logging_mixin.py:188} INFO - Adding the values of index 6 into the appropriate Keys...
[2024-03-20T23:48:59.870+0000] {logging_mixin.py:188} INFO - Adding the values of index 7 into the appropriate Keys...
[2024-03-20T23:49:01.613+0000] {logging_mixin.py:188} INFO - Adding the values of index 8 into the appropriate Keys...
[2024-03-20T23:49:04.094+0000] {logging_mixin.py:188} INFO - Adding the values of index 9 into the appropriate Keys...
[2024-03-20T23:49:05.611+0000] {logging_mixin.py:188} INFO - Done Extracting...
[2024-03-20T23:49:05.960+0000] {python.py:202} INFO - Done. Returned value was: None
[2024-03-20T23:49:06.236+0000] {taskinstance.py:1149} INFO - Marking task as SUCCESS. dag_id=spotify_to_s3_data_extraction_v1, task_id=sptoify_to_csv, execution_date=20240320T231600, start_date=20240320T234833, end_date=20240320T234906
[2024-03-20T23:49:08.552+0000] {local_task_job_runner.py:234} INFO - Task exited with return code 0
[2024-03-20T23:49:09.955+0000] {taskinstance.py:3312} INFO - 1 downstream tasks scheduled from follow-on schedule check
