[2024-03-22T10:17:21.721+0000] {taskinstance.py:1979} INFO - Dependencies all met for dep_context=non-requeueable deps ti=<TaskInstance: spotify_to_s3_data_extraction_v1.sptoify_to_csv scheduled__2024-03-20T23:16:00+00:00 [queued]>
[2024-03-22T10:17:21.747+0000] {taskinstance.py:1979} INFO - Dependencies all met for dep_context=requeueable deps ti=<TaskInstance: spotify_to_s3_data_extraction_v1.sptoify_to_csv scheduled__2024-03-20T23:16:00+00:00 [queued]>
[2024-03-22T10:17:21.752+0000] {taskinstance.py:2193} INFO - Starting attempt 3 of 8
[2024-03-22T10:17:21.832+0000] {taskinstance.py:2217} INFO - Executing <Task(PythonOperator): sptoify_to_csv> on 2024-03-20 23:16:00+00:00
[2024-03-22T10:17:21.844+0000] {standard_task_runner.py:60} INFO - Started process 5246 to run task
[2024-03-22T10:17:21.853+0000] {standard_task_runner.py:87} INFO - Running: ['***', 'tasks', 'run', 'spotify_to_s3_data_extraction_v1', 'sptoify_to_csv', 'scheduled__2024-03-20T23:16:00+00:00', '--job-id', '1057', '--raw', '--subdir', 'DAGS_FOLDER/spotify_to_csvs_to_s3.py', '--cfg-path', '/tmp/tmpng4xlh4c']
[2024-03-22T10:17:21.877+0000] {standard_task_runner.py:88} INFO - Job 1057: Subtask sptoify_to_csv
[2024-03-22T10:17:22.077+0000] {task_command.py:423} INFO - Running <TaskInstance: spotify_to_s3_data_extraction_v1.sptoify_to_csv scheduled__2024-03-20T23:16:00+00:00 [running]> on host ca1809388db1
[2024-03-22T10:17:22.306+0000] {taskinstance.py:2513} INFO - Exporting env vars: AIRFLOW_CTX_DAG_OWNER='Nathaniel Solomon' AIRFLOW_CTX_DAG_ID='spotify_to_s3_data_extraction_v1' AIRFLOW_CTX_TASK_ID='sptoify_to_csv' AIRFLOW_CTX_EXECUTION_DATE='2024-03-20T23:16:00+00:00' AIRFLOW_CTX_TRY_NUMBER='3' AIRFLOW_CTX_DAG_RUN_ID='scheduled__2024-03-20T23:16:00+00:00'
[2024-03-22T10:17:22.309+0000] {logging_mixin.py:188} INFO - The extract function has been executed and this is data in the next line
[2024-03-22T10:17:22.310+0000] {logging_mixin.py:188} INFO - Initiating the Endpoint...
[2024-03-22T10:17:23.128+0000] {logging_mixin.py:188} INFO - Extracting other available tracks
[2024-03-22T10:17:32.589+0000] {logging_mixin.py:188} INFO - Adding the values of index 0 into the appropriate Keys...
[2024-03-22T10:17:34.050+0000] {logging_mixin.py:188} INFO - Adding the values of index 1 into the appropriate Keys...
[2024-03-22T10:17:41.222+0000] {logging_mixin.py:188} INFO - Adding the values of index 2 into the appropriate Keys...
[2024-03-22T10:17:51.274+0000] {logging_mixin.py:188} INFO - Adding the values of index 3 into the appropriate Keys...
[2024-03-22T10:17:52.259+0000] {logging_mixin.py:188} INFO - Adding the values of index 4 into the appropriate Keys...
[2024-03-22T10:17:53.139+0000] {logging_mixin.py:188} INFO - Adding the values of index 5 into the appropriate Keys...
[2024-03-22T10:17:53.985+0000] {logging_mixin.py:188} INFO - Adding the values of index 6 into the appropriate Keys...
[2024-03-22T10:18:01.513+0000] {logging_mixin.py:188} INFO - Adding the values of index 7 into the appropriate Keys...
[2024-03-22T10:18:10.694+0000] {logging_mixin.py:188} INFO - Adding the values of index 8 into the appropriate Keys...
[2024-03-22T10:18:11.618+0000] {logging_mixin.py:188} INFO - Adding the values of index 9 into the appropriate Keys...
[2024-03-22T10:18:21.841+0000] {logging_mixin.py:188} INFO - Done Extracting...
[2024-03-22T10:18:21.867+0000] {python.py:202} INFO - Done. Returned value was: None
[2024-03-22T10:18:21.933+0000] {taskinstance.py:1149} INFO - Marking task as SUCCESS. dag_id=spotify_to_s3_data_extraction_v1, task_id=sptoify_to_csv, execution_date=20240320T231600, start_date=20240322T101721, end_date=20240322T101821
[2024-03-22T10:18:22.079+0000] {local_task_job_runner.py:234} INFO - Task exited with return code 0
[2024-03-22T10:18:22.125+0000] {taskinstance.py:3312} INFO - 1 downstream tasks scheduled from follow-on schedule check
