[2024-03-22T10:17:24.935+0000] {taskinstance.py:1979} INFO - Dependencies all met for dep_context=non-requeueable deps ti=<TaskInstance: spotify_to_s3_data_extraction_v1.sptoify_to_csv scheduled__2024-03-21T00:04:00+00:00 [queued]>
[2024-03-22T10:17:24.950+0000] {taskinstance.py:1979} INFO - Dependencies all met for dep_context=requeueable deps ti=<TaskInstance: spotify_to_s3_data_extraction_v1.sptoify_to_csv scheduled__2024-03-21T00:04:00+00:00 [queued]>
[2024-03-22T10:17:24.951+0000] {taskinstance.py:2193} INFO - Starting attempt 2 of 7
[2024-03-22T10:17:24.974+0000] {taskinstance.py:2217} INFO - Executing <Task(PythonOperator): sptoify_to_csv> on 2024-03-21 00:04:00+00:00
[2024-03-22T10:17:24.986+0000] {standard_task_runner.py:60} INFO - Started process 5258 to run task
[2024-03-22T10:17:24.992+0000] {standard_task_runner.py:87} INFO - Running: ['***', 'tasks', 'run', 'spotify_to_s3_data_extraction_v1', 'sptoify_to_csv', 'scheduled__2024-03-21T00:04:00+00:00', '--job-id', '1065', '--raw', '--subdir', 'DAGS_FOLDER/spotify_to_csvs_to_s3.py', '--cfg-path', '/tmp/tmppcgxi0lt']
[2024-03-22T10:17:24.997+0000] {standard_task_runner.py:88} INFO - Job 1065: Subtask sptoify_to_csv
[2024-03-22T10:17:25.081+0000] {task_command.py:423} INFO - Running <TaskInstance: spotify_to_s3_data_extraction_v1.sptoify_to_csv scheduled__2024-03-21T00:04:00+00:00 [running]> on host ca1809388db1
[2024-03-22T10:17:25.213+0000] {taskinstance.py:2513} INFO - Exporting env vars: AIRFLOW_CTX_DAG_OWNER='Nathaniel Solomon' AIRFLOW_CTX_DAG_ID='spotify_to_s3_data_extraction_v1' AIRFLOW_CTX_TASK_ID='sptoify_to_csv' AIRFLOW_CTX_EXECUTION_DATE='2024-03-21T00:04:00+00:00' AIRFLOW_CTX_TRY_NUMBER='2' AIRFLOW_CTX_DAG_RUN_ID='scheduled__2024-03-21T00:04:00+00:00'
[2024-03-22T10:17:25.216+0000] {logging_mixin.py:188} INFO - The extract function has been executed and this is data in the next line
[2024-03-22T10:17:25.217+0000] {logging_mixin.py:188} INFO - Initiating the Endpoint...
[2024-03-22T10:17:25.632+0000] {logging_mixin.py:188} INFO - Extracting other available tracks
[2024-03-22T10:17:50.959+0000] {logging_mixin.py:188} INFO - Adding the values of index 0 into the appropriate Keys...
[2024-03-22T10:17:52.290+0000] {logging_mixin.py:188} INFO - Adding the values of index 1 into the appropriate Keys...
[2024-03-22T10:17:53.202+0000] {logging_mixin.py:188} INFO - Adding the values of index 2 into the appropriate Keys...
[2024-03-22T10:18:01.395+0000] {logging_mixin.py:188} INFO - Adding the values of index 3 into the appropriate Keys...
[2024-03-22T10:18:10.696+0000] {logging_mixin.py:188} INFO - Adding the values of index 4 into the appropriate Keys...
[2024-03-22T10:18:11.548+0000] {logging_mixin.py:188} INFO - Adding the values of index 5 into the appropriate Keys...
[2024-03-22T10:18:21.645+0000] {logging_mixin.py:188} INFO - Adding the values of index 6 into the appropriate Keys...
[2024-03-22T10:18:31.606+0000] {logging_mixin.py:188} INFO - Adding the values of index 7 into the appropriate Keys...
[2024-03-22T10:18:33.183+0000] {logging_mixin.py:188} INFO - Adding the values of index 8 into the appropriate Keys...
[2024-03-22T10:18:34.517+0000] {logging_mixin.py:188} INFO - Adding the values of index 9 into the appropriate Keys...
[2024-03-22T10:18:36.684+0000] {logging_mixin.py:188} INFO - Done Extracting...
[2024-03-22T10:18:36.731+0000] {python.py:202} INFO - Done. Returned value was: None
[2024-03-22T10:18:36.768+0000] {taskinstance.py:1149} INFO - Marking task as SUCCESS. dag_id=spotify_to_s3_data_extraction_v1, task_id=sptoify_to_csv, execution_date=20240321T000400, start_date=20240322T101724, end_date=20240322T101836
[2024-03-22T10:18:36.826+0000] {local_task_job_runner.py:234} INFO - Task exited with return code 0
[2024-03-22T10:18:36.890+0000] {taskinstance.py:3312} INFO - 1 downstream tasks scheduled from follow-on schedule check
