[2024-03-21T00:05:55.359+0000] {taskinstance.py:1979} INFO - Dependencies all met for dep_context=non-requeueable deps ti=<TaskInstance: spotify_to_s3_data_extraction_v1.sptoify_to_csv scheduled__2024-03-21T00:04:00+00:00 [queued]>
[2024-03-21T00:05:55.374+0000] {taskinstance.py:1979} INFO - Dependencies all met for dep_context=requeueable deps ti=<TaskInstance: spotify_to_s3_data_extraction_v1.sptoify_to_csv scheduled__2024-03-21T00:04:00+00:00 [queued]>
[2024-03-21T00:05:55.375+0000] {taskinstance.py:2193} INFO - Starting attempt 1 of 6
[2024-03-21T00:05:55.395+0000] {taskinstance.py:2217} INFO - Executing <Task(PythonOperator): sptoify_to_csv> on 2024-03-21 00:04:00+00:00
[2024-03-21T00:05:55.406+0000] {standard_task_runner.py:60} INFO - Started process 1015 to run task
[2024-03-21T00:05:55.411+0000] {standard_task_runner.py:87} INFO - Running: ['***', 'tasks', 'run', 'spotify_to_s3_data_extraction_v1', 'sptoify_to_csv', 'scheduled__2024-03-21T00:04:00+00:00', '--job-id', '222', '--raw', '--subdir', 'DAGS_FOLDER/spotify_to_csvs_to_s3.py', '--cfg-path', '/tmp/tmp5yeilp6l']
[2024-03-21T00:05:55.415+0000] {standard_task_runner.py:88} INFO - Job 222: Subtask sptoify_to_csv
[2024-03-21T00:05:55.492+0000] {task_command.py:423} INFO - Running <TaskInstance: spotify_to_s3_data_extraction_v1.sptoify_to_csv scheduled__2024-03-21T00:04:00+00:00 [running]> on host ca1809388db1
[2024-03-21T00:05:55.614+0000] {taskinstance.py:2513} INFO - Exporting env vars: AIRFLOW_CTX_DAG_OWNER='Nathaniel Solomon' AIRFLOW_CTX_DAG_ID='spotify_to_s3_data_extraction_v1' AIRFLOW_CTX_TASK_ID='sptoify_to_csv' AIRFLOW_CTX_EXECUTION_DATE='2024-03-21T00:04:00+00:00' AIRFLOW_CTX_TRY_NUMBER='1' AIRFLOW_CTX_DAG_RUN_ID='scheduled__2024-03-21T00:04:00+00:00'
[2024-03-21T00:05:55.616+0000] {logging_mixin.py:188} INFO - The extract function has been executed and this is data in the next line
[2024-03-21T00:05:55.619+0000] {logging_mixin.py:188} INFO - Initiating the Endpoint...
[2024-03-21T00:05:56.449+0000] {logging_mixin.py:188} INFO - Extracting other available tracks
[2024-03-21T00:06:05.223+0000] {logging_mixin.py:188} INFO - Adding the values of index 0 into the appropriate Keys...
[2024-03-21T00:06:08.670+0000] {logging_mixin.py:188} INFO - Adding the values of index 1 into the appropriate Keys...
[2024-03-21T00:06:12.894+0000] {logging_mixin.py:188} INFO - Adding the values of index 2 into the appropriate Keys...
[2024-03-21T00:06:16.532+0000] {logging_mixin.py:188} INFO - Adding the values of index 3 into the appropriate Keys...
[2024-03-21T00:06:19.177+0000] {logging_mixin.py:188} INFO - Adding the values of index 4 into the appropriate Keys...
[2024-03-21T00:06:21.513+0000] {logging_mixin.py:188} INFO - Adding the values of index 5 into the appropriate Keys...
[2024-03-21T00:06:24.718+0000] {logging_mixin.py:188} INFO - Adding the values of index 6 into the appropriate Keys...
[2024-03-21T00:06:28.262+0000] {logging_mixin.py:188} INFO - Adding the values of index 7 into the appropriate Keys...
[2024-03-21T00:06:33.654+0000] {logging_mixin.py:188} INFO - Adding the values of index 8 into the appropriate Keys...
[2024-03-21T00:06:39.006+0000] {logging_mixin.py:188} INFO - Adding the values of index 9 into the appropriate Keys...
[2024-03-21T00:06:42.038+0000] {logging_mixin.py:188} INFO - Done Extracting...
[2024-03-21T00:06:43.292+0000] {python.py:202} INFO - Done. Returned value was: None
[2024-03-21T00:06:45.127+0000] {taskinstance.py:1149} INFO - Marking task as SUCCESS. dag_id=spotify_to_s3_data_extraction_v1, task_id=sptoify_to_csv, execution_date=20240321T000400, start_date=20240321T000555, end_date=20240321T000645
[2024-03-21T00:06:47.572+0000] {local_task_job_runner.py:234} INFO - Task exited with return code 0
[2024-03-21T00:06:52.397+0000] {taskinstance.py:3312} INFO - 0 downstream tasks scheduled from follow-on schedule check
