[2024-03-24T07:36:48.482+0000] {taskinstance.py:1979} INFO - Dependencies all met for dep_context=non-requeueable deps ti=<TaskInstance: spotify_to_s3_data_extraction_v3_x64.sptoify_to_csv manual__2024-03-24T07:30:25.806613+00:00 [queued]>
[2024-03-24T07:36:48.491+0000] {taskinstance.py:1979} INFO - Dependencies all met for dep_context=requeueable deps ti=<TaskInstance: spotify_to_s3_data_extraction_v3_x64.sptoify_to_csv manual__2024-03-24T07:30:25.806613+00:00 [queued]>
[2024-03-24T07:36:48.491+0000] {taskinstance.py:2193} INFO - Starting attempt 3 of 7
[2024-03-24T07:36:48.503+0000] {taskinstance.py:2217} INFO - Executing <Task(PythonOperator): sptoify_to_csv> on 2024-03-24 07:30:25.806613+00:00
[2024-03-24T07:36:48.508+0000] {standard_task_runner.py:60} INFO - Started process 2140 to run task
[2024-03-24T07:36:48.511+0000] {standard_task_runner.py:87} INFO - Running: ['***', 'tasks', 'run', 'spotify_to_s3_data_extraction_v3_x64', 'sptoify_to_csv', 'manual__2024-03-24T07:30:25.806613+00:00', '--job-id', '1371', '--raw', '--subdir', 'DAGS_FOLDER/spotify_to_csvs_to_s3.py', '--cfg-path', '/tmp/tmp5db4kuc6']
[2024-03-24T07:36:48.514+0000] {standard_task_runner.py:88} INFO - Job 1371: Subtask sptoify_to_csv
[2024-03-24T07:36:48.557+0000] {task_command.py:423} INFO - Running <TaskInstance: spotify_to_s3_data_extraction_v3_x64.sptoify_to_csv manual__2024-03-24T07:30:25.806613+00:00 [running]> on host bc244bd8b198
[2024-03-24T07:36:48.625+0000] {taskinstance.py:2513} INFO - Exporting env vars: AIRFLOW_CTX_DAG_OWNER='Nathaniel Solomon' AIRFLOW_CTX_DAG_ID='spotify_to_s3_data_extraction_v3_x64' AIRFLOW_CTX_TASK_ID='sptoify_to_csv' AIRFLOW_CTX_EXECUTION_DATE='2024-03-24T07:30:25.806613+00:00' AIRFLOW_CTX_TRY_NUMBER='3' AIRFLOW_CTX_DAG_RUN_ID='manual__2024-03-24T07:30:25.806613+00:00'
[2024-03-24T07:36:48.627+0000] {logging_mixin.py:188} INFO - The extract function has been executed and this is data in the next line
[2024-03-24T07:36:48.627+0000] {logging_mixin.py:188} INFO - Initiating the Endpoint...
[2024-03-24T07:36:49.443+0000] {logging_mixin.py:188} INFO - Extracting other available tracks
[2024-03-24T07:36:58.458+0000] {logging_mixin.py:188} INFO - Adding the values of index 0 into the appropriate Keys...
[2024-03-24T07:36:59.645+0000] {logging_mixin.py:188} INFO - Adding the values of index 1 into the appropriate Keys...
[2024-03-24T07:37:00.652+0000] {logging_mixin.py:188} INFO - Adding the values of index 2 into the appropriate Keys...
[2024-03-24T07:37:01.748+0000] {logging_mixin.py:188} INFO - Adding the values of index 3 into the appropriate Keys...
[2024-03-24T07:37:03.067+0000] {logging_mixin.py:188} INFO - Adding the values of index 4 into the appropriate Keys...
[2024-03-24T07:37:04.274+0000] {logging_mixin.py:188} INFO - Adding the values of index 5 into the appropriate Keys...
[2024-03-24T07:37:05.541+0000] {logging_mixin.py:188} INFO - Adding the values of index 6 into the appropriate Keys...
[2024-03-24T07:37:07.116+0000] {logging_mixin.py:188} INFO - Adding the values of index 7 into the appropriate Keys...
[2024-03-24T07:37:08.155+0000] {logging_mixin.py:188} INFO - Adding the values of index 8 into the appropriate Keys...
[2024-03-24T07:37:09.385+0000] {logging_mixin.py:188} INFO - Adding the values of index 9 into the appropriate Keys...
[2024-03-24T07:37:10.539+0000] {logging_mixin.py:188} INFO - Done Extracting...
[2024-03-24T07:37:10.692+0000] {python.py:202} INFO - Done. Returned value was: None
[2024-03-24T07:37:10.704+0000] {taskinstance.py:1149} INFO - Marking task as SUCCESS. dag_id=spotify_to_s3_data_extraction_v3_x64, task_id=sptoify_to_csv, execution_date=20240324T073025, start_date=20240324T073648, end_date=20240324T073710
[2024-03-24T07:37:10.739+0000] {local_task_job_runner.py:234} INFO - Task exited with return code 0
[2024-03-24T07:37:10.757+0000] {taskinstance.py:3312} INFO - 1 downstream tasks scheduled from follow-on schedule check
