[2024-03-21T07:35:50.248+0000] {taskinstance.py:1979} INFO - Dependencies all met for dep_context=non-requeueable deps ti=<TaskInstance: spotify_to_s3_data_extraction_v1.sptoify_to_csv scheduled__2024-03-21T07:18:00+00:00 [queued]>
[2024-03-21T07:35:50.272+0000] {taskinstance.py:1979} INFO - Dependencies all met for dep_context=requeueable deps ti=<TaskInstance: spotify_to_s3_data_extraction_v1.sptoify_to_csv scheduled__2024-03-21T07:18:00+00:00 [queued]>
[2024-03-21T07:35:50.273+0000] {taskinstance.py:2193} INFO - Starting attempt 3 of 6
[2024-03-21T07:35:50.309+0000] {taskinstance.py:2217} INFO - Executing <Task(PythonOperator): sptoify_to_csv> on 2024-03-21 07:18:00+00:00
[2024-03-21T07:35:50.324+0000] {standard_task_runner.py:60} INFO - Started process 2289 to run task
[2024-03-21T07:35:50.333+0000] {standard_task_runner.py:87} INFO - Running: ['***', 'tasks', 'run', 'spotify_to_s3_data_extraction_v1', 'sptoify_to_csv', 'scheduled__2024-03-21T07:18:00+00:00', '--job-id', '436', '--raw', '--subdir', 'DAGS_FOLDER/spotify_to_csvs_to_s3.py', '--cfg-path', '/tmp/tmpknu61zui']
[2024-03-21T07:35:50.339+0000] {standard_task_runner.py:88} INFO - Job 436: Subtask sptoify_to_csv
[2024-03-21T07:35:50.447+0000] {task_command.py:423} INFO - Running <TaskInstance: spotify_to_s3_data_extraction_v1.sptoify_to_csv scheduled__2024-03-21T07:18:00+00:00 [running]> on host ca1809388db1
[2024-03-21T07:35:50.622+0000] {taskinstance.py:2513} INFO - Exporting env vars: AIRFLOW_CTX_DAG_OWNER='Nathaniel Solomon' AIRFLOW_CTX_DAG_ID='spotify_to_s3_data_extraction_v1' AIRFLOW_CTX_TASK_ID='sptoify_to_csv' AIRFLOW_CTX_EXECUTION_DATE='2024-03-21T07:18:00+00:00' AIRFLOW_CTX_TRY_NUMBER='3' AIRFLOW_CTX_DAG_RUN_ID='scheduled__2024-03-21T07:18:00+00:00'
[2024-03-21T07:35:50.626+0000] {logging_mixin.py:188} INFO - The extract function has been executed and this is data in the next line
[2024-03-21T07:35:50.627+0000] {logging_mixin.py:188} INFO - Initiating the Endpoint...
[2024-03-21T07:35:51.734+0000] {logging_mixin.py:188} INFO - Extracting other available tracks
[2024-03-21T07:36:03.858+0000] {logging_mixin.py:188} INFO - Adding the values of index 0 into the appropriate Keys...
[2024-03-21T07:36:07.377+0000] {logging_mixin.py:188} INFO - Adding the values of index 1 into the appropriate Keys...
[2024-03-21T07:36:08.444+0000] {logging_mixin.py:188} INFO - Adding the values of index 2 into the appropriate Keys...
[2024-03-21T07:36:09.612+0000] {logging_mixin.py:188} INFO - Adding the values of index 3 into the appropriate Keys...
[2024-03-21T07:36:17.016+0000] {logging_mixin.py:188} INFO - Adding the values of index 4 into the appropriate Keys...
[2024-03-21T07:36:18.213+0000] {logging_mixin.py:188} INFO - Adding the values of index 5 into the appropriate Keys...
[2024-03-21T07:36:19.628+0000] {logging_mixin.py:188} INFO - Adding the values of index 6 into the appropriate Keys...
[2024-03-21T07:36:20.715+0000] {logging_mixin.py:188} INFO - Adding the values of index 7 into the appropriate Keys...
[2024-03-21T07:36:26.109+0000] {logging_mixin.py:188} INFO - Adding the values of index 8 into the appropriate Keys...
[2024-03-21T07:36:28.113+0000] {logging_mixin.py:188} INFO - Adding the values of index 9 into the appropriate Keys...
[2024-03-21T07:36:29.199+0000] {logging_mixin.py:188} INFO - Done Extracting...
[2024-03-21T07:36:29.277+0000] {python.py:202} INFO - Done. Returned value was: None
[2024-03-21T07:36:29.366+0000] {taskinstance.py:1149} INFO - Marking task as SUCCESS. dag_id=spotify_to_s3_data_extraction_v1, task_id=sptoify_to_csv, execution_date=20240321T071800, start_date=20240321T073550, end_date=20240321T073629
[2024-03-21T07:36:29.482+0000] {local_task_job_runner.py:234} INFO - Task exited with return code 0
[2024-03-21T07:36:29.567+0000] {taskinstance.py:3312} INFO - 1 downstream tasks scheduled from follow-on schedule check
