[2024-03-20T13:46:01.661+0000] {taskinstance.py:1979} INFO - Dependencies all met for dep_context=non-requeueable deps ti=<TaskInstance: spotify_to_s3_data_extraction.create_s3_connection scheduled__2024-03-20T13:45:00+00:00 [queued]>
[2024-03-20T13:46:01.671+0000] {taskinstance.py:1979} INFO - Dependencies all met for dep_context=requeueable deps ti=<TaskInstance: spotify_to_s3_data_extraction.create_s3_connection scheduled__2024-03-20T13:45:00+00:00 [queued]>
[2024-03-20T13:46:01.672+0000] {taskinstance.py:2193} INFO - Starting attempt 1 of 6
[2024-03-20T13:46:01.685+0000] {taskinstance.py:2217} INFO - Executing <Task(PythonOperator): create_s3_connection> on 2024-03-20 13:45:00+00:00
[2024-03-20T13:46:01.692+0000] {standard_task_runner.py:60} INFO - Started process 1261 to run task
[2024-03-20T13:46:01.695+0000] {standard_task_runner.py:87} INFO - Running: ['***', 'tasks', 'run', 'spotify_to_s3_data_extraction', 'create_s3_connection', 'scheduled__2024-03-20T13:45:00+00:00', '--job-id', '63', '--raw', '--subdir', 'DAGS_FOLDER/spotify_to_csvs_to_s3.py', '--cfg-path', '/tmp/tmpfr6bb99u']
[2024-03-20T13:46:01.698+0000] {standard_task_runner.py:88} INFO - Job 63: Subtask create_s3_connection
[2024-03-20T13:46:01.752+0000] {task_command.py:423} INFO - Running <TaskInstance: spotify_to_s3_data_extraction.create_s3_connection scheduled__2024-03-20T13:45:00+00:00 [running]> on host 1f7d9a6abca8
[2024-03-20T13:46:01.854+0000] {taskinstance.py:2513} INFO - Exporting env vars: AIRFLOW_CTX_DAG_OWNER='Nathaniel Solomon' AIRFLOW_CTX_DAG_ID='spotify_to_s3_data_extraction' AIRFLOW_CTX_TASK_ID='create_s3_connection' AIRFLOW_CTX_EXECUTION_DATE='2024-03-20T13:45:00+00:00' AIRFLOW_CTX_TRY_NUMBER='1' AIRFLOW_CTX_DAG_RUN_ID='scheduled__2024-03-20T13:45:00+00:00'
[2024-03-20T13:46:01.856+0000] {taskinstance.py:2731} ERROR - Task failed with exception
Traceback (most recent call last):
  File "/home/airflow/.local/lib/python3.8/site-packages/airflow/models/taskinstance.py", line 444, in _execute_task
    result = _execute_callable(context=context, **execute_callable_kwargs)
  File "/home/airflow/.local/lib/python3.8/site-packages/airflow/models/taskinstance.py", line 414, in _execute_callable
    return execute_callable(context=context, **execute_callable_kwargs)
  File "/home/airflow/.local/lib/python3.8/site-packages/airflow/operators/python.py", line 200, in execute
    return_value = self.execute_callable()
  File "/home/airflow/.local/lib/python3.8/site-packages/airflow/operators/python.py", line 217, in execute_callable
    return self.python_callable(*self.op_args, **self.op_kwargs)
  File "/opt/airflow/dags/spotify_to_csvs_to_s3.py", line 143, in _create_connection
    raise AirflowFailException("Environment variables were not passed")
airflow.exceptions.AirflowFailException: Environment variables were not passed
[2024-03-20T13:46:01.865+0000] {taskinstance.py:1149} INFO - Immediate failure requested. Marking task as FAILED. dag_id=spotify_to_s3_data_extraction, task_id=create_s3_connection, execution_date=20240320T134500, start_date=20240320T134601, end_date=20240320T134601
[2024-03-20T13:46:01.878+0000] {standard_task_runner.py:107} ERROR - Failed to execute job 63 for task create_s3_connection (Environment variables were not passed; 1261)
[2024-03-20T13:46:01.909+0000] {local_task_job_runner.py:234} INFO - Task exited with return code 1
[2024-03-20T13:46:01.941+0000] {taskinstance.py:3312} INFO - 0 downstream tasks scheduled from follow-on schedule check
