[2024-03-20T21:56:23.707+0000] {taskinstance.py:1979} INFO - Dependencies all met for dep_context=non-requeueable deps ti=<TaskInstance: spotify_to_s3_data_extraction_v1.sptoify_to_csv scheduled__2024-03-20T21:54:00+00:00 [queued]>
[2024-03-20T21:56:23.830+0000] {taskinstance.py:1979} INFO - Dependencies all met for dep_context=requeueable deps ti=<TaskInstance: spotify_to_s3_data_extraction_v1.sptoify_to_csv scheduled__2024-03-20T21:54:00+00:00 [queued]>
[2024-03-20T21:56:23.945+0000] {taskinstance.py:2193} INFO - Starting attempt 1 of 6
[2024-03-20T21:56:24.292+0000] {taskinstance.py:2217} INFO - Executing <Task(PythonOperator): sptoify_to_csv> on 2024-03-20 21:54:00+00:00
[2024-03-20T21:56:24.566+0000] {standard_task_runner.py:60} INFO - Started process 607 to run task
[2024-03-20T21:56:24.639+0000] {standard_task_runner.py:87} INFO - Running: ['***', 'tasks', 'run', 'spotify_to_s3_data_extraction_v1', 'sptoify_to_csv', 'scheduled__2024-03-20T21:54:00+00:00', '--job-id', '156', '--raw', '--subdir', 'DAGS_FOLDER/spotify_to_csvs_to_s3.py', '--cfg-path', '/tmp/tmpm7epvv7w']
[2024-03-20T21:56:24.856+0000] {standard_task_runner.py:88} INFO - Job 156: Subtask sptoify_to_csv
[2024-03-20T21:56:26.034+0000] {task_command.py:423} INFO - Running <TaskInstance: spotify_to_s3_data_extraction_v1.sptoify_to_csv scheduled__2024-03-20T21:54:00+00:00 [running]> on host ca1809388db1
[2024-03-20T21:56:27.114+0000] {taskinstance.py:2513} INFO - Exporting env vars: AIRFLOW_CTX_DAG_OWNER='Nathaniel Solomon' AIRFLOW_CTX_DAG_ID='spotify_to_s3_data_extraction_v1' AIRFLOW_CTX_TASK_ID='sptoify_to_csv' AIRFLOW_CTX_EXECUTION_DATE='2024-03-20T21:54:00+00:00' AIRFLOW_CTX_TRY_NUMBER='1' AIRFLOW_CTX_DAG_RUN_ID='scheduled__2024-03-20T21:54:00+00:00'
[2024-03-20T21:56:27.127+0000] {logging_mixin.py:188} INFO - The extract function has been executed and this is data in the next line
[2024-03-20T21:56:27.142+0000] {logging_mixin.py:188} INFO - Initiating the Endpoint...
[2024-03-20T21:56:28.664+0000] {logging_mixin.py:188} INFO - Extracting other available tracks
[2024-03-20T21:56:39.149+0000] {logging_mixin.py:188} INFO - Adding the values of index 0 into the appropriate Keys...
[2024-03-20T21:56:40.479+0000] {logging_mixin.py:188} INFO - Adding the values of index 1 into the appropriate Keys...
[2024-03-20T21:56:41.677+0000] {logging_mixin.py:188} INFO - Adding the values of index 2 into the appropriate Keys...
[2024-03-20T21:56:43.133+0000] {logging_mixin.py:188} INFO - Adding the values of index 3 into the appropriate Keys...
[2024-03-20T21:56:44.376+0000] {logging_mixin.py:188} INFO - Adding the values of index 4 into the appropriate Keys...
[2024-03-20T21:56:45.959+0000] {logging_mixin.py:188} INFO - Adding the values of index 5 into the appropriate Keys...
[2024-03-20T21:56:47.560+0000] {logging_mixin.py:188} INFO - Adding the values of index 6 into the appropriate Keys...
[2024-03-20T21:56:48.839+0000] {logging_mixin.py:188} INFO - Adding the values of index 7 into the appropriate Keys...
[2024-03-20T21:56:50.253+0000] {logging_mixin.py:188} INFO - Adding the values of index 8 into the appropriate Keys...
[2024-03-20T21:56:52.379+0000] {logging_mixin.py:188} INFO - Adding the values of index 9 into the appropriate Keys...
[2024-03-20T21:56:53.819+0000] {logging_mixin.py:188} INFO - Done Extracting...
[2024-03-20T21:56:54.027+0000] {python.py:202} INFO - Done. Returned value was: None
[2024-03-20T21:56:54.068+0000] {taskinstance.py:1149} INFO - Marking task as SUCCESS. dag_id=spotify_to_s3_data_extraction_v1, task_id=sptoify_to_csv, execution_date=20240320T215400, start_date=20240320T215623, end_date=20240320T215654
[2024-03-20T21:56:54.187+0000] {local_task_job_runner.py:234} INFO - Task exited with return code 0
[2024-03-20T21:56:54.327+0000] {taskinstance.py:3312} INFO - 1 downstream tasks scheduled from follow-on schedule check
