[2024-03-21T01:01:40.186+0000] {taskinstance.py:1979} INFO - Dependencies all met for dep_context=non-requeueable deps ti=<TaskInstance: spotify_to_s3_data_extraction_v1.sptoify_to_csv scheduled__2024-03-21T00:46:00+00:00 [queued]>
[2024-03-21T01:01:40.201+0000] {taskinstance.py:1979} INFO - Dependencies all met for dep_context=requeueable deps ti=<TaskInstance: spotify_to_s3_data_extraction_v1.sptoify_to_csv scheduled__2024-03-21T00:46:00+00:00 [queued]>
[2024-03-21T01:01:40.201+0000] {taskinstance.py:2193} INFO - Starting attempt 1 of 6
[2024-03-21T01:01:40.230+0000] {taskinstance.py:2217} INFO - Executing <Task(PythonOperator): sptoify_to_csv> on 2024-03-21 00:46:00+00:00
[2024-03-21T01:01:40.240+0000] {standard_task_runner.py:60} INFO - Started process 1177 to run task
[2024-03-21T01:01:40.245+0000] {standard_task_runner.py:87} INFO - Running: ['***', 'tasks', 'run', 'spotify_to_s3_data_extraction_v1', 'sptoify_to_csv', 'scheduled__2024-03-21T00:46:00+00:00', '--job-id', '247', '--raw', '--subdir', 'DAGS_FOLDER/spotify_to_csvs_to_s3.py', '--cfg-path', '/tmp/tmp7fowatt5']
[2024-03-21T01:01:40.250+0000] {standard_task_runner.py:88} INFO - Job 247: Subtask sptoify_to_csv
[2024-03-21T01:01:40.331+0000] {task_command.py:423} INFO - Running <TaskInstance: spotify_to_s3_data_extraction_v1.sptoify_to_csv scheduled__2024-03-21T00:46:00+00:00 [running]> on host ca1809388db1
[2024-03-21T01:01:40.454+0000] {taskinstance.py:2513} INFO - Exporting env vars: AIRFLOW_CTX_DAG_OWNER='Nathaniel Solomon' AIRFLOW_CTX_DAG_ID='spotify_to_s3_data_extraction_v1' AIRFLOW_CTX_TASK_ID='sptoify_to_csv' AIRFLOW_CTX_EXECUTION_DATE='2024-03-21T00:46:00+00:00' AIRFLOW_CTX_TRY_NUMBER='1' AIRFLOW_CTX_DAG_RUN_ID='scheduled__2024-03-21T00:46:00+00:00'
[2024-03-21T01:01:40.457+0000] {logging_mixin.py:188} INFO - The extract function has been executed and this is data in the next line
[2024-03-21T01:01:40.458+0000] {logging_mixin.py:188} INFO - Initiating the Endpoint...
[2024-03-21T01:01:41.808+0000] {logging_mixin.py:188} INFO - Extracting other available tracks
[2024-03-21T01:01:50.577+0000] {logging_mixin.py:188} INFO - Adding the values of index 0 into the appropriate Keys...
[2024-03-21T01:01:52.375+0000] {logging_mixin.py:188} INFO - Adding the values of index 1 into the appropriate Keys...
[2024-03-21T01:01:53.761+0000] {logging_mixin.py:188} INFO - Adding the values of index 2 into the appropriate Keys...
[2024-03-21T01:01:55.094+0000] {logging_mixin.py:188} INFO - Adding the values of index 3 into the appropriate Keys...
[2024-03-21T01:01:56.323+0000] {logging_mixin.py:188} INFO - Adding the values of index 4 into the appropriate Keys...
[2024-03-21T01:01:57.569+0000] {logging_mixin.py:188} INFO - Adding the values of index 5 into the appropriate Keys...
[2024-03-21T01:01:58.829+0000] {logging_mixin.py:188} INFO - Adding the values of index 6 into the appropriate Keys...
[2024-03-21T01:02:00.385+0000] {logging_mixin.py:188} INFO - Adding the values of index 7 into the appropriate Keys...
[2024-03-21T01:02:02.460+0000] {logging_mixin.py:188} INFO - Adding the values of index 8 into the appropriate Keys...
[2024-03-21T01:02:04.856+0000] {logging_mixin.py:188} INFO - Adding the values of index 9 into the appropriate Keys...
[2024-03-21T01:02:08.076+0000] {logging_mixin.py:188} INFO - Done Extracting...
[2024-03-21T01:02:08.482+0000] {python.py:202} INFO - Done. Returned value was: None
[2024-03-21T01:02:08.764+0000] {taskinstance.py:1149} INFO - Marking task as SUCCESS. dag_id=spotify_to_s3_data_extraction_v1, task_id=sptoify_to_csv, execution_date=20240321T004600, start_date=20240321T010140, end_date=20240321T010208
[2024-03-21T01:02:09.175+0000] {local_task_job_runner.py:234} INFO - Task exited with return code 0
[2024-03-21T01:02:10.600+0000] {taskinstance.py:3312} INFO - 0 downstream tasks scheduled from follow-on schedule check
