[2024-03-24T04:58:52.214+0000] {taskinstance.py:1979} INFO - Dependencies all met for dep_context=non-requeueable deps ti=<TaskInstance: spotify_to_s3_data_extraction_v1.sptoify_to_csv scheduled__2024-03-21T05:07:00+00:00 [queued]>
[2024-03-24T04:58:52.251+0000] {taskinstance.py:1979} INFO - Dependencies all met for dep_context=requeueable deps ti=<TaskInstance: spotify_to_s3_data_extraction_v1.sptoify_to_csv scheduled__2024-03-21T05:07:00+00:00 [queued]>
[2024-03-24T04:58:52.255+0000] {taskinstance.py:2193} INFO - Starting attempt 8 of 12
[2024-03-24T04:58:52.344+0000] {taskinstance.py:2217} INFO - Executing <Task(PythonOperator): sptoify_to_csv> on 2024-03-21 05:07:00+00:00
[2024-03-24T04:58:52.359+0000] {standard_task_runner.py:60} INFO - Started process 171 to run task
[2024-03-24T04:58:52.368+0000] {standard_task_runner.py:87} INFO - Running: ['***', 'tasks', 'run', 'spotify_to_s3_data_extraction_v1', 'sptoify_to_csv', 'scheduled__2024-03-21T05:07:00+00:00', '--job-id', '1352', '--raw', '--subdir', 'DAGS_FOLDER/spotify_to_csvs_to_s3.py', '--cfg-path', '/tmp/tmpm6nszhey']
[2024-03-24T04:58:52.397+0000] {standard_task_runner.py:88} INFO - Job 1352: Subtask sptoify_to_csv
[2024-03-24T04:58:52.542+0000] {task_command.py:423} INFO - Running <TaskInstance: spotify_to_s3_data_extraction_v1.sptoify_to_csv scheduled__2024-03-21T05:07:00+00:00 [running]> on host 030bbd5ea1b2
[2024-03-24T04:58:52.872+0000] {taskinstance.py:2513} INFO - Exporting env vars: AIRFLOW_CTX_DAG_OWNER='Nathaniel Solomon' AIRFLOW_CTX_DAG_ID='spotify_to_s3_data_extraction_v1' AIRFLOW_CTX_TASK_ID='sptoify_to_csv' AIRFLOW_CTX_EXECUTION_DATE='2024-03-21T05:07:00+00:00' AIRFLOW_CTX_TRY_NUMBER='8' AIRFLOW_CTX_DAG_RUN_ID='scheduled__2024-03-21T05:07:00+00:00'
[2024-03-24T04:58:52.876+0000] {logging_mixin.py:188} INFO - The extract function has been executed and this is data in the next line
[2024-03-24T04:58:52.879+0000] {logging_mixin.py:188} INFO - Initiating the Endpoint...
[2024-03-24T04:58:53.715+0000] {logging_mixin.py:188} INFO - Extracting other available tracks
[2024-03-24T04:59:02.516+0000] {logging_mixin.py:188} INFO - Adding the values of index 0 into the appropriate Keys...
[2024-03-24T04:59:03.520+0000] {logging_mixin.py:188} INFO - Adding the values of index 1 into the appropriate Keys...
[2024-03-24T04:59:04.823+0000] {logging_mixin.py:188} INFO - Adding the values of index 2 into the appropriate Keys...
[2024-03-24T04:59:05.772+0000] {logging_mixin.py:188} INFO - Adding the values of index 3 into the appropriate Keys...
[2024-03-24T04:59:06.715+0000] {logging_mixin.py:188} INFO - Adding the values of index 4 into the appropriate Keys...
[2024-03-24T04:59:07.725+0000] {logging_mixin.py:188} INFO - Adding the values of index 5 into the appropriate Keys...
[2024-03-24T04:59:08.734+0000] {logging_mixin.py:188} INFO - Adding the values of index 6 into the appropriate Keys...
[2024-03-24T04:59:09.776+0000] {logging_mixin.py:188} INFO - Adding the values of index 7 into the appropriate Keys...
[2024-03-24T04:59:10.702+0000] {logging_mixin.py:188} INFO - Adding the values of index 8 into the appropriate Keys...
[2024-03-24T04:59:11.627+0000] {logging_mixin.py:188} INFO - Adding the values of index 9 into the appropriate Keys...
[2024-03-24T04:59:12.577+0000] {logging_mixin.py:188} INFO - Done Extracting...
[2024-03-24T04:59:12.629+0000] {python.py:202} INFO - Done. Returned value was: None
[2024-03-24T04:59:12.662+0000] {taskinstance.py:1149} INFO - Marking task as SUCCESS. dag_id=spotify_to_s3_data_extraction_v1, task_id=sptoify_to_csv, execution_date=20240321T050700, start_date=20240324T045852, end_date=20240324T045912
[2024-03-24T04:59:12.712+0000] {local_task_job_runner.py:234} INFO - Task exited with return code 0
[2024-03-24T04:59:12.766+0000] {taskinstance.py:3312} INFO - 1 downstream tasks scheduled from follow-on schedule check
