[2024-03-23T20:56:37.411+0000] {taskinstance.py:1979} INFO - Dependencies all met for dep_context=non-requeueable deps ti=<TaskInstance: spotify_to_s3_data_extraction_v1.sptoify_to_csv scheduled__2024-03-21T04:46:00+00:00 [queued]>
[2024-03-23T20:56:37.426+0000] {taskinstance.py:1979} INFO - Dependencies all met for dep_context=requeueable deps ti=<TaskInstance: spotify_to_s3_data_extraction_v1.sptoify_to_csv scheduled__2024-03-21T04:46:00+00:00 [queued]>
[2024-03-23T20:56:37.428+0000] {taskinstance.py:2193} INFO - Starting attempt 5 of 7
[2024-03-23T20:56:37.448+0000] {taskinstance.py:2217} INFO - Executing <Task(PythonOperator): sptoify_to_csv> on 2024-03-21 04:46:00+00:00
[2024-03-23T20:56:37.459+0000] {standard_task_runner.py:60} INFO - Started process 11251 to run task
[2024-03-23T20:56:37.468+0000] {standard_task_runner.py:87} INFO - Running: ['***', 'tasks', 'run', 'spotify_to_s3_data_extraction_v1', 'sptoify_to_csv', 'scheduled__2024-03-21T04:46:00+00:00', '--job-id', '1288', '--raw', '--subdir', 'DAGS_FOLDER/spotify_to_csvs_to_s3.py', '--cfg-path', '/tmp/tmptwugq_at']
[2024-03-23T20:56:37.476+0000] {standard_task_runner.py:88} INFO - Job 1288: Subtask sptoify_to_csv
[2024-03-23T20:56:37.586+0000] {task_command.py:423} INFO - Running <TaskInstance: spotify_to_s3_data_extraction_v1.sptoify_to_csv scheduled__2024-03-21T04:46:00+00:00 [running]> on host ca1809388db1
[2024-03-23T20:56:37.748+0000] {taskinstance.py:2513} INFO - Exporting env vars: AIRFLOW_CTX_DAG_OWNER='Nathaniel Solomon' AIRFLOW_CTX_DAG_ID='spotify_to_s3_data_extraction_v1' AIRFLOW_CTX_TASK_ID='sptoify_to_csv' AIRFLOW_CTX_EXECUTION_DATE='2024-03-21T04:46:00+00:00' AIRFLOW_CTX_TRY_NUMBER='5' AIRFLOW_CTX_DAG_RUN_ID='scheduled__2024-03-21T04:46:00+00:00'
[2024-03-23T20:56:37.752+0000] {logging_mixin.py:188} INFO - The extract function has been executed and this is data in the next line
[2024-03-23T20:56:37.753+0000] {logging_mixin.py:188} INFO - Initiating the Endpoint...
[2024-03-23T20:56:38.522+0000] {logging_mixin.py:188} INFO - Extracting other available tracks
[2024-03-23T20:56:48.481+0000] {logging_mixin.py:188} INFO - Adding the values of index 0 into the appropriate Keys...
[2024-03-23T20:56:49.918+0000] {logging_mixin.py:188} INFO - Adding the values of index 1 into the appropriate Keys...
[2024-03-23T20:56:51.615+0000] {logging_mixin.py:188} INFO - Adding the values of index 2 into the appropriate Keys...
[2024-03-23T20:56:52.724+0000] {logging_mixin.py:188} INFO - Adding the values of index 3 into the appropriate Keys...
[2024-03-23T20:56:53.729+0000] {logging_mixin.py:188} INFO - Adding the values of index 4 into the appropriate Keys...
[2024-03-23T20:56:54.876+0000] {logging_mixin.py:188} INFO - Adding the values of index 5 into the appropriate Keys...
[2024-03-23T20:56:57.055+0000] {logging_mixin.py:188} INFO - Adding the values of index 6 into the appropriate Keys...
[2024-03-23T20:56:57.998+0000] {logging_mixin.py:188} INFO - Adding the values of index 7 into the appropriate Keys...
[2024-03-23T20:56:59.297+0000] {logging_mixin.py:188} INFO - Adding the values of index 8 into the appropriate Keys...
[2024-03-23T20:57:00.297+0000] {logging_mixin.py:188} INFO - Adding the values of index 9 into the appropriate Keys...
[2024-03-23T20:57:01.414+0000] {logging_mixin.py:188} INFO - Done Extracting...
[2024-03-23T20:57:01.436+0000] {python.py:202} INFO - Done. Returned value was: None
[2024-03-23T20:57:01.462+0000] {taskinstance.py:1149} INFO - Marking task as SUCCESS. dag_id=spotify_to_s3_data_extraction_v1, task_id=sptoify_to_csv, execution_date=20240321T044600, start_date=20240323T205637, end_date=20240323T205701
[2024-03-23T20:57:01.761+0000] {local_task_job_runner.py:234} INFO - Task exited with return code 0
[2024-03-23T20:57:01.818+0000] {taskinstance.py:3312} INFO - 1 downstream tasks scheduled from follow-on schedule check
