[2024-04-10T01:08:25.060+0000] {taskinstance.py:1979} INFO - Dependencies all met for dep_context=non-requeueable deps ti=<TaskInstance: billboard_to_spotify_to_s3_extractionV1.sptoify_to_csv scheduled__2024-04-02T00:00:00+00:00 [queued]>
[2024-04-10T01:08:25.070+0000] {taskinstance.py:1979} INFO - Dependencies all met for dep_context=requeueable deps ti=<TaskInstance: billboard_to_spotify_to_s3_extractionV1.sptoify_to_csv scheduled__2024-04-02T00:00:00+00:00 [queued]>
[2024-04-10T01:08:25.071+0000] {taskinstance.py:2193} INFO - Starting attempt 7 of 12
[2024-04-10T01:08:25.085+0000] {taskinstance.py:2217} INFO - Executing <Task(PythonOperator): sptoify_to_csv> on 2024-04-02 00:00:00+00:00
[2024-04-10T01:08:25.093+0000] {standard_task_runner.py:60} INFO - Started process 111 to run task
[2024-04-10T01:08:25.097+0000] {standard_task_runner.py:87} INFO - Running: ['***', 'tasks', 'run', 'billboard_to_spotify_to_s3_extractionV1', 'sptoify_to_csv', 'scheduled__2024-04-02T00:00:00+00:00', '--job-id', '1605', '--raw', '--subdir', 'DAGS_FOLDER/billboard_to_spotify_to_csvs_to_s3.py', '--cfg-path', '/tmp/tmpw83o6n4x']
[2024-04-10T01:08:25.101+0000] {standard_task_runner.py:88} INFO - Job 1605: Subtask sptoify_to_csv
[2024-04-10T01:08:25.155+0000] {task_command.py:423} INFO - Running <TaskInstance: billboard_to_spotify_to_s3_extractionV1.sptoify_to_csv scheduled__2024-04-02T00:00:00+00:00 [running]> on host 66d8d046c9ac
[2024-04-10T01:08:25.245+0000] {taskinstance.py:2513} INFO - Exporting env vars: AIRFLOW_CTX_DAG_OWNER='Nathaniel Solomon' AIRFLOW_CTX_DAG_ID='billboard_to_spotify_to_s3_extractionV1' AIRFLOW_CTX_TASK_ID='sptoify_to_csv' AIRFLOW_CTX_EXECUTION_DATE='2024-04-02T00:00:00+00:00' AIRFLOW_CTX_TRY_NUMBER='7' AIRFLOW_CTX_DAG_RUN_ID='scheduled__2024-04-02T00:00:00+00:00'
[2024-04-10T01:08:25.259+0000] {logging_mixin.py:188} INFO - GOT THE TOP ARTISTS DAT FROM XCOM
[2024-04-10T01:08:25.260+0000] {logging_mixin.py:188} INFO - GETTING ARTISTS BIO DATA
[2024-04-10T01:08:25.793+0000] {logging_mixin.py:188} INFO - GETTING ARTISTS ALBUMS DATA
[2024-04-10T01:08:26.144+0000] {logging_mixin.py:188} INFO - Beyoncé has appeared on a total of 258 albums
[2024-04-10T01:08:26.145+0000] {logging_mixin.py:188} INFO -  Now stagging the albums ...
[2024-04-10T01:08:30.253+0000] {logging_mixin.py:188} INFO -  Beyoncé albums stagged ... 
[2024-04-10T01:08:30.255+0000] {logging_mixin.py:188} INFO -  transforming Beyoncé albums data ... 
[2024-04-10T01:08:30.256+0000] {logging_mixin.py:188} INFO - GETTING ALBUMS TRACKS DATA
[2024-04-10T01:08:30.590+0000] {logging_mixin.py:188} INFO -  Now stagging the tracks ...
[2024-04-10T01:08:30.591+0000] {logging_mixin.py:188} INFO -  COWBOY CARTER tracks stagged ... 
[2024-04-10T01:08:30.594+0000] {logging_mixin.py:188} INFO -  transforming COWBOY CARTER tracks data ... 
[2024-04-10T01:08:32.716+0000] {logging_mixin.py:188} INFO - GETTING ALBUMS TRACKS DATA
[2024-04-10T01:08:32.996+0000] {logging_mixin.py:188} INFO -  Now stagging the tracks ...
[2024-04-10T01:08:32.998+0000] {logging_mixin.py:188} INFO -  RENAISSANCE tracks stagged ... 
[2024-04-10T01:08:32.999+0000] {logging_mixin.py:188} INFO -  transforming RENAISSANCE tracks data ... 
[2024-04-10T01:08:36.232+0000] {logging_mixin.py:188} INFO - GETTING ALBUMS TRACKS DATA
[2024-04-10T01:08:36.552+0000] {logging_mixin.py:188} INFO -  Now stagging the tracks ...
[2024-04-10T01:08:36.555+0000] {logging_mixin.py:188} INFO -  The Lion King: The Gift [Deluxe Edition] tracks stagged ... 
[2024-04-10T01:08:36.557+0000] {logging_mixin.py:188} INFO -  transforming The Lion King: The Gift [Deluxe Edition] tracks data ... 
[2024-04-10T01:08:45.428+0000] {logging_mixin.py:188} INFO - GETTING ALBUMS TRACKS DATA
[2024-04-10T01:08:45.868+0000] {logging_mixin.py:188} INFO -  Now stagging the tracks ...
[2024-04-10T01:08:45.872+0000] {logging_mixin.py:188} INFO -  The Lion King: The Gift tracks stagged ... 
[2024-04-10T01:08:45.876+0000] {logging_mixin.py:188} INFO -  transforming The Lion King: The Gift tracks data ... 
[2024-04-10T01:08:47.962+0000] {logging_mixin.py:188} INFO - GETTING ALBUMS TRACKS DATA
[2024-04-10T01:08:48.324+0000] {logging_mixin.py:188} INFO -  Now stagging the tracks ...
[2024-04-10T01:08:48.326+0000] {logging_mixin.py:188} INFO -  HOMECOMING: THE LIVE ALBUM tracks stagged ... 
[2024-04-10T01:08:48.327+0000] {logging_mixin.py:188} INFO -  transforming HOMECOMING: THE LIVE ALBUM tracks data ... 
[2024-04-10T01:08:50.409+0000] {logging_mixin.py:188} INFO - GETTING ALBUMS TRACKS DATA
[2024-04-10T01:08:50.661+0000] {logging_mixin.py:188} INFO -  Now stagging the tracks ...
[2024-04-10T01:08:50.662+0000] {logging_mixin.py:188} INFO -  Lemonade tracks stagged ... 
[2024-04-10T01:08:50.663+0000] {logging_mixin.py:188} INFO -  transforming Lemonade tracks data ... 
[2024-04-10T01:08:57.081+0000] {logging_mixin.py:188} INFO - GETTING ALBUMS TRACKS DATA
[2024-04-10T01:08:57.345+0000] {logging_mixin.py:188} INFO -  Now stagging the tracks ...
[2024-04-10T01:08:57.346+0000] {logging_mixin.py:188} INFO -  BEYONCÉ [Platinum Edition] tracks stagged ... 
[2024-04-10T01:08:57.347+0000] {logging_mixin.py:188} INFO -  transforming BEYONCÉ [Platinum Edition] tracks data ... 
[2024-04-10T01:08:59.323+0000] {logging_mixin.py:188} INFO - GETTING ALBUMS TRACKS DATA
[2024-04-10T01:08:59.603+0000] {logging_mixin.py:188} INFO -  Now stagging the tracks ...
[2024-04-10T01:08:59.604+0000] {logging_mixin.py:188} INFO -  4 tracks stagged ... 
[2024-04-10T01:08:59.605+0000] {logging_mixin.py:188} INFO -  transforming 4 tracks data ... 
[2024-04-10T01:09:05.819+0000] {logging_mixin.py:188} INFO - GETTING ALBUMS TRACKS DATA
[2024-04-10T01:09:06.137+0000] {logging_mixin.py:188} INFO -  Now stagging the tracks ...
[2024-04-10T01:09:06.138+0000] {logging_mixin.py:188} INFO -  I Am...World Tour tracks stagged ... 
[2024-04-10T01:09:06.139+0000] {logging_mixin.py:188} INFO -  transforming I Am...World Tour tracks data ... 
[2024-04-10T01:09:14.396+0000] {logging_mixin.py:188} INFO - GETTING ALBUMS TRACKS DATA
[2024-04-10T01:09:15.826+0000] {logging_mixin.py:188} INFO -  Now stagging the tracks ...
[2024-04-10T01:09:15.827+0000] {logging_mixin.py:188} INFO -  I AM...SASHA FIERCE tracks stagged ... 
[2024-04-10T01:09:15.827+0000] {logging_mixin.py:188} INFO -  transforming I AM...SASHA FIERCE tracks data ... 
[2024-04-10T01:09:26.210+0000] {logging_mixin.py:188} INFO - DONE WITH Beyoncé NOW MOVING TO NEXT ARTIST
[2024-04-10T01:09:26.437+0000] {logging_mixin.py:188} INFO - GETTING ARTISTS ALBUMS DATA
[2024-04-10T01:09:34.979+0000] {logging_mixin.py:188} INFO - Taylor Swift has appeared on a total of 382 albums
[2024-04-10T01:09:34.982+0000] {logging_mixin.py:188} INFO -  Now stagging the albums ...
[2024-04-10T01:09:57.792+0000] {logging_mixin.py:188} INFO -  Taylor Swift albums stagged ... 
[2024-04-10T01:09:57.793+0000] {logging_mixin.py:188} INFO -  transforming Taylor Swift albums data ... 
[2024-04-10T01:09:57.794+0000] {logging_mixin.py:188} INFO - GETTING ALBUMS TRACKS DATA
[2024-04-10T01:09:58.082+0000] {logging_mixin.py:188} INFO -  Now stagging the tracks ...
[2024-04-10T01:09:58.083+0000] {logging_mixin.py:188} INFO -  1989 (Taylor's Version) [Deluxe] tracks stagged ... 
[2024-04-10T01:09:58.084+0000] {logging_mixin.py:188} INFO -  transforming 1989 (Taylor's Version) [Deluxe] tracks data ... 
[2024-04-10T01:10:06.497+0000] {logging_mixin.py:188} INFO - GETTING ALBUMS TRACKS DATA
[2024-04-10T01:10:15.142+0000] {logging_mixin.py:188} INFO -  Now stagging the tracks ...
[2024-04-10T01:10:15.143+0000] {logging_mixin.py:188} INFO -  1989 (Taylor's Version) tracks stagged ... 
[2024-04-10T01:10:15.144+0000] {logging_mixin.py:188} INFO -  transforming 1989 (Taylor's Version) tracks data ... 
[2024-04-10T01:10:17.160+0000] {logging_mixin.py:188} INFO - GETTING ALBUMS TRACKS DATA
[2024-04-10T01:10:17.448+0000] {logging_mixin.py:188} INFO -  Now stagging the tracks ...
[2024-04-10T01:10:17.448+0000] {logging_mixin.py:188} INFO -  Speak Now (Taylor's Version) tracks stagged ... 
[2024-04-10T01:10:17.449+0000] {logging_mixin.py:188} INFO -  transforming Speak Now (Taylor's Version) tracks data ... 
[2024-04-10T01:10:26.847+0000] {logging_mixin.py:188} INFO - GETTING ALBUMS TRACKS DATA
[2024-04-10T01:10:27.159+0000] {logging_mixin.py:188} INFO -  Now stagging the tracks ...
[2024-04-10T01:10:27.160+0000] {logging_mixin.py:188} INFO -  Midnights (The Til Dawn Edition) tracks stagged ... 
[2024-04-10T01:10:27.160+0000] {logging_mixin.py:188} INFO -  transforming Midnights (The Til Dawn Edition) tracks data ... 
[2024-04-10T01:10:35.371+0000] {logging_mixin.py:188} INFO - GETTING ALBUMS TRACKS DATA
[2024-04-10T01:10:35.633+0000] {logging_mixin.py:188} INFO -  Now stagging the tracks ...
[2024-04-10T01:10:35.633+0000] {logging_mixin.py:188} INFO -  Midnights (3am Edition) tracks stagged ... 
[2024-04-10T01:10:35.634+0000] {logging_mixin.py:188} INFO -  transforming Midnights (3am Edition) tracks data ... 
[2024-04-10T01:10:37.721+0000] {logging_mixin.py:188} INFO - GETTING ALBUMS TRACKS DATA
[2024-04-10T01:10:37.971+0000] {logging_mixin.py:188} INFO -  Now stagging the tracks ...
[2024-04-10T01:10:37.971+0000] {logging_mixin.py:188} INFO -  Midnights tracks stagged ... 
[2024-04-10T01:10:37.972+0000] {logging_mixin.py:188} INFO -  transforming Midnights tracks data ... 
[2024-04-10T01:10:45.158+0000] {logging_mixin.py:188} INFO - GETTING ALBUMS TRACKS DATA
[2024-04-10T01:10:45.467+0000] {logging_mixin.py:188} INFO -  Now stagging the tracks ...
[2024-04-10T01:10:45.468+0000] {logging_mixin.py:188} INFO -  Red (Taylor's Version) tracks stagged ... 
[2024-04-10T01:10:45.468+0000] {logging_mixin.py:188} INFO -  transforming Red (Taylor's Version) tracks data ... 
[2024-04-10T01:10:48.915+0000] {client.py:302} ERROR - Max Retries reached
[2024-04-10T01:10:48.916+0000] {taskinstance.py:2731} ERROR - Task failed with exception
Traceback (most recent call last):
  File "/home/airflow/.local/lib/python3.8/site-packages/requests/adapters.py", line 486, in send
    resp = conn.urlopen(
  File "/home/airflow/.local/lib/python3.8/site-packages/urllib3/connectionpool.py", line 894, in urlopen
    return self.urlopen(
  File "/home/airflow/.local/lib/python3.8/site-packages/urllib3/connectionpool.py", line 894, in urlopen
    return self.urlopen(
  File "/home/airflow/.local/lib/python3.8/site-packages/urllib3/connectionpool.py", line 894, in urlopen
    return self.urlopen(
  File "/home/airflow/.local/lib/python3.8/site-packages/urllib3/connectionpool.py", line 884, in urlopen
    retries = retries.increment(method, url, response=response, _pool=self)
  File "/home/airflow/.local/lib/python3.8/site-packages/urllib3/util/retry.py", line 592, in increment
    raise MaxRetryError(_pool, url, error or ResponseError(cause))
urllib3.exceptions.MaxRetryError: HTTPSConnectionPool(host='api.spotify.com', port=443): Max retries exceeded with url: /v1/audio-features/?ids=3nsfB1vus2qaloUdcBZvDu (Caused by ResponseError('too many 429 error responses'))

During handling of the above exception, another exception occurred:

Traceback (most recent call last):
  File "/home/airflow/.local/lib/python3.8/site-packages/spotipy/client.py", line 266, in _internal_call
    response = self._session.request(
  File "/home/airflow/.local/lib/python3.8/site-packages/requests/sessions.py", line 589, in request
    resp = self.send(prep, **send_kwargs)
  File "/home/airflow/.local/lib/python3.8/site-packages/requests/sessions.py", line 703, in send
    r = adapter.send(request, **kwargs)
  File "/home/airflow/.local/lib/python3.8/site-packages/requests/adapters.py", line 510, in send
    raise RetryError(e, request=request)
requests.exceptions.RetryError: HTTPSConnectionPool(host='api.spotify.com', port=443): Max retries exceeded with url: /v1/audio-features/?ids=3nsfB1vus2qaloUdcBZvDu (Caused by ResponseError('too many 429 error responses'))

During handling of the above exception, another exception occurred:

Traceback (most recent call last):
  File "/home/airflow/.local/lib/python3.8/site-packages/airflow/models/taskinstance.py", line 444, in _execute_task
    result = _execute_callable(context=context, **execute_callable_kwargs)
  File "/home/airflow/.local/lib/python3.8/site-packages/airflow/models/taskinstance.py", line 414, in _execute_callable
    return execute_callable(context=context, **execute_callable_kwargs)
  File "/home/airflow/.local/lib/python3.8/site-packages/airflow/operators/python.py", line 200, in execute
    return_value = self.execute_callable()
  File "/home/airflow/.local/lib/python3.8/site-packages/airflow/operators/python.py", line 217, in execute_callable
    return self.python_callable(*self.op_args, **self.op_kwargs)
  File "/opt/airflow/dags/billboard_to_spotify_to_csvs_to_s3.py", line 156, in Spotify_to_CSV
    track_features = sp.audio_features(track['uri'])
  File "/home/airflow/.local/lib/python3.8/site-packages/spotipy/client.py", line 1734, in audio_features
    results = self._get("audio-features/?ids=" + trackid)
  File "/home/airflow/.local/lib/python3.8/site-packages/spotipy/client.py", line 323, in _get
    return self._internal_call("GET", url, payload, kwargs)
  File "/home/airflow/.local/lib/python3.8/site-packages/spotipy/client.py", line 307, in _internal_call
    raise SpotifyException(
spotipy.exceptions.SpotifyException: http status: 429, code:-1 - /v1/audio-features/?ids=3nsfB1vus2qaloUdcBZvDu:
 Max Retries, reason: too many 429 error responses
[2024-04-10T01:10:48.928+0000] {taskinstance.py:1149} INFO - Marking task as UP_FOR_RETRY. dag_id=billboard_to_spotify_to_s3_extractionV1, task_id=sptoify_to_csv, execution_date=20240402T000000, start_date=20240410T010825, end_date=20240410T011048
[2024-04-10T01:10:48.960+0000] {standard_task_runner.py:107} ERROR - Failed to execute job 1605 for task sptoify_to_csv (http status: 429, code:-1 - /v1/audio-features/?ids=3nsfB1vus2qaloUdcBZvDu:
 Max Retries, reason: too many 429 error responses; 111)
[2024-04-10T01:10:48.986+0000] {local_task_job_runner.py:234} INFO - Task exited with return code 1
[2024-04-10T01:10:49.008+0000] {taskinstance.py:3312} INFO - 0 downstream tasks scheduled from follow-on schedule check
