[2024-03-24T08:04:57.675+0000] {taskinstance.py:1979} INFO - Dependencies all met for dep_context=non-requeueable deps ti=<TaskInstance: spotify_to_s3_data_extraction_v_Error-Resolve_x64.sptoify_to_csv manual__2024-03-24T08:04:54.833993+00:00 [queued]>
[2024-03-24T08:04:57.694+0000] {taskinstance.py:1979} INFO - Dependencies all met for dep_context=requeueable deps ti=<TaskInstance: spotify_to_s3_data_extraction_v_Error-Resolve_x64.sptoify_to_csv manual__2024-03-24T08:04:54.833993+00:00 [queued]>
[2024-03-24T08:04:57.696+0000] {taskinstance.py:2193} INFO - Starting attempt 1 of 6
[2024-03-24T08:04:57.725+0000] {taskinstance.py:2217} INFO - Executing <Task(PythonOperator): sptoify_to_csv> on 2024-03-24 08:04:54.833993+00:00
[2024-03-24T08:04:57.737+0000] {standard_task_runner.py:60} INFO - Started process 2593 to run task
[2024-03-24T08:04:57.743+0000] {standard_task_runner.py:87} INFO - Running: ['***', 'tasks', 'run', 'spotify_to_s3_data_extraction_v_Error-Resolve_x64', 'sptoify_to_csv', 'manual__2024-03-24T08:04:54.833993+00:00', '--job-id', '1384', '--raw', '--subdir', 'DAGS_FOLDER/spotify_to_csvs_to_s3.py', '--cfg-path', '/tmp/tmpsd6iflge']
[2024-03-24T08:04:57.749+0000] {standard_task_runner.py:88} INFO - Job 1384: Subtask sptoify_to_csv
[2024-03-24T08:04:57.849+0000] {task_command.py:423} INFO - Running <TaskInstance: spotify_to_s3_data_extraction_v_Error-Resolve_x64.sptoify_to_csv manual__2024-03-24T08:04:54.833993+00:00 [running]> on host bc244bd8b198
[2024-03-24T08:04:58.171+0000] {taskinstance.py:2513} INFO - Exporting env vars: AIRFLOW_CTX_DAG_OWNER='Nathaniel Solomon' AIRFLOW_CTX_DAG_ID='spotify_to_s3_data_extraction_v_Error-Resolve_x64' AIRFLOW_CTX_TASK_ID='sptoify_to_csv' AIRFLOW_CTX_EXECUTION_DATE='2024-03-24T08:04:54.833993+00:00' AIRFLOW_CTX_TRY_NUMBER='1' AIRFLOW_CTX_DAG_RUN_ID='manual__2024-03-24T08:04:54.833993+00:00'
[2024-03-24T08:04:58.177+0000] {logging_mixin.py:188} INFO - The extract function has been executed and this is data in the next line
[2024-03-24T08:04:58.178+0000] {logging_mixin.py:188} INFO - Initiating the Endpoint...
[2024-03-24T08:04:59.545+0000] {logging_mixin.py:188} INFO - Extracting other available tracks
[2024-03-24T08:05:10.204+0000] {logging_mixin.py:188} INFO - Adding the values of index 0 into the appropriate Keys...
[2024-03-24T08:05:11.493+0000] {logging_mixin.py:188} INFO - Adding the values of index 1 into the appropriate Keys...
[2024-03-24T08:05:12.834+0000] {logging_mixin.py:188} INFO - Adding the values of index 2 into the appropriate Keys...
[2024-03-24T08:05:13.983+0000] {logging_mixin.py:188} INFO - Adding the values of index 3 into the appropriate Keys...
[2024-03-24T08:05:15.257+0000] {logging_mixin.py:188} INFO - Adding the values of index 4 into the appropriate Keys...
[2024-03-24T08:05:16.588+0000] {logging_mixin.py:188} INFO - Adding the values of index 5 into the appropriate Keys...
[2024-03-24T08:05:18.253+0000] {logging_mixin.py:188} INFO - Adding the values of index 6 into the appropriate Keys...
[2024-03-24T08:05:19.848+0000] {logging_mixin.py:188} INFO - Adding the values of index 7 into the appropriate Keys...
[2024-03-24T08:05:21.216+0000] {logging_mixin.py:188} INFO - Adding the values of index 8 into the appropriate Keys...
[2024-03-24T08:05:22.713+0000] {logging_mixin.py:188} INFO - Adding the values of index 9 into the appropriate Keys...
[2024-03-24T08:05:24.574+0000] {logging_mixin.py:188} INFO - Done Extracting...
[2024-03-24T08:05:24.596+0000] {python.py:202} INFO - Done. Returned value was: None
[2024-03-24T08:05:24.615+0000] {taskinstance.py:1149} INFO - Marking task as SUCCESS. dag_id=spotify_to_s3_data_extraction_v_Error-Resolve_x64, task_id=sptoify_to_csv, execution_date=20240324T080454, start_date=20240324T080457, end_date=20240324T080524
[2024-03-24T08:05:24.656+0000] {local_task_job_runner.py:234} INFO - Task exited with return code 0
[2024-03-24T08:05:24.702+0000] {taskinstance.py:3312} INFO - 1 downstream tasks scheduled from follow-on schedule check
