[2024-03-23T20:54:48.457+0000] {taskinstance.py:1979} INFO - Dependencies all met for dep_context=non-requeueable deps ti=<TaskInstance: spotify_to_s3_data_extraction_v1.sptoify_to_csv scheduled__2024-03-21T04:52:00+00:00 [queued]>
[2024-03-23T20:54:48.493+0000] {taskinstance.py:1979} INFO - Dependencies all met for dep_context=requeueable deps ti=<TaskInstance: spotify_to_s3_data_extraction_v1.sptoify_to_csv scheduled__2024-03-21T04:52:00+00:00 [queued]>
[2024-03-23T20:54:48.504+0000] {taskinstance.py:2193} INFO - Starting attempt 5 of 7
[2024-03-23T20:54:48.556+0000] {taskinstance.py:2217} INFO - Executing <Task(PythonOperator): sptoify_to_csv> on 2024-03-21 04:52:00+00:00
[2024-03-23T20:54:48.631+0000] {standard_task_runner.py:87} INFO - Running: ['***', 'tasks', 'run', 'spotify_to_s3_data_extraction_v1', 'sptoify_to_csv', 'scheduled__2024-03-21T04:52:00+00:00', '--job-id', '1273', '--raw', '--subdir', 'DAGS_FOLDER/spotify_to_csvs_to_s3.py', '--cfg-path', '/tmp/tmpiyl7ex90']
[2024-03-23T20:54:48.619+0000] {standard_task_runner.py:60} INFO - Started process 11183 to run task
[2024-03-23T20:54:48.639+0000] {standard_task_runner.py:88} INFO - Job 1273: Subtask sptoify_to_csv
[2024-03-23T20:54:48.835+0000] {task_command.py:423} INFO - Running <TaskInstance: spotify_to_s3_data_extraction_v1.sptoify_to_csv scheduled__2024-03-21T04:52:00+00:00 [running]> on host ca1809388db1
[2024-03-23T20:54:49.098+0000] {taskinstance.py:2513} INFO - Exporting env vars: AIRFLOW_CTX_DAG_OWNER='Nathaniel Solomon' AIRFLOW_CTX_DAG_ID='spotify_to_s3_data_extraction_v1' AIRFLOW_CTX_TASK_ID='sptoify_to_csv' AIRFLOW_CTX_EXECUTION_DATE='2024-03-21T04:52:00+00:00' AIRFLOW_CTX_TRY_NUMBER='5' AIRFLOW_CTX_DAG_RUN_ID='scheduled__2024-03-21T04:52:00+00:00'
[2024-03-23T20:54:49.102+0000] {logging_mixin.py:188} INFO - The extract function has been executed and this is data in the next line
[2024-03-23T20:54:49.104+0000] {logging_mixin.py:188} INFO - Initiating the Endpoint...
[2024-03-23T20:54:49.132+0000] {connectionpool.py:824} WARNING - Retrying (Retry(total=2, connect=None, read=False, redirect=None, status=3)) after connection broken by 'NewConnectionError('<urllib3.connection.HTTPSConnection object at 0x7f18ac91be50>: Failed to establish a new connection: [Errno -2] Name or service not known')': /v1/search?q=year%3A2024&limit=50&offset=0&type=track&market=US
[2024-03-23T20:54:49.743+0000] {connectionpool.py:824} WARNING - Retrying (Retry(total=1, connect=None, read=False, redirect=None, status=3)) after connection broken by 'NewConnectionError('<urllib3.connection.HTTPSConnection object at 0x7f18ac91b6a0>: Failed to establish a new connection: [Errno -2] Name or service not known')': /v1/search?q=year%3A2024&limit=50&offset=0&type=track&market=US
[2024-03-23T20:54:50.964+0000] {connectionpool.py:824} WARNING - Retrying (Retry(total=0, connect=None, read=False, redirect=None, status=3)) after connection broken by 'NewConnectionError('<urllib3.connection.HTTPSConnection object at 0x7f18ac9251c0>: Failed to establish a new connection: [Errno -2] Name or service not known')': /v1/search?q=year%3A2024&limit=50&offset=0&type=track&market=US
[2024-03-23T20:54:51.676+0000] {logging_mixin.py:188} INFO - Extracting other available tracks
[2024-03-23T20:55:00.239+0000] {logging_mixin.py:188} INFO - Adding the values of index 0 into the appropriate Keys...
[2024-03-23T20:55:01.788+0000] {logging_mixin.py:188} INFO - Adding the values of index 1 into the appropriate Keys...
[2024-03-23T20:55:03.238+0000] {logging_mixin.py:188} INFO - Adding the values of index 2 into the appropriate Keys...
[2024-03-23T20:55:04.557+0000] {logging_mixin.py:188} INFO - Adding the values of index 3 into the appropriate Keys...
[2024-03-23T20:55:05.857+0000] {logging_mixin.py:188} INFO - Adding the values of index 4 into the appropriate Keys...
[2024-03-23T20:55:07.053+0000] {logging_mixin.py:188} INFO - Adding the values of index 5 into the appropriate Keys...
[2024-03-23T20:55:08.460+0000] {logging_mixin.py:188} INFO - Adding the values of index 6 into the appropriate Keys...
[2024-03-23T20:55:09.465+0000] {logging_mixin.py:188} INFO - Adding the values of index 7 into the appropriate Keys...
[2024-03-23T20:55:10.916+0000] {logging_mixin.py:188} INFO - Adding the values of index 8 into the appropriate Keys...
[2024-03-23T20:55:12.010+0000] {logging_mixin.py:188} INFO - Adding the values of index 9 into the appropriate Keys...
[2024-03-23T20:55:13.264+0000] {logging_mixin.py:188} INFO - Done Extracting...
[2024-03-23T20:55:13.282+0000] {python.py:202} INFO - Done. Returned value was: None
[2024-03-23T20:55:13.299+0000] {taskinstance.py:1149} INFO - Marking task as SUCCESS. dag_id=spotify_to_s3_data_extraction_v1, task_id=sptoify_to_csv, execution_date=20240321T045200, start_date=20240323T205448, end_date=20240323T205513
[2024-03-23T20:55:13.367+0000] {local_task_job_runner.py:234} INFO - Task exited with return code 0
[2024-03-23T20:55:13.407+0000] {taskinstance.py:3312} INFO - 1 downstream tasks scheduled from follow-on schedule check
