[2024-03-22T10:06:12.882+0000] {taskinstance.py:1979} INFO - Dependencies all met for dep_context=non-requeueable deps ti=<TaskInstance: spotify_to_s3_data_extraction_v1.sptoify_to_csv scheduled__2024-03-20T21:20:00+00:00 [queued]>
[2024-03-22T10:06:16.959+0000] {taskinstance.py:1979} INFO - Dependencies all met for dep_context=requeueable deps ti=<TaskInstance: spotify_to_s3_data_extraction_v1.sptoify_to_csv scheduled__2024-03-20T21:20:00+00:00 [queued]>
[2024-03-22T10:06:16.975+0000] {taskinstance.py:2193} INFO - Starting attempt 5 of 7
[2024-03-22T10:06:24.418+0000] {taskinstance.py:2217} INFO - Executing <Task(PythonOperator): sptoify_to_csv> on 2024-03-20 21:20:00+00:00
[2024-03-22T10:06:25.373+0000] {standard_task_runner.py:60} INFO - Started process 5003 to run task
[2024-03-22T10:06:26.358+0000] {standard_task_runner.py:87} INFO - Running: ['***', 'tasks', 'run', 'spotify_to_s3_data_extraction_v1', 'sptoify_to_csv', 'scheduled__2024-03-20T21:20:00+00:00', '--job-id', '989', '--raw', '--subdir', 'DAGS_FOLDER/spotify_to_csvs_to_s3.py', '--cfg-path', '/tmp/tmpuxoz98hv']
[2024-03-22T10:06:26.954+0000] {standard_task_runner.py:88} INFO - Job 989: Subtask sptoify_to_csv
[2024-03-22T10:06:42.364+0000] {task_command.py:423} INFO - Running <TaskInstance: spotify_to_s3_data_extraction_v1.sptoify_to_csv scheduled__2024-03-20T21:20:00+00:00 [running]> on host ca1809388db1
[2024-03-22T10:07:02.685+0000] {taskinstance.py:2513} INFO - Exporting env vars: AIRFLOW_CTX_DAG_OWNER='Nathaniel Solomon' AIRFLOW_CTX_DAG_ID='spotify_to_s3_data_extraction_v1' AIRFLOW_CTX_TASK_ID='sptoify_to_csv' AIRFLOW_CTX_EXECUTION_DATE='2024-03-20T21:20:00+00:00' AIRFLOW_CTX_TRY_NUMBER='5' AIRFLOW_CTX_DAG_RUN_ID='scheduled__2024-03-20T21:20:00+00:00'
[2024-03-22T10:07:02.830+0000] {logging_mixin.py:188} INFO - The extract function has been executed and this is data in the next line
[2024-03-22T10:07:02.903+0000] {logging_mixin.py:188} INFO - Initiating the Endpoint...
[2024-03-22T10:07:09.584+0000] {logging_mixin.py:188} INFO - Extracting other available tracks
[2024-03-22T10:14:31.926+0000] {logging_mixin.py:188} INFO - Adding the values of index 0 into the appropriate Keys...
[2024-03-22T10:14:33.860+0000] {logging_mixin.py:188} INFO - Adding the values of index 1 into the appropriate Keys...
[2024-03-22T10:14:40.609+0000] {logging_mixin.py:188} INFO - Adding the values of index 2 into the appropriate Keys...
[2024-03-22T10:14:42.050+0000] {logging_mixin.py:188} INFO - Adding the values of index 3 into the appropriate Keys...
[2024-03-22T10:14:51.980+0000] {logging_mixin.py:188} INFO - Adding the values of index 4 into the appropriate Keys...
[2024-03-22T10:15:02.052+0000] {logging_mixin.py:188} INFO - Adding the values of index 5 into the appropriate Keys...
[2024-03-22T10:15:11.731+0000] {logging_mixin.py:188} INFO - Adding the values of index 6 into the appropriate Keys...
[2024-03-22T10:15:20.942+0000] {logging_mixin.py:188} INFO - Adding the values of index 7 into the appropriate Keys...
[2024-03-22T10:15:21.821+0000] {logging_mixin.py:188} INFO - Adding the values of index 8 into the appropriate Keys...
[2024-03-22T10:15:41.247+0000] {logging_mixin.py:188} INFO - Adding the values of index 9 into the appropriate Keys...
[2024-03-22T10:15:42.408+0000] {logging_mixin.py:188} INFO - Done Extracting...
[2024-03-22T10:15:42.546+0000] {python.py:202} INFO - Done. Returned value was: None
[2024-03-22T10:15:42.590+0000] {taskinstance.py:1149} INFO - Marking task as SUCCESS. dag_id=spotify_to_s3_data_extraction_v1, task_id=sptoify_to_csv, execution_date=20240320T212000, start_date=20240322T100612, end_date=20240322T101542
[2024-03-22T10:15:42.721+0000] {local_task_job_runner.py:234} INFO - Task exited with return code 0
[2024-03-22T10:15:42.820+0000] {taskinstance.py:3312} INFO - 1 downstream tasks scheduled from follow-on schedule check
