[2024-03-22T10:21:01.908+0000] {taskinstance.py:1979} INFO - Dependencies all met for dep_context=non-requeueable deps ti=<TaskInstance: spotify_to_s3_data_extraction_v1.sptoify_to_csv scheduled__2024-03-21T03:18:00+00:00 [queued]>
[2024-03-22T10:21:01.935+0000] {taskinstance.py:1979} INFO - Dependencies all met for dep_context=requeueable deps ti=<TaskInstance: spotify_to_s3_data_extraction_v1.sptoify_to_csv scheduled__2024-03-21T03:18:00+00:00 [queued]>
[2024-03-22T10:21:01.938+0000] {taskinstance.py:2193} INFO - Starting attempt 2 of 7
[2024-03-22T10:21:01.977+0000] {taskinstance.py:2217} INFO - Executing <Task(PythonOperator): sptoify_to_csv> on 2024-03-21 03:18:00+00:00
[2024-03-22T10:21:01.991+0000] {standard_task_runner.py:60} INFO - Started process 5577 to run task
[2024-03-22T10:21:01.999+0000] {standard_task_runner.py:87} INFO - Running: ['***', 'tasks', 'run', 'spotify_to_s3_data_extraction_v1', 'sptoify_to_csv', 'scheduled__2024-03-21T03:18:00+00:00', '--job-id', '1156', '--raw', '--subdir', 'DAGS_FOLDER/spotify_to_csvs_to_s3.py', '--cfg-path', '/tmp/tmp6ufqrevk']
[2024-03-22T10:21:02.007+0000] {standard_task_runner.py:88} INFO - Job 1156: Subtask sptoify_to_csv
[2024-03-22T10:21:02.133+0000] {task_command.py:423} INFO - Running <TaskInstance: spotify_to_s3_data_extraction_v1.sptoify_to_csv scheduled__2024-03-21T03:18:00+00:00 [running]> on host ca1809388db1
[2024-03-22T10:21:02.341+0000] {taskinstance.py:2513} INFO - Exporting env vars: AIRFLOW_CTX_DAG_OWNER='Nathaniel Solomon' AIRFLOW_CTX_DAG_ID='spotify_to_s3_data_extraction_v1' AIRFLOW_CTX_TASK_ID='sptoify_to_csv' AIRFLOW_CTX_EXECUTION_DATE='2024-03-21T03:18:00+00:00' AIRFLOW_CTX_TRY_NUMBER='2' AIRFLOW_CTX_DAG_RUN_ID='scheduled__2024-03-21T03:18:00+00:00'
[2024-03-22T10:21:02.346+0000] {logging_mixin.py:188} INFO - The extract function has been executed and this is data in the next line
[2024-03-22T10:21:02.348+0000] {logging_mixin.py:188} INFO - Initiating the Endpoint...
[2024-03-22T10:21:03.203+0000] {logging_mixin.py:188} INFO - Extracting other available tracks
[2024-03-22T10:21:23.331+0000] {logging_mixin.py:188} INFO - Adding the values of index 0 into the appropriate Keys...
[2024-03-22T10:21:24.969+0000] {logging_mixin.py:188} INFO - Adding the values of index 1 into the appropriate Keys...
[2024-03-22T10:21:25.996+0000] {logging_mixin.py:188} INFO - Adding the values of index 2 into the appropriate Keys...
[2024-03-22T10:21:26.993+0000] {logging_mixin.py:188} INFO - Adding the values of index 3 into the appropriate Keys...
[2024-03-22T10:21:28.083+0000] {logging_mixin.py:188} INFO - Adding the values of index 4 into the appropriate Keys...
[2024-03-22T10:21:29.127+0000] {logging_mixin.py:188} INFO - Adding the values of index 5 into the appropriate Keys...
[2024-03-22T10:21:30.333+0000] {logging_mixin.py:188} INFO - Adding the values of index 6 into the appropriate Keys...
[2024-03-22T10:21:31.729+0000] {logging_mixin.py:188} INFO - Adding the values of index 7 into the appropriate Keys...
[2024-03-22T10:21:32.957+0000] {logging_mixin.py:188} INFO - Adding the values of index 8 into the appropriate Keys...
[2024-03-22T10:21:41.343+0000] {logging_mixin.py:188} INFO - Adding the values of index 9 into the appropriate Keys...
[2024-03-22T10:21:42.747+0000] {logging_mixin.py:188} INFO - Done Extracting...
[2024-03-22T10:21:42.800+0000] {python.py:202} INFO - Done. Returned value was: None
[2024-03-22T10:21:42.838+0000] {taskinstance.py:1149} INFO - Marking task as SUCCESS. dag_id=spotify_to_s3_data_extraction_v1, task_id=sptoify_to_csv, execution_date=20240321T031800, start_date=20240322T102101, end_date=20240322T102142
[2024-03-22T10:21:42.895+0000] {local_task_job_runner.py:234} INFO - Task exited with return code 0
[2024-03-22T10:21:43.854+0000] {taskinstance.py:3312} INFO - 0 downstream tasks scheduled from follow-on schedule check
