[2024-03-21T03:33:29.362+0000] {taskinstance.py:1979} INFO - Dependencies all met for dep_context=non-requeueable deps ti=<TaskInstance: spotify_to_s3_data_extraction_v1.sptoify_to_csv scheduled__2024-03-21T03:18:00+00:00 [queued]>
[2024-03-21T03:33:29.376+0000] {taskinstance.py:1979} INFO - Dependencies all met for dep_context=requeueable deps ti=<TaskInstance: spotify_to_s3_data_extraction_v1.sptoify_to_csv scheduled__2024-03-21T03:18:00+00:00 [queued]>
[2024-03-21T03:33:29.377+0000] {taskinstance.py:2193} INFO - Starting attempt 1 of 6
[2024-03-21T03:33:29.398+0000] {taskinstance.py:2217} INFO - Executing <Task(PythonOperator): sptoify_to_csv> on 2024-03-21 03:18:00+00:00
[2024-03-21T03:33:29.410+0000] {standard_task_runner.py:60} INFO - Started process 1660 to run task
[2024-03-21T03:33:29.418+0000] {standard_task_runner.py:87} INFO - Running: ['***', 'tasks', 'run', 'spotify_to_s3_data_extraction_v1', 'sptoify_to_csv', 'scheduled__2024-03-21T03:18:00+00:00', '--job-id', '322', '--raw', '--subdir', 'DAGS_FOLDER/spotify_to_csvs_to_s3.py', '--cfg-path', '/tmp/tmpvt_wocaj']
[2024-03-21T03:33:29.424+0000] {standard_task_runner.py:88} INFO - Job 322: Subtask sptoify_to_csv
[2024-03-21T03:33:29.568+0000] {task_command.py:423} INFO - Running <TaskInstance: spotify_to_s3_data_extraction_v1.sptoify_to_csv scheduled__2024-03-21T03:18:00+00:00 [running]> on host ca1809388db1
[2024-03-21T03:33:29.709+0000] {taskinstance.py:2513} INFO - Exporting env vars: AIRFLOW_CTX_DAG_OWNER='Nathaniel Solomon' AIRFLOW_CTX_DAG_ID='spotify_to_s3_data_extraction_v1' AIRFLOW_CTX_TASK_ID='sptoify_to_csv' AIRFLOW_CTX_EXECUTION_DATE='2024-03-21T03:18:00+00:00' AIRFLOW_CTX_TRY_NUMBER='1' AIRFLOW_CTX_DAG_RUN_ID='scheduled__2024-03-21T03:18:00+00:00'
[2024-03-21T03:33:29.711+0000] {logging_mixin.py:188} INFO - The extract function has been executed and this is data in the next line
[2024-03-21T03:33:29.712+0000] {logging_mixin.py:188} INFO - Initiating the Endpoint...
[2024-03-21T03:33:30.240+0000] {logging_mixin.py:188} INFO - Extracting other available tracks
[2024-03-21T03:33:37.699+0000] {logging_mixin.py:188} INFO - Adding the values of index 0 into the appropriate Keys...
[2024-03-21T03:33:39.260+0000] {logging_mixin.py:188} INFO - Adding the values of index 1 into the appropriate Keys...
[2024-03-21T03:33:40.393+0000] {logging_mixin.py:188} INFO - Adding the values of index 2 into the appropriate Keys...
[2024-03-21T03:33:41.631+0000] {logging_mixin.py:188} INFO - Adding the values of index 3 into the appropriate Keys...
[2024-03-21T03:33:42.939+0000] {logging_mixin.py:188} INFO - Adding the values of index 4 into the appropriate Keys...
[2024-03-21T03:33:44.148+0000] {logging_mixin.py:188} INFO - Adding the values of index 5 into the appropriate Keys...
[2024-03-21T03:33:45.565+0000] {logging_mixin.py:188} INFO - Adding the values of index 6 into the appropriate Keys...
[2024-03-21T03:33:46.697+0000] {logging_mixin.py:188} INFO - Adding the values of index 7 into the appropriate Keys...
[2024-03-21T03:33:47.964+0000] {logging_mixin.py:188} INFO - Adding the values of index 8 into the appropriate Keys...
[2024-03-21T03:33:49.429+0000] {logging_mixin.py:188} INFO - Adding the values of index 9 into the appropriate Keys...
[2024-03-21T03:33:52.641+0000] {logging_mixin.py:188} INFO - Done Extracting...
[2024-03-21T03:33:53.261+0000] {python.py:202} INFO - Done. Returned value was: None
[2024-03-21T03:33:53.784+0000] {taskinstance.py:1149} INFO - Marking task as SUCCESS. dag_id=spotify_to_s3_data_extraction_v1, task_id=sptoify_to_csv, execution_date=20240321T031800, start_date=20240321T033329, end_date=20240321T033353
[2024-03-21T03:33:54.223+0000] {local_task_job_runner.py:234} INFO - Task exited with return code 0
[2024-03-21T03:33:54.633+0000] {taskinstance.py:3312} INFO - 1 downstream tasks scheduled from follow-on schedule check
