[2024-04-05T00:30:41.254+0000] {processor.py:161} INFO - Started process (PID=65340) to work on /opt/airflow/dags/spotify_to_csvs_to_s3_Finale.py
[2024-04-05T00:30:41.258+0000] {processor.py:830} INFO - Processing file /opt/airflow/dags/spotify_to_csvs_to_s3_Finale.py for tasks to queue
[2024-04-05T00:30:41.291+0000] {logging_mixin.py:188} INFO - [2024-04-05T00:30:41.280+0000] {dagbag.py:540} INFO - Filling up the DagBag from /opt/airflow/dags/spotify_to_csvs_to_s3_Finale.py
[2024-04-05T00:30:42.612+0000] {logging_mixin.py:188} INFO - Authenticating User...
[2024-04-05T00:30:42.627+0000] {processor.py:840} INFO - DAG(s) 'spotify_track_data_extraction_to_s3_v1' retrieved from /opt/airflow/dags/spotify_to_csvs_to_s3_Finale.py
[2024-04-05T00:30:42.688+0000] {logging_mixin.py:188} INFO - [2024-04-05T00:30:42.686+0000] {dag.py:3047} INFO - Sync 1 DAGs
[2024-04-05T00:30:43.041+0000] {logging_mixin.py:188} INFO - [2024-04-05T00:30:43.041+0000] {dag.py:3834} INFO - Setting next_dagrun for spotify_track_data_extraction_to_s3_v1 to 2024-04-04 00:00:00+00:00, run_after=2024-04-05 00:00:00+00:00
[2024-04-05T00:30:43.090+0000] {processor.py:183} INFO - Processing /opt/airflow/dags/spotify_to_csvs_to_s3_Finale.py took 1.917 seconds
[2024-04-05T00:31:13.651+0000] {processor.py:161} INFO - Started process (PID=65353) to work on /opt/airflow/dags/spotify_to_csvs_to_s3_Finale.py
[2024-04-05T00:31:13.673+0000] {processor.py:830} INFO - Processing file /opt/airflow/dags/spotify_to_csvs_to_s3_Finale.py for tasks to queue
[2024-04-05T00:31:13.692+0000] {logging_mixin.py:188} INFO - [2024-04-05T00:31:13.687+0000] {dagbag.py:540} INFO - Filling up the DagBag from /opt/airflow/dags/spotify_to_csvs_to_s3_Finale.py
[2024-04-05T01:29:07.170+0000] {logging_mixin.py:188} INFO - [2024-04-05T01:29:06.487+0000] {timeout.py:68} ERROR - Process timed out, PID: 65353
[2024-04-05T03:31:21.791+0000] {processor.py:161} INFO - Started process (PID=65371) to work on /opt/airflow/dags/spotify_to_csvs_to_s3_Finale.py
[2024-04-05T03:31:21.798+0000] {processor.py:830} INFO - Processing file /opt/airflow/dags/spotify_to_csvs_to_s3_Finale.py for tasks to queue
[2024-04-05T03:31:21.808+0000] {logging_mixin.py:188} INFO - [2024-04-05T03:31:21.807+0000] {dagbag.py:540} INFO - Filling up the DagBag from /opt/airflow/dags/spotify_to_csvs_to_s3_Finale.py
[2024-04-05T03:31:24.098+0000] {logging_mixin.py:188} INFO - Authenticating User...
[2024-04-05T03:31:24.148+0000] {processor.py:840} INFO - DAG(s) 'spotify_track_data_extraction_to_s3_v1' retrieved from /opt/airflow/dags/spotify_to_csvs_to_s3_Finale.py
[2024-04-05T03:31:25.715+0000] {logging_mixin.py:188} INFO - [2024-04-05T03:31:25.713+0000] {dag.py:3047} INFO - Sync 1 DAGs
[2024-04-05T03:31:25.778+0000] {logging_mixin.py:188} INFO - [2024-04-05T03:31:25.777+0000] {dag.py:3834} INFO - Setting next_dagrun for spotify_track_data_extraction_to_s3_v1 to 2024-04-04 00:00:00+00:00, run_after=2024-04-05 00:00:00+00:00
[2024-04-05T03:31:25.835+0000] {processor.py:183} INFO - Processing /opt/airflow/dags/spotify_to_csvs_to_s3_Finale.py took 4.076 seconds
[2024-04-05T03:56:18.646+0000] {processor.py:161} INFO - Started process (PID=65377) to work on /opt/airflow/dags/spotify_to_csvs_to_s3_Finale.py
[2024-04-05T03:56:18.667+0000] {processor.py:830} INFO - Processing file /opt/airflow/dags/spotify_to_csvs_to_s3_Finale.py for tasks to queue
[2024-04-05T03:56:18.679+0000] {logging_mixin.py:188} INFO - [2024-04-05T03:56:18.678+0000] {dagbag.py:540} INFO - Filling up the DagBag from /opt/airflow/dags/spotify_to_csvs_to_s3_Finale.py
[2024-04-05T03:56:20.117+0000] {logging_mixin.py:188} INFO - Authenticating User...
[2024-04-05T03:56:20.176+0000] {processor.py:840} INFO - DAG(s) 'spotify_track_data_extraction_to_s3_v1' retrieved from /opt/airflow/dags/spotify_to_csvs_to_s3_Finale.py
[2024-04-05T03:56:20.243+0000] {logging_mixin.py:188} INFO - [2024-04-05T03:56:20.242+0000] {dag.py:3047} INFO - Sync 1 DAGs
[2024-04-05T03:56:20.323+0000] {logging_mixin.py:188} INFO - [2024-04-05T03:56:20.322+0000] {dag.py:3834} INFO - Setting next_dagrun for spotify_track_data_extraction_to_s3_v1 to 2024-04-04 00:00:00+00:00, run_after=2024-04-05 00:00:00+00:00
[2024-04-05T03:56:20.364+0000] {processor.py:183} INFO - Processing /opt/airflow/dags/spotify_to_csvs_to_s3_Finale.py took 1.763 seconds
[2024-04-05T04:22:41.407+0000] {processor.py:161} INFO - Started process (PID=65393) to work on /opt/airflow/dags/spotify_to_csvs_to_s3_Finale.py
[2024-04-05T04:22:41.429+0000] {processor.py:830} INFO - Processing file /opt/airflow/dags/spotify_to_csvs_to_s3_Finale.py for tasks to queue
[2024-04-05T04:22:41.433+0000] {logging_mixin.py:188} INFO - [2024-04-05T04:22:41.432+0000] {dagbag.py:540} INFO - Filling up the DagBag from /opt/airflow/dags/spotify_to_csvs_to_s3_Finale.py
[2024-04-05T04:22:42.783+0000] {logging_mixin.py:188} INFO - Authenticating User...
[2024-04-05T04:22:42.794+0000] {processor.py:840} INFO - DAG(s) 'spotify_track_data_extraction_to_s3_v1' retrieved from /opt/airflow/dags/spotify_to_csvs_to_s3_Finale.py
[2024-04-05T04:22:42.838+0000] {logging_mixin.py:188} INFO - [2024-04-05T04:22:42.837+0000] {dag.py:3047} INFO - Sync 1 DAGs
[2024-04-05T04:22:42.897+0000] {logging_mixin.py:188} INFO - [2024-04-05T04:22:42.896+0000] {dag.py:3834} INFO - Setting next_dagrun for spotify_track_data_extraction_to_s3_v1 to 2024-04-04 00:00:00+00:00, run_after=2024-04-05 00:00:00+00:00
[2024-04-05T04:22:42.959+0000] {processor.py:183} INFO - Processing /opt/airflow/dags/spotify_to_csvs_to_s3_Finale.py took 1.572 seconds
[2024-04-05T04:32:22.923+0000] {processor.py:161} INFO - Started process (PID=65399) to work on /opt/airflow/dags/spotify_to_csvs_to_s3_Finale.py
[2024-04-05T04:32:22.933+0000] {processor.py:830} INFO - Processing file /opt/airflow/dags/spotify_to_csvs_to_s3_Finale.py for tasks to queue
[2024-04-05T04:32:22.936+0000] {logging_mixin.py:188} INFO - [2024-04-05T04:32:22.935+0000] {dagbag.py:540} INFO - Filling up the DagBag from /opt/airflow/dags/spotify_to_csvs_to_s3_Finale.py
[2024-04-05T04:32:24.448+0000] {logging_mixin.py:188} INFO - Authenticating User...
[2024-04-05T04:32:24.457+0000] {processor.py:840} INFO - DAG(s) 'spotify_track_data_extraction_to_s3_v1' retrieved from /opt/airflow/dags/spotify_to_csvs_to_s3_Finale.py
[2024-04-05T04:32:24.502+0000] {logging_mixin.py:188} INFO - [2024-04-05T04:32:24.501+0000] {dag.py:3047} INFO - Sync 1 DAGs
[2024-04-05T04:32:24.547+0000] {logging_mixin.py:188} INFO - [2024-04-05T04:32:24.547+0000] {dag.py:3834} INFO - Setting next_dagrun for spotify_track_data_extraction_to_s3_v1 to 2024-04-04 00:00:00+00:00, run_after=2024-04-05 00:00:00+00:00
[2024-04-05T04:32:24.589+0000] {processor.py:183} INFO - Processing /opt/airflow/dags/spotify_to_csvs_to_s3_Finale.py took 1.676 seconds
[2024-04-05T05:33:25.366+0000] {processor.py:161} INFO - Started process (PID=65417) to work on /opt/airflow/dags/spotify_to_csvs_to_s3_Finale.py
[2024-04-05T05:33:25.386+0000] {processor.py:830} INFO - Processing file /opt/airflow/dags/spotify_to_csvs_to_s3_Finale.py for tasks to queue
[2024-04-05T05:33:25.392+0000] {logging_mixin.py:188} INFO - [2024-04-05T05:33:25.391+0000] {dagbag.py:540} INFO - Filling up the DagBag from /opt/airflow/dags/spotify_to_csvs_to_s3_Finale.py
[2024-04-05T05:33:26.880+0000] {logging_mixin.py:188} INFO - Authenticating User...
[2024-04-05T05:33:26.895+0000] {processor.py:840} INFO - DAG(s) 'spotify_track_data_extraction_to_s3_v1' retrieved from /opt/airflow/dags/spotify_to_csvs_to_s3_Finale.py
[2024-04-05T05:33:26.960+0000] {logging_mixin.py:188} INFO - [2024-04-05T05:33:26.958+0000] {dag.py:3047} INFO - Sync 1 DAGs
[2024-04-05T05:33:27.013+0000] {logging_mixin.py:188} INFO - [2024-04-05T05:33:27.013+0000] {dag.py:3834} INFO - Setting next_dagrun for spotify_track_data_extraction_to_s3_v1 to 2024-04-04 00:00:00+00:00, run_after=2024-04-05 00:00:00+00:00
[2024-04-05T05:33:27.051+0000] {processor.py:183} INFO - Processing /opt/airflow/dags/spotify_to_csvs_to_s3_Finale.py took 1.709 seconds
[2024-04-05T05:55:57.975+0000] {processor.py:161} INFO - Started process (PID=65430) to work on /opt/airflow/dags/spotify_to_csvs_to_s3_Finale.py
[2024-04-05T05:55:57.978+0000] {processor.py:830} INFO - Processing file /opt/airflow/dags/spotify_to_csvs_to_s3_Finale.py for tasks to queue
[2024-04-05T05:55:57.981+0000] {logging_mixin.py:188} INFO - [2024-04-05T05:55:57.980+0000] {dagbag.py:540} INFO - Filling up the DagBag from /opt/airflow/dags/spotify_to_csvs_to_s3_Finale.py
[2024-04-05T05:55:59.254+0000] {logging_mixin.py:188} INFO - Authenticating User...
[2024-04-05T05:55:59.264+0000] {processor.py:840} INFO - DAG(s) 'spotify_track_data_extraction_to_s3_v1' retrieved from /opt/airflow/dags/spotify_to_csvs_to_s3_Finale.py
[2024-04-05T05:55:59.309+0000] {logging_mixin.py:188} INFO - [2024-04-05T05:55:59.308+0000] {dag.py:3047} INFO - Sync 1 DAGs
[2024-04-05T05:55:59.361+0000] {logging_mixin.py:188} INFO - [2024-04-05T05:55:59.360+0000] {dag.py:3834} INFO - Setting next_dagrun for spotify_track_data_extraction_to_s3_v1 to 2024-04-04 00:00:00+00:00, run_after=2024-04-05 00:00:00+00:00
[2024-04-05T05:55:59.399+0000] {processor.py:183} INFO - Processing /opt/airflow/dags/spotify_to_csvs_to_s3_Finale.py took 1.428 seconds
[2024-04-05T05:56:30.457+0000] {processor.py:161} INFO - Started process (PID=65442) to work on /opt/airflow/dags/spotify_to_csvs_to_s3_Finale.py
[2024-04-05T05:56:30.500+0000] {processor.py:830} INFO - Processing file /opt/airflow/dags/spotify_to_csvs_to_s3_Finale.py for tasks to queue
[2024-04-05T05:56:30.551+0000] {logging_mixin.py:188} INFO - [2024-04-05T05:56:30.544+0000] {dagbag.py:540} INFO - Filling up the DagBag from /opt/airflow/dags/spotify_to_csvs_to_s3_Finale.py
[2024-04-05T05:57:38.421+0000] {logging_mixin.py:188} INFO - [2024-04-05T05:57:38.082+0000] {timeout.py:68} ERROR - Process timed out, PID: 65442
[2024-04-05T05:58:09.151+0000] {processor.py:161} INFO - Started process (PID=65452) to work on /opt/airflow/dags/spotify_to_csvs_to_s3_Finale.py
[2024-04-05T05:58:09.160+0000] {processor.py:830} INFO - Processing file /opt/airflow/dags/spotify_to_csvs_to_s3_Finale.py for tasks to queue
[2024-04-05T05:58:09.184+0000] {logging_mixin.py:188} INFO - [2024-04-05T05:58:09.183+0000] {dagbag.py:540} INFO - Filling up the DagBag from /opt/airflow/dags/spotify_to_csvs_to_s3_Finale.py
[2024-04-05T05:58:11.221+0000] {logging_mixin.py:188} INFO - Authenticating User...
[2024-04-05T05:58:11.234+0000] {processor.py:840} INFO - DAG(s) 'spotify_track_data_extraction_to_s3_v1' retrieved from /opt/airflow/dags/spotify_to_csvs_to_s3_Finale.py
[2024-04-05T05:58:11.523+0000] {logging_mixin.py:188} INFO - [2024-04-05T05:58:11.522+0000] {dag.py:3047} INFO - Sync 1 DAGs
[2024-04-05T05:58:11.576+0000] {logging_mixin.py:188} INFO - [2024-04-05T05:58:11.576+0000] {dag.py:3834} INFO - Setting next_dagrun for spotify_track_data_extraction_to_s3_v1 to 2024-04-04 00:00:00+00:00, run_after=2024-04-05 00:00:00+00:00
[2024-04-05T05:58:11.627+0000] {processor.py:183} INFO - Processing /opt/airflow/dags/spotify_to_csvs_to_s3_Finale.py took 2.490 seconds
[2024-04-05T07:48:00.872+0000] {processor.py:161} INFO - Started process (PID=65467) to work on /opt/airflow/dags/spotify_to_csvs_to_s3_Finale.py
[2024-04-05T07:48:00.885+0000] {processor.py:830} INFO - Processing file /opt/airflow/dags/spotify_to_csvs_to_s3_Finale.py for tasks to queue
[2024-04-05T07:48:00.889+0000] {logging_mixin.py:188} INFO - [2024-04-05T07:48:00.888+0000] {dagbag.py:540} INFO - Filling up the DagBag from /opt/airflow/dags/spotify_to_csvs_to_s3_Finale.py
[2024-04-05T07:48:03.277+0000] {logging_mixin.py:188} INFO - Authenticating User...
[2024-04-05T07:48:03.286+0000] {processor.py:840} INFO - DAG(s) 'spotify_track_data_extraction_to_s3_v1' retrieved from /opt/airflow/dags/spotify_to_csvs_to_s3_Finale.py
[2024-04-05T07:48:03.428+0000] {logging_mixin.py:188} INFO - [2024-04-05T07:48:03.424+0000] {dag.py:3047} INFO - Sync 1 DAGs
[2024-04-05T07:48:03.537+0000] {logging_mixin.py:188} INFO - [2024-04-05T07:48:03.536+0000] {dag.py:3834} INFO - Setting next_dagrun for spotify_track_data_extraction_to_s3_v1 to 2024-04-04 00:00:00+00:00, run_after=2024-04-05 00:00:00+00:00
[2024-04-05T07:48:03.607+0000] {processor.py:183} INFO - Processing /opt/airflow/dags/spotify_to_csvs_to_s3_Finale.py took 2.744 seconds
[2024-04-05T07:48:34.294+0000] {processor.py:161} INFO - Started process (PID=65479) to work on /opt/airflow/dags/spotify_to_csvs_to_s3_Finale.py
[2024-04-05T07:48:34.296+0000] {processor.py:830} INFO - Processing file /opt/airflow/dags/spotify_to_csvs_to_s3_Finale.py for tasks to queue
[2024-04-05T07:48:34.298+0000] {logging_mixin.py:188} INFO - [2024-04-05T07:48:34.298+0000] {dagbag.py:540} INFO - Filling up the DagBag from /opt/airflow/dags/spotify_to_csvs_to_s3_Finale.py
[2024-04-05T07:48:35.147+0000] {logging_mixin.py:188} INFO - Authenticating User...
[2024-04-05T07:48:35.153+0000] {processor.py:840} INFO - DAG(s) 'spotify_track_data_extraction_to_s3_v1' retrieved from /opt/airflow/dags/spotify_to_csvs_to_s3_Finale.py
[2024-04-05T07:48:35.184+0000] {logging_mixin.py:188} INFO - [2024-04-05T07:48:35.183+0000] {dag.py:3047} INFO - Sync 1 DAGs
[2024-04-05T07:48:35.214+0000] {logging_mixin.py:188} INFO - [2024-04-05T07:48:35.213+0000] {dag.py:3834} INFO - Setting next_dagrun for spotify_track_data_extraction_to_s3_v1 to 2024-04-04 00:00:00+00:00, run_after=2024-04-05 00:00:00+00:00
[2024-04-05T07:48:35.240+0000] {processor.py:183} INFO - Processing /opt/airflow/dags/spotify_to_csvs_to_s3_Finale.py took 0.952 seconds
[2024-04-05T08:16:17.468+0000] {processor.py:161} INFO - Started process (PID=65483) to work on /opt/airflow/dags/spotify_to_csvs_to_s3_Finale.py
[2024-04-05T08:16:17.471+0000] {processor.py:830} INFO - Processing file /opt/airflow/dags/spotify_to_csvs_to_s3_Finale.py for tasks to queue
[2024-04-05T08:16:17.475+0000] {logging_mixin.py:188} INFO - [2024-04-05T08:16:17.474+0000] {dagbag.py:540} INFO - Filling up the DagBag from /opt/airflow/dags/spotify_to_csvs_to_s3_Finale.py
[2024-04-05T08:16:22.043+0000] {logging_mixin.py:188} INFO - Authenticating User...
[2024-04-05T08:16:22.064+0000] {processor.py:840} INFO - DAG(s) 'spotify_track_data_extraction_to_s3_v1' retrieved from /opt/airflow/dags/spotify_to_csvs_to_s3_Finale.py
[2024-04-05T08:16:22.130+0000] {logging_mixin.py:188} INFO - [2024-04-05T08:16:22.129+0000] {dag.py:3047} INFO - Sync 1 DAGs
[2024-04-05T08:16:22.204+0000] {logging_mixin.py:188} INFO - [2024-04-05T08:16:22.203+0000] {dag.py:3834} INFO - Setting next_dagrun for spotify_track_data_extraction_to_s3_v1 to 2024-04-04 00:00:00+00:00, run_after=2024-04-05 00:00:00+00:00
[2024-04-05T08:16:22.256+0000] {processor.py:183} INFO - Processing /opt/airflow/dags/spotify_to_csvs_to_s3_Finale.py took 4.797 seconds
[2024-04-05T08:16:52.630+0000] {processor.py:161} INFO - Started process (PID=65501) to work on /opt/airflow/dags/spotify_to_csvs_to_s3_Finale.py
[2024-04-05T08:16:52.631+0000] {processor.py:830} INFO - Processing file /opt/airflow/dags/spotify_to_csvs_to_s3_Finale.py for tasks to queue
[2024-04-05T08:16:52.633+0000] {logging_mixin.py:188} INFO - [2024-04-05T08:16:52.633+0000] {dagbag.py:540} INFO - Filling up the DagBag from /opt/airflow/dags/spotify_to_csvs_to_s3_Finale.py
[2024-04-05T08:16:53.669+0000] {logging_mixin.py:188} INFO - Authenticating User...
[2024-04-05T08:16:53.677+0000] {processor.py:840} INFO - DAG(s) 'spotify_track_data_extraction_to_s3_v1' retrieved from /opt/airflow/dags/spotify_to_csvs_to_s3_Finale.py
[2024-04-05T08:16:53.714+0000] {logging_mixin.py:188} INFO - [2024-04-05T08:16:53.714+0000] {dag.py:3047} INFO - Sync 1 DAGs
[2024-04-05T08:16:53.751+0000] {logging_mixin.py:188} INFO - [2024-04-05T08:16:53.751+0000] {dag.py:3834} INFO - Setting next_dagrun for spotify_track_data_extraction_to_s3_v1 to 2024-04-04 00:00:00+00:00, run_after=2024-04-05 00:00:00+00:00
[2024-04-05T08:16:53.783+0000] {processor.py:183} INFO - Processing /opt/airflow/dags/spotify_to_csvs_to_s3_Finale.py took 1.158 seconds
[2024-04-05T09:40:14.421+0000] {processor.py:161} INFO - Started process (PID=65513) to work on /opt/airflow/dags/spotify_to_csvs_to_s3_Finale.py
[2024-04-05T09:40:14.437+0000] {processor.py:830} INFO - Processing file /opt/airflow/dags/spotify_to_csvs_to_s3_Finale.py for tasks to queue
[2024-04-05T09:40:14.441+0000] {logging_mixin.py:188} INFO - [2024-04-05T09:40:14.440+0000] {dagbag.py:540} INFO - Filling up the DagBag from /opt/airflow/dags/spotify_to_csvs_to_s3_Finale.py
[2024-04-05T09:40:15.954+0000] {logging_mixin.py:188} INFO - Authenticating User...
[2024-04-05T09:40:15.963+0000] {processor.py:840} INFO - DAG(s) 'spotify_track_data_extraction_to_s3_v1' retrieved from /opt/airflow/dags/spotify_to_csvs_to_s3_Finale.py
[2024-04-05T09:40:16.007+0000] {logging_mixin.py:188} INFO - [2024-04-05T09:40:16.006+0000] {dag.py:3047} INFO - Sync 1 DAGs
[2024-04-05T09:40:16.057+0000] {logging_mixin.py:188} INFO - [2024-04-05T09:40:16.057+0000] {dag.py:3834} INFO - Setting next_dagrun for spotify_track_data_extraction_to_s3_v1 to 2024-04-04 00:00:00+00:00, run_after=2024-04-05 00:00:00+00:00
[2024-04-05T09:40:16.108+0000] {processor.py:183} INFO - Processing /opt/airflow/dags/spotify_to_csvs_to_s3_Finale.py took 1.699 seconds
[2024-04-05T10:41:16.517+0000] {processor.py:161} INFO - Started process (PID=65524) to work on /opt/airflow/dags/spotify_to_csvs_to_s3_Finale.py
[2024-04-05T10:41:16.528+0000] {processor.py:830} INFO - Processing file /opt/airflow/dags/spotify_to_csvs_to_s3_Finale.py for tasks to queue
[2024-04-05T10:41:16.532+0000] {logging_mixin.py:188} INFO - [2024-04-05T10:41:16.531+0000] {dagbag.py:540} INFO - Filling up the DagBag from /opt/airflow/dags/spotify_to_csvs_to_s3_Finale.py
[2024-04-05T10:41:18.269+0000] {logging_mixin.py:188} INFO - Authenticating User...
[2024-04-05T10:41:18.280+0000] {processor.py:840} INFO - DAG(s) 'spotify_track_data_extraction_to_s3_v1' retrieved from /opt/airflow/dags/spotify_to_csvs_to_s3_Finale.py
[2024-04-05T10:41:18.329+0000] {logging_mixin.py:188} INFO - [2024-04-05T10:41:18.329+0000] {dag.py:3047} INFO - Sync 1 DAGs
[2024-04-05T10:41:18.379+0000] {logging_mixin.py:188} INFO - [2024-04-05T10:41:18.379+0000] {dag.py:3834} INFO - Setting next_dagrun for spotify_track_data_extraction_to_s3_v1 to 2024-04-04 00:00:00+00:00, run_after=2024-04-05 00:00:00+00:00
[2024-04-05T10:41:18.421+0000] {processor.py:183} INFO - Processing /opt/airflow/dags/spotify_to_csvs_to_s3_Finale.py took 1.914 seconds
[2024-04-05T10:41:50.917+0000] {processor.py:161} INFO - Started process (PID=65536) to work on /opt/airflow/dags/spotify_to_csvs_to_s3_Finale.py
[2024-04-05T10:41:50.960+0000] {processor.py:830} INFO - Processing file /opt/airflow/dags/spotify_to_csvs_to_s3_Finale.py for tasks to queue
[2024-04-05T10:41:51.009+0000] {logging_mixin.py:188} INFO - [2024-04-05T10:41:51.003+0000] {dagbag.py:540} INFO - Filling up the DagBag from /opt/airflow/dags/spotify_to_csvs_to_s3_Finale.py
[2024-04-05T10:42:12.392+0000] {logging_mixin.py:188} INFO - Authenticating User...
[2024-04-05T10:42:12.454+0000] {processor.py:840} INFO - DAG(s) 'spotify_track_data_extraction_to_s3_v1' retrieved from /opt/airflow/dags/spotify_to_csvs_to_s3_Finale.py
[2024-04-05T10:42:12.659+0000] {logging_mixin.py:188} INFO - [2024-04-05T10:42:12.656+0000] {dag.py:3047} INFO - Sync 1 DAGs
[2024-04-05T10:42:12.856+0000] {logging_mixin.py:188} INFO - [2024-04-05T10:42:12.854+0000] {dag.py:3834} INFO - Setting next_dagrun for spotify_track_data_extraction_to_s3_v1 to 2024-04-04 00:00:00+00:00, run_after=2024-04-05 00:00:00+00:00
[2024-04-05T10:42:12.991+0000] {processor.py:183} INFO - Processing /opt/airflow/dags/spotify_to_csvs_to_s3_Finale.py took 22.424 seconds
[2024-04-05T10:43:03.766+0000] {processor.py:161} INFO - Started process (PID=65549) to work on /opt/airflow/dags/spotify_to_csvs_to_s3_Finale.py
[2024-04-05T10:43:03.769+0000] {processor.py:830} INFO - Processing file /opt/airflow/dags/spotify_to_csvs_to_s3_Finale.py for tasks to queue
[2024-04-05T10:43:03.775+0000] {logging_mixin.py:188} INFO - [2024-04-05T10:43:03.774+0000] {dagbag.py:540} INFO - Filling up the DagBag from /opt/airflow/dags/spotify_to_csvs_to_s3_Finale.py
[2024-04-05T10:43:05.477+0000] {logging_mixin.py:188} INFO - Authenticating User...
[2024-04-05T10:43:05.487+0000] {processor.py:840} INFO - DAG(s) 'spotify_track_data_extraction_to_s3_v1' retrieved from /opt/airflow/dags/spotify_to_csvs_to_s3_Finale.py
[2024-04-05T10:43:05.540+0000] {logging_mixin.py:188} INFO - [2024-04-05T10:43:05.539+0000] {dag.py:3047} INFO - Sync 1 DAGs
[2024-04-05T10:43:05.590+0000] {logging_mixin.py:188} INFO - [2024-04-05T10:43:05.590+0000] {dag.py:3834} INFO - Setting next_dagrun for spotify_track_data_extraction_to_s3_v1 to 2024-04-04 00:00:00+00:00, run_after=2024-04-05 00:00:00+00:00
[2024-04-05T10:43:05.637+0000] {processor.py:183} INFO - Processing /opt/airflow/dags/spotify_to_csvs_to_s3_Finale.py took 1.881 seconds
[2024-04-05T10:58:50.570+0000] {processor.py:161} INFO - Started process (PID=65558) to work on /opt/airflow/dags/spotify_to_csvs_to_s3_Finale.py
[2024-04-05T10:58:50.582+0000] {processor.py:830} INFO - Processing file /opt/airflow/dags/spotify_to_csvs_to_s3_Finale.py for tasks to queue
[2024-04-05T10:58:50.586+0000] {logging_mixin.py:188} INFO - [2024-04-05T10:58:50.585+0000] {dagbag.py:540} INFO - Filling up the DagBag from /opt/airflow/dags/spotify_to_csvs_to_s3_Finale.py
[2024-04-05T10:58:52.042+0000] {logging_mixin.py:188} INFO - Authenticating User...
[2024-04-05T10:58:52.051+0000] {processor.py:840} INFO - DAG(s) 'spotify_track_data_extraction_to_s3_v1' retrieved from /opt/airflow/dags/spotify_to_csvs_to_s3_Finale.py
[2024-04-05T10:58:52.087+0000] {logging_mixin.py:188} INFO - [2024-04-05T10:58:52.086+0000] {dag.py:3047} INFO - Sync 1 DAGs
[2024-04-05T10:58:52.141+0000] {logging_mixin.py:188} INFO - [2024-04-05T10:58:52.140+0000] {dag.py:3834} INFO - Setting next_dagrun for spotify_track_data_extraction_to_s3_v1 to 2024-04-04 00:00:00+00:00, run_after=2024-04-05 00:00:00+00:00
[2024-04-05T10:58:52.220+0000] {processor.py:183} INFO - Processing /opt/airflow/dags/spotify_to_csvs_to_s3_Finale.py took 1.664 seconds
[2024-04-05T10:59:24.137+0000] {processor.py:161} INFO - Started process (PID=65570) to work on /opt/airflow/dags/spotify_to_csvs_to_s3_Finale.py
[2024-04-05T10:59:24.169+0000] {processor.py:830} INFO - Processing file /opt/airflow/dags/spotify_to_csvs_to_s3_Finale.py for tasks to queue
[2024-04-05T10:59:24.211+0000] {logging_mixin.py:188} INFO - [2024-04-05T10:59:24.200+0000] {dagbag.py:540} INFO - Filling up the DagBag from /opt/airflow/dags/spotify_to_csvs_to_s3_Finale.py
[2024-04-05T10:59:42.895+0000] {logging_mixin.py:188} INFO - Authenticating User...
[2024-04-05T10:59:42.946+0000] {processor.py:840} INFO - DAG(s) 'spotify_track_data_extraction_to_s3_v1' retrieved from /opt/airflow/dags/spotify_to_csvs_to_s3_Finale.py
[2024-04-05T10:59:43.126+0000] {logging_mixin.py:188} INFO - [2024-04-05T10:59:43.123+0000] {dag.py:3047} INFO - Sync 1 DAGs
[2024-04-05T10:59:43.338+0000] {logging_mixin.py:188} INFO - [2024-04-05T10:59:43.336+0000] {dag.py:3834} INFO - Setting next_dagrun for spotify_track_data_extraction_to_s3_v1 to 2024-04-04 00:00:00+00:00, run_after=2024-04-05 00:00:00+00:00
[2024-04-05T10:59:43.562+0000] {processor.py:183} INFO - Processing /opt/airflow/dags/spotify_to_csvs_to_s3_Finale.py took 19.503 seconds
[2024-04-05T11:14:49.374+0000] {processor.py:161} INFO - Started process (PID=65581) to work on /opt/airflow/dags/spotify_to_csvs_to_s3_Finale.py
[2024-04-05T11:14:49.378+0000] {processor.py:830} INFO - Processing file /opt/airflow/dags/spotify_to_csvs_to_s3_Finale.py for tasks to queue
[2024-04-05T11:14:49.381+0000] {logging_mixin.py:188} INFO - [2024-04-05T11:14:49.380+0000] {dagbag.py:540} INFO - Filling up the DagBag from /opt/airflow/dags/spotify_to_csvs_to_s3_Finale.py
[2024-04-05T11:14:51.390+0000] {logging_mixin.py:188} INFO - Authenticating User...
[2024-04-05T11:14:51.414+0000] {processor.py:840} INFO - DAG(s) 'spotify_track_data_extraction_to_s3_v1' retrieved from /opt/airflow/dags/spotify_to_csvs_to_s3_Finale.py
[2024-04-05T11:14:51.663+0000] {logging_mixin.py:188} INFO - [2024-04-05T11:14:51.662+0000] {dag.py:3047} INFO - Sync 1 DAGs
[2024-04-05T11:14:51.723+0000] {logging_mixin.py:188} INFO - [2024-04-05T11:14:51.723+0000] {dag.py:3834} INFO - Setting next_dagrun for spotify_track_data_extraction_to_s3_v1 to 2024-04-04 00:00:00+00:00, run_after=2024-04-05 00:00:00+00:00
[2024-04-05T11:14:51.844+0000] {processor.py:183} INFO - Processing /opt/airflow/dags/spotify_to_csvs_to_s3_Finale.py took 2.524 seconds
[2024-04-05T11:17:01.103+0000] {processor.py:161} INFO - Started process (PID=65585) to work on /opt/airflow/dags/spotify_to_csvs_to_s3_Finale.py
[2024-04-05T11:17:01.111+0000] {processor.py:830} INFO - Processing file /opt/airflow/dags/spotify_to_csvs_to_s3_Finale.py for tasks to queue
[2024-04-05T11:17:01.185+0000] {logging_mixin.py:188} INFO - [2024-04-05T11:17:01.184+0000] {dagbag.py:540} INFO - Filling up the DagBag from /opt/airflow/dags/spotify_to_csvs_to_s3_Finale.py
[2024-04-05T11:17:03.117+0000] {logging_mixin.py:188} INFO - Authenticating User...
[2024-04-05T11:17:03.127+0000] {processor.py:840} INFO - DAG(s) 'spotify_track_data_extraction_to_s3_v1' retrieved from /opt/airflow/dags/spotify_to_csvs_to_s3_Finale.py
[2024-04-05T11:17:03.168+0000] {logging_mixin.py:188} INFO - [2024-04-05T11:17:03.167+0000] {dag.py:3047} INFO - Sync 1 DAGs
[2024-04-05T11:17:03.214+0000] {logging_mixin.py:188} INFO - [2024-04-05T11:17:03.214+0000] {dag.py:3834} INFO - Setting next_dagrun for spotify_track_data_extraction_to_s3_v1 to 2024-04-04 00:00:00+00:00, run_after=2024-04-05 00:00:00+00:00
[2024-04-05T11:17:03.250+0000] {processor.py:183} INFO - Processing /opt/airflow/dags/spotify_to_csvs_to_s3_Finale.py took 2.292 seconds
[2024-04-05T11:17:35.196+0000] {processor.py:161} INFO - Started process (PID=65603) to work on /opt/airflow/dags/spotify_to_csvs_to_s3_Finale.py
[2024-04-05T11:17:35.227+0000] {processor.py:830} INFO - Processing file /opt/airflow/dags/spotify_to_csvs_to_s3_Finale.py for tasks to queue
[2024-04-05T11:17:35.298+0000] {logging_mixin.py:188} INFO - [2024-04-05T11:17:35.262+0000] {dagbag.py:540} INFO - Filling up the DagBag from /opt/airflow/dags/spotify_to_csvs_to_s3_Finale.py
[2024-04-05T11:33:29.392+0000] {logging_mixin.py:188} INFO - [2024-04-05T11:33:28.711+0000] {timeout.py:68} ERROR - Process timed out, PID: 65603
[2024-04-05T11:33:29.686+0000] {logging_mixin.py:188} WARNING - Exception ignored in: <function _get_module_lock.<locals>.cb at 0x7f4bbc948430>
[2024-04-05T11:33:29.691+0000] {logging_mixin.py:188} WARNING - Traceback (most recent call last):
[2024-04-05T11:33:29.701+0000] {logging_mixin.py:188} WARNING -   File "<frozen importlib._bootstrap>", line 176, in cb
[2024-04-05T11:33:30.607+0000] {logging_mixin.py:188} WARNING -   File "/home/airflow/.local/lib/python3.8/site-packages/airflow/utils/timeout.py", line 69, in handle_timeout
[2024-04-05T11:34:01.267+0000] {processor.py:161} INFO - Started process (PID=65614) to work on /opt/airflow/dags/spotify_to_csvs_to_s3_Finale.py
[2024-04-05T11:34:01.270+0000] {processor.py:830} INFO - Processing file /opt/airflow/dags/spotify_to_csvs_to_s3_Finale.py for tasks to queue
[2024-04-05T11:34:01.273+0000] {logging_mixin.py:188} INFO - [2024-04-05T11:34:01.272+0000] {dagbag.py:540} INFO - Filling up the DagBag from /opt/airflow/dags/spotify_to_csvs_to_s3_Finale.py
[2024-04-05T11:34:02.247+0000] {logging_mixin.py:188} INFO - Authenticating User...
[2024-04-05T11:34:02.256+0000] {processor.py:840} INFO - DAG(s) 'spotify_track_data_extraction_to_s3_v1' retrieved from /opt/airflow/dags/spotify_to_csvs_to_s3_Finale.py
[2024-04-05T11:34:02.291+0000] {logging_mixin.py:188} INFO - [2024-04-05T11:34:02.291+0000] {dag.py:3047} INFO - Sync 1 DAGs
[2024-04-05T11:34:02.323+0000] {logging_mixin.py:188} INFO - [2024-04-05T11:34:02.322+0000] {dag.py:3834} INFO - Setting next_dagrun for spotify_track_data_extraction_to_s3_v1 to 2024-04-04 00:00:00+00:00, run_after=2024-04-05 00:00:00+00:00
[2024-04-05T11:34:02.350+0000] {processor.py:183} INFO - Processing /opt/airflow/dags/spotify_to_csvs_to_s3_Finale.py took 1.091 seconds
[2024-04-05T11:35:19.461+0000] {processor.py:161} INFO - Started process (PID=65626) to work on /opt/airflow/dags/spotify_to_csvs_to_s3_Finale.py
[2024-04-05T11:35:19.472+0000] {processor.py:830} INFO - Processing file /opt/airflow/dags/spotify_to_csvs_to_s3_Finale.py for tasks to queue
[2024-04-05T11:35:19.499+0000] {logging_mixin.py:188} INFO - [2024-04-05T11:35:19.498+0000] {dagbag.py:540} INFO - Filling up the DagBag from /opt/airflow/dags/spotify_to_csvs_to_s3_Finale.py
[2024-04-05T11:35:21.166+0000] {logging_mixin.py:188} INFO - Authenticating User...
[2024-04-05T11:35:21.177+0000] {processor.py:840} INFO - DAG(s) 'spotify_track_data_extraction_to_s3_v1' retrieved from /opt/airflow/dags/spotify_to_csvs_to_s3_Finale.py
[2024-04-05T11:35:21.224+0000] {logging_mixin.py:188} INFO - [2024-04-05T11:35:21.224+0000] {dag.py:3047} INFO - Sync 1 DAGs
[2024-04-05T11:35:21.267+0000] {logging_mixin.py:188} INFO - [2024-04-05T11:35:21.266+0000] {dag.py:3834} INFO - Setting next_dagrun for spotify_track_data_extraction_to_s3_v1 to 2024-04-04 00:00:00+00:00, run_after=2024-04-05 00:00:00+00:00
[2024-04-05T11:35:21.299+0000] {processor.py:183} INFO - Processing /opt/airflow/dags/spotify_to_csvs_to_s3_Finale.py took 1.847 seconds
[2024-04-05T11:41:45.164+0000] {processor.py:161} INFO - Started process (PID=65644) to work on /opt/airflow/dags/spotify_to_csvs_to_s3_Finale.py
[2024-04-05T11:41:45.168+0000] {processor.py:830} INFO - Processing file /opt/airflow/dags/spotify_to_csvs_to_s3_Finale.py for tasks to queue
[2024-04-05T11:41:45.178+0000] {logging_mixin.py:188} INFO - [2024-04-05T11:41:45.176+0000] {dagbag.py:540} INFO - Filling up the DagBag from /opt/airflow/dags/spotify_to_csvs_to_s3_Finale.py
[2024-04-05T11:41:47.168+0000] {logging_mixin.py:188} INFO - Authenticating User...
[2024-04-05T11:41:47.216+0000] {processor.py:840} INFO - DAG(s) 'spotify_track_data_extraction_to_s3_v1' retrieved from /opt/airflow/dags/spotify_to_csvs_to_s3_Finale.py
[2024-04-05T11:41:47.339+0000] {logging_mixin.py:188} INFO - [2024-04-05T11:41:47.338+0000] {dag.py:3047} INFO - Sync 1 DAGs
[2024-04-05T11:41:47.445+0000] {logging_mixin.py:188} INFO - [2024-04-05T11:41:47.444+0000] {dag.py:3834} INFO - Setting next_dagrun for spotify_track_data_extraction_to_s3_v1 to 2024-04-04 00:00:00+00:00, run_after=2024-04-05 00:00:00+00:00
[2024-04-05T11:41:47.538+0000] {processor.py:183} INFO - Processing /opt/airflow/dags/spotify_to_csvs_to_s3_Finale.py took 2.458 seconds
[2024-04-05T12:35:56.502+0000] {processor.py:161} INFO - Started process (PID=65650) to work on /opt/airflow/dags/spotify_to_csvs_to_s3_Finale.py
[2024-04-05T12:35:56.514+0000] {processor.py:830} INFO - Processing file /opt/airflow/dags/spotify_to_csvs_to_s3_Finale.py for tasks to queue
[2024-04-05T12:35:56.526+0000] {logging_mixin.py:188} INFO - [2024-04-05T12:35:56.522+0000] {dagbag.py:540} INFO - Filling up the DagBag from /opt/airflow/dags/spotify_to_csvs_to_s3_Finale.py
[2024-04-05T12:36:08.740+0000] {logging_mixin.py:188} INFO - Authenticating User...
[2024-04-05T12:36:08.809+0000] {processor.py:840} INFO - DAG(s) 'spotify_track_data_extraction_to_s3_v1' retrieved from /opt/airflow/dags/spotify_to_csvs_to_s3_Finale.py
[2024-04-05T12:36:08.994+0000] {logging_mixin.py:188} INFO - [2024-04-05T12:36:08.993+0000] {dag.py:3047} INFO - Sync 1 DAGs
[2024-04-05T12:36:09.143+0000] {logging_mixin.py:188} INFO - [2024-04-05T12:36:09.142+0000] {dag.py:3834} INFO - Setting next_dagrun for spotify_track_data_extraction_to_s3_v1 to 2024-04-04 00:00:00+00:00, run_after=2024-04-05 00:00:00+00:00
[2024-04-05T12:36:09.218+0000] {processor.py:183} INFO - Processing /opt/airflow/dags/spotify_to_csvs_to_s3_Finale.py took 12.747 seconds
[2024-04-05T13:44:00.397+0000] {processor.py:161} INFO - Started process (PID=65662) to work on /opt/airflow/dags/spotify_to_csvs_to_s3_Finale.py
[2024-04-05T13:44:00.407+0000] {processor.py:830} INFO - Processing file /opt/airflow/dags/spotify_to_csvs_to_s3_Finale.py for tasks to queue
[2024-04-05T13:44:00.418+0000] {logging_mixin.py:188} INFO - [2024-04-05T13:44:00.416+0000] {dagbag.py:540} INFO - Filling up the DagBag from /opt/airflow/dags/spotify_to_csvs_to_s3_Finale.py
[2024-04-05T13:44:02.242+0000] {logging_mixin.py:188} INFO - Authenticating User...
[2024-04-05T13:44:02.277+0000] {processor.py:840} INFO - DAG(s) 'spotify_track_data_extraction_to_s3_v1' retrieved from /opt/airflow/dags/spotify_to_csvs_to_s3_Finale.py
[2024-04-05T13:44:02.365+0000] {logging_mixin.py:188} INFO - [2024-04-05T13:44:02.364+0000] {dag.py:3047} INFO - Sync 1 DAGs
[2024-04-05T13:44:02.414+0000] {logging_mixin.py:188} INFO - [2024-04-05T13:44:02.413+0000] {dag.py:3834} INFO - Setting next_dagrun for spotify_track_data_extraction_to_s3_v1 to 2024-04-04 00:00:00+00:00, run_after=2024-04-05 00:00:00+00:00
[2024-04-05T13:44:02.448+0000] {processor.py:183} INFO - Processing /opt/airflow/dags/spotify_to_csvs_to_s3_Finale.py took 2.086 seconds
[2024-04-05T14:13:50.592+0000] {processor.py:161} INFO - Started process (PID=65673) to work on /opt/airflow/dags/spotify_to_csvs_to_s3_Finale.py
[2024-04-05T14:13:50.598+0000] {processor.py:830} INFO - Processing file /opt/airflow/dags/spotify_to_csvs_to_s3_Finale.py for tasks to queue
[2024-04-05T14:13:50.603+0000] {logging_mixin.py:188} INFO - [2024-04-05T14:13:50.602+0000] {dagbag.py:540} INFO - Filling up the DagBag from /opt/airflow/dags/spotify_to_csvs_to_s3_Finale.py
[2024-04-05T14:13:52.389+0000] {logging_mixin.py:188} INFO - Authenticating User...
[2024-04-05T14:13:52.423+0000] {processor.py:840} INFO - DAG(s) 'spotify_track_data_extraction_to_s3_v1' retrieved from /opt/airflow/dags/spotify_to_csvs_to_s3_Finale.py
[2024-04-05T14:13:52.501+0000] {logging_mixin.py:188} INFO - [2024-04-05T14:13:52.500+0000] {dag.py:3047} INFO - Sync 1 DAGs
[2024-04-05T14:13:52.590+0000] {logging_mixin.py:188} INFO - [2024-04-05T14:13:52.589+0000] {dag.py:3834} INFO - Setting next_dagrun for spotify_track_data_extraction_to_s3_v1 to 2024-04-04 00:00:00+00:00, run_after=2024-04-05 00:00:00+00:00
[2024-04-05T14:13:52.646+0000] {processor.py:183} INFO - Processing /opt/airflow/dags/spotify_to_csvs_to_s3_Finale.py took 2.076 seconds
[2024-04-05T14:45:09.489+0000] {processor.py:161} INFO - Started process (PID=65685) to work on /opt/airflow/dags/spotify_to_csvs_to_s3_Finale.py
[2024-04-05T14:45:09.503+0000] {processor.py:830} INFO - Processing file /opt/airflow/dags/spotify_to_csvs_to_s3_Finale.py for tasks to queue
[2024-04-05T14:45:09.515+0000] {logging_mixin.py:188} INFO - [2024-04-05T14:45:09.513+0000] {dagbag.py:540} INFO - Filling up the DagBag from /opt/airflow/dags/spotify_to_csvs_to_s3_Finale.py
[2024-04-05T14:45:12.043+0000] {logging_mixin.py:188} INFO - Authenticating User...
[2024-04-05T14:45:12.080+0000] {processor.py:840} INFO - DAG(s) 'spotify_track_data_extraction_to_s3_v1' retrieved from /opt/airflow/dags/spotify_to_csvs_to_s3_Finale.py
[2024-04-05T14:45:12.273+0000] {logging_mixin.py:188} INFO - [2024-04-05T14:45:12.272+0000] {dag.py:3047} INFO - Sync 1 DAGs
[2024-04-05T14:45:12.393+0000] {logging_mixin.py:188} INFO - [2024-04-05T14:45:12.392+0000] {dag.py:3834} INFO - Setting next_dagrun for spotify_track_data_extraction_to_s3_v1 to 2024-04-04 00:00:00+00:00, run_after=2024-04-05 00:00:00+00:00
[2024-04-05T14:45:12.454+0000] {processor.py:183} INFO - Processing /opt/airflow/dags/spotify_to_csvs_to_s3_Finale.py took 3.062 seconds
[2024-04-05T15:00:49.607+0000] {processor.py:161} INFO - Started process (PID=65697) to work on /opt/airflow/dags/spotify_to_csvs_to_s3_Finale.py
[2024-04-05T15:00:49.610+0000] {processor.py:830} INFO - Processing file /opt/airflow/dags/spotify_to_csvs_to_s3_Finale.py for tasks to queue
[2024-04-05T15:00:49.613+0000] {logging_mixin.py:188} INFO - [2024-04-05T15:00:49.612+0000] {dagbag.py:540} INFO - Filling up the DagBag from /opt/airflow/dags/spotify_to_csvs_to_s3_Finale.py
[2024-04-05T15:00:52.369+0000] {logging_mixin.py:188} INFO - Authenticating User...
[2024-04-05T15:00:52.433+0000] {processor.py:840} INFO - DAG(s) 'spotify_track_data_extraction_to_s3_v1' retrieved from /opt/airflow/dags/spotify_to_csvs_to_s3_Finale.py
[2024-04-05T15:00:52.540+0000] {logging_mixin.py:188} INFO - [2024-04-05T15:00:52.539+0000] {dag.py:3047} INFO - Sync 1 DAGs
[2024-04-05T15:00:52.641+0000] {logging_mixin.py:188} INFO - [2024-04-05T15:00:52.640+0000] {dag.py:3834} INFO - Setting next_dagrun for spotify_track_data_extraction_to_s3_v1 to 2024-04-04 00:00:00+00:00, run_after=2024-04-05 00:00:00+00:00
[2024-04-05T15:00:52.707+0000] {processor.py:183} INFO - Processing /opt/airflow/dags/spotify_to_csvs_to_s3_Finale.py took 3.131 seconds
[2024-04-05T15:16:27.679+0000] {processor.py:161} INFO - Started process (PID=65709) to work on /opt/airflow/dags/spotify_to_csvs_to_s3_Finale.py
[2024-04-05T15:16:27.683+0000] {processor.py:830} INFO - Processing file /opt/airflow/dags/spotify_to_csvs_to_s3_Finale.py for tasks to queue
[2024-04-05T15:16:27.687+0000] {logging_mixin.py:188} INFO - [2024-04-05T15:16:27.686+0000] {dagbag.py:540} INFO - Filling up the DagBag from /opt/airflow/dags/spotify_to_csvs_to_s3_Finale.py
[2024-04-05T15:16:29.635+0000] {logging_mixin.py:188} INFO - Authenticating User...
[2024-04-05T15:16:29.692+0000] {processor.py:840} INFO - DAG(s) 'spotify_track_data_extraction_to_s3_v1' retrieved from /opt/airflow/dags/spotify_to_csvs_to_s3_Finale.py
[2024-04-05T15:16:29.815+0000] {logging_mixin.py:188} INFO - [2024-04-05T15:16:29.814+0000] {dag.py:3047} INFO - Sync 1 DAGs
[2024-04-05T15:16:29.921+0000] {logging_mixin.py:188} INFO - [2024-04-05T15:16:29.920+0000] {dag.py:3834} INFO - Setting next_dagrun for spotify_track_data_extraction_to_s3_v1 to 2024-04-04 00:00:00+00:00, run_after=2024-04-05 00:00:00+00:00
[2024-04-05T15:16:29.980+0000] {processor.py:183} INFO - Processing /opt/airflow/dags/spotify_to_csvs_to_s3_Finale.py took 2.311 seconds
[2024-04-05T15:32:05.534+0000] {processor.py:161} INFO - Started process (PID=65726) to work on /opt/airflow/dags/spotify_to_csvs_to_s3_Finale.py
[2024-04-05T15:32:05.540+0000] {processor.py:830} INFO - Processing file /opt/airflow/dags/spotify_to_csvs_to_s3_Finale.py for tasks to queue
[2024-04-05T15:32:05.553+0000] {logging_mixin.py:188} INFO - [2024-04-05T15:32:05.549+0000] {dagbag.py:540} INFO - Filling up the DagBag from /opt/airflow/dags/spotify_to_csvs_to_s3_Finale.py
[2024-04-05T15:32:07.960+0000] {logging_mixin.py:188} INFO - Authenticating User...
[2024-04-05T15:32:08.004+0000] {processor.py:840} INFO - DAG(s) 'spotify_track_data_extraction_to_s3_v1' retrieved from /opt/airflow/dags/spotify_to_csvs_to_s3_Finale.py
[2024-04-05T15:32:08.094+0000] {logging_mixin.py:188} INFO - [2024-04-05T15:32:08.093+0000] {dag.py:3047} INFO - Sync 1 DAGs
[2024-04-05T15:32:08.163+0000] {logging_mixin.py:188} INFO - [2024-04-05T15:32:08.163+0000] {dag.py:3834} INFO - Setting next_dagrun for spotify_track_data_extraction_to_s3_v1 to 2024-04-04 00:00:00+00:00, run_after=2024-04-05 00:00:00+00:00
[2024-04-05T15:32:08.213+0000] {processor.py:183} INFO - Processing /opt/airflow/dags/spotify_to_csvs_to_s3_Finale.py took 2.721 seconds
[2024-04-05T15:46:18.562+0000] {processor.py:161} INFO - Started process (PID=65738) to work on /opt/airflow/dags/spotify_to_csvs_to_s3_Finale.py
[2024-04-05T15:46:18.569+0000] {processor.py:830} INFO - Processing file /opt/airflow/dags/spotify_to_csvs_to_s3_Finale.py for tasks to queue
[2024-04-05T15:46:18.579+0000] {logging_mixin.py:188} INFO - [2024-04-05T15:46:18.577+0000] {dagbag.py:540} INFO - Filling up the DagBag from /opt/airflow/dags/spotify_to_csvs_to_s3_Finale.py
[2024-04-05T15:46:20.432+0000] {logging_mixin.py:188} INFO - Authenticating User...
[2024-04-05T15:46:20.479+0000] {processor.py:840} INFO - DAG(s) 'spotify_track_data_extraction_to_s3_v1' retrieved from /opt/airflow/dags/spotify_to_csvs_to_s3_Finale.py
[2024-04-05T15:46:20.596+0000] {logging_mixin.py:188} INFO - [2024-04-05T15:46:20.595+0000] {dag.py:3047} INFO - Sync 1 DAGs
[2024-04-05T15:46:20.676+0000] {logging_mixin.py:188} INFO - [2024-04-05T15:46:20.676+0000] {dag.py:3834} INFO - Setting next_dagrun for spotify_track_data_extraction_to_s3_v1 to 2024-04-04 00:00:00+00:00, run_after=2024-04-05 00:00:00+00:00
[2024-04-05T15:46:20.746+0000] {processor.py:183} INFO - Processing /opt/airflow/dags/spotify_to_csvs_to_s3_Finale.py took 2.212 seconds
[2024-04-05T16:02:00.612+0000] {processor.py:161} INFO - Started process (PID=65750) to work on /opt/airflow/dags/spotify_to_csvs_to_s3_Finale.py
[2024-04-05T16:02:00.616+0000] {processor.py:830} INFO - Processing file /opt/airflow/dags/spotify_to_csvs_to_s3_Finale.py for tasks to queue
[2024-04-05T16:02:00.623+0000] {logging_mixin.py:188} INFO - [2024-04-05T16:02:00.621+0000] {dagbag.py:540} INFO - Filling up the DagBag from /opt/airflow/dags/spotify_to_csvs_to_s3_Finale.py
[2024-04-05T16:02:02.599+0000] {logging_mixin.py:188} INFO - Authenticating User...
[2024-04-05T16:02:02.645+0000] {processor.py:840} INFO - DAG(s) 'spotify_track_data_extraction_to_s3_v1' retrieved from /opt/airflow/dags/spotify_to_csvs_to_s3_Finale.py
[2024-04-05T16:02:02.750+0000] {logging_mixin.py:188} INFO - [2024-04-05T16:02:02.749+0000] {dag.py:3047} INFO - Sync 1 DAGs
[2024-04-05T16:02:02.839+0000] {logging_mixin.py:188} INFO - [2024-04-05T16:02:02.838+0000] {dag.py:3834} INFO - Setting next_dagrun for spotify_track_data_extraction_to_s3_v1 to 2024-04-04 00:00:00+00:00, run_after=2024-04-05 00:00:00+00:00
[2024-04-05T16:02:02.901+0000] {processor.py:183} INFO - Processing /opt/airflow/dags/spotify_to_csvs_to_s3_Finale.py took 2.311 seconds
[2024-04-05T16:17:37.657+0000] {processor.py:161} INFO - Started process (PID=65762) to work on /opt/airflow/dags/spotify_to_csvs_to_s3_Finale.py
[2024-04-05T16:17:37.664+0000] {processor.py:830} INFO - Processing file /opt/airflow/dags/spotify_to_csvs_to_s3_Finale.py for tasks to queue
[2024-04-05T16:17:37.670+0000] {logging_mixin.py:188} INFO - [2024-04-05T16:17:37.667+0000] {dagbag.py:540} INFO - Filling up the DagBag from /opt/airflow/dags/spotify_to_csvs_to_s3_Finale.py
[2024-04-05T16:17:39.967+0000] {logging_mixin.py:188} INFO - Authenticating User...
[2024-04-05T16:17:40.015+0000] {processor.py:840} INFO - DAG(s) 'spotify_track_data_extraction_to_s3_v1' retrieved from /opt/airflow/dags/spotify_to_csvs_to_s3_Finale.py
[2024-04-05T16:17:40.101+0000] {logging_mixin.py:188} INFO - [2024-04-05T16:17:40.100+0000] {dag.py:3047} INFO - Sync 1 DAGs
[2024-04-05T16:17:40.177+0000] {logging_mixin.py:188} INFO - [2024-04-05T16:17:40.176+0000] {dag.py:3834} INFO - Setting next_dagrun for spotify_track_data_extraction_to_s3_v1 to 2024-04-04 00:00:00+00:00, run_after=2024-04-05 00:00:00+00:00
[2024-04-05T16:17:40.227+0000] {processor.py:183} INFO - Processing /opt/airflow/dags/spotify_to_csvs_to_s3_Finale.py took 2.603 seconds
[2024-04-05T16:33:18.075+0000] {processor.py:161} INFO - Started process (PID=65774) to work on /opt/airflow/dags/spotify_to_csvs_to_s3_Finale.py
[2024-04-05T16:33:18.099+0000] {processor.py:830} INFO - Processing file /opt/airflow/dags/spotify_to_csvs_to_s3_Finale.py for tasks to queue
[2024-04-05T16:33:18.126+0000] {logging_mixin.py:188} INFO - [2024-04-05T16:33:18.124+0000] {dagbag.py:540} INFO - Filling up the DagBag from /opt/airflow/dags/spotify_to_csvs_to_s3_Finale.py
[2024-04-05T16:33:19.989+0000] {logging_mixin.py:188} INFO - Authenticating User...
[2024-04-05T16:33:20.024+0000] {processor.py:840} INFO - DAG(s) 'spotify_track_data_extraction_to_s3_v1' retrieved from /opt/airflow/dags/spotify_to_csvs_to_s3_Finale.py
[2024-04-05T16:33:20.108+0000] {logging_mixin.py:188} INFO - [2024-04-05T16:33:20.107+0000] {dag.py:3047} INFO - Sync 1 DAGs
[2024-04-05T16:33:20.179+0000] {logging_mixin.py:188} INFO - [2024-04-05T16:33:20.179+0000] {dag.py:3834} INFO - Setting next_dagrun for spotify_track_data_extraction_to_s3_v1 to 2024-04-04 00:00:00+00:00, run_after=2024-04-05 00:00:00+00:00
[2024-04-05T16:33:20.225+0000] {processor.py:183} INFO - Processing /opt/airflow/dags/spotify_to_csvs_to_s3_Finale.py took 2.167 seconds
[2024-04-05T16:47:28.485+0000] {processor.py:161} INFO - Started process (PID=65787) to work on /opt/airflow/dags/spotify_to_csvs_to_s3_Finale.py
[2024-04-05T16:47:28.489+0000] {processor.py:830} INFO - Processing file /opt/airflow/dags/spotify_to_csvs_to_s3_Finale.py for tasks to queue
[2024-04-05T16:47:28.493+0000] {logging_mixin.py:188} INFO - [2024-04-05T16:47:28.492+0000] {dagbag.py:540} INFO - Filling up the DagBag from /opt/airflow/dags/spotify_to_csvs_to_s3_Finale.py
[2024-04-05T16:47:30.201+0000] {logging_mixin.py:188} INFO - Authenticating User...
[2024-04-05T16:47:30.249+0000] {processor.py:840} INFO - DAG(s) 'spotify_track_data_extraction_to_s3_v1' retrieved from /opt/airflow/dags/spotify_to_csvs_to_s3_Finale.py
[2024-04-05T16:47:30.342+0000] {logging_mixin.py:188} INFO - [2024-04-05T16:47:30.341+0000] {dag.py:3047} INFO - Sync 1 DAGs
[2024-04-05T16:47:30.419+0000] {logging_mixin.py:188} INFO - [2024-04-05T16:47:30.418+0000] {dag.py:3834} INFO - Setting next_dagrun for spotify_track_data_extraction_to_s3_v1 to 2024-04-04 00:00:00+00:00, run_after=2024-04-05 00:00:00+00:00
[2024-04-05T16:47:30.467+0000] {processor.py:183} INFO - Processing /opt/airflow/dags/spotify_to_csvs_to_s3_Finale.py took 2.003 seconds
[2024-04-05T17:03:05.852+0000] {processor.py:161} INFO - Started process (PID=65800) to work on /opt/airflow/dags/spotify_to_csvs_to_s3_Finale.py
[2024-04-05T17:03:05.855+0000] {processor.py:830} INFO - Processing file /opt/airflow/dags/spotify_to_csvs_to_s3_Finale.py for tasks to queue
[2024-04-05T17:03:05.860+0000] {logging_mixin.py:188} INFO - [2024-04-05T17:03:05.859+0000] {dagbag.py:540} INFO - Filling up the DagBag from /opt/airflow/dags/spotify_to_csvs_to_s3_Finale.py
[2024-04-05T17:03:07.902+0000] {logging_mixin.py:188} INFO - Authenticating User...
[2024-04-05T17:03:07.944+0000] {processor.py:840} INFO - DAG(s) 'spotify_track_data_extraction_to_s3_v1' retrieved from /opt/airflow/dags/spotify_to_csvs_to_s3_Finale.py
[2024-04-05T17:03:08.052+0000] {logging_mixin.py:188} INFO - [2024-04-05T17:03:08.051+0000] {dag.py:3047} INFO - Sync 1 DAGs
[2024-04-05T17:03:08.146+0000] {logging_mixin.py:188} INFO - [2024-04-05T17:03:08.146+0000] {dag.py:3834} INFO - Setting next_dagrun for spotify_track_data_extraction_to_s3_v1 to 2024-04-04 00:00:00+00:00, run_after=2024-04-05 00:00:00+00:00
[2024-04-05T17:03:08.205+0000] {processor.py:183} INFO - Processing /opt/airflow/dags/spotify_to_csvs_to_s3_Finale.py took 2.373 seconds
[2024-04-05T17:18:40.126+0000] {processor.py:161} INFO - Started process (PID=65813) to work on /opt/airflow/dags/spotify_to_csvs_to_s3_Finale.py
[2024-04-05T17:18:40.140+0000] {processor.py:830} INFO - Processing file /opt/airflow/dags/spotify_to_csvs_to_s3_Finale.py for tasks to queue
[2024-04-05T17:18:40.145+0000] {logging_mixin.py:188} INFO - [2024-04-05T17:18:40.143+0000] {dagbag.py:540} INFO - Filling up the DagBag from /opt/airflow/dags/spotify_to_csvs_to_s3_Finale.py
[2024-04-05T17:18:43.495+0000] {logging_mixin.py:188} INFO - Authenticating User...
[2024-04-05T17:18:43.546+0000] {processor.py:840} INFO - DAG(s) 'spotify_track_data_extraction_to_s3_v1' retrieved from /opt/airflow/dags/spotify_to_csvs_to_s3_Finale.py
[2024-04-05T17:18:43.659+0000] {logging_mixin.py:188} INFO - [2024-04-05T17:18:43.658+0000] {dag.py:3047} INFO - Sync 1 DAGs
[2024-04-05T17:18:43.773+0000] {logging_mixin.py:188} INFO - [2024-04-05T17:18:43.773+0000] {dag.py:3834} INFO - Setting next_dagrun for spotify_track_data_extraction_to_s3_v1 to 2024-04-04 00:00:00+00:00, run_after=2024-04-05 00:00:00+00:00
[2024-04-05T17:18:43.834+0000] {processor.py:183} INFO - Processing /opt/airflow/dags/spotify_to_csvs_to_s3_Finale.py took 3.723 seconds
[2024-04-05T17:19:22.121+0000] {processor.py:161} INFO - Started process (PID=65825) to work on /opt/airflow/dags/spotify_to_csvs_to_s3_Finale.py
[2024-04-05T17:19:22.129+0000] {processor.py:830} INFO - Processing file /opt/airflow/dags/spotify_to_csvs_to_s3_Finale.py for tasks to queue
[2024-04-05T17:19:22.135+0000] {logging_mixin.py:188} INFO - [2024-04-05T17:19:22.133+0000] {dagbag.py:540} INFO - Filling up the DagBag from /opt/airflow/dags/spotify_to_csvs_to_s3_Finale.py
[2024-04-05T17:19:24.534+0000] {logging_mixin.py:188} INFO - Authenticating User...
[2024-04-05T17:19:24.582+0000] {processor.py:840} INFO - DAG(s) 'spotify_track_data_extraction_to_s3_v1' retrieved from /opt/airflow/dags/spotify_to_csvs_to_s3_Finale.py
[2024-04-05T17:19:24.701+0000] {logging_mixin.py:188} INFO - [2024-04-05T17:19:24.699+0000] {dag.py:3047} INFO - Sync 1 DAGs
[2024-04-05T17:19:24.803+0000] {logging_mixin.py:188} INFO - [2024-04-05T17:19:24.802+0000] {dag.py:3834} INFO - Setting next_dagrun for spotify_track_data_extraction_to_s3_v1 to 2024-04-04 00:00:00+00:00, run_after=2024-04-05 00:00:00+00:00
[2024-04-05T17:19:24.867+0000] {processor.py:183} INFO - Processing /opt/airflow/dags/spotify_to_csvs_to_s3_Finale.py took 2.758 seconds
[2024-04-05T17:34:42.238+0000] {processor.py:161} INFO - Started process (PID=65831) to work on /opt/airflow/dags/spotify_to_csvs_to_s3_Finale.py
[2024-04-05T17:34:42.261+0000] {processor.py:830} INFO - Processing file /opt/airflow/dags/spotify_to_csvs_to_s3_Finale.py for tasks to queue
[2024-04-05T17:34:42.263+0000] {logging_mixin.py:188} INFO - [2024-04-05T17:34:42.263+0000] {dagbag.py:540} INFO - Filling up the DagBag from /opt/airflow/dags/spotify_to_csvs_to_s3_Finale.py
[2024-04-05T17:34:43.170+0000] {logging_mixin.py:188} INFO - Authenticating User...
[2024-04-05T17:34:43.198+0000] {processor.py:840} INFO - DAG(s) 'spotify_track_data_extraction_to_s3_v1' retrieved from /opt/airflow/dags/spotify_to_csvs_to_s3_Finale.py
[2024-04-05T17:34:43.281+0000] {logging_mixin.py:188} INFO - [2024-04-05T17:34:43.280+0000] {dag.py:3047} INFO - Sync 1 DAGs
[2024-04-05T17:34:43.362+0000] {logging_mixin.py:188} INFO - [2024-04-05T17:34:43.361+0000] {dag.py:3834} INFO - Setting next_dagrun for spotify_track_data_extraction_to_s3_v1 to 2024-04-04 00:00:00+00:00, run_after=2024-04-05 00:00:00+00:00
[2024-04-05T17:34:43.417+0000] {processor.py:183} INFO - Processing /opt/airflow/dags/spotify_to_csvs_to_s3_Finale.py took 1.186 seconds
[2024-04-05T17:48:46.115+0000] {processor.py:161} INFO - Started process (PID=65843) to work on /opt/airflow/dags/spotify_to_csvs_to_s3_Finale.py
[2024-04-05T17:48:46.121+0000] {processor.py:830} INFO - Processing file /opt/airflow/dags/spotify_to_csvs_to_s3_Finale.py for tasks to queue
[2024-04-05T17:48:46.126+0000] {logging_mixin.py:188} INFO - [2024-04-05T17:48:46.125+0000] {dagbag.py:540} INFO - Filling up the DagBag from /opt/airflow/dags/spotify_to_csvs_to_s3_Finale.py
[2024-04-05T17:48:47.533+0000] {logging_mixin.py:188} INFO - Authenticating User...
[2024-04-05T17:48:47.556+0000] {processor.py:840} INFO - DAG(s) 'spotify_track_data_extraction_to_s3_v1' retrieved from /opt/airflow/dags/spotify_to_csvs_to_s3_Finale.py
[2024-04-05T17:48:47.621+0000] {logging_mixin.py:188} INFO - [2024-04-05T17:48:47.620+0000] {dag.py:3047} INFO - Sync 1 DAGs
[2024-04-05T17:48:47.677+0000] {logging_mixin.py:188} INFO - [2024-04-05T17:48:47.677+0000] {dag.py:3834} INFO - Setting next_dagrun for spotify_track_data_extraction_to_s3_v1 to 2024-04-04 00:00:00+00:00, run_after=2024-04-05 00:00:00+00:00
[2024-04-05T17:48:47.754+0000] {processor.py:183} INFO - Processing /opt/airflow/dags/spotify_to_csvs_to_s3_Finale.py took 1.648 seconds
[2024-04-05T18:04:20.479+0000] {processor.py:161} INFO - Started process (PID=65855) to work on /opt/airflow/dags/spotify_to_csvs_to_s3_Finale.py
[2024-04-05T18:04:20.481+0000] {processor.py:830} INFO - Processing file /opt/airflow/dags/spotify_to_csvs_to_s3_Finale.py for tasks to queue
[2024-04-05T18:04:20.484+0000] {logging_mixin.py:188} INFO - [2024-04-05T18:04:20.483+0000] {dagbag.py:540} INFO - Filling up the DagBag from /opt/airflow/dags/spotify_to_csvs_to_s3_Finale.py
[2024-04-05T18:04:21.784+0000] {logging_mixin.py:188} INFO - Authenticating User...
[2024-04-05T18:04:21.812+0000] {processor.py:840} INFO - DAG(s) 'spotify_track_data_extraction_to_s3_v1' retrieved from /opt/airflow/dags/spotify_to_csvs_to_s3_Finale.py
[2024-04-05T18:04:21.897+0000] {logging_mixin.py:188} INFO - [2024-04-05T18:04:21.896+0000] {dag.py:3047} INFO - Sync 1 DAGs
[2024-04-05T18:04:23.523+0000] {logging_mixin.py:188} INFO - [2024-04-05T18:04:23.523+0000] {dag.py:3834} INFO - Setting next_dagrun for spotify_track_data_extraction_to_s3_v1 to 2024-04-04 00:00:00+00:00, run_after=2024-04-05 00:00:00+00:00
[2024-04-05T18:04:23.591+0000] {processor.py:183} INFO - Processing /opt/airflow/dags/spotify_to_csvs_to_s3_Finale.py took 3.120 seconds
[2024-04-05T18:19:57.538+0000] {processor.py:161} INFO - Started process (PID=65873) to work on /opt/airflow/dags/spotify_to_csvs_to_s3_Finale.py
[2024-04-05T18:19:57.544+0000] {processor.py:830} INFO - Processing file /opt/airflow/dags/spotify_to_csvs_to_s3_Finale.py for tasks to queue
[2024-04-05T18:19:57.549+0000] {logging_mixin.py:188} INFO - [2024-04-05T18:19:57.547+0000] {dagbag.py:540} INFO - Filling up the DagBag from /opt/airflow/dags/spotify_to_csvs_to_s3_Finale.py
[2024-04-05T18:19:59.630+0000] {logging_mixin.py:188} INFO - Authenticating User...
[2024-04-05T18:19:59.672+0000] {processor.py:840} INFO - DAG(s) 'spotify_track_data_extraction_to_s3_v1' retrieved from /opt/airflow/dags/spotify_to_csvs_to_s3_Finale.py
[2024-04-05T18:19:59.769+0000] {logging_mixin.py:188} INFO - [2024-04-05T18:19:59.768+0000] {dag.py:3047} INFO - Sync 1 DAGs
[2024-04-05T18:20:00.666+0000] {logging_mixin.py:188} INFO - [2024-04-05T18:20:00.666+0000] {dag.py:3834} INFO - Setting next_dagrun for spotify_track_data_extraction_to_s3_v1 to 2024-04-04 00:00:00+00:00, run_after=2024-04-05 00:00:00+00:00
[2024-04-05T18:20:00.707+0000] {processor.py:183} INFO - Processing /opt/airflow/dags/spotify_to_csvs_to_s3_Finale.py took 3.215 seconds
[2024-04-05T18:35:37.586+0000] {processor.py:161} INFO - Started process (PID=65885) to work on /opt/airflow/dags/spotify_to_csvs_to_s3_Finale.py
[2024-04-05T18:35:37.600+0000] {processor.py:830} INFO - Processing file /opt/airflow/dags/spotify_to_csvs_to_s3_Finale.py for tasks to queue
[2024-04-05T18:35:37.634+0000] {logging_mixin.py:188} INFO - [2024-04-05T18:35:37.632+0000] {dagbag.py:540} INFO - Filling up the DagBag from /opt/airflow/dags/spotify_to_csvs_to_s3_Finale.py
[2024-04-05T18:35:39.999+0000] {logging_mixin.py:188} INFO - Authenticating User...
[2024-04-05T18:35:40.044+0000] {processor.py:840} INFO - DAG(s) 'spotify_track_data_extraction_to_s3_v1' retrieved from /opt/airflow/dags/spotify_to_csvs_to_s3_Finale.py
[2024-04-05T18:35:40.144+0000] {logging_mixin.py:188} INFO - [2024-04-05T18:35:40.143+0000] {dag.py:3047} INFO - Sync 1 DAGs
[2024-04-05T18:35:40.234+0000] {logging_mixin.py:188} INFO - [2024-04-05T18:35:40.233+0000] {dag.py:3834} INFO - Setting next_dagrun for spotify_track_data_extraction_to_s3_v1 to 2024-04-04 00:00:00+00:00, run_after=2024-04-05 00:00:00+00:00
[2024-04-05T18:35:41.176+0000] {processor.py:183} INFO - Processing /opt/airflow/dags/spotify_to_csvs_to_s3_Finale.py took 3.682 seconds
[2024-04-05T18:49:46.315+0000] {processor.py:161} INFO - Started process (PID=65896) to work on /opt/airflow/dags/spotify_to_csvs_to_s3_Finale.py
[2024-04-05T18:49:46.324+0000] {processor.py:830} INFO - Processing file /opt/airflow/dags/spotify_to_csvs_to_s3_Finale.py for tasks to queue
[2024-04-05T18:49:46.338+0000] {logging_mixin.py:188} INFO - [2024-04-05T18:49:46.331+0000] {dagbag.py:540} INFO - Filling up the DagBag from /opt/airflow/dags/spotify_to_csvs_to_s3_Finale.py
[2024-04-05T18:49:49.932+0000] {logging_mixin.py:188} INFO - Authenticating User...
[2024-04-05T18:49:49.947+0000] {processor.py:840} INFO - DAG(s) 'spotify_track_data_extraction_to_s3_v1' retrieved from /opt/airflow/dags/spotify_to_csvs_to_s3_Finale.py
[2024-04-05T18:49:50.024+0000] {logging_mixin.py:188} INFO - [2024-04-05T18:49:50.022+0000] {dag.py:3047} INFO - Sync 1 DAGs
[2024-04-05T18:49:50.104+0000] {logging_mixin.py:188} INFO - [2024-04-05T18:49:50.103+0000] {dag.py:3834} INFO - Setting next_dagrun for spotify_track_data_extraction_to_s3_v1 to 2024-04-04 00:00:00+00:00, run_after=2024-04-05 00:00:00+00:00
[2024-04-05T18:49:50.159+0000] {processor.py:183} INFO - Processing /opt/airflow/dags/spotify_to_csvs_to_s3_Finale.py took 4.065 seconds
[2024-04-05T19:05:25.321+0000] {processor.py:161} INFO - Started process (PID=65908) to work on /opt/airflow/dags/spotify_to_csvs_to_s3_Finale.py
[2024-04-05T19:05:25.343+0000] {processor.py:830} INFO - Processing file /opt/airflow/dags/spotify_to_csvs_to_s3_Finale.py for tasks to queue
[2024-04-05T19:05:25.376+0000] {logging_mixin.py:188} INFO - [2024-04-05T19:05:25.374+0000] {dagbag.py:540} INFO - Filling up the DagBag from /opt/airflow/dags/spotify_to_csvs_to_s3_Finale.py
[2024-04-05T19:05:28.052+0000] {logging_mixin.py:188} INFO - Authenticating User...
[2024-04-05T19:05:28.065+0000] {processor.py:840} INFO - DAG(s) 'spotify_track_data_extraction_to_s3_v1' retrieved from /opt/airflow/dags/spotify_to_csvs_to_s3_Finale.py
[2024-04-05T19:05:28.139+0000] {logging_mixin.py:188} INFO - [2024-04-05T19:05:28.138+0000] {dag.py:3047} INFO - Sync 1 DAGs
[2024-04-05T19:05:28.219+0000] {logging_mixin.py:188} INFO - [2024-04-05T19:05:28.219+0000] {dag.py:3834} INFO - Setting next_dagrun for spotify_track_data_extraction_to_s3_v1 to 2024-04-04 00:00:00+00:00, run_after=2024-04-05 00:00:00+00:00
[2024-04-05T19:05:28.278+0000] {processor.py:183} INFO - Processing /opt/airflow/dags/spotify_to_csvs_to_s3_Finale.py took 2.977 seconds
[2024-04-05T19:21:02.854+0000] {processor.py:161} INFO - Started process (PID=65920) to work on /opt/airflow/dags/spotify_to_csvs_to_s3_Finale.py
[2024-04-05T19:21:02.867+0000] {processor.py:830} INFO - Processing file /opt/airflow/dags/spotify_to_csvs_to_s3_Finale.py for tasks to queue
[2024-04-05T19:21:02.877+0000] {logging_mixin.py:188} INFO - [2024-04-05T19:21:02.875+0000] {dagbag.py:540} INFO - Filling up the DagBag from /opt/airflow/dags/spotify_to_csvs_to_s3_Finale.py
[2024-04-05T19:21:05.863+0000] {logging_mixin.py:188} INFO - Authenticating User...
[2024-04-05T19:21:05.875+0000] {processor.py:840} INFO - DAG(s) 'spotify_track_data_extraction_to_s3_v1' retrieved from /opt/airflow/dags/spotify_to_csvs_to_s3_Finale.py
[2024-04-05T19:21:05.922+0000] {logging_mixin.py:188} INFO - [2024-04-05T19:21:05.921+0000] {dag.py:3047} INFO - Sync 1 DAGs
[2024-04-05T19:21:05.967+0000] {logging_mixin.py:188} INFO - [2024-04-05T19:21:05.967+0000] {dag.py:3834} INFO - Setting next_dagrun for spotify_track_data_extraction_to_s3_v1 to 2024-04-04 00:00:00+00:00, run_after=2024-04-05 00:00:00+00:00
[2024-04-05T19:21:06.001+0000] {processor.py:183} INFO - Processing /opt/airflow/dags/spotify_to_csvs_to_s3_Finale.py took 3.169 seconds
[2024-04-05T19:36:41.450+0000] {processor.py:161} INFO - Started process (PID=65932) to work on /opt/airflow/dags/spotify_to_csvs_to_s3_Finale.py
[2024-04-05T19:36:41.464+0000] {processor.py:830} INFO - Processing file /opt/airflow/dags/spotify_to_csvs_to_s3_Finale.py for tasks to queue
[2024-04-05T19:36:41.550+0000] {logging_mixin.py:188} INFO - [2024-04-05T19:36:41.548+0000] {dagbag.py:540} INFO - Filling up the DagBag from /opt/airflow/dags/spotify_to_csvs_to_s3_Finale.py
[2024-04-05T19:36:44.588+0000] {logging_mixin.py:188} INFO - Authenticating User...
[2024-04-05T19:36:44.602+0000] {processor.py:840} INFO - DAG(s) 'spotify_track_data_extraction_to_s3_v1' retrieved from /opt/airflow/dags/spotify_to_csvs_to_s3_Finale.py
[2024-04-05T19:36:44.674+0000] {logging_mixin.py:188} INFO - [2024-04-05T19:36:44.673+0000] {dag.py:3047} INFO - Sync 1 DAGs
[2024-04-05T19:36:44.743+0000] {logging_mixin.py:188} INFO - [2024-04-05T19:36:44.743+0000] {dag.py:3834} INFO - Setting next_dagrun for spotify_track_data_extraction_to_s3_v1 to 2024-04-04 00:00:00+00:00, run_after=2024-04-05 00:00:00+00:00
[2024-04-05T19:36:44.820+0000] {processor.py:183} INFO - Processing /opt/airflow/dags/spotify_to_csvs_to_s3_Finale.py took 3.395 seconds
[2024-04-05T19:50:54.833+0000] {processor.py:161} INFO - Started process (PID=65945) to work on /opt/airflow/dags/spotify_to_csvs_to_s3_Finale.py
[2024-04-05T19:50:54.884+0000] {processor.py:830} INFO - Processing file /opt/airflow/dags/spotify_to_csvs_to_s3_Finale.py for tasks to queue
[2024-04-05T19:50:54.897+0000] {logging_mixin.py:188} INFO - [2024-04-05T19:50:54.896+0000] {dagbag.py:540} INFO - Filling up the DagBag from /opt/airflow/dags/spotify_to_csvs_to_s3_Finale.py
[2024-04-05T19:50:57.739+0000] {logging_mixin.py:188} INFO - Authenticating User...
[2024-04-05T19:50:57.751+0000] {processor.py:840} INFO - DAG(s) 'spotify_track_data_extraction_to_s3_v1' retrieved from /opt/airflow/dags/spotify_to_csvs_to_s3_Finale.py
[2024-04-05T19:50:57.796+0000] {logging_mixin.py:188} INFO - [2024-04-05T19:50:57.795+0000] {dag.py:3047} INFO - Sync 1 DAGs
[2024-04-05T19:50:57.837+0000] {logging_mixin.py:188} INFO - [2024-04-05T19:50:57.836+0000] {dag.py:3834} INFO - Setting next_dagrun for spotify_track_data_extraction_to_s3_v1 to 2024-04-04 00:00:00+00:00, run_after=2024-04-05 00:00:00+00:00
[2024-04-05T19:50:57.869+0000] {processor.py:183} INFO - Processing /opt/airflow/dags/spotify_to_csvs_to_s3_Finale.py took 3.102 seconds
[2024-04-05T20:06:33.734+0000] {processor.py:161} INFO - Started process (PID=65957) to work on /opt/airflow/dags/spotify_to_csvs_to_s3_Finale.py
[2024-04-05T20:06:33.738+0000] {processor.py:830} INFO - Processing file /opt/airflow/dags/spotify_to_csvs_to_s3_Finale.py for tasks to queue
[2024-04-05T20:06:33.750+0000] {logging_mixin.py:188} INFO - [2024-04-05T20:06:33.748+0000] {dagbag.py:540} INFO - Filling up the DagBag from /opt/airflow/dags/spotify_to_csvs_to_s3_Finale.py
[2024-04-05T20:06:36.449+0000] {logging_mixin.py:188} INFO - Authenticating User...
[2024-04-05T20:06:36.458+0000] {processor.py:840} INFO - DAG(s) 'spotify_track_data_extraction_to_s3_v1' retrieved from /opt/airflow/dags/spotify_to_csvs_to_s3_Finale.py
[2024-04-05T20:06:36.511+0000] {logging_mixin.py:188} INFO - [2024-04-05T20:06:36.510+0000] {dag.py:3047} INFO - Sync 1 DAGs
[2024-04-05T20:06:36.553+0000] {logging_mixin.py:188} INFO - [2024-04-05T20:06:36.552+0000] {dag.py:3834} INFO - Setting next_dagrun for spotify_track_data_extraction_to_s3_v1 to 2024-04-04 00:00:00+00:00, run_after=2024-04-05 00:00:00+00:00
[2024-04-05T20:06:36.585+0000] {processor.py:183} INFO - Processing /opt/airflow/dags/spotify_to_csvs_to_s3_Finale.py took 2.880 seconds
[2024-04-05T20:18:01.670+0000] {processor.py:161} INFO - Started process (PID=65969) to work on /opt/airflow/dags/spotify_to_csvs_to_s3_Finale.py
[2024-04-05T20:18:01.696+0000] {processor.py:830} INFO - Processing file /opt/airflow/dags/spotify_to_csvs_to_s3_Finale.py for tasks to queue
[2024-04-05T20:18:01.737+0000] {logging_mixin.py:188} INFO - [2024-04-05T20:18:01.735+0000] {dagbag.py:540} INFO - Filling up the DagBag from /opt/airflow/dags/spotify_to_csvs_to_s3_Finale.py
[2024-04-05T20:18:04.499+0000] {logging_mixin.py:188} INFO - Authenticating User...
[2024-04-05T20:18:04.510+0000] {processor.py:840} INFO - DAG(s) 'spotify_track_data_extraction_to_s3_v1' retrieved from /opt/airflow/dags/spotify_to_csvs_to_s3_Finale.py
[2024-04-05T20:18:04.563+0000] {logging_mixin.py:188} INFO - [2024-04-05T20:18:04.563+0000] {dag.py:3047} INFO - Sync 1 DAGs
[2024-04-05T20:18:04.607+0000] {logging_mixin.py:188} INFO - [2024-04-05T20:18:04.607+0000] {dag.py:3834} INFO - Setting next_dagrun for spotify_track_data_extraction_to_s3_v1 to 2024-04-04 00:00:00+00:00, run_after=2024-04-05 00:00:00+00:00
[2024-04-05T20:18:04.644+0000] {processor.py:183} INFO - Processing /opt/airflow/dags/spotify_to_csvs_to_s3_Finale.py took 3.186 seconds
[2024-04-05T20:48:58.262+0000] {processor.py:161} INFO - Started process (PID=65982) to work on /opt/airflow/dags/spotify_to_csvs_to_s3_Finale.py
[2024-04-05T20:48:58.329+0000] {processor.py:830} INFO - Processing file /opt/airflow/dags/spotify_to_csvs_to_s3_Finale.py for tasks to queue
[2024-04-05T20:48:58.335+0000] {logging_mixin.py:188} INFO - [2024-04-05T20:48:58.333+0000] {dagbag.py:540} INFO - Filling up the DagBag from /opt/airflow/dags/spotify_to_csvs_to_s3_Finale.py
[2024-04-05T20:49:02.679+0000] {logging_mixin.py:188} INFO - Authenticating User...
[2024-04-05T20:49:02.702+0000] {processor.py:840} INFO - DAG(s) 'spotify_track_data_extraction_to_s3_v1' retrieved from /opt/airflow/dags/spotify_to_csvs_to_s3_Finale.py
[2024-04-05T20:49:02.776+0000] {logging_mixin.py:188} INFO - [2024-04-05T20:49:02.775+0000] {dag.py:3047} INFO - Sync 1 DAGs
[2024-04-05T20:49:02.876+0000] {logging_mixin.py:188} INFO - [2024-04-05T20:49:02.874+0000] {dag.py:3834} INFO - Setting next_dagrun for spotify_track_data_extraction_to_s3_v1 to 2024-04-04 00:00:00+00:00, run_after=2024-04-05 00:00:00+00:00
[2024-04-05T20:49:02.947+0000] {processor.py:183} INFO - Processing /opt/airflow/dags/spotify_to_csvs_to_s3_Finale.py took 4.710 seconds
[2024-04-05T20:49:43.811+0000] {processor.py:161} INFO - Started process (PID=65994) to work on /opt/airflow/dags/spotify_to_csvs_to_s3_Finale.py
[2024-04-05T20:49:43.832+0000] {processor.py:830} INFO - Processing file /opt/airflow/dags/spotify_to_csvs_to_s3_Finale.py for tasks to queue
[2024-04-05T20:49:43.855+0000] {logging_mixin.py:188} INFO - [2024-04-05T20:49:43.845+0000] {dagbag.py:540} INFO - Filling up the DagBag from /opt/airflow/dags/spotify_to_csvs_to_s3_Finale.py
[2024-04-05T20:49:47.537+0000] {logging_mixin.py:188} INFO - Authenticating User...
[2024-04-05T20:49:47.560+0000] {processor.py:840} INFO - DAG(s) 'spotify_track_data_extraction_to_s3_v1' retrieved from /opt/airflow/dags/spotify_to_csvs_to_s3_Finale.py
[2024-04-05T20:49:47.719+0000] {logging_mixin.py:188} INFO - [2024-04-05T20:49:47.717+0000] {dag.py:3047} INFO - Sync 1 DAGs
[2024-04-05T20:49:48.064+0000] {logging_mixin.py:188} INFO - [2024-04-05T20:49:48.063+0000] {dag.py:3834} INFO - Setting next_dagrun for spotify_track_data_extraction_to_s3_v1 to 2024-04-04 00:00:00+00:00, run_after=2024-04-05 00:00:00+00:00
[2024-04-05T20:49:48.222+0000] {processor.py:183} INFO - Processing /opt/airflow/dags/spotify_to_csvs_to_s3_Finale.py took 4.458 seconds
[2024-04-05T20:52:15.061+0000] {processor.py:161} INFO - Started process (PID=66000) to work on /opt/airflow/dags/spotify_to_csvs_to_s3_Finale.py
[2024-04-05T20:52:15.064+0000] {processor.py:830} INFO - Processing file /opt/airflow/dags/spotify_to_csvs_to_s3_Finale.py for tasks to queue
[2024-04-05T20:52:15.067+0000] {logging_mixin.py:188} INFO - [2024-04-05T20:52:15.066+0000] {dagbag.py:540} INFO - Filling up the DagBag from /opt/airflow/dags/spotify_to_csvs_to_s3_Finale.py
[2024-04-05T20:52:16.476+0000] {logging_mixin.py:188} INFO - Authenticating User...
[2024-04-05T20:52:16.483+0000] {processor.py:840} INFO - DAG(s) 'spotify_track_data_extraction_to_s3_v1' retrieved from /opt/airflow/dags/spotify_to_csvs_to_s3_Finale.py
[2024-04-05T20:52:16.516+0000] {logging_mixin.py:188} INFO - [2024-04-05T20:52:16.515+0000] {dag.py:3047} INFO - Sync 1 DAGs
[2024-04-05T20:52:16.556+0000] {logging_mixin.py:188} INFO - [2024-04-05T20:52:16.555+0000] {dag.py:3834} INFO - Setting next_dagrun for spotify_track_data_extraction_to_s3_v1 to 2024-04-04 00:00:00+00:00, run_after=2024-04-05 00:00:00+00:00
[2024-04-05T20:52:16.592+0000] {processor.py:183} INFO - Processing /opt/airflow/dags/spotify_to_csvs_to_s3_Finale.py took 1.537 seconds
[2024-04-05T21:53:14.068+0000] {processor.py:161} INFO - Started process (PID=66016) to work on /opt/airflow/dags/spotify_to_csvs_to_s3_Finale.py
[2024-04-05T21:53:14.106+0000] {processor.py:830} INFO - Processing file /opt/airflow/dags/spotify_to_csvs_to_s3_Finale.py for tasks to queue
[2024-04-05T21:53:14.118+0000] {logging_mixin.py:188} INFO - [2024-04-05T21:53:14.116+0000] {dagbag.py:540} INFO - Filling up the DagBag from /opt/airflow/dags/spotify_to_csvs_to_s3_Finale.py
[2024-04-05T21:53:17.834+0000] {logging_mixin.py:188} INFO - Authenticating User...
[2024-04-05T21:53:17.852+0000] {processor.py:840} INFO - DAG(s) 'spotify_track_data_extraction_to_s3_v1' retrieved from /opt/airflow/dags/spotify_to_csvs_to_s3_Finale.py
[2024-04-05T21:53:18.070+0000] {logging_mixin.py:188} INFO - [2024-04-05T21:53:18.068+0000] {dag.py:3047} INFO - Sync 1 DAGs
[2024-04-05T21:53:18.161+0000] {logging_mixin.py:188} INFO - [2024-04-05T21:53:18.160+0000] {dag.py:3834} INFO - Setting next_dagrun for spotify_track_data_extraction_to_s3_v1 to 2024-04-04 00:00:00+00:00, run_after=2024-04-05 00:00:00+00:00
[2024-04-05T21:53:18.213+0000] {processor.py:183} INFO - Processing /opt/airflow/dags/spotify_to_csvs_to_s3_Finale.py took 4.172 seconds
[2024-04-05T21:54:00.318+0000] {processor.py:161} INFO - Started process (PID=66029) to work on /opt/airflow/dags/spotify_to_csvs_to_s3_Finale.py
[2024-04-05T21:54:00.341+0000] {processor.py:830} INFO - Processing file /opt/airflow/dags/spotify_to_csvs_to_s3_Finale.py for tasks to queue
[2024-04-05T21:54:00.351+0000] {logging_mixin.py:188} INFO - [2024-04-05T21:54:00.347+0000] {dagbag.py:540} INFO - Filling up the DagBag from /opt/airflow/dags/spotify_to_csvs_to_s3_Finale.py
[2024-04-05T21:54:03.650+0000] {logging_mixin.py:188} INFO - Authenticating User...
[2024-04-05T21:54:03.665+0000] {processor.py:840} INFO - DAG(s) 'spotify_track_data_extraction_to_s3_v1' retrieved from /opt/airflow/dags/spotify_to_csvs_to_s3_Finale.py
[2024-04-05T21:54:03.730+0000] {logging_mixin.py:188} INFO - [2024-04-05T21:54:03.729+0000] {dag.py:3047} INFO - Sync 1 DAGs
[2024-04-05T21:54:04.059+0000] {logging_mixin.py:188} INFO - [2024-04-05T21:54:04.056+0000] {dag.py:3834} INFO - Setting next_dagrun for spotify_track_data_extraction_to_s3_v1 to 2024-04-04 00:00:00+00:00, run_after=2024-04-05 00:00:00+00:00
[2024-04-05T21:54:04.149+0000] {processor.py:183} INFO - Processing /opt/airflow/dags/spotify_to_csvs_to_s3_Finale.py took 3.863 seconds
[2024-04-05T22:54:31.675+0000] {processor.py:161} INFO - Started process (PID=66035) to work on /opt/airflow/dags/spotify_to_csvs_to_s3_Finale.py
[2024-04-05T22:54:31.681+0000] {processor.py:830} INFO - Processing file /opt/airflow/dags/spotify_to_csvs_to_s3_Finale.py for tasks to queue
[2024-04-05T22:54:31.685+0000] {logging_mixin.py:188} INFO - [2024-04-05T22:54:31.684+0000] {dagbag.py:540} INFO - Filling up the DagBag from /opt/airflow/dags/spotify_to_csvs_to_s3_Finale.py
[2024-04-05T22:54:33.150+0000] {logging_mixin.py:188} INFO - Authenticating User...
[2024-04-05T22:54:33.157+0000] {processor.py:840} INFO - DAG(s) 'spotify_track_data_extraction_to_s3_v1' retrieved from /opt/airflow/dags/spotify_to_csvs_to_s3_Finale.py
[2024-04-05T22:54:33.192+0000] {logging_mixin.py:188} INFO - [2024-04-05T22:54:33.191+0000] {dag.py:3047} INFO - Sync 1 DAGs
[2024-04-05T22:54:33.229+0000] {logging_mixin.py:188} INFO - [2024-04-05T22:54:33.228+0000] {dag.py:3834} INFO - Setting next_dagrun for spotify_track_data_extraction_to_s3_v1 to 2024-04-04 00:00:00+00:00, run_after=2024-04-05 00:00:00+00:00
[2024-04-05T22:54:33.266+0000] {processor.py:183} INFO - Processing /opt/airflow/dags/spotify_to_csvs_to_s3_Finale.py took 1.614 seconds
[2024-04-05T23:55:30.014+0000] {processor.py:161} INFO - Started process (PID=66047) to work on /opt/airflow/dags/spotify_to_csvs_to_s3_Finale.py
[2024-04-05T23:55:30.088+0000] {processor.py:830} INFO - Processing file /opt/airflow/dags/spotify_to_csvs_to_s3_Finale.py for tasks to queue
[2024-04-05T23:55:30.096+0000] {logging_mixin.py:188} INFO - [2024-04-05T23:55:30.094+0000] {dagbag.py:540} INFO - Filling up the DagBag from /opt/airflow/dags/spotify_to_csvs_to_s3_Finale.py
[2024-04-05T23:55:35.109+0000] {logging_mixin.py:188} INFO - Authenticating User...
[2024-04-05T23:55:35.127+0000] {processor.py:840} INFO - DAG(s) 'spotify_track_data_extraction_to_s3_v1' retrieved from /opt/airflow/dags/spotify_to_csvs_to_s3_Finale.py
[2024-04-05T23:55:35.238+0000] {logging_mixin.py:188} INFO - [2024-04-05T23:55:35.237+0000] {dag.py:3047} INFO - Sync 1 DAGs
[2024-04-05T23:55:35.308+0000] {logging_mixin.py:188} INFO - [2024-04-05T23:55:35.307+0000] {dag.py:3834} INFO - Setting next_dagrun for spotify_track_data_extraction_to_s3_v1 to 2024-04-04 00:00:00+00:00, run_after=2024-04-05 00:00:00+00:00
[2024-04-05T23:55:35.358+0000] {processor.py:183} INFO - Processing /opt/airflow/dags/spotify_to_csvs_to_s3_Finale.py took 5.380 seconds
[2024-04-05T23:56:05.759+0000] {processor.py:161} INFO - Started process (PID=66065) to work on /opt/airflow/dags/spotify_to_csvs_to_s3_Finale.py
[2024-04-05T23:56:05.761+0000] {processor.py:830} INFO - Processing file /opt/airflow/dags/spotify_to_csvs_to_s3_Finale.py for tasks to queue
[2024-04-05T23:56:05.763+0000] {logging_mixin.py:188} INFO - [2024-04-05T23:56:05.762+0000] {dagbag.py:540} INFO - Filling up the DagBag from /opt/airflow/dags/spotify_to_csvs_to_s3_Finale.py
[2024-04-05T23:56:06.586+0000] {logging_mixin.py:188} INFO - Authenticating User...
[2024-04-05T23:56:06.593+0000] {processor.py:840} INFO - DAG(s) 'spotify_track_data_extraction_to_s3_v1' retrieved from /opt/airflow/dags/spotify_to_csvs_to_s3_Finale.py
[2024-04-05T23:56:06.628+0000] {logging_mixin.py:188} INFO - [2024-04-05T23:56:06.627+0000] {dag.py:3047} INFO - Sync 1 DAGs
[2024-04-05T23:56:06.663+0000] {logging_mixin.py:188} INFO - [2024-04-05T23:56:06.662+0000] {dag.py:3834} INFO - Setting next_dagrun for spotify_track_data_extraction_to_s3_v1 to 2024-04-04 00:00:00+00:00, run_after=2024-04-05 00:00:00+00:00
[2024-04-05T23:56:06.694+0000] {processor.py:183} INFO - Processing /opt/airflow/dags/spotify_to_csvs_to_s3_Finale.py took 0.940 seconds
