[2024-04-05T00:30:42.835+0000] {processor.py:161} INFO - Started process (PID=65343) to work on /opt/airflow/dags/spotify_to_csvs_to_s3.py
[2024-04-05T00:30:42.838+0000] {processor.py:830} INFO - Processing file /opt/airflow/dags/spotify_to_csvs_to_s3.py for tasks to queue
[2024-04-05T00:30:42.841+0000] {logging_mixin.py:188} INFO - [2024-04-05T00:30:42.840+0000] {dagbag.py:540} INFO - Filling up the DagBag from /opt/airflow/dags/spotify_to_csvs_to_s3.py
[2024-04-05T00:30:43.838+0000] {logging_mixin.py:188} INFO - Authenticating User...
[2024-04-05T00:30:43.849+0000] {logging_mixin.py:188} INFO - csv_data/albums_table.csv 
[2024-04-05T00:30:43.850+0000] {logging_mixin.py:188} INFO - albums_table.csv
[2024-04-05T00:30:43.851+0000] {logging_mixin.py:188} INFO - csv_data/artists_table.csv 
[2024-04-05T00:30:43.852+0000] {logging_mixin.py:188} INFO - artists_table.csv
[2024-04-05T00:30:43.853+0000] {logging_mixin.py:188} INFO - csv_data/track_table.csv 
[2024-04-05T00:30:43.854+0000] {logging_mixin.py:188} INFO - track_table.csv
[2024-04-05T00:30:43.857+0000] {processor.py:840} INFO - DAG(s) 'spotify_to_s3_extraction' retrieved from /opt/airflow/dags/spotify_to_csvs_to_s3.py
[2024-04-05T00:30:43.903+0000] {logging_mixin.py:188} INFO - [2024-04-05T00:30:43.902+0000] {dag.py:3047} INFO - Sync 1 DAGs
[2024-04-05T00:30:43.948+0000] {logging_mixin.py:188} INFO - [2024-04-05T00:30:43.948+0000] {dag.py:3834} INFO - Setting next_dagrun for spotify_to_s3_extraction to 2024-04-04 00:00:00+00:00, run_after=2024-04-05 00:00:00+00:00
[2024-04-05T00:30:43.983+0000] {processor.py:183} INFO - Processing /opt/airflow/dags/spotify_to_csvs_to_s3.py took 1.156 seconds
[2024-04-05T01:29:08.196+0000] {processor.py:161} INFO - Started process (PID=65362) to work on /opt/airflow/dags/spotify_to_csvs_to_s3.py
[2024-04-05T01:29:08.199+0000] {processor.py:830} INFO - Processing file /opt/airflow/dags/spotify_to_csvs_to_s3.py for tasks to queue
[2024-04-05T01:29:08.204+0000] {logging_mixin.py:188} INFO - [2024-04-05T01:29:08.202+0000] {dagbag.py:540} INFO - Filling up the DagBag from /opt/airflow/dags/spotify_to_csvs_to_s3.py
[2024-04-05T01:29:10.592+0000] {logging_mixin.py:188} INFO - Authenticating User...
[2024-04-05T01:29:10.638+0000] {logging_mixin.py:188} INFO - csv_data/albums_table.csv 
[2024-04-05T01:29:10.639+0000] {logging_mixin.py:188} INFO - albums_table.csv
[2024-04-05T01:29:10.640+0000] {logging_mixin.py:188} INFO - csv_data/artists_table.csv 
[2024-04-05T01:29:10.641+0000] {logging_mixin.py:188} INFO - artists_table.csv
[2024-04-05T01:29:10.642+0000] {logging_mixin.py:188} INFO - csv_data/track_table.csv 
[2024-04-05T01:29:10.643+0000] {logging_mixin.py:188} INFO - track_table.csv
[2024-04-05T01:29:10.649+0000] {processor.py:840} INFO - DAG(s) 'spotify_to_s3_extraction' retrieved from /opt/airflow/dags/spotify_to_csvs_to_s3.py
[2024-04-05T01:29:11.752+0000] {logging_mixin.py:188} INFO - [2024-04-05T01:29:11.751+0000] {dag.py:3047} INFO - Sync 1 DAGs
[2024-04-05T01:29:11.812+0000] {logging_mixin.py:188} INFO - [2024-04-05T01:29:11.811+0000] {dag.py:3834} INFO - Setting next_dagrun for spotify_to_s3_extraction to 2024-04-04 00:00:00+00:00, run_after=2024-04-05 00:00:00+00:00
[2024-04-05T01:29:11.853+0000] {processor.py:183} INFO - Processing /opt/airflow/dags/spotify_to_csvs_to_s3.py took 3.690 seconds
[2024-04-05T03:31:25.821+0000] {processor.py:161} INFO - Started process (PID=65374) to work on /opt/airflow/dags/spotify_to_csvs_to_s3.py
[2024-04-05T03:31:25.824+0000] {processor.py:830} INFO - Processing file /opt/airflow/dags/spotify_to_csvs_to_s3.py for tasks to queue
[2024-04-05T03:31:25.827+0000] {logging_mixin.py:188} INFO - [2024-04-05T03:31:25.827+0000] {dagbag.py:540} INFO - Filling up the DagBag from /opt/airflow/dags/spotify_to_csvs_to_s3.py
[2024-04-05T03:31:26.770+0000] {logging_mixin.py:188} INFO - Authenticating User...
[2024-04-05T03:31:26.781+0000] {logging_mixin.py:188} INFO - csv_data/albums_table.csv 
[2024-04-05T03:31:26.782+0000] {logging_mixin.py:188} INFO - albums_table.csv
[2024-04-05T03:31:26.783+0000] {logging_mixin.py:188} INFO - csv_data/artists_table.csv 
[2024-04-05T03:31:26.784+0000] {logging_mixin.py:188} INFO - artists_table.csv
[2024-04-05T03:31:26.785+0000] {logging_mixin.py:188} INFO - csv_data/track_table.csv 
[2024-04-05T03:31:26.787+0000] {logging_mixin.py:188} INFO - track_table.csv
[2024-04-05T03:31:26.791+0000] {processor.py:840} INFO - DAG(s) 'spotify_to_s3_extraction' retrieved from /opt/airflow/dags/spotify_to_csvs_to_s3.py
[2024-04-05T03:31:26.844+0000] {logging_mixin.py:188} INFO - [2024-04-05T03:31:26.843+0000] {dag.py:3047} INFO - Sync 1 DAGs
[2024-04-05T03:31:27.129+0000] {logging_mixin.py:188} INFO - [2024-04-05T03:31:27.129+0000] {dag.py:3834} INFO - Setting next_dagrun for spotify_to_s3_extraction to 2024-04-04 00:00:00+00:00, run_after=2024-04-05 00:00:00+00:00
[2024-04-05T03:31:27.164+0000] {processor.py:183} INFO - Processing /opt/airflow/dags/spotify_to_csvs_to_s3.py took 1.353 seconds
[2024-04-05T03:56:20.453+0000] {processor.py:161} INFO - Started process (PID=65385) to work on /opt/airflow/dags/spotify_to_csvs_to_s3.py
[2024-04-05T03:56:20.471+0000] {processor.py:830} INFO - Processing file /opt/airflow/dags/spotify_to_csvs_to_s3.py for tasks to queue
[2024-04-05T03:56:20.473+0000] {logging_mixin.py:188} INFO - [2024-04-05T03:56:20.472+0000] {dagbag.py:540} INFO - Filling up the DagBag from /opt/airflow/dags/spotify_to_csvs_to_s3.py
[2024-04-05T03:56:21.282+0000] {logging_mixin.py:188} INFO - Authenticating User...
[2024-04-05T03:56:21.293+0000] {logging_mixin.py:188} INFO - csv_data/albums_table.csv 
[2024-04-05T03:56:21.295+0000] {logging_mixin.py:188} INFO - albums_table.csv
[2024-04-05T03:56:21.296+0000] {logging_mixin.py:188} INFO - csv_data/artists_table.csv 
[2024-04-05T03:56:21.297+0000] {logging_mixin.py:188} INFO - artists_table.csv
[2024-04-05T03:56:21.298+0000] {logging_mixin.py:188} INFO - csv_data/track_table.csv 
[2024-04-05T03:56:21.299+0000] {logging_mixin.py:188} INFO - track_table.csv
[2024-04-05T03:56:21.302+0000] {processor.py:840} INFO - DAG(s) 'spotify_to_s3_extraction' retrieved from /opt/airflow/dags/spotify_to_csvs_to_s3.py
[2024-04-05T03:56:21.337+0000] {logging_mixin.py:188} INFO - [2024-04-05T03:56:21.337+0000] {dag.py:3047} INFO - Sync 1 DAGs
[2024-04-05T03:56:21.894+0000] {logging_mixin.py:188} INFO - [2024-04-05T03:56:21.893+0000] {dag.py:3834} INFO - Setting next_dagrun for spotify_to_s3_extraction to 2024-04-04 00:00:00+00:00, run_after=2024-04-05 00:00:00+00:00
[2024-04-05T03:56:21.920+0000] {processor.py:183} INFO - Processing /opt/airflow/dags/spotify_to_csvs_to_s3.py took 1.476 seconds
[2024-04-05T04:22:43.028+0000] {processor.py:161} INFO - Started process (PID=65396) to work on /opt/airflow/dags/spotify_to_csvs_to_s3.py
[2024-04-05T04:22:43.030+0000] {processor.py:830} INFO - Processing file /opt/airflow/dags/spotify_to_csvs_to_s3.py for tasks to queue
[2024-04-05T04:22:43.032+0000] {logging_mixin.py:188} INFO - [2024-04-05T04:22:43.032+0000] {dagbag.py:540} INFO - Filling up the DagBag from /opt/airflow/dags/spotify_to_csvs_to_s3.py
[2024-04-05T04:22:43.934+0000] {logging_mixin.py:188} INFO - Authenticating User...
[2024-04-05T04:22:43.945+0000] {logging_mixin.py:188} INFO - csv_data/albums_table.csv 
[2024-04-05T04:22:43.946+0000] {logging_mixin.py:188} INFO - albums_table.csv
[2024-04-05T04:22:43.947+0000] {logging_mixin.py:188} INFO - csv_data/artists_table.csv 
[2024-04-05T04:22:43.948+0000] {logging_mixin.py:188} INFO - artists_table.csv
[2024-04-05T04:22:43.949+0000] {logging_mixin.py:188} INFO - csv_data/track_table.csv 
[2024-04-05T04:22:43.950+0000] {logging_mixin.py:188} INFO - track_table.csv
[2024-04-05T04:22:43.954+0000] {processor.py:840} INFO - DAG(s) 'spotify_to_s3_extraction' retrieved from /opt/airflow/dags/spotify_to_csvs_to_s3.py
[2024-04-05T04:22:43.993+0000] {logging_mixin.py:188} INFO - [2024-04-05T04:22:43.992+0000] {dag.py:3047} INFO - Sync 1 DAGs
[2024-04-05T04:22:44.224+0000] {logging_mixin.py:188} INFO - [2024-04-05T04:22:44.223+0000] {dag.py:3834} INFO - Setting next_dagrun for spotify_to_s3_extraction to 2024-04-04 00:00:00+00:00, run_after=2024-04-05 00:00:00+00:00
[2024-04-05T04:22:44.253+0000] {processor.py:183} INFO - Processing /opt/airflow/dags/spotify_to_csvs_to_s3.py took 1.231 seconds
[2024-04-05T04:32:24.618+0000] {processor.py:161} INFO - Started process (PID=65408) to work on /opt/airflow/dags/spotify_to_csvs_to_s3.py
[2024-04-05T04:32:24.620+0000] {processor.py:830} INFO - Processing file /opt/airflow/dags/spotify_to_csvs_to_s3.py for tasks to queue
[2024-04-05T04:32:24.623+0000] {logging_mixin.py:188} INFO - [2024-04-05T04:32:24.622+0000] {dagbag.py:540} INFO - Filling up the DagBag from /opt/airflow/dags/spotify_to_csvs_to_s3.py
[2024-04-05T04:32:25.832+0000] {logging_mixin.py:188} INFO - Authenticating User...
[2024-04-05T04:32:25.837+0000] {logging_mixin.py:188} INFO - csv_data/albums_table.csv 
[2024-04-05T04:32:25.838+0000] {logging_mixin.py:188} INFO - albums_table.csv
[2024-04-05T04:32:25.839+0000] {logging_mixin.py:188} INFO - csv_data/artists_table.csv 
[2024-04-05T04:32:25.840+0000] {logging_mixin.py:188} INFO - artists_table.csv
[2024-04-05T04:32:25.840+0000] {logging_mixin.py:188} INFO - csv_data/track_table.csv 
[2024-04-05T04:32:25.841+0000] {logging_mixin.py:188} INFO - track_table.csv
[2024-04-05T04:32:25.844+0000] {processor.py:840} INFO - DAG(s) 'spotify_to_s3_extraction' retrieved from /opt/airflow/dags/spotify_to_csvs_to_s3.py
[2024-04-05T04:32:25.875+0000] {logging_mixin.py:188} INFO - [2024-04-05T04:32:25.874+0000] {dag.py:3047} INFO - Sync 1 DAGs
[2024-04-05T04:32:25.908+0000] {logging_mixin.py:188} INFO - [2024-04-05T04:32:25.908+0000] {dag.py:3834} INFO - Setting next_dagrun for spotify_to_s3_extraction to 2024-04-04 00:00:00+00:00, run_after=2024-04-05 00:00:00+00:00
[2024-04-05T04:32:25.937+0000] {processor.py:183} INFO - Processing /opt/airflow/dags/spotify_to_csvs_to_s3.py took 1.326 seconds
[2024-04-05T05:33:27.114+0000] {processor.py:161} INFO - Started process (PID=65420) to work on /opt/airflow/dags/spotify_to_csvs_to_s3.py
[2024-04-05T05:33:27.116+0000] {processor.py:830} INFO - Processing file /opt/airflow/dags/spotify_to_csvs_to_s3.py for tasks to queue
[2024-04-05T05:33:27.119+0000] {logging_mixin.py:188} INFO - [2024-04-05T05:33:27.118+0000] {dagbag.py:540} INFO - Filling up the DagBag from /opt/airflow/dags/spotify_to_csvs_to_s3.py
[2024-04-05T05:33:28.017+0000] {logging_mixin.py:188} INFO - Authenticating User...
[2024-04-05T05:33:28.023+0000] {logging_mixin.py:188} INFO - csv_data/albums_table.csv 
[2024-04-05T05:33:28.024+0000] {logging_mixin.py:188} INFO - albums_table.csv
[2024-04-05T05:33:28.024+0000] {logging_mixin.py:188} INFO - csv_data/artists_table.csv 
[2024-04-05T05:33:28.025+0000] {logging_mixin.py:188} INFO - artists_table.csv
[2024-04-05T05:33:28.026+0000] {logging_mixin.py:188} INFO - csv_data/track_table.csv 
[2024-04-05T05:33:28.026+0000] {logging_mixin.py:188} INFO - track_table.csv
[2024-04-05T05:33:28.029+0000] {processor.py:840} INFO - DAG(s) 'spotify_to_s3_extraction' retrieved from /opt/airflow/dags/spotify_to_csvs_to_s3.py
[2024-04-05T05:33:28.063+0000] {logging_mixin.py:188} INFO - [2024-04-05T05:33:28.062+0000] {dag.py:3047} INFO - Sync 1 DAGs
[2024-04-05T05:33:28.096+0000] {logging_mixin.py:188} INFO - [2024-04-05T05:33:28.096+0000] {dag.py:3834} INFO - Setting next_dagrun for spotify_to_s3_extraction to 2024-04-04 00:00:00+00:00, run_after=2024-04-05 00:00:00+00:00
[2024-04-05T05:33:28.125+0000] {processor.py:183} INFO - Processing /opt/airflow/dags/spotify_to_csvs_to_s3.py took 1.020 seconds
[2024-04-05T05:55:59.463+0000] {processor.py:161} INFO - Started process (PID=65433) to work on /opt/airflow/dags/spotify_to_csvs_to_s3.py
[2024-04-05T05:55:59.466+0000] {processor.py:830} INFO - Processing file /opt/airflow/dags/spotify_to_csvs_to_s3.py for tasks to queue
[2024-04-05T05:55:59.468+0000] {logging_mixin.py:188} INFO - [2024-04-05T05:55:59.468+0000] {dagbag.py:540} INFO - Filling up the DagBag from /opt/airflow/dags/spotify_to_csvs_to_s3.py
[2024-04-05T05:56:00.321+0000] {logging_mixin.py:188} INFO - Authenticating User...
[2024-04-05T05:56:00.328+0000] {logging_mixin.py:188} INFO - csv_data/albums_table.csv 
[2024-04-05T05:56:00.329+0000] {logging_mixin.py:188} INFO - albums_table.csv
[2024-04-05T05:56:00.330+0000] {logging_mixin.py:188} INFO - csv_data/artists_table.csv 
[2024-04-05T05:56:00.330+0000] {logging_mixin.py:188} INFO - artists_table.csv
[2024-04-05T05:56:00.331+0000] {logging_mixin.py:188} INFO - csv_data/track_table.csv 
[2024-04-05T05:56:00.332+0000] {logging_mixin.py:188} INFO - track_table.csv
[2024-04-05T05:56:00.335+0000] {processor.py:840} INFO - DAG(s) 'spotify_to_s3_extraction' retrieved from /opt/airflow/dags/spotify_to_csvs_to_s3.py
[2024-04-05T05:56:00.375+0000] {logging_mixin.py:188} INFO - [2024-04-05T05:56:00.374+0000] {dag.py:3047} INFO - Sync 1 DAGs
[2024-04-05T05:56:00.414+0000] {logging_mixin.py:188} INFO - [2024-04-05T05:56:00.414+0000] {dag.py:3834} INFO - Setting next_dagrun for spotify_to_s3_extraction to 2024-04-04 00:00:00+00:00, run_after=2024-04-05 00:00:00+00:00
[2024-04-05T05:56:00.447+0000] {processor.py:183} INFO - Processing /opt/airflow/dags/spotify_to_csvs_to_s3.py took 0.993 seconds
[2024-04-05T05:57:40.250+0000] {processor.py:161} INFO - Started process (PID=65449) to work on /opt/airflow/dags/spotify_to_csvs_to_s3.py
[2024-04-05T05:57:40.255+0000] {processor.py:830} INFO - Processing file /opt/airflow/dags/spotify_to_csvs_to_s3.py for tasks to queue
[2024-04-05T05:57:40.261+0000] {logging_mixin.py:188} INFO - [2024-04-05T05:57:40.260+0000] {dagbag.py:540} INFO - Filling up the DagBag from /opt/airflow/dags/spotify_to_csvs_to_s3.py
[2024-04-05T05:57:44.186+0000] {logging_mixin.py:188} INFO - Authenticating User...
[2024-04-05T05:57:44.201+0000] {logging_mixin.py:188} INFO - csv_data/albums_table.csv 
[2024-04-05T05:57:44.202+0000] {logging_mixin.py:188} INFO - albums_table.csv
[2024-04-05T05:57:44.203+0000] {logging_mixin.py:188} INFO - csv_data/artists_table.csv 
[2024-04-05T05:57:44.204+0000] {logging_mixin.py:188} INFO - artists_table.csv
[2024-04-05T05:57:44.206+0000] {logging_mixin.py:188} INFO - csv_data/track_table.csv 
[2024-04-05T05:57:44.206+0000] {logging_mixin.py:188} INFO - track_table.csv
[2024-04-05T05:57:44.210+0000] {processor.py:840} INFO - DAG(s) 'spotify_to_s3_extraction' retrieved from /opt/airflow/dags/spotify_to_csvs_to_s3.py
[2024-04-05T05:57:44.278+0000] {logging_mixin.py:188} INFO - [2024-04-05T05:57:44.277+0000] {dag.py:3047} INFO - Sync 1 DAGs
[2024-04-05T05:57:44.326+0000] {logging_mixin.py:188} INFO - [2024-04-05T05:57:44.325+0000] {dag.py:3834} INFO - Setting next_dagrun for spotify_to_s3_extraction to 2024-04-04 00:00:00+00:00, run_after=2024-04-05 00:00:00+00:00
[2024-04-05T05:57:44.360+0000] {processor.py:183} INFO - Processing /opt/airflow/dags/spotify_to_csvs_to_s3.py took 4.317 seconds
[2024-04-05T07:48:03.681+0000] {processor.py:161} INFO - Started process (PID=65470) to work on /opt/airflow/dags/spotify_to_csvs_to_s3.py
[2024-04-05T07:48:03.683+0000] {processor.py:830} INFO - Processing file /opt/airflow/dags/spotify_to_csvs_to_s3.py for tasks to queue
[2024-04-05T07:48:03.687+0000] {logging_mixin.py:188} INFO - [2024-04-05T07:48:03.686+0000] {dagbag.py:540} INFO - Filling up the DagBag from /opt/airflow/dags/spotify_to_csvs_to_s3.py
[2024-04-05T07:48:05.168+0000] {logging_mixin.py:188} INFO - Authenticating User...
[2024-04-05T07:48:05.179+0000] {logging_mixin.py:188} INFO - csv_data/albums_table.csv 
[2024-04-05T07:48:05.180+0000] {logging_mixin.py:188} INFO - albums_table.csv
[2024-04-05T07:48:05.181+0000] {logging_mixin.py:188} INFO - csv_data/artists_table.csv 
[2024-04-05T07:48:05.182+0000] {logging_mixin.py:188} INFO - artists_table.csv
[2024-04-05T07:48:05.183+0000] {logging_mixin.py:188} INFO - csv_data/track_table.csv 
[2024-04-05T07:48:05.183+0000] {logging_mixin.py:188} INFO - track_table.csv
[2024-04-05T07:48:05.188+0000] {processor.py:840} INFO - DAG(s) 'spotify_to_s3_extraction' retrieved from /opt/airflow/dags/spotify_to_csvs_to_s3.py
[2024-04-05T07:48:05.238+0000] {logging_mixin.py:188} INFO - [2024-04-05T07:48:05.237+0000] {dag.py:3047} INFO - Sync 1 DAGs
[2024-04-05T07:48:05.295+0000] {logging_mixin.py:188} INFO - [2024-04-05T07:48:05.294+0000] {dag.py:3834} INFO - Setting next_dagrun for spotify_to_s3_extraction to 2024-04-04 00:00:00+00:00, run_after=2024-04-05 00:00:00+00:00
[2024-04-05T07:48:05.345+0000] {processor.py:183} INFO - Processing /opt/airflow/dags/spotify_to_csvs_to_s3.py took 1.676 seconds
[2024-04-05T08:16:22.344+0000] {processor.py:161} INFO - Started process (PID=65492) to work on /opt/airflow/dags/spotify_to_csvs_to_s3.py
[2024-04-05T08:16:22.347+0000] {processor.py:830} INFO - Processing file /opt/airflow/dags/spotify_to_csvs_to_s3.py for tasks to queue
[2024-04-05T08:16:22.350+0000] {logging_mixin.py:188} INFO - [2024-04-05T08:16:22.349+0000] {dagbag.py:540} INFO - Filling up the DagBag from /opt/airflow/dags/spotify_to_csvs_to_s3.py
[2024-04-05T08:16:24.176+0000] {logging_mixin.py:188} INFO - Authenticating User...
[2024-04-05T08:16:24.185+0000] {logging_mixin.py:188} INFO - csv_data/albums_table.csv 
[2024-04-05T08:16:24.186+0000] {logging_mixin.py:188} INFO - albums_table.csv
[2024-04-05T08:16:24.188+0000] {logging_mixin.py:188} INFO - csv_data/artists_table.csv 
[2024-04-05T08:16:24.189+0000] {logging_mixin.py:188} INFO - artists_table.csv
[2024-04-05T08:16:24.191+0000] {logging_mixin.py:188} INFO - csv_data/track_table.csv 
[2024-04-05T08:16:24.191+0000] {logging_mixin.py:188} INFO - track_table.csv
[2024-04-05T08:16:24.196+0000] {processor.py:840} INFO - DAG(s) 'spotify_to_s3_extraction' retrieved from /opt/airflow/dags/spotify_to_csvs_to_s3.py
[2024-04-05T08:16:24.246+0000] {logging_mixin.py:188} INFO - [2024-04-05T08:16:24.245+0000] {dag.py:3047} INFO - Sync 1 DAGs
[2024-04-05T08:16:24.301+0000] {logging_mixin.py:188} INFO - [2024-04-05T08:16:24.300+0000] {dag.py:3834} INFO - Setting next_dagrun for spotify_to_s3_extraction to 2024-04-04 00:00:00+00:00, run_after=2024-04-05 00:00:00+00:00
[2024-04-05T08:16:24.352+0000] {processor.py:183} INFO - Processing /opt/airflow/dags/spotify_to_csvs_to_s3.py took 2.019 seconds
[2024-04-05T08:16:54.669+0000] {processor.py:161} INFO - Started process (PID=65504) to work on /opt/airflow/dags/spotify_to_csvs_to_s3.py
[2024-04-05T08:16:54.671+0000] {processor.py:830} INFO - Processing file /opt/airflow/dags/spotify_to_csvs_to_s3.py for tasks to queue
[2024-04-05T08:16:54.673+0000] {logging_mixin.py:188} INFO - [2024-04-05T08:16:54.672+0000] {dagbag.py:540} INFO - Filling up the DagBag from /opt/airflow/dags/spotify_to_csvs_to_s3.py
[2024-04-05T08:16:55.494+0000] {logging_mixin.py:188} INFO - Authenticating User...
[2024-04-05T08:16:55.500+0000] {logging_mixin.py:188} INFO - csv_data/albums_table.csv 
[2024-04-05T08:16:55.501+0000] {logging_mixin.py:188} INFO - albums_table.csv
[2024-04-05T08:16:55.501+0000] {logging_mixin.py:188} INFO - csv_data/artists_table.csv 
[2024-04-05T08:16:55.502+0000] {logging_mixin.py:188} INFO - artists_table.csv
[2024-04-05T08:16:55.503+0000] {logging_mixin.py:188} INFO - csv_data/track_table.csv 
[2024-04-05T08:16:55.504+0000] {logging_mixin.py:188} INFO - track_table.csv
[2024-04-05T08:16:55.506+0000] {processor.py:840} INFO - DAG(s) 'spotify_to_s3_extraction' retrieved from /opt/airflow/dags/spotify_to_csvs_to_s3.py
[2024-04-05T08:16:55.541+0000] {logging_mixin.py:188} INFO - [2024-04-05T08:16:55.540+0000] {dag.py:3047} INFO - Sync 1 DAGs
[2024-04-05T08:16:55.572+0000] {logging_mixin.py:188} INFO - [2024-04-05T08:16:55.571+0000] {dag.py:3834} INFO - Setting next_dagrun for spotify_to_s3_extraction to 2024-04-04 00:00:00+00:00, run_after=2024-04-05 00:00:00+00:00
[2024-04-05T08:16:55.601+0000] {processor.py:183} INFO - Processing /opt/airflow/dags/spotify_to_csvs_to_s3.py took 0.938 seconds
[2024-04-05T09:40:16.168+0000] {processor.py:161} INFO - Started process (PID=65516) to work on /opt/airflow/dags/spotify_to_csvs_to_s3.py
[2024-04-05T09:40:16.171+0000] {processor.py:830} INFO - Processing file /opt/airflow/dags/spotify_to_csvs_to_s3.py for tasks to queue
[2024-04-05T09:40:16.174+0000] {logging_mixin.py:188} INFO - [2024-04-05T09:40:16.173+0000] {dagbag.py:540} INFO - Filling up the DagBag from /opt/airflow/dags/spotify_to_csvs_to_s3.py
[2024-04-05T09:40:17.251+0000] {logging_mixin.py:188} INFO - Authenticating User...
[2024-04-05T09:40:17.258+0000] {logging_mixin.py:188} INFO - csv_data/albums_table.csv 
[2024-04-05T09:40:17.258+0000] {logging_mixin.py:188} INFO - albums_table.csv
[2024-04-05T09:40:17.259+0000] {logging_mixin.py:188} INFO - csv_data/artists_table.csv 
[2024-04-05T09:40:17.260+0000] {logging_mixin.py:188} INFO - artists_table.csv
[2024-04-05T09:40:17.261+0000] {logging_mixin.py:188} INFO - csv_data/track_table.csv 
[2024-04-05T09:40:17.261+0000] {logging_mixin.py:188} INFO - track_table.csv
[2024-04-05T09:40:17.265+0000] {processor.py:840} INFO - DAG(s) 'spotify_to_s3_extraction' retrieved from /opt/airflow/dags/spotify_to_csvs_to_s3.py
[2024-04-05T09:40:17.298+0000] {logging_mixin.py:188} INFO - [2024-04-05T09:40:17.298+0000] {dag.py:3047} INFO - Sync 1 DAGs
[2024-04-05T09:40:17.338+0000] {logging_mixin.py:188} INFO - [2024-04-05T09:40:17.337+0000] {dag.py:3834} INFO - Setting next_dagrun for spotify_to_s3_extraction to 2024-04-04 00:00:00+00:00, run_after=2024-04-05 00:00:00+00:00
[2024-04-05T09:40:17.382+0000] {processor.py:183} INFO - Processing /opt/airflow/dags/spotify_to_csvs_to_s3.py took 1.223 seconds
[2024-04-05T10:41:18.494+0000] {processor.py:161} INFO - Started process (PID=65527) to work on /opt/airflow/dags/spotify_to_csvs_to_s3.py
[2024-04-05T10:41:18.545+0000] {processor.py:830} INFO - Processing file /opt/airflow/dags/spotify_to_csvs_to_s3.py for tasks to queue
[2024-04-05T10:41:18.548+0000] {logging_mixin.py:188} INFO - [2024-04-05T10:41:18.547+0000] {dagbag.py:540} INFO - Filling up the DagBag from /opt/airflow/dags/spotify_to_csvs_to_s3.py
[2024-04-05T10:41:19.622+0000] {logging_mixin.py:188} INFO - Authenticating User...
[2024-04-05T10:41:19.628+0000] {logging_mixin.py:188} INFO - csv_data/albums_table.csv 
[2024-04-05T10:41:19.629+0000] {logging_mixin.py:188} INFO - albums_table.csv
[2024-04-05T10:41:19.629+0000] {logging_mixin.py:188} INFO - csv_data/artists_table.csv 
[2024-04-05T10:41:19.630+0000] {logging_mixin.py:188} INFO - artists_table.csv
[2024-04-05T10:41:19.631+0000] {logging_mixin.py:188} INFO - csv_data/track_table.csv 
[2024-04-05T10:41:19.632+0000] {logging_mixin.py:188} INFO - track_table.csv
[2024-04-05T10:41:19.634+0000] {processor.py:840} INFO - DAG(s) 'spotify_to_s3_extraction' retrieved from /opt/airflow/dags/spotify_to_csvs_to_s3.py
[2024-04-05T10:41:19.664+0000] {logging_mixin.py:188} INFO - [2024-04-05T10:41:19.663+0000] {dag.py:3047} INFO - Sync 1 DAGs
[2024-04-05T10:41:19.700+0000] {logging_mixin.py:188} INFO - [2024-04-05T10:41:19.699+0000] {dag.py:3834} INFO - Setting next_dagrun for spotify_to_s3_extraction to 2024-04-04 00:00:00+00:00, run_after=2024-04-05 00:00:00+00:00
[2024-04-05T10:41:19.727+0000] {processor.py:183} INFO - Processing /opt/airflow/dags/spotify_to_csvs_to_s3.py took 1.243 seconds
[2024-04-05T10:42:13.293+0000] {processor.py:161} INFO - Started process (PID=65539) to work on /opt/airflow/dags/spotify_to_csvs_to_s3.py
[2024-04-05T10:42:13.304+0000] {processor.py:830} INFO - Processing file /opt/airflow/dags/spotify_to_csvs_to_s3.py for tasks to queue
[2024-04-05T10:42:13.313+0000] {logging_mixin.py:188} INFO - [2024-04-05T10:42:13.311+0000] {dagbag.py:540} INFO - Filling up the DagBag from /opt/airflow/dags/spotify_to_csvs_to_s3.py
[2024-04-05T10:43:01.674+0000] {logging_mixin.py:188} INFO - [2024-04-05T10:43:01.671+0000] {timeout.py:68} ERROR - Process timed out, PID: 65539
[2024-04-05T10:58:52.298+0000] {processor.py:161} INFO - Started process (PID=65561) to work on /opt/airflow/dags/spotify_to_csvs_to_s3.py
[2024-04-05T10:58:52.304+0000] {processor.py:830} INFO - Processing file /opt/airflow/dags/spotify_to_csvs_to_s3.py for tasks to queue
[2024-04-05T10:58:52.307+0000] {logging_mixin.py:188} INFO - [2024-04-05T10:58:52.307+0000] {dagbag.py:540} INFO - Filling up the DagBag from /opt/airflow/dags/spotify_to_csvs_to_s3.py
[2024-04-05T10:58:53.185+0000] {logging_mixin.py:188} INFO - Authenticating User...
[2024-04-05T10:58:53.193+0000] {logging_mixin.py:188} INFO - csv_data/albums_table.csv 
[2024-04-05T10:58:53.194+0000] {logging_mixin.py:188} INFO - albums_table.csv
[2024-04-05T10:58:53.195+0000] {logging_mixin.py:188} INFO - csv_data/artists_table.csv 
[2024-04-05T10:58:53.196+0000] {logging_mixin.py:188} INFO - artists_table.csv
[2024-04-05T10:58:53.197+0000] {logging_mixin.py:188} INFO - csv_data/track_table.csv 
[2024-04-05T10:58:53.198+0000] {logging_mixin.py:188} INFO - track_table.csv
[2024-04-05T10:58:53.200+0000] {processor.py:840} INFO - DAG(s) 'spotify_to_s3_extraction' retrieved from /opt/airflow/dags/spotify_to_csvs_to_s3.py
[2024-04-05T10:58:53.381+0000] {logging_mixin.py:188} INFO - [2024-04-05T10:58:53.380+0000] {dag.py:3047} INFO - Sync 1 DAGs
[2024-04-05T10:58:53.414+0000] {logging_mixin.py:188} INFO - [2024-04-05T10:58:53.413+0000] {dag.py:3834} INFO - Setting next_dagrun for spotify_to_s3_extraction to 2024-04-04 00:00:00+00:00, run_after=2024-04-05 00:00:00+00:00
[2024-04-05T10:58:53.469+0000] {processor.py:183} INFO - Processing /opt/airflow/dags/spotify_to_csvs_to_s3.py took 1.183 seconds
[2024-04-05T10:59:43.669+0000] {processor.py:161} INFO - Started process (PID=65573) to work on /opt/airflow/dags/spotify_to_csvs_to_s3.py
[2024-04-05T11:14:47.771+0000] {processor.py:830} INFO - Processing file /opt/airflow/dags/spotify_to_csvs_to_s3.py for tasks to queue
[2024-04-05T11:14:47.910+0000] {logging_mixin.py:188} INFO - [2024-04-05T11:14:47.908+0000] {dagbag.py:540} INFO - Filling up the DagBag from /opt/airflow/dags/spotify_to_csvs_to_s3.py
[2024-04-05T11:17:03.295+0000] {processor.py:161} INFO - Started process (PID=65594) to work on /opt/airflow/dags/spotify_to_csvs_to_s3.py
[2024-04-05T11:17:03.298+0000] {processor.py:830} INFO - Processing file /opt/airflow/dags/spotify_to_csvs_to_s3.py for tasks to queue
[2024-04-05T11:17:03.300+0000] {logging_mixin.py:188} INFO - [2024-04-05T11:17:03.299+0000] {dagbag.py:540} INFO - Filling up the DagBag from /opt/airflow/dags/spotify_to_csvs_to_s3.py
[2024-04-05T11:17:04.461+0000] {logging_mixin.py:188} INFO - Authenticating User...
[2024-04-05T11:17:04.469+0000] {logging_mixin.py:188} INFO - csv_data/albums_table.csv 
[2024-04-05T11:17:04.471+0000] {logging_mixin.py:188} INFO - albums_table.csv
[2024-04-05T11:17:04.472+0000] {logging_mixin.py:188} INFO - csv_data/artists_table.csv 
[2024-04-05T11:17:04.473+0000] {logging_mixin.py:188} INFO - artists_table.csv
[2024-04-05T11:17:04.474+0000] {logging_mixin.py:188} INFO - csv_data/track_table.csv 
[2024-04-05T11:17:04.475+0000] {logging_mixin.py:188} INFO - track_table.csv
[2024-04-05T11:17:04.479+0000] {processor.py:840} INFO - DAG(s) 'spotify_to_s3_extraction' retrieved from /opt/airflow/dags/spotify_to_csvs_to_s3.py
[2024-04-05T11:17:04.679+0000] {logging_mixin.py:188} INFO - [2024-04-05T11:17:04.678+0000] {dag.py:3047} INFO - Sync 1 DAGs
[2024-04-05T11:17:04.725+0000] {logging_mixin.py:188} INFO - [2024-04-05T11:17:04.724+0000] {dag.py:3834} INFO - Setting next_dagrun for spotify_to_s3_extraction to 2024-04-04 00:00:00+00:00, run_after=2024-04-05 00:00:00+00:00
[2024-04-05T11:17:04.768+0000] {processor.py:183} INFO - Processing /opt/airflow/dags/spotify_to_csvs_to_s3.py took 1.481 seconds
[2024-04-05T11:33:31.259+0000] {processor.py:161} INFO - Started process (PID=65604) to work on /opt/airflow/dags/spotify_to_csvs_to_s3.py
[2024-04-05T11:33:31.264+0000] {processor.py:830} INFO - Processing file /opt/airflow/dags/spotify_to_csvs_to_s3.py for tasks to queue
[2024-04-05T11:33:31.271+0000] {logging_mixin.py:188} INFO - [2024-04-05T11:33:31.269+0000] {dagbag.py:540} INFO - Filling up the DagBag from /opt/airflow/dags/spotify_to_csvs_to_s3.py
[2024-04-05T11:33:34.630+0000] {logging_mixin.py:188} INFO - Authenticating User...
[2024-04-05T11:33:34.646+0000] {logging_mixin.py:188} INFO - csv_data/albums_table.csv 
[2024-04-05T11:33:34.647+0000] {logging_mixin.py:188} INFO - albums_table.csv
[2024-04-05T11:33:34.648+0000] {logging_mixin.py:188} INFO - csv_data/artists_table.csv 
[2024-04-05T11:33:34.649+0000] {logging_mixin.py:188} INFO - artists_table.csv
[2024-04-05T11:33:34.651+0000] {logging_mixin.py:188} INFO - csv_data/track_table.csv 
[2024-04-05T11:33:34.652+0000] {logging_mixin.py:188} INFO - track_table.csv
[2024-04-05T11:33:34.658+0000] {processor.py:840} INFO - DAG(s) 'spotify_to_s3_extraction' retrieved from /opt/airflow/dags/spotify_to_csvs_to_s3.py
[2024-04-05T11:33:34.737+0000] {logging_mixin.py:188} INFO - [2024-04-05T11:33:34.736+0000] {dag.py:3047} INFO - Sync 1 DAGs
[2024-04-05T11:33:34.814+0000] {logging_mixin.py:188} INFO - [2024-04-05T11:33:34.813+0000] {dag.py:3834} INFO - Setting next_dagrun for spotify_to_s3_extraction to 2024-04-04 00:00:00+00:00, run_after=2024-04-05 00:00:00+00:00
[2024-04-05T11:33:34.864+0000] {processor.py:183} INFO - Processing /opt/airflow/dags/spotify_to_csvs_to_s3.py took 3.702 seconds
[2024-04-05T11:34:05.415+0000] {processor.py:161} INFO - Started process (PID=65623) to work on /opt/airflow/dags/spotify_to_csvs_to_s3.py
[2024-04-05T11:34:05.417+0000] {processor.py:830} INFO - Processing file /opt/airflow/dags/spotify_to_csvs_to_s3.py for tasks to queue
[2024-04-05T11:34:05.419+0000] {logging_mixin.py:188} INFO - [2024-04-05T11:34:05.418+0000] {dagbag.py:540} INFO - Filling up the DagBag from /opt/airflow/dags/spotify_to_csvs_to_s3.py
[2024-04-05T11:34:06.184+0000] {logging_mixin.py:188} INFO - Authenticating User...
[2024-04-05T11:34:06.191+0000] {logging_mixin.py:188} INFO - csv_data/albums_table.csv 
[2024-04-05T11:34:06.193+0000] {logging_mixin.py:188} INFO - albums_table.csv
[2024-04-05T11:34:06.194+0000] {logging_mixin.py:188} INFO - csv_data/artists_table.csv 
[2024-04-05T11:34:06.195+0000] {logging_mixin.py:188} INFO - artists_table.csv
[2024-04-05T11:34:06.196+0000] {logging_mixin.py:188} INFO - csv_data/track_table.csv 
[2024-04-05T11:34:06.197+0000] {logging_mixin.py:188} INFO - track_table.csv
[2024-04-05T11:34:06.199+0000] {processor.py:840} INFO - DAG(s) 'spotify_to_s3_extraction' retrieved from /opt/airflow/dags/spotify_to_csvs_to_s3.py
[2024-04-05T11:34:06.231+0000] {logging_mixin.py:188} INFO - [2024-04-05T11:34:06.230+0000] {dag.py:3047} INFO - Sync 1 DAGs
[2024-04-05T11:34:06.266+0000] {logging_mixin.py:188} INFO - [2024-04-05T11:34:06.266+0000] {dag.py:3834} INFO - Setting next_dagrun for spotify_to_s3_extraction to 2024-04-04 00:00:00+00:00, run_after=2024-04-05 00:00:00+00:00
[2024-04-05T11:34:06.296+0000] {processor.py:183} INFO - Processing /opt/airflow/dags/spotify_to_csvs_to_s3.py took 0.886 seconds
[2024-04-05T11:35:21.574+0000] {processor.py:161} INFO - Started process (PID=65629) to work on /opt/airflow/dags/spotify_to_csvs_to_s3.py
[2024-04-05T11:35:21.577+0000] {processor.py:830} INFO - Processing file /opt/airflow/dags/spotify_to_csvs_to_s3.py for tasks to queue
[2024-04-05T11:35:21.579+0000] {logging_mixin.py:188} INFO - [2024-04-05T11:35:21.579+0000] {dagbag.py:540} INFO - Filling up the DagBag from /opt/airflow/dags/spotify_to_csvs_to_s3.py
[2024-04-05T11:35:22.410+0000] {logging_mixin.py:188} INFO - Authenticating User...
[2024-04-05T11:35:22.421+0000] {logging_mixin.py:188} INFO - csv_data/albums_table.csv 
[2024-04-05T11:35:22.422+0000] {logging_mixin.py:188} INFO - albums_table.csv
[2024-04-05T11:35:22.423+0000] {logging_mixin.py:188} INFO - csv_data/artists_table.csv 
[2024-04-05T11:35:22.424+0000] {logging_mixin.py:188} INFO - artists_table.csv
[2024-04-05T11:35:22.425+0000] {logging_mixin.py:188} INFO - csv_data/track_table.csv 
[2024-04-05T11:35:22.426+0000] {logging_mixin.py:188} INFO - track_table.csv
[2024-04-05T11:35:22.430+0000] {processor.py:840} INFO - DAG(s) 'spotify_to_s3_extraction' retrieved from /opt/airflow/dags/spotify_to_csvs_to_s3.py
[2024-04-05T11:35:22.477+0000] {logging_mixin.py:188} INFO - [2024-04-05T11:35:22.476+0000] {dag.py:3047} INFO - Sync 1 DAGs
[2024-04-05T11:35:22.523+0000] {logging_mixin.py:188} INFO - [2024-04-05T11:35:22.523+0000] {dag.py:3834} INFO - Setting next_dagrun for spotify_to_s3_extraction to 2024-04-04 00:00:00+00:00, run_after=2024-04-05 00:00:00+00:00
[2024-04-05T11:35:22.564+0000] {processor.py:183} INFO - Processing /opt/airflow/dags/spotify_to_csvs_to_s3.py took 1.004 seconds
[2024-04-05T11:41:47.624+0000] {processor.py:161} INFO - Started process (PID=65647) to work on /opt/airflow/dags/spotify_to_csvs_to_s3.py
[2024-04-05T11:41:47.628+0000] {processor.py:830} INFO - Processing file /opt/airflow/dags/spotify_to_csvs_to_s3.py for tasks to queue
[2024-04-05T11:41:47.631+0000] {logging_mixin.py:188} INFO - [2024-04-05T11:41:47.631+0000] {dagbag.py:540} INFO - Filling up the DagBag from /opt/airflow/dags/spotify_to_csvs_to_s3.py
[2024-04-05T11:41:48.534+0000] {logging_mixin.py:188} INFO - Authenticating User...
[2024-04-05T11:41:48.543+0000] {logging_mixin.py:188} INFO - csv_data/albums_table.csv 
[2024-04-05T11:41:48.544+0000] {logging_mixin.py:188} INFO - albums_table.csv
[2024-04-05T11:41:48.545+0000] {logging_mixin.py:188} INFO - csv_data/artists_table.csv 
[2024-04-05T11:41:48.546+0000] {logging_mixin.py:188} INFO - artists_table.csv
[2024-04-05T11:41:48.547+0000] {logging_mixin.py:188} INFO - csv_data/track_table.csv 
[2024-04-05T11:41:48.548+0000] {logging_mixin.py:188} INFO - track_table.csv
[2024-04-05T11:41:48.551+0000] {processor.py:840} INFO - DAG(s) 'spotify_to_s3_extraction' retrieved from /opt/airflow/dags/spotify_to_csvs_to_s3.py
[2024-04-05T11:41:48.600+0000] {logging_mixin.py:188} INFO - [2024-04-05T11:41:48.599+0000] {dag.py:3047} INFO - Sync 1 DAGs
[2024-04-05T11:41:48.652+0000] {logging_mixin.py:188} INFO - [2024-04-05T11:41:48.652+0000] {dag.py:3834} INFO - Setting next_dagrun for spotify_to_s3_extraction to 2024-04-04 00:00:00+00:00, run_after=2024-04-05 00:00:00+00:00
[2024-04-05T11:41:48.699+0000] {processor.py:183} INFO - Processing /opt/airflow/dags/spotify_to_csvs_to_s3.py took 1.084 seconds
[2024-04-05T12:36:09.347+0000] {processor.py:161} INFO - Started process (PID=65659) to work on /opt/airflow/dags/spotify_to_csvs_to_s3.py
[2024-04-05T12:36:09.351+0000] {processor.py:830} INFO - Processing file /opt/airflow/dags/spotify_to_csvs_to_s3.py for tasks to queue
[2024-04-05T12:36:09.354+0000] {logging_mixin.py:188} INFO - [2024-04-05T12:36:09.353+0000] {dagbag.py:540} INFO - Filling up the DagBag from /opt/airflow/dags/spotify_to_csvs_to_s3.py
[2024-04-05T12:36:10.469+0000] {logging_mixin.py:188} INFO - Authenticating User...
[2024-04-05T12:36:10.478+0000] {logging_mixin.py:188} INFO - csv_data/albums_table.csv 
[2024-04-05T12:36:10.478+0000] {logging_mixin.py:188} INFO - albums_table.csv
[2024-04-05T12:36:10.479+0000] {logging_mixin.py:188} INFO - csv_data/artists_table.csv 
[2024-04-05T12:36:10.480+0000] {logging_mixin.py:188} INFO - artists_table.csv
[2024-04-05T12:36:10.481+0000] {logging_mixin.py:188} INFO - csv_data/track_table.csv 
[2024-04-05T12:36:10.481+0000] {logging_mixin.py:188} INFO - track_table.csv
[2024-04-05T12:36:10.484+0000] {processor.py:840} INFO - DAG(s) 'spotify_to_s3_extraction' retrieved from /opt/airflow/dags/spotify_to_csvs_to_s3.py
[2024-04-05T12:36:10.527+0000] {logging_mixin.py:188} INFO - [2024-04-05T12:36:10.526+0000] {dag.py:3047} INFO - Sync 1 DAGs
[2024-04-05T12:36:10.567+0000] {logging_mixin.py:188} INFO - [2024-04-05T12:36:10.567+0000] {dag.py:3834} INFO - Setting next_dagrun for spotify_to_s3_extraction to 2024-04-04 00:00:00+00:00, run_after=2024-04-05 00:00:00+00:00
[2024-04-05T12:36:10.599+0000] {processor.py:183} INFO - Processing /opt/airflow/dags/spotify_to_csvs_to_s3.py took 1.270 seconds
[2024-04-05T13:44:02.506+0000] {processor.py:161} INFO - Started process (PID=65665) to work on /opt/airflow/dags/spotify_to_csvs_to_s3.py
[2024-04-05T13:44:02.509+0000] {processor.py:830} INFO - Processing file /opt/airflow/dags/spotify_to_csvs_to_s3.py for tasks to queue
[2024-04-05T13:44:02.511+0000] {logging_mixin.py:188} INFO - [2024-04-05T13:44:02.510+0000] {dagbag.py:540} INFO - Filling up the DagBag from /opt/airflow/dags/spotify_to_csvs_to_s3.py
[2024-04-05T13:44:03.177+0000] {logging_mixin.py:188} INFO - Authenticating User...
[2024-04-05T13:44:03.187+0000] {logging_mixin.py:188} INFO - csv_data/albums_table.csv 
[2024-04-05T13:44:03.188+0000] {logging_mixin.py:188} INFO - albums_table.csv
[2024-04-05T13:44:03.189+0000] {logging_mixin.py:188} INFO - csv_data/artists_table.csv 
[2024-04-05T13:44:03.190+0000] {logging_mixin.py:188} INFO - artists_table.csv
[2024-04-05T13:44:03.191+0000] {logging_mixin.py:188} INFO - csv_data/track_table.csv 
[2024-04-05T13:44:03.191+0000] {logging_mixin.py:188} INFO - track_table.csv
[2024-04-05T13:44:03.196+0000] {processor.py:840} INFO - DAG(s) 'spotify_to_s3_extraction' retrieved from /opt/airflow/dags/spotify_to_csvs_to_s3.py
[2024-04-05T13:44:03.249+0000] {logging_mixin.py:188} INFO - [2024-04-05T13:44:03.248+0000] {dag.py:3047} INFO - Sync 1 DAGs
[2024-04-05T13:44:03.296+0000] {logging_mixin.py:188} INFO - [2024-04-05T13:44:03.295+0000] {dag.py:3834} INFO - Setting next_dagrun for spotify_to_s3_extraction to 2024-04-04 00:00:00+00:00, run_after=2024-04-05 00:00:00+00:00
[2024-04-05T13:44:03.330+0000] {processor.py:183} INFO - Processing /opt/airflow/dags/spotify_to_csvs_to_s3.py took 0.833 seconds
[2024-04-05T14:13:52.718+0000] {processor.py:161} INFO - Started process (PID=65676) to work on /opt/airflow/dags/spotify_to_csvs_to_s3.py
[2024-04-05T14:13:52.722+0000] {processor.py:830} INFO - Processing file /opt/airflow/dags/spotify_to_csvs_to_s3.py for tasks to queue
[2024-04-05T14:13:52.725+0000] {logging_mixin.py:188} INFO - [2024-04-05T14:13:52.724+0000] {dagbag.py:540} INFO - Filling up the DagBag from /opt/airflow/dags/spotify_to_csvs_to_s3.py
[2024-04-05T14:13:53.685+0000] {logging_mixin.py:188} INFO - Authenticating User...
[2024-04-05T14:13:53.697+0000] {logging_mixin.py:188} INFO - csv_data/albums_table.csv 
[2024-04-05T14:13:53.698+0000] {logging_mixin.py:188} INFO - albums_table.csv
[2024-04-05T14:13:53.699+0000] {logging_mixin.py:188} INFO - csv_data/artists_table.csv 
[2024-04-05T14:13:53.700+0000] {logging_mixin.py:188} INFO - artists_table.csv
[2024-04-05T14:13:53.701+0000] {logging_mixin.py:188} INFO - csv_data/track_table.csv 
[2024-04-05T14:13:53.702+0000] {logging_mixin.py:188} INFO - track_table.csv
[2024-04-05T14:13:53.707+0000] {processor.py:840} INFO - DAG(s) 'spotify_to_s3_extraction' retrieved from /opt/airflow/dags/spotify_to_csvs_to_s3.py
[2024-04-05T14:13:53.766+0000] {logging_mixin.py:188} INFO - [2024-04-05T14:13:53.765+0000] {dag.py:3047} INFO - Sync 1 DAGs
[2024-04-05T14:13:53.829+0000] {logging_mixin.py:188} INFO - [2024-04-05T14:13:53.828+0000] {dag.py:3834} INFO - Setting next_dagrun for spotify_to_s3_extraction to 2024-04-04 00:00:00+00:00, run_after=2024-04-05 00:00:00+00:00
[2024-04-05T14:13:53.874+0000] {processor.py:183} INFO - Processing /opt/airflow/dags/spotify_to_csvs_to_s3.py took 1.165 seconds
[2024-04-05T14:45:12.532+0000] {processor.py:161} INFO - Started process (PID=65688) to work on /opt/airflow/dags/spotify_to_csvs_to_s3.py
[2024-04-05T14:45:12.538+0000] {processor.py:830} INFO - Processing file /opt/airflow/dags/spotify_to_csvs_to_s3.py for tasks to queue
[2024-04-05T14:45:12.544+0000] {logging_mixin.py:188} INFO - [2024-04-05T14:45:12.543+0000] {dagbag.py:540} INFO - Filling up the DagBag from /opt/airflow/dags/spotify_to_csvs_to_s3.py
[2024-04-05T14:45:13.708+0000] {logging_mixin.py:188} INFO - Authenticating User...
[2024-04-05T14:45:13.721+0000] {logging_mixin.py:188} INFO - csv_data/albums_table.csv 
[2024-04-05T14:45:13.722+0000] {logging_mixin.py:188} INFO - albums_table.csv
[2024-04-05T14:45:13.723+0000] {logging_mixin.py:188} INFO - csv_data/artists_table.csv 
[2024-04-05T14:45:13.724+0000] {logging_mixin.py:188} INFO - artists_table.csv
[2024-04-05T14:45:13.725+0000] {logging_mixin.py:188} INFO - csv_data/track_table.csv 
[2024-04-05T14:45:13.726+0000] {logging_mixin.py:188} INFO - track_table.csv
[2024-04-05T14:45:13.732+0000] {processor.py:840} INFO - DAG(s) 'spotify_to_s3_extraction' retrieved from /opt/airflow/dags/spotify_to_csvs_to_s3.py
[2024-04-05T14:45:13.781+0000] {logging_mixin.py:188} INFO - [2024-04-05T14:45:13.780+0000] {dag.py:3047} INFO - Sync 1 DAGs
[2024-04-05T14:45:13.833+0000] {logging_mixin.py:188} INFO - [2024-04-05T14:45:13.833+0000] {dag.py:3834} INFO - Setting next_dagrun for spotify_to_s3_extraction to 2024-04-04 00:00:00+00:00, run_after=2024-04-05 00:00:00+00:00
[2024-04-05T14:45:13.876+0000] {processor.py:183} INFO - Processing /opt/airflow/dags/spotify_to_csvs_to_s3.py took 1.354 seconds
[2024-04-05T15:00:52.786+0000] {processor.py:161} INFO - Started process (PID=65700) to work on /opt/airflow/dags/spotify_to_csvs_to_s3.py
[2024-04-05T15:00:52.790+0000] {processor.py:830} INFO - Processing file /opt/airflow/dags/spotify_to_csvs_to_s3.py for tasks to queue
[2024-04-05T15:00:52.793+0000] {logging_mixin.py:188} INFO - [2024-04-05T15:00:52.792+0000] {dagbag.py:540} INFO - Filling up the DagBag from /opt/airflow/dags/spotify_to_csvs_to_s3.py
[2024-04-05T15:00:53.954+0000] {logging_mixin.py:188} INFO - Authenticating User...
[2024-04-05T15:00:53.968+0000] {logging_mixin.py:188} INFO - csv_data/albums_table.csv 
[2024-04-05T15:00:53.969+0000] {logging_mixin.py:188} INFO - albums_table.csv
[2024-04-05T15:00:53.971+0000] {logging_mixin.py:188} INFO - csv_data/artists_table.csv 
[2024-04-05T15:00:53.972+0000] {logging_mixin.py:188} INFO - artists_table.csv
[2024-04-05T15:00:53.973+0000] {logging_mixin.py:188} INFO - csv_data/track_table.csv 
[2024-04-05T15:00:53.974+0000] {logging_mixin.py:188} INFO - track_table.csv
[2024-04-05T15:00:53.978+0000] {processor.py:840} INFO - DAG(s) 'spotify_to_s3_extraction' retrieved from /opt/airflow/dags/spotify_to_csvs_to_s3.py
[2024-04-05T15:00:54.036+0000] {logging_mixin.py:188} INFO - [2024-04-05T15:00:54.034+0000] {dag.py:3047} INFO - Sync 1 DAGs
[2024-04-05T15:00:54.099+0000] {logging_mixin.py:188} INFO - [2024-04-05T15:00:54.099+0000] {dag.py:3834} INFO - Setting next_dagrun for spotify_to_s3_extraction to 2024-04-04 00:00:00+00:00, run_after=2024-04-05 00:00:00+00:00
[2024-04-05T15:00:54.151+0000] {processor.py:183} INFO - Processing /opt/airflow/dags/spotify_to_csvs_to_s3.py took 1.374 seconds
[2024-04-05T15:16:30.057+0000] {processor.py:161} INFO - Started process (PID=65712) to work on /opt/airflow/dags/spotify_to_csvs_to_s3.py
[2024-04-05T15:16:30.060+0000] {processor.py:830} INFO - Processing file /opt/airflow/dags/spotify_to_csvs_to_s3.py for tasks to queue
[2024-04-05T15:16:30.063+0000] {logging_mixin.py:188} INFO - [2024-04-05T15:16:30.062+0000] {dagbag.py:540} INFO - Filling up the DagBag from /opt/airflow/dags/spotify_to_csvs_to_s3.py
[2024-04-05T15:16:31.198+0000] {logging_mixin.py:188} INFO - Authenticating User...
[2024-04-05T15:16:31.212+0000] {logging_mixin.py:188} INFO - csv_data/albums_table.csv 
[2024-04-05T15:16:31.213+0000] {logging_mixin.py:188} INFO - albums_table.csv
[2024-04-05T15:16:31.214+0000] {logging_mixin.py:188} INFO - csv_data/artists_table.csv 
[2024-04-05T15:16:31.215+0000] {logging_mixin.py:188} INFO - artists_table.csv
[2024-04-05T15:16:31.216+0000] {logging_mixin.py:188} INFO - csv_data/track_table.csv 
[2024-04-05T15:16:31.217+0000] {logging_mixin.py:188} INFO - track_table.csv
[2024-04-05T15:16:31.221+0000] {processor.py:840} INFO - DAG(s) 'spotify_to_s3_extraction' retrieved from /opt/airflow/dags/spotify_to_csvs_to_s3.py
[2024-04-05T15:16:31.285+0000] {logging_mixin.py:188} INFO - [2024-04-05T15:16:31.284+0000] {dag.py:3047} INFO - Sync 1 DAGs
[2024-04-05T15:16:31.385+0000] {logging_mixin.py:188} INFO - [2024-04-05T15:16:31.385+0000] {dag.py:3834} INFO - Setting next_dagrun for spotify_to_s3_extraction to 2024-04-04 00:00:00+00:00, run_after=2024-04-05 00:00:00+00:00
[2024-04-05T15:16:31.449+0000] {processor.py:183} INFO - Processing /opt/airflow/dags/spotify_to_csvs_to_s3.py took 1.399 seconds
[2024-04-05T15:32:08.281+0000] {processor.py:161} INFO - Started process (PID=65729) to work on /opt/airflow/dags/spotify_to_csvs_to_s3.py
[2024-04-05T15:32:08.284+0000] {processor.py:830} INFO - Processing file /opt/airflow/dags/spotify_to_csvs_to_s3.py for tasks to queue
[2024-04-05T15:32:08.286+0000] {logging_mixin.py:188} INFO - [2024-04-05T15:32:08.286+0000] {dagbag.py:540} INFO - Filling up the DagBag from /opt/airflow/dags/spotify_to_csvs_to_s3.py
[2024-04-05T15:32:08.965+0000] {logging_mixin.py:188} INFO - Authenticating User...
[2024-04-05T15:32:08.977+0000] {logging_mixin.py:188} INFO - csv_data/albums_table.csv 
[2024-04-05T15:32:08.978+0000] {logging_mixin.py:188} INFO - albums_table.csv
[2024-04-05T15:32:08.978+0000] {logging_mixin.py:188} INFO - csv_data/artists_table.csv 
[2024-04-05T15:32:08.979+0000] {logging_mixin.py:188} INFO - artists_table.csv
[2024-04-05T15:32:08.980+0000] {logging_mixin.py:188} INFO - csv_data/track_table.csv 
[2024-04-05T15:32:08.981+0000] {logging_mixin.py:188} INFO - track_table.csv
[2024-04-05T15:32:08.985+0000] {processor.py:840} INFO - DAG(s) 'spotify_to_s3_extraction' retrieved from /opt/airflow/dags/spotify_to_csvs_to_s3.py
[2024-04-05T15:32:09.037+0000] {logging_mixin.py:188} INFO - [2024-04-05T15:32:09.036+0000] {dag.py:3047} INFO - Sync 1 DAGs
[2024-04-05T15:32:09.097+0000] {logging_mixin.py:188} INFO - [2024-04-05T15:32:09.096+0000] {dag.py:3834} INFO - Setting next_dagrun for spotify_to_s3_extraction to 2024-04-04 00:00:00+00:00, run_after=2024-04-05 00:00:00+00:00
[2024-04-05T15:32:09.134+0000] {processor.py:183} INFO - Processing /opt/airflow/dags/spotify_to_csvs_to_s3.py took 0.863 seconds
[2024-04-05T15:46:20.814+0000] {processor.py:161} INFO - Started process (PID=65741) to work on /opt/airflow/dags/spotify_to_csvs_to_s3.py
[2024-04-05T15:46:20.817+0000] {processor.py:830} INFO - Processing file /opt/airflow/dags/spotify_to_csvs_to_s3.py for tasks to queue
[2024-04-05T15:46:20.819+0000] {logging_mixin.py:188} INFO - [2024-04-05T15:46:20.818+0000] {dagbag.py:540} INFO - Filling up the DagBag from /opt/airflow/dags/spotify_to_csvs_to_s3.py
[2024-04-05T15:46:21.593+0000] {logging_mixin.py:188} INFO - Authenticating User...
[2024-04-05T15:46:21.604+0000] {logging_mixin.py:188} INFO - csv_data/albums_table.csv 
[2024-04-05T15:46:21.605+0000] {logging_mixin.py:188} INFO - albums_table.csv
[2024-04-05T15:46:21.606+0000] {logging_mixin.py:188} INFO - csv_data/artists_table.csv 
[2024-04-05T15:46:21.607+0000] {logging_mixin.py:188} INFO - artists_table.csv
[2024-04-05T15:46:21.608+0000] {logging_mixin.py:188} INFO - csv_data/track_table.csv 
[2024-04-05T15:46:21.609+0000] {logging_mixin.py:188} INFO - track_table.csv
[2024-04-05T15:46:21.614+0000] {processor.py:840} INFO - DAG(s) 'spotify_to_s3_extraction' retrieved from /opt/airflow/dags/spotify_to_csvs_to_s3.py
[2024-04-05T15:46:21.667+0000] {logging_mixin.py:188} INFO - [2024-04-05T15:46:21.666+0000] {dag.py:3047} INFO - Sync 1 DAGs
[2024-04-05T15:46:21.723+0000] {logging_mixin.py:188} INFO - [2024-04-05T15:46:21.722+0000] {dag.py:3834} INFO - Setting next_dagrun for spotify_to_s3_extraction to 2024-04-04 00:00:00+00:00, run_after=2024-04-05 00:00:00+00:00
[2024-04-05T15:46:21.770+0000] {processor.py:183} INFO - Processing /opt/airflow/dags/spotify_to_csvs_to_s3.py took 0.965 seconds
[2024-04-05T16:02:02.976+0000] {processor.py:161} INFO - Started process (PID=65753) to work on /opt/airflow/dags/spotify_to_csvs_to_s3.py
[2024-04-05T16:02:02.979+0000] {processor.py:830} INFO - Processing file /opt/airflow/dags/spotify_to_csvs_to_s3.py for tasks to queue
[2024-04-05T16:02:02.983+0000] {logging_mixin.py:188} INFO - [2024-04-05T16:02:02.982+0000] {dagbag.py:540} INFO - Filling up the DagBag from /opt/airflow/dags/spotify_to_csvs_to_s3.py
[2024-04-05T16:02:03.774+0000] {logging_mixin.py:188} INFO - Authenticating User...
[2024-04-05T16:02:03.784+0000] {logging_mixin.py:188} INFO - csv_data/albums_table.csv 
[2024-04-05T16:02:03.785+0000] {logging_mixin.py:188} INFO - albums_table.csv
[2024-04-05T16:02:03.786+0000] {logging_mixin.py:188} INFO - csv_data/artists_table.csv 
[2024-04-05T16:02:03.787+0000] {logging_mixin.py:188} INFO - artists_table.csv
[2024-04-05T16:02:03.787+0000] {logging_mixin.py:188} INFO - csv_data/track_table.csv 
[2024-04-05T16:02:03.788+0000] {logging_mixin.py:188} INFO - track_table.csv
[2024-04-05T16:02:03.791+0000] {processor.py:840} INFO - DAG(s) 'spotify_to_s3_extraction' retrieved from /opt/airflow/dags/spotify_to_csvs_to_s3.py
[2024-04-05T16:02:03.856+0000] {logging_mixin.py:188} INFO - [2024-04-05T16:02:03.854+0000] {dag.py:3047} INFO - Sync 1 DAGs
[2024-04-05T16:02:03.912+0000] {logging_mixin.py:188} INFO - [2024-04-05T16:02:03.912+0000] {dag.py:3834} INFO - Setting next_dagrun for spotify_to_s3_extraction to 2024-04-04 00:00:00+00:00, run_after=2024-04-05 00:00:00+00:00
[2024-04-05T16:02:03.950+0000] {processor.py:183} INFO - Processing /opt/airflow/dags/spotify_to_csvs_to_s3.py took 0.983 seconds
[2024-04-05T16:17:40.286+0000] {processor.py:161} INFO - Started process (PID=65765) to work on /opt/airflow/dags/spotify_to_csvs_to_s3.py
[2024-04-05T16:17:40.289+0000] {processor.py:830} INFO - Processing file /opt/airflow/dags/spotify_to_csvs_to_s3.py for tasks to queue
[2024-04-05T16:17:40.292+0000] {logging_mixin.py:188} INFO - [2024-04-05T16:17:40.291+0000] {dagbag.py:540} INFO - Filling up the DagBag from /opt/airflow/dags/spotify_to_csvs_to_s3.py
[2024-04-05T16:17:41.032+0000] {logging_mixin.py:188} INFO - Authenticating User...
[2024-04-05T16:17:41.040+0000] {logging_mixin.py:188} INFO - csv_data/albums_table.csv 
[2024-04-05T16:17:41.041+0000] {logging_mixin.py:188} INFO - albums_table.csv
[2024-04-05T16:17:41.042+0000] {logging_mixin.py:188} INFO - csv_data/artists_table.csv 
[2024-04-05T16:17:41.043+0000] {logging_mixin.py:188} INFO - artists_table.csv
[2024-04-05T16:17:41.044+0000] {logging_mixin.py:188} INFO - csv_data/track_table.csv 
[2024-04-05T16:17:41.044+0000] {logging_mixin.py:188} INFO - track_table.csv
[2024-04-05T16:17:41.048+0000] {processor.py:840} INFO - DAG(s) 'spotify_to_s3_extraction' retrieved from /opt/airflow/dags/spotify_to_csvs_to_s3.py
[2024-04-05T16:17:41.091+0000] {logging_mixin.py:188} INFO - [2024-04-05T16:17:41.090+0000] {dag.py:3047} INFO - Sync 1 DAGs
[2024-04-05T16:17:41.131+0000] {logging_mixin.py:188} INFO - [2024-04-05T16:17:41.130+0000] {dag.py:3834} INFO - Setting next_dagrun for spotify_to_s3_extraction to 2024-04-04 00:00:00+00:00, run_after=2024-04-05 00:00:00+00:00
[2024-04-05T16:17:41.162+0000] {processor.py:183} INFO - Processing /opt/airflow/dags/spotify_to_csvs_to_s3.py took 0.885 seconds
[2024-04-05T16:33:20.283+0000] {processor.py:161} INFO - Started process (PID=65777) to work on /opt/airflow/dags/spotify_to_csvs_to_s3.py
[2024-04-05T16:33:20.285+0000] {processor.py:830} INFO - Processing file /opt/airflow/dags/spotify_to_csvs_to_s3.py for tasks to queue
[2024-04-05T16:33:20.287+0000] {logging_mixin.py:188} INFO - [2024-04-05T16:33:20.287+0000] {dagbag.py:540} INFO - Filling up the DagBag from /opt/airflow/dags/spotify_to_csvs_to_s3.py
[2024-04-05T16:33:21.055+0000] {logging_mixin.py:188} INFO - Authenticating User...
[2024-04-05T16:33:21.063+0000] {logging_mixin.py:188} INFO - csv_data/albums_table.csv 
[2024-04-05T16:33:21.064+0000] {logging_mixin.py:188} INFO - albums_table.csv
[2024-04-05T16:33:21.065+0000] {logging_mixin.py:188} INFO - csv_data/artists_table.csv 
[2024-04-05T16:33:21.066+0000] {logging_mixin.py:188} INFO - artists_table.csv
[2024-04-05T16:33:21.066+0000] {logging_mixin.py:188} INFO - csv_data/track_table.csv 
[2024-04-05T16:33:21.067+0000] {logging_mixin.py:188} INFO - track_table.csv
[2024-04-05T16:33:21.070+0000] {processor.py:840} INFO - DAG(s) 'spotify_to_s3_extraction' retrieved from /opt/airflow/dags/spotify_to_csvs_to_s3.py
[2024-04-05T16:33:21.111+0000] {logging_mixin.py:188} INFO - [2024-04-05T16:33:21.110+0000] {dag.py:3047} INFO - Sync 1 DAGs
[2024-04-05T16:33:21.153+0000] {logging_mixin.py:188} INFO - [2024-04-05T16:33:21.152+0000] {dag.py:3834} INFO - Setting next_dagrun for spotify_to_s3_extraction to 2024-04-04 00:00:00+00:00, run_after=2024-04-05 00:00:00+00:00
[2024-04-05T16:33:21.187+0000] {processor.py:183} INFO - Processing /opt/airflow/dags/spotify_to_csvs_to_s3.py took 0.912 seconds
[2024-04-05T16:47:30.524+0000] {processor.py:161} INFO - Started process (PID=65790) to work on /opt/airflow/dags/spotify_to_csvs_to_s3.py
[2024-04-05T16:47:30.527+0000] {processor.py:830} INFO - Processing file /opt/airflow/dags/spotify_to_csvs_to_s3.py for tasks to queue
[2024-04-05T16:47:30.529+0000] {logging_mixin.py:188} INFO - [2024-04-05T16:47:30.529+0000] {dagbag.py:540} INFO - Filling up the DagBag from /opt/airflow/dags/spotify_to_csvs_to_s3.py
[2024-04-05T16:47:31.345+0000] {logging_mixin.py:188} INFO - Authenticating User...
[2024-04-05T16:47:31.354+0000] {logging_mixin.py:188} INFO - csv_data/albums_table.csv 
[2024-04-05T16:47:31.356+0000] {logging_mixin.py:188} INFO - albums_table.csv
[2024-04-05T16:47:31.357+0000] {logging_mixin.py:188} INFO - csv_data/artists_table.csv 
[2024-04-05T16:47:31.358+0000] {logging_mixin.py:188} INFO - artists_table.csv
[2024-04-05T16:47:31.358+0000] {logging_mixin.py:188} INFO - csv_data/track_table.csv 
[2024-04-05T16:47:31.359+0000] {logging_mixin.py:188} INFO - track_table.csv
[2024-04-05T16:47:31.362+0000] {processor.py:840} INFO - DAG(s) 'spotify_to_s3_extraction' retrieved from /opt/airflow/dags/spotify_to_csvs_to_s3.py
[2024-04-05T16:47:31.418+0000] {logging_mixin.py:188} INFO - [2024-04-05T16:47:31.417+0000] {dag.py:3047} INFO - Sync 1 DAGs
[2024-04-05T16:47:31.469+0000] {logging_mixin.py:188} INFO - [2024-04-05T16:47:31.468+0000] {dag.py:3834} INFO - Setting next_dagrun for spotify_to_s3_extraction to 2024-04-04 00:00:00+00:00, run_after=2024-04-05 00:00:00+00:00
[2024-04-05T16:47:31.511+0000] {processor.py:183} INFO - Processing /opt/airflow/dags/spotify_to_csvs_to_s3.py took 0.995 seconds
[2024-04-05T17:03:08.277+0000] {processor.py:161} INFO - Started process (PID=65803) to work on /opt/airflow/dags/spotify_to_csvs_to_s3.py
[2024-04-05T17:03:08.280+0000] {processor.py:830} INFO - Processing file /opt/airflow/dags/spotify_to_csvs_to_s3.py for tasks to queue
[2024-04-05T17:03:08.283+0000] {logging_mixin.py:188} INFO - [2024-04-05T17:03:08.282+0000] {dagbag.py:540} INFO - Filling up the DagBag from /opt/airflow/dags/spotify_to_csvs_to_s3.py
[2024-04-05T17:03:09.283+0000] {logging_mixin.py:188} INFO - Authenticating User...
[2024-04-05T17:03:09.294+0000] {logging_mixin.py:188} INFO - csv_data/albums_table.csv 
[2024-04-05T17:03:09.295+0000] {logging_mixin.py:188} INFO - albums_table.csv
[2024-04-05T17:03:09.296+0000] {logging_mixin.py:188} INFO - csv_data/artists_table.csv 
[2024-04-05T17:03:09.296+0000] {logging_mixin.py:188} INFO - artists_table.csv
[2024-04-05T17:03:09.297+0000] {logging_mixin.py:188} INFO - csv_data/track_table.csv 
[2024-04-05T17:03:09.298+0000] {logging_mixin.py:188} INFO - track_table.csv
[2024-04-05T17:03:09.301+0000] {processor.py:840} INFO - DAG(s) 'spotify_to_s3_extraction' retrieved from /opt/airflow/dags/spotify_to_csvs_to_s3.py
[2024-04-05T17:03:09.339+0000] {logging_mixin.py:188} INFO - [2024-04-05T17:03:09.338+0000] {dag.py:3047} INFO - Sync 1 DAGs
[2024-04-05T17:03:09.389+0000] {logging_mixin.py:188} INFO - [2024-04-05T17:03:09.389+0000] {dag.py:3834} INFO - Setting next_dagrun for spotify_to_s3_extraction to 2024-04-04 00:00:00+00:00, run_after=2024-04-05 00:00:00+00:00
[2024-04-05T17:03:09.429+0000] {processor.py:183} INFO - Processing /opt/airflow/dags/spotify_to_csvs_to_s3.py took 1.160 seconds
[2024-04-05T17:18:43.910+0000] {processor.py:161} INFO - Started process (PID=65816) to work on /opt/airflow/dags/spotify_to_csvs_to_s3.py
[2024-04-05T17:18:43.913+0000] {processor.py:830} INFO - Processing file /opt/airflow/dags/spotify_to_csvs_to_s3.py for tasks to queue
[2024-04-05T17:18:43.916+0000] {logging_mixin.py:188} INFO - [2024-04-05T17:18:43.916+0000] {dagbag.py:540} INFO - Filling up the DagBag from /opt/airflow/dags/spotify_to_csvs_to_s3.py
[2024-04-05T17:18:44.788+0000] {logging_mixin.py:188} INFO - Authenticating User...
[2024-04-05T17:18:44.799+0000] {logging_mixin.py:188} INFO - csv_data/albums_table.csv 
[2024-04-05T17:18:44.800+0000] {logging_mixin.py:188} INFO - albums_table.csv
[2024-04-05T17:18:44.801+0000] {logging_mixin.py:188} INFO - csv_data/artists_table.csv 
[2024-04-05T17:18:44.802+0000] {logging_mixin.py:188} INFO - artists_table.csv
[2024-04-05T17:18:44.803+0000] {logging_mixin.py:188} INFO - csv_data/track_table.csv 
[2024-04-05T17:18:44.804+0000] {logging_mixin.py:188} INFO - track_table.csv
[2024-04-05T17:18:44.807+0000] {processor.py:840} INFO - DAG(s) 'spotify_to_s3_extraction' retrieved from /opt/airflow/dags/spotify_to_csvs_to_s3.py
[2024-04-05T17:18:44.844+0000] {logging_mixin.py:188} INFO - [2024-04-05T17:18:44.843+0000] {dag.py:3047} INFO - Sync 1 DAGs
[2024-04-05T17:18:44.882+0000] {logging_mixin.py:188} INFO - [2024-04-05T17:18:44.881+0000] {dag.py:3834} INFO - Setting next_dagrun for spotify_to_s3_extraction to 2024-04-04 00:00:00+00:00, run_after=2024-04-05 00:00:00+00:00
[2024-04-05T17:18:44.915+0000] {processor.py:183} INFO - Processing /opt/airflow/dags/spotify_to_csvs_to_s3.py took 1.014 seconds
[2024-04-05T17:19:24.960+0000] {processor.py:161} INFO - Started process (PID=65828) to work on /opt/airflow/dags/spotify_to_csvs_to_s3.py
[2024-04-05T17:19:24.963+0000] {processor.py:830} INFO - Processing file /opt/airflow/dags/spotify_to_csvs_to_s3.py for tasks to queue
[2024-04-05T17:19:24.967+0000] {logging_mixin.py:188} INFO - [2024-04-05T17:19:24.966+0000] {dagbag.py:540} INFO - Filling up the DagBag from /opt/airflow/dags/spotify_to_csvs_to_s3.py
[2024-04-05T17:19:26.011+0000] {logging_mixin.py:188} INFO - Authenticating User...
[2024-04-05T17:19:26.019+0000] {logging_mixin.py:188} INFO - csv_data/albums_table.csv 
[2024-04-05T17:19:26.020+0000] {logging_mixin.py:188} INFO - albums_table.csv
[2024-04-05T17:19:26.021+0000] {logging_mixin.py:188} INFO - csv_data/artists_table.csv 
[2024-04-05T17:19:26.022+0000] {logging_mixin.py:188} INFO - artists_table.csv
[2024-04-05T17:19:26.023+0000] {logging_mixin.py:188} INFO - csv_data/track_table.csv 
[2024-04-05T17:19:26.024+0000] {logging_mixin.py:188} INFO - track_table.csv
[2024-04-05T17:19:26.028+0000] {processor.py:840} INFO - DAG(s) 'spotify_to_s3_extraction' retrieved from /opt/airflow/dags/spotify_to_csvs_to_s3.py
[2024-04-05T17:19:26.065+0000] {logging_mixin.py:188} INFO - [2024-04-05T17:19:26.064+0000] {dag.py:3047} INFO - Sync 1 DAGs
[2024-04-05T17:19:26.114+0000] {logging_mixin.py:188} INFO - [2024-04-05T17:19:26.113+0000] {dag.py:3834} INFO - Setting next_dagrun for spotify_to_s3_extraction to 2024-04-04 00:00:00+00:00, run_after=2024-04-05 00:00:00+00:00
[2024-04-05T17:19:26.149+0000] {processor.py:183} INFO - Processing /opt/airflow/dags/spotify_to_csvs_to_s3.py took 1.209 seconds
[2024-04-05T17:34:43.470+0000] {processor.py:161} INFO - Started process (PID=65834) to work on /opt/airflow/dags/spotify_to_csvs_to_s3.py
[2024-04-05T17:34:43.472+0000] {processor.py:830} INFO - Processing file /opt/airflow/dags/spotify_to_csvs_to_s3.py for tasks to queue
[2024-04-05T17:34:43.474+0000] {logging_mixin.py:188} INFO - [2024-04-05T17:34:43.473+0000] {dagbag.py:540} INFO - Filling up the DagBag from /opt/airflow/dags/spotify_to_csvs_to_s3.py
[2024-04-05T17:34:44.279+0000] {logging_mixin.py:188} INFO - Authenticating User...
[2024-04-05T17:34:44.307+0000] {logging_mixin.py:188} INFO - csv_data/albums_table.csv 
[2024-04-05T17:34:44.320+0000] {logging_mixin.py:188} INFO - albums_table.csv
[2024-04-05T17:34:44.322+0000] {logging_mixin.py:188} INFO - csv_data/artists_table.csv 
[2024-04-05T17:34:44.323+0000] {logging_mixin.py:188} INFO - artists_table.csv
[2024-04-05T17:34:44.324+0000] {logging_mixin.py:188} INFO - csv_data/track_table.csv 
[2024-04-05T17:34:44.325+0000] {logging_mixin.py:188} INFO - track_table.csv
[2024-04-05T17:34:44.328+0000] {processor.py:840} INFO - DAG(s) 'spotify_to_s3_extraction' retrieved from /opt/airflow/dags/spotify_to_csvs_to_s3.py
[2024-04-05T17:34:44.376+0000] {logging_mixin.py:188} INFO - [2024-04-05T17:34:44.375+0000] {dag.py:3047} INFO - Sync 1 DAGs
[2024-04-05T17:34:44.423+0000] {logging_mixin.py:188} INFO - [2024-04-05T17:34:44.422+0000] {dag.py:3834} INFO - Setting next_dagrun for spotify_to_s3_extraction to 2024-04-04 00:00:00+00:00, run_after=2024-04-05 00:00:00+00:00
[2024-04-05T17:34:44.479+0000] {processor.py:183} INFO - Processing /opt/airflow/dags/spotify_to_csvs_to_s3.py took 1.016 seconds
[2024-04-05T17:48:47.816+0000] {processor.py:161} INFO - Started process (PID=65846) to work on /opt/airflow/dags/spotify_to_csvs_to_s3.py
[2024-04-05T17:48:47.818+0000] {processor.py:830} INFO - Processing file /opt/airflow/dags/spotify_to_csvs_to_s3.py for tasks to queue
[2024-04-05T17:48:47.821+0000] {logging_mixin.py:188} INFO - [2024-04-05T17:48:47.820+0000] {dagbag.py:540} INFO - Filling up the DagBag from /opt/airflow/dags/spotify_to_csvs_to_s3.py
[2024-04-05T17:48:48.539+0000] {logging_mixin.py:188} INFO - Authenticating User...
[2024-04-05T17:48:48.547+0000] {logging_mixin.py:188} INFO - csv_data/albums_table.csv 
[2024-04-05T17:48:48.548+0000] {logging_mixin.py:188} INFO - albums_table.csv
[2024-04-05T17:48:48.548+0000] {logging_mixin.py:188} INFO - csv_data/artists_table.csv 
[2024-04-05T17:48:48.549+0000] {logging_mixin.py:188} INFO - artists_table.csv
[2024-04-05T17:48:48.550+0000] {logging_mixin.py:188} INFO - csv_data/track_table.csv 
[2024-04-05T17:48:48.550+0000] {logging_mixin.py:188} INFO - track_table.csv
[2024-04-05T17:48:48.553+0000] {processor.py:840} INFO - DAG(s) 'spotify_to_s3_extraction' retrieved from /opt/airflow/dags/spotify_to_csvs_to_s3.py
[2024-04-05T17:48:48.584+0000] {logging_mixin.py:188} INFO - [2024-04-05T17:48:48.583+0000] {dag.py:3047} INFO - Sync 1 DAGs
[2024-04-05T17:48:48.617+0000] {logging_mixin.py:188} INFO - [2024-04-05T17:48:48.616+0000] {dag.py:3834} INFO - Setting next_dagrun for spotify_to_s3_extraction to 2024-04-04 00:00:00+00:00, run_after=2024-04-05 00:00:00+00:00
[2024-04-05T17:48:48.643+0000] {processor.py:183} INFO - Processing /opt/airflow/dags/spotify_to_csvs_to_s3.py took 0.835 seconds
[2024-04-05T18:04:23.661+0000] {processor.py:161} INFO - Started process (PID=65864) to work on /opt/airflow/dags/spotify_to_csvs_to_s3.py
[2024-04-05T18:04:23.664+0000] {processor.py:830} INFO - Processing file /opt/airflow/dags/spotify_to_csvs_to_s3.py for tasks to queue
[2024-04-05T18:04:23.668+0000] {logging_mixin.py:188} INFO - [2024-04-05T18:04:23.667+0000] {dagbag.py:540} INFO - Filling up the DagBag from /opt/airflow/dags/spotify_to_csvs_to_s3.py
[2024-04-05T18:04:24.446+0000] {logging_mixin.py:188} INFO - Authenticating User...
[2024-04-05T18:04:24.473+0000] {logging_mixin.py:188} INFO - csv_data/albums_table.csv 
[2024-04-05T18:04:24.489+0000] {logging_mixin.py:188} INFO - albums_table.csv
[2024-04-05T18:04:24.490+0000] {logging_mixin.py:188} INFO - csv_data/artists_table.csv 
[2024-04-05T18:04:24.491+0000] {logging_mixin.py:188} INFO - artists_table.csv
[2024-04-05T18:04:24.492+0000] {logging_mixin.py:188} INFO - csv_data/track_table.csv 
[2024-04-05T18:04:24.493+0000] {logging_mixin.py:188} INFO - track_table.csv
[2024-04-05T18:04:24.497+0000] {processor.py:840} INFO - DAG(s) 'spotify_to_s3_extraction' retrieved from /opt/airflow/dags/spotify_to_csvs_to_s3.py
[2024-04-05T18:04:24.541+0000] {logging_mixin.py:188} INFO - [2024-04-05T18:04:24.540+0000] {dag.py:3047} INFO - Sync 1 DAGs
[2024-04-05T18:04:24.607+0000] {logging_mixin.py:188} INFO - [2024-04-05T18:04:24.607+0000] {dag.py:3834} INFO - Setting next_dagrun for spotify_to_s3_extraction to 2024-04-04 00:00:00+00:00, run_after=2024-04-05 00:00:00+00:00
[2024-04-05T18:04:24.670+0000] {processor.py:183} INFO - Processing /opt/airflow/dags/spotify_to_csvs_to_s3.py took 1.017 seconds
[2024-04-05T18:20:00.007+0000] {processor.py:161} INFO - Started process (PID=65876) to work on /opt/airflow/dags/spotify_to_csvs_to_s3.py
[2024-04-05T18:20:00.010+0000] {processor.py:830} INFO - Processing file /opt/airflow/dags/spotify_to_csvs_to_s3.py for tasks to queue
[2024-04-05T18:20:00.012+0000] {logging_mixin.py:188} INFO - [2024-04-05T18:20:00.012+0000] {dagbag.py:540} INFO - Filling up the DagBag from /opt/airflow/dags/spotify_to_csvs_to_s3.py
[2024-04-05T18:20:01.095+0000] {logging_mixin.py:188} INFO - Authenticating User...
[2024-04-05T18:20:01.105+0000] {logging_mixin.py:188} INFO - csv_data/albums_table.csv 
[2024-04-05T18:20:01.106+0000] {logging_mixin.py:188} INFO - albums_table.csv
[2024-04-05T18:20:01.107+0000] {logging_mixin.py:188} INFO - csv_data/artists_table.csv 
[2024-04-05T18:20:01.108+0000] {logging_mixin.py:188} INFO - artists_table.csv
[2024-04-05T18:20:01.109+0000] {logging_mixin.py:188} INFO - csv_data/track_table.csv 
[2024-04-05T18:20:01.111+0000] {logging_mixin.py:188} INFO - track_table.csv
[2024-04-05T18:20:01.115+0000] {processor.py:840} INFO - DAG(s) 'spotify_to_s3_extraction' retrieved from /opt/airflow/dags/spotify_to_csvs_to_s3.py
[2024-04-05T18:20:01.377+0000] {logging_mixin.py:188} INFO - [2024-04-05T18:20:01.376+0000] {dag.py:3047} INFO - Sync 1 DAGs
[2024-04-05T18:20:01.422+0000] {logging_mixin.py:188} INFO - [2024-04-05T18:20:01.421+0000] {dag.py:3834} INFO - Setting next_dagrun for spotify_to_s3_extraction to 2024-04-04 00:00:00+00:00, run_after=2024-04-05 00:00:00+00:00
[2024-04-05T18:20:01.528+0000] {processor.py:183} INFO - Processing /opt/airflow/dags/spotify_to_csvs_to_s3.py took 1.528 seconds
[2024-04-05T18:35:40.388+0000] {processor.py:161} INFO - Started process (PID=65888) to work on /opt/airflow/dags/spotify_to_csvs_to_s3.py
[2024-04-05T18:35:40.391+0000] {processor.py:830} INFO - Processing file /opt/airflow/dags/spotify_to_csvs_to_s3.py for tasks to queue
[2024-04-05T18:35:40.394+0000] {logging_mixin.py:188} INFO - [2024-04-05T18:35:40.393+0000] {dagbag.py:540} INFO - Filling up the DagBag from /opt/airflow/dags/spotify_to_csvs_to_s3.py
[2024-04-05T18:35:41.685+0000] {logging_mixin.py:188} INFO - Authenticating User...
[2024-04-05T18:35:41.698+0000] {logging_mixin.py:188} INFO - csv_data/albums_table.csv 
[2024-04-05T18:35:41.699+0000] {logging_mixin.py:188} INFO - albums_table.csv
[2024-04-05T18:35:41.700+0000] {logging_mixin.py:188} INFO - csv_data/artists_table.csv 
[2024-04-05T18:35:41.702+0000] {logging_mixin.py:188} INFO - artists_table.csv
[2024-04-05T18:35:41.703+0000] {logging_mixin.py:188} INFO - csv_data/track_table.csv 
[2024-04-05T18:35:41.704+0000] {logging_mixin.py:188} INFO - track_table.csv
[2024-04-05T18:35:41.708+0000] {processor.py:840} INFO - DAG(s) 'spotify_to_s3_extraction' retrieved from /opt/airflow/dags/spotify_to_csvs_to_s3.py
[2024-04-05T18:35:41.759+0000] {logging_mixin.py:188} INFO - [2024-04-05T18:35:41.758+0000] {dag.py:3047} INFO - Sync 1 DAGs
[2024-04-05T18:35:42.054+0000] {logging_mixin.py:188} INFO - [2024-04-05T18:35:42.054+0000] {dag.py:3834} INFO - Setting next_dagrun for spotify_to_s3_extraction to 2024-04-04 00:00:00+00:00, run_after=2024-04-05 00:00:00+00:00
[2024-04-05T18:35:42.099+0000] {processor.py:183} INFO - Processing /opt/airflow/dags/spotify_to_csvs_to_s3.py took 1.720 seconds
[2024-04-05T18:49:49.414+0000] {processor.py:161} INFO - Started process (PID=65899) to work on /opt/airflow/dags/spotify_to_csvs_to_s3.py
[2024-04-05T18:49:49.417+0000] {processor.py:830} INFO - Processing file /opt/airflow/dags/spotify_to_csvs_to_s3.py for tasks to queue
[2024-04-05T18:49:49.420+0000] {logging_mixin.py:188} INFO - [2024-04-05T18:49:49.419+0000] {dagbag.py:540} INFO - Filling up the DagBag from /opt/airflow/dags/spotify_to_csvs_to_s3.py
[2024-04-05T18:49:50.606+0000] {logging_mixin.py:188} INFO - Authenticating User...
[2024-04-05T18:49:50.625+0000] {logging_mixin.py:188} INFO - csv_data/albums_table.csv 
[2024-04-05T18:49:50.626+0000] {logging_mixin.py:188} INFO - albums_table.csv
[2024-04-05T18:49:50.627+0000] {logging_mixin.py:188} INFO - csv_data/artists_table.csv 
[2024-04-05T18:49:50.628+0000] {logging_mixin.py:188} INFO - artists_table.csv
[2024-04-05T18:49:50.629+0000] {logging_mixin.py:188} INFO - csv_data/track_table.csv 
[2024-04-05T18:49:50.630+0000] {logging_mixin.py:188} INFO - track_table.csv
[2024-04-05T18:49:50.635+0000] {processor.py:840} INFO - DAG(s) 'spotify_to_s3_extraction' retrieved from /opt/airflow/dags/spotify_to_csvs_to_s3.py
[2024-04-05T18:49:50.685+0000] {logging_mixin.py:188} INFO - [2024-04-05T18:49:50.684+0000] {dag.py:3047} INFO - Sync 1 DAGs
[2024-04-05T18:49:50.970+0000] {logging_mixin.py:188} INFO - [2024-04-05T18:49:50.969+0000] {dag.py:3834} INFO - Setting next_dagrun for spotify_to_s3_extraction to 2024-04-04 00:00:00+00:00, run_after=2024-04-05 00:00:00+00:00
[2024-04-05T18:49:51.005+0000] {processor.py:183} INFO - Processing /opt/airflow/dags/spotify_to_csvs_to_s3.py took 1.602 seconds
[2024-04-05T19:05:28.332+0000] {processor.py:161} INFO - Started process (PID=65911) to work on /opt/airflow/dags/spotify_to_csvs_to_s3.py
[2024-04-05T19:05:28.334+0000] {processor.py:830} INFO - Processing file /opt/airflow/dags/spotify_to_csvs_to_s3.py for tasks to queue
[2024-04-05T19:05:28.336+0000] {logging_mixin.py:188} INFO - [2024-04-05T19:05:28.335+0000] {dagbag.py:540} INFO - Filling up the DagBag from /opt/airflow/dags/spotify_to_csvs_to_s3.py
[2024-04-05T19:05:29.426+0000] {logging_mixin.py:188} INFO - Authenticating User...
[2024-04-05T19:05:29.434+0000] {logging_mixin.py:188} INFO - csv_data/albums_table.csv 
[2024-04-05T19:05:29.435+0000] {logging_mixin.py:188} INFO - albums_table.csv
[2024-04-05T19:05:29.436+0000] {logging_mixin.py:188} INFO - csv_data/artists_table.csv 
[2024-04-05T19:05:29.437+0000] {logging_mixin.py:188} INFO - artists_table.csv
[2024-04-05T19:05:29.438+0000] {logging_mixin.py:188} INFO - csv_data/track_table.csv 
[2024-04-05T19:05:29.439+0000] {logging_mixin.py:188} INFO - track_table.csv
[2024-04-05T19:05:29.442+0000] {processor.py:840} INFO - DAG(s) 'spotify_to_s3_extraction' retrieved from /opt/airflow/dags/spotify_to_csvs_to_s3.py
[2024-04-05T19:05:29.487+0000] {logging_mixin.py:188} INFO - [2024-04-05T19:05:29.486+0000] {dag.py:3047} INFO - Sync 1 DAGs
[2024-04-05T19:05:29.534+0000] {logging_mixin.py:188} INFO - [2024-04-05T19:05:29.534+0000] {dag.py:3834} INFO - Setting next_dagrun for spotify_to_s3_extraction to 2024-04-04 00:00:00+00:00, run_after=2024-04-05 00:00:00+00:00
[2024-04-05T19:05:29.570+0000] {processor.py:183} INFO - Processing /opt/airflow/dags/spotify_to_csvs_to_s3.py took 1.247 seconds
[2024-04-05T19:21:06.057+0000] {processor.py:161} INFO - Started process (PID=65923) to work on /opt/airflow/dags/spotify_to_csvs_to_s3.py
[2024-04-05T19:21:06.059+0000] {processor.py:830} INFO - Processing file /opt/airflow/dags/spotify_to_csvs_to_s3.py for tasks to queue
[2024-04-05T19:21:06.061+0000] {logging_mixin.py:188} INFO - [2024-04-05T19:21:06.061+0000] {dagbag.py:540} INFO - Filling up the DagBag from /opt/airflow/dags/spotify_to_csvs_to_s3.py
[2024-04-05T19:21:06.958+0000] {logging_mixin.py:188} INFO - Authenticating User...
[2024-04-05T19:21:06.964+0000] {logging_mixin.py:188} INFO - csv_data/albums_table.csv 
[2024-04-05T19:21:06.965+0000] {logging_mixin.py:188} INFO - albums_table.csv
[2024-04-05T19:21:06.966+0000] {logging_mixin.py:188} INFO - csv_data/artists_table.csv 
[2024-04-05T19:21:06.966+0000] {logging_mixin.py:188} INFO - artists_table.csv
[2024-04-05T19:21:06.967+0000] {logging_mixin.py:188} INFO - csv_data/track_table.csv 
[2024-04-05T19:21:06.968+0000] {logging_mixin.py:188} INFO - track_table.csv
[2024-04-05T19:21:06.971+0000] {processor.py:840} INFO - DAG(s) 'spotify_to_s3_extraction' retrieved from /opt/airflow/dags/spotify_to_csvs_to_s3.py
[2024-04-05T19:21:07.010+0000] {logging_mixin.py:188} INFO - [2024-04-05T19:21:07.009+0000] {dag.py:3047} INFO - Sync 1 DAGs
[2024-04-05T19:21:07.048+0000] {logging_mixin.py:188} INFO - [2024-04-05T19:21:07.048+0000] {dag.py:3834} INFO - Setting next_dagrun for spotify_to_s3_extraction to 2024-04-04 00:00:00+00:00, run_after=2024-04-05 00:00:00+00:00
[2024-04-05T19:21:07.080+0000] {processor.py:183} INFO - Processing /opt/airflow/dags/spotify_to_csvs_to_s3.py took 1.032 seconds
[2024-04-05T19:36:44.874+0000] {processor.py:161} INFO - Started process (PID=65935) to work on /opt/airflow/dags/spotify_to_csvs_to_s3.py
[2024-04-05T19:36:44.883+0000] {processor.py:830} INFO - Processing file /opt/airflow/dags/spotify_to_csvs_to_s3.py for tasks to queue
[2024-04-05T19:36:44.886+0000] {logging_mixin.py:188} INFO - [2024-04-05T19:36:44.885+0000] {dagbag.py:540} INFO - Filling up the DagBag from /opt/airflow/dags/spotify_to_csvs_to_s3.py
[2024-04-05T19:36:45.929+0000] {logging_mixin.py:188} INFO - Authenticating User...
[2024-04-05T19:36:45.943+0000] {logging_mixin.py:188} INFO - csv_data/albums_table.csv 
[2024-04-05T19:36:45.960+0000] {logging_mixin.py:188} INFO - albums_table.csv
[2024-04-05T19:36:45.961+0000] {logging_mixin.py:188} INFO - csv_data/artists_table.csv 
[2024-04-05T19:36:45.962+0000] {logging_mixin.py:188} INFO - artists_table.csv
[2024-04-05T19:36:45.963+0000] {logging_mixin.py:188} INFO - csv_data/track_table.csv 
[2024-04-05T19:36:45.964+0000] {logging_mixin.py:188} INFO - track_table.csv
[2024-04-05T19:36:45.989+0000] {processor.py:840} INFO - DAG(s) 'spotify_to_s3_extraction' retrieved from /opt/airflow/dags/spotify_to_csvs_to_s3.py
[2024-04-05T19:36:46.029+0000] {logging_mixin.py:188} INFO - [2024-04-05T19:36:46.028+0000] {dag.py:3047} INFO - Sync 1 DAGs
[2024-04-05T19:36:46.085+0000] {logging_mixin.py:188} INFO - [2024-04-05T19:36:46.084+0000] {dag.py:3834} INFO - Setting next_dagrun for spotify_to_s3_extraction to 2024-04-04 00:00:00+00:00, run_after=2024-04-05 00:00:00+00:00
[2024-04-05T19:36:46.132+0000] {processor.py:183} INFO - Processing /opt/airflow/dags/spotify_to_csvs_to_s3.py took 1.265 seconds
[2024-04-05T19:50:57.925+0000] {processor.py:161} INFO - Started process (PID=65948) to work on /opt/airflow/dags/spotify_to_csvs_to_s3.py
[2024-04-05T19:50:57.928+0000] {processor.py:830} INFO - Processing file /opt/airflow/dags/spotify_to_csvs_to_s3.py for tasks to queue
[2024-04-05T19:50:57.929+0000] {logging_mixin.py:188} INFO - [2024-04-05T19:50:57.929+0000] {dagbag.py:540} INFO - Filling up the DagBag from /opt/airflow/dags/spotify_to_csvs_to_s3.py
[2024-04-05T19:50:58.701+0000] {logging_mixin.py:188} INFO - Authenticating User...
[2024-04-05T19:50:58.707+0000] {logging_mixin.py:188} INFO - csv_data/albums_table.csv 
[2024-04-05T19:50:58.708+0000] {logging_mixin.py:188} INFO - albums_table.csv
[2024-04-05T19:50:58.709+0000] {logging_mixin.py:188} INFO - csv_data/artists_table.csv 
[2024-04-05T19:50:58.710+0000] {logging_mixin.py:188} INFO - artists_table.csv
[2024-04-05T19:50:58.711+0000] {logging_mixin.py:188} INFO - csv_data/track_table.csv 
[2024-04-05T19:50:58.712+0000] {logging_mixin.py:188} INFO - track_table.csv
[2024-04-05T19:50:58.714+0000] {processor.py:840} INFO - DAG(s) 'spotify_to_s3_extraction' retrieved from /opt/airflow/dags/spotify_to_csvs_to_s3.py
[2024-04-05T19:50:58.749+0000] {logging_mixin.py:188} INFO - [2024-04-05T19:50:58.749+0000] {dag.py:3047} INFO - Sync 1 DAGs
[2024-04-05T19:50:58.793+0000] {logging_mixin.py:188} INFO - [2024-04-05T19:50:58.792+0000] {dag.py:3834} INFO - Setting next_dagrun for spotify_to_s3_extraction to 2024-04-04 00:00:00+00:00, run_after=2024-04-05 00:00:00+00:00
[2024-04-05T19:50:58.825+0000] {processor.py:183} INFO - Processing /opt/airflow/dags/spotify_to_csvs_to_s3.py took 0.908 seconds
[2024-04-05T20:06:36.636+0000] {processor.py:161} INFO - Started process (PID=65960) to work on /opt/airflow/dags/spotify_to_csvs_to_s3.py
[2024-04-05T20:06:36.638+0000] {processor.py:830} INFO - Processing file /opt/airflow/dags/spotify_to_csvs_to_s3.py for tasks to queue
[2024-04-05T20:06:36.640+0000] {logging_mixin.py:188} INFO - [2024-04-05T20:06:36.640+0000] {dagbag.py:540} INFO - Filling up the DagBag from /opt/airflow/dags/spotify_to_csvs_to_s3.py
[2024-04-05T20:06:37.384+0000] {logging_mixin.py:188} INFO - Authenticating User...
[2024-04-05T20:06:37.389+0000] {logging_mixin.py:188} INFO - csv_data/albums_table.csv 
[2024-04-05T20:06:37.390+0000] {logging_mixin.py:188} INFO - albums_table.csv
[2024-04-05T20:06:37.391+0000] {logging_mixin.py:188} INFO - csv_data/artists_table.csv 
[2024-04-05T20:06:37.391+0000] {logging_mixin.py:188} INFO - artists_table.csv
[2024-04-05T20:06:37.392+0000] {logging_mixin.py:188} INFO - csv_data/track_table.csv 
[2024-04-05T20:06:37.393+0000] {logging_mixin.py:188} INFO - track_table.csv
[2024-04-05T20:06:37.395+0000] {processor.py:840} INFO - DAG(s) 'spotify_to_s3_extraction' retrieved from /opt/airflow/dags/spotify_to_csvs_to_s3.py
[2024-04-05T20:06:37.425+0000] {logging_mixin.py:188} INFO - [2024-04-05T20:06:37.424+0000] {dag.py:3047} INFO - Sync 1 DAGs
[2024-04-05T20:06:37.453+0000] {logging_mixin.py:188} INFO - [2024-04-05T20:06:37.452+0000] {dag.py:3834} INFO - Setting next_dagrun for spotify_to_s3_extraction to 2024-04-04 00:00:00+00:00, run_after=2024-04-05 00:00:00+00:00
[2024-04-05T20:06:37.478+0000] {processor.py:183} INFO - Processing /opt/airflow/dags/spotify_to_csvs_to_s3.py took 0.849 seconds
[2024-04-05T20:18:04.700+0000] {processor.py:161} INFO - Started process (PID=65972) to work on /opt/airflow/dags/spotify_to_csvs_to_s3.py
[2024-04-05T20:18:04.702+0000] {processor.py:830} INFO - Processing file /opt/airflow/dags/spotify_to_csvs_to_s3.py for tasks to queue
[2024-04-05T20:18:04.704+0000] {logging_mixin.py:188} INFO - [2024-04-05T20:18:04.703+0000] {dagbag.py:540} INFO - Filling up the DagBag from /opt/airflow/dags/spotify_to_csvs_to_s3.py
[2024-04-05T20:18:05.488+0000] {logging_mixin.py:188} INFO - Authenticating User...
[2024-04-05T20:18:05.494+0000] {logging_mixin.py:188} INFO - csv_data/albums_table.csv 
[2024-04-05T20:18:05.495+0000] {logging_mixin.py:188} INFO - albums_table.csv
[2024-04-05T20:18:05.496+0000] {logging_mixin.py:188} INFO - csv_data/artists_table.csv 
[2024-04-05T20:18:05.497+0000] {logging_mixin.py:188} INFO - artists_table.csv
[2024-04-05T20:18:05.498+0000] {logging_mixin.py:188} INFO - csv_data/track_table.csv 
[2024-04-05T20:18:05.498+0000] {logging_mixin.py:188} INFO - track_table.csv
[2024-04-05T20:18:05.501+0000] {processor.py:840} INFO - DAG(s) 'spotify_to_s3_extraction' retrieved from /opt/airflow/dags/spotify_to_csvs_to_s3.py
[2024-04-05T20:18:05.536+0000] {logging_mixin.py:188} INFO - [2024-04-05T20:18:05.535+0000] {dag.py:3047} INFO - Sync 1 DAGs
[2024-04-05T20:18:05.566+0000] {logging_mixin.py:188} INFO - [2024-04-05T20:18:05.566+0000] {dag.py:3834} INFO - Setting next_dagrun for spotify_to_s3_extraction to 2024-04-04 00:00:00+00:00, run_after=2024-04-05 00:00:00+00:00
[2024-04-05T20:18:05.596+0000] {processor.py:183} INFO - Processing /opt/airflow/dags/spotify_to_csvs_to_s3.py took 0.904 seconds
[2024-04-05T20:49:03.061+0000] {processor.py:161} INFO - Started process (PID=65985) to work on /opt/airflow/dags/spotify_to_csvs_to_s3.py
[2024-04-05T20:49:03.065+0000] {processor.py:830} INFO - Processing file /opt/airflow/dags/spotify_to_csvs_to_s3.py for tasks to queue
[2024-04-05T20:49:03.068+0000] {logging_mixin.py:188} INFO - [2024-04-05T20:49:03.067+0000] {dagbag.py:540} INFO - Filling up the DagBag from /opt/airflow/dags/spotify_to_csvs_to_s3.py
[2024-04-05T20:49:04.503+0000] {logging_mixin.py:188} INFO - Authenticating User...
[2024-04-05T20:49:04.514+0000] {logging_mixin.py:188} INFO - csv_data/albums_table.csv 
[2024-04-05T20:49:04.515+0000] {logging_mixin.py:188} INFO - albums_table.csv
[2024-04-05T20:49:04.517+0000] {logging_mixin.py:188} INFO - csv_data/artists_table.csv 
[2024-04-05T20:49:04.519+0000] {logging_mixin.py:188} INFO - artists_table.csv
[2024-04-05T20:49:04.520+0000] {logging_mixin.py:188} INFO - csv_data/track_table.csv 
[2024-04-05T20:49:04.521+0000] {logging_mixin.py:188} INFO - track_table.csv
[2024-04-05T20:49:04.526+0000] {processor.py:840} INFO - DAG(s) 'spotify_to_s3_extraction' retrieved from /opt/airflow/dags/spotify_to_csvs_to_s3.py
[2024-04-05T20:49:04.578+0000] {logging_mixin.py:188} INFO - [2024-04-05T20:49:04.577+0000] {dag.py:3047} INFO - Sync 1 DAGs
[2024-04-05T20:49:04.630+0000] {logging_mixin.py:188} INFO - [2024-04-05T20:49:04.629+0000] {dag.py:3834} INFO - Setting next_dagrun for spotify_to_s3_extraction to 2024-04-04 00:00:00+00:00, run_after=2024-04-05 00:00:00+00:00
[2024-04-05T20:49:04.675+0000] {processor.py:183} INFO - Processing /opt/airflow/dags/spotify_to_csvs_to_s3.py took 1.623 seconds
[2024-04-05T20:49:48.443+0000] {processor.py:161} INFO - Started process (PID=65997) to work on /opt/airflow/dags/spotify_to_csvs_to_s3.py
[2024-04-05T20:49:48.447+0000] {processor.py:830} INFO - Processing file /opt/airflow/dags/spotify_to_csvs_to_s3.py for tasks to queue
[2024-04-05T20:49:48.450+0000] {logging_mixin.py:188} INFO - [2024-04-05T20:49:48.449+0000] {dagbag.py:540} INFO - Filling up the DagBag from /opt/airflow/dags/spotify_to_csvs_to_s3.py
[2024-04-05T20:49:50.299+0000] {logging_mixin.py:188} INFO - Authenticating User...
[2024-04-05T20:49:50.308+0000] {logging_mixin.py:188} INFO - csv_data/albums_table.csv 
[2024-04-05T20:49:50.310+0000] {logging_mixin.py:188} INFO - albums_table.csv
[2024-04-05T20:49:50.311+0000] {logging_mixin.py:188} INFO - csv_data/artists_table.csv 
[2024-04-05T20:49:50.313+0000] {logging_mixin.py:188} INFO - artists_table.csv
[2024-04-05T20:49:50.314+0000] {logging_mixin.py:188} INFO - csv_data/track_table.csv 
[2024-04-05T20:49:50.315+0000] {logging_mixin.py:188} INFO - track_table.csv
[2024-04-05T20:49:50.319+0000] {processor.py:840} INFO - DAG(s) 'spotify_to_s3_extraction' retrieved from /opt/airflow/dags/spotify_to_csvs_to_s3.py
[2024-04-05T20:49:50.372+0000] {logging_mixin.py:188} INFO - [2024-04-05T20:49:50.371+0000] {dag.py:3047} INFO - Sync 1 DAGs
[2024-04-05T20:49:50.426+0000] {logging_mixin.py:188} INFO - [2024-04-05T20:49:50.425+0000] {dag.py:3834} INFO - Setting next_dagrun for spotify_to_s3_extraction to 2024-04-04 00:00:00+00:00, run_after=2024-04-05 00:00:00+00:00
[2024-04-05T20:49:50.471+0000] {processor.py:183} INFO - Processing /opt/airflow/dags/spotify_to_csvs_to_s3.py took 2.085 seconds
[2024-04-05T20:52:16.589+0000] {processor.py:161} INFO - Started process (PID=66003) to work on /opt/airflow/dags/spotify_to_csvs_to_s3.py
[2024-04-05T20:52:16.591+0000] {processor.py:830} INFO - Processing file /opt/airflow/dags/spotify_to_csvs_to_s3.py for tasks to queue
[2024-04-05T20:52:16.593+0000] {logging_mixin.py:188} INFO - [2024-04-05T20:52:16.593+0000] {dagbag.py:540} INFO - Filling up the DagBag from /opt/airflow/dags/spotify_to_csvs_to_s3.py
[2024-04-05T20:52:17.513+0000] {logging_mixin.py:188} INFO - Authenticating User...
[2024-04-05T20:52:17.520+0000] {logging_mixin.py:188} INFO - csv_data/albums_table.csv 
[2024-04-05T20:52:17.520+0000] {logging_mixin.py:188} INFO - albums_table.csv
[2024-04-05T20:52:17.521+0000] {logging_mixin.py:188} INFO - csv_data/artists_table.csv 
[2024-04-05T20:52:17.522+0000] {logging_mixin.py:188} INFO - artists_table.csv
[2024-04-05T20:52:17.523+0000] {logging_mixin.py:188} INFO - csv_data/track_table.csv 
[2024-04-05T20:52:17.524+0000] {logging_mixin.py:188} INFO - track_table.csv
[2024-04-05T20:52:17.526+0000] {processor.py:840} INFO - DAG(s) 'spotify_to_s3_extraction' retrieved from /opt/airflow/dags/spotify_to_csvs_to_s3.py
[2024-04-05T20:52:17.560+0000] {logging_mixin.py:188} INFO - [2024-04-05T20:52:17.559+0000] {dag.py:3047} INFO - Sync 1 DAGs
[2024-04-05T20:52:17.600+0000] {logging_mixin.py:188} INFO - [2024-04-05T20:52:17.600+0000] {dag.py:3834} INFO - Setting next_dagrun for spotify_to_s3_extraction to 2024-04-04 00:00:00+00:00, run_after=2024-04-05 00:00:00+00:00
[2024-04-05T20:52:17.680+0000] {processor.py:183} INFO - Processing /opt/airflow/dags/spotify_to_csvs_to_s3.py took 1.096 seconds
[2024-04-05T21:53:18.201+0000] {processor.py:161} INFO - Started process (PID=66019) to work on /opt/airflow/dags/spotify_to_csvs_to_s3.py
[2024-04-05T21:53:18.205+0000] {processor.py:830} INFO - Processing file /opt/airflow/dags/spotify_to_csvs_to_s3.py for tasks to queue
[2024-04-05T21:53:18.216+0000] {logging_mixin.py:188} INFO - [2024-04-05T21:53:18.215+0000] {dagbag.py:540} INFO - Filling up the DagBag from /opt/airflow/dags/spotify_to_csvs_to_s3.py
[2024-04-05T21:53:19.912+0000] {logging_mixin.py:188} INFO - Authenticating User...
[2024-04-05T21:53:19.922+0000] {logging_mixin.py:188} INFO - csv_data/albums_table.csv 
[2024-04-05T21:53:19.923+0000] {logging_mixin.py:188} INFO - albums_table.csv
[2024-04-05T21:53:19.924+0000] {logging_mixin.py:188} INFO - csv_data/artists_table.csv 
[2024-04-05T21:53:19.926+0000] {logging_mixin.py:188} INFO - artists_table.csv
[2024-04-05T21:53:19.927+0000] {logging_mixin.py:188} INFO - csv_data/track_table.csv 
[2024-04-05T21:53:19.928+0000] {logging_mixin.py:188} INFO - track_table.csv
[2024-04-05T21:53:19.935+0000] {processor.py:840} INFO - DAG(s) 'spotify_to_s3_extraction' retrieved from /opt/airflow/dags/spotify_to_csvs_to_s3.py
[2024-04-05T21:53:20.004+0000] {logging_mixin.py:188} INFO - [2024-04-05T21:53:20.003+0000] {dag.py:3047} INFO - Sync 1 DAGs
[2024-04-05T21:53:20.108+0000] {logging_mixin.py:188} INFO - [2024-04-05T21:53:20.107+0000] {dag.py:3834} INFO - Setting next_dagrun for spotify_to_s3_extraction to 2024-04-04 00:00:00+00:00, run_after=2024-04-05 00:00:00+00:00
[2024-04-05T21:53:20.160+0000] {processor.py:183} INFO - Processing /opt/airflow/dags/spotify_to_csvs_to_s3.py took 1.968 seconds
[2024-04-05T21:54:04.025+0000] {processor.py:161} INFO - Started process (PID=66032) to work on /opt/airflow/dags/spotify_to_csvs_to_s3.py
[2024-04-05T21:54:04.030+0000] {processor.py:830} INFO - Processing file /opt/airflow/dags/spotify_to_csvs_to_s3.py for tasks to queue
[2024-04-05T21:54:04.035+0000] {logging_mixin.py:188} INFO - [2024-04-05T21:54:04.032+0000] {dagbag.py:540} INFO - Filling up the DagBag from /opt/airflow/dags/spotify_to_csvs_to_s3.py
[2024-04-05T21:54:07.151+0000] {logging_mixin.py:188} INFO - Authenticating User...
[2024-04-05T21:54:07.168+0000] {logging_mixin.py:188} INFO - csv_data/albums_table.csv 
[2024-04-05T21:54:07.172+0000] {logging_mixin.py:188} INFO - albums_table.csv
[2024-04-05T21:54:07.177+0000] {logging_mixin.py:188} INFO - csv_data/artists_table.csv 
[2024-04-05T21:54:07.179+0000] {logging_mixin.py:188} INFO - artists_table.csv
[2024-04-05T21:54:07.181+0000] {logging_mixin.py:188} INFO - csv_data/track_table.csv 
[2024-04-05T21:54:07.182+0000] {logging_mixin.py:188} INFO - track_table.csv
[2024-04-05T21:54:07.187+0000] {processor.py:840} INFO - DAG(s) 'spotify_to_s3_extraction' retrieved from /opt/airflow/dags/spotify_to_csvs_to_s3.py
[2024-04-05T21:54:07.255+0000] {logging_mixin.py:188} INFO - [2024-04-05T21:54:07.254+0000] {dag.py:3047} INFO - Sync 1 DAGs
[2024-04-05T21:54:07.325+0000] {logging_mixin.py:188} INFO - [2024-04-05T21:54:07.324+0000] {dag.py:3834} INFO - Setting next_dagrun for spotify_to_s3_extraction to 2024-04-04 00:00:00+00:00, run_after=2024-04-05 00:00:00+00:00
[2024-04-05T21:54:07.372+0000] {processor.py:183} INFO - Processing /opt/airflow/dags/spotify_to_csvs_to_s3.py took 3.355 seconds
[2024-04-05T22:54:33.276+0000] {processor.py:161} INFO - Started process (PID=66038) to work on /opt/airflow/dags/spotify_to_csvs_to_s3.py
[2024-04-05T22:54:33.279+0000] {processor.py:830} INFO - Processing file /opt/airflow/dags/spotify_to_csvs_to_s3.py for tasks to queue
[2024-04-05T22:54:33.282+0000] {logging_mixin.py:188} INFO - [2024-04-05T22:54:33.281+0000] {dagbag.py:540} INFO - Filling up the DagBag from /opt/airflow/dags/spotify_to_csvs_to_s3.py
[2024-04-05T22:54:34.563+0000] {logging_mixin.py:188} INFO - Authenticating User...
[2024-04-05T22:54:34.569+0000] {logging_mixin.py:188} INFO - csv_data/albums_table.csv 
[2024-04-05T22:54:34.570+0000] {logging_mixin.py:188} INFO - albums_table.csv
[2024-04-05T22:54:34.570+0000] {logging_mixin.py:188} INFO - csv_data/artists_table.csv 
[2024-04-05T22:54:34.571+0000] {logging_mixin.py:188} INFO - artists_table.csv
[2024-04-05T22:54:34.572+0000] {logging_mixin.py:188} INFO - csv_data/track_table.csv 
[2024-04-05T22:54:34.573+0000] {logging_mixin.py:188} INFO - track_table.csv
[2024-04-05T22:54:34.575+0000] {processor.py:840} INFO - DAG(s) 'spotify_to_s3_extraction' retrieved from /opt/airflow/dags/spotify_to_csvs_to_s3.py
[2024-04-05T22:54:34.615+0000] {logging_mixin.py:188} INFO - [2024-04-05T22:54:34.614+0000] {dag.py:3047} INFO - Sync 1 DAGs
[2024-04-05T22:54:34.698+0000] {logging_mixin.py:188} INFO - [2024-04-05T22:54:34.698+0000] {dag.py:3834} INFO - Setting next_dagrun for spotify_to_s3_extraction to 2024-04-04 00:00:00+00:00, run_after=2024-04-05 00:00:00+00:00
[2024-04-05T22:54:34.740+0000] {processor.py:183} INFO - Processing /opt/airflow/dags/spotify_to_csvs_to_s3.py took 1.472 seconds
[2024-04-05T23:55:35.435+0000] {processor.py:161} INFO - Started process (PID=66056) to work on /opt/airflow/dags/spotify_to_csvs_to_s3.py
[2024-04-05T23:55:35.438+0000] {processor.py:830} INFO - Processing file /opt/airflow/dags/spotify_to_csvs_to_s3.py for tasks to queue
[2024-04-05T23:55:35.440+0000] {logging_mixin.py:188} INFO - [2024-04-05T23:55:35.440+0000] {dagbag.py:540} INFO - Filling up the DagBag from /opt/airflow/dags/spotify_to_csvs_to_s3.py
[2024-04-05T23:55:36.974+0000] {logging_mixin.py:188} INFO - Authenticating User...
[2024-04-05T23:55:36.983+0000] {logging_mixin.py:188} INFO - csv_data/albums_table.csv 
[2024-04-05T23:55:36.984+0000] {logging_mixin.py:188} INFO - albums_table.csv
[2024-04-05T23:55:36.985+0000] {logging_mixin.py:188} INFO - csv_data/artists_table.csv 
[2024-04-05T23:55:36.986+0000] {logging_mixin.py:188} INFO - artists_table.csv
[2024-04-05T23:55:36.988+0000] {logging_mixin.py:188} INFO - csv_data/track_table.csv 
[2024-04-05T23:55:36.989+0000] {logging_mixin.py:188} INFO - track_table.csv
[2024-04-05T23:55:36.993+0000] {processor.py:840} INFO - DAG(s) 'spotify_to_s3_extraction' retrieved from /opt/airflow/dags/spotify_to_csvs_to_s3.py
[2024-04-05T23:55:37.048+0000] {logging_mixin.py:188} INFO - [2024-04-05T23:55:37.047+0000] {dag.py:3047} INFO - Sync 1 DAGs
[2024-04-05T23:55:37.115+0000] {logging_mixin.py:188} INFO - [2024-04-05T23:55:37.114+0000] {dag.py:3834} INFO - Setting next_dagrun for spotify_to_s3_extraction to 2024-04-04 00:00:00+00:00, run_after=2024-04-05 00:00:00+00:00
[2024-04-05T23:55:37.158+0000] {processor.py:183} INFO - Processing /opt/airflow/dags/spotify_to_csvs_to_s3.py took 1.731 seconds
[2024-04-05T23:56:07.755+0000] {processor.py:161} INFO - Started process (PID=66068) to work on /opt/airflow/dags/spotify_to_csvs_to_s3.py
[2024-04-05T23:56:07.758+0000] {processor.py:830} INFO - Processing file /opt/airflow/dags/spotify_to_csvs_to_s3.py for tasks to queue
[2024-04-05T23:56:07.761+0000] {logging_mixin.py:188} INFO - [2024-04-05T23:56:07.760+0000] {dagbag.py:540} INFO - Filling up the DagBag from /opt/airflow/dags/spotify_to_csvs_to_s3.py
[2024-04-05T23:56:26.402+0000] {logging_mixin.py:188} INFO - Authenticating User...
[2024-04-05T23:56:26.422+0000] {logging_mixin.py:188} INFO - csv_data/albums_table.csv 
[2024-04-05T23:56:26.424+0000] {logging_mixin.py:188} INFO - albums_table.csv
[2024-04-05T23:56:26.427+0000] {logging_mixin.py:188} INFO - csv_data/artists_table.csv 
[2024-04-05T23:56:26.429+0000] {logging_mixin.py:188} INFO - artists_table.csv
[2024-04-05T23:56:26.431+0000] {logging_mixin.py:188} INFO - csv_data/track_table.csv 
[2024-04-05T23:56:26.432+0000] {logging_mixin.py:188} INFO - track_table.csv
[2024-04-05T23:56:26.440+0000] {processor.py:840} INFO - DAG(s) 'spotify_to_s3_extraction' retrieved from /opt/airflow/dags/spotify_to_csvs_to_s3.py
[2024-04-05T23:56:26.643+0000] {logging_mixin.py:188} INFO - [2024-04-05T23:56:26.641+0000] {dag.py:3047} INFO - Sync 1 DAGs
[2024-04-05T23:56:26.743+0000] {logging_mixin.py:188} INFO - [2024-04-05T23:56:26.742+0000] {dag.py:3834} INFO - Setting next_dagrun for spotify_to_s3_extraction to 2024-04-04 00:00:00+00:00, run_after=2024-04-05 00:00:00+00:00
[2024-04-05T23:56:26.867+0000] {processor.py:183} INFO - Processing /opt/airflow/dags/spotify_to_csvs_to_s3.py took 19.122 seconds
