[2024-03-24T00:31:29.800+0000] {taskinstance.py:1979} INFO - Dependencies all met for dep_context=non-requeueable deps ti=<TaskInstance: spotify_to_s3_data_extraction_v1.sptoify_to_csv scheduled__2024-03-23T00:00:00+00:00 [queued]>
[2024-03-24T00:31:29.820+0000] {taskinstance.py:1979} INFO - Dependencies all met for dep_context=requeueable deps ti=<TaskInstance: spotify_to_s3_data_extraction_v1.sptoify_to_csv scheduled__2024-03-23T00:00:00+00:00 [queued]>
[2024-03-24T00:31:29.821+0000] {taskinstance.py:2193} INFO - Starting attempt 1 of 6
[2024-03-24T00:31:29.850+0000] {taskinstance.py:2217} INFO - Executing <Task(PythonOperator): sptoify_to_csv> on 2024-03-23 00:00:00+00:00
[2024-03-24T00:31:29.864+0000] {standard_task_runner.py:60} INFO - Started process 12228 to run task
[2024-03-24T00:31:29.871+0000] {standard_task_runner.py:87} INFO - Running: ['***', 'tasks', 'run', 'spotify_to_s3_data_extraction_v1', 'sptoify_to_csv', 'scheduled__2024-03-23T00:00:00+00:00', '--job-id', '1332', '--raw', '--subdir', 'DAGS_FOLDER/spotify_to_csvs_to_s3.py', '--cfg-path', '/tmp/tmp4c8hwilf']
[2024-03-24T00:31:29.878+0000] {standard_task_runner.py:88} INFO - Job 1332: Subtask sptoify_to_csv
[2024-03-24T00:31:29.991+0000] {task_command.py:423} INFO - Running <TaskInstance: spotify_to_s3_data_extraction_v1.sptoify_to_csv scheduled__2024-03-23T00:00:00+00:00 [running]> on host ca1809388db1
[2024-03-24T00:31:30.178+0000] {taskinstance.py:2513} INFO - Exporting env vars: AIRFLOW_CTX_DAG_OWNER='Nathaniel Solomon' AIRFLOW_CTX_DAG_ID='spotify_to_s3_data_extraction_v1' AIRFLOW_CTX_TASK_ID='sptoify_to_csv' AIRFLOW_CTX_EXECUTION_DATE='2024-03-23T00:00:00+00:00' AIRFLOW_CTX_TRY_NUMBER='1' AIRFLOW_CTX_DAG_RUN_ID='scheduled__2024-03-23T00:00:00+00:00'
[2024-03-24T00:31:30.181+0000] {logging_mixin.py:188} INFO - The extract function has been executed and this is data in the next line
[2024-03-24T00:31:30.183+0000] {logging_mixin.py:188} INFO - Initiating the Endpoint...
[2024-03-24T00:31:31.355+0000] {logging_mixin.py:188} INFO - Extracting other available tracks
[2024-03-24T00:31:43.086+0000] {logging_mixin.py:188} INFO - Adding the values of index 0 into the appropriate Keys...
[2024-03-24T00:31:44.498+0000] {logging_mixin.py:188} INFO - Adding the values of index 1 into the appropriate Keys...
[2024-03-24T00:31:46.005+0000] {logging_mixin.py:188} INFO - Adding the values of index 2 into the appropriate Keys...
[2024-03-24T00:31:47.438+0000] {logging_mixin.py:188} INFO - Adding the values of index 3 into the appropriate Keys...
[2024-03-24T00:31:49.067+0000] {logging_mixin.py:188} INFO - Adding the values of index 4 into the appropriate Keys...
[2024-03-24T00:31:50.688+0000] {logging_mixin.py:188} INFO - Adding the values of index 5 into the appropriate Keys...
[2024-03-24T00:31:52.120+0000] {logging_mixin.py:188} INFO - Adding the values of index 6 into the appropriate Keys...
[2024-03-24T00:31:53.671+0000] {logging_mixin.py:188} INFO - Adding the values of index 7 into the appropriate Keys...
[2024-03-24T00:31:54.572+0000] {logging_mixin.py:188} INFO - Adding the values of index 8 into the appropriate Keys...
[2024-03-24T00:31:55.924+0000] {logging_mixin.py:188} INFO - Adding the values of index 9 into the appropriate Keys...
[2024-03-24T00:31:57.407+0000] {logging_mixin.py:188} INFO - Done Extracting...
[2024-03-24T00:31:57.711+0000] {python.py:202} INFO - Done. Returned value was: None
[2024-03-24T00:31:57.935+0000] {taskinstance.py:1149} INFO - Marking task as SUCCESS. dag_id=spotify_to_s3_data_extraction_v1, task_id=sptoify_to_csv, execution_date=20240323T000000, start_date=20240324T003129, end_date=20240324T003157
[2024-03-24T00:31:58.301+0000] {local_task_job_runner.py:234} INFO - Task exited with return code 0
[2024-03-24T00:31:59.393+0000] {taskinstance.py:3312} INFO - 1 downstream tasks scheduled from follow-on schedule check
