[2024-03-22T10:21:20.947+0000] {taskinstance.py:1979} INFO - Dependencies all met for dep_context=non-requeueable deps ti=<TaskInstance: spotify_to_s3_data_extraction_v1.sptoify_to_csv scheduled__2024-03-21T03:49:00+00:00 [queued]>
[2024-03-22T10:21:21.007+0000] {taskinstance.py:1979} INFO - Dependencies all met for dep_context=requeueable deps ti=<TaskInstance: spotify_to_s3_data_extraction_v1.sptoify_to_csv scheduled__2024-03-21T03:49:00+00:00 [queued]>
[2024-03-22T10:21:21.027+0000] {taskinstance.py:2193} INFO - Starting attempt 2 of 7
[2024-03-22T10:21:21.105+0000] {taskinstance.py:2217} INFO - Executing <Task(PythonOperator): sptoify_to_csv> on 2024-03-21 03:49:00+00:00
[2024-03-22T10:21:21.158+0000] {standard_task_runner.py:60} INFO - Started process 5641 to run task
[2024-03-22T10:21:21.184+0000] {standard_task_runner.py:87} INFO - Running: ['***', 'tasks', 'run', 'spotify_to_s3_data_extraction_v1', 'sptoify_to_csv', 'scheduled__2024-03-21T03:49:00+00:00', '--job-id', '1170', '--raw', '--subdir', 'DAGS_FOLDER/spotify_to_csvs_to_s3.py', '--cfg-path', '/tmp/tmpjzvxbije']
[2024-03-22T10:21:21.192+0000] {standard_task_runner.py:88} INFO - Job 1170: Subtask sptoify_to_csv
[2024-03-22T10:21:21.755+0000] {task_command.py:423} INFO - Running <TaskInstance: spotify_to_s3_data_extraction_v1.sptoify_to_csv scheduled__2024-03-21T03:49:00+00:00 [running]> on host ca1809388db1
[2024-03-22T10:21:22.180+0000] {taskinstance.py:2513} INFO - Exporting env vars: AIRFLOW_CTX_DAG_OWNER='Nathaniel Solomon' AIRFLOW_CTX_DAG_ID='spotify_to_s3_data_extraction_v1' AIRFLOW_CTX_TASK_ID='sptoify_to_csv' AIRFLOW_CTX_EXECUTION_DATE='2024-03-21T03:49:00+00:00' AIRFLOW_CTX_TRY_NUMBER='2' AIRFLOW_CTX_DAG_RUN_ID='scheduled__2024-03-21T03:49:00+00:00'
[2024-03-22T10:21:22.222+0000] {logging_mixin.py:188} INFO - The extract function has been executed and this is data in the next line
[2024-03-22T10:21:22.223+0000] {logging_mixin.py:188} INFO - Initiating the Endpoint...
[2024-03-22T10:21:23.440+0000] {logging_mixin.py:188} INFO - Extracting other available tracks
[2024-03-22T10:21:32.619+0000] {logging_mixin.py:188} INFO - Adding the values of index 0 into the appropriate Keys...
[2024-03-22T10:21:41.177+0000] {logging_mixin.py:188} INFO - Adding the values of index 1 into the appropriate Keys...
[2024-03-22T10:21:42.217+0000] {logging_mixin.py:188} INFO - Adding the values of index 2 into the appropriate Keys...
[2024-03-22T10:21:51.787+0000] {logging_mixin.py:188} INFO - Adding the values of index 3 into the appropriate Keys...
[2024-03-22T10:21:52.736+0000] {logging_mixin.py:188} INFO - Adding the values of index 4 into the appropriate Keys...
[2024-03-22T10:21:53.854+0000] {logging_mixin.py:188} INFO - Adding the values of index 5 into the appropriate Keys...
[2024-03-22T10:21:55.373+0000] {logging_mixin.py:188} INFO - Adding the values of index 6 into the appropriate Keys...
[2024-03-22T10:22:01.009+0000] {logging_mixin.py:188} INFO - Adding the values of index 7 into the appropriate Keys...
[2024-03-22T10:22:01.960+0000] {logging_mixin.py:188} INFO - Adding the values of index 8 into the appropriate Keys...
[2024-03-22T10:22:11.223+0000] {logging_mixin.py:188} INFO - Adding the values of index 9 into the appropriate Keys...
[2024-03-22T10:22:20.525+0000] {logging_mixin.py:188} INFO - Done Extracting...
[2024-03-22T10:22:20.552+0000] {python.py:202} INFO - Done. Returned value was: None
[2024-03-22T10:22:20.572+0000] {taskinstance.py:1149} INFO - Marking task as SUCCESS. dag_id=spotify_to_s3_data_extraction_v1, task_id=sptoify_to_csv, execution_date=20240321T034900, start_date=20240322T102120, end_date=20240322T102220
[2024-03-22T10:22:20.646+0000] {local_task_job_runner.py:234} INFO - Task exited with return code 0
[2024-03-22T10:22:20.701+0000] {taskinstance.py:3312} INFO - 1 downstream tasks scheduled from follow-on schedule check
