[2024-03-21T03:57:11.188+0000] {taskinstance.py:1979} INFO - Dependencies all met for dep_context=non-requeueable deps ti=<TaskInstance: spotify_to_s3_data_extraction_v1.sptoify_to_csv scheduled__2024-03-21T03:49:00+00:00 [queued]>
[2024-03-21T03:57:11.201+0000] {taskinstance.py:1979} INFO - Dependencies all met for dep_context=requeueable deps ti=<TaskInstance: spotify_to_s3_data_extraction_v1.sptoify_to_csv scheduled__2024-03-21T03:49:00+00:00 [queued]>
[2024-03-21T03:57:11.202+0000] {taskinstance.py:2193} INFO - Starting attempt 1 of 6
[2024-03-21T03:57:11.221+0000] {taskinstance.py:2217} INFO - Executing <Task(PythonOperator): sptoify_to_csv> on 2024-03-21 03:49:00+00:00
[2024-03-21T03:57:11.231+0000] {standard_task_runner.py:60} INFO - Started process 1714 to run task
[2024-03-21T03:57:11.235+0000] {standard_task_runner.py:87} INFO - Running: ['***', 'tasks', 'run', 'spotify_to_s3_data_extraction_v1', 'sptoify_to_csv', 'scheduled__2024-03-21T03:49:00+00:00', '--job-id', '329', '--raw', '--subdir', 'DAGS_FOLDER/spotify_to_csvs_to_s3.py', '--cfg-path', '/tmp/tmpzsnwyjsr']
[2024-03-21T03:57:11.238+0000] {standard_task_runner.py:88} INFO - Job 329: Subtask sptoify_to_csv
[2024-03-21T03:57:11.319+0000] {task_command.py:423} INFO - Running <TaskInstance: spotify_to_s3_data_extraction_v1.sptoify_to_csv scheduled__2024-03-21T03:49:00+00:00 [running]> on host ca1809388db1
[2024-03-21T03:57:11.508+0000] {taskinstance.py:2513} INFO - Exporting env vars: AIRFLOW_CTX_DAG_OWNER='Nathaniel Solomon' AIRFLOW_CTX_DAG_ID='spotify_to_s3_data_extraction_v1' AIRFLOW_CTX_TASK_ID='sptoify_to_csv' AIRFLOW_CTX_EXECUTION_DATE='2024-03-21T03:49:00+00:00' AIRFLOW_CTX_TRY_NUMBER='1' AIRFLOW_CTX_DAG_RUN_ID='scheduled__2024-03-21T03:49:00+00:00'
[2024-03-21T03:57:11.511+0000] {logging_mixin.py:188} INFO - The extract function has been executed and this is data in the next line
[2024-03-21T03:57:11.512+0000] {logging_mixin.py:188} INFO - Initiating the Endpoint...
[2024-03-21T03:57:12.019+0000] {logging_mixin.py:188} INFO - Extracting other available tracks
[2024-03-21T03:57:19.228+0000] {logging_mixin.py:188} INFO - Adding the values of index 0 into the appropriate Keys...
[2024-03-21T03:57:20.356+0000] {logging_mixin.py:188} INFO - Adding the values of index 1 into the appropriate Keys...
[2024-03-21T03:57:21.818+0000] {logging_mixin.py:188} INFO - Adding the values of index 2 into the appropriate Keys...
[2024-03-21T03:57:23.076+0000] {logging_mixin.py:188} INFO - Adding the values of index 3 into the appropriate Keys...
[2024-03-21T03:57:24.427+0000] {logging_mixin.py:188} INFO - Adding the values of index 4 into the appropriate Keys...
[2024-03-21T03:57:25.758+0000] {logging_mixin.py:188} INFO - Adding the values of index 5 into the appropriate Keys...
[2024-03-21T03:57:27.010+0000] {logging_mixin.py:188} INFO - Adding the values of index 6 into the appropriate Keys...
[2024-03-21T03:57:28.178+0000] {logging_mixin.py:188} INFO - Adding the values of index 7 into the appropriate Keys...
[2024-03-21T03:57:29.514+0000] {logging_mixin.py:188} INFO - Adding the values of index 8 into the appropriate Keys...
[2024-03-21T03:57:31.025+0000] {logging_mixin.py:188} INFO - Adding the values of index 9 into the appropriate Keys...
[2024-03-21T03:57:32.330+0000] {logging_mixin.py:188} INFO - Done Extracting...
[2024-03-21T03:57:32.538+0000] {python.py:202} INFO - Done. Returned value was: None
[2024-03-21T03:57:32.774+0000] {taskinstance.py:1149} INFO - Marking task as SUCCESS. dag_id=spotify_to_s3_data_extraction_v1, task_id=sptoify_to_csv, execution_date=20240321T034900, start_date=20240321T035711, end_date=20240321T035732
[2024-03-21T03:57:33.340+0000] {local_task_job_runner.py:234} INFO - Task exited with return code 0
[2024-03-21T03:57:33.938+0000] {taskinstance.py:3312} INFO - 1 downstream tasks scheduled from follow-on schedule check
