[2024-03-21T04:46:16.360+0000] {taskinstance.py:1979} INFO - Dependencies all met for dep_context=non-requeueable deps ti=<TaskInstance: spotify_to_s3_data_extraction_v1.sptoify_to_csv scheduled__2024-03-21T04:15:00+00:00 [queued]>
[2024-03-21T04:46:16.382+0000] {taskinstance.py:1979} INFO - Dependencies all met for dep_context=requeueable deps ti=<TaskInstance: spotify_to_s3_data_extraction_v1.sptoify_to_csv scheduled__2024-03-21T04:15:00+00:00 [queued]>
[2024-03-21T04:46:16.384+0000] {taskinstance.py:2193} INFO - Starting attempt 2 of 6
[2024-03-21T04:46:16.409+0000] {taskinstance.py:2217} INFO - Executing <Task(PythonOperator): sptoify_to_csv> on 2024-03-21 04:15:00+00:00
[2024-03-21T04:46:16.420+0000] {standard_task_runner.py:60} INFO - Started process 1858 to run task
[2024-03-21T04:46:16.427+0000] {standard_task_runner.py:87} INFO - Running: ['***', 'tasks', 'run', 'spotify_to_s3_data_extraction_v1', 'sptoify_to_csv', 'scheduled__2024-03-21T04:15:00+00:00', '--job-id', '347', '--raw', '--subdir', 'DAGS_FOLDER/spotify_to_csvs_to_s3.py', '--cfg-path', '/tmp/tmpfgei0921']
[2024-03-21T04:46:16.432+0000] {standard_task_runner.py:88} INFO - Job 347: Subtask sptoify_to_csv
[2024-03-21T04:46:16.537+0000] {task_command.py:423} INFO - Running <TaskInstance: spotify_to_s3_data_extraction_v1.sptoify_to_csv scheduled__2024-03-21T04:15:00+00:00 [running]> on host ca1809388db1
[2024-03-21T04:46:16.698+0000] {taskinstance.py:2513} INFO - Exporting env vars: AIRFLOW_CTX_DAG_OWNER='Nathaniel Solomon' AIRFLOW_CTX_DAG_ID='spotify_to_s3_data_extraction_v1' AIRFLOW_CTX_TASK_ID='sptoify_to_csv' AIRFLOW_CTX_EXECUTION_DATE='2024-03-21T04:15:00+00:00' AIRFLOW_CTX_TRY_NUMBER='2' AIRFLOW_CTX_DAG_RUN_ID='scheduled__2024-03-21T04:15:00+00:00'
[2024-03-21T04:46:16.707+0000] {logging_mixin.py:188} INFO - The extract function has been executed and this is data in the next line
[2024-03-21T04:46:16.709+0000] {logging_mixin.py:188} INFO - Initiating the Endpoint...
[2024-03-21T04:46:17.461+0000] {logging_mixin.py:188} INFO - Extracting other available tracks
[2024-03-21T04:46:25.957+0000] {logging_mixin.py:188} INFO - Adding the values of index 0 into the appropriate Keys...
[2024-03-21T04:46:27.365+0000] {logging_mixin.py:188} INFO - Adding the values of index 1 into the appropriate Keys...
[2024-03-21T04:46:28.768+0000] {logging_mixin.py:188} INFO - Adding the values of index 2 into the appropriate Keys...
[2024-03-21T04:46:29.923+0000] {logging_mixin.py:188} INFO - Adding the values of index 3 into the appropriate Keys...
[2024-03-21T04:46:30.974+0000] {logging_mixin.py:188} INFO - Adding the values of index 4 into the appropriate Keys...
[2024-03-21T04:46:32.804+0000] {logging_mixin.py:188} INFO - Adding the values of index 5 into the appropriate Keys...
[2024-03-21T04:46:34.979+0000] {logging_mixin.py:188} INFO - Adding the values of index 6 into the appropriate Keys...
[2024-03-21T04:46:36.501+0000] {logging_mixin.py:188} INFO - Adding the values of index 7 into the appropriate Keys...
[2024-03-21T04:46:37.955+0000] {logging_mixin.py:188} INFO - Adding the values of index 8 into the appropriate Keys...
[2024-03-21T04:46:39.470+0000] {logging_mixin.py:188} INFO - Adding the values of index 9 into the appropriate Keys...
[2024-03-21T04:46:41.034+0000] {logging_mixin.py:188} INFO - Done Extracting...
[2024-03-21T04:46:41.286+0000] {python.py:202} INFO - Done. Returned value was: None
[2024-03-21T04:46:41.527+0000] {taskinstance.py:1149} INFO - Marking task as SUCCESS. dag_id=spotify_to_s3_data_extraction_v1, task_id=sptoify_to_csv, execution_date=20240321T041500, start_date=20240321T044616, end_date=20240321T044641
[2024-03-21T04:46:42.621+0000] {local_task_job_runner.py:234} INFO - Task exited with return code 0
[2024-03-21T04:46:43.227+0000] {taskinstance.py:3312} INFO - 1 downstream tasks scheduled from follow-on schedule check
