[2024-03-22T10:21:22.439+0000] {taskinstance.py:1979} INFO - Dependencies all met for dep_context=non-requeueable deps ti=<TaskInstance: spotify_to_s3_data_extraction_v1.sptoify_to_csv scheduled__2024-03-21T04:15:00+00:00 [queued]>
[2024-03-22T10:21:22.548+0000] {taskinstance.py:1979} INFO - Dependencies all met for dep_context=requeueable deps ti=<TaskInstance: spotify_to_s3_data_extraction_v1.sptoify_to_csv scheduled__2024-03-21T04:15:00+00:00 [queued]>
[2024-03-22T10:21:22.555+0000] {taskinstance.py:2193} INFO - Starting attempt 3 of 8
[2024-03-22T10:21:22.667+0000] {taskinstance.py:2217} INFO - Executing <Task(PythonOperator): sptoify_to_csv> on 2024-03-21 04:15:00+00:00
[2024-03-22T10:21:22.692+0000] {standard_task_runner.py:60} INFO - Started process 5648 to run task
[2024-03-22T10:21:22.731+0000] {standard_task_runner.py:87} INFO - Running: ['***', 'tasks', 'run', 'spotify_to_s3_data_extraction_v1', 'sptoify_to_csv', 'scheduled__2024-03-21T04:15:00+00:00', '--job-id', '1175', '--raw', '--subdir', 'DAGS_FOLDER/spotify_to_csvs_to_s3.py', '--cfg-path', '/tmp/tmp5c_hazff']
[2024-03-22T10:21:22.745+0000] {standard_task_runner.py:88} INFO - Job 1175: Subtask sptoify_to_csv
[2024-03-22T10:21:23.006+0000] {task_command.py:423} INFO - Running <TaskInstance: spotify_to_s3_data_extraction_v1.sptoify_to_csv scheduled__2024-03-21T04:15:00+00:00 [running]> on host ca1809388db1
[2024-03-22T10:21:23.657+0000] {taskinstance.py:2513} INFO - Exporting env vars: AIRFLOW_CTX_DAG_OWNER='Nathaniel Solomon' AIRFLOW_CTX_DAG_ID='spotify_to_s3_data_extraction_v1' AIRFLOW_CTX_TASK_ID='sptoify_to_csv' AIRFLOW_CTX_EXECUTION_DATE='2024-03-21T04:15:00+00:00' AIRFLOW_CTX_TRY_NUMBER='3' AIRFLOW_CTX_DAG_RUN_ID='scheduled__2024-03-21T04:15:00+00:00'
[2024-03-22T10:21:23.661+0000] {logging_mixin.py:188} INFO - The extract function has been executed and this is data in the next line
[2024-03-22T10:21:23.664+0000] {logging_mixin.py:188} INFO - Initiating the Endpoint...
[2024-03-22T10:21:24.668+0000] {logging_mixin.py:188} INFO - Extracting other available tracks
[2024-03-22T10:21:42.092+0000] {logging_mixin.py:188} INFO - Adding the values of index 0 into the appropriate Keys...
[2024-03-22T10:21:52.005+0000] {logging_mixin.py:188} INFO - Adding the values of index 1 into the appropriate Keys...
[2024-03-22T10:21:52.910+0000] {logging_mixin.py:188} INFO - Adding the values of index 2 into the appropriate Keys...
[2024-03-22T10:21:54.093+0000] {logging_mixin.py:188} INFO - Adding the values of index 3 into the appropriate Keys...
[2024-03-22T10:21:55.527+0000] {logging_mixin.py:188} INFO - Adding the values of index 4 into the appropriate Keys...
[2024-03-22T10:22:01.860+0000] {logging_mixin.py:188} INFO - Adding the values of index 5 into the appropriate Keys...
[2024-03-22T10:22:11.111+0000] {logging_mixin.py:188} INFO - Adding the values of index 6 into the appropriate Keys...
[2024-03-22T10:22:20.674+0000] {logging_mixin.py:188} INFO - Adding the values of index 7 into the appropriate Keys...
[2024-03-22T10:22:21.772+0000] {logging_mixin.py:188} INFO - Adding the values of index 8 into the appropriate Keys...
[2024-03-22T10:22:22.843+0000] {logging_mixin.py:188} INFO - Adding the values of index 9 into the appropriate Keys...
[2024-03-22T10:22:23.895+0000] {logging_mixin.py:188} INFO - Done Extracting...
[2024-03-22T10:22:23.942+0000] {python.py:202} INFO - Done. Returned value was: None
[2024-03-22T10:22:23.987+0000] {taskinstance.py:1149} INFO - Marking task as SUCCESS. dag_id=spotify_to_s3_data_extraction_v1, task_id=sptoify_to_csv, execution_date=20240321T041500, start_date=20240322T102122, end_date=20240322T102223
[2024-03-22T10:22:24.054+0000] {local_task_job_runner.py:234} INFO - Task exited with return code 0
[2024-03-22T10:22:24.136+0000] {taskinstance.py:3312} INFO - 1 downstream tasks scheduled from follow-on schedule check
