[2024-03-22T10:21:22.245+0000] {taskinstance.py:1979} INFO - Dependencies all met for dep_context=non-requeueable deps ti=<TaskInstance: spotify_to_s3_data_extraction_v1.sptoify_to_csv scheduled__2024-03-21T03:59:00+00:00 [queued]>
[2024-03-22T10:21:22.291+0000] {taskinstance.py:1979} INFO - Dependencies all met for dep_context=requeueable deps ti=<TaskInstance: spotify_to_s3_data_extraction_v1.sptoify_to_csv scheduled__2024-03-21T03:59:00+00:00 [queued]>
[2024-03-22T10:21:22.317+0000] {taskinstance.py:2193} INFO - Starting attempt 2 of 7
[2024-03-22T10:21:22.464+0000] {taskinstance.py:2217} INFO - Executing <Task(PythonOperator): sptoify_to_csv> on 2024-03-21 03:59:00+00:00
[2024-03-22T10:21:22.535+0000] {standard_task_runner.py:87} INFO - Running: ['***', 'tasks', 'run', 'spotify_to_s3_data_extraction_v1', 'sptoify_to_csv', 'scheduled__2024-03-21T03:59:00+00:00', '--job-id', '1174', '--raw', '--subdir', 'DAGS_FOLDER/spotify_to_csvs_to_s3.py', '--cfg-path', '/tmp/tmpg4h8hqfw']
[2024-03-22T10:21:22.519+0000] {standard_task_runner.py:60} INFO - Started process 5645 to run task
[2024-03-22T10:21:22.547+0000] {standard_task_runner.py:88} INFO - Job 1174: Subtask sptoify_to_csv
[2024-03-22T10:21:22.828+0000] {task_command.py:423} INFO - Running <TaskInstance: spotify_to_s3_data_extraction_v1.sptoify_to_csv scheduled__2024-03-21T03:59:00+00:00 [running]> on host ca1809388db1
[2024-03-22T10:21:23.570+0000] {taskinstance.py:2513} INFO - Exporting env vars: AIRFLOW_CTX_DAG_OWNER='Nathaniel Solomon' AIRFLOW_CTX_DAG_ID='spotify_to_s3_data_extraction_v1' AIRFLOW_CTX_TASK_ID='sptoify_to_csv' AIRFLOW_CTX_EXECUTION_DATE='2024-03-21T03:59:00+00:00' AIRFLOW_CTX_TRY_NUMBER='2' AIRFLOW_CTX_DAG_RUN_ID='scheduled__2024-03-21T03:59:00+00:00'
[2024-03-22T10:21:23.587+0000] {logging_mixin.py:188} INFO - The extract function has been executed and this is data in the next line
[2024-03-22T10:21:23.596+0000] {logging_mixin.py:188} INFO - Initiating the Endpoint...
[2024-03-22T10:21:24.672+0000] {logging_mixin.py:188} INFO - Extracting other available tracks
[2024-03-22T10:21:42.211+0000] {logging_mixin.py:188} INFO - Adding the values of index 0 into the appropriate Keys...
[2024-03-22T10:21:52.308+0000] {logging_mixin.py:188} INFO - Adding the values of index 1 into the appropriate Keys...
[2024-03-22T10:21:53.295+0000] {logging_mixin.py:188} INFO - Adding the values of index 2 into the appropriate Keys...
[2024-03-22T10:21:54.367+0000] {logging_mixin.py:188} INFO - Adding the values of index 3 into the appropriate Keys...
[2024-03-22T10:21:55.645+0000] {logging_mixin.py:188} INFO - Adding the values of index 4 into the appropriate Keys...
[2024-03-22T10:21:56.595+0000] {logging_mixin.py:188} INFO - Adding the values of index 5 into the appropriate Keys...
[2024-03-22T10:21:57.539+0000] {logging_mixin.py:188} INFO - Adding the values of index 6 into the appropriate Keys...
[2024-03-22T10:22:01.283+0000] {logging_mixin.py:188} INFO - Adding the values of index 7 into the appropriate Keys...
[2024-03-22T10:22:02.102+0000] {logging_mixin.py:188} INFO - Adding the values of index 8 into the appropriate Keys...
[2024-03-22T10:22:11.419+0000] {logging_mixin.py:188} INFO - Adding the values of index 9 into the appropriate Keys...
[2024-03-22T10:22:20.616+0000] {logging_mixin.py:188} INFO - Done Extracting...
[2024-03-22T10:22:20.639+0000] {python.py:202} INFO - Done. Returned value was: None
[2024-03-22T10:22:20.661+0000] {taskinstance.py:1149} INFO - Marking task as SUCCESS. dag_id=spotify_to_s3_data_extraction_v1, task_id=sptoify_to_csv, execution_date=20240321T035900, start_date=20240322T102122, end_date=20240322T102220
[2024-03-22T10:22:20.727+0000] {local_task_job_runner.py:234} INFO - Task exited with return code 0
[2024-03-22T10:22:20.792+0000] {taskinstance.py:3312} INFO - 1 downstream tasks scheduled from follow-on schedule check
