[2024-03-21T04:00:01.809+0000] {taskinstance.py:1979} INFO - Dependencies all met for dep_context=non-requeueable deps ti=<TaskInstance: spotify_to_s3_data_extraction_v1.sptoify_to_csv scheduled__2024-03-21T03:59:00+00:00 [queued]>
[2024-03-21T04:00:01.827+0000] {taskinstance.py:1979} INFO - Dependencies all met for dep_context=requeueable deps ti=<TaskInstance: spotify_to_s3_data_extraction_v1.sptoify_to_csv scheduled__2024-03-21T03:59:00+00:00 [queued]>
[2024-03-21T04:00:01.828+0000] {taskinstance.py:2193} INFO - Starting attempt 1 of 6
[2024-03-21T04:00:01.857+0000] {taskinstance.py:2217} INFO - Executing <Task(PythonOperator): sptoify_to_csv> on 2024-03-21 03:59:00+00:00
[2024-03-21T04:00:01.869+0000] {standard_task_runner.py:60} INFO - Started process 1766 to run task
[2024-03-21T04:00:01.887+0000] {standard_task_runner.py:87} INFO - Running: ['***', 'tasks', 'run', 'spotify_to_s3_data_extraction_v1', 'sptoify_to_csv', 'scheduled__2024-03-21T03:59:00+00:00', '--job-id', '335', '--raw', '--subdir', 'DAGS_FOLDER/spotify_to_csvs_to_s3.py', '--cfg-path', '/tmp/tmprdoysxag']
[2024-03-21T04:00:01.900+0000] {standard_task_runner.py:88} INFO - Job 335: Subtask sptoify_to_csv
[2024-03-21T04:00:02.020+0000] {task_command.py:423} INFO - Running <TaskInstance: spotify_to_s3_data_extraction_v1.sptoify_to_csv scheduled__2024-03-21T03:59:00+00:00 [running]> on host ca1809388db1
[2024-03-21T04:00:02.257+0000] {taskinstance.py:2513} INFO - Exporting env vars: AIRFLOW_CTX_DAG_OWNER='Nathaniel Solomon' AIRFLOW_CTX_DAG_ID='spotify_to_s3_data_extraction_v1' AIRFLOW_CTX_TASK_ID='sptoify_to_csv' AIRFLOW_CTX_EXECUTION_DATE='2024-03-21T03:59:00+00:00' AIRFLOW_CTX_TRY_NUMBER='1' AIRFLOW_CTX_DAG_RUN_ID='scheduled__2024-03-21T03:59:00+00:00'
[2024-03-21T04:00:02.260+0000] {logging_mixin.py:188} INFO - The extract function has been executed and this is data in the next line
[2024-03-21T04:00:02.262+0000] {logging_mixin.py:188} INFO - Initiating the Endpoint...
[2024-03-21T04:00:03.008+0000] {logging_mixin.py:188} INFO - Extracting other available tracks
[2024-03-21T04:00:10.487+0000] {logging_mixin.py:188} INFO - Adding the values of index 0 into the appropriate Keys...
[2024-03-21T04:00:11.484+0000] {logging_mixin.py:188} INFO - Adding the values of index 1 into the appropriate Keys...
[2024-03-21T04:00:12.398+0000] {logging_mixin.py:188} INFO - Adding the values of index 2 into the appropriate Keys...
[2024-03-21T04:00:13.280+0000] {logging_mixin.py:188} INFO - Adding the values of index 3 into the appropriate Keys...
[2024-03-21T04:00:14.347+0000] {logging_mixin.py:188} INFO - Adding the values of index 4 into the appropriate Keys...
[2024-03-21T04:00:15.325+0000] {logging_mixin.py:188} INFO - Adding the values of index 5 into the appropriate Keys...
[2024-03-21T04:00:16.420+0000] {logging_mixin.py:188} INFO - Adding the values of index 6 into the appropriate Keys...
[2024-03-21T04:00:17.368+0000] {logging_mixin.py:188} INFO - Adding the values of index 7 into the appropriate Keys...
[2024-03-21T04:00:18.326+0000] {logging_mixin.py:188} INFO - Adding the values of index 8 into the appropriate Keys...
[2024-03-21T04:00:19.387+0000] {logging_mixin.py:188} INFO - Adding the values of index 9 into the appropriate Keys...
[2024-03-21T04:00:20.445+0000] {logging_mixin.py:188} INFO - Done Extracting...
[2024-03-21T04:00:20.479+0000] {python.py:202} INFO - Done. Returned value was: None
[2024-03-21T04:00:20.503+0000] {taskinstance.py:1149} INFO - Marking task as SUCCESS. dag_id=spotify_to_s3_data_extraction_v1, task_id=sptoify_to_csv, execution_date=20240321T035900, start_date=20240321T040001, end_date=20240321T040020
[2024-03-21T04:00:20.596+0000] {local_task_job_runner.py:234} INFO - Task exited with return code 0
[2024-03-21T04:00:20.655+0000] {taskinstance.py:3312} INFO - 1 downstream tasks scheduled from follow-on schedule check
