[2024-03-21T00:05:55.205+0000] {taskinstance.py:1979} INFO - Dependencies all met for dep_context=non-requeueable deps ti=<TaskInstance: spotify_to_s3_data_extraction_v1.sptoify_to_csv scheduled__2024-03-20T23:50:00+00:00 [queued]>
[2024-03-21T00:05:55.224+0000] {taskinstance.py:1979} INFO - Dependencies all met for dep_context=requeueable deps ti=<TaskInstance: spotify_to_s3_data_extraction_v1.sptoify_to_csv scheduled__2024-03-20T23:50:00+00:00 [queued]>
[2024-03-21T00:05:55.225+0000] {taskinstance.py:2193} INFO - Starting attempt 1 of 6
[2024-03-21T00:05:55.245+0000] {taskinstance.py:2217} INFO - Executing <Task(PythonOperator): sptoify_to_csv> on 2024-03-20 23:50:00+00:00
[2024-03-21T00:05:55.255+0000] {standard_task_runner.py:60} INFO - Started process 1014 to run task
[2024-03-21T00:05:55.261+0000] {standard_task_runner.py:87} INFO - Running: ['***', 'tasks', 'run', 'spotify_to_s3_data_extraction_v1', 'sptoify_to_csv', 'scheduled__2024-03-20T23:50:00+00:00', '--job-id', '221', '--raw', '--subdir', 'DAGS_FOLDER/spotify_to_csvs_to_s3.py', '--cfg-path', '/tmp/tmp6lq9kl6c']
[2024-03-21T00:05:55.266+0000] {standard_task_runner.py:88} INFO - Job 221: Subtask sptoify_to_csv
[2024-03-21T00:05:55.341+0000] {task_command.py:423} INFO - Running <TaskInstance: spotify_to_s3_data_extraction_v1.sptoify_to_csv scheduled__2024-03-20T23:50:00+00:00 [running]> on host ca1809388db1
[2024-03-21T00:05:55.466+0000] {taskinstance.py:2513} INFO - Exporting env vars: AIRFLOW_CTX_DAG_OWNER='Nathaniel Solomon' AIRFLOW_CTX_DAG_ID='spotify_to_s3_data_extraction_v1' AIRFLOW_CTX_TASK_ID='sptoify_to_csv' AIRFLOW_CTX_EXECUTION_DATE='2024-03-20T23:50:00+00:00' AIRFLOW_CTX_TRY_NUMBER='1' AIRFLOW_CTX_DAG_RUN_ID='scheduled__2024-03-20T23:50:00+00:00'
[2024-03-21T00:05:55.469+0000] {logging_mixin.py:188} INFO - The extract function has been executed and this is data in the next line
[2024-03-21T00:05:55.470+0000] {logging_mixin.py:188} INFO - Initiating the Endpoint...
[2024-03-21T00:05:56.011+0000] {logging_mixin.py:188} INFO - Extracting other available tracks
[2024-03-21T00:06:05.120+0000] {logging_mixin.py:188} INFO - Adding the values of index 0 into the appropriate Keys...
[2024-03-21T00:06:08.679+0000] {logging_mixin.py:188} INFO - Adding the values of index 1 into the appropriate Keys...
[2024-03-21T00:06:12.359+0000] {logging_mixin.py:188} INFO - Adding the values of index 2 into the appropriate Keys...
[2024-03-21T00:06:15.762+0000] {logging_mixin.py:188} INFO - Adding the values of index 3 into the appropriate Keys...
[2024-03-21T00:06:18.871+0000] {logging_mixin.py:188} INFO - Adding the values of index 4 into the appropriate Keys...
[2024-03-21T00:06:21.118+0000] {logging_mixin.py:188} INFO - Adding the values of index 5 into the appropriate Keys...
[2024-03-21T00:06:23.980+0000] {logging_mixin.py:188} INFO - Adding the values of index 6 into the appropriate Keys...
[2024-03-21T00:06:26.963+0000] {logging_mixin.py:188} INFO - Adding the values of index 7 into the appropriate Keys...
[2024-03-21T00:06:32.346+0000] {logging_mixin.py:188} INFO - Adding the values of index 8 into the appropriate Keys...
[2024-03-21T00:06:37.356+0000] {logging_mixin.py:188} INFO - Adding the values of index 9 into the appropriate Keys...
[2024-03-21T00:06:41.691+0000] {logging_mixin.py:188} INFO - Done Extracting...
[2024-03-21T00:06:42.833+0000] {python.py:202} INFO - Done. Returned value was: None
[2024-03-21T00:06:44.498+0000] {taskinstance.py:1149} INFO - Marking task as SUCCESS. dag_id=spotify_to_s3_data_extraction_v1, task_id=sptoify_to_csv, execution_date=20240320T235000, start_date=20240321T000555, end_date=20240321T000644
[2024-03-21T00:06:46.863+0000] {local_task_job_runner.py:234} INFO - Task exited with return code 0
[2024-03-21T00:06:49.406+0000] {taskinstance.py:3312} INFO - 1 downstream tasks scheduled from follow-on schedule check
