[2024-03-22T10:17:23.356+0000] {taskinstance.py:1979} INFO - Dependencies all met for dep_context=non-requeueable deps ti=<TaskInstance: spotify_to_s3_data_extraction_v1.sptoify_to_csv scheduled__2024-03-20T23:50:00+00:00 [queued]>
[2024-03-22T10:17:23.375+0000] {taskinstance.py:1979} INFO - Dependencies all met for dep_context=requeueable deps ti=<TaskInstance: spotify_to_s3_data_extraction_v1.sptoify_to_csv scheduled__2024-03-20T23:50:00+00:00 [queued]>
[2024-03-22T10:17:23.376+0000] {taskinstance.py:2193} INFO - Starting attempt 2 of 7
[2024-03-22T10:17:23.408+0000] {taskinstance.py:2217} INFO - Executing <Task(PythonOperator): sptoify_to_csv> on 2024-03-20 23:50:00+00:00
[2024-03-22T10:17:23.422+0000] {standard_task_runner.py:60} INFO - Started process 5253 to run task
[2024-03-22T10:17:23.429+0000] {standard_task_runner.py:87} INFO - Running: ['***', 'tasks', 'run', 'spotify_to_s3_data_extraction_v1', 'sptoify_to_csv', 'scheduled__2024-03-20T23:50:00+00:00', '--job-id', '1061', '--raw', '--subdir', 'DAGS_FOLDER/spotify_to_csvs_to_s3.py', '--cfg-path', '/tmp/tmpv6wfst88']
[2024-03-22T10:17:23.435+0000] {standard_task_runner.py:88} INFO - Job 1061: Subtask sptoify_to_csv
[2024-03-22T10:17:23.556+0000] {task_command.py:423} INFO - Running <TaskInstance: spotify_to_s3_data_extraction_v1.sptoify_to_csv scheduled__2024-03-20T23:50:00+00:00 [running]> on host ca1809388db1
[2024-03-22T10:17:23.725+0000] {taskinstance.py:2513} INFO - Exporting env vars: AIRFLOW_CTX_DAG_OWNER='Nathaniel Solomon' AIRFLOW_CTX_DAG_ID='spotify_to_s3_data_extraction_v1' AIRFLOW_CTX_TASK_ID='sptoify_to_csv' AIRFLOW_CTX_EXECUTION_DATE='2024-03-20T23:50:00+00:00' AIRFLOW_CTX_TRY_NUMBER='2' AIRFLOW_CTX_DAG_RUN_ID='scheduled__2024-03-20T23:50:00+00:00'
[2024-03-22T10:17:23.728+0000] {logging_mixin.py:188} INFO - The extract function has been executed and this is data in the next line
[2024-03-22T10:17:23.729+0000] {logging_mixin.py:188} INFO - Initiating the Endpoint...
[2024-03-22T10:17:24.602+0000] {logging_mixin.py:188} INFO - Extracting other available tracks
[2024-03-22T10:17:33.979+0000] {logging_mixin.py:188} INFO - Adding the values of index 0 into the appropriate Keys...
[2024-03-22T10:17:41.307+0000] {logging_mixin.py:188} INFO - Adding the values of index 1 into the appropriate Keys...
[2024-03-22T10:17:50.512+0000] {logging_mixin.py:188} INFO - Adding the values of index 2 into the appropriate Keys...
[2024-03-22T10:17:51.409+0000] {logging_mixin.py:188} INFO - Adding the values of index 3 into the appropriate Keys...
[2024-03-22T10:17:52.343+0000] {logging_mixin.py:188} INFO - Adding the values of index 4 into the appropriate Keys...
[2024-03-22T10:17:53.168+0000] {logging_mixin.py:188} INFO - Adding the values of index 5 into the appropriate Keys...
[2024-03-22T10:18:01.227+0000] {logging_mixin.py:188} INFO - Adding the values of index 6 into the appropriate Keys...
[2024-03-22T10:18:10.755+0000] {logging_mixin.py:188} INFO - Adding the values of index 7 into the appropriate Keys...
[2024-03-22T10:18:11.651+0000] {logging_mixin.py:188} INFO - Adding the values of index 8 into the appropriate Keys...
[2024-03-22T10:18:21.869+0000] {logging_mixin.py:188} INFO - Adding the values of index 9 into the appropriate Keys...
[2024-03-22T10:18:31.783+0000] {logging_mixin.py:188} INFO - Done Extracting...
[2024-03-22T10:18:31.800+0000] {python.py:202} INFO - Done. Returned value was: None
[2024-03-22T10:18:31.816+0000] {taskinstance.py:1149} INFO - Marking task as SUCCESS. dag_id=spotify_to_s3_data_extraction_v1, task_id=sptoify_to_csv, execution_date=20240320T235000, start_date=20240322T101723, end_date=20240322T101831
[2024-03-22T10:18:32.024+0000] {local_task_job_runner.py:234} INFO - Task exited with return code 0
[2024-03-22T10:18:32.092+0000] {taskinstance.py:3312} INFO - 1 downstream tasks scheduled from follow-on schedule check
