[2024-03-24T07:30:24.343+0000] {taskinstance.py:1979} INFO - Dependencies all met for dep_context=non-requeueable deps ti=<TaskInstance: spotify_to_s3_data_extraction_v3_x64.sptoify_to_csv scheduled__2024-03-23T00:00:00+00:00 [queued]>
[2024-03-24T07:30:24.351+0000] {taskinstance.py:1979} INFO - Dependencies all met for dep_context=requeueable deps ti=<TaskInstance: spotify_to_s3_data_extraction_v3_x64.sptoify_to_csv scheduled__2024-03-23T00:00:00+00:00 [queued]>
[2024-03-24T07:30:24.351+0000] {taskinstance.py:2193} INFO - Starting attempt 1 of 6
[2024-03-24T07:30:24.363+0000] {taskinstance.py:2217} INFO - Executing <Task(PythonOperator): sptoify_to_csv> on 2024-03-23 00:00:00+00:00
[2024-03-24T07:30:24.369+0000] {standard_task_runner.py:60} INFO - Started process 1999 to run task
[2024-03-24T07:30:24.373+0000] {standard_task_runner.py:87} INFO - Running: ['***', 'tasks', 'run', 'spotify_to_s3_data_extraction_v3_x64', 'sptoify_to_csv', 'scheduled__2024-03-23T00:00:00+00:00', '--job-id', '1359', '--raw', '--subdir', 'DAGS_FOLDER/spotify_to_csvs_to_s3.py', '--cfg-path', '/tmp/tmpe9cudkxz']
[2024-03-24T07:30:24.375+0000] {standard_task_runner.py:88} INFO - Job 1359: Subtask sptoify_to_csv
[2024-03-24T07:30:24.423+0000] {task_command.py:423} INFO - Running <TaskInstance: spotify_to_s3_data_extraction_v3_x64.sptoify_to_csv scheduled__2024-03-23T00:00:00+00:00 [running]> on host bc244bd8b198
[2024-03-24T07:30:24.497+0000] {taskinstance.py:2513} INFO - Exporting env vars: AIRFLOW_CTX_DAG_OWNER='Nathaniel Solomon' AIRFLOW_CTX_DAG_ID='spotify_to_s3_data_extraction_v3_x64' AIRFLOW_CTX_TASK_ID='sptoify_to_csv' AIRFLOW_CTX_EXECUTION_DATE='2024-03-23T00:00:00+00:00' AIRFLOW_CTX_TRY_NUMBER='1' AIRFLOW_CTX_DAG_RUN_ID='scheduled__2024-03-23T00:00:00+00:00'
[2024-03-24T07:30:24.499+0000] {logging_mixin.py:188} INFO - The extract function has been executed and this is data in the next line
[2024-03-24T07:30:24.499+0000] {logging_mixin.py:188} INFO - Initiating the Endpoint...
[2024-03-24T07:30:25.156+0000] {logging_mixin.py:188} INFO - Extracting other available tracks
[2024-03-24T07:30:34.222+0000] {logging_mixin.py:188} INFO - Adding the values of index 0 into the appropriate Keys...
[2024-03-24T07:30:35.331+0000] {logging_mixin.py:188} INFO - Adding the values of index 1 into the appropriate Keys...
[2024-03-24T07:30:36.397+0000] {logging_mixin.py:188} INFO - Adding the values of index 2 into the appropriate Keys...
[2024-03-24T07:30:37.506+0000] {logging_mixin.py:188} INFO - Adding the values of index 3 into the appropriate Keys...
[2024-03-24T07:30:38.729+0000] {logging_mixin.py:188} INFO - Adding the values of index 4 into the appropriate Keys...
[2024-03-24T07:30:40.052+0000] {logging_mixin.py:188} INFO - Adding the values of index 5 into the appropriate Keys...
[2024-03-24T07:30:41.190+0000] {logging_mixin.py:188} INFO - Adding the values of index 6 into the appropriate Keys...
[2024-03-24T07:30:42.222+0000] {logging_mixin.py:188} INFO - Adding the values of index 7 into the appropriate Keys...
[2024-03-24T07:30:43.359+0000] {logging_mixin.py:188} INFO - Adding the values of index 8 into the appropriate Keys...
[2024-03-24T07:30:44.633+0000] {logging_mixin.py:188} INFO - Adding the values of index 9 into the appropriate Keys...
[2024-03-24T07:30:45.905+0000] {logging_mixin.py:188} INFO - Done Extracting...
[2024-03-24T07:30:45.924+0000] {python.py:202} INFO - Done. Returned value was: None
[2024-03-24T07:30:45.935+0000] {taskinstance.py:1149} INFO - Marking task as SUCCESS. dag_id=spotify_to_s3_data_extraction_v3_x64, task_id=sptoify_to_csv, execution_date=20240323T000000, start_date=20240324T073024, end_date=20240324T073045
[2024-03-24T07:30:45.976+0000] {local_task_job_runner.py:234} INFO - Task exited with return code 0
[2024-03-24T07:30:45.999+0000] {taskinstance.py:3312} INFO - 1 downstream tasks scheduled from follow-on schedule check
