[2024-03-21T02:32:35.983+0000] {taskinstance.py:1979} INFO - Dependencies all met for dep_context=non-requeueable deps ti=<TaskInstance: spotify_to_s3_data_extraction_v1.sptoify_to_csv scheduled__2024-03-21T01:46:00+00:00 [queued]>
[2024-03-21T02:32:36.000+0000] {taskinstance.py:1979} INFO - Dependencies all met for dep_context=requeueable deps ti=<TaskInstance: spotify_to_s3_data_extraction_v1.sptoify_to_csv scheduled__2024-03-21T01:46:00+00:00 [queued]>
[2024-03-21T02:32:36.001+0000] {taskinstance.py:2193} INFO - Starting attempt 4 of 6
[2024-03-21T02:32:36.025+0000] {taskinstance.py:2217} INFO - Executing <Task(PythonOperator): sptoify_to_csv> on 2024-03-21 01:46:00+00:00
[2024-03-21T02:32:36.036+0000] {standard_task_runner.py:60} INFO - Started process 1492 to run task
[2024-03-21T02:32:36.041+0000] {standard_task_runner.py:87} INFO - Running: ['***', 'tasks', 'run', 'spotify_to_s3_data_extraction_v1', 'sptoify_to_csv', 'scheduled__2024-03-21T01:46:00+00:00', '--job-id', '297', '--raw', '--subdir', 'DAGS_FOLDER/spotify_to_csvs_to_s3.py', '--cfg-path', '/tmp/tmpvdusel1v']
[2024-03-21T02:32:36.050+0000] {standard_task_runner.py:88} INFO - Job 297: Subtask sptoify_to_csv
[2024-03-21T02:32:36.151+0000] {task_command.py:423} INFO - Running <TaskInstance: spotify_to_s3_data_extraction_v1.sptoify_to_csv scheduled__2024-03-21T01:46:00+00:00 [running]> on host ca1809388db1
[2024-03-21T02:32:36.308+0000] {taskinstance.py:2513} INFO - Exporting env vars: AIRFLOW_CTX_DAG_OWNER='Nathaniel Solomon' AIRFLOW_CTX_DAG_ID='spotify_to_s3_data_extraction_v1' AIRFLOW_CTX_TASK_ID='sptoify_to_csv' AIRFLOW_CTX_EXECUTION_DATE='2024-03-21T01:46:00+00:00' AIRFLOW_CTX_TRY_NUMBER='4' AIRFLOW_CTX_DAG_RUN_ID='scheduled__2024-03-21T01:46:00+00:00'
[2024-03-21T02:32:36.311+0000] {logging_mixin.py:188} INFO - The extract function has been executed and this is data in the next line
[2024-03-21T02:32:36.318+0000] {logging_mixin.py:188} INFO - Initiating the Endpoint...
[2024-03-21T02:32:36.783+0000] {logging_mixin.py:188} INFO - Extracting other available tracks
[2024-03-21T02:32:44.165+0000] {logging_mixin.py:188} INFO - Adding the values of index 0 into the appropriate Keys...
[2024-03-21T02:32:45.856+0000] {logging_mixin.py:188} INFO - Adding the values of index 1 into the appropriate Keys...
[2024-03-21T02:32:48.346+0000] {logging_mixin.py:188} INFO - Adding the values of index 2 into the appropriate Keys...
[2024-03-21T02:32:50.318+0000] {logging_mixin.py:188} INFO - Adding the values of index 3 into the appropriate Keys...
[2024-03-21T02:32:51.936+0000] {logging_mixin.py:188} INFO - Adding the values of index 4 into the appropriate Keys...
[2024-03-21T02:32:54.434+0000] {logging_mixin.py:188} INFO - Adding the values of index 5 into the appropriate Keys...
[2024-03-21T02:32:57.020+0000] {logging_mixin.py:188} INFO - Adding the values of index 6 into the appropriate Keys...
[2024-03-21T02:32:59.093+0000] {logging_mixin.py:188} INFO - Adding the values of index 7 into the appropriate Keys...
[2024-03-21T02:33:00.898+0000] {logging_mixin.py:188} INFO - Adding the values of index 8 into the appropriate Keys...
[2024-03-21T02:33:02.353+0000] {logging_mixin.py:188} INFO - Adding the values of index 9 into the appropriate Keys...
[2024-03-21T02:33:03.555+0000] {logging_mixin.py:188} INFO - Done Extracting...
[2024-03-21T02:33:04.087+0000] {python.py:202} INFO - Done. Returned value was: None
[2024-03-21T02:33:04.816+0000] {taskinstance.py:1149} INFO - Marking task as SUCCESS. dag_id=spotify_to_s3_data_extraction_v1, task_id=sptoify_to_csv, execution_date=20240321T014600, start_date=20240321T023235, end_date=20240321T023304
[2024-03-21T02:33:06.000+0000] {local_task_job_runner.py:234} INFO - Task exited with return code 0
[2024-03-21T02:33:08.476+0000] {taskinstance.py:3312} INFO - 1 downstream tasks scheduled from follow-on schedule check
