[2024-03-22T10:19:38.449+0000] {taskinstance.py:1979} INFO - Dependencies all met for dep_context=non-requeueable deps ti=<TaskInstance: spotify_to_s3_data_extraction_v1.sptoify_to_csv scheduled__2024-03-21T01:46:00+00:00 [queued]>
[2024-03-22T10:19:38.464+0000] {taskinstance.py:1979} INFO - Dependencies all met for dep_context=requeueable deps ti=<TaskInstance: spotify_to_s3_data_extraction_v1.sptoify_to_csv scheduled__2024-03-21T01:46:00+00:00 [queued]>
[2024-03-22T10:19:38.465+0000] {taskinstance.py:2193} INFO - Starting attempt 5 of 10
[2024-03-22T10:19:38.490+0000] {taskinstance.py:2217} INFO - Executing <Task(PythonOperator): sptoify_to_csv> on 2024-03-21 01:46:00+00:00
[2024-03-22T10:19:38.502+0000] {standard_task_runner.py:60} INFO - Started process 5421 to run task
[2024-03-22T10:19:38.509+0000] {standard_task_runner.py:87} INFO - Running: ['***', 'tasks', 'run', 'spotify_to_s3_data_extraction_v1', 'sptoify_to_csv', 'scheduled__2024-03-21T01:46:00+00:00', '--job-id', '1109', '--raw', '--subdir', 'DAGS_FOLDER/spotify_to_csvs_to_s3.py', '--cfg-path', '/tmp/tmprecdnysf']
[2024-03-22T10:19:38.514+0000] {standard_task_runner.py:88} INFO - Job 1109: Subtask sptoify_to_csv
[2024-03-22T10:19:38.603+0000] {task_command.py:423} INFO - Running <TaskInstance: spotify_to_s3_data_extraction_v1.sptoify_to_csv scheduled__2024-03-21T01:46:00+00:00 [running]> on host ca1809388db1
[2024-03-22T10:19:38.757+0000] {taskinstance.py:2513} INFO - Exporting env vars: AIRFLOW_CTX_DAG_OWNER='Nathaniel Solomon' AIRFLOW_CTX_DAG_ID='spotify_to_s3_data_extraction_v1' AIRFLOW_CTX_TASK_ID='sptoify_to_csv' AIRFLOW_CTX_EXECUTION_DATE='2024-03-21T01:46:00+00:00' AIRFLOW_CTX_TRY_NUMBER='5' AIRFLOW_CTX_DAG_RUN_ID='scheduled__2024-03-21T01:46:00+00:00'
[2024-03-22T10:19:38.759+0000] {logging_mixin.py:188} INFO - The extract function has been executed and this is data in the next line
[2024-03-22T10:19:38.760+0000] {logging_mixin.py:188} INFO - Initiating the Endpoint...
[2024-03-22T10:19:40.650+0000] {logging_mixin.py:188} INFO - Extracting other available tracks
[2024-03-22T10:19:54.881+0000] {logging_mixin.py:188} INFO - Adding the values of index 0 into the appropriate Keys...
[2024-03-22T10:19:57.453+0000] {logging_mixin.py:188} INFO - Adding the values of index 1 into the appropriate Keys...
[2024-03-22T10:19:59.281+0000] {logging_mixin.py:188} INFO - Adding the values of index 2 into the appropriate Keys...
[2024-03-22T10:20:01.246+0000] {logging_mixin.py:188} INFO - Adding the values of index 3 into the appropriate Keys...
[2024-03-22T10:20:03.420+0000] {logging_mixin.py:188} INFO - Adding the values of index 4 into the appropriate Keys...
[2024-03-22T10:20:04.508+0000] {logging_mixin.py:188} INFO - Adding the values of index 5 into the appropriate Keys...
[2024-03-22T10:20:05.602+0000] {logging_mixin.py:188} INFO - Adding the values of index 6 into the appropriate Keys...
[2024-03-22T10:20:07.005+0000] {logging_mixin.py:188} INFO - Adding the values of index 7 into the appropriate Keys...
[2024-03-22T10:20:11.118+0000] {logging_mixin.py:188} INFO - Adding the values of index 8 into the appropriate Keys...
[2024-03-22T10:20:12.906+0000] {logging_mixin.py:188} INFO - Adding the values of index 9 into the appropriate Keys...
[2024-03-22T10:20:14.170+0000] {logging_mixin.py:188} INFO - Done Extracting...
[2024-03-22T10:20:14.269+0000] {python.py:202} INFO - Done. Returned value was: None
[2024-03-22T10:20:14.351+0000] {taskinstance.py:1149} INFO - Marking task as SUCCESS. dag_id=spotify_to_s3_data_extraction_v1, task_id=sptoify_to_csv, execution_date=20240321T014600, start_date=20240322T101938, end_date=20240322T102014
[2024-03-22T10:20:14.499+0000] {local_task_job_runner.py:234} INFO - Task exited with return code 0
[2024-03-22T10:20:14.668+0000] {taskinstance.py:3312} INFO - 1 downstream tasks scheduled from follow-on schedule check
