[2024-03-23T20:56:51.398+0000] {taskinstance.py:1979} INFO - Dependencies all met for dep_context=non-requeueable deps ti=<TaskInstance: spotify_to_s3_data_extraction_v1.sptoify_to_csv scheduled__2024-03-21T08:38:00+00:00 [queued]>
[2024-03-23T20:56:51.412+0000] {taskinstance.py:1979} INFO - Dependencies all met for dep_context=requeueable deps ti=<TaskInstance: spotify_to_s3_data_extraction_v1.sptoify_to_csv scheduled__2024-03-21T08:38:00+00:00 [queued]>
[2024-03-23T20:56:51.413+0000] {taskinstance.py:2193} INFO - Starting attempt 7 of 12
[2024-03-23T20:56:51.431+0000] {taskinstance.py:2217} INFO - Executing <Task(PythonOperator): sptoify_to_csv> on 2024-03-21 08:38:00+00:00
[2024-03-23T20:56:51.440+0000] {standard_task_runner.py:60} INFO - Started process 11262 to run task
[2024-03-23T20:56:51.445+0000] {standard_task_runner.py:87} INFO - Running: ['***', 'tasks', 'run', 'spotify_to_s3_data_extraction_v1', 'sptoify_to_csv', 'scheduled__2024-03-21T08:38:00+00:00', '--job-id', '1292', '--raw', '--subdir', 'DAGS_FOLDER/spotify_to_csvs_to_s3.py', '--cfg-path', '/tmp/tmpq9uqn4o_']
[2024-03-23T20:56:51.449+0000] {standard_task_runner.py:88} INFO - Job 1292: Subtask sptoify_to_csv
[2024-03-23T20:56:51.523+0000] {task_command.py:423} INFO - Running <TaskInstance: spotify_to_s3_data_extraction_v1.sptoify_to_csv scheduled__2024-03-21T08:38:00+00:00 [running]> on host ca1809388db1
[2024-03-23T20:56:51.640+0000] {taskinstance.py:2513} INFO - Exporting env vars: AIRFLOW_CTX_DAG_OWNER='Nathaniel Solomon' AIRFLOW_CTX_DAG_ID='spotify_to_s3_data_extraction_v1' AIRFLOW_CTX_TASK_ID='sptoify_to_csv' AIRFLOW_CTX_EXECUTION_DATE='2024-03-21T08:38:00+00:00' AIRFLOW_CTX_TRY_NUMBER='7' AIRFLOW_CTX_DAG_RUN_ID='scheduled__2024-03-21T08:38:00+00:00'
[2024-03-23T20:56:51.643+0000] {logging_mixin.py:188} INFO - The extract function has been executed and this is data in the next line
[2024-03-23T20:56:51.644+0000] {logging_mixin.py:188} INFO - Initiating the Endpoint...
[2024-03-23T20:56:52.697+0000] {logging_mixin.py:188} INFO - Extracting other available tracks
[2024-03-23T20:57:08.607+0000] {logging_mixin.py:188} INFO - Adding the values of index 0 into the appropriate Keys...
[2024-03-23T20:57:10.298+0000] {logging_mixin.py:188} INFO - Adding the values of index 1 into the appropriate Keys...
[2024-03-23T20:57:12.843+0000] {logging_mixin.py:188} INFO - Adding the values of index 2 into the appropriate Keys...
[2024-03-23T20:57:14.364+0000] {logging_mixin.py:188} INFO - Adding the values of index 3 into the appropriate Keys...
[2024-03-23T20:57:17.956+0000] {logging_mixin.py:188} INFO - Adding the values of index 4 into the appropriate Keys...
[2024-03-23T20:57:19.457+0000] {logging_mixin.py:188} INFO - Adding the values of index 5 into the appropriate Keys...
[2024-03-23T20:57:20.781+0000] {logging_mixin.py:188} INFO - Adding the values of index 6 into the appropriate Keys...
[2024-03-23T20:57:22.177+0000] {logging_mixin.py:188} INFO - Adding the values of index 7 into the appropriate Keys...
[2024-03-23T20:57:24.071+0000] {logging_mixin.py:188} INFO - Adding the values of index 8 into the appropriate Keys...
[2024-03-23T20:57:25.692+0000] {logging_mixin.py:188} INFO - Adding the values of index 9 into the appropriate Keys...
[2024-03-23T20:57:27.183+0000] {logging_mixin.py:188} INFO - Done Extracting...
[2024-03-23T20:57:27.207+0000] {python.py:202} INFO - Done. Returned value was: None
[2024-03-23T20:57:27.228+0000] {taskinstance.py:1149} INFO - Marking task as SUCCESS. dag_id=spotify_to_s3_data_extraction_v1, task_id=sptoify_to_csv, execution_date=20240321T083800, start_date=20240323T205651, end_date=20240323T205727
[2024-03-23T20:57:27.443+0000] {local_task_job_runner.py:234} INFO - Task exited with return code 0
[2024-03-23T20:57:27.483+0000] {taskinstance.py:3312} INFO - 1 downstream tasks scheduled from follow-on schedule check
