[2024-03-23T20:55:56.175+0000] {taskinstance.py:1979} INFO - Dependencies all met for dep_context=non-requeueable deps ti=<TaskInstance: spotify_to_s3_data_extraction_v1.sptoify_to_csv scheduled__2024-03-21T08:35:00+00:00 [queued]>
[2024-03-23T20:55:56.191+0000] {taskinstance.py:1979} INFO - Dependencies all met for dep_context=requeueable deps ti=<TaskInstance: spotify_to_s3_data_extraction_v1.sptoify_to_csv scheduled__2024-03-21T08:35:00+00:00 [queued]>
[2024-03-23T20:55:56.192+0000] {taskinstance.py:2193} INFO - Starting attempt 7 of 12
[2024-03-23T20:55:56.213+0000] {taskinstance.py:2217} INFO - Executing <Task(PythonOperator): sptoify_to_csv> on 2024-03-21 08:35:00+00:00
[2024-03-23T20:55:56.224+0000] {standard_task_runner.py:60} INFO - Started process 11224 to run task
[2024-03-23T20:55:56.230+0000] {standard_task_runner.py:87} INFO - Running: ['***', 'tasks', 'run', 'spotify_to_s3_data_extraction_v1', 'sptoify_to_csv', 'scheduled__2024-03-21T08:35:00+00:00', '--job-id', '1282', '--raw', '--subdir', 'DAGS_FOLDER/spotify_to_csvs_to_s3.py', '--cfg-path', '/tmp/tmp9tw5wx3h']
[2024-03-23T20:55:56.236+0000] {standard_task_runner.py:88} INFO - Job 1282: Subtask sptoify_to_csv
[2024-03-23T20:55:56.334+0000] {task_command.py:423} INFO - Running <TaskInstance: spotify_to_s3_data_extraction_v1.sptoify_to_csv scheduled__2024-03-21T08:35:00+00:00 [running]> on host ca1809388db1
[2024-03-23T20:55:56.519+0000] {taskinstance.py:2513} INFO - Exporting env vars: AIRFLOW_CTX_DAG_OWNER='Nathaniel Solomon' AIRFLOW_CTX_DAG_ID='spotify_to_s3_data_extraction_v1' AIRFLOW_CTX_TASK_ID='sptoify_to_csv' AIRFLOW_CTX_EXECUTION_DATE='2024-03-21T08:35:00+00:00' AIRFLOW_CTX_TRY_NUMBER='7' AIRFLOW_CTX_DAG_RUN_ID='scheduled__2024-03-21T08:35:00+00:00'
[2024-03-23T20:55:56.522+0000] {logging_mixin.py:188} INFO - The extract function has been executed and this is data in the next line
[2024-03-23T20:55:56.522+0000] {logging_mixin.py:188} INFO - Initiating the Endpoint...
[2024-03-23T20:55:57.449+0000] {logging_mixin.py:188} INFO - Extracting other available tracks
[2024-03-23T20:56:07.570+0000] {logging_mixin.py:188} INFO - Adding the values of index 0 into the appropriate Keys...
[2024-03-23T20:56:09.423+0000] {logging_mixin.py:188} INFO - Adding the values of index 1 into the appropriate Keys...
[2024-03-23T20:56:11.450+0000] {logging_mixin.py:188} INFO - Adding the values of index 2 into the appropriate Keys...
[2024-03-23T20:56:12.869+0000] {logging_mixin.py:188} INFO - Adding the values of index 3 into the appropriate Keys...
[2024-03-23T20:56:14.414+0000] {logging_mixin.py:188} INFO - Adding the values of index 4 into the appropriate Keys...
[2024-03-23T20:56:16.037+0000] {logging_mixin.py:188} INFO - Adding the values of index 5 into the appropriate Keys...
[2024-03-23T20:56:17.541+0000] {logging_mixin.py:188} INFO - Adding the values of index 6 into the appropriate Keys...
[2024-03-23T20:56:18.864+0000] {logging_mixin.py:188} INFO - Adding the values of index 7 into the appropriate Keys...
[2024-03-23T20:56:20.672+0000] {logging_mixin.py:188} INFO - Adding the values of index 8 into the appropriate Keys...
[2024-03-23T20:56:22.051+0000] {logging_mixin.py:188} INFO - Adding the values of index 9 into the appropriate Keys...
[2024-03-23T20:56:23.502+0000] {logging_mixin.py:188} INFO - Done Extracting...
[2024-03-23T20:56:23.519+0000] {python.py:202} INFO - Done. Returned value was: None
[2024-03-23T20:56:23.535+0000] {taskinstance.py:1149} INFO - Marking task as SUCCESS. dag_id=spotify_to_s3_data_extraction_v1, task_id=sptoify_to_csv, execution_date=20240321T083500, start_date=20240323T205556, end_date=20240323T205623
[2024-03-23T20:56:23.601+0000] {local_task_job_runner.py:234} INFO - Task exited with return code 0
[2024-03-23T20:56:23.652+0000] {taskinstance.py:3312} INFO - 1 downstream tasks scheduled from follow-on schedule check
