[2024-03-20T22:44:01.314+0000] {taskinstance.py:1979} INFO - Dependencies all met for dep_context=non-requeueable deps ti=<TaskInstance: spotify_to_s3_data_extraction_v1.sptoify_to_csv scheduled__2024-03-20T22:43:00+00:00 [queued]>
[2024-03-20T22:44:01.323+0000] {taskinstance.py:1979} INFO - Dependencies all met for dep_context=requeueable deps ti=<TaskInstance: spotify_to_s3_data_extraction_v1.sptoify_to_csv scheduled__2024-03-20T22:43:00+00:00 [queued]>
[2024-03-20T22:44:01.324+0000] {taskinstance.py:2193} INFO - Starting attempt 1 of 6
[2024-03-20T22:44:01.345+0000] {taskinstance.py:2217} INFO - Executing <Task(PythonOperator): sptoify_to_csv> on 2024-03-20 22:43:00+00:00
[2024-03-20T22:44:01.367+0000] {standard_task_runner.py:60} INFO - Started process 759 to run task
[2024-03-20T22:44:01.373+0000] {standard_task_runner.py:87} INFO - Running: ['***', 'tasks', 'run', 'spotify_to_s3_data_extraction_v1', 'sptoify_to_csv', 'scheduled__2024-03-20T22:43:00+00:00', '--job-id', '178', '--raw', '--subdir', 'DAGS_FOLDER/spotify_to_csvs_to_s3.py', '--cfg-path', '/tmp/tmp1xbvwlvg']
[2024-03-20T22:44:01.378+0000] {standard_task_runner.py:88} INFO - Job 178: Subtask sptoify_to_csv
[2024-03-20T22:44:01.484+0000] {task_command.py:423} INFO - Running <TaskInstance: spotify_to_s3_data_extraction_v1.sptoify_to_csv scheduled__2024-03-20T22:43:00+00:00 [running]> on host ca1809388db1
[2024-03-20T22:44:01.612+0000] {taskinstance.py:2513} INFO - Exporting env vars: AIRFLOW_CTX_DAG_OWNER='Nathaniel Solomon' AIRFLOW_CTX_DAG_ID='spotify_to_s3_data_extraction_v1' AIRFLOW_CTX_TASK_ID='sptoify_to_csv' AIRFLOW_CTX_EXECUTION_DATE='2024-03-20T22:43:00+00:00' AIRFLOW_CTX_TRY_NUMBER='1' AIRFLOW_CTX_DAG_RUN_ID='scheduled__2024-03-20T22:43:00+00:00'
[2024-03-20T22:44:01.614+0000] {logging_mixin.py:188} INFO - The extract function has been executed and this is data in the next line
[2024-03-20T22:44:01.615+0000] {logging_mixin.py:188} INFO - Initiating the Endpoint...
[2024-03-20T22:44:02.328+0000] {logging_mixin.py:188} INFO - Extracting other available tracks
[2024-03-20T22:44:10.396+0000] {logging_mixin.py:188} INFO - Adding the values of index 0 into the appropriate Keys...
[2024-03-20T22:44:11.388+0000] {logging_mixin.py:188} INFO - Adding the values of index 1 into the appropriate Keys...
[2024-03-20T22:44:12.261+0000] {logging_mixin.py:188} INFO - Adding the values of index 2 into the appropriate Keys...
[2024-03-20T22:44:13.289+0000] {logging_mixin.py:188} INFO - Adding the values of index 3 into the appropriate Keys...
[2024-03-20T22:44:14.300+0000] {logging_mixin.py:188} INFO - Adding the values of index 4 into the appropriate Keys...
[2024-03-20T22:44:15.297+0000] {logging_mixin.py:188} INFO - Adding the values of index 5 into the appropriate Keys...
[2024-03-20T22:44:16.437+0000] {logging_mixin.py:188} INFO - Adding the values of index 6 into the appropriate Keys...
[2024-03-20T22:44:17.404+0000] {logging_mixin.py:188} INFO - Adding the values of index 7 into the appropriate Keys...
[2024-03-20T22:44:18.350+0000] {logging_mixin.py:188} INFO - Adding the values of index 8 into the appropriate Keys...
[2024-03-20T22:44:20.054+0000] {logging_mixin.py:188} INFO - Adding the values of index 9 into the appropriate Keys...
[2024-03-20T22:44:21.019+0000] {logging_mixin.py:188} INFO - Done Extracting...
[2024-03-20T22:44:21.034+0000] {python.py:202} INFO - Done. Returned value was: None
[2024-03-20T22:44:21.048+0000] {taskinstance.py:1149} INFO - Marking task as SUCCESS. dag_id=spotify_to_s3_data_extraction_v1, task_id=sptoify_to_csv, execution_date=20240320T224300, start_date=20240320T224401, end_date=20240320T224421
[2024-03-20T22:44:21.080+0000] {local_task_job_runner.py:234} INFO - Task exited with return code 0
[2024-03-20T22:44:21.115+0000] {taskinstance.py:3312} INFO - 1 downstream tasks scheduled from follow-on schedule check
