[2024-03-22T10:16:02.095+0000] {taskinstance.py:1979} INFO - Dependencies all met for dep_context=non-requeueable deps ti=<TaskInstance: spotify_to_s3_data_extraction_v1.sptoify_to_csv scheduled__2024-03-20T22:43:00+00:00 [queued]>
[2024-03-22T10:16:02.111+0000] {taskinstance.py:1979} INFO - Dependencies all met for dep_context=requeueable deps ti=<TaskInstance: spotify_to_s3_data_extraction_v1.sptoify_to_csv scheduled__2024-03-20T22:43:00+00:00 [queued]>
[2024-03-22T10:16:02.112+0000] {taskinstance.py:2193} INFO - Starting attempt 2 of 7
[2024-03-22T10:16:02.141+0000] {taskinstance.py:2217} INFO - Executing <Task(PythonOperator): sptoify_to_csv> on 2024-03-20 22:43:00+00:00
[2024-03-22T10:16:02.153+0000] {standard_task_runner.py:60} INFO - Started process 5147 to run task
[2024-03-22T10:16:02.158+0000] {standard_task_runner.py:87} INFO - Running: ['***', 'tasks', 'run', 'spotify_to_s3_data_extraction_v1', 'sptoify_to_csv', 'scheduled__2024-03-20T22:43:00+00:00', '--job-id', '1034', '--raw', '--subdir', 'DAGS_FOLDER/spotify_to_csvs_to_s3.py', '--cfg-path', '/tmp/tmp_vsiqe2e']
[2024-03-22T10:16:02.163+0000] {standard_task_runner.py:88} INFO - Job 1034: Subtask sptoify_to_csv
[2024-03-22T10:16:02.262+0000] {task_command.py:423} INFO - Running <TaskInstance: spotify_to_s3_data_extraction_v1.sptoify_to_csv scheduled__2024-03-20T22:43:00+00:00 [running]> on host ca1809388db1
[2024-03-22T10:16:02.451+0000] {taskinstance.py:2513} INFO - Exporting env vars: AIRFLOW_CTX_DAG_OWNER='Nathaniel Solomon' AIRFLOW_CTX_DAG_ID='spotify_to_s3_data_extraction_v1' AIRFLOW_CTX_TASK_ID='sptoify_to_csv' AIRFLOW_CTX_EXECUTION_DATE='2024-03-20T22:43:00+00:00' AIRFLOW_CTX_TRY_NUMBER='2' AIRFLOW_CTX_DAG_RUN_ID='scheduled__2024-03-20T22:43:00+00:00'
[2024-03-22T10:16:02.453+0000] {logging_mixin.py:188} INFO - The extract function has been executed and this is data in the next line
[2024-03-22T10:16:02.453+0000] {logging_mixin.py:188} INFO - Initiating the Endpoint...
[2024-03-22T10:16:03.193+0000] {logging_mixin.py:188} INFO - Extracting other available tracks
[2024-03-22T10:16:32.731+0000] {logging_mixin.py:188} INFO - Adding the values of index 0 into the appropriate Keys...
[2024-03-22T10:16:40.811+0000] {logging_mixin.py:188} INFO - Adding the values of index 1 into the appropriate Keys...
[2024-03-22T10:16:41.846+0000] {logging_mixin.py:188} INFO - Adding the values of index 2 into the appropriate Keys...
[2024-03-22T10:16:42.699+0000] {logging_mixin.py:188} INFO - Adding the values of index 3 into the appropriate Keys...
[2024-03-22T10:16:43.940+0000] {logging_mixin.py:188} INFO - Adding the values of index 4 into the appropriate Keys...
[2024-03-22T10:16:51.936+0000] {logging_mixin.py:188} INFO - Adding the values of index 5 into the appropriate Keys...
[2024-03-22T10:17:01.566+0000] {logging_mixin.py:188} INFO - Adding the values of index 6 into the appropriate Keys...
[2024-03-22T10:17:03.148+0000] {logging_mixin.py:188} INFO - Adding the values of index 7 into the appropriate Keys...
[2024-03-22T10:17:04.191+0000] {logging_mixin.py:188} INFO - Adding the values of index 8 into the appropriate Keys...
[2024-03-22T10:17:06.249+0000] {logging_mixin.py:188} INFO - Adding the values of index 9 into the appropriate Keys...
[2024-03-22T10:17:11.756+0000] {logging_mixin.py:188} INFO - Done Extracting...
[2024-03-22T10:17:11.836+0000] {python.py:202} INFO - Done. Returned value was: None
[2024-03-22T10:17:11.901+0000] {taskinstance.py:1149} INFO - Marking task as SUCCESS. dag_id=spotify_to_s3_data_extraction_v1, task_id=sptoify_to_csv, execution_date=20240320T224300, start_date=20240322T101602, end_date=20240322T101711
[2024-03-22T10:17:12.043+0000] {local_task_job_runner.py:234} INFO - Task exited with return code 0
[2024-03-22T10:17:12.390+0000] {taskinstance.py:3312} INFO - 0 downstream tasks scheduled from follow-on schedule check
