[2024-03-30T01:53:15.962+0000] {taskinstance.py:1979} INFO - Dependencies all met for dep_context=non-requeueable deps ti=<TaskInstance: billboard_to_spotify_to_s3_extractionV1.sptoify_to_csv scheduled__2024-03-29T00:00:00+00:00 [queued]>
[2024-03-30T01:53:15.986+0000] {taskinstance.py:1979} INFO - Dependencies all met for dep_context=requeueable deps ti=<TaskInstance: billboard_to_spotify_to_s3_extractionV1.sptoify_to_csv scheduled__2024-03-29T00:00:00+00:00 [queued]>
[2024-03-30T01:53:15.988+0000] {taskinstance.py:2193} INFO - Starting attempt 5 of 6
[2024-03-30T01:53:16.019+0000] {taskinstance.py:2217} INFO - Executing <Task(PythonOperator): sptoify_to_csv> on 2024-03-29 00:00:00+00:00
[2024-03-30T01:53:16.036+0000] {standard_task_runner.py:60} INFO - Started process 5588 to run task
[2024-03-30T01:53:16.046+0000] {standard_task_runner.py:87} INFO - Running: ['***', 'tasks', 'run', 'billboard_to_spotify_to_s3_extractionV1', 'sptoify_to_csv', 'scheduled__2024-03-29T00:00:00+00:00', '--job-id', '1512', '--raw', '--subdir', 'DAGS_FOLDER/billboard_to_spotify_to_csvs_to_s3.py', '--cfg-path', '/tmp/tmprmk31z27']
[2024-03-30T01:53:16.052+0000] {standard_task_runner.py:88} INFO - Job 1512: Subtask sptoify_to_csv
[2024-03-30T01:53:16.158+0000] {task_command.py:423} INFO - Running <TaskInstance: billboard_to_spotify_to_s3_extractionV1.sptoify_to_csv scheduled__2024-03-29T00:00:00+00:00 [running]> on host bdb7303f046f
[2024-03-30T01:53:16.331+0000] {taskinstance.py:2513} INFO - Exporting env vars: AIRFLOW_CTX_DAG_OWNER='Nathaniel Solomon' AIRFLOW_CTX_DAG_ID='billboard_to_spotify_to_s3_extractionV1' AIRFLOW_CTX_TASK_ID='sptoify_to_csv' AIRFLOW_CTX_EXECUTION_DATE='2024-03-29T00:00:00+00:00' AIRFLOW_CTX_TRY_NUMBER='5' AIRFLOW_CTX_DAG_RUN_ID='scheduled__2024-03-29T00:00:00+00:00'
[2024-03-30T01:53:16.354+0000] {logging_mixin.py:188} INFO - GOT THE TOP ARTISTS DAT FROM XCOM
[2024-03-30T01:53:16.355+0000] {logging_mixin.py:188} INFO - GETTING ARTISTS BIO DATA
[2024-03-30T01:53:16.947+0000] {logging_mixin.py:188} INFO - GETTING ARTISTS ALBUMS DATA
[2024-03-30T01:53:17.238+0000] {logging_mixin.py:188} INFO - Taylor Swift has appeared on a total of 385 albums
[2024-03-30T01:53:17.239+0000] {logging_mixin.py:188} INFO -  Now stagging the albums ...
[2024-03-30T01:53:22.633+0000] {logging_mixin.py:188} INFO -  Taylor Swift albums stagged ... 
[2024-03-30T01:53:22.634+0000] {logging_mixin.py:188} INFO -  transforming Taylor Swift albums data ... 
[2024-03-30T01:53:22.635+0000] {logging_mixin.py:188} INFO - GETTING ALBUMS TRACKS DATA
[2024-03-30T01:53:22.861+0000] {logging_mixin.py:188} INFO -  Now stagging the tracks ...
[2024-03-30T01:53:22.862+0000] {logging_mixin.py:188} INFO -  1989 (Taylor's Version) [Deluxe] tracks stagged ... 
[2024-03-30T01:53:22.863+0000] {logging_mixin.py:188} INFO -  transforming 1989 (Taylor's Version) [Deluxe] tracks data ... 
[2024-03-30T01:53:24.523+0000] {logging_mixin.py:188} INFO - GETTING ALBUMS TRACKS DATA
[2024-03-30T01:53:24.740+0000] {logging_mixin.py:188} INFO -  Now stagging the tracks ...
[2024-03-30T01:53:24.741+0000] {logging_mixin.py:188} INFO -  1989 (Taylor's Version) tracks stagged ... 
[2024-03-30T01:53:24.742+0000] {logging_mixin.py:188} INFO -  transforming 1989 (Taylor's Version) tracks data ... 
[2024-03-30T01:53:26.461+0000] {logging_mixin.py:188} INFO - GETTING ALBUMS TRACKS DATA
[2024-03-30T01:53:26.686+0000] {logging_mixin.py:188} INFO -  Now stagging the tracks ...
[2024-03-30T01:53:26.687+0000] {logging_mixin.py:188} INFO -  Speak Now (Taylor's Version) tracks stagged ... 
[2024-03-30T01:53:26.688+0000] {logging_mixin.py:188} INFO -  transforming Speak Now (Taylor's Version) tracks data ... 
[2024-03-30T01:53:28.333+0000] {logging_mixin.py:188} INFO - GETTING ALBUMS TRACKS DATA
[2024-03-30T01:53:28.663+0000] {logging_mixin.py:188} INFO -  Now stagging the tracks ...
[2024-03-30T01:53:28.664+0000] {logging_mixin.py:188} INFO -  Midnights (The Til Dawn Edition) tracks stagged ... 
[2024-03-30T01:53:28.665+0000] {logging_mixin.py:188} INFO -  transforming Midnights (The Til Dawn Edition) tracks data ... 
[2024-03-30T01:53:31.268+0000] {logging_mixin.py:188} INFO - GETTING ALBUMS TRACKS DATA
[2024-03-30T01:53:31.709+0000] {logging_mixin.py:188} INFO -  Now stagging the tracks ...
[2024-03-30T01:53:31.711+0000] {logging_mixin.py:188} INFO -  Midnights (3am Edition) tracks stagged ... 
[2024-03-30T01:53:31.711+0000] {logging_mixin.py:188} INFO -  transforming Midnights (3am Edition) tracks data ... 
[2024-03-30T01:53:33.896+0000] {logging_mixin.py:188} INFO - GETTING ALBUMS TRACKS DATA
[2024-03-30T01:53:34.094+0000] {logging_mixin.py:188} INFO -  Now stagging the tracks ...
[2024-03-30T01:53:34.095+0000] {logging_mixin.py:188} INFO -  Midnights tracks stagged ... 
[2024-03-30T01:53:34.096+0000] {logging_mixin.py:188} INFO -  transforming Midnights tracks data ... 
[2024-03-30T01:53:35.841+0000] {logging_mixin.py:188} INFO - GETTING ALBUMS TRACKS DATA
[2024-03-30T01:53:36.079+0000] {logging_mixin.py:188} INFO -  Now stagging the tracks ...
[2024-03-30T01:53:36.085+0000] {logging_mixin.py:188} INFO -  Red (Taylor's Version) tracks stagged ... 
[2024-03-30T01:53:36.090+0000] {logging_mixin.py:188} INFO -  transforming Red (Taylor's Version) tracks data ... 
[2024-03-30T01:53:37.759+0000] {logging_mixin.py:188} INFO - GETTING ALBUMS TRACKS DATA
[2024-03-30T01:53:38.003+0000] {logging_mixin.py:188} INFO -  Now stagging the tracks ...
[2024-03-30T01:53:38.004+0000] {logging_mixin.py:188} INFO -  Fearless (Taylor's Version) tracks stagged ... 
[2024-03-30T01:53:38.005+0000] {logging_mixin.py:188} INFO -  transforming Fearless (Taylor's Version) tracks data ... 
[2024-03-30T01:53:39.685+0000] {logging_mixin.py:188} INFO - GETTING ALBUMS TRACKS DATA
[2024-03-30T01:53:39.905+0000] {logging_mixin.py:188} INFO -  Now stagging the tracks ...
[2024-03-30T01:53:39.906+0000] {logging_mixin.py:188} INFO -  evermore (deluxe version) tracks stagged ... 
[2024-03-30T01:53:39.907+0000] {logging_mixin.py:188} INFO -  transforming evermore (deluxe version) tracks data ... 
[2024-03-30T01:53:41.568+0000] {logging_mixin.py:188} INFO - GETTING ALBUMS TRACKS DATA
[2024-03-30T01:53:41.804+0000] {logging_mixin.py:188} INFO -  Now stagging the tracks ...
[2024-03-30T01:53:41.806+0000] {logging_mixin.py:188} INFO -  evermore tracks stagged ... 
[2024-03-30T01:53:41.809+0000] {logging_mixin.py:188} INFO -  transforming evermore tracks data ... 
[2024-03-30T01:53:43.470+0000] {logging_mixin.py:188} INFO - DONE WITH Taylor Swift NOW MOVING TO NEXT ARTIST
[2024-03-30T01:53:43.676+0000] {logging_mixin.py:188} INFO - GETTING ARTISTS ALBUMS DATA
[2024-03-30T01:53:44.018+0000] {logging_mixin.py:188} INFO - Kacey Musgraves has appeared on a total of 681 albums
[2024-03-30T01:53:44.021+0000] {logging_mixin.py:188} INFO -  Now stagging the albums ...
[2024-03-30T01:53:55.169+0000] {logging_mixin.py:188} INFO -  Kacey Musgraves albums stagged ... 
[2024-03-30T01:53:55.170+0000] {logging_mixin.py:188} INFO -  transforming Kacey Musgraves albums data ... 
[2024-03-30T01:53:55.171+0000] {logging_mixin.py:188} INFO - GETTING ALBUMS TRACKS DATA
[2024-03-30T01:53:55.399+0000] {logging_mixin.py:188} INFO -  Now stagging the tracks ...
[2024-03-30T01:53:55.401+0000] {logging_mixin.py:188} INFO -  Deeper Well tracks stagged ... 
[2024-03-30T01:53:55.402+0000] {logging_mixin.py:188} INFO -  transforming Deeper Well tracks data ... 
[2024-03-30T01:54:06.701+0000] {taskinstance.py:2731} ERROR - Task failed with exception
Traceback (most recent call last):
  File "/home/airflow/.local/lib/python3.8/site-packages/urllib3/connectionpool.py", line 467, in _make_request
    six.raise_from(e, None)
  File "<string>", line 3, in raise_from
  File "/home/airflow/.local/lib/python3.8/site-packages/urllib3/connectionpool.py", line 462, in _make_request
    httplib_response = conn.getresponse()
  File "/usr/local/lib/python3.8/http/client.py", line 1348, in getresponse
    response.begin()
  File "/usr/local/lib/python3.8/http/client.py", line 316, in begin
    version, status, reason = self._read_status()
  File "/usr/local/lib/python3.8/http/client.py", line 277, in _read_status
    line = str(self.fp.readline(_MAXLINE + 1), "iso-8859-1")
  File "/usr/local/lib/python3.8/socket.py", line 669, in readinto
    return self._sock.recv_into(b)
  File "/usr/local/lib/python3.8/ssl.py", line 1274, in recv_into
    return self.read(nbytes, buffer)
  File "/usr/local/lib/python3.8/ssl.py", line 1132, in read
    return self._sslobj.read(len, buffer)
socket.timeout: The read operation timed out

During handling of the above exception, another exception occurred:

Traceback (most recent call last):
  File "/home/airflow/.local/lib/python3.8/site-packages/requests/adapters.py", line 486, in send
    resp = conn.urlopen(
  File "/home/airflow/.local/lib/python3.8/site-packages/urllib3/connectionpool.py", line 799, in urlopen
    retries = retries.increment(
  File "/home/airflow/.local/lib/python3.8/site-packages/urllib3/util/retry.py", line 550, in increment
    raise six.reraise(type(error), error, _stacktrace)
  File "/home/airflow/.local/lib/python3.8/site-packages/urllib3/packages/six.py", line 770, in reraise
    raise value
  File "/home/airflow/.local/lib/python3.8/site-packages/urllib3/connectionpool.py", line 715, in urlopen
    httplib_response = self._make_request(
  File "/home/airflow/.local/lib/python3.8/site-packages/urllib3/connectionpool.py", line 469, in _make_request
    self._raise_timeout(err=e, url=url, timeout_value=read_timeout)
  File "/home/airflow/.local/lib/python3.8/site-packages/urllib3/connectionpool.py", line 358, in _raise_timeout
    raise ReadTimeoutError(
urllib3.exceptions.ReadTimeoutError: HTTPSConnectionPool(host='api.spotify.com', port=443): Read timed out. (read timeout=5)

During handling of the above exception, another exception occurred:

Traceback (most recent call last):
  File "/home/airflow/.local/lib/python3.8/site-packages/airflow/models/taskinstance.py", line 444, in _execute_task
    result = _execute_callable(context=context, **execute_callable_kwargs)
  File "/home/airflow/.local/lib/python3.8/site-packages/airflow/models/taskinstance.py", line 414, in _execute_callable
    return execute_callable(context=context, **execute_callable_kwargs)
  File "/home/airflow/.local/lib/python3.8/site-packages/airflow/operators/python.py", line 200, in execute
    return_value = self.execute_callable()
  File "/home/airflow/.local/lib/python3.8/site-packages/airflow/operators/python.py", line 217, in execute_callable
    return self.python_callable(*self.op_args, **self.op_kwargs)
  File "/opt/airflow/dags/billboard_to_spotify_to_csvs_to_s3.py", line 156, in Spotify_to_CSV
    track_features = sp.audio_features(track['uri'])
  File "/home/airflow/.local/lib/python3.8/site-packages/spotipy/client.py", line 1734, in audio_features
    results = self._get("audio-features/?ids=" + trackid)
  File "/home/airflow/.local/lib/python3.8/site-packages/spotipy/client.py", line 323, in _get
    return self._internal_call("GET", url, payload, kwargs)
  File "/home/airflow/.local/lib/python3.8/site-packages/spotipy/client.py", line 266, in _internal_call
    response = self._session.request(
  File "/home/airflow/.local/lib/python3.8/site-packages/requests/sessions.py", line 589, in request
    resp = self.send(prep, **send_kwargs)
  File "/home/airflow/.local/lib/python3.8/site-packages/requests/sessions.py", line 703, in send
    r = adapter.send(request, **kwargs)
  File "/home/airflow/.local/lib/python3.8/site-packages/requests/adapters.py", line 532, in send
    raise ReadTimeout(e, request=request)
requests.exceptions.ReadTimeout: HTTPSConnectionPool(host='api.spotify.com', port=443): Read timed out. (read timeout=5)
[2024-03-30T01:54:07.524+0000] {taskinstance.py:1149} INFO - Marking task as UP_FOR_RETRY. dag_id=billboard_to_spotify_to_s3_extractionV1, task_id=sptoify_to_csv, execution_date=20240329T000000, start_date=20240330T015315, end_date=20240330T015407
[2024-03-30T01:54:07.813+0000] {standard_task_runner.py:107} ERROR - Failed to execute job 1512 for task sptoify_to_csv (HTTPSConnectionPool(host='api.spotify.com', port=443): Read timed out. (read timeout=5); 5588)
[2024-03-30T01:54:08.320+0000] {local_task_job_runner.py:234} INFO - Task exited with return code 1
[2024-03-30T01:54:08.469+0000] {taskinstance.py:3312} INFO - 0 downstream tasks scheduled from follow-on schedule check
