[2024-04-10T01:07:51.384+0000] {taskinstance.py:1979} INFO - Dependencies all met for dep_context=non-requeueable deps ti=<TaskInstance: billboard_to_spotify_to_s3_extractionV1.sptoify_to_csv scheduled__2024-03-29T00:00:00+00:00 [queued]>
[2024-04-10T01:07:51.392+0000] {taskinstance.py:1979} INFO - Dependencies all met for dep_context=requeueable deps ti=<TaskInstance: billboard_to_spotify_to_s3_extractionV1.sptoify_to_csv scheduled__2024-03-29T00:00:00+00:00 [queued]>
[2024-04-10T01:07:51.393+0000] {taskinstance.py:2193} INFO - Starting attempt 7 of 12
[2024-04-10T01:07:51.462+0000] {taskinstance.py:2217} INFO - Executing <Task(PythonOperator): sptoify_to_csv> on 2024-03-29 00:00:00+00:00
[2024-04-10T01:07:51.526+0000] {standard_task_runner.py:60} INFO - Started process 78 to run task
[2024-04-10T01:07:51.529+0000] {standard_task_runner.py:87} INFO - Running: ['***', 'tasks', 'run', 'billboard_to_spotify_to_s3_extractionV1', 'sptoify_to_csv', 'scheduled__2024-03-29T00:00:00+00:00', '--job-id', '1597', '--raw', '--subdir', 'DAGS_FOLDER/billboard_to_spotify_to_csvs_to_s3.py', '--cfg-path', '/tmp/tmpid7sfx49']
[2024-04-10T01:07:51.532+0000] {standard_task_runner.py:88} INFO - Job 1597: Subtask sptoify_to_csv
[2024-04-10T01:07:51.606+0000] {task_command.py:423} INFO - Running <TaskInstance: billboard_to_spotify_to_s3_extractionV1.sptoify_to_csv scheduled__2024-03-29T00:00:00+00:00 [running]> on host 66d8d046c9ac
[2024-04-10T01:07:51.725+0000] {taskinstance.py:2513} INFO - Exporting env vars: AIRFLOW_CTX_DAG_OWNER='Nathaniel Solomon' AIRFLOW_CTX_DAG_ID='billboard_to_spotify_to_s3_extractionV1' AIRFLOW_CTX_TASK_ID='sptoify_to_csv' AIRFLOW_CTX_EXECUTION_DATE='2024-03-29T00:00:00+00:00' AIRFLOW_CTX_TRY_NUMBER='7' AIRFLOW_CTX_DAG_RUN_ID='scheduled__2024-03-29T00:00:00+00:00'
[2024-04-10T01:07:51.744+0000] {logging_mixin.py:188} INFO - GOT THE TOP ARTISTS DAT FROM XCOM
[2024-04-10T01:07:51.745+0000] {logging_mixin.py:188} INFO - GETTING ARTISTS BIO DATA
[2024-04-10T01:07:52.669+0000] {logging_mixin.py:188} INFO - GETTING ARTISTS ALBUMS DATA
[2024-04-10T01:07:52.940+0000] {logging_mixin.py:188} INFO - Taylor Swift has appeared on a total of 382 albums
[2024-04-10T01:07:52.941+0000] {logging_mixin.py:188} INFO -  Now stagging the albums ...
[2024-04-10T01:07:58.214+0000] {logging_mixin.py:188} INFO -  Taylor Swift albums stagged ... 
[2024-04-10T01:07:58.214+0000] {logging_mixin.py:188} INFO -  transforming Taylor Swift albums data ... 
[2024-04-10T01:07:58.215+0000] {logging_mixin.py:188} INFO - GETTING ALBUMS TRACKS DATA
[2024-04-10T01:07:58.451+0000] {logging_mixin.py:188} INFO -  Now stagging the tracks ...
[2024-04-10T01:07:58.452+0000] {logging_mixin.py:188} INFO -  1989 (Taylor's Version) [Deluxe] tracks stagged ... 
[2024-04-10T01:07:58.452+0000] {logging_mixin.py:188} INFO -  transforming 1989 (Taylor's Version) [Deluxe] tracks data ... 
[2024-04-10T01:08:00.289+0000] {logging_mixin.py:188} INFO - GETTING ALBUMS TRACKS DATA
[2024-04-10T01:08:00.544+0000] {logging_mixin.py:188} INFO -  Now stagging the tracks ...
[2024-04-10T01:08:00.546+0000] {logging_mixin.py:188} INFO -  1989 (Taylor's Version) tracks stagged ... 
[2024-04-10T01:08:00.547+0000] {logging_mixin.py:188} INFO -  transforming 1989 (Taylor's Version) tracks data ... 
[2024-04-10T01:08:02.351+0000] {logging_mixin.py:188} INFO - GETTING ALBUMS TRACKS DATA
[2024-04-10T01:08:02.570+0000] {logging_mixin.py:188} INFO -  Now stagging the tracks ...
[2024-04-10T01:08:02.571+0000] {logging_mixin.py:188} INFO -  Speak Now (Taylor's Version) tracks stagged ... 
[2024-04-10T01:08:02.572+0000] {logging_mixin.py:188} INFO -  transforming Speak Now (Taylor's Version) tracks data ... 
[2024-04-10T01:08:04.381+0000] {logging_mixin.py:188} INFO - GETTING ALBUMS TRACKS DATA
[2024-04-10T01:08:04.723+0000] {logging_mixin.py:188} INFO -  Now stagging the tracks ...
[2024-04-10T01:08:04.724+0000] {logging_mixin.py:188} INFO -  Midnights (The Til Dawn Edition) tracks stagged ... 
[2024-04-10T01:08:04.724+0000] {logging_mixin.py:188} INFO -  transforming Midnights (The Til Dawn Edition) tracks data ... 
[2024-04-10T01:08:06.548+0000] {logging_mixin.py:188} INFO - GETTING ALBUMS TRACKS DATA
[2024-04-10T01:08:06.792+0000] {logging_mixin.py:188} INFO -  Now stagging the tracks ...
[2024-04-10T01:08:06.793+0000] {logging_mixin.py:188} INFO -  Midnights (3am Edition) tracks stagged ... 
[2024-04-10T01:08:06.793+0000] {logging_mixin.py:188} INFO -  transforming Midnights (3am Edition) tracks data ... 
[2024-04-10T01:08:08.572+0000] {logging_mixin.py:188} INFO - GETTING ALBUMS TRACKS DATA
[2024-04-10T01:08:08.777+0000] {logging_mixin.py:188} INFO -  Now stagging the tracks ...
[2024-04-10T01:08:08.778+0000] {logging_mixin.py:188} INFO -  Midnights tracks stagged ... 
[2024-04-10T01:08:08.778+0000] {logging_mixin.py:188} INFO -  transforming Midnights tracks data ... 
[2024-04-10T01:08:10.591+0000] {logging_mixin.py:188} INFO - GETTING ALBUMS TRACKS DATA
[2024-04-10T01:08:10.967+0000] {logging_mixin.py:188} INFO -  Now stagging the tracks ...
[2024-04-10T01:08:10.968+0000] {logging_mixin.py:188} INFO -  Red (Taylor's Version) tracks stagged ... 
[2024-04-10T01:08:10.968+0000] {logging_mixin.py:188} INFO -  transforming Red (Taylor's Version) tracks data ... 
[2024-04-10T01:08:12.743+0000] {logging_mixin.py:188} INFO - GETTING ALBUMS TRACKS DATA
[2024-04-10T01:08:13.016+0000] {logging_mixin.py:188} INFO -  Now stagging the tracks ...
[2024-04-10T01:08:13.017+0000] {logging_mixin.py:188} INFO -  Fearless (Taylor's Version) tracks stagged ... 
[2024-04-10T01:08:13.019+0000] {logging_mixin.py:188} INFO -  transforming Fearless (Taylor's Version) tracks data ... 
[2024-04-10T01:08:14.794+0000] {logging_mixin.py:188} INFO - GETTING ALBUMS TRACKS DATA
[2024-04-10T01:08:15.019+0000] {logging_mixin.py:188} INFO -  Now stagging the tracks ...
[2024-04-10T01:08:15.020+0000] {logging_mixin.py:188} INFO -  evermore (deluxe version) tracks stagged ... 
[2024-04-10T01:08:15.020+0000] {logging_mixin.py:188} INFO -  transforming evermore (deluxe version) tracks data ... 
[2024-04-10T01:08:16.803+0000] {logging_mixin.py:188} INFO - GETTING ALBUMS TRACKS DATA
[2024-04-10T01:08:17.017+0000] {logging_mixin.py:188} INFO -  Now stagging the tracks ...
[2024-04-10T01:08:17.017+0000] {logging_mixin.py:188} INFO -  evermore tracks stagged ... 
[2024-04-10T01:08:17.018+0000] {logging_mixin.py:188} INFO -  transforming evermore tracks data ... 
[2024-04-10T01:08:18.805+0000] {logging_mixin.py:188} INFO - DONE WITH Taylor Swift NOW MOVING TO NEXT ARTIST
[2024-04-10T01:08:19.055+0000] {logging_mixin.py:188} INFO - GETTING ARTISTS ALBUMS DATA
[2024-04-10T01:08:19.329+0000] {logging_mixin.py:188} INFO - Kacey Musgraves has appeared on a total of 696 albums
[2024-04-10T01:08:19.331+0000] {logging_mixin.py:188} INFO -  Now stagging the albums ...
[2024-04-10T01:08:30.793+0000] {logging_mixin.py:188} INFO -  Kacey Musgraves albums stagged ... 
[2024-04-10T01:08:30.795+0000] {logging_mixin.py:188} INFO -  transforming Kacey Musgraves albums data ... 
[2024-04-10T01:08:30.796+0000] {logging_mixin.py:188} INFO - GETTING ALBUMS TRACKS DATA
[2024-04-10T01:08:31.093+0000] {logging_mixin.py:188} INFO -  Now stagging the tracks ...
[2024-04-10T01:08:31.166+0000] {logging_mixin.py:188} INFO -  Deeper Well tracks stagged ... 
[2024-04-10T01:08:31.213+0000] {logging_mixin.py:188} INFO -  transforming Deeper Well tracks data ... 
[2024-04-10T01:08:33.023+0000] {logging_mixin.py:188} INFO - GETTING ALBUMS TRACKS DATA
[2024-04-10T01:08:33.254+0000] {logging_mixin.py:188} INFO -  Now stagging the tracks ...
[2024-04-10T01:08:33.255+0000] {logging_mixin.py:188} INFO -  star-crossed tracks stagged ... 
[2024-04-10T01:08:33.256+0000] {logging_mixin.py:188} INFO -  transforming star-crossed tracks data ... 
[2024-04-10T01:08:36.232+0000] {logging_mixin.py:188} INFO - GETTING ALBUMS TRACKS DATA
[2024-04-10T01:08:36.544+0000] {logging_mixin.py:188} INFO -  Now stagging the tracks ...
[2024-04-10T01:08:36.546+0000] {logging_mixin.py:188} INFO -  The Kacey Musgraves Christmas Show tracks stagged ... 
[2024-04-10T01:08:36.549+0000] {logging_mixin.py:188} INFO -  transforming The Kacey Musgraves Christmas Show tracks data ... 
[2024-04-10T01:08:45.150+0000] {logging_mixin.py:188} INFO - GETTING ALBUMS TRACKS DATA
[2024-04-10T01:08:45.365+0000] {logging_mixin.py:188} INFO -  Now stagging the tracks ...
[2024-04-10T01:08:45.367+0000] {logging_mixin.py:188} INFO -  Golden Hour tracks stagged ... 
[2024-04-10T01:08:45.369+0000] {logging_mixin.py:188} INFO -  transforming Golden Hour tracks data ... 
[2024-04-10T01:08:47.251+0000] {logging_mixin.py:188} INFO - GETTING ALBUMS TRACKS DATA
[2024-04-10T01:08:47.462+0000] {logging_mixin.py:188} INFO -  Now stagging the tracks ...
[2024-04-10T01:08:47.466+0000] {logging_mixin.py:188} INFO -  A Very Kacey Christmas tracks stagged ... 
[2024-04-10T01:08:47.469+0000] {logging_mixin.py:188} INFO -  transforming A Very Kacey Christmas tracks data ... 
[2024-04-10T01:08:49.281+0000] {logging_mixin.py:188} INFO - GETTING ALBUMS TRACKS DATA
[2024-04-10T01:08:49.494+0000] {logging_mixin.py:188} INFO -  Now stagging the tracks ...
[2024-04-10T01:08:49.495+0000] {logging_mixin.py:188} INFO -  Pageant Material tracks stagged ... 
[2024-04-10T01:08:49.497+0000] {logging_mixin.py:188} INFO -  transforming Pageant Material tracks data ... 
[2024-04-10T01:08:55.498+0000] {logging_mixin.py:188} INFO - GETTING ALBUMS TRACKS DATA
[2024-04-10T01:08:55.723+0000] {logging_mixin.py:188} INFO -  Now stagging the tracks ...
[2024-04-10T01:08:55.725+0000] {logging_mixin.py:188} INFO -  Same Trailer Different Park tracks stagged ... 
[2024-04-10T01:08:55.726+0000] {logging_mixin.py:188} INFO -  transforming Same Trailer Different Park tracks data ... 
[2024-04-10T01:08:57.513+0000] {logging_mixin.py:188} INFO - GETTING ALBUMS TRACKS DATA
[2024-04-10T01:08:57.697+0000] {logging_mixin.py:188} INFO -  Now stagging the tracks ...
[2024-04-10T01:08:57.698+0000] {logging_mixin.py:188} INFO -  Three Little Birds (Bob Marley: One Love - Music Inspired By The Film) tracks stagged ... 
[2024-04-10T01:08:57.698+0000] {logging_mixin.py:188} INFO -  transforming Three Little Birds (Bob Marley: One Love - Music Inspired By The Film) tracks data ... 
[2024-04-10T01:08:57.896+0000] {logging_mixin.py:188} INFO - GETTING ALBUMS TRACKS DATA
[2024-04-10T01:08:58.088+0000] {logging_mixin.py:188} INFO -  Now stagging the tracks ...
[2024-04-10T01:08:58.089+0000] {logging_mixin.py:188} INFO -  Don't Do Me Good tracks stagged ... 
[2024-04-10T01:08:58.089+0000] {logging_mixin.py:188} INFO -  transforming Don't Do Me Good tracks data ... 
[2024-04-10T01:08:58.442+0000] {logging_mixin.py:188} INFO - GETTING ALBUMS TRACKS DATA
[2024-04-10T01:08:58.646+0000] {logging_mixin.py:188} INFO -  Now stagging the tracks ...
[2024-04-10T01:08:58.647+0000] {logging_mixin.py:188} INFO -  She Calls Me Back (with Kacey Musgraves) tracks stagged ... 
[2024-04-10T01:08:58.648+0000] {logging_mixin.py:188} INFO -  transforming She Calls Me Back (with Kacey Musgraves) tracks data ... 
[2024-04-10T01:08:58.830+0000] {logging_mixin.py:188} INFO - DONE WITH Kacey Musgraves NOW MOVING TO NEXT ARTIST
[2024-04-10T01:08:59.031+0000] {logging_mixin.py:188} INFO - GETTING ARTISTS ALBUMS DATA
[2024-04-10T01:08:59.313+0000] {logging_mixin.py:188} INFO - Ariana Grande has appeared on a total of 416 albums
[2024-04-10T01:08:59.318+0000] {logging_mixin.py:188} INFO -  Now stagging the albums ...
[2024-04-10T01:09:15.347+0000] {logging_mixin.py:188} INFO -  Ariana Grande albums stagged ... 
[2024-04-10T01:09:15.348+0000] {logging_mixin.py:188} INFO -  transforming Ariana Grande albums data ... 
[2024-04-10T01:09:15.348+0000] {logging_mixin.py:188} INFO - GETTING ALBUMS TRACKS DATA
[2024-04-10T01:09:15.588+0000] {logging_mixin.py:188} INFO -  Now stagging the tracks ...
[2024-04-10T01:09:15.589+0000] {logging_mixin.py:188} INFO -  eternal sunshine (slightly deluxe) tracks stagged ... 
[2024-04-10T01:09:15.590+0000] {logging_mixin.py:188} INFO -  transforming eternal sunshine (slightly deluxe) tracks data ... 
[2024-04-10T01:09:25.711+0000] {logging_mixin.py:188} INFO - GETTING ALBUMS TRACKS DATA
[2024-04-10T01:09:25.917+0000] {logging_mixin.py:188} INFO -  Now stagging the tracks ...
[2024-04-10T01:09:25.919+0000] {logging_mixin.py:188} INFO -  eternal sunshine tracks stagged ... 
[2024-04-10T01:09:25.920+0000] {logging_mixin.py:188} INFO -  transforming eternal sunshine tracks data ... 
[2024-04-10T01:09:36.022+0000] {logging_mixin.py:188} INFO - GETTING ALBUMS TRACKS DATA
[2024-04-10T01:09:36.263+0000] {logging_mixin.py:188} INFO -  Now stagging the tracks ...
[2024-04-10T01:09:36.264+0000] {logging_mixin.py:188} INFO -  Yours Truly (Tenth Anniversary Edition) tracks stagged ... 
[2024-04-10T01:09:36.265+0000] {logging_mixin.py:188} INFO -  transforming Yours Truly (Tenth Anniversary Edition) tracks data ... 
[2024-04-10T01:09:55.710+0000] {logging_mixin.py:188} INFO - GETTING ALBUMS TRACKS DATA
[2024-04-10T01:09:55.924+0000] {logging_mixin.py:188} INFO -  Now stagging the tracks ...
[2024-04-10T01:09:55.943+0000] {logging_mixin.py:188} INFO -  Positions (Deluxe) tracks stagged ... 
[2024-04-10T01:09:55.945+0000] {logging_mixin.py:188} INFO -  transforming Positions (Deluxe) tracks data ... 
[2024-04-10T01:09:58.034+0000] {logging_mixin.py:188} INFO - GETTING ALBUMS TRACKS DATA
[2024-04-10T01:09:58.251+0000] {logging_mixin.py:188} INFO -  Now stagging the tracks ...
[2024-04-10T01:09:58.252+0000] {logging_mixin.py:188} INFO -  Positions tracks stagged ... 
[2024-04-10T01:09:58.253+0000] {logging_mixin.py:188} INFO -  transforming Positions tracks data ... 
[2024-04-10T01:10:06.338+0000] {logging_mixin.py:188} INFO - GETTING ALBUMS TRACKS DATA
[2024-04-10T01:10:06.575+0000] {logging_mixin.py:188} INFO -  Now stagging the tracks ...
[2024-04-10T01:10:06.576+0000] {logging_mixin.py:188} INFO -  k bye for now (swt live) tracks stagged ... 
[2024-04-10T01:10:06.577+0000] {logging_mixin.py:188} INFO -  transforming k bye for now (swt live) tracks data ... 
[2024-04-10T01:10:16.746+0000] {logging_mixin.py:188} INFO - GETTING ALBUMS TRACKS DATA
[2024-04-10T01:10:16.956+0000] {logging_mixin.py:188} INFO -  Now stagging the tracks ...
[2024-04-10T01:10:16.957+0000] {logging_mixin.py:188} INFO -  thank u, next tracks stagged ... 
[2024-04-10T01:10:16.959+0000] {logging_mixin.py:188} INFO -  transforming thank u, next tracks data ... 
[2024-04-10T01:10:26.070+0000] {logging_mixin.py:188} INFO - GETTING ALBUMS TRACKS DATA
[2024-04-10T01:10:26.305+0000] {logging_mixin.py:188} INFO -  Now stagging the tracks ...
[2024-04-10T01:10:26.306+0000] {logging_mixin.py:188} INFO -  Sweetener tracks stagged ... 
[2024-04-10T01:10:26.307+0000] {logging_mixin.py:188} INFO -  transforming Sweetener tracks data ... 
[2024-04-10T01:10:34.278+0000] {logging_mixin.py:188} INFO - GETTING ALBUMS TRACKS DATA
[2024-04-10T01:10:35.649+0000] {logging_mixin.py:188} INFO -  Now stagging the tracks ...
[2024-04-10T01:10:35.649+0000] {logging_mixin.py:188} INFO -  Dangerous Woman tracks stagged ... 
[2024-04-10T01:10:35.650+0000] {logging_mixin.py:188} INFO -  transforming Dangerous Woman tracks data ... 
[2024-04-10T01:10:37.519+0000] {logging_mixin.py:188} INFO - GETTING ALBUMS TRACKS DATA
[2024-04-10T01:10:37.749+0000] {logging_mixin.py:188} INFO -  Now stagging the tracks ...
[2024-04-10T01:10:37.750+0000] {logging_mixin.py:188} INFO -  My Everything (Deluxe) tracks stagged ... 
[2024-04-10T01:10:37.751+0000] {logging_mixin.py:188} INFO -  transforming My Everything (Deluxe) tracks data ... 
[2024-04-10T01:10:39.545+0000] {logging_mixin.py:188} INFO - DONE WITH Ariana Grande NOW MOVING TO NEXT ARTIST
[2024-04-10T01:10:45.094+0000] {logging_mixin.py:188} INFO - GETTING ARTISTS ALBUMS DATA
[2024-04-10T01:10:45.422+0000] {logging_mixin.py:188} INFO - Justin Timberlake has appeared on a total of 355 albums
[2024-04-10T01:10:45.425+0000] {logging_mixin.py:188} INFO -  Now stagging the albums ...
[2024-04-10T01:10:50.492+0000] {logging_mixin.py:188} INFO -  Justin Timberlake albums stagged ... 
[2024-04-10T01:10:50.493+0000] {logging_mixin.py:188} INFO -  transforming Justin Timberlake albums data ... 
[2024-04-10T01:10:50.494+0000] {logging_mixin.py:188} INFO - GETTING ALBUMS TRACKS DATA
[2024-04-10T01:10:50.711+0000] {logging_mixin.py:188} INFO -  Now stagging the tracks ...
[2024-04-10T01:10:50.729+0000] {logging_mixin.py:188} INFO -  Everything I Thought It Was tracks stagged ... 
[2024-04-10T01:10:50.730+0000] {logging_mixin.py:188} INFO -  transforming Everything I Thought It Was tracks data ... 
[2024-04-10T01:10:53.236+0000] {client.py:302} ERROR - Max Retries reached
[2024-04-10T01:10:53.237+0000] {taskinstance.py:2731} ERROR - Task failed with exception
Traceback (most recent call last):
  File "/home/airflow/.local/lib/python3.8/site-packages/requests/adapters.py", line 486, in send
    resp = conn.urlopen(
  File "/home/airflow/.local/lib/python3.8/site-packages/urllib3/connectionpool.py", line 894, in urlopen
    return self.urlopen(
  File "/home/airflow/.local/lib/python3.8/site-packages/urllib3/connectionpool.py", line 894, in urlopen
    return self.urlopen(
  File "/home/airflow/.local/lib/python3.8/site-packages/urllib3/connectionpool.py", line 894, in urlopen
    return self.urlopen(
  File "/home/airflow/.local/lib/python3.8/site-packages/urllib3/connectionpool.py", line 884, in urlopen
    retries = retries.increment(method, url, response=response, _pool=self)
  File "/home/airflow/.local/lib/python3.8/site-packages/urllib3/util/retry.py", line 592, in increment
    raise MaxRetryError(_pool, url, error or ResponseError(cause))
urllib3.exceptions.MaxRetryError: HTTPSConnectionPool(host='api.spotify.com', port=443): Max retries exceeded with url: /v1/audio-features/?ids=2x9XK2UPjZQPQxP6N7DFj1 (Caused by ResponseError('too many 429 error responses'))

During handling of the above exception, another exception occurred:

Traceback (most recent call last):
  File "/home/airflow/.local/lib/python3.8/site-packages/spotipy/client.py", line 266, in _internal_call
    response = self._session.request(
  File "/home/airflow/.local/lib/python3.8/site-packages/requests/sessions.py", line 589, in request
    resp = self.send(prep, **send_kwargs)
  File "/home/airflow/.local/lib/python3.8/site-packages/requests/sessions.py", line 703, in send
    r = adapter.send(request, **kwargs)
  File "/home/airflow/.local/lib/python3.8/site-packages/requests/adapters.py", line 510, in send
    raise RetryError(e, request=request)
requests.exceptions.RetryError: HTTPSConnectionPool(host='api.spotify.com', port=443): Max retries exceeded with url: /v1/audio-features/?ids=2x9XK2UPjZQPQxP6N7DFj1 (Caused by ResponseError('too many 429 error responses'))

During handling of the above exception, another exception occurred:

Traceback (most recent call last):
  File "/home/airflow/.local/lib/python3.8/site-packages/airflow/models/taskinstance.py", line 444, in _execute_task
    result = _execute_callable(context=context, **execute_callable_kwargs)
  File "/home/airflow/.local/lib/python3.8/site-packages/airflow/models/taskinstance.py", line 414, in _execute_callable
    return execute_callable(context=context, **execute_callable_kwargs)
  File "/home/airflow/.local/lib/python3.8/site-packages/airflow/operators/python.py", line 200, in execute
    return_value = self.execute_callable()
  File "/home/airflow/.local/lib/python3.8/site-packages/airflow/operators/python.py", line 217, in execute_callable
    return self.python_callable(*self.op_args, **self.op_kwargs)
  File "/opt/airflow/dags/billboard_to_spotify_to_csvs_to_s3.py", line 156, in Spotify_to_CSV
    track_features = sp.audio_features(track['uri'])
  File "/home/airflow/.local/lib/python3.8/site-packages/spotipy/client.py", line 1734, in audio_features
    results = self._get("audio-features/?ids=" + trackid)
  File "/home/airflow/.local/lib/python3.8/site-packages/spotipy/client.py", line 323, in _get
    return self._internal_call("GET", url, payload, kwargs)
  File "/home/airflow/.local/lib/python3.8/site-packages/spotipy/client.py", line 307, in _internal_call
    raise SpotifyException(
spotipy.exceptions.SpotifyException: http status: 429, code:-1 - /v1/audio-features/?ids=2x9XK2UPjZQPQxP6N7DFj1:
 Max Retries, reason: too many 429 error responses
[2024-04-10T01:10:53.249+0000] {taskinstance.py:1149} INFO - Marking task as UP_FOR_RETRY. dag_id=billboard_to_spotify_to_s3_extractionV1, task_id=sptoify_to_csv, execution_date=20240329T000000, start_date=20240410T010751, end_date=20240410T011053
[2024-04-10T01:10:53.266+0000] {standard_task_runner.py:107} ERROR - Failed to execute job 1597 for task sptoify_to_csv (http status: 429, code:-1 - /v1/audio-features/?ids=2x9XK2UPjZQPQxP6N7DFj1:
 Max Retries, reason: too many 429 error responses; 78)
[2024-04-10T01:10:53.296+0000] {local_task_job_runner.py:234} INFO - Task exited with return code 1
[2024-04-10T01:10:53.322+0000] {taskinstance.py:3312} INFO - 0 downstream tasks scheduled from follow-on schedule check
