[2024-03-22T10:21:21.391+0000] {taskinstance.py:1979} INFO - Dependencies all met for dep_context=non-requeueable deps ti=<TaskInstance: spotify_to_s3_data_extraction_v1.sptoify_to_csv scheduled__2024-03-21T04:00:00+00:00 [queued]>
[2024-03-22T10:21:21.434+0000] {taskinstance.py:1979} INFO - Dependencies all met for dep_context=requeueable deps ti=<TaskInstance: spotify_to_s3_data_extraction_v1.sptoify_to_csv scheduled__2024-03-21T04:00:00+00:00 [queued]>
[2024-03-22T10:21:21.461+0000] {taskinstance.py:2193} INFO - Starting attempt 2 of 7
[2024-03-22T10:21:21.632+0000] {taskinstance.py:2217} INFO - Executing <Task(PythonOperator): sptoify_to_csv> on 2024-03-21 04:00:00+00:00
[2024-03-22T10:21:21.680+0000] {standard_task_runner.py:60} INFO - Started process 5642 to run task
[2024-03-22T10:21:21.716+0000] {standard_task_runner.py:87} INFO - Running: ['***', 'tasks', 'run', 'spotify_to_s3_data_extraction_v1', 'sptoify_to_csv', 'scheduled__2024-03-21T04:00:00+00:00', '--job-id', '1171', '--raw', '--subdir', 'DAGS_FOLDER/spotify_to_csvs_to_s3.py', '--cfg-path', '/tmp/tmp3tpno03z']
[2024-03-22T10:21:21.752+0000] {standard_task_runner.py:88} INFO - Job 1171: Subtask sptoify_to_csv
[2024-03-22T10:21:22.000+0000] {task_command.py:423} INFO - Running <TaskInstance: spotify_to_s3_data_extraction_v1.sptoify_to_csv scheduled__2024-03-21T04:00:00+00:00 [running]> on host ca1809388db1
[2024-03-22T10:21:22.595+0000] {taskinstance.py:2513} INFO - Exporting env vars: AIRFLOW_CTX_DAG_OWNER='Nathaniel Solomon' AIRFLOW_CTX_DAG_ID='spotify_to_s3_data_extraction_v1' AIRFLOW_CTX_TASK_ID='sptoify_to_csv' AIRFLOW_CTX_EXECUTION_DATE='2024-03-21T04:00:00+00:00' AIRFLOW_CTX_TRY_NUMBER='2' AIRFLOW_CTX_DAG_RUN_ID='scheduled__2024-03-21T04:00:00+00:00'
[2024-03-22T10:21:22.616+0000] {logging_mixin.py:188} INFO - The extract function has been executed and this is data in the next line
[2024-03-22T10:21:22.624+0000] {logging_mixin.py:188} INFO - Initiating the Endpoint...
[2024-03-22T10:21:23.621+0000] {logging_mixin.py:188} INFO - Extracting other available tracks
[2024-03-22T10:21:41.031+0000] {logging_mixin.py:188} INFO - Adding the values of index 0 into the appropriate Keys...
[2024-03-22T10:21:50.995+0000] {logging_mixin.py:188} INFO - Adding the values of index 1 into the appropriate Keys...
[2024-03-22T10:21:51.947+0000] {logging_mixin.py:188} INFO - Adding the values of index 2 into the appropriate Keys...
[2024-03-22T10:21:52.753+0000] {logging_mixin.py:188} INFO - Adding the values of index 3 into the appropriate Keys...
[2024-03-22T10:21:53.681+0000] {logging_mixin.py:188} INFO - Adding the values of index 4 into the appropriate Keys...
[2024-03-22T10:21:54.967+0000] {logging_mixin.py:188} INFO - Adding the values of index 5 into the appropriate Keys...
[2024-03-22T10:21:55.966+0000] {logging_mixin.py:188} INFO - Adding the values of index 6 into the appropriate Keys...
[2024-03-22T10:22:00.481+0000] {logging_mixin.py:188} INFO - Adding the values of index 7 into the appropriate Keys...
[2024-03-22T10:22:01.334+0000] {logging_mixin.py:188} INFO - Adding the values of index 8 into the appropriate Keys...
[2024-03-22T10:22:10.716+0000] {logging_mixin.py:188} INFO - Adding the values of index 9 into the appropriate Keys...
[2024-03-22T10:22:11.650+0000] {logging_mixin.py:188} INFO - Done Extracting...
[2024-03-22T10:22:11.673+0000] {python.py:202} INFO - Done. Returned value was: None
[2024-03-22T10:22:11.694+0000] {taskinstance.py:1149} INFO - Marking task as SUCCESS. dag_id=spotify_to_s3_data_extraction_v1, task_id=sptoify_to_csv, execution_date=20240321T040000, start_date=20240322T102121, end_date=20240322T102211
[2024-03-22T10:22:11.795+0000] {local_task_job_runner.py:234} INFO - Task exited with return code 0
[2024-03-22T10:22:11.836+0000] {taskinstance.py:3312} INFO - 1 downstream tasks scheduled from follow-on schedule check
