[2024-03-21T04:15:28.888+0000] {taskinstance.py:1979} INFO - Dependencies all met for dep_context=non-requeueable deps ti=<TaskInstance: spotify_to_s3_data_extraction_v1.sptoify_to_csv scheduled__2024-03-21T04:00:00+00:00 [queued]>
[2024-03-21T04:15:28.902+0000] {taskinstance.py:1979} INFO - Dependencies all met for dep_context=requeueable deps ti=<TaskInstance: spotify_to_s3_data_extraction_v1.sptoify_to_csv scheduled__2024-03-21T04:00:00+00:00 [queued]>
[2024-03-21T04:15:28.903+0000] {taskinstance.py:2193} INFO - Starting attempt 1 of 6
[2024-03-21T04:15:28.926+0000] {taskinstance.py:2217} INFO - Executing <Task(PythonOperator): sptoify_to_csv> on 2024-03-21 04:00:00+00:00
[2024-03-21T04:15:28.936+0000] {standard_task_runner.py:60} INFO - Started process 1792 to run task
[2024-03-21T04:15:28.941+0000] {standard_task_runner.py:87} INFO - Running: ['***', 'tasks', 'run', 'spotify_to_s3_data_extraction_v1', 'sptoify_to_csv', 'scheduled__2024-03-21T04:00:00+00:00', '--job-id', '337', '--raw', '--subdir', 'DAGS_FOLDER/spotify_to_csvs_to_s3.py', '--cfg-path', '/tmp/tmpki4t5_2b']
[2024-03-21T04:15:28.945+0000] {standard_task_runner.py:88} INFO - Job 337: Subtask sptoify_to_csv
[2024-03-21T04:15:29.019+0000] {task_command.py:423} INFO - Running <TaskInstance: spotify_to_s3_data_extraction_v1.sptoify_to_csv scheduled__2024-03-21T04:00:00+00:00 [running]> on host ca1809388db1
[2024-03-21T04:15:29.158+0000] {taskinstance.py:2513} INFO - Exporting env vars: AIRFLOW_CTX_DAG_OWNER='Nathaniel Solomon' AIRFLOW_CTX_DAG_ID='spotify_to_s3_data_extraction_v1' AIRFLOW_CTX_TASK_ID='sptoify_to_csv' AIRFLOW_CTX_EXECUTION_DATE='2024-03-21T04:00:00+00:00' AIRFLOW_CTX_TRY_NUMBER='1' AIRFLOW_CTX_DAG_RUN_ID='scheduled__2024-03-21T04:00:00+00:00'
[2024-03-21T04:15:29.161+0000] {logging_mixin.py:188} INFO - The extract function has been executed and this is data in the next line
[2024-03-21T04:15:29.162+0000] {logging_mixin.py:188} INFO - Initiating the Endpoint...
[2024-03-21T04:15:30.046+0000] {logging_mixin.py:188} INFO - Extracting other available tracks
[2024-03-21T04:15:37.479+0000] {logging_mixin.py:188} INFO - Adding the values of index 0 into the appropriate Keys...
[2024-03-21T04:15:39.396+0000] {logging_mixin.py:188} INFO - Adding the values of index 1 into the appropriate Keys...
[2024-03-21T04:15:40.681+0000] {logging_mixin.py:188} INFO - Adding the values of index 2 into the appropriate Keys...
[2024-03-21T04:15:41.896+0000] {logging_mixin.py:188} INFO - Adding the values of index 3 into the appropriate Keys...
[2024-03-21T04:15:43.428+0000] {logging_mixin.py:188} INFO - Adding the values of index 4 into the appropriate Keys...
[2024-03-21T04:15:44.932+0000] {logging_mixin.py:188} INFO - Adding the values of index 5 into the appropriate Keys...
[2024-03-21T04:15:46.607+0000] {logging_mixin.py:188} INFO - Adding the values of index 6 into the appropriate Keys...
[2024-03-21T04:15:47.788+0000] {logging_mixin.py:188} INFO - Adding the values of index 7 into the appropriate Keys...
[2024-03-21T04:15:49.093+0000] {logging_mixin.py:188} INFO - Adding the values of index 8 into the appropriate Keys...
[2024-03-21T04:15:50.420+0000] {logging_mixin.py:188} INFO - Adding the values of index 9 into the appropriate Keys...
[2024-03-21T04:15:51.739+0000] {logging_mixin.py:188} INFO - Done Extracting...
[2024-03-21T04:15:52.044+0000] {python.py:202} INFO - Done. Returned value was: None
[2024-03-21T04:15:52.210+0000] {taskinstance.py:1149} INFO - Marking task as SUCCESS. dag_id=spotify_to_s3_data_extraction_v1, task_id=sptoify_to_csv, execution_date=20240321T040000, start_date=20240321T041528, end_date=20240321T041552
[2024-03-21T04:15:52.640+0000] {local_task_job_runner.py:234} INFO - Task exited with return code 0
[2024-03-21T04:15:53.461+0000] {taskinstance.py:3312} INFO - 1 downstream tasks scheduled from follow-on schedule check
