[2024-03-28T20:59:10.868+0000] {taskinstance.py:1979} INFO - Dependencies all met for dep_context=non-requeueable deps ti=<TaskInstance: billboard_to_spotify_to_s3_extraction.sptoify_to_csv scheduled__2024-03-27T00:00:00+00:00 [queued]>
[2024-03-28T20:59:10.877+0000] {taskinstance.py:1979} INFO - Dependencies all met for dep_context=requeueable deps ti=<TaskInstance: billboard_to_spotify_to_s3_extraction.sptoify_to_csv scheduled__2024-03-27T00:00:00+00:00 [queued]>
[2024-03-28T20:59:10.878+0000] {taskinstance.py:2193} INFO - Starting attempt 1 of 6
[2024-03-28T20:59:10.890+0000] {taskinstance.py:2217} INFO - Executing <Task(PythonOperator): sptoify_to_csv> on 2024-03-27 00:00:00+00:00
[2024-03-28T20:59:10.896+0000] {standard_task_runner.py:60} INFO - Started process 922 to run task
[2024-03-28T20:59:10.899+0000] {standard_task_runner.py:87} INFO - Running: ['***', 'tasks', 'run', 'billboard_to_spotify_to_s3_extraction', 'sptoify_to_csv', 'scheduled__2024-03-27T00:00:00+00:00', '--job-id', '1461', '--raw', '--subdir', 'DAGS_FOLDER/billboard_to_spotify_to_csvs_to_s3.py', '--cfg-path', '/tmp/tmps8k17p4l']
[2024-03-28T20:59:10.902+0000] {standard_task_runner.py:88} INFO - Job 1461: Subtask sptoify_to_csv
[2024-03-28T20:59:10.947+0000] {task_command.py:423} INFO - Running <TaskInstance: billboard_to_spotify_to_s3_extraction.sptoify_to_csv scheduled__2024-03-27T00:00:00+00:00 [running]> on host bc244bd8b198
[2024-03-28T20:59:11.023+0000] {taskinstance.py:2513} INFO - Exporting env vars: AIRFLOW_CTX_DAG_OWNER='Nathaniel Solomon' AIRFLOW_CTX_DAG_ID='billboard_to_spotify_to_s3_extraction' AIRFLOW_CTX_TASK_ID='sptoify_to_csv' AIRFLOW_CTX_EXECUTION_DATE='2024-03-27T00:00:00+00:00' AIRFLOW_CTX_TRY_NUMBER='1' AIRFLOW_CTX_DAG_RUN_ID='scheduled__2024-03-27T00:00:00+00:00'
[2024-03-28T20:59:11.033+0000] {logging_mixin.py:188} INFO - GOT THE TOP ARTISTS DAT FROM XCOM
[2024-03-28T20:59:11.033+0000] {logging_mixin.py:188} INFO - GETTING ARTISTS BIO DATA
[2024-03-28T20:59:11.459+0000] {logging_mixin.py:188} INFO - GETTING ARTISTS ALBUMS DATA
[2024-03-28T20:59:11.828+0000] {logging_mixin.py:188} INFO - Taylor Swift has appeared on a total of 385 albums
[2024-03-28T20:59:11.828+0000] {logging_mixin.py:188} INFO -  Now stagging the albums ...
[2024-03-28T20:59:17.727+0000] {logging_mixin.py:188} INFO -  Taylor Swift albums stagged ... 
[2024-03-28T20:59:17.728+0000] {logging_mixin.py:188} INFO -  transforming Taylor Swift albums data ... 
[2024-03-28T20:59:17.728+0000] {logging_mixin.py:188} INFO - GETTING ALBUMS TRACKS DATA
[2024-03-28T20:59:18.088+0000] {logging_mixin.py:188} INFO -  Now stagging the tracks ...
[2024-03-28T20:59:18.089+0000] {logging_mixin.py:188} INFO -  1989 (Taylor's Version) [Deluxe] tracks stagged ... 
[2024-03-28T20:59:18.090+0000] {logging_mixin.py:188} INFO -  transforming 1989 (Taylor's Version) [Deluxe] tracks data ... 
[2024-03-28T20:59:19.934+0000] {logging_mixin.py:188} INFO - GETTING ALBUMS TRACKS DATA
[2024-03-28T20:59:20.218+0000] {logging_mixin.py:188} INFO -  Now stagging the tracks ...
[2024-03-28T20:59:20.219+0000] {logging_mixin.py:188} INFO -  1989 (Taylor's Version) tracks stagged ... 
[2024-03-28T20:59:20.220+0000] {logging_mixin.py:188} INFO -  transforming 1989 (Taylor's Version) tracks data ... 
[2024-03-28T20:59:22.084+0000] {logging_mixin.py:188} INFO - GETTING ALBUMS TRACKS DATA
[2024-03-28T20:59:22.325+0000] {logging_mixin.py:188} INFO -  Now stagging the tracks ...
[2024-03-28T20:59:22.326+0000] {logging_mixin.py:188} INFO -  Speak Now (Taylor's Version) tracks stagged ... 
[2024-03-28T20:59:22.327+0000] {logging_mixin.py:188} INFO -  transforming Speak Now (Taylor's Version) tracks data ... 
[2024-03-28T20:59:24.150+0000] {logging_mixin.py:188} INFO - GETTING ALBUMS TRACKS DATA
[2024-03-28T20:59:24.518+0000] {logging_mixin.py:188} INFO -  Now stagging the tracks ...
[2024-03-28T20:59:24.519+0000] {logging_mixin.py:188} INFO -  Midnights (The Til Dawn Edition) tracks stagged ... 
[2024-03-28T20:59:24.519+0000] {logging_mixin.py:188} INFO -  transforming Midnights (The Til Dawn Edition) tracks data ... 
[2024-03-28T20:59:26.323+0000] {logging_mixin.py:188} INFO - GETTING ALBUMS TRACKS DATA
[2024-03-28T20:59:26.540+0000] {logging_mixin.py:188} INFO -  Now stagging the tracks ...
[2024-03-28T20:59:26.541+0000] {logging_mixin.py:188} INFO -  Midnights (3am Edition) tracks stagged ... 
[2024-03-28T20:59:26.542+0000] {logging_mixin.py:188} INFO -  transforming Midnights (3am Edition) tracks data ... 
[2024-03-28T20:59:28.286+0000] {logging_mixin.py:188} INFO - GETTING ALBUMS TRACKS DATA
[2024-03-28T20:59:28.510+0000] {logging_mixin.py:188} INFO -  Now stagging the tracks ...
[2024-03-28T20:59:28.510+0000] {logging_mixin.py:188} INFO -  Midnights tracks stagged ... 
[2024-03-28T20:59:28.511+0000] {logging_mixin.py:188} INFO -  transforming Midnights tracks data ... 
[2024-03-28T20:59:30.426+0000] {logging_mixin.py:188} INFO - GETTING ALBUMS TRACKS DATA
[2024-03-28T20:59:30.762+0000] {logging_mixin.py:188} INFO -  Now stagging the tracks ...
[2024-03-28T20:59:30.763+0000] {logging_mixin.py:188} INFO -  Red (Taylor's Version) tracks stagged ... 
[2024-03-28T20:59:30.764+0000] {logging_mixin.py:188} INFO -  transforming Red (Taylor's Version) tracks data ... 
[2024-03-28T20:59:32.497+0000] {logging_mixin.py:188} INFO - GETTING ALBUMS TRACKS DATA
[2024-03-28T20:59:32.751+0000] {logging_mixin.py:188} INFO -  Now stagging the tracks ...
[2024-03-28T20:59:32.752+0000] {logging_mixin.py:188} INFO -  Fearless (Taylor's Version) tracks stagged ... 
[2024-03-28T20:59:32.753+0000] {logging_mixin.py:188} INFO -  transforming Fearless (Taylor's Version) tracks data ... 
[2024-03-28T20:59:34.539+0000] {logging_mixin.py:188} INFO - GETTING ALBUMS TRACKS DATA
[2024-03-28T20:59:34.858+0000] {logging_mixin.py:188} INFO -  Now stagging the tracks ...
[2024-03-28T20:59:34.859+0000] {logging_mixin.py:188} INFO -  evermore (deluxe version) tracks stagged ... 
[2024-03-28T20:59:34.859+0000] {logging_mixin.py:188} INFO -  transforming evermore (deluxe version) tracks data ... 
[2024-03-28T20:59:36.568+0000] {logging_mixin.py:188} INFO - GETTING ALBUMS TRACKS DATA
[2024-03-28T20:59:36.811+0000] {logging_mixin.py:188} INFO -  Now stagging the tracks ...
[2024-03-28T20:59:36.812+0000] {logging_mixin.py:188} INFO -  evermore tracks stagged ... 
[2024-03-28T20:59:36.813+0000] {logging_mixin.py:188} INFO -  transforming evermore tracks data ... 
[2024-03-28T20:59:38.576+0000] {logging_mixin.py:188} INFO - DONE WITH {artist_name} NOW MOVING TO NEXT ARTIST
[2024-03-28T20:59:38.817+0000] {logging_mixin.py:188} INFO - GETTING ARTISTS ALBUMS DATA
[2024-03-28T20:59:39.133+0000] {logging_mixin.py:188} INFO - Kacey Musgraves has appeared on a total of 679 albums
[2024-03-28T20:59:39.135+0000] {logging_mixin.py:188} INFO -  Now stagging the albums ...
[2024-03-28T20:59:51.268+0000] {logging_mixin.py:188} INFO -  Kacey Musgraves albums stagged ... 
[2024-03-28T20:59:51.269+0000] {logging_mixin.py:188} INFO -  transforming Kacey Musgraves albums data ... 
[2024-03-28T20:59:51.269+0000] {logging_mixin.py:188} INFO - GETTING ALBUMS TRACKS DATA
[2024-03-28T20:59:51.550+0000] {logging_mixin.py:188} INFO -  Now stagging the tracks ...
[2024-03-28T20:59:51.552+0000] {logging_mixin.py:188} INFO -  Deeper Well tracks stagged ... 
[2024-03-28T20:59:51.553+0000] {logging_mixin.py:188} INFO -  transforming Deeper Well tracks data ... 
[2024-03-28T20:59:53.620+0000] {logging_mixin.py:188} INFO - GETTING ALBUMS TRACKS DATA
[2024-03-28T20:59:53.874+0000] {logging_mixin.py:188} INFO -  Now stagging the tracks ...
[2024-03-28T20:59:53.875+0000] {logging_mixin.py:188} INFO -  star-crossed tracks stagged ... 
[2024-03-28T20:59:53.877+0000] {logging_mixin.py:188} INFO -  transforming star-crossed tracks data ... 
[2024-03-28T20:59:55.631+0000] {logging_mixin.py:188} INFO - GETTING ALBUMS TRACKS DATA
[2024-03-28T20:59:55.954+0000] {logging_mixin.py:188} INFO -  Now stagging the tracks ...
[2024-03-28T20:59:55.955+0000] {logging_mixin.py:188} INFO -  The Kacey Musgraves Christmas Show tracks stagged ... 
[2024-03-28T20:59:55.956+0000] {logging_mixin.py:188} INFO -  transforming The Kacey Musgraves Christmas Show tracks data ... 
[2024-03-28T20:59:57.723+0000] {logging_mixin.py:188} INFO - GETTING ALBUMS TRACKS DATA
[2024-03-28T20:59:57.947+0000] {logging_mixin.py:188} INFO -  Now stagging the tracks ...
[2024-03-28T20:59:57.948+0000] {logging_mixin.py:188} INFO -  Golden Hour tracks stagged ... 
[2024-03-28T20:59:57.948+0000] {logging_mixin.py:188} INFO -  transforming Golden Hour tracks data ... 
[2024-03-28T20:59:59.704+0000] {logging_mixin.py:188} INFO - GETTING ALBUMS TRACKS DATA
[2024-03-28T20:59:59.944+0000] {logging_mixin.py:188} INFO -  Now stagging the tracks ...
[2024-03-28T20:59:59.945+0000] {logging_mixin.py:188} INFO -  A Very Kacey Christmas tracks stagged ... 
[2024-03-28T20:59:59.945+0000] {logging_mixin.py:188} INFO -  transforming A Very Kacey Christmas tracks data ... 
[2024-03-28T21:00:01.703+0000] {logging_mixin.py:188} INFO - GETTING ALBUMS TRACKS DATA
[2024-03-28T21:00:01.904+0000] {logging_mixin.py:188} INFO -  Now stagging the tracks ...
[2024-03-28T21:00:01.905+0000] {logging_mixin.py:188} INFO -  Pageant Material tracks stagged ... 
[2024-03-28T21:00:01.906+0000] {logging_mixin.py:188} INFO -  transforming Pageant Material tracks data ... 
[2024-03-28T21:00:03.968+0000] {logging_mixin.py:188} INFO - GETTING ALBUMS TRACKS DATA
[2024-03-28T21:00:04.324+0000] {logging_mixin.py:188} INFO -  Now stagging the tracks ...
[2024-03-28T21:00:04.327+0000] {logging_mixin.py:188} INFO -  Same Trailer Different Park tracks stagged ... 
[2024-03-28T21:00:04.328+0000] {logging_mixin.py:188} INFO -  transforming Same Trailer Different Park tracks data ... 
[2024-03-28T21:00:06.317+0000] {logging_mixin.py:188} INFO - GETTING ALBUMS TRACKS DATA
[2024-03-28T21:00:06.533+0000] {logging_mixin.py:188} INFO -  Now stagging the tracks ...
[2024-03-28T21:00:06.534+0000] {logging_mixin.py:188} INFO -  Three Little Birds (Bob Marley: One Love - Music Inspired By The Film) tracks stagged ... 
[2024-03-28T21:00:06.535+0000] {logging_mixin.py:188} INFO -  transforming Three Little Birds (Bob Marley: One Love - Music Inspired By The Film) tracks data ... 
[2024-03-28T21:00:06.716+0000] {logging_mixin.py:188} INFO - GETTING ALBUMS TRACKS DATA
[2024-03-28T21:00:06.903+0000] {logging_mixin.py:188} INFO -  Now stagging the tracks ...
[2024-03-28T21:00:06.904+0000] {logging_mixin.py:188} INFO -  Don't Do Me Good tracks stagged ... 
[2024-03-28T21:00:06.905+0000] {logging_mixin.py:188} INFO -  transforming Don't Do Me Good tracks data ... 
[2024-03-28T21:00:07.258+0000] {logging_mixin.py:188} INFO - GETTING ALBUMS TRACKS DATA
[2024-03-28T21:00:07.460+0000] {logging_mixin.py:188} INFO -  Now stagging the tracks ...
[2024-03-28T21:00:07.461+0000] {logging_mixin.py:188} INFO -  She Calls Me Back (with Kacey Musgraves) tracks stagged ... 
[2024-03-28T21:00:07.461+0000] {logging_mixin.py:188} INFO -  transforming She Calls Me Back (with Kacey Musgraves) tracks data ... 
[2024-03-28T21:00:07.637+0000] {logging_mixin.py:188} INFO - DONE WITH {artist_name} NOW MOVING TO NEXT ARTIST
[2024-03-28T21:00:07.870+0000] {logging_mixin.py:188} INFO - GETTING ARTISTS ALBUMS DATA
[2024-03-28T21:00:08.233+0000] {logging_mixin.py:188} INFO - Ariana Grande has appeared on a total of 416 albums
[2024-03-28T21:00:08.238+0000] {logging_mixin.py:188} INFO -  Now stagging the albums ...
[2024-03-28T21:00:15.098+0000] {logging_mixin.py:188} INFO -  Ariana Grande albums stagged ... 
[2024-03-28T21:00:15.099+0000] {logging_mixin.py:188} INFO -  transforming Ariana Grande albums data ... 
[2024-03-28T21:00:15.099+0000] {logging_mixin.py:188} INFO - GETTING ALBUMS TRACKS DATA
[2024-03-28T21:00:15.366+0000] {logging_mixin.py:188} INFO -  Now stagging the tracks ...
[2024-03-28T21:00:15.367+0000] {logging_mixin.py:188} INFO -  eternal sunshine (slightly deluxe) tracks stagged ... 
[2024-03-28T21:00:15.368+0000] {logging_mixin.py:188} INFO -  transforming eternal sunshine (slightly deluxe) tracks data ... 
[2024-03-28T21:00:17.171+0000] {logging_mixin.py:188} INFO - GETTING ALBUMS TRACKS DATA
[2024-03-28T21:00:17.387+0000] {logging_mixin.py:188} INFO -  Now stagging the tracks ...
[2024-03-28T21:00:17.388+0000] {logging_mixin.py:188} INFO -  eternal sunshine tracks stagged ... 
[2024-03-28T21:00:17.390+0000] {logging_mixin.py:188} INFO -  transforming eternal sunshine tracks data ... 
[2024-03-28T21:00:19.166+0000] {logging_mixin.py:188} INFO - GETTING ALBUMS TRACKS DATA
[2024-03-28T21:00:19.421+0000] {logging_mixin.py:188} INFO -  Now stagging the tracks ...
[2024-03-28T21:00:19.423+0000] {logging_mixin.py:188} INFO -  Yours Truly (Tenth Anniversary Edition) tracks stagged ... 
[2024-03-28T21:00:19.423+0000] {logging_mixin.py:188} INFO -  transforming Yours Truly (Tenth Anniversary Edition) tracks data ... 
[2024-03-28T21:00:21.212+0000] {logging_mixin.py:188} INFO - GETTING ALBUMS TRACKS DATA
[2024-03-28T21:00:21.445+0000] {logging_mixin.py:188} INFO -  Now stagging the tracks ...
[2024-03-28T21:00:21.446+0000] {logging_mixin.py:188} INFO -  Positions (Deluxe) tracks stagged ... 
[2024-03-28T21:00:21.447+0000] {logging_mixin.py:188} INFO -  transforming Positions (Deluxe) tracks data ... 
[2024-03-28T21:00:23.214+0000] {logging_mixin.py:188} INFO - GETTING ALBUMS TRACKS DATA
[2024-03-28T21:00:23.437+0000] {logging_mixin.py:188} INFO -  Now stagging the tracks ...
[2024-03-28T21:00:23.438+0000] {logging_mixin.py:188} INFO -  Positions tracks stagged ... 
[2024-03-28T21:00:23.439+0000] {logging_mixin.py:188} INFO -  transforming Positions tracks data ... 
[2024-03-28T21:00:25.489+0000] {logging_mixin.py:188} INFO - GETTING ALBUMS TRACKS DATA
[2024-03-28T21:00:25.807+0000] {logging_mixin.py:188} INFO -  Now stagging the tracks ...
[2024-03-28T21:00:25.808+0000] {logging_mixin.py:188} INFO -  k bye for now (swt live) tracks stagged ... 
[2024-03-28T21:00:25.808+0000] {logging_mixin.py:188} INFO -  transforming k bye for now (swt live) tracks data ... 
[2024-03-28T21:00:27.692+0000] {logging_mixin.py:188} INFO - GETTING ALBUMS TRACKS DATA
[2024-03-28T21:00:27.901+0000] {logging_mixin.py:188} INFO -  Now stagging the tracks ...
[2024-03-28T21:00:27.902+0000] {logging_mixin.py:188} INFO -  thank u, next tracks stagged ... 
[2024-03-28T21:00:27.902+0000] {logging_mixin.py:188} INFO -  transforming thank u, next tracks data ... 
[2024-03-28T21:00:29.640+0000] {logging_mixin.py:188} INFO - GETTING ALBUMS TRACKS DATA
[2024-03-28T21:00:29.857+0000] {logging_mixin.py:188} INFO -  Now stagging the tracks ...
[2024-03-28T21:00:29.857+0000] {logging_mixin.py:188} INFO -  Sweetener tracks stagged ... 
[2024-03-28T21:00:29.858+0000] {logging_mixin.py:188} INFO -  transforming Sweetener tracks data ... 
[2024-03-28T21:00:31.639+0000] {logging_mixin.py:188} INFO - GETTING ALBUMS TRACKS DATA
[2024-03-28T21:00:31.899+0000] {logging_mixin.py:188} INFO -  Now stagging the tracks ...
[2024-03-28T21:00:31.900+0000] {logging_mixin.py:188} INFO -  Dangerous Woman tracks stagged ... 
[2024-03-28T21:00:31.901+0000] {logging_mixin.py:188} INFO -  transforming Dangerous Woman tracks data ... 
[2024-03-28T21:00:33.658+0000] {logging_mixin.py:188} INFO - GETTING ALBUMS TRACKS DATA
[2024-03-28T21:00:33.894+0000] {logging_mixin.py:188} INFO -  Now stagging the tracks ...
[2024-03-28T21:00:33.895+0000] {logging_mixin.py:188} INFO -  My Everything (Deluxe) tracks stagged ... 
[2024-03-28T21:00:33.896+0000] {logging_mixin.py:188} INFO -  transforming My Everything (Deluxe) tracks data ... 
[2024-03-28T21:00:35.707+0000] {logging_mixin.py:188} INFO - DONE WITH {artist_name} NOW MOVING TO NEXT ARTIST
[2024-03-28T21:00:35.953+0000] {logging_mixin.py:188} INFO - GETTING ARTISTS ALBUMS DATA
[2024-03-28T21:00:36.292+0000] {logging_mixin.py:188} INFO - Justin Timberlake has appeared on a total of 341 albums
[2024-03-28T21:00:36.294+0000] {logging_mixin.py:188} INFO -  Now stagging the albums ...
[2024-03-28T21:00:42.469+0000] {logging_mixin.py:188} INFO -  Justin Timberlake albums stagged ... 
[2024-03-28T21:00:42.470+0000] {logging_mixin.py:188} INFO -  transforming Justin Timberlake albums data ... 
[2024-03-28T21:00:42.471+0000] {logging_mixin.py:188} INFO - GETTING ALBUMS TRACKS DATA
[2024-03-28T21:00:42.717+0000] {logging_mixin.py:188} INFO -  Now stagging the tracks ...
[2024-03-28T21:00:42.719+0000] {logging_mixin.py:188} INFO -  Everything I Thought It Was tracks stagged ... 
[2024-03-28T21:00:42.720+0000] {logging_mixin.py:188} INFO -  transforming Everything I Thought It Was tracks data ... 
[2024-03-28T21:00:44.535+0000] {logging_mixin.py:188} INFO - GETTING ALBUMS TRACKS DATA
[2024-03-28T21:00:44.761+0000] {logging_mixin.py:188} INFO -  Now stagging the tracks ...
[2024-03-28T21:00:44.762+0000] {logging_mixin.py:188} INFO -  Man of the Woods tracks stagged ... 
[2024-03-28T21:00:44.762+0000] {logging_mixin.py:188} INFO -  transforming Man of the Woods tracks data ... 
[2024-03-28T21:00:46.602+0000] {logging_mixin.py:188} INFO - GETTING ALBUMS TRACKS DATA
[2024-03-28T21:00:46.892+0000] {logging_mixin.py:188} INFO -  Now stagging the tracks ...
[2024-03-28T21:00:46.894+0000] {logging_mixin.py:188} INFO -  The Book of Love (Original Motion Picture Soundtrack) tracks stagged ... 
[2024-03-28T21:00:46.895+0000] {logging_mixin.py:188} INFO -  transforming The Book of Love (Original Motion Picture Soundtrack) tracks data ... 
[2024-03-28T21:00:48.749+0000] {logging_mixin.py:188} INFO - GETTING ALBUMS TRACKS DATA
[2024-03-28T21:00:48.976+0000] {logging_mixin.py:188} INFO -  Now stagging the tracks ...
[2024-03-28T21:00:48.977+0000] {logging_mixin.py:188} INFO -  The 20/20 Experience - 2 of 2 (Deluxe) tracks stagged ... 
[2024-03-28T21:00:48.977+0000] {logging_mixin.py:188} INFO -  transforming The 20/20 Experience - 2 of 2 (Deluxe) tracks data ... 
[2024-03-28T21:00:50.890+0000] {logging_mixin.py:188} INFO - GETTING ALBUMS TRACKS DATA
[2024-03-28T21:00:51.141+0000] {logging_mixin.py:188} INFO -  Now stagging the tracks ...
[2024-03-28T21:00:51.142+0000] {logging_mixin.py:188} INFO -  The 20/20 Experience (Deluxe Version) tracks stagged ... 
[2024-03-28T21:00:51.143+0000] {logging_mixin.py:188} INFO -  transforming The 20/20 Experience (Deluxe Version) tracks data ... 
[2024-03-28T21:00:52.994+0000] {logging_mixin.py:188} INFO - GETTING ALBUMS TRACKS DATA
[2024-03-28T21:00:53.228+0000] {logging_mixin.py:188} INFO -  Now stagging the tracks ...
[2024-03-28T21:00:53.229+0000] {logging_mixin.py:188} INFO -  12" Masters - The Essential Mixes tracks stagged ... 
[2024-03-28T21:00:53.229+0000] {logging_mixin.py:188} INFO -  transforming 12" Masters - The Essential Mixes tracks data ... 
[2024-03-28T21:00:55.040+0000] {logging_mixin.py:188} INFO - GETTING ALBUMS TRACKS DATA
[2024-03-28T21:00:55.278+0000] {logging_mixin.py:188} INFO -  Now stagging the tracks ...
[2024-03-28T21:00:55.279+0000] {logging_mixin.py:188} INFO -  FutureSex/LoveSounds Deluxe Edition tracks stagged ... 
[2024-03-28T21:00:55.280+0000] {logging_mixin.py:188} INFO -  transforming FutureSex/LoveSounds Deluxe Edition tracks data ... 
[2024-03-28T21:00:59.007+0000] {client.py:302} ERROR - Max Retries reached
[2024-03-28T21:00:59.008+0000] {taskinstance.py:2731} ERROR - Task failed with exception
Traceback (most recent call last):
  File "/home/airflow/.local/lib/python3.8/site-packages/requests/adapters.py", line 486, in send
    resp = conn.urlopen(
  File "/home/airflow/.local/lib/python3.8/site-packages/urllib3/connectionpool.py", line 894, in urlopen
    return self.urlopen(
  File "/home/airflow/.local/lib/python3.8/site-packages/urllib3/connectionpool.py", line 894, in urlopen
    return self.urlopen(
  File "/home/airflow/.local/lib/python3.8/site-packages/urllib3/connectionpool.py", line 894, in urlopen
    return self.urlopen(
  File "/home/airflow/.local/lib/python3.8/site-packages/urllib3/connectionpool.py", line 884, in urlopen
    retries = retries.increment(method, url, response=response, _pool=self)
  File "/home/airflow/.local/lib/python3.8/site-packages/urllib3/util/retry.py", line 592, in increment
    raise MaxRetryError(_pool, url, error or ResponseError(cause))
urllib3.exceptions.MaxRetryError: HTTPSConnectionPool(host='api.spotify.com', port=443): Max retries exceeded with url: /v1/audio-features/?ids=6zkOYq38NO7KNnufE0MuQo (Caused by ResponseError('too many 429 error responses'))

During handling of the above exception, another exception occurred:

Traceback (most recent call last):
  File "/home/airflow/.local/lib/python3.8/site-packages/spotipy/client.py", line 266, in _internal_call
    response = self._session.request(
  File "/home/airflow/.local/lib/python3.8/site-packages/requests/sessions.py", line 589, in request
    resp = self.send(prep, **send_kwargs)
  File "/home/airflow/.local/lib/python3.8/site-packages/requests/sessions.py", line 703, in send
    r = adapter.send(request, **kwargs)
  File "/home/airflow/.local/lib/python3.8/site-packages/requests/adapters.py", line 510, in send
    raise RetryError(e, request=request)
requests.exceptions.RetryError: HTTPSConnectionPool(host='api.spotify.com', port=443): Max retries exceeded with url: /v1/audio-features/?ids=6zkOYq38NO7KNnufE0MuQo (Caused by ResponseError('too many 429 error responses'))

During handling of the above exception, another exception occurred:

Traceback (most recent call last):
  File "/home/airflow/.local/lib/python3.8/site-packages/airflow/models/taskinstance.py", line 444, in _execute_task
    result = _execute_callable(context=context, **execute_callable_kwargs)
  File "/home/airflow/.local/lib/python3.8/site-packages/airflow/models/taskinstance.py", line 414, in _execute_callable
    return execute_callable(context=context, **execute_callable_kwargs)
  File "/home/airflow/.local/lib/python3.8/site-packages/airflow/operators/python.py", line 200, in execute
    return_value = self.execute_callable()
  File "/home/airflow/.local/lib/python3.8/site-packages/airflow/operators/python.py", line 217, in execute_callable
    return self.python_callable(*self.op_args, **self.op_kwargs)
  File "/opt/airflow/dags/billboard_to_spotify_to_csvs_to_s3.py", line 155, in Spotify_to_CSV
    track_features = sp.audio_features(track['uri'])
  File "/home/airflow/.local/lib/python3.8/site-packages/spotipy/client.py", line 1734, in audio_features
    results = self._get("audio-features/?ids=" + trackid)
  File "/home/airflow/.local/lib/python3.8/site-packages/spotipy/client.py", line 323, in _get
    return self._internal_call("GET", url, payload, kwargs)
  File "/home/airflow/.local/lib/python3.8/site-packages/spotipy/client.py", line 307, in _internal_call
    raise SpotifyException(
spotipy.exceptions.SpotifyException: http status: 429, code:-1 - /v1/audio-features/?ids=6zkOYq38NO7KNnufE0MuQo:
 Max Retries, reason: too many 429 error responses
[2024-03-28T21:00:59.027+0000] {taskinstance.py:1149} INFO - Marking task as UP_FOR_RETRY. dag_id=billboard_to_spotify_to_s3_extraction, task_id=sptoify_to_csv, execution_date=20240327T000000, start_date=20240328T205910, end_date=20240328T210059
[2024-03-28T21:00:59.046+0000] {standard_task_runner.py:107} ERROR - Failed to execute job 1461 for task sptoify_to_csv (http status: 429, code:-1 - /v1/audio-features/?ids=6zkOYq38NO7KNnufE0MuQo:
 Max Retries, reason: too many 429 error responses; 922)
[2024-03-28T21:00:59.073+0000] {local_task_job_runner.py:234} INFO - Task exited with return code 1
[2024-03-28T21:00:59.097+0000] {taskinstance.py:3312} INFO - 0 downstream tasks scheduled from follow-on schedule check
