[2024-03-22T10:07:01.877+0000] {taskinstance.py:1979} INFO - Dependencies all met for dep_context=non-requeueable deps ti=<TaskInstance: spotify_to_s3_data_extraction_v1.sptoify_to_csv scheduled__2024-03-20T21:49:00+00:00 [queued]>
[2024-03-22T10:07:02.661+0000] {taskinstance.py:1979} INFO - Dependencies all met for dep_context=requeueable deps ti=<TaskInstance: spotify_to_s3_data_extraction_v1.sptoify_to_csv scheduled__2024-03-20T21:49:00+00:00 [queued]>
[2024-03-22T10:07:02.826+0000] {taskinstance.py:2193} INFO - Starting attempt 5 of 7
[2024-03-22T10:07:05.929+0000] {taskinstance.py:2217} INFO - Executing <Task(PythonOperator): sptoify_to_csv> on 2024-03-20 21:49:00+00:00
[2024-03-22T10:07:06.323+0000] {standard_task_runner.py:60} INFO - Started process 5023 to run task
[2024-03-22T10:07:06.357+0000] {standard_task_runner.py:87} INFO - Running: ['***', 'tasks', 'run', 'spotify_to_s3_data_extraction_v1', 'sptoify_to_csv', 'scheduled__2024-03-20T21:49:00+00:00', '--job-id', '998', '--raw', '--subdir', 'DAGS_FOLDER/spotify_to_csvs_to_s3.py', '--cfg-path', '/tmp/tmpqxl0d_e9']
[2024-03-22T10:07:06.375+0000] {standard_task_runner.py:88} INFO - Job 998: Subtask sptoify_to_csv
[2024-03-22T10:07:09.141+0000] {task_command.py:423} INFO - Running <TaskInstance: spotify_to_s3_data_extraction_v1.sptoify_to_csv scheduled__2024-03-20T21:49:00+00:00 [running]> on host ca1809388db1
[2024-03-22T10:07:10.298+0000] {taskinstance.py:2513} INFO - Exporting env vars: AIRFLOW_CTX_DAG_OWNER='Nathaniel Solomon' AIRFLOW_CTX_DAG_ID='spotify_to_s3_data_extraction_v1' AIRFLOW_CTX_TASK_ID='sptoify_to_csv' AIRFLOW_CTX_EXECUTION_DATE='2024-03-20T21:49:00+00:00' AIRFLOW_CTX_TRY_NUMBER='5' AIRFLOW_CTX_DAG_RUN_ID='scheduled__2024-03-20T21:49:00+00:00'
[2024-03-22T10:07:10.305+0000] {logging_mixin.py:188} INFO - The extract function has been executed and this is data in the next line
[2024-03-22T10:07:10.313+0000] {logging_mixin.py:188} INFO - Initiating the Endpoint...
[2024-03-22T10:07:11.417+0000] {logging_mixin.py:188} INFO - Extracting other available tracks
[2024-03-22T10:14:34.545+0000] {logging_mixin.py:188} INFO - Adding the values of index 0 into the appropriate Keys...
[2024-03-22T10:14:40.970+0000] {logging_mixin.py:188} INFO - Adding the values of index 1 into the appropriate Keys...
[2024-03-22T10:14:42.063+0000] {logging_mixin.py:188} INFO - Adding the values of index 2 into the appropriate Keys...
[2024-03-22T10:14:51.784+0000] {logging_mixin.py:188} INFO - Adding the values of index 3 into the appropriate Keys...
[2024-03-22T10:15:01.551+0000] {logging_mixin.py:188} INFO - Adding the values of index 4 into the appropriate Keys...
[2024-03-22T10:15:11.872+0000] {logging_mixin.py:188} INFO - Adding the values of index 5 into the appropriate Keys...
[2024-03-22T10:15:21.253+0000] {logging_mixin.py:188} INFO - Adding the values of index 6 into the appropriate Keys...
[2024-03-22T10:15:31.429+0000] {logging_mixin.py:188} INFO - Adding the values of index 7 into the appropriate Keys...
[2024-03-22T10:15:32.227+0000] {logging_mixin.py:188} INFO - Adding the values of index 8 into the appropriate Keys...
[2024-03-22T10:15:43.121+0000] {logging_mixin.py:188} INFO - Adding the values of index 9 into the appropriate Keys...
[2024-03-22T10:15:44.323+0000] {logging_mixin.py:188} INFO - Done Extracting...
[2024-03-22T10:15:44.676+0000] {python.py:202} INFO - Done. Returned value was: None
[2024-03-22T10:15:45.077+0000] {taskinstance.py:1149} INFO - Marking task as SUCCESS. dag_id=spotify_to_s3_data_extraction_v1, task_id=sptoify_to_csv, execution_date=20240320T214900, start_date=20240322T100701, end_date=20240322T101545
[2024-03-22T10:15:45.496+0000] {local_task_job_runner.py:234} INFO - Task exited with return code 0
[2024-03-22T10:15:45.730+0000] {taskinstance.py:3312} INFO - 1 downstream tasks scheduled from follow-on schedule check
