[2024-03-20T21:50:30.604+0000] {taskinstance.py:1979} INFO - Dependencies all met for dep_context=non-requeueable deps ti=<TaskInstance: spotify_to_s3_data_extraction_v1.sptoify_to_csv scheduled__2024-03-20T21:49:00+00:00 [queued]>
[2024-03-20T21:50:30.664+0000] {taskinstance.py:1979} INFO - Dependencies all met for dep_context=requeueable deps ti=<TaskInstance: spotify_to_s3_data_extraction_v1.sptoify_to_csv scheduled__2024-03-20T21:49:00+00:00 [queued]>
[2024-03-20T21:50:30.666+0000] {taskinstance.py:2193} INFO - Starting attempt 1 of 6
[2024-03-20T21:50:30.727+0000] {taskinstance.py:2217} INFO - Executing <Task(PythonOperator): sptoify_to_csv> on 2024-03-20 21:49:00+00:00
[2024-03-20T21:50:31.015+0000] {standard_task_runner.py:60} INFO - Started process 544 to run task
[2024-03-20T21:50:31.160+0000] {standard_task_runner.py:87} INFO - Running: ['***', 'tasks', 'run', 'spotify_to_s3_data_extraction_v1', 'sptoify_to_csv', 'scheduled__2024-03-20T21:49:00+00:00', '--job-id', '149', '--raw', '--subdir', 'DAGS_FOLDER/spotify_to_csvs_to_s3.py', '--cfg-path', '/tmp/tmpqvlq6y7x']
[2024-03-20T21:50:31.272+0000] {standard_task_runner.py:88} INFO - Job 149: Subtask sptoify_to_csv
[2024-03-20T21:50:32.048+0000] {task_command.py:423} INFO - Running <TaskInstance: spotify_to_s3_data_extraction_v1.sptoify_to_csv scheduled__2024-03-20T21:49:00+00:00 [running]> on host ca1809388db1
[2024-03-20T21:50:32.431+0000] {taskinstance.py:2513} INFO - Exporting env vars: AIRFLOW_CTX_DAG_OWNER='Nathaniel Solomon' AIRFLOW_CTX_DAG_ID='spotify_to_s3_data_extraction_v1' AIRFLOW_CTX_TASK_ID='sptoify_to_csv' AIRFLOW_CTX_EXECUTION_DATE='2024-03-20T21:49:00+00:00' AIRFLOW_CTX_TRY_NUMBER='1' AIRFLOW_CTX_DAG_RUN_ID='scheduled__2024-03-20T21:49:00+00:00'
[2024-03-20T21:50:32.440+0000] {logging_mixin.py:188} INFO - The extract function has been executed and this is data in the next line
[2024-03-20T21:50:32.442+0000] {logging_mixin.py:188} INFO - Initiating the Endpoint...
[2024-03-20T21:50:33.537+0000] {logging_mixin.py:188} INFO - Extracting other available tracks
[2024-03-20T21:50:43.375+0000] {logging_mixin.py:188} INFO - Adding the values of index 0 into the appropriate Keys...
[2024-03-20T21:50:45.301+0000] {logging_mixin.py:188} INFO - Adding the values of index 1 into the appropriate Keys...
[2024-03-20T21:50:48.639+0000] {logging_mixin.py:188} INFO - Adding the values of index 2 into the appropriate Keys...
[2024-03-20T21:50:49.884+0000] {logging_mixin.py:188} INFO - Adding the values of index 3 into the appropriate Keys...
[2024-03-20T21:50:51.110+0000] {logging_mixin.py:188} INFO - Adding the values of index 4 into the appropriate Keys...
[2024-03-20T21:50:52.256+0000] {logging_mixin.py:188} INFO - Adding the values of index 5 into the appropriate Keys...
[2024-03-20T21:50:53.435+0000] {logging_mixin.py:188} INFO - Adding the values of index 6 into the appropriate Keys...
[2024-03-20T21:50:54.601+0000] {logging_mixin.py:188} INFO - Adding the values of index 7 into the appropriate Keys...
[2024-03-20T21:50:55.649+0000] {logging_mixin.py:188} INFO - Adding the values of index 8 into the appropriate Keys...
[2024-03-20T21:50:57.472+0000] {logging_mixin.py:188} INFO - Adding the values of index 9 into the appropriate Keys...
[2024-03-20T21:50:58.593+0000] {logging_mixin.py:188} INFO - Done Extracting...
[2024-03-20T21:50:59.778+0000] {python.py:202} INFO - Done. Returned value was: None
[2024-03-20T21:51:00.689+0000] {taskinstance.py:1149} INFO - Marking task as SUCCESS. dag_id=spotify_to_s3_data_extraction_v1, task_id=sptoify_to_csv, execution_date=20240320T214900, start_date=20240320T215030, end_date=20240320T215100
[2024-03-20T21:51:01.208+0000] {local_task_job_runner.py:234} INFO - Task exited with return code 0
[2024-03-20T21:51:01.592+0000] {taskinstance.py:3312} INFO - 1 downstream tasks scheduled from follow-on schedule check
