[2024-03-24T07:40:18.281+0000] {taskinstance.py:1979} INFO - Dependencies all met for dep_context=non-requeueable deps ti=<TaskInstance: spotify_to_s3_data_extraction_vfinale_x64.sptoify_to_csv scheduled__2024-03-23T00:00:00+00:00 [queued]>
[2024-03-24T07:40:18.289+0000] {taskinstance.py:1979} INFO - Dependencies all met for dep_context=requeueable deps ti=<TaskInstance: spotify_to_s3_data_extraction_vfinale_x64.sptoify_to_csv scheduled__2024-03-23T00:00:00+00:00 [queued]>
[2024-03-24T07:40:18.290+0000] {taskinstance.py:2193} INFO - Starting attempt 1 of 6
[2024-03-24T07:40:18.303+0000] {taskinstance.py:2217} INFO - Executing <Task(PythonOperator): sptoify_to_csv> on 2024-03-23 00:00:00+00:00
[2024-03-24T07:40:18.307+0000] {standard_task_runner.py:60} INFO - Started process 2205 to run task
[2024-03-24T07:40:18.311+0000] {standard_task_runner.py:87} INFO - Running: ['***', 'tasks', 'run', 'spotify_to_s3_data_extraction_vfinale_x64', 'sptoify_to_csv', 'scheduled__2024-03-23T00:00:00+00:00', '--job-id', '1375', '--raw', '--subdir', 'DAGS_FOLDER/spotify_to_csvs_to_s3.py', '--cfg-path', '/tmp/tmpb_fbr0nm']
[2024-03-24T07:40:18.313+0000] {standard_task_runner.py:88} INFO - Job 1375: Subtask sptoify_to_csv
[2024-03-24T07:40:18.361+0000] {task_command.py:423} INFO - Running <TaskInstance: spotify_to_s3_data_extraction_vfinale_x64.sptoify_to_csv scheduled__2024-03-23T00:00:00+00:00 [running]> on host bc244bd8b198
[2024-03-24T07:40:18.428+0000] {taskinstance.py:2513} INFO - Exporting env vars: AIRFLOW_CTX_DAG_OWNER='Nathaniel Solomon' AIRFLOW_CTX_DAG_ID='spotify_to_s3_data_extraction_vfinale_x64' AIRFLOW_CTX_TASK_ID='sptoify_to_csv' AIRFLOW_CTX_EXECUTION_DATE='2024-03-23T00:00:00+00:00' AIRFLOW_CTX_TRY_NUMBER='1' AIRFLOW_CTX_DAG_RUN_ID='scheduled__2024-03-23T00:00:00+00:00'
[2024-03-24T07:40:18.429+0000] {logging_mixin.py:188} INFO - The extract function has been executed and this is data in the next line
[2024-03-24T07:40:18.430+0000] {logging_mixin.py:188} INFO - Initiating the Endpoint...
[2024-03-24T07:40:18.901+0000] {logging_mixin.py:188} INFO - Extracting other available tracks
[2024-03-24T07:40:26.433+0000] {logging_mixin.py:188} INFO - Adding the values of index 0 into the appropriate Keys...
[2024-03-24T07:40:27.463+0000] {logging_mixin.py:188} INFO - Adding the values of index 1 into the appropriate Keys...
[2024-03-24T07:40:28.434+0000] {logging_mixin.py:188} INFO - Adding the values of index 2 into the appropriate Keys...
[2024-03-24T07:40:29.334+0000] {logging_mixin.py:188} INFO - Adding the values of index 3 into the appropriate Keys...
[2024-03-24T07:40:30.431+0000] {logging_mixin.py:188} INFO - Adding the values of index 4 into the appropriate Keys...
[2024-03-24T07:40:31.475+0000] {logging_mixin.py:188} INFO - Adding the values of index 5 into the appropriate Keys...
[2024-03-24T07:40:32.558+0000] {logging_mixin.py:188} INFO - Adding the values of index 6 into the appropriate Keys...
[2024-03-24T07:40:33.589+0000] {logging_mixin.py:188} INFO - Adding the values of index 7 into the appropriate Keys...
[2024-03-24T07:40:34.512+0000] {logging_mixin.py:188} INFO - Adding the values of index 8 into the appropriate Keys...
[2024-03-24T07:40:35.559+0000] {logging_mixin.py:188} INFO - Adding the values of index 9 into the appropriate Keys...
[2024-03-24T07:40:36.554+0000] {logging_mixin.py:188} INFO - Done Extracting...
[2024-03-24T07:40:36.583+0000] {python.py:202} INFO - Done. Returned value was: None
[2024-03-24T07:40:36.597+0000] {taskinstance.py:1149} INFO - Marking task as SUCCESS. dag_id=spotify_to_s3_data_extraction_vfinale_x64, task_id=sptoify_to_csv, execution_date=20240323T000000, start_date=20240324T074018, end_date=20240324T074036
[2024-03-24T07:40:36.659+0000] {local_task_job_runner.py:234} INFO - Task exited with return code 0
[2024-03-24T07:40:36.687+0000] {taskinstance.py:3312} INFO - 1 downstream tasks scheduled from follow-on schedule check
