[2024-03-21T02:15:20.099+0000] {taskinstance.py:1979} INFO - Dependencies all met for dep_context=non-requeueable deps ti=<TaskInstance: spotify_to_s3_data_extraction_v1.sptoify_to_csv scheduled__2024-03-21T02:14:00+00:00 [queued]>
[2024-03-21T02:15:20.152+0000] {taskinstance.py:1979} INFO - Dependencies all met for dep_context=requeueable deps ti=<TaskInstance: spotify_to_s3_data_extraction_v1.sptoify_to_csv scheduled__2024-03-21T02:14:00+00:00 [queued]>
[2024-03-21T02:15:20.158+0000] {taskinstance.py:2193} INFO - Starting attempt 1 of 6
[2024-03-21T02:15:20.245+0000] {taskinstance.py:2217} INFO - Executing <Task(PythonOperator): sptoify_to_csv> on 2024-03-21 02:14:00+00:00
[2024-03-21T02:15:20.279+0000] {standard_task_runner.py:60} INFO - Started process 1426 to run task
[2024-03-21T02:15:20.303+0000] {standard_task_runner.py:87} INFO - Running: ['***', 'tasks', 'run', 'spotify_to_s3_data_extraction_v1', 'sptoify_to_csv', 'scheduled__2024-03-21T02:14:00+00:00', '--job-id', '290', '--raw', '--subdir', 'DAGS_FOLDER/spotify_to_csvs_to_s3.py', '--cfg-path', '/tmp/tmpsrw5digi']
[2024-03-21T02:15:20.319+0000] {standard_task_runner.py:88} INFO - Job 290: Subtask sptoify_to_csv
[2024-03-21T02:15:20.722+0000] {task_command.py:423} INFO - Running <TaskInstance: spotify_to_s3_data_extraction_v1.sptoify_to_csv scheduled__2024-03-21T02:14:00+00:00 [running]> on host ca1809388db1
[2024-03-21T02:15:21.271+0000] {taskinstance.py:2513} INFO - Exporting env vars: AIRFLOW_CTX_DAG_OWNER='Nathaniel Solomon' AIRFLOW_CTX_DAG_ID='spotify_to_s3_data_extraction_v1' AIRFLOW_CTX_TASK_ID='sptoify_to_csv' AIRFLOW_CTX_EXECUTION_DATE='2024-03-21T02:14:00+00:00' AIRFLOW_CTX_TRY_NUMBER='1' AIRFLOW_CTX_DAG_RUN_ID='scheduled__2024-03-21T02:14:00+00:00'
[2024-03-21T02:15:21.280+0000] {logging_mixin.py:188} INFO - The extract function has been executed and this is data in the next line
[2024-03-21T02:15:21.282+0000] {logging_mixin.py:188} INFO - Initiating the Endpoint...
[2024-03-21T02:15:21.916+0000] {logging_mixin.py:188} INFO - Extracting other available tracks
[2024-03-21T02:15:29.896+0000] {logging_mixin.py:188} INFO - Adding the values of index 0 into the appropriate Keys...
[2024-03-21T02:15:30.919+0000] {logging_mixin.py:188} INFO - Adding the values of index 1 into the appropriate Keys...
[2024-03-21T02:15:31.795+0000] {logging_mixin.py:188} INFO - Adding the values of index 2 into the appropriate Keys...
[2024-03-21T02:15:32.713+0000] {logging_mixin.py:188} INFO - Adding the values of index 3 into the appropriate Keys...
[2024-03-21T02:15:33.766+0000] {logging_mixin.py:188} INFO - Adding the values of index 4 into the appropriate Keys...
[2024-03-21T02:15:34.765+0000] {logging_mixin.py:188} INFO - Adding the values of index 5 into the appropriate Keys...
[2024-03-21T02:15:35.945+0000] {logging_mixin.py:188} INFO - Adding the values of index 6 into the appropriate Keys...
[2024-03-21T02:15:36.791+0000] {logging_mixin.py:188} INFO - Adding the values of index 7 into the appropriate Keys...
[2024-03-21T02:15:37.684+0000] {logging_mixin.py:188} INFO - Adding the values of index 8 into the appropriate Keys...
[2024-03-21T02:15:38.946+0000] {logging_mixin.py:188} INFO - Adding the values of index 9 into the appropriate Keys...
[2024-03-21T02:15:40.040+0000] {logging_mixin.py:188} INFO - Done Extracting...
[2024-03-21T02:15:40.055+0000] {python.py:202} INFO - Done. Returned value was: None
[2024-03-21T02:15:40.066+0000] {taskinstance.py:1149} INFO - Marking task as SUCCESS. dag_id=spotify_to_s3_data_extraction_v1, task_id=sptoify_to_csv, execution_date=20240321T021400, start_date=20240321T021520, end_date=20240321T021540
[2024-03-21T02:15:40.126+0000] {local_task_job_runner.py:234} INFO - Task exited with return code 0
[2024-03-21T02:15:40.155+0000] {taskinstance.py:3312} INFO - 1 downstream tasks scheduled from follow-on schedule check
