[2024-03-21T05:06:52.854+0000] {taskinstance.py:1979} INFO - Dependencies all met for dep_context=non-requeueable deps ti=<TaskInstance: spotify_to_s3_data_extraction_v1.sptoify_to_csv scheduled__2024-03-21T05:05:00+00:00 [queued]>
[2024-03-21T05:06:52.878+0000] {taskinstance.py:1979} INFO - Dependencies all met for dep_context=requeueable deps ti=<TaskInstance: spotify_to_s3_data_extraction_v1.sptoify_to_csv scheduled__2024-03-21T05:05:00+00:00 [queued]>
[2024-03-21T05:06:52.881+0000] {taskinstance.py:2193} INFO - Starting attempt 1 of 6
[2024-03-21T05:06:52.923+0000] {taskinstance.py:2217} INFO - Executing <Task(PythonOperator): sptoify_to_csv> on 2024-03-21 05:05:00+00:00
[2024-03-21T05:06:52.935+0000] {standard_task_runner.py:60} INFO - Started process 1920 to run task
[2024-03-21T05:06:52.941+0000] {standard_task_runner.py:87} INFO - Running: ['***', 'tasks', 'run', 'spotify_to_s3_data_extraction_v1', 'sptoify_to_csv', 'scheduled__2024-03-21T05:05:00+00:00', '--job-id', '357', '--raw', '--subdir', 'DAGS_FOLDER/spotify_to_csvs_to_s3.py', '--cfg-path', '/tmp/tmpbq8ddk3f']
[2024-03-21T05:06:52.947+0000] {standard_task_runner.py:88} INFO - Job 357: Subtask sptoify_to_csv
[2024-03-21T05:06:53.068+0000] {task_command.py:423} INFO - Running <TaskInstance: spotify_to_s3_data_extraction_v1.sptoify_to_csv scheduled__2024-03-21T05:05:00+00:00 [running]> on host ca1809388db1
[2024-03-21T05:06:53.257+0000] {taskinstance.py:2513} INFO - Exporting env vars: AIRFLOW_CTX_DAG_OWNER='Nathaniel Solomon' AIRFLOW_CTX_DAG_ID='spotify_to_s3_data_extraction_v1' AIRFLOW_CTX_TASK_ID='sptoify_to_csv' AIRFLOW_CTX_EXECUTION_DATE='2024-03-21T05:05:00+00:00' AIRFLOW_CTX_TRY_NUMBER='1' AIRFLOW_CTX_DAG_RUN_ID='scheduled__2024-03-21T05:05:00+00:00'
[2024-03-21T05:06:53.262+0000] {logging_mixin.py:188} INFO - The extract function has been executed and this is data in the next line
[2024-03-21T05:06:53.264+0000] {logging_mixin.py:188} INFO - Initiating the Endpoint...
[2024-03-21T05:06:54.082+0000] {logging_mixin.py:188} INFO - Extracting other available tracks
[2024-03-21T05:07:03.565+0000] {logging_mixin.py:188} INFO - Adding the values of index 0 into the appropriate Keys...
[2024-03-21T05:07:05.005+0000] {logging_mixin.py:188} INFO - Adding the values of index 1 into the appropriate Keys...
[2024-03-21T05:07:06.302+0000] {logging_mixin.py:188} INFO - Adding the values of index 2 into the appropriate Keys...
[2024-03-21T05:07:07.550+0000] {logging_mixin.py:188} INFO - Adding the values of index 3 into the appropriate Keys...
[2024-03-21T05:07:08.831+0000] {logging_mixin.py:188} INFO - Adding the values of index 4 into the appropriate Keys...
[2024-03-21T05:07:10.314+0000] {logging_mixin.py:188} INFO - Adding the values of index 5 into the appropriate Keys...
[2024-03-21T05:07:11.594+0000] {logging_mixin.py:188} INFO - Adding the values of index 6 into the appropriate Keys...
[2024-03-21T05:07:12.994+0000] {logging_mixin.py:188} INFO - Adding the values of index 7 into the appropriate Keys...
[2024-03-21T05:07:14.206+0000] {logging_mixin.py:188} INFO - Adding the values of index 8 into the appropriate Keys...
[2024-03-21T05:07:15.444+0000] {logging_mixin.py:188} INFO - Adding the values of index 9 into the appropriate Keys...
[2024-03-21T05:07:16.812+0000] {logging_mixin.py:188} INFO - Done Extracting...
[2024-03-21T05:07:17.262+0000] {python.py:202} INFO - Done. Returned value was: None
[2024-03-21T05:07:17.526+0000] {taskinstance.py:1149} INFO - Marking task as SUCCESS. dag_id=spotify_to_s3_data_extraction_v1, task_id=sptoify_to_csv, execution_date=20240321T050500, start_date=20240321T050652, end_date=20240321T050717
[2024-03-21T05:07:19.609+0000] {local_task_job_runner.py:234} INFO - Task exited with return code 0
[2024-03-21T05:07:20.385+0000] {taskinstance.py:3312} INFO - 1 downstream tasks scheduled from follow-on schedule check
