[2024-03-21T02:02:35.155+0000] {taskinstance.py:1979} INFO - Dependencies all met for dep_context=non-requeueable deps ti=<TaskInstance: spotify_to_s3_data_extraction_v1.sptoify_to_csv scheduled__2024-03-21T01:30:00+00:00 [queued]>
[2024-03-21T02:02:35.170+0000] {taskinstance.py:1979} INFO - Dependencies all met for dep_context=requeueable deps ti=<TaskInstance: spotify_to_s3_data_extraction_v1.sptoify_to_csv scheduled__2024-03-21T01:30:00+00:00 [queued]>
[2024-03-21T02:02:35.171+0000] {taskinstance.py:2193} INFO - Starting attempt 2 of 6
[2024-03-21T02:02:35.194+0000] {taskinstance.py:2217} INFO - Executing <Task(PythonOperator): sptoify_to_csv> on 2024-03-21 01:30:00+00:00
[2024-03-21T02:02:35.204+0000] {standard_task_runner.py:60} INFO - Started process 1347 to run task
[2024-03-21T02:02:35.209+0000] {standard_task_runner.py:87} INFO - Running: ['***', 'tasks', 'run', 'spotify_to_s3_data_extraction_v1', 'sptoify_to_csv', 'scheduled__2024-03-21T01:30:00+00:00', '--job-id', '275', '--raw', '--subdir', 'DAGS_FOLDER/spotify_to_csvs_to_s3.py', '--cfg-path', '/tmp/tmpz59m_4iu']
[2024-03-21T02:02:35.214+0000] {standard_task_runner.py:88} INFO - Job 275: Subtask sptoify_to_csv
[2024-03-21T02:02:35.306+0000] {task_command.py:423} INFO - Running <TaskInstance: spotify_to_s3_data_extraction_v1.sptoify_to_csv scheduled__2024-03-21T01:30:00+00:00 [running]> on host ca1809388db1
[2024-03-21T02:02:35.467+0000] {taskinstance.py:2513} INFO - Exporting env vars: AIRFLOW_CTX_DAG_OWNER='Nathaniel Solomon' AIRFLOW_CTX_DAG_ID='spotify_to_s3_data_extraction_v1' AIRFLOW_CTX_TASK_ID='sptoify_to_csv' AIRFLOW_CTX_EXECUTION_DATE='2024-03-21T01:30:00+00:00' AIRFLOW_CTX_TRY_NUMBER='2' AIRFLOW_CTX_DAG_RUN_ID='scheduled__2024-03-21T01:30:00+00:00'
[2024-03-21T02:02:35.473+0000] {logging_mixin.py:188} INFO - The extract function has been executed and this is data in the next line
[2024-03-21T02:02:35.474+0000] {logging_mixin.py:188} INFO - Initiating the Endpoint...
[2024-03-21T02:02:36.708+0000] {logging_mixin.py:188} INFO - Extracting other available tracks
[2024-03-21T02:02:45.074+0000] {logging_mixin.py:188} INFO - Adding the values of index 0 into the appropriate Keys...
[2024-03-21T02:02:46.938+0000] {logging_mixin.py:188} INFO - Adding the values of index 1 into the appropriate Keys...
[2024-03-21T02:02:48.266+0000] {logging_mixin.py:188} INFO - Adding the values of index 2 into the appropriate Keys...
[2024-03-21T02:02:49.463+0000] {logging_mixin.py:188} INFO - Adding the values of index 3 into the appropriate Keys...
[2024-03-21T02:02:50.931+0000] {logging_mixin.py:188} INFO - Adding the values of index 4 into the appropriate Keys...
[2024-03-21T02:02:52.188+0000] {logging_mixin.py:188} INFO - Adding the values of index 5 into the appropriate Keys...
[2024-03-21T02:02:53.533+0000] {logging_mixin.py:188} INFO - Adding the values of index 6 into the appropriate Keys...
[2024-03-21T02:02:55.153+0000] {logging_mixin.py:188} INFO - Adding the values of index 7 into the appropriate Keys...
[2024-03-21T02:02:56.716+0000] {logging_mixin.py:188} INFO - Adding the values of index 8 into the appropriate Keys...
[2024-03-21T02:02:58.214+0000] {logging_mixin.py:188} INFO - Adding the values of index 9 into the appropriate Keys...
[2024-03-21T02:02:59.697+0000] {logging_mixin.py:188} INFO - Done Extracting...
[2024-03-21T02:03:00.430+0000] {python.py:202} INFO - Done. Returned value was: None
[2024-03-21T02:03:00.987+0000] {taskinstance.py:1149} INFO - Marking task as SUCCESS. dag_id=spotify_to_s3_data_extraction_v1, task_id=sptoify_to_csv, execution_date=20240321T013000, start_date=20240321T020235, end_date=20240321T020300
[2024-03-21T02:03:01.709+0000] {local_task_job_runner.py:234} INFO - Task exited with return code 0
[2024-03-21T02:03:02.485+0000] {taskinstance.py:3312} INFO - 1 downstream tasks scheduled from follow-on schedule check
