[2024-03-23T17:10:03.536+0000] {taskinstance.py:1979} INFO - Dependencies all met for dep_context=non-requeueable deps ti=<TaskInstance: spotify_to_s3_data_extraction_v1.sptoify_to_csv scheduled__2024-03-21T07:19:00+00:00 [queued]>
[2024-03-23T17:10:03.566+0000] {taskinstance.py:1979} INFO - Dependencies all met for dep_context=requeueable deps ti=<TaskInstance: spotify_to_s3_data_extraction_v1.sptoify_to_csv scheduled__2024-03-21T07:19:00+00:00 [queued]>
[2024-03-23T17:10:03.568+0000] {taskinstance.py:2193} INFO - Starting attempt 5 of 8
[2024-03-23T17:10:03.600+0000] {taskinstance.py:2217} INFO - Executing <Task(PythonOperator): sptoify_to_csv> on 2024-03-21 07:19:00+00:00
[2024-03-23T17:10:03.616+0000] {standard_task_runner.py:60} INFO - Started process 11043 to run task
[2024-03-23T17:10:03.624+0000] {standard_task_runner.py:87} INFO - Running: ['***', 'tasks', 'run', 'spotify_to_s3_data_extraction_v1', 'sptoify_to_csv', 'scheduled__2024-03-21T07:19:00+00:00', '--job-id', '1256', '--raw', '--subdir', 'DAGS_FOLDER/spotify_to_csvs_to_s3.py', '--cfg-path', '/tmp/tmpj_kqevpt']
[2024-03-23T17:10:03.632+0000] {standard_task_runner.py:88} INFO - Job 1256: Subtask sptoify_to_csv
[2024-03-23T17:10:03.740+0000] {task_command.py:423} INFO - Running <TaskInstance: spotify_to_s3_data_extraction_v1.sptoify_to_csv scheduled__2024-03-21T07:19:00+00:00 [running]> on host ca1809388db1
[2024-03-23T17:10:03.883+0000] {taskinstance.py:2513} INFO - Exporting env vars: AIRFLOW_CTX_DAG_OWNER='Nathaniel Solomon' AIRFLOW_CTX_DAG_ID='spotify_to_s3_data_extraction_v1' AIRFLOW_CTX_TASK_ID='sptoify_to_csv' AIRFLOW_CTX_EXECUTION_DATE='2024-03-21T07:19:00+00:00' AIRFLOW_CTX_TRY_NUMBER='5' AIRFLOW_CTX_DAG_RUN_ID='scheduled__2024-03-21T07:19:00+00:00'
[2024-03-23T17:10:03.887+0000] {logging_mixin.py:188} INFO - The extract function has been executed and this is data in the next line
[2024-03-23T17:10:03.888+0000] {logging_mixin.py:188} INFO - Initiating the Endpoint...
[2024-03-23T17:10:05.539+0000] {logging_mixin.py:188} INFO - Extracting other available tracks
[2024-03-23T17:10:17.999+0000] {logging_mixin.py:188} INFO - Adding the values of index 0 into the appropriate Keys...
[2024-03-23T17:10:19.076+0000] {logging_mixin.py:188} INFO - Adding the values of index 1 into the appropriate Keys...
[2024-03-23T17:10:20.236+0000] {logging_mixin.py:188} INFO - Adding the values of index 2 into the appropriate Keys...
[2024-03-23T17:10:21.589+0000] {logging_mixin.py:188} INFO - Adding the values of index 3 into the appropriate Keys...
[2024-03-23T17:10:22.750+0000] {logging_mixin.py:188} INFO - Adding the values of index 4 into the appropriate Keys...
[2024-03-23T17:10:24.132+0000] {logging_mixin.py:188} INFO - Adding the values of index 5 into the appropriate Keys...
[2024-03-23T17:10:25.694+0000] {logging_mixin.py:188} INFO - Adding the values of index 6 into the appropriate Keys...
[2024-03-23T17:10:26.830+0000] {logging_mixin.py:188} INFO - Adding the values of index 7 into the appropriate Keys...
[2024-03-23T17:10:28.055+0000] {logging_mixin.py:188} INFO - Adding the values of index 8 into the appropriate Keys...
[2024-03-23T17:10:30.017+0000] {logging_mixin.py:188} INFO - Adding the values of index 9 into the appropriate Keys...
[2024-03-23T17:10:31.147+0000] {logging_mixin.py:188} INFO - Done Extracting...
[2024-03-23T17:10:31.209+0000] {python.py:202} INFO - Done. Returned value was: None
[2024-03-23T17:10:31.235+0000] {taskinstance.py:1149} INFO - Marking task as SUCCESS. dag_id=spotify_to_s3_data_extraction_v1, task_id=sptoify_to_csv, execution_date=20240321T071900, start_date=20240323T171003, end_date=20240323T171031
[2024-03-23T17:10:31.290+0000] {local_task_job_runner.py:234} INFO - Task exited with return code 0
[2024-03-23T17:10:31.334+0000] {taskinstance.py:3312} INFO - 1 downstream tasks scheduled from follow-on schedule check
