[2024-04-04T02:48:55.005+0000] {taskinstance.py:1979} INFO - Dependencies all met for dep_context=non-requeueable deps ti=<TaskInstance: billboard_to_spotify_to_s3_extractionV1.sptoify_to_csv scheduled__2024-04-03T00:00:00+00:00 [queued]>
[2024-04-04T02:48:55.029+0000] {taskinstance.py:1979} INFO - Dependencies all met for dep_context=requeueable deps ti=<TaskInstance: billboard_to_spotify_to_s3_extractionV1.sptoify_to_csv scheduled__2024-04-03T00:00:00+00:00 [queued]>
[2024-04-04T02:48:55.030+0000] {taskinstance.py:2193} INFO - Starting attempt 5 of 6
[2024-04-04T02:48:55.064+0000] {taskinstance.py:2217} INFO - Executing <Task(PythonOperator): sptoify_to_csv> on 2024-04-03 00:00:00+00:00
[2024-04-04T02:48:55.080+0000] {standard_task_runner.py:60} INFO - Started process 34228 to run task
[2024-04-04T02:48:55.088+0000] {standard_task_runner.py:87} INFO - Running: ['***', 'tasks', 'run', 'billboard_to_spotify_to_s3_extractionV1', 'sptoify_to_csv', 'scheduled__2024-04-03T00:00:00+00:00', '--job-id', '1547', '--raw', '--subdir', 'DAGS_FOLDER/billboard_to_spotify_to_csvs_to_s3.py', '--cfg-path', '/tmp/tmpuhct39l3']
[2024-04-04T02:48:55.094+0000] {standard_task_runner.py:88} INFO - Job 1547: Subtask sptoify_to_csv
[2024-04-04T02:48:55.205+0000] {task_command.py:423} INFO - Running <TaskInstance: billboard_to_spotify_to_s3_extractionV1.sptoify_to_csv scheduled__2024-04-03T00:00:00+00:00 [running]> on host bdb7303f046f
[2024-04-04T02:48:55.340+0000] {taskinstance.py:2513} INFO - Exporting env vars: AIRFLOW_CTX_DAG_OWNER='Nathaniel Solomon' AIRFLOW_CTX_DAG_ID='billboard_to_spotify_to_s3_extractionV1' AIRFLOW_CTX_TASK_ID='sptoify_to_csv' AIRFLOW_CTX_EXECUTION_DATE='2024-04-03T00:00:00+00:00' AIRFLOW_CTX_TRY_NUMBER='5' AIRFLOW_CTX_DAG_RUN_ID='scheduled__2024-04-03T00:00:00+00:00'
[2024-04-04T02:48:55.360+0000] {logging_mixin.py:188} INFO - GOT THE TOP ARTISTS DAT FROM XCOM
[2024-04-04T02:48:55.361+0000] {logging_mixin.py:188} INFO - GETTING ARTISTS BIO DATA
[2024-04-04T02:48:55.912+0000] {logging_mixin.py:188} INFO - GETTING ARTISTS ALBUMS DATA
[2024-04-04T02:48:56.236+0000] {logging_mixin.py:188} INFO - Taylor Swift has appeared on a total of 383 albums
[2024-04-04T02:48:56.237+0000] {logging_mixin.py:188} INFO -  Now stagging the albums ...
[2024-04-04T02:49:01.903+0000] {logging_mixin.py:188} INFO -  Taylor Swift albums stagged ... 
[2024-04-04T02:49:01.905+0000] {logging_mixin.py:188} INFO -  transforming Taylor Swift albums data ... 
[2024-04-04T02:49:01.906+0000] {logging_mixin.py:188} INFO - GETTING ALBUMS TRACKS DATA
[2024-04-04T02:49:02.206+0000] {logging_mixin.py:188} INFO -  Now stagging the tracks ...
[2024-04-04T02:49:02.207+0000] {logging_mixin.py:188} INFO -  1989 (Taylor's Version) [Deluxe] tracks stagged ... 
[2024-04-04T02:49:02.208+0000] {logging_mixin.py:188} INFO -  transforming 1989 (Taylor's Version) [Deluxe] tracks data ... 
[2024-04-04T02:49:03.978+0000] {logging_mixin.py:188} INFO - GETTING ALBUMS TRACKS DATA
[2024-04-04T02:49:04.196+0000] {logging_mixin.py:188} INFO -  Now stagging the tracks ...
[2024-04-04T02:49:04.197+0000] {logging_mixin.py:188} INFO -  1989 (Taylor's Version) tracks stagged ... 
[2024-04-04T02:49:04.197+0000] {logging_mixin.py:188} INFO -  transforming 1989 (Taylor's Version) tracks data ... 
[2024-04-04T02:49:06.540+0000] {logging_mixin.py:188} INFO - GETTING ALBUMS TRACKS DATA
[2024-04-04T02:49:06.788+0000] {logging_mixin.py:188} INFO -  Now stagging the tracks ...
[2024-04-04T02:49:06.789+0000] {logging_mixin.py:188} INFO -  Speak Now (Taylor's Version) tracks stagged ... 
[2024-04-04T02:49:06.790+0000] {logging_mixin.py:188} INFO -  transforming Speak Now (Taylor's Version) tracks data ... 
[2024-04-04T02:49:08.690+0000] {logging_mixin.py:188} INFO - GETTING ALBUMS TRACKS DATA
[2024-04-04T02:49:08.908+0000] {logging_mixin.py:188} INFO -  Now stagging the tracks ...
[2024-04-04T02:49:08.909+0000] {logging_mixin.py:188} INFO -  Midnights (The Til Dawn Edition) tracks stagged ... 
[2024-04-04T02:49:08.910+0000] {logging_mixin.py:188} INFO -  transforming Midnights (The Til Dawn Edition) tracks data ... 
[2024-04-04T02:49:10.802+0000] {logging_mixin.py:188} INFO - GETTING ALBUMS TRACKS DATA
[2024-04-04T02:49:11.045+0000] {logging_mixin.py:188} INFO -  Now stagging the tracks ...
[2024-04-04T02:49:11.046+0000] {logging_mixin.py:188} INFO -  Midnights (3am Edition) tracks stagged ... 
[2024-04-04T02:49:11.047+0000] {logging_mixin.py:188} INFO -  transforming Midnights (3am Edition) tracks data ... 
[2024-04-04T02:49:13.552+0000] {logging_mixin.py:188} INFO - GETTING ALBUMS TRACKS DATA
[2024-04-04T02:49:13.872+0000] {logging_mixin.py:188} INFO -  Now stagging the tracks ...
[2024-04-04T02:49:13.873+0000] {logging_mixin.py:188} INFO -  Midnights tracks stagged ... 
[2024-04-04T02:49:13.874+0000] {logging_mixin.py:188} INFO -  transforming Midnights tracks data ... 
[2024-04-04T02:49:16.024+0000] {logging_mixin.py:188} INFO - GETTING ALBUMS TRACKS DATA
[2024-04-04T02:49:16.282+0000] {logging_mixin.py:188} INFO -  Now stagging the tracks ...
[2024-04-04T02:49:16.283+0000] {logging_mixin.py:188} INFO -  Red (Taylor's Version) tracks stagged ... 
[2024-04-04T02:49:16.285+0000] {logging_mixin.py:188} INFO -  transforming Red (Taylor's Version) tracks data ... 
[2024-04-04T02:49:18.229+0000] {logging_mixin.py:188} INFO - GETTING ALBUMS TRACKS DATA
[2024-04-04T02:49:18.469+0000] {logging_mixin.py:188} INFO -  Now stagging the tracks ...
[2024-04-04T02:49:18.470+0000] {logging_mixin.py:188} INFO -  Fearless (Taylor's Version) tracks stagged ... 
[2024-04-04T02:49:18.471+0000] {logging_mixin.py:188} INFO -  transforming Fearless (Taylor's Version) tracks data ... 
[2024-04-04T02:49:20.239+0000] {logging_mixin.py:188} INFO - GETTING ALBUMS TRACKS DATA
[2024-04-04T02:49:20.482+0000] {logging_mixin.py:188} INFO -  Now stagging the tracks ...
[2024-04-04T02:49:20.483+0000] {logging_mixin.py:188} INFO -  evermore (deluxe version) tracks stagged ... 
[2024-04-04T02:49:20.484+0000] {logging_mixin.py:188} INFO -  transforming evermore (deluxe version) tracks data ... 
[2024-04-04T02:49:24.063+0000] {logging_mixin.py:188} INFO - GETTING ALBUMS TRACKS DATA
[2024-04-04T02:49:24.748+0000] {logging_mixin.py:188} INFO -  Now stagging the tracks ...
[2024-04-04T02:49:24.750+0000] {logging_mixin.py:188} INFO -  evermore tracks stagged ... 
[2024-04-04T02:49:24.751+0000] {logging_mixin.py:188} INFO -  transforming evermore tracks data ... 
[2024-04-04T02:49:26.513+0000] {logging_mixin.py:188} INFO - DONE WITH Taylor Swift NOW MOVING TO NEXT ARTIST
[2024-04-04T02:49:26.732+0000] {logging_mixin.py:188} INFO - GETTING ARTISTS ALBUMS DATA
[2024-04-04T02:49:27.196+0000] {logging_mixin.py:188} INFO - Future has appeared on a total of 1212 albums
[2024-04-04T02:49:27.198+0000] {logging_mixin.py:188} INFO -  Now stagging the albums ...
[2024-04-04T02:49:49.752+0000] {logging_mixin.py:188} INFO -  Future albums stagged ... 
[2024-04-04T02:49:49.754+0000] {logging_mixin.py:188} INFO -  transforming Future albums data ... 
[2024-04-04T02:49:49.754+0000] {logging_mixin.py:188} INFO - GETTING ALBUMS TRACKS DATA
[2024-04-04T02:49:49.977+0000] {logging_mixin.py:188} INFO -  Now stagging the tracks ...
[2024-04-04T02:49:49.978+0000] {logging_mixin.py:188} INFO -  WE DON'T TRUST YOU tracks stagged ... 
[2024-04-04T02:49:49.979+0000] {logging_mixin.py:188} INFO -  transforming WE DON'T TRUST YOU tracks data ... 
[2024-04-04T02:49:51.880+0000] {logging_mixin.py:188} INFO - GETTING ALBUMS TRACKS DATA
[2024-04-04T02:49:52.111+0000] {logging_mixin.py:188} INFO -  Now stagging the tracks ...
[2024-04-04T02:49:52.112+0000] {logging_mixin.py:188} INFO -  I NEVER LIKED YOU tracks stagged ... 
[2024-04-04T02:49:52.113+0000] {logging_mixin.py:188} INFO -  transforming I NEVER LIKED YOU tracks data ... 
[2024-04-04T02:49:53.862+0000] {logging_mixin.py:188} INFO - GETTING ALBUMS TRACKS DATA
[2024-04-04T02:49:54.231+0000] {logging_mixin.py:188} INFO -  Now stagging the tracks ...
[2024-04-04T02:49:54.232+0000] {logging_mixin.py:188} INFO -  I NEVER LIKED YOU (Instrumental) tracks stagged ... 
[2024-04-04T02:49:54.232+0000] {logging_mixin.py:188} INFO -  transforming I NEVER LIKED YOU (Instrumental) tracks data ... 
[2024-04-04T02:49:55.997+0000] {logging_mixin.py:188} INFO - GETTING ALBUMS TRACKS DATA
[2024-04-04T02:49:56.237+0000] {logging_mixin.py:188} INFO -  Now stagging the tracks ...
[2024-04-04T02:49:56.238+0000] {logging_mixin.py:188} INFO -  Pluto x Baby Pluto (Deluxe) tracks stagged ... 
[2024-04-04T02:49:56.239+0000] {logging_mixin.py:188} INFO -  transforming Pluto x Baby Pluto (Deluxe) tracks data ... 
[2024-04-04T02:49:57.989+0000] {logging_mixin.py:188} INFO - GETTING ALBUMS TRACKS DATA
[2024-04-04T02:49:58.239+0000] {logging_mixin.py:188} INFO -  Now stagging the tracks ...
[2024-04-04T02:49:58.241+0000] {logging_mixin.py:188} INFO -  Pluto x Baby Pluto tracks stagged ... 
[2024-04-04T02:49:58.242+0000] {logging_mixin.py:188} INFO -  transforming Pluto x Baby Pluto tracks data ... 
[2024-04-04T02:50:00.071+0000] {logging_mixin.py:188} INFO - GETTING ALBUMS TRACKS DATA
[2024-04-04T02:50:00.280+0000] {logging_mixin.py:188} INFO -  Now stagging the tracks ...
[2024-04-04T02:50:00.281+0000] {logging_mixin.py:188} INFO -  High Off Life tracks stagged ... 
[2024-04-04T02:50:00.282+0000] {logging_mixin.py:188} INFO -  transforming High Off Life tracks data ... 
[2024-04-04T02:50:02.227+0000] {logging_mixin.py:188} INFO - GETTING ALBUMS TRACKS DATA
[2024-04-04T02:50:02.427+0000] {logging_mixin.py:188} INFO -  Now stagging the tracks ...
[2024-04-04T02:50:02.428+0000] {logging_mixin.py:188} INFO -  SAVE ME tracks stagged ... 
[2024-04-04T02:50:02.429+0000] {logging_mixin.py:188} INFO -  transforming SAVE ME tracks data ... 
[2024-04-04T02:50:03.667+0000] {logging_mixin.py:188} INFO - GETTING ALBUMS TRACKS DATA
[2024-04-04T02:50:03.893+0000] {logging_mixin.py:188} INFO -  Now stagging the tracks ...
[2024-04-04T02:50:03.895+0000] {logging_mixin.py:188} INFO -  Future Hndrxx Presents: The WIZRD tracks stagged ... 
[2024-04-04T02:50:03.896+0000] {logging_mixin.py:188} INFO -  transforming Future Hndrxx Presents: The WIZRD tracks data ... 
[2024-04-04T02:50:05.639+0000] {logging_mixin.py:188} INFO - GETTING ALBUMS TRACKS DATA
[2024-04-04T02:50:05.852+0000] {logging_mixin.py:188} INFO -  Now stagging the tracks ...
[2024-04-04T02:50:05.853+0000] {logging_mixin.py:188} INFO -  Future & Juice WRLD Present... WRLD ON DRUGS tracks stagged ... 
[2024-04-04T02:50:05.854+0000] {logging_mixin.py:188} INFO -  transforming Future & Juice WRLD Present... WRLD ON DRUGS tracks data ... 
[2024-04-04T02:50:07.682+0000] {logging_mixin.py:188} INFO - GETTING ALBUMS TRACKS DATA
[2024-04-04T02:50:07.881+0000] {logging_mixin.py:188} INFO -  Now stagging the tracks ...
[2024-04-04T02:50:07.882+0000] {logging_mixin.py:188} INFO -  BEASTMODE 2 tracks stagged ... 
[2024-04-04T02:50:07.882+0000] {logging_mixin.py:188} INFO -  transforming BEASTMODE 2 tracks data ... 
[2024-04-04T02:50:09.532+0000] {logging_mixin.py:188} INFO - DONE WITH Future NOW MOVING TO NEXT ARTIST
[2024-04-04T02:50:09.756+0000] {logging_mixin.py:188} INFO - GETTING ARTISTS ALBUMS DATA
[2024-04-04T02:50:10.207+0000] {logging_mixin.py:188} INFO - Metro Boomin has appeared on a total of 181 albums
[2024-04-04T02:50:10.216+0000] {logging_mixin.py:188} INFO -  Now stagging the albums ...
[2024-04-04T02:50:13.077+0000] {logging_mixin.py:188} INFO -  Metro Boomin albums stagged ... 
[2024-04-04T02:50:13.082+0000] {logging_mixin.py:188} INFO -  transforming Metro Boomin albums data ... 
[2024-04-04T02:50:13.084+0000] {logging_mixin.py:188} INFO - GETTING ALBUMS TRACKS DATA
[2024-04-04T02:50:13.378+0000] {logging_mixin.py:188} INFO -  Now stagging the tracks ...
[2024-04-04T02:50:13.380+0000] {logging_mixin.py:188} INFO -  WE DON'T TRUST YOU tracks stagged ... 
[2024-04-04T02:50:13.381+0000] {logging_mixin.py:188} INFO -  transforming WE DON'T TRUST YOU tracks data ... 
[2024-04-04T02:50:15.185+0000] {logging_mixin.py:188} INFO - GETTING ALBUMS TRACKS DATA
[2024-04-04T02:50:15.408+0000] {logging_mixin.py:188} INFO -  Now stagging the tracks ...
[2024-04-04T02:50:15.409+0000] {logging_mixin.py:188} INFO -  METRO BOOMIN PRESENTS SPIDER-MAN: ACROSS THE SPIDER-VERSE [SOUNDTRACK FROM AND INSPIRED BY THE MOTION PICTURE (METROVERSE INSTRUMENTAL EDITION)] tracks stagged ... 
[2024-04-04T02:50:15.410+0000] {logging_mixin.py:188} INFO -  transforming METRO BOOMIN PRESENTS SPIDER-MAN: ACROSS THE SPIDER-VERSE [SOUNDTRACK FROM AND INSPIRED BY THE MOTION PICTURE (METROVERSE INSTRUMENTAL EDITION)] tracks data ... 
[2024-04-04T02:50:17.195+0000] {logging_mixin.py:188} INFO - GETTING ALBUMS TRACKS DATA
[2024-04-04T02:50:17.415+0000] {logging_mixin.py:188} INFO -  Now stagging the tracks ...
[2024-04-04T02:50:17.416+0000] {logging_mixin.py:188} INFO -  METRO BOOMIN PRESENTS SPIDER-MAN: ACROSS THE SPIDER-VERSE (SOUNDTRACK FROM AND INSPIRED BY THE MOTION PICTURE / DELUXE EDITION) tracks stagged ... 
[2024-04-04T02:50:17.417+0000] {logging_mixin.py:188} INFO -  transforming METRO BOOMIN PRESENTS SPIDER-MAN: ACROSS THE SPIDER-VERSE (SOUNDTRACK FROM AND INSPIRED BY THE MOTION PICTURE / DELUXE EDITION) tracks data ... 
[2024-04-04T02:50:19.548+0000] {logging_mixin.py:188} INFO - GETTING ALBUMS TRACKS DATA
[2024-04-04T02:50:19.766+0000] {logging_mixin.py:188} INFO -  Now stagging the tracks ...
[2024-04-04T02:50:19.767+0000] {logging_mixin.py:188} INFO -  METRO BOOMIN PRESENTS SPIDER-MAN: ACROSS THE SPIDER-VERSE (SOUNDTRACK FROM AND INSPIRED BY THE MOTION PICTURE) tracks stagged ... 
[2024-04-04T02:50:19.768+0000] {logging_mixin.py:188} INFO -  transforming METRO BOOMIN PRESENTS SPIDER-MAN: ACROSS THE SPIDER-VERSE (SOUNDTRACK FROM AND INSPIRED BY THE MOTION PICTURE) tracks data ... 
[2024-04-04T02:50:21.554+0000] {logging_mixin.py:188} INFO - GETTING ALBUMS TRACKS DATA
[2024-04-04T02:50:21.777+0000] {logging_mixin.py:188} INFO -  Now stagging the tracks ...
[2024-04-04T02:50:21.779+0000] {logging_mixin.py:188} INFO -  HEROES & VILLAINS (Villains Version) tracks stagged ... 
[2024-04-04T02:50:21.780+0000] {logging_mixin.py:188} INFO -  transforming HEROES & VILLAINS (Villains Version) tracks data ... 
[2024-04-04T02:50:23.581+0000] {logging_mixin.py:188} INFO - GETTING ALBUMS TRACKS DATA
[2024-04-04T02:50:23.834+0000] {logging_mixin.py:188} INFO -  Now stagging the tracks ...
[2024-04-04T02:50:23.835+0000] {logging_mixin.py:188} INFO -  HEROES & VILLAINS (Heroes Version) tracks stagged ... 
[2024-04-04T02:50:23.836+0000] {logging_mixin.py:188} INFO -  transforming HEROES & VILLAINS (Heroes Version) tracks data ... 
[2024-04-04T02:50:25.614+0000] {logging_mixin.py:188} INFO - GETTING ALBUMS TRACKS DATA
[2024-04-04T02:50:25.844+0000] {logging_mixin.py:188} INFO -  Now stagging the tracks ...
[2024-04-04T02:50:25.846+0000] {logging_mixin.py:188} INFO -  HEROES & VILLAINS tracks stagged ... 
[2024-04-04T02:50:25.847+0000] {logging_mixin.py:188} INFO -  transforming HEROES & VILLAINS tracks data ... 
[2024-04-04T02:50:27.632+0000] {logging_mixin.py:188} INFO - GETTING ALBUMS TRACKS DATA
[2024-04-04T02:50:27.870+0000] {logging_mixin.py:188} INFO -  Now stagging the tracks ...
[2024-04-04T02:50:27.871+0000] {logging_mixin.py:188} INFO -  SAVAGE MODE II [CHOPPED NOT SLOPPED] tracks stagged ... 
[2024-04-04T02:50:27.872+0000] {logging_mixin.py:188} INFO -  transforming SAVAGE MODE II [CHOPPED NOT SLOPPED] tracks data ... 
[2024-04-04T02:50:29.602+0000] {logging_mixin.py:188} INFO - GETTING ALBUMS TRACKS DATA
[2024-04-04T02:50:29.834+0000] {logging_mixin.py:188} INFO -  Now stagging the tracks ...
[2024-04-04T02:50:29.836+0000] {logging_mixin.py:188} INFO -  SAVAGE MODE II tracks stagged ... 
[2024-04-04T02:50:29.836+0000] {logging_mixin.py:188} INFO -  transforming SAVAGE MODE II tracks data ... 
[2024-04-04T02:50:31.614+0000] {logging_mixin.py:188} INFO - GETTING ALBUMS TRACKS DATA
[2024-04-04T02:50:31.852+0000] {logging_mixin.py:188} INFO -  Now stagging the tracks ...
[2024-04-04T02:50:31.853+0000] {logging_mixin.py:188} INFO -  NOT ALL HEROES WEAR CAPES (Deluxe) tracks stagged ... 
[2024-04-04T02:50:31.854+0000] {logging_mixin.py:188} INFO -  transforming NOT ALL HEROES WEAR CAPES (Deluxe) tracks data ... 
[2024-04-04T02:50:33.635+0000] {logging_mixin.py:188} INFO - DONE WITH Metro Boomin NOW MOVING TO NEXT ARTIST
[2024-04-04T02:50:33.893+0000] {logging_mixin.py:188} INFO - GETTING ARTISTS ALBUMS DATA
[2024-04-04T02:50:34.267+0000] {logging_mixin.py:188} INFO - Olivia Rodrigo has appeared on a total of 792 albums
[2024-04-04T02:50:34.269+0000] {logging_mixin.py:188} INFO -  Now stagging the albums ...
[2024-04-04T02:50:47.835+0000] {logging_mixin.py:188} INFO -  Olivia Rodrigo albums stagged ... 
[2024-04-04T02:50:47.837+0000] {logging_mixin.py:188} INFO -  transforming Olivia Rodrigo albums data ... 
[2024-04-04T02:50:47.838+0000] {logging_mixin.py:188} INFO - GETTING ALBUMS TRACKS DATA
[2024-04-04T02:50:48.068+0000] {logging_mixin.py:188} INFO -  Now stagging the tracks ...
[2024-04-04T02:50:48.070+0000] {logging_mixin.py:188} INFO -  GUTS (spilled) tracks stagged ... 
[2024-04-04T02:50:48.071+0000] {logging_mixin.py:188} INFO -  transforming GUTS (spilled) tracks data ... 
[2024-04-04T02:50:49.872+0000] {logging_mixin.py:188} INFO - GETTING ALBUMS TRACKS DATA
[2024-04-04T02:50:50.122+0000] {logging_mixin.py:188} INFO -  Now stagging the tracks ...
[2024-04-04T02:50:50.123+0000] {logging_mixin.py:188} INFO -  The Hunger Games: The Ballad of Songbirds & Snakes (Music From & Inspired By) tracks stagged ... 
[2024-04-04T02:50:50.123+0000] {logging_mixin.py:188} INFO -  transforming The Hunger Games: The Ballad of Songbirds & Snakes (Music From & Inspired By) tracks data ... 
[2024-04-04T02:50:51.936+0000] {logging_mixin.py:188} INFO - GETTING ALBUMS TRACKS DATA
[2024-04-04T02:50:52.147+0000] {logging_mixin.py:188} INFO -  Now stagging the tracks ...
[2024-04-04T02:50:52.148+0000] {logging_mixin.py:188} INFO -  GUTS tracks stagged ... 
[2024-04-04T02:50:52.149+0000] {logging_mixin.py:188} INFO -  transforming GUTS tracks data ... 
[2024-04-04T02:50:53.989+0000] {logging_mixin.py:188} INFO - GETTING ALBUMS TRACKS DATA
[2024-04-04T02:50:54.195+0000] {logging_mixin.py:188} INFO -  Now stagging the tracks ...
[2024-04-04T02:50:54.196+0000] {logging_mixin.py:188} INFO -  SOUR tracks stagged ... 
[2024-04-04T02:50:54.197+0000] {logging_mixin.py:188} INFO -  transforming SOUR tracks data ... 
[2024-04-04T02:50:56.004+0000] {logging_mixin.py:188} INFO - GETTING ALBUMS TRACKS DATA
[2024-04-04T02:50:56.205+0000] {logging_mixin.py:188} INFO -  Now stagging the tracks ...
[2024-04-04T02:50:56.207+0000] {logging_mixin.py:188} INFO -  Can’t Catch Me Now (from The Hunger Games: The Ballad of Songbirds & Snakes) tracks stagged ... 
[2024-04-04T02:50:56.207+0000] {logging_mixin.py:188} INFO -  transforming Can’t Catch Me Now (from The Hunger Games: The Ballad of Songbirds & Snakes) tracks data ... 
[2024-04-04T02:50:56.389+0000] {logging_mixin.py:188} INFO - GETTING ALBUMS TRACKS DATA
[2024-04-04T02:50:56.592+0000] {logging_mixin.py:188} INFO -  Now stagging the tracks ...
[2024-04-04T02:50:56.593+0000] {logging_mixin.py:188} INFO -  The Rose Song [From "High School Musical: The Musical: The Series (Season 2)"] tracks stagged ... 
[2024-04-04T02:50:56.593+0000] {logging_mixin.py:188} INFO -  transforming The Rose Song [From "High School Musical: The Musical: The Series (Season 2)"] tracks data ... 
[2024-04-04T02:50:56.764+0000] {logging_mixin.py:188} INFO - GETTING ALBUMS TRACKS DATA
[2024-04-04T02:50:57.016+0000] {logging_mixin.py:188} INFO -  Now stagging the tracks ...
[2024-04-04T02:50:57.017+0000] {logging_mixin.py:188} INFO -  YAC Alma Mater [From "High School Musical: The Musical: The Series (Season 2)"/Nini Version] tracks stagged ... 
[2024-04-04T02:50:57.018+0000] {logging_mixin.py:188} INFO -  transforming YAC Alma Mater [From "High School Musical: The Musical: The Series (Season 2)"/Nini Version] tracks data ... 
[2024-04-04T02:50:57.203+0000] {logging_mixin.py:188} INFO - GETTING ALBUMS TRACKS DATA
[2024-04-04T02:50:57.390+0000] {logging_mixin.py:188} INFO -  Now stagging the tracks ...
[2024-04-04T02:50:57.391+0000] {logging_mixin.py:188} INFO -  Granted [From "High School Musical: The Musical: The Series (Season 2)"] tracks stagged ... 
[2024-04-04T02:50:57.392+0000] {logging_mixin.py:188} INFO -  transforming Granted [From "High School Musical: The Musical: The Series (Season 2)"] tracks data ... 
[2024-04-04T02:50:57.570+0000] {logging_mixin.py:188} INFO - GETTING ALBUMS TRACKS DATA
[2024-04-04T02:50:57.772+0000] {logging_mixin.py:188} INFO -  Now stagging the tracks ...
[2024-04-04T02:50:57.775+0000] {logging_mixin.py:188} INFO -  The Best Part [From "High School Musical: The Musical: The Series (Season 2)"] tracks stagged ... 
[2024-04-04T02:50:57.777+0000] {logging_mixin.py:188} INFO -  transforming The Best Part [From "High School Musical: The Musical: The Series (Season 2)"] tracks data ... 
[2024-04-04T02:50:57.962+0000] {logging_mixin.py:188} INFO - GETTING ALBUMS TRACKS DATA
[2024-04-04T02:50:58.158+0000] {logging_mixin.py:188} INFO -  Now stagging the tracks ...
[2024-04-04T02:50:58.161+0000] {logging_mixin.py:188} INFO -  Even When/The Best Part [From "High School Musical: The Musical: The Series (Season 2)"] tracks stagged ... 
[2024-04-04T02:50:58.164+0000] {logging_mixin.py:188} INFO -  transforming Even When/The Best Part [From "High School Musical: The Musical: The Series (Season 2)"] tracks data ... 
[2024-04-04T02:50:58.358+0000] {logging_mixin.py:188} INFO - DONE WITH Olivia Rodrigo NOW MOVING TO NEXT ARTIST
[2024-04-04T02:50:58.566+0000] {logging_mixin.py:188} INFO - GETTING ARTISTS ALBUMS DATA
[2024-04-04T02:50:58.947+0000] {logging_mixin.py:188} INFO - Morgan Wallen has appeared on a total of 66 albums
[2024-04-04T02:50:58.953+0000] {logging_mixin.py:188} INFO -  Now stagging the albums ...
[2024-04-04T02:50:59.577+0000] {logging_mixin.py:188} INFO -  Morgan Wallen albums stagged ... 
[2024-04-04T02:50:59.578+0000] {logging_mixin.py:188} INFO -  transforming Morgan Wallen albums data ... 
[2024-04-04T02:50:59.579+0000] {logging_mixin.py:188} INFO - GETTING ALBUMS TRACKS DATA
[2024-04-04T02:50:59.794+0000] {logging_mixin.py:188} INFO -  Now stagging the tracks ...
[2024-04-04T02:50:59.795+0000] {logging_mixin.py:188} INFO -  Stand Alone (10th Anniversary Deluxe Edition) tracks stagged ... 
[2024-04-04T02:50:59.797+0000] {logging_mixin.py:188} INFO -  transforming Stand Alone (10th Anniversary Deluxe Edition) tracks data ... 
[2024-04-04T02:51:01.604+0000] {logging_mixin.py:188} INFO - GETTING ALBUMS TRACKS DATA
[2024-04-04T02:51:01.920+0000] {logging_mixin.py:188} INFO -  Now stagging the tracks ...
[2024-04-04T02:51:01.923+0000] {logging_mixin.py:188} INFO -  One Thing At A Time tracks stagged ... 
[2024-04-04T02:51:01.924+0000] {logging_mixin.py:188} INFO -  transforming One Thing At A Time tracks data ... 
[2024-04-04T02:51:03.737+0000] {logging_mixin.py:188} INFO - GETTING ALBUMS TRACKS DATA
[2024-04-04T02:51:04.070+0000] {logging_mixin.py:188} INFO -  Now stagging the tracks ...
[2024-04-04T02:51:04.071+0000] {logging_mixin.py:188} INFO -  Dangerous: The Double Album (Bonus) tracks stagged ... 
[2024-04-04T02:51:04.072+0000] {logging_mixin.py:188} INFO -  transforming Dangerous: The Double Album (Bonus) tracks data ... 
[2024-04-04T02:51:05.863+0000] {logging_mixin.py:188} INFO - GETTING ALBUMS TRACKS DATA
[2024-04-04T02:51:06.106+0000] {logging_mixin.py:188} INFO -  Now stagging the tracks ...
[2024-04-04T02:51:06.107+0000] {logging_mixin.py:188} INFO -  Dangerous: The Double Album tracks stagged ... 
[2024-04-04T02:51:06.108+0000] {logging_mixin.py:188} INFO -  transforming Dangerous: The Double Album tracks data ... 
[2024-04-04T02:51:07.905+0000] {logging_mixin.py:188} INFO - GETTING ALBUMS TRACKS DATA
[2024-04-04T02:51:08.112+0000] {logging_mixin.py:188} INFO -  Now stagging the tracks ...
[2024-04-04T02:51:08.114+0000] {logging_mixin.py:188} INFO -  If I Know Me tracks stagged ... 
[2024-04-04T02:51:08.114+0000] {logging_mixin.py:188} INFO -  transforming If I Know Me tracks data ... 
[2024-04-04T02:51:09.908+0000] {logging_mixin.py:188} INFO - GETTING ALBUMS TRACKS DATA
[2024-04-04T02:51:10.092+0000] {logging_mixin.py:188} INFO -  Now stagging the tracks ...
[2024-04-04T02:51:10.096+0000] {logging_mixin.py:188} INFO -  Spin You Around (1/24) tracks stagged ... 
[2024-04-04T02:51:10.099+0000] {logging_mixin.py:188} INFO -  transforming Spin You Around (1/24) tracks data ... 
[2024-04-04T02:51:10.265+0000] {logging_mixin.py:188} INFO - GETTING ALBUMS TRACKS DATA
[2024-04-04T02:51:10.469+0000] {logging_mixin.py:188} INFO -  Now stagging the tracks ...
[2024-04-04T02:51:10.470+0000] {logging_mixin.py:188} INFO -  Mamaw's House tracks stagged ... 
[2024-04-04T02:51:10.471+0000] {logging_mixin.py:188} INFO -  transforming Mamaw's House tracks data ... 
[2024-04-04T02:51:10.642+0000] {logging_mixin.py:188} INFO - GETTING ALBUMS TRACKS DATA
[2024-04-04T02:51:10.825+0000] {logging_mixin.py:188} INFO -  Now stagging the tracks ...
[2024-04-04T02:51:10.826+0000] {logging_mixin.py:188} INFO -  3 Songs At A Time Sampler tracks stagged ... 
[2024-04-04T02:51:10.827+0000] {logging_mixin.py:188} INFO -  transforming 3 Songs At A Time Sampler tracks data ... 
[2024-04-04T02:51:11.333+0000] {logging_mixin.py:188} INFO - GETTING ALBUMS TRACKS DATA
[2024-04-04T02:51:11.524+0000] {logging_mixin.py:188} INFO -  Now stagging the tracks ...
[2024-04-04T02:51:11.524+0000] {logging_mixin.py:188} INFO -  One Thing At A Time (Sampler) tracks stagged ... 
[2024-04-04T02:51:11.525+0000] {logging_mixin.py:188} INFO -  transforming One Thing At A Time (Sampler) tracks data ... 
[2024-04-04T02:51:12.044+0000] {logging_mixin.py:188} INFO - GETTING ALBUMS TRACKS DATA
[2024-04-04T02:51:12.251+0000] {logging_mixin.py:188} INFO -  Now stagging the tracks ...
[2024-04-04T02:51:12.251+0000] {logging_mixin.py:188} INFO -  You Proof tracks stagged ... 
[2024-04-04T02:51:12.253+0000] {logging_mixin.py:188} INFO -  transforming You Proof tracks data ... 
[2024-04-04T02:51:12.422+0000] {logging_mixin.py:188} INFO - DONE WITH Morgan Wallen NOW MOVING TO NEXT ARTIST
[2024-04-04T02:51:12.632+0000] {logging_mixin.py:188} INFO - GETTING ARTISTS ALBUMS DATA
[2024-04-04T02:51:13.076+0000] {logging_mixin.py:188} INFO - Ariana Grande has appeared on a total of 416 albums
[2024-04-04T02:51:13.077+0000] {logging_mixin.py:188} INFO -  Now stagging the albums ...
[2024-04-04T02:51:19.639+0000] {logging_mixin.py:188} INFO -  Ariana Grande albums stagged ... 
[2024-04-04T02:51:19.640+0000] {logging_mixin.py:188} INFO -  transforming Ariana Grande albums data ... 
[2024-04-04T02:51:19.641+0000] {logging_mixin.py:188} INFO - GETTING ALBUMS TRACKS DATA
[2024-04-04T02:51:19.910+0000] {logging_mixin.py:188} INFO -  Now stagging the tracks ...
[2024-04-04T02:51:19.911+0000] {logging_mixin.py:188} INFO -  eternal sunshine (slightly deluxe) tracks stagged ... 
[2024-04-04T02:51:19.912+0000] {logging_mixin.py:188} INFO -  transforming eternal sunshine (slightly deluxe) tracks data ... 
[2024-04-04T02:51:21.726+0000] {logging_mixin.py:188} INFO - GETTING ALBUMS TRACKS DATA
[2024-04-04T02:51:21.978+0000] {logging_mixin.py:188} INFO -  Now stagging the tracks ...
[2024-04-04T02:51:21.979+0000] {logging_mixin.py:188} INFO -  eternal sunshine tracks stagged ... 
[2024-04-04T02:51:21.981+0000] {logging_mixin.py:188} INFO -  transforming eternal sunshine tracks data ... 
[2024-04-04T02:51:23.669+0000] {logging_mixin.py:188} INFO - GETTING ALBUMS TRACKS DATA
[2024-04-04T02:51:23.883+0000] {logging_mixin.py:188} INFO -  Now stagging the tracks ...
[2024-04-04T02:51:23.884+0000] {logging_mixin.py:188} INFO -  Yours Truly (Tenth Anniversary Edition) tracks stagged ... 
[2024-04-04T02:51:23.886+0000] {logging_mixin.py:188} INFO -  transforming Yours Truly (Tenth Anniversary Edition) tracks data ... 
[2024-04-04T02:51:25.628+0000] {logging_mixin.py:188} INFO - GETTING ALBUMS TRACKS DATA
[2024-04-04T02:51:25.839+0000] {logging_mixin.py:188} INFO -  Now stagging the tracks ...
[2024-04-04T02:51:25.840+0000] {logging_mixin.py:188} INFO -  Positions (Deluxe) tracks stagged ... 
[2024-04-04T02:51:25.841+0000] {logging_mixin.py:188} INFO -  transforming Positions (Deluxe) tracks data ... 
[2024-04-04T02:51:27.628+0000] {logging_mixin.py:188} INFO - GETTING ALBUMS TRACKS DATA
[2024-04-04T02:51:27.841+0000] {logging_mixin.py:188} INFO -  Now stagging the tracks ...
[2024-04-04T02:51:27.842+0000] {logging_mixin.py:188} INFO -  Positions tracks stagged ... 
[2024-04-04T02:51:27.843+0000] {logging_mixin.py:188} INFO -  transforming Positions tracks data ... 
[2024-04-04T02:51:29.548+0000] {logging_mixin.py:188} INFO - GETTING ALBUMS TRACKS DATA
[2024-04-04T02:51:29.785+0000] {logging_mixin.py:188} INFO -  Now stagging the tracks ...
[2024-04-04T02:51:29.786+0000] {logging_mixin.py:188} INFO -  k bye for now (swt live) tracks stagged ... 
[2024-04-04T02:51:29.786+0000] {logging_mixin.py:188} INFO -  transforming k bye for now (swt live) tracks data ... 
[2024-04-04T02:51:31.558+0000] {logging_mixin.py:188} INFO - GETTING ALBUMS TRACKS DATA
[2024-04-04T02:51:31.773+0000] {logging_mixin.py:188} INFO -  Now stagging the tracks ...
[2024-04-04T02:51:31.774+0000] {logging_mixin.py:188} INFO -  thank u, next tracks stagged ... 
[2024-04-04T02:51:31.775+0000] {logging_mixin.py:188} INFO -  transforming thank u, next tracks data ... 
[2024-04-04T02:51:33.513+0000] {logging_mixin.py:188} INFO - GETTING ALBUMS TRACKS DATA
[2024-04-04T02:51:33.730+0000] {logging_mixin.py:188} INFO -  Now stagging the tracks ...
[2024-04-04T02:51:33.731+0000] {logging_mixin.py:188} INFO -  Sweetener tracks stagged ... 
[2024-04-04T02:51:33.732+0000] {logging_mixin.py:188} INFO -  transforming Sweetener tracks data ... 
[2024-04-04T02:51:35.465+0000] {logging_mixin.py:188} INFO - GETTING ALBUMS TRACKS DATA
[2024-04-04T02:51:35.688+0000] {logging_mixin.py:188} INFO -  Now stagging the tracks ...
[2024-04-04T02:51:35.689+0000] {logging_mixin.py:188} INFO -  Dangerous Woman tracks stagged ... 
[2024-04-04T02:51:35.690+0000] {logging_mixin.py:188} INFO -  transforming Dangerous Woman tracks data ... 
[2024-04-04T02:51:37.549+0000] {logging_mixin.py:188} INFO - GETTING ALBUMS TRACKS DATA
[2024-04-04T02:51:37.771+0000] {logging_mixin.py:188} INFO -  Now stagging the tracks ...
[2024-04-04T02:51:37.772+0000] {logging_mixin.py:188} INFO -  My Everything (Deluxe) tracks stagged ... 
[2024-04-04T02:51:37.773+0000] {logging_mixin.py:188} INFO -  transforming My Everything (Deluxe) tracks data ... 
[2024-04-04T02:51:39.530+0000] {logging_mixin.py:188} INFO - DONE WITH Ariana Grande NOW MOVING TO NEXT ARTIST
[2024-04-04T02:51:39.802+0000] {logging_mixin.py:188} INFO - GETTING ARTISTS ALBUMS DATA
[2024-04-04T02:51:40.111+0000] {logging_mixin.py:188} INFO - Zach Bryan has appeared on a total of 1049 albums
[2024-04-04T02:51:40.117+0000] {logging_mixin.py:188} INFO -  Now stagging the albums ...
[2024-04-04T02:51:58.698+0000] {logging_mixin.py:188} INFO -  Zach Bryan albums stagged ... 
[2024-04-04T02:51:58.699+0000] {logging_mixin.py:188} INFO -  transforming Zach Bryan albums data ... 
[2024-04-04T02:51:58.700+0000] {logging_mixin.py:188} INFO - GETTING ALBUMS TRACKS DATA
[2024-04-04T02:51:58.902+0000] {logging_mixin.py:188} INFO -  Now stagging the tracks ...
[2024-04-04T02:51:58.905+0000] {logging_mixin.py:188} INFO -  Zach Bryan tracks stagged ... 
[2024-04-04T02:51:58.905+0000] {logging_mixin.py:188} INFO -  transforming Zach Bryan tracks data ... 
[2024-04-04T02:52:00.667+0000] {logging_mixin.py:188} INFO - GETTING ALBUMS TRACKS DATA
[2024-04-04T02:52:01.002+0000] {logging_mixin.py:188} INFO -  Now stagging the tracks ...
[2024-04-04T02:52:01.004+0000] {logging_mixin.py:188} INFO -  All My Homies Hate Ticketmaster (Live from Red Rocks) tracks stagged ... 
[2024-04-04T02:52:01.005+0000] {logging_mixin.py:188} INFO -  transforming All My Homies Hate Ticketmaster (Live from Red Rocks) tracks data ... 
[2024-04-04T02:52:02.856+0000] {logging_mixin.py:188} INFO - GETTING ALBUMS TRACKS DATA
[2024-04-04T02:52:03.154+0000] {logging_mixin.py:188} INFO -  Now stagging the tracks ...
[2024-04-04T02:52:03.155+0000] {logging_mixin.py:188} INFO -  American Heartbreak tracks stagged ... 
[2024-04-04T02:52:03.156+0000] {logging_mixin.py:188} INFO -  transforming American Heartbreak tracks data ... 
[2024-04-04T02:52:04.984+0000] {logging_mixin.py:188} INFO - GETTING ALBUMS TRACKS DATA
[2024-04-04T02:52:05.209+0000] {logging_mixin.py:188} INFO -  Now stagging the tracks ...
[2024-04-04T02:52:05.211+0000] {logging_mixin.py:188} INFO -  Elisabeth tracks stagged ... 
[2024-04-04T02:52:05.212+0000] {logging_mixin.py:188} INFO -  transforming Elisabeth tracks data ... 
[2024-04-04T02:52:07.008+0000] {logging_mixin.py:188} INFO - GETTING ALBUMS TRACKS DATA
[2024-04-04T02:52:07.213+0000] {logging_mixin.py:188} INFO -  Now stagging the tracks ...
[2024-04-04T02:52:07.215+0000] {logging_mixin.py:188} INFO -  DeAnn tracks stagged ... 
[2024-04-04T02:52:07.215+0000] {logging_mixin.py:188} INFO -  transforming DeAnn tracks data ... 
[2024-04-04T02:52:09.020+0000] {logging_mixin.py:188} INFO - GETTING ALBUMS TRACKS DATA
[2024-04-04T02:52:09.224+0000] {logging_mixin.py:188} INFO -  Now stagging the tracks ...
[2024-04-04T02:52:09.225+0000] {logging_mixin.py:188} INFO -  Boys Of Faith tracks stagged ... 
[2024-04-04T02:52:09.225+0000] {logging_mixin.py:188} INFO -  transforming Boys Of Faith tracks data ... 
[2024-04-04T02:52:10.141+0000] {logging_mixin.py:188} INFO - GETTING ALBUMS TRACKS DATA
[2024-04-04T02:52:10.336+0000] {logging_mixin.py:188} INFO -  Now stagging the tracks ...
[2024-04-04T02:52:10.336+0000] {logging_mixin.py:188} INFO -  Sarah's Place (feat. Noah Kahan) tracks stagged ... 
[2024-04-04T02:52:10.337+0000] {logging_mixin.py:188} INFO -  transforming Sarah's Place (feat. Noah Kahan) tracks data ... 
[2024-04-04T02:52:10.509+0000] {logging_mixin.py:188} INFO - GETTING ALBUMS TRACKS DATA
[2024-04-04T02:52:10.695+0000] {logging_mixin.py:188} INFO -  Now stagging the tracks ...
[2024-04-04T02:52:10.696+0000] {logging_mixin.py:188} INFO -  Boys Of Faith (feat. Bon Iver) tracks stagged ... 
[2024-04-04T02:52:10.697+0000] {logging_mixin.py:188} INFO -  transforming Boys Of Faith (feat. Bon Iver) tracks data ... 
[2024-04-04T02:52:10.878+0000] {logging_mixin.py:188} INFO - GETTING ALBUMS TRACKS DATA
[2024-04-04T02:52:11.072+0000] {logging_mixin.py:188} INFO -  Now stagging the tracks ...
[2024-04-04T02:52:11.073+0000] {logging_mixin.py:188} INFO -  Spotless (feat. The Lumineers) tracks stagged ... 
[2024-04-04T02:52:11.075+0000] {logging_mixin.py:188} INFO -  transforming Spotless (feat. The Lumineers) tracks data ... 
[2024-04-04T02:52:11.264+0000] {logging_mixin.py:188} INFO - GETTING ALBUMS TRACKS DATA
[2024-04-04T02:52:11.461+0000] {logging_mixin.py:188} INFO -  Now stagging the tracks ...
[2024-04-04T02:52:11.462+0000] {logging_mixin.py:188} INFO -  I Remember Everything (feat. Kacey Musgraves) tracks stagged ... 
[2024-04-04T02:52:11.463+0000] {logging_mixin.py:188} INFO -  transforming I Remember Everything (feat. Kacey Musgraves) tracks data ... 
[2024-04-04T02:52:11.636+0000] {logging_mixin.py:188} INFO - DONE WITH Zach Bryan NOW MOVING TO NEXT ARTIST
[2024-04-04T02:52:11.844+0000] {logging_mixin.py:188} INFO - GETTING ARTISTS ALBUMS DATA
[2024-04-04T02:52:12.262+0000] {logging_mixin.py:188} INFO - SZA has appeared on a total of 509 albums
[2024-04-04T02:52:12.271+0000] {logging_mixin.py:188} INFO -  Now stagging the albums ...
[2024-04-04T02:52:20.816+0000] {logging_mixin.py:188} INFO -  SZA albums stagged ... 
[2024-04-04T02:52:20.817+0000] {logging_mixin.py:188} INFO -  transforming SZA albums data ... 
[2024-04-04T02:52:20.818+0000] {logging_mixin.py:188} INFO - GETTING ALBUMS TRACKS DATA
[2024-04-04T02:52:21.051+0000] {logging_mixin.py:188} INFO -  Now stagging the tracks ...
[2024-04-04T02:52:21.052+0000] {logging_mixin.py:188} INFO -  SOS tracks stagged ... 
[2024-04-04T02:52:21.053+0000] {logging_mixin.py:188} INFO -  transforming SOS tracks data ... 
[2024-04-04T02:52:22.808+0000] {logging_mixin.py:188} INFO - GETTING ALBUMS TRACKS DATA
[2024-04-04T02:52:23.028+0000] {logging_mixin.py:188} INFO -  Now stagging the tracks ...
[2024-04-04T02:52:23.029+0000] {logging_mixin.py:188} INFO -  Ctrl (Deluxe) tracks stagged ... 
[2024-04-04T02:52:23.030+0000] {logging_mixin.py:188} INFO -  transforming Ctrl (Deluxe) tracks data ... 
[2024-04-04T02:52:24.873+0000] {logging_mixin.py:188} INFO - GETTING ALBUMS TRACKS DATA
[2024-04-04T02:52:25.166+0000] {logging_mixin.py:188} INFO -  Now stagging the tracks ...
[2024-04-04T02:52:25.167+0000] {logging_mixin.py:188} INFO -  Dear Evan Hansen (Original Motion Picture Soundtrack) tracks stagged ... 
[2024-04-04T02:52:25.167+0000] {logging_mixin.py:188} INFO -  transforming Dear Evan Hansen (Original Motion Picture Soundtrack) tracks data ... 
[2024-04-04T02:52:26.959+0000] {logging_mixin.py:188} INFO - GETTING ALBUMS TRACKS DATA
[2024-04-04T02:52:27.166+0000] {logging_mixin.py:188} INFO -  Now stagging the tracks ...
[2024-04-04T02:52:27.167+0000] {logging_mixin.py:188} INFO -  Black Panther The Album Music From And Inspired By tracks stagged ... 
[2024-04-04T02:52:27.168+0000] {logging_mixin.py:188} INFO -  transforming Black Panther The Album Music From And Inspired By tracks data ... 
[2024-04-04T02:52:28.962+0000] {logging_mixin.py:188} INFO - GETTING ALBUMS TRACKS DATA
[2024-04-04T02:52:29.199+0000] {logging_mixin.py:188} INFO -  Now stagging the tracks ...
[2024-04-04T02:52:29.201+0000] {logging_mixin.py:188} INFO -  Ctrl tracks stagged ... 
[2024-04-04T02:52:29.203+0000] {logging_mixin.py:188} INFO -  transforming Ctrl tracks data ... 
[2024-04-04T02:52:30.989+0000] {logging_mixin.py:188} INFO - GETTING ALBUMS TRACKS DATA
[2024-04-04T02:52:31.187+0000] {logging_mixin.py:188} INFO -  Now stagging the tracks ...
[2024-04-04T02:52:31.188+0000] {logging_mixin.py:188} INFO -  Z tracks stagged ... 
[2024-04-04T02:52:31.189+0000] {logging_mixin.py:188} INFO -  transforming Z tracks data ... 
[2024-04-04T02:52:32.949+0000] {logging_mixin.py:188} INFO - GETTING ALBUMS TRACKS DATA
[2024-04-04T02:52:33.153+0000] {logging_mixin.py:188} INFO -  Now stagging the tracks ...
[2024-04-04T02:52:33.154+0000] {logging_mixin.py:188} INFO -  Saturn tracks stagged ... 
[2024-04-04T02:52:33.155+0000] {logging_mixin.py:188} INFO -  transforming Saturn tracks data ... 
[2024-04-04T02:52:34.049+0000] {logging_mixin.py:188} INFO - GETTING ALBUMS TRACKS DATA
[2024-04-04T02:52:34.240+0000] {logging_mixin.py:188} INFO -  Now stagging the tracks ...
[2024-04-04T02:52:34.241+0000] {logging_mixin.py:188} INFO -  NO SZNS tracks stagged ... 
[2024-04-04T02:52:34.242+0000] {logging_mixin.py:188} INFO -  transforming NO SZNS tracks data ... 
[2024-04-04T02:52:34.414+0000] {logging_mixin.py:188} INFO - GETTING ALBUMS TRACKS DATA
[2024-04-04T02:52:34.590+0000] {logging_mixin.py:188} INFO -  Now stagging the tracks ...
[2024-04-04T02:52:34.591+0000] {logging_mixin.py:188} INFO -  Snooze (Acoustic) (feat. Justin Bieber) tracks stagged ... 
[2024-04-04T02:52:34.592+0000] {logging_mixin.py:188} INFO -  transforming Snooze (Acoustic) (feat. Justin Bieber) tracks data ... 
[2024-04-04T02:52:34.776+0000] {logging_mixin.py:188} INFO - GETTING ALBUMS TRACKS DATA
[2024-04-04T02:52:34.963+0000] {logging_mixin.py:188} INFO -  Now stagging the tracks ...
[2024-04-04T02:52:34.964+0000] {logging_mixin.py:188} INFO -  Slime You Out tracks stagged ... 
[2024-04-04T02:52:34.965+0000] {logging_mixin.py:188} INFO -  transforming Slime You Out tracks data ... 
[2024-04-04T02:52:35.141+0000] {logging_mixin.py:188} INFO - DONE WITH SZA NOW MOVING TO NEXT ARTIST
[2024-04-04T02:52:35.377+0000] {logging_mixin.py:188} INFO - GETTING ARTISTS ALBUMS DATA
[2024-04-04T02:52:35.715+0000] {logging_mixin.py:188} INFO - Luke Combs has appeared on a total of 144 albums
[2024-04-04T02:52:35.720+0000] {logging_mixin.py:188} INFO -  Now stagging the albums ...
[2024-04-04T02:52:37.688+0000] {logging_mixin.py:188} INFO -  Luke Combs albums stagged ... 
[2024-04-04T02:52:37.689+0000] {logging_mixin.py:188} INFO -  transforming Luke Combs albums data ... 
[2024-04-04T02:52:37.690+0000] {logging_mixin.py:188} INFO - GETTING ALBUMS TRACKS DATA
[2024-04-04T02:52:37.919+0000] {logging_mixin.py:188} INFO -  Now stagging the tracks ...
[2024-04-04T02:52:37.920+0000] {logging_mixin.py:188} INFO -  Gettin' Old tracks stagged ... 
[2024-04-04T02:52:37.921+0000] {logging_mixin.py:188} INFO -  transforming Gettin' Old tracks data ... 
[2024-04-04T02:52:39.672+0000] {logging_mixin.py:188} INFO - GETTING ALBUMS TRACKS DATA
[2024-04-04T02:52:39.869+0000] {logging_mixin.py:188} INFO -  Now stagging the tracks ...
[2024-04-04T02:52:39.870+0000] {logging_mixin.py:188} INFO -  Growin' Up tracks stagged ... 
[2024-04-04T02:52:39.871+0000] {logging_mixin.py:188} INFO -  transforming Growin' Up tracks data ... 
[2024-04-04T02:52:41.669+0000] {logging_mixin.py:188} INFO - GETTING ALBUMS TRACKS DATA
[2024-04-04T02:52:41.915+0000] {logging_mixin.py:188} INFO -  Now stagging the tracks ...
[2024-04-04T02:52:41.916+0000] {logging_mixin.py:188} INFO -  What You See Ain't Always What You Get (Deluxe Edition) tracks stagged ... 
[2024-04-04T02:52:41.917+0000] {logging_mixin.py:188} INFO -  transforming What You See Ain't Always What You Get (Deluxe Edition) tracks data ... 
[2024-04-04T02:52:43.728+0000] {logging_mixin.py:188} INFO - GETTING ALBUMS TRACKS DATA
[2024-04-04T02:52:43.962+0000] {logging_mixin.py:188} INFO -  Now stagging the tracks ...
[2024-04-04T02:52:43.963+0000] {logging_mixin.py:188} INFO -  What You See Is What You Get tracks stagged ... 
[2024-04-04T02:52:43.964+0000] {logging_mixin.py:188} INFO -  transforming What You See Is What You Get tracks data ... 
[2024-04-04T02:52:45.774+0000] {logging_mixin.py:188} INFO - GETTING ALBUMS TRACKS DATA
[2024-04-04T02:52:45.979+0000] {logging_mixin.py:188} INFO -  Now stagging the tracks ...
[2024-04-04T02:52:45.980+0000] {logging_mixin.py:188} INFO -  This One's for You Too (Deluxe Edition) tracks stagged ... 
[2024-04-04T02:52:45.981+0000] {logging_mixin.py:188} INFO -  transforming This One's for You Too (Deluxe Edition) tracks data ... 
[2024-04-04T02:52:47.709+0000] {logging_mixin.py:188} INFO - GETTING ALBUMS TRACKS DATA
[2024-04-04T02:52:47.915+0000] {logging_mixin.py:188} INFO -  Now stagging the tracks ...
[2024-04-04T02:52:47.919+0000] {logging_mixin.py:188} INFO -  This One's for You tracks stagged ... 
[2024-04-04T02:52:47.957+0000] {logging_mixin.py:188} INFO -  transforming This One's for You tracks data ... 
[2024-04-04T02:52:49.719+0000] {logging_mixin.py:188} INFO - GETTING ALBUMS TRACKS DATA
[2024-04-04T02:52:49.897+0000] {logging_mixin.py:188} INFO -  Now stagging the tracks ...
[2024-04-04T02:52:49.898+0000] {logging_mixin.py:188} INFO -  Seven Bridges Road tracks stagged ... 
[2024-04-04T02:52:49.899+0000] {logging_mixin.py:188} INFO -  transforming Seven Bridges Road tracks data ... 
[2024-04-04T02:52:50.102+0000] {logging_mixin.py:188} INFO - GETTING ALBUMS TRACKS DATA
[2024-04-04T02:52:50.282+0000] {logging_mixin.py:188} INFO -  Now stagging the tracks ...
[2024-04-04T02:52:50.284+0000] {logging_mixin.py:188} INFO -  Fast Car (Live) tracks stagged ... 
[2024-04-04T02:52:50.284+0000] {logging_mixin.py:188} INFO -  transforming Fast Car (Live) tracks data ... 
[2024-04-04T02:52:50.624+0000] {logging_mixin.py:188} INFO - GETTING ALBUMS TRACKS DATA
[2024-04-04T02:52:50.809+0000] {logging_mixin.py:188} INFO -  Now stagging the tracks ...
[2024-04-04T02:52:50.810+0000] {logging_mixin.py:188} INFO -  Life Goes On (feat. Luke Combs) tracks stagged ... 
[2024-04-04T02:52:50.811+0000] {logging_mixin.py:188} INFO -  transforming Life Goes On (feat. Luke Combs) tracks data ... 
[2024-04-04T02:52:51.158+0000] {logging_mixin.py:188} INFO - GETTING ALBUMS TRACKS DATA
[2024-04-04T02:52:51.343+0000] {logging_mixin.py:188} INFO -  Now stagging the tracks ...
[2024-04-04T02:52:51.344+0000] {logging_mixin.py:188} INFO -  Gettin' Old (Stories Behind the Songs) tracks stagged ... 
[2024-04-04T02:52:51.344+0000] {logging_mixin.py:188} INFO -  transforming Gettin' Old (Stories Behind the Songs) tracks data ... 
[2024-04-04T02:52:51.526+0000] {logging_mixin.py:188} INFO - DONE WITH Luke Combs NOW MOVING TO NEXT ARTIST
[2024-04-04T02:52:51.729+0000] {logging_mixin.py:188} INFO - GETTING ARTISTS ALBUMS DATA
[2024-04-04T02:52:52.096+0000] {logging_mixin.py:188} INFO - Hozier has appeared on a total of 189 albums
[2024-04-04T02:52:52.098+0000] {logging_mixin.py:188} INFO -  Now stagging the albums ...
[2024-04-04T02:52:54.984+0000] {logging_mixin.py:188} INFO -  Hozier albums stagged ... 
[2024-04-04T02:52:54.985+0000] {logging_mixin.py:188} INFO -  transforming Hozier albums data ... 
[2024-04-04T02:52:54.987+0000] {logging_mixin.py:188} INFO - GETTING ALBUMS TRACKS DATA
[2024-04-04T02:52:55.218+0000] {logging_mixin.py:188} INFO -  Now stagging the tracks ...
[2024-04-04T02:52:55.219+0000] {logging_mixin.py:188} INFO -  Unreal Unearth: Unheard tracks stagged ... 
[2024-04-04T02:52:55.220+0000] {logging_mixin.py:188} INFO -  transforming Unreal Unearth: Unheard tracks data ... 
[2024-04-04T02:52:56.941+0000] {logging_mixin.py:188} INFO - GETTING ALBUMS TRACKS DATA
[2024-04-04T02:52:57.176+0000] {logging_mixin.py:188} INFO -  Now stagging the tracks ...
[2024-04-04T02:52:57.177+0000] {logging_mixin.py:188} INFO -  Unreal Unearth tracks stagged ... 
[2024-04-04T02:52:57.178+0000] {logging_mixin.py:188} INFO -  transforming Unreal Unearth tracks data ... 
[2024-04-04T02:52:58.920+0000] {logging_mixin.py:188} INFO - GETTING ALBUMS TRACKS DATA
[2024-04-04T02:52:59.148+0000] {logging_mixin.py:188} INFO -  Now stagging the tracks ...
[2024-04-04T02:52:59.149+0000] {logging_mixin.py:188} INFO -  Wasteland, Baby! tracks stagged ... 
[2024-04-04T02:52:59.150+0000] {logging_mixin.py:188} INFO -  transforming Wasteland, Baby! tracks data ... 
[2024-04-04T02:53:00.959+0000] {logging_mixin.py:188} INFO - GETTING ALBUMS TRACKS DATA
[2024-04-04T02:53:01.313+0000] {logging_mixin.py:188} INFO -  Now stagging the tracks ...
[2024-04-04T02:53:01.314+0000] {logging_mixin.py:188} INFO -  Hozier (Special Edition) tracks stagged ... 
[2024-04-04T02:53:01.316+0000] {logging_mixin.py:188} INFO -  transforming Hozier (Special Edition) tracks data ... 
[2024-04-04T02:53:03.145+0000] {logging_mixin.py:188} INFO - GETTING ALBUMS TRACKS DATA
[2024-04-04T02:53:03.348+0000] {logging_mixin.py:188} INFO -  Now stagging the tracks ...
[2024-04-04T02:53:03.350+0000] {logging_mixin.py:188} INFO -  Hozier tracks stagged ... 
[2024-04-04T02:53:03.351+0000] {logging_mixin.py:188} INFO -  transforming Hozier tracks data ... 
[2024-04-04T02:53:05.073+0000] {logging_mixin.py:188} INFO - GETTING ALBUMS TRACKS DATA
[2024-04-04T02:53:05.270+0000] {logging_mixin.py:188} INFO -  Now stagging the tracks ...
[2024-04-04T02:53:05.271+0000] {logging_mixin.py:188} INFO -  Unheard tracks stagged ... 
[2024-04-04T02:53:05.272+0000] {logging_mixin.py:188} INFO -  transforming Unheard tracks data ... 
[2024-04-04T02:53:05.989+0000] {logging_mixin.py:188} INFO - GETTING ALBUMS TRACKS DATA
[2024-04-04T02:53:06.170+0000] {logging_mixin.py:188} INFO -  Now stagging the tracks ...
[2024-04-04T02:53:06.172+0000] {logging_mixin.py:188} INFO -  Be (Acoustic) tracks stagged ... 
[2024-04-04T02:53:06.173+0000] {logging_mixin.py:188} INFO -  transforming Be (Acoustic) tracks data ... 
[2024-04-04T02:53:06.348+0000] {logging_mixin.py:188} INFO - GETTING ALBUMS TRACKS DATA
[2024-04-04T02:53:06.585+0000] {logging_mixin.py:188} INFO -  Now stagging the tracks ...
[2024-04-04T02:53:06.586+0000] {logging_mixin.py:188} INFO -  Northern Attitude (with Hozier) tracks stagged ... 
[2024-04-04T02:53:06.587+0000] {logging_mixin.py:188} INFO -  transforming Northern Attitude (with Hozier) tracks data ... 
[2024-04-04T02:53:06.761+0000] {logging_mixin.py:188} INFO - GETTING ALBUMS TRACKS DATA
[2024-04-04T02:53:06.959+0000] {logging_mixin.py:188} INFO -  Now stagging the tracks ...
[2024-04-04T02:53:06.960+0000] {logging_mixin.py:188} INFO -  De Selby (Part 2) tracks stagged ... 
[2024-04-04T02:53:06.961+0000] {logging_mixin.py:188} INFO -  transforming De Selby (Part 2) tracks data ... 
[2024-04-04T02:53:07.824+0000] {logging_mixin.py:188} INFO - GETTING ALBUMS TRACKS DATA
[2024-04-04T02:53:08.013+0000] {logging_mixin.py:188} INFO -  Now stagging the tracks ...
[2024-04-04T02:53:08.014+0000] {logging_mixin.py:188} INFO -  Unknown / Nth tracks stagged ... 
[2024-04-04T02:53:08.015+0000] {logging_mixin.py:188} INFO -  transforming Unknown / Nth tracks data ... 
[2024-04-04T02:53:08.709+0000] {logging_mixin.py:188} INFO - DONE WITH Hozier NOW MOVING TO NEXT ARTIST
[2024-04-04T02:53:08.759+0000] {logging_mixin.py:188} INFO - COVERTED ARTISTS DATA TO CSV
[2024-04-04T02:53:08.764+0000] {logging_mixin.py:188} INFO - COVERTED ALBUMS DATA TO CSV
[2024-04-04T02:53:08.807+0000] {logging_mixin.py:188} INFO - COVERTED TRACKS DATA TO CSV
[2024-04-04T02:53:08.808+0000] {python.py:202} INFO - Done. Returned value was: None
[2024-04-04T02:53:08.822+0000] {taskinstance.py:1149} INFO - Marking task as SUCCESS. dag_id=billboard_to_spotify_to_s3_extractionV1, task_id=sptoify_to_csv, execution_date=20240403T000000, start_date=20240404T024855, end_date=20240404T025308
[2024-04-04T02:53:08.866+0000] {local_task_job_runner.py:234} INFO - Task exited with return code 0
[2024-04-04T02:53:08.891+0000] {taskinstance.py:3312} INFO - 0 downstream tasks scheduled from follow-on schedule check
