[2024-04-10T01:08:30.401+0000] {taskinstance.py:1979} INFO - Dependencies all met for dep_context=non-requeueable deps ti=<TaskInstance: billboard_to_spotify_to_s3_extractionV1.sptoify_to_csv scheduled__2024-04-03T00:00:00+00:00 [queued]>
[2024-04-10T01:08:30.418+0000] {taskinstance.py:1979} INFO - Dependencies all met for dep_context=requeueable deps ti=<TaskInstance: billboard_to_spotify_to_s3_extractionV1.sptoify_to_csv scheduled__2024-04-03T00:00:00+00:00 [queued]>
[2024-04-10T01:08:30.418+0000] {taskinstance.py:2193} INFO - Starting attempt 6 of 11
[2024-04-10T01:08:30.438+0000] {taskinstance.py:2217} INFO - Executing <Task(PythonOperator): sptoify_to_csv> on 2024-04-03 00:00:00+00:00
[2024-04-10T01:08:30.446+0000] {standard_task_runner.py:60} INFO - Started process 119 to run task
[2024-04-10T01:08:30.454+0000] {standard_task_runner.py:87} INFO - Running: ['***', 'tasks', 'run', 'billboard_to_spotify_to_s3_extractionV1', 'sptoify_to_csv', 'scheduled__2024-04-03T00:00:00+00:00', '--job-id', '1607', '--raw', '--subdir', 'DAGS_FOLDER/billboard_to_spotify_to_csvs_to_s3.py', '--cfg-path', '/tmp/tmpxakke121']
[2024-04-10T01:08:30.488+0000] {standard_task_runner.py:88} INFO - Job 1607: Subtask sptoify_to_csv
[2024-04-10T01:08:30.699+0000] {task_command.py:423} INFO - Running <TaskInstance: billboard_to_spotify_to_s3_extractionV1.sptoify_to_csv scheduled__2024-04-03T00:00:00+00:00 [running]> on host 66d8d046c9ac
[2024-04-10T01:08:30.887+0000] {taskinstance.py:2513} INFO - Exporting env vars: AIRFLOW_CTX_DAG_OWNER='Nathaniel Solomon' AIRFLOW_CTX_DAG_ID='billboard_to_spotify_to_s3_extractionV1' AIRFLOW_CTX_TASK_ID='sptoify_to_csv' AIRFLOW_CTX_EXECUTION_DATE='2024-04-03T00:00:00+00:00' AIRFLOW_CTX_TRY_NUMBER='6' AIRFLOW_CTX_DAG_RUN_ID='scheduled__2024-04-03T00:00:00+00:00'
[2024-04-10T01:08:30.913+0000] {logging_mixin.py:188} INFO - GOT THE TOP ARTISTS DAT FROM XCOM
[2024-04-10T01:08:30.914+0000] {logging_mixin.py:188} INFO - GETTING ARTISTS BIO DATA
[2024-04-10T01:08:31.596+0000] {logging_mixin.py:188} INFO - GETTING ARTISTS ALBUMS DATA
[2024-04-10T01:08:31.918+0000] {logging_mixin.py:188} INFO - Beyoncé has appeared on a total of 258 albums
[2024-04-10T01:08:31.919+0000] {logging_mixin.py:188} INFO -  Now stagging the albums ...
[2024-04-10T01:08:36.137+0000] {logging_mixin.py:188} INFO -  Beyoncé albums stagged ... 
[2024-04-10T01:08:36.140+0000] {logging_mixin.py:188} INFO -  transforming Beyoncé albums data ... 
[2024-04-10T01:08:36.141+0000] {logging_mixin.py:188} INFO - GETTING ALBUMS TRACKS DATA
[2024-04-10T01:08:36.444+0000] {logging_mixin.py:188} INFO -  Now stagging the tracks ...
[2024-04-10T01:08:36.474+0000] {logging_mixin.py:188} INFO -  COWBOY CARTER tracks stagged ... 
[2024-04-10T01:08:36.544+0000] {logging_mixin.py:188} INFO -  transforming COWBOY CARTER tracks data ... 
[2024-04-10T01:08:45.271+0000] {logging_mixin.py:188} INFO - GETTING ALBUMS TRACKS DATA
[2024-04-10T01:08:45.489+0000] {logging_mixin.py:188} INFO -  Now stagging the tracks ...
[2024-04-10T01:08:45.491+0000] {logging_mixin.py:188} INFO -  RENAISSANCE tracks stagged ... 
[2024-04-10T01:08:45.494+0000] {logging_mixin.py:188} INFO -  transforming RENAISSANCE tracks data ... 
[2024-04-10T01:08:47.454+0000] {logging_mixin.py:188} INFO - GETTING ALBUMS TRACKS DATA
[2024-04-10T01:08:47.695+0000] {logging_mixin.py:188} INFO -  Now stagging the tracks ...
[2024-04-10T01:08:47.698+0000] {logging_mixin.py:188} INFO -  The Lion King: The Gift [Deluxe Edition] tracks stagged ... 
[2024-04-10T01:08:47.699+0000] {logging_mixin.py:188} INFO -  transforming The Lion King: The Gift [Deluxe Edition] tracks data ... 
[2024-04-10T01:08:49.522+0000] {logging_mixin.py:188} INFO - GETTING ALBUMS TRACKS DATA
[2024-04-10T01:08:49.803+0000] {logging_mixin.py:188} INFO -  Now stagging the tracks ...
[2024-04-10T01:08:49.806+0000] {logging_mixin.py:188} INFO -  The Lion King: The Gift tracks stagged ... 
[2024-04-10T01:08:49.812+0000] {logging_mixin.py:188} INFO -  transforming The Lion King: The Gift tracks data ... 
[2024-04-10T01:08:55.807+0000] {logging_mixin.py:188} INFO - GETTING ALBUMS TRACKS DATA
[2024-04-10T01:08:56.098+0000] {logging_mixin.py:188} INFO -  Now stagging the tracks ...
[2024-04-10T01:08:56.100+0000] {logging_mixin.py:188} INFO -  HOMECOMING: THE LIVE ALBUM tracks stagged ... 
[2024-04-10T01:08:56.103+0000] {logging_mixin.py:188} INFO -  transforming HOMECOMING: THE LIVE ALBUM tracks data ... 
[2024-04-10T01:08:57.899+0000] {logging_mixin.py:188} INFO - GETTING ALBUMS TRACKS DATA
[2024-04-10T01:08:58.140+0000] {logging_mixin.py:188} INFO -  Now stagging the tracks ...
[2024-04-10T01:08:58.141+0000] {logging_mixin.py:188} INFO -  Lemonade tracks stagged ... 
[2024-04-10T01:08:58.142+0000] {logging_mixin.py:188} INFO -  transforming Lemonade tracks data ... 
[2024-04-10T01:08:59.881+0000] {logging_mixin.py:188} INFO - GETTING ALBUMS TRACKS DATA
[2024-04-10T01:09:00.108+0000] {logging_mixin.py:188} INFO -  Now stagging the tracks ...
[2024-04-10T01:09:00.109+0000] {logging_mixin.py:188} INFO -  BEYONCÉ [Platinum Edition] tracks stagged ... 
[2024-04-10T01:09:00.110+0000] {logging_mixin.py:188} INFO -  transforming BEYONCÉ [Platinum Edition] tracks data ... 
[2024-04-10T01:09:06.051+0000] {logging_mixin.py:188} INFO - GETTING ALBUMS TRACKS DATA
[2024-04-10T01:09:06.267+0000] {logging_mixin.py:188} INFO -  Now stagging the tracks ...
[2024-04-10T01:09:06.268+0000] {logging_mixin.py:188} INFO -  4 tracks stagged ... 
[2024-04-10T01:09:06.268+0000] {logging_mixin.py:188} INFO -  transforming 4 tracks data ... 
[2024-04-10T01:09:15.443+0000] {logging_mixin.py:188} INFO - GETTING ALBUMS TRACKS DATA
[2024-04-10T01:09:15.678+0000] {logging_mixin.py:188} INFO -  Now stagging the tracks ...
[2024-04-10T01:09:15.678+0000] {logging_mixin.py:188} INFO -  I Am...World Tour tracks stagged ... 
[2024-04-10T01:09:15.679+0000] {logging_mixin.py:188} INFO -  transforming I Am...World Tour tracks data ... 
[2024-04-10T01:09:25.789+0000] {logging_mixin.py:188} INFO - GETTING ALBUMS TRACKS DATA
[2024-04-10T01:09:26.001+0000] {logging_mixin.py:188} INFO -  Now stagging the tracks ...
[2024-04-10T01:09:26.002+0000] {logging_mixin.py:188} INFO -  I AM...SASHA FIERCE tracks stagged ... 
[2024-04-10T01:09:26.004+0000] {logging_mixin.py:188} INFO -  transforming I AM...SASHA FIERCE tracks data ... 
[2024-04-10T01:09:36.129+0000] {logging_mixin.py:188} INFO - DONE WITH Beyoncé NOW MOVING TO NEXT ARTIST
[2024-04-10T01:09:36.323+0000] {logging_mixin.py:188} INFO - GETTING ARTISTS ALBUMS DATA
[2024-04-10T01:09:44.831+0000] {logging_mixin.py:188} INFO - Taylor Swift has appeared on a total of 382 albums
[2024-04-10T01:09:44.835+0000] {logging_mixin.py:188} INFO -  Now stagging the albums ...
[2024-04-10T01:10:05.540+0000] {logging_mixin.py:188} INFO -  Taylor Swift albums stagged ... 
[2024-04-10T01:10:05.541+0000] {logging_mixin.py:188} INFO -  transforming Taylor Swift albums data ... 
[2024-04-10T01:10:05.542+0000] {logging_mixin.py:188} INFO - GETTING ALBUMS TRACKS DATA
[2024-04-10T01:10:05.771+0000] {logging_mixin.py:188} INFO -  Now stagging the tracks ...
[2024-04-10T01:10:05.772+0000] {logging_mixin.py:188} INFO -  1989 (Taylor's Version) [Deluxe] tracks stagged ... 
[2024-04-10T01:10:05.773+0000] {logging_mixin.py:188} INFO -  transforming 1989 (Taylor's Version) [Deluxe] tracks data ... 
[2024-04-10T01:10:15.888+0000] {logging_mixin.py:188} INFO - GETTING ALBUMS TRACKS DATA
[2024-04-10T01:10:16.131+0000] {logging_mixin.py:188} INFO -  Now stagging the tracks ...
[2024-04-10T01:10:16.132+0000] {logging_mixin.py:188} INFO -  1989 (Taylor's Version) tracks stagged ... 
[2024-04-10T01:10:16.132+0000] {logging_mixin.py:188} INFO -  transforming 1989 (Taylor's Version) tracks data ... 
[2024-04-10T01:10:17.946+0000] {logging_mixin.py:188} INFO - GETTING ALBUMS TRACKS DATA
[2024-04-10T01:10:18.177+0000] {logging_mixin.py:188} INFO -  Now stagging the tracks ...
[2024-04-10T01:10:18.178+0000] {logging_mixin.py:188} INFO -  Speak Now (Taylor's Version) tracks stagged ... 
[2024-04-10T01:10:18.178+0000] {logging_mixin.py:188} INFO -  transforming Speak Now (Taylor's Version) tracks data ... 
[2024-04-10T01:10:26.282+0000] {logging_mixin.py:188} INFO - GETTING ALBUMS TRACKS DATA
[2024-04-10T01:10:26.529+0000] {logging_mixin.py:188} INFO -  Now stagging the tracks ...
[2024-04-10T01:10:26.545+0000] {logging_mixin.py:188} INFO -  Midnights (The Til Dawn Edition) tracks stagged ... 
[2024-04-10T01:10:26.566+0000] {logging_mixin.py:188} INFO -  transforming Midnights (The Til Dawn Edition) tracks data ... 
[2024-04-10T01:10:35.748+0000] {logging_mixin.py:188} INFO - GETTING ALBUMS TRACKS DATA
[2024-04-10T01:10:35.961+0000] {logging_mixin.py:188} INFO -  Now stagging the tracks ...
[2024-04-10T01:10:35.962+0000] {logging_mixin.py:188} INFO -  Midnights (3am Edition) tracks stagged ... 
[2024-04-10T01:10:35.964+0000] {logging_mixin.py:188} INFO -  transforming Midnights (3am Edition) tracks data ... 
[2024-04-10T01:10:37.747+0000] {logging_mixin.py:188} INFO - GETTING ALBUMS TRACKS DATA
[2024-04-10T01:10:37.993+0000] {logging_mixin.py:188} INFO -  Now stagging the tracks ...
[2024-04-10T01:10:37.994+0000] {logging_mixin.py:188} INFO -  Midnights tracks stagged ... 
[2024-04-10T01:10:37.994+0000] {logging_mixin.py:188} INFO -  transforming Midnights tracks data ... 
[2024-04-10T01:10:45.134+0000] {logging_mixin.py:188} INFO - GETTING ALBUMS TRACKS DATA
[2024-04-10T01:10:45.403+0000] {logging_mixin.py:188} INFO -  Now stagging the tracks ...
[2024-04-10T01:10:45.422+0000] {logging_mixin.py:188} INFO -  Red (Taylor's Version) tracks stagged ... 
[2024-04-10T01:10:45.423+0000] {logging_mixin.py:188} INFO -  transforming Red (Taylor's Version) tracks data ... 
[2024-04-10T01:10:48.662+0000] {client.py:302} ERROR - Max Retries reached
[2024-04-10T01:10:48.663+0000] {taskinstance.py:2731} ERROR - Task failed with exception
Traceback (most recent call last):
  File "/home/airflow/.local/lib/python3.8/site-packages/requests/adapters.py", line 486, in send
    resp = conn.urlopen(
  File "/home/airflow/.local/lib/python3.8/site-packages/urllib3/connectionpool.py", line 894, in urlopen
    return self.urlopen(
  File "/home/airflow/.local/lib/python3.8/site-packages/urllib3/connectionpool.py", line 894, in urlopen
    return self.urlopen(
  File "/home/airflow/.local/lib/python3.8/site-packages/urllib3/connectionpool.py", line 894, in urlopen
    return self.urlopen(
  File "/home/airflow/.local/lib/python3.8/site-packages/urllib3/connectionpool.py", line 884, in urlopen
    retries = retries.increment(method, url, response=response, _pool=self)
  File "/home/airflow/.local/lib/python3.8/site-packages/urllib3/util/retry.py", line 592, in increment
    raise MaxRetryError(_pool, url, error or ResponseError(cause))
urllib3.exceptions.MaxRetryError: HTTPSConnectionPool(host='api.spotify.com', port=443): Max retries exceeded with url: /v1/audio-features/?ids=3nsfB1vus2qaloUdcBZvDu (Caused by ResponseError('too many 429 error responses'))

During handling of the above exception, another exception occurred:

Traceback (most recent call last):
  File "/home/airflow/.local/lib/python3.8/site-packages/spotipy/client.py", line 266, in _internal_call
    response = self._session.request(
  File "/home/airflow/.local/lib/python3.8/site-packages/requests/sessions.py", line 589, in request
    resp = self.send(prep, **send_kwargs)
  File "/home/airflow/.local/lib/python3.8/site-packages/requests/sessions.py", line 703, in send
    r = adapter.send(request, **kwargs)
  File "/home/airflow/.local/lib/python3.8/site-packages/requests/adapters.py", line 510, in send
    raise RetryError(e, request=request)
requests.exceptions.RetryError: HTTPSConnectionPool(host='api.spotify.com', port=443): Max retries exceeded with url: /v1/audio-features/?ids=3nsfB1vus2qaloUdcBZvDu (Caused by ResponseError('too many 429 error responses'))

During handling of the above exception, another exception occurred:

Traceback (most recent call last):
  File "/home/airflow/.local/lib/python3.8/site-packages/airflow/models/taskinstance.py", line 444, in _execute_task
    result = _execute_callable(context=context, **execute_callable_kwargs)
  File "/home/airflow/.local/lib/python3.8/site-packages/airflow/models/taskinstance.py", line 414, in _execute_callable
    return execute_callable(context=context, **execute_callable_kwargs)
  File "/home/airflow/.local/lib/python3.8/site-packages/airflow/operators/python.py", line 200, in execute
    return_value = self.execute_callable()
  File "/home/airflow/.local/lib/python3.8/site-packages/airflow/operators/python.py", line 217, in execute_callable
    return self.python_callable(*self.op_args, **self.op_kwargs)
  File "/opt/airflow/dags/billboard_to_spotify_to_csvs_to_s3.py", line 156, in Spotify_to_CSV
    track_features = sp.audio_features(track['uri'])
  File "/home/airflow/.local/lib/python3.8/site-packages/spotipy/client.py", line 1734, in audio_features
    results = self._get("audio-features/?ids=" + trackid)
  File "/home/airflow/.local/lib/python3.8/site-packages/spotipy/client.py", line 323, in _get
    return self._internal_call("GET", url, payload, kwargs)
  File "/home/airflow/.local/lib/python3.8/site-packages/spotipy/client.py", line 307, in _internal_call
    raise SpotifyException(
spotipy.exceptions.SpotifyException: http status: 429, code:-1 - /v1/audio-features/?ids=3nsfB1vus2qaloUdcBZvDu:
 Max Retries, reason: too many 429 error responses
[2024-04-10T01:10:48.673+0000] {taskinstance.py:1149} INFO - Marking task as UP_FOR_RETRY. dag_id=billboard_to_spotify_to_s3_extractionV1, task_id=sptoify_to_csv, execution_date=20240403T000000, start_date=20240410T010830, end_date=20240410T011048
[2024-04-10T01:10:48.686+0000] {standard_task_runner.py:107} ERROR - Failed to execute job 1607 for task sptoify_to_csv (http status: 429, code:-1 - /v1/audio-features/?ids=3nsfB1vus2qaloUdcBZvDu:
 Max Retries, reason: too many 429 error responses; 119)
[2024-04-10T01:10:48.704+0000] {local_task_job_runner.py:234} INFO - Task exited with return code 1
[2024-04-10T01:10:48.734+0000] {taskinstance.py:3312} INFO - 0 downstream tasks scheduled from follow-on schedule check
