[2024-03-23T20:56:57.450+0000] {taskinstance.py:1979} INFO - Dependencies all met for dep_context=non-requeueable deps ti=<TaskInstance: spotify_to_s3_data_extraction_v1.sptoify_to_csv scheduled__2024-03-21T08:39:00+00:00 [queued]>
[2024-03-23T20:56:57.466+0000] {taskinstance.py:1979} INFO - Dependencies all met for dep_context=requeueable deps ti=<TaskInstance: spotify_to_s3_data_extraction_v1.sptoify_to_csv scheduled__2024-03-21T08:39:00+00:00 [queued]>
[2024-03-23T20:56:57.467+0000] {taskinstance.py:2193} INFO - Starting attempt 7 of 12
[2024-03-23T20:56:57.487+0000] {taskinstance.py:2217} INFO - Executing <Task(PythonOperator): sptoify_to_csv> on 2024-03-21 08:39:00+00:00
[2024-03-23T20:56:57.499+0000] {standard_task_runner.py:60} INFO - Started process 11268 to run task
[2024-03-23T20:56:57.507+0000] {standard_task_runner.py:87} INFO - Running: ['***', 'tasks', 'run', 'spotify_to_s3_data_extraction_v1', 'sptoify_to_csv', 'scheduled__2024-03-21T08:39:00+00:00', '--job-id', '1294', '--raw', '--subdir', 'DAGS_FOLDER/spotify_to_csvs_to_s3.py', '--cfg-path', '/tmp/tmpfhwthec7']
[2024-03-23T20:56:57.513+0000] {standard_task_runner.py:88} INFO - Job 1294: Subtask sptoify_to_csv
[2024-03-23T20:56:57.598+0000] {task_command.py:423} INFO - Running <TaskInstance: spotify_to_s3_data_extraction_v1.sptoify_to_csv scheduled__2024-03-21T08:39:00+00:00 [running]> on host ca1809388db1
[2024-03-23T20:56:57.737+0000] {taskinstance.py:2513} INFO - Exporting env vars: AIRFLOW_CTX_DAG_OWNER='Nathaniel Solomon' AIRFLOW_CTX_DAG_ID='spotify_to_s3_data_extraction_v1' AIRFLOW_CTX_TASK_ID='sptoify_to_csv' AIRFLOW_CTX_EXECUTION_DATE='2024-03-21T08:39:00+00:00' AIRFLOW_CTX_TRY_NUMBER='7' AIRFLOW_CTX_DAG_RUN_ID='scheduled__2024-03-21T08:39:00+00:00'
[2024-03-23T20:56:57.741+0000] {logging_mixin.py:188} INFO - The extract function has been executed and this is data in the next line
[2024-03-23T20:56:57.742+0000] {logging_mixin.py:188} INFO - Initiating the Endpoint...
[2024-03-23T20:56:58.747+0000] {logging_mixin.py:188} INFO - Extracting other available tracks
[2024-03-23T20:57:13.611+0000] {logging_mixin.py:188} INFO - Adding the values of index 0 into the appropriate Keys...
[2024-03-23T20:57:17.733+0000] {logging_mixin.py:188} INFO - Adding the values of index 1 into the appropriate Keys...
[2024-03-23T20:57:19.584+0000] {logging_mixin.py:188} INFO - Adding the values of index 2 into the appropriate Keys...
[2024-03-23T20:57:20.878+0000] {logging_mixin.py:188} INFO - Adding the values of index 3 into the appropriate Keys...
[2024-03-23T20:57:22.160+0000] {logging_mixin.py:188} INFO - Adding the values of index 4 into the appropriate Keys...
[2024-03-23T20:57:23.611+0000] {logging_mixin.py:188} INFO - Adding the values of index 5 into the appropriate Keys...
[2024-03-23T20:57:25.118+0000] {logging_mixin.py:188} INFO - Adding the values of index 6 into the appropriate Keys...
[2024-03-23T20:57:26.479+0000] {logging_mixin.py:188} INFO - Adding the values of index 7 into the appropriate Keys...
[2024-03-23T20:57:28.537+0000] {logging_mixin.py:188} INFO - Adding the values of index 8 into the appropriate Keys...
[2024-03-23T20:57:30.136+0000] {logging_mixin.py:188} INFO - Adding the values of index 9 into the appropriate Keys...
[2024-03-23T20:57:31.612+0000] {logging_mixin.py:188} INFO - Done Extracting...
[2024-03-23T20:57:31.632+0000] {python.py:202} INFO - Done. Returned value was: None
[2024-03-23T20:57:31.648+0000] {taskinstance.py:1149} INFO - Marking task as SUCCESS. dag_id=spotify_to_s3_data_extraction_v1, task_id=sptoify_to_csv, execution_date=20240321T083900, start_date=20240323T205657, end_date=20240323T205731
[2024-03-23T20:57:31.676+0000] {local_task_job_runner.py:234} INFO - Task exited with return code 0
[2024-03-23T20:57:31.732+0000] {taskinstance.py:3312} INFO - 1 downstream tasks scheduled from follow-on schedule check
