[2024-03-23T21:12:38.650+0000] {taskinstance.py:1979} INFO - Dependencies all met for dep_context=non-requeueable deps ti=<TaskInstance: spotify_to_s3_data_extraction_v1.sptoify_to_csv scheduled__2024-03-21T12:52:00+00:00 [queued]>
[2024-03-23T21:12:38.671+0000] {taskinstance.py:1979} INFO - Dependencies all met for dep_context=requeueable deps ti=<TaskInstance: spotify_to_s3_data_extraction_v1.sptoify_to_csv scheduled__2024-03-21T12:52:00+00:00 [queued]>
[2024-03-23T21:12:38.672+0000] {taskinstance.py:2193} INFO - Starting attempt 8 of 12
[2024-03-23T21:12:38.701+0000] {taskinstance.py:2217} INFO - Executing <Task(PythonOperator): sptoify_to_csv> on 2024-03-21 12:52:00+00:00
[2024-03-23T21:12:38.717+0000] {standard_task_runner.py:60} INFO - Started process 11405 to run task
[2024-03-23T21:12:38.722+0000] {standard_task_runner.py:87} INFO - Running: ['***', 'tasks', 'run', 'spotify_to_s3_data_extraction_v1', 'sptoify_to_csv', 'scheduled__2024-03-21T12:52:00+00:00', '--job-id', '1322', '--raw', '--subdir', 'DAGS_FOLDER/spotify_to_csvs_to_s3.py', '--cfg-path', '/tmp/tmp5me8rh4n']
[2024-03-23T21:12:38.729+0000] {standard_task_runner.py:88} INFO - Job 1322: Subtask sptoify_to_csv
[2024-03-23T21:12:38.831+0000] {task_command.py:423} INFO - Running <TaskInstance: spotify_to_s3_data_extraction_v1.sptoify_to_csv scheduled__2024-03-21T12:52:00+00:00 [running]> on host ca1809388db1
[2024-03-23T21:12:39.000+0000] {taskinstance.py:2513} INFO - Exporting env vars: AIRFLOW_CTX_DAG_OWNER='Nathaniel Solomon' AIRFLOW_CTX_DAG_ID='spotify_to_s3_data_extraction_v1' AIRFLOW_CTX_TASK_ID='sptoify_to_csv' AIRFLOW_CTX_EXECUTION_DATE='2024-03-21T12:52:00+00:00' AIRFLOW_CTX_TRY_NUMBER='8' AIRFLOW_CTX_DAG_RUN_ID='scheduled__2024-03-21T12:52:00+00:00'
[2024-03-23T21:12:39.003+0000] {logging_mixin.py:188} INFO - The extract function has been executed and this is data in the next line
[2024-03-23T21:12:39.004+0000] {logging_mixin.py:188} INFO - Initiating the Endpoint...
[2024-03-23T21:12:40.341+0000] {logging_mixin.py:188} INFO - Extracting other available tracks
[2024-03-23T21:12:49.424+0000] {logging_mixin.py:188} INFO - Adding the values of index 0 into the appropriate Keys...
[2024-03-23T21:12:51.345+0000] {logging_mixin.py:188} INFO - Adding the values of index 1 into the appropriate Keys...
[2024-03-23T21:12:52.987+0000] {logging_mixin.py:188} INFO - Adding the values of index 2 into the appropriate Keys...
[2024-03-23T21:12:58.476+0000] {logging_mixin.py:188} INFO - Adding the values of index 3 into the appropriate Keys...
[2024-03-23T21:12:59.527+0000] {logging_mixin.py:188} INFO - Adding the values of index 4 into the appropriate Keys...
[2024-03-23T21:13:00.700+0000] {logging_mixin.py:188} INFO - Adding the values of index 5 into the appropriate Keys...
[2024-03-23T21:13:01.743+0000] {logging_mixin.py:188} INFO - Adding the values of index 6 into the appropriate Keys...
[2024-03-23T21:13:08.078+0000] {logging_mixin.py:188} INFO - Adding the values of index 7 into the appropriate Keys...
[2024-03-23T21:13:09.673+0000] {logging_mixin.py:188} INFO - Adding the values of index 8 into the appropriate Keys...
[2024-03-23T21:13:10.755+0000] {logging_mixin.py:188} INFO - Adding the values of index 9 into the appropriate Keys...
[2024-03-23T21:13:11.898+0000] {logging_mixin.py:188} INFO - Done Extracting...
[2024-03-23T21:13:11.929+0000] {python.py:202} INFO - Done. Returned value was: None
[2024-03-23T21:13:11.956+0000] {taskinstance.py:1149} INFO - Marking task as SUCCESS. dag_id=spotify_to_s3_data_extraction_v1, task_id=sptoify_to_csv, execution_date=20240321T125200, start_date=20240323T211238, end_date=20240323T211311
[2024-03-23T21:13:12.024+0000] {local_task_job_runner.py:234} INFO - Task exited with return code 0
[2024-03-23T21:13:12.102+0000] {taskinstance.py:3312} INFO - 1 downstream tasks scheduled from follow-on schedule check
