[2024-03-22T10:07:04.269+0000] {taskinstance.py:1979} INFO - Dependencies all met for dep_context=non-requeueable deps ti=<TaskInstance: spotify_to_s3_data_extraction_v1.sptoify_to_csv scheduled__2024-03-20T21:22:00+00:00 [queued]>
[2024-03-22T10:07:04.347+0000] {taskinstance.py:1979} INFO - Dependencies all met for dep_context=requeueable deps ti=<TaskInstance: spotify_to_s3_data_extraction_v1.sptoify_to_csv scheduled__2024-03-20T21:22:00+00:00 [queued]>
[2024-03-22T10:07:04.349+0000] {taskinstance.py:2193} INFO - Starting attempt 6 of 8
[2024-03-22T10:07:05.576+0000] {taskinstance.py:2217} INFO - Executing <Task(PythonOperator): sptoify_to_csv> on 2024-03-20 21:22:00+00:00
[2024-03-22T10:07:05.986+0000] {standard_task_runner.py:60} INFO - Started process 5021 to run task
[2024-03-22T10:07:06.020+0000] {standard_task_runner.py:87} INFO - Running: ['***', 'tasks', 'run', 'spotify_to_s3_data_extraction_v1', 'sptoify_to_csv', 'scheduled__2024-03-20T21:22:00+00:00', '--job-id', '1001', '--raw', '--subdir', 'DAGS_FOLDER/spotify_to_csvs_to_s3.py', '--cfg-path', '/tmp/tmp0keiq2ip']
[2024-03-22T10:07:06.288+0000] {standard_task_runner.py:88} INFO - Job 1001: Subtask sptoify_to_csv
[2024-03-22T10:07:09.059+0000] {task_command.py:423} INFO - Running <TaskInstance: spotify_to_s3_data_extraction_v1.sptoify_to_csv scheduled__2024-03-20T21:22:00+00:00 [running]> on host ca1809388db1
[2024-03-22T10:07:10.075+0000] {taskinstance.py:2513} INFO - Exporting env vars: AIRFLOW_CTX_DAG_OWNER='Nathaniel Solomon' AIRFLOW_CTX_DAG_ID='spotify_to_s3_data_extraction_v1' AIRFLOW_CTX_TASK_ID='sptoify_to_csv' AIRFLOW_CTX_EXECUTION_DATE='2024-03-20T21:22:00+00:00' AIRFLOW_CTX_TRY_NUMBER='6' AIRFLOW_CTX_DAG_RUN_ID='scheduled__2024-03-20T21:22:00+00:00'
[2024-03-22T10:07:10.087+0000] {logging_mixin.py:188} INFO - The extract function has been executed and this is data in the next line
[2024-03-22T10:07:10.089+0000] {logging_mixin.py:188} INFO - Initiating the Endpoint...
[2024-03-22T10:07:11.624+0000] {logging_mixin.py:188} INFO - Extracting other available tracks
[2024-03-22T10:14:42.948+0000] {logging_mixin.py:188} INFO - Adding the values of index 0 into the appropriate Keys...
[2024-03-22T10:14:51.607+0000] {logging_mixin.py:188} INFO - Adding the values of index 1 into the appropriate Keys...
[2024-03-22T10:15:01.264+0000] {logging_mixin.py:188} INFO - Adding the values of index 2 into the appropriate Keys...
[2024-03-22T10:15:11.251+0000] {logging_mixin.py:188} INFO - Adding the values of index 3 into the appropriate Keys...
[2024-03-22T10:15:12.167+0000] {logging_mixin.py:188} INFO - Adding the values of index 4 into the appropriate Keys...
[2024-03-22T10:15:21.568+0000] {logging_mixin.py:188} INFO - Adding the values of index 5 into the appropriate Keys...
[2024-03-22T10:15:31.883+0000] {logging_mixin.py:188} INFO - Adding the values of index 6 into the appropriate Keys...
[2024-03-22T10:15:42.187+0000] {logging_mixin.py:188} INFO - Adding the values of index 7 into the appropriate Keys...
[2024-03-22T10:15:43.502+0000] {logging_mixin.py:188} INFO - Adding the values of index 8 into the appropriate Keys...
[2024-03-22T10:15:45.583+0000] {logging_mixin.py:188} INFO - Adding the values of index 9 into the appropriate Keys...
[2024-03-22T10:15:46.457+0000] {logging_mixin.py:188} INFO - Done Extracting...
[2024-03-22T10:15:46.549+0000] {python.py:202} INFO - Done. Returned value was: None
[2024-03-22T10:15:46.603+0000] {taskinstance.py:1149} INFO - Marking task as SUCCESS. dag_id=spotify_to_s3_data_extraction_v1, task_id=sptoify_to_csv, execution_date=20240320T212200, start_date=20240322T100704, end_date=20240322T101546
[2024-03-22T10:15:46.704+0000] {local_task_job_runner.py:234} INFO - Task exited with return code 0
[2024-03-22T10:15:47.010+0000] {taskinstance.py:3312} INFO - 1 downstream tasks scheduled from follow-on schedule check
