[2024-03-20T21:43:40.808+0000] {taskinstance.py:1979} INFO - Dependencies all met for dep_context=non-requeueable deps ti=<TaskInstance: spotify_to_s3_data_extraction_v1.sptoify_to_csv scheduled__2024-03-20T21:22:00+00:00 [queued]>
[2024-03-20T21:43:40.987+0000] {taskinstance.py:1979} INFO - Dependencies all met for dep_context=requeueable deps ti=<TaskInstance: spotify_to_s3_data_extraction_v1.sptoify_to_csv scheduled__2024-03-20T21:22:00+00:00 [queued]>
[2024-03-20T21:43:41.004+0000] {taskinstance.py:2193} INFO - Starting attempt 2 of 6
[2024-03-20T21:43:41.291+0000] {taskinstance.py:2217} INFO - Executing <Task(PythonOperator): sptoify_to_csv> on 2024-03-20 21:22:00+00:00
[2024-03-20T21:43:41.344+0000] {standard_task_runner.py:60} INFO - Started process 414 to run task
[2024-03-20T21:43:41.361+0000] {standard_task_runner.py:87} INFO - Running: ['***', 'tasks', 'run', 'spotify_to_s3_data_extraction_v1', 'sptoify_to_csv', 'scheduled__2024-03-20T21:22:00+00:00', '--job-id', '132', '--raw', '--subdir', 'DAGS_FOLDER/spotify_to_csvs_to_s3.py', '--cfg-path', '/tmp/tmpub42mk30']
[2024-03-20T21:43:41.370+0000] {standard_task_runner.py:88} INFO - Job 132: Subtask sptoify_to_csv
[2024-03-20T21:43:41.784+0000] {task_command.py:423} INFO - Running <TaskInstance: spotify_to_s3_data_extraction_v1.sptoify_to_csv scheduled__2024-03-20T21:22:00+00:00 [running]> on host ca1809388db1
[2024-03-20T21:43:43.028+0000] {taskinstance.py:2513} INFO - Exporting env vars: AIRFLOW_CTX_DAG_OWNER='Nathaniel Solomon' AIRFLOW_CTX_DAG_ID='spotify_to_s3_data_extraction_v1' AIRFLOW_CTX_TASK_ID='sptoify_to_csv' AIRFLOW_CTX_EXECUTION_DATE='2024-03-20T21:22:00+00:00' AIRFLOW_CTX_TRY_NUMBER='2' AIRFLOW_CTX_DAG_RUN_ID='scheduled__2024-03-20T21:22:00+00:00'
[2024-03-20T21:43:43.032+0000] {logging_mixin.py:188} INFO - The extract function has been executed and this is data in the next line
[2024-03-20T21:43:43.033+0000] {logging_mixin.py:188} INFO - Initiating the Endpoint...
[2024-03-20T21:43:44.510+0000] {logging_mixin.py:188} INFO - Extracting other available tracks
[2024-03-20T21:43:54.224+0000] {logging_mixin.py:188} INFO - Adding the values of index 0 into the appropriate Keys...
[2024-03-20T21:43:55.344+0000] {logging_mixin.py:188} INFO - Adding the values of index 1 into the appropriate Keys...
[2024-03-20T21:43:56.520+0000] {logging_mixin.py:188} INFO - Adding the values of index 2 into the appropriate Keys...
[2024-03-20T21:43:57.633+0000] {logging_mixin.py:188} INFO - Adding the values of index 3 into the appropriate Keys...
[2024-03-20T21:43:58.992+0000] {logging_mixin.py:188} INFO - Adding the values of index 4 into the appropriate Keys...
[2024-03-20T21:44:01.136+0000] {logging_mixin.py:188} INFO - Adding the values of index 5 into the appropriate Keys...
[2024-03-20T21:44:02.731+0000] {logging_mixin.py:188} INFO - Adding the values of index 6 into the appropriate Keys...
[2024-03-20T21:44:03.633+0000] {logging_mixin.py:188} INFO - Adding the values of index 7 into the appropriate Keys...
[2024-03-20T21:44:04.747+0000] {logging_mixin.py:188} INFO - Adding the values of index 8 into the appropriate Keys...
[2024-03-20T21:44:06.870+0000] {logging_mixin.py:188} INFO - Adding the values of index 9 into the appropriate Keys...
[2024-03-20T21:44:08.145+0000] {logging_mixin.py:188} INFO - Done Extracting...
[2024-03-20T21:44:08.225+0000] {python.py:202} INFO - Done. Returned value was: None
[2024-03-20T21:44:08.483+0000] {taskinstance.py:1149} INFO - Marking task as SUCCESS. dag_id=spotify_to_s3_data_extraction_v1, task_id=sptoify_to_csv, execution_date=20240320T212200, start_date=20240320T214340, end_date=20240320T214408
[2024-03-20T21:44:10.103+0000] {local_task_job_runner.py:234} INFO - Task exited with return code 0
[2024-03-20T21:44:10.289+0000] {taskinstance.py:3312} INFO - 0 downstream tasks scheduled from follow-on schedule check
