[2024-03-23T20:56:28.272+0000] {taskinstance.py:1979} INFO - Dependencies all met for dep_context=non-requeueable deps ti=<TaskInstance: spotify_to_s3_data_extraction_v1.sptoify_to_csv scheduled__2024-03-21T08:37:00+00:00 [queued]>
[2024-03-23T20:56:28.289+0000] {taskinstance.py:1979} INFO - Dependencies all met for dep_context=requeueable deps ti=<TaskInstance: spotify_to_s3_data_extraction_v1.sptoify_to_csv scheduled__2024-03-21T08:37:00+00:00 [queued]>
[2024-03-23T20:56:28.290+0000] {taskinstance.py:2193} INFO - Starting attempt 7 of 12
[2024-03-23T20:56:28.313+0000] {taskinstance.py:2217} INFO - Executing <Task(PythonOperator): sptoify_to_csv> on 2024-03-21 08:37:00+00:00
[2024-03-23T20:56:28.324+0000] {standard_task_runner.py:60} INFO - Started process 11244 to run task
[2024-03-23T20:56:28.331+0000] {standard_task_runner.py:87} INFO - Running: ['***', 'tasks', 'run', 'spotify_to_s3_data_extraction_v1', 'sptoify_to_csv', 'scheduled__2024-03-21T08:37:00+00:00', '--job-id', '1286', '--raw', '--subdir', 'DAGS_FOLDER/spotify_to_csvs_to_s3.py', '--cfg-path', '/tmp/tmpwhgr1iks']
[2024-03-23T20:56:28.336+0000] {standard_task_runner.py:88} INFO - Job 1286: Subtask sptoify_to_csv
[2024-03-23T20:56:28.433+0000] {task_command.py:423} INFO - Running <TaskInstance: spotify_to_s3_data_extraction_v1.sptoify_to_csv scheduled__2024-03-21T08:37:00+00:00 [running]> on host ca1809388db1
[2024-03-23T20:56:28.581+0000] {taskinstance.py:2513} INFO - Exporting env vars: AIRFLOW_CTX_DAG_OWNER='Nathaniel Solomon' AIRFLOW_CTX_DAG_ID='spotify_to_s3_data_extraction_v1' AIRFLOW_CTX_TASK_ID='sptoify_to_csv' AIRFLOW_CTX_EXECUTION_DATE='2024-03-21T08:37:00+00:00' AIRFLOW_CTX_TRY_NUMBER='7' AIRFLOW_CTX_DAG_RUN_ID='scheduled__2024-03-21T08:37:00+00:00'
[2024-03-23T20:56:28.584+0000] {logging_mixin.py:188} INFO - The extract function has been executed and this is data in the next line
[2024-03-23T20:56:28.585+0000] {logging_mixin.py:188} INFO - Initiating the Endpoint...
[2024-03-23T20:56:29.646+0000] {logging_mixin.py:188} INFO - Extracting other available tracks
[2024-03-23T20:56:40.411+0000] {logging_mixin.py:188} INFO - Adding the values of index 0 into the appropriate Keys...
[2024-03-23T20:56:42.160+0000] {logging_mixin.py:188} INFO - Adding the values of index 1 into the appropriate Keys...
[2024-03-23T20:56:44.063+0000] {logging_mixin.py:188} INFO - Adding the values of index 2 into the appropriate Keys...
[2024-03-23T20:56:48.007+0000] {logging_mixin.py:188} INFO - Adding the values of index 3 into the appropriate Keys...
[2024-03-23T20:56:49.369+0000] {logging_mixin.py:188} INFO - Adding the values of index 4 into the appropriate Keys...
[2024-03-23T20:56:50.904+0000] {logging_mixin.py:188} INFO - Adding the values of index 5 into the appropriate Keys...
[2024-03-23T20:56:52.262+0000] {logging_mixin.py:188} INFO - Adding the values of index 6 into the appropriate Keys...
[2024-03-23T20:56:53.623+0000] {logging_mixin.py:188} INFO - Adding the values of index 7 into the appropriate Keys...
[2024-03-23T20:56:55.488+0000] {logging_mixin.py:188} INFO - Adding the values of index 8 into the appropriate Keys...
[2024-03-23T20:56:58.036+0000] {logging_mixin.py:188} INFO - Adding the values of index 9 into the appropriate Keys...
[2024-03-23T20:56:59.481+0000] {logging_mixin.py:188} INFO - Done Extracting...
[2024-03-23T20:56:59.497+0000] {python.py:202} INFO - Done. Returned value was: None
[2024-03-23T20:56:59.512+0000] {taskinstance.py:1149} INFO - Marking task as SUCCESS. dag_id=spotify_to_s3_data_extraction_v1, task_id=sptoify_to_csv, execution_date=20240321T083700, start_date=20240323T205628, end_date=20240323T205659
[2024-03-23T20:56:59.543+0000] {local_task_job_runner.py:234} INFO - Task exited with return code 0
[2024-03-23T20:56:59.581+0000] {taskinstance.py:3312} INFO - 1 downstream tasks scheduled from follow-on schedule check
