[2024-03-22T09:05:59.456+0000] {taskinstance.py:1979} INFO - Dependencies all met for dep_context=non-requeueable deps ti=<TaskInstance: spotify_to_s3_data_extraction_v1.sptoify_to_csv scheduled__2024-03-20T21:15:00+00:00 [queued]>
[2024-03-22T09:05:59.512+0000] {taskinstance.py:1979} INFO - Dependencies all met for dep_context=requeueable deps ti=<TaskInstance: spotify_to_s3_data_extraction_v1.sptoify_to_csv scheduled__2024-03-20T21:15:00+00:00 [queued]>
[2024-03-22T09:05:59.520+0000] {taskinstance.py:2193} INFO - Starting attempt 3 of 6
[2024-03-22T09:05:59.568+0000] {taskinstance.py:2217} INFO - Executing <Task(PythonOperator): sptoify_to_csv> on 2024-03-20 21:15:00+00:00
[2024-03-22T09:05:59.592+0000] {standard_task_runner.py:60} INFO - Started process 4786 to run task
[2024-03-22T09:05:59.615+0000] {standard_task_runner.py:87} INFO - Running: ['***', 'tasks', 'run', 'spotify_to_s3_data_extraction_v1', 'sptoify_to_csv', 'scheduled__2024-03-20T21:15:00+00:00', '--job-id', '944', '--raw', '--subdir', 'DAGS_FOLDER/spotify_to_csvs_to_s3.py', '--cfg-path', '/tmp/tmpy4rsjo4c']
[2024-03-22T09:05:59.675+0000] {standard_task_runner.py:88} INFO - Job 944: Subtask sptoify_to_csv
[2024-03-22T09:06:00.082+0000] {task_command.py:423} INFO - Running <TaskInstance: spotify_to_s3_data_extraction_v1.sptoify_to_csv scheduled__2024-03-20T21:15:00+00:00 [running]> on host ca1809388db1
[2024-03-22T09:06:00.509+0000] {taskinstance.py:2513} INFO - Exporting env vars: AIRFLOW_CTX_DAG_OWNER='Nathaniel Solomon' AIRFLOW_CTX_DAG_ID='spotify_to_s3_data_extraction_v1' AIRFLOW_CTX_TASK_ID='sptoify_to_csv' AIRFLOW_CTX_EXECUTION_DATE='2024-03-20T21:15:00+00:00' AIRFLOW_CTX_TRY_NUMBER='3' AIRFLOW_CTX_DAG_RUN_ID='scheduled__2024-03-20T21:15:00+00:00'
[2024-03-22T09:06:00.512+0000] {logging_mixin.py:188} INFO - The extract function has been executed and this is data in the next line
[2024-03-22T09:06:00.514+0000] {logging_mixin.py:188} INFO - Initiating the Endpoint...
[2024-03-22T09:06:01.681+0000] {logging_mixin.py:188} INFO - Extracting other available tracks
[2024-03-22T09:06:13.928+0000] {logging_mixin.py:188} INFO - Adding the values of index 0 into the appropriate Keys...
[2024-03-22T09:06:17.445+0000] {logging_mixin.py:188} INFO - Adding the values of index 1 into the appropriate Keys...
[2024-03-22T09:06:18.571+0000] {logging_mixin.py:188} INFO - Adding the values of index 2 into the appropriate Keys...
[2024-03-22T09:06:27.383+0000] {logging_mixin.py:188} INFO - Adding the values of index 3 into the appropriate Keys...
[2024-03-22T09:06:29.068+0000] {logging_mixin.py:188} INFO - Adding the values of index 4 into the appropriate Keys...
[2024-03-22T09:06:39.545+0000] {logging_mixin.py:188} INFO - Adding the values of index 5 into the appropriate Keys...
[2024-03-22T09:06:43.244+0000] {logging_mixin.py:188} INFO - Adding the values of index 6 into the appropriate Keys...
[2024-03-22T09:06:48.965+0000] {logging_mixin.py:188} INFO - Adding the values of index 7 into the appropriate Keys...
[2024-03-22T09:06:53.433+0000] {logging_mixin.py:188} INFO - Adding the values of index 8 into the appropriate Keys...
[2024-03-22T09:07:00.102+0000] {logging_mixin.py:188} INFO - Adding the values of index 9 into the appropriate Keys...
[2024-03-22T09:07:01.547+0000] {logging_mixin.py:188} INFO - Done Extracting...
[2024-03-22T09:07:01.565+0000] {python.py:202} INFO - Done. Returned value was: None
[2024-03-22T09:07:01.586+0000] {taskinstance.py:1149} INFO - Marking task as SUCCESS. dag_id=spotify_to_s3_data_extraction_v1, task_id=sptoify_to_csv, execution_date=20240320T211500, start_date=20240322T090559, end_date=20240322T090701
[2024-03-22T09:07:01.640+0000] {local_task_job_runner.py:234} INFO - Task exited with return code 0
[2024-03-22T09:07:01.679+0000] {taskinstance.py:3312} INFO - 1 downstream tasks scheduled from follow-on schedule check
