[2024-03-24T04:58:23.497+0000] {taskinstance.py:1979} INFO - Dependencies all met for dep_context=non-requeueable deps ti=<TaskInstance: spotify_to_s3_data_extraction_v1.sptoify_to_csv scheduled__2024-03-21T06:19:00+00:00 [queued]>
[2024-03-24T04:58:23.514+0000] {taskinstance.py:1979} INFO - Dependencies all met for dep_context=requeueable deps ti=<TaskInstance: spotify_to_s3_data_extraction_v1.sptoify_to_csv scheduled__2024-03-21T06:19:00+00:00 [queued]>
[2024-03-24T04:58:23.516+0000] {taskinstance.py:2193} INFO - Starting attempt 6 of 10
[2024-03-24T04:58:23.624+0000] {taskinstance.py:2217} INFO - Executing <Task(PythonOperator): sptoify_to_csv> on 2024-03-21 06:19:00+00:00
[2024-03-24T04:58:23.635+0000] {standard_task_runner.py:60} INFO - Started process 151 to run task
[2024-03-24T04:58:23.662+0000] {standard_task_runner.py:87} INFO - Running: ['***', 'tasks', 'run', 'spotify_to_s3_data_extraction_v1', 'sptoify_to_csv', 'scheduled__2024-03-21T06:19:00+00:00', '--job-id', '1348', '--raw', '--subdir', 'DAGS_FOLDER/spotify_to_csvs_to_s3.py', '--cfg-path', '/tmp/tmptpwjm7co']
[2024-03-24T04:58:23.666+0000] {standard_task_runner.py:88} INFO - Job 1348: Subtask sptoify_to_csv
[2024-03-24T04:58:23.771+0000] {task_command.py:423} INFO - Running <TaskInstance: spotify_to_s3_data_extraction_v1.sptoify_to_csv scheduled__2024-03-21T06:19:00+00:00 [running]> on host 030bbd5ea1b2
[2024-03-24T04:58:23.922+0000] {taskinstance.py:2513} INFO - Exporting env vars: AIRFLOW_CTX_DAG_OWNER='Nathaniel Solomon' AIRFLOW_CTX_DAG_ID='spotify_to_s3_data_extraction_v1' AIRFLOW_CTX_TASK_ID='sptoify_to_csv' AIRFLOW_CTX_EXECUTION_DATE='2024-03-21T06:19:00+00:00' AIRFLOW_CTX_TRY_NUMBER='6' AIRFLOW_CTX_DAG_RUN_ID='scheduled__2024-03-21T06:19:00+00:00'
[2024-03-24T04:58:23.925+0000] {logging_mixin.py:188} INFO - The extract function has been executed and this is data in the next line
[2024-03-24T04:58:23.926+0000] {logging_mixin.py:188} INFO - Initiating the Endpoint...
[2024-03-24T04:58:24.472+0000] {logging_mixin.py:188} INFO - Extracting other available tracks
[2024-03-24T04:58:31.150+0000] {logging_mixin.py:188} INFO - Adding the values of index 0 into the appropriate Keys...
[2024-03-24T04:58:32.079+0000] {logging_mixin.py:188} INFO - Adding the values of index 1 into the appropriate Keys...
[2024-03-24T04:58:33.024+0000] {logging_mixin.py:188} INFO - Adding the values of index 2 into the appropriate Keys...
[2024-03-24T04:58:33.949+0000] {logging_mixin.py:188} INFO - Adding the values of index 3 into the appropriate Keys...
[2024-03-24T04:58:34.817+0000] {logging_mixin.py:188} INFO - Adding the values of index 4 into the appropriate Keys...
[2024-03-24T04:58:35.774+0000] {logging_mixin.py:188} INFO - Adding the values of index 5 into the appropriate Keys...
[2024-03-24T04:58:36.918+0000] {logging_mixin.py:188} INFO - Adding the values of index 6 into the appropriate Keys...
[2024-03-24T04:58:38.155+0000] {logging_mixin.py:188} INFO - Adding the values of index 7 into the appropriate Keys...
[2024-03-24T04:58:39.422+0000] {logging_mixin.py:188} INFO - Adding the values of index 8 into the appropriate Keys...
[2024-03-24T04:58:40.475+0000] {logging_mixin.py:188} INFO - Adding the values of index 9 into the appropriate Keys...
[2024-03-24T04:58:41.605+0000] {logging_mixin.py:188} INFO - Done Extracting...
[2024-03-24T04:58:41.631+0000] {python.py:202} INFO - Done. Returned value was: None
[2024-03-24T04:58:41.658+0000] {taskinstance.py:1149} INFO - Marking task as SUCCESS. dag_id=spotify_to_s3_data_extraction_v1, task_id=sptoify_to_csv, execution_date=20240321T061900, start_date=20240324T045823, end_date=20240324T045841
[2024-03-24T04:58:41.722+0000] {local_task_job_runner.py:234} INFO - Task exited with return code 0
[2024-03-24T04:58:41.783+0000] {taskinstance.py:3312} INFO - 1 downstream tasks scheduled from follow-on schedule check
