[2024-03-22T10:18:44.359+0000] {taskinstance.py:1979} INFO - Dependencies all met for dep_context=non-requeueable deps ti=<TaskInstance: spotify_to_s3_data_extraction_v1.sptoify_to_csv scheduled__2024-03-21T01:01:00+00:00 [queued]>
[2024-03-22T10:18:44.426+0000] {taskinstance.py:1979} INFO - Dependencies all met for dep_context=requeueable deps ti=<TaskInstance: spotify_to_s3_data_extraction_v1.sptoify_to_csv scheduled__2024-03-21T01:01:00+00:00 [queued]>
[2024-03-22T10:18:44.453+0000] {taskinstance.py:2193} INFO - Starting attempt 4 of 9
[2024-03-22T10:18:44.509+0000] {taskinstance.py:2217} INFO - Executing <Task(PythonOperator): sptoify_to_csv> on 2024-03-21 01:01:00+00:00
[2024-03-22T10:18:44.587+0000] {standard_task_runner.py:60} INFO - Started process 5374 to run task
[2024-03-22T10:18:44.600+0000] {standard_task_runner.py:87} INFO - Running: ['***', 'tasks', 'run', 'spotify_to_s3_data_extraction_v1', 'sptoify_to_csv', 'scheduled__2024-03-21T01:01:00+00:00', '--job-id', '1095', '--raw', '--subdir', 'DAGS_FOLDER/spotify_to_csvs_to_s3.py', '--cfg-path', '/tmp/tmpj7c76p4g']
[2024-03-22T10:18:44.627+0000] {standard_task_runner.py:88} INFO - Job 1095: Subtask sptoify_to_csv
[2024-03-22T10:18:44.758+0000] {task_command.py:423} INFO - Running <TaskInstance: spotify_to_s3_data_extraction_v1.sptoify_to_csv scheduled__2024-03-21T01:01:00+00:00 [running]> on host ca1809388db1
[2024-03-22T10:18:45.125+0000] {taskinstance.py:2513} INFO - Exporting env vars: AIRFLOW_CTX_DAG_OWNER='Nathaniel Solomon' AIRFLOW_CTX_DAG_ID='spotify_to_s3_data_extraction_v1' AIRFLOW_CTX_TASK_ID='sptoify_to_csv' AIRFLOW_CTX_EXECUTION_DATE='2024-03-21T01:01:00+00:00' AIRFLOW_CTX_TRY_NUMBER='4' AIRFLOW_CTX_DAG_RUN_ID='scheduled__2024-03-21T01:01:00+00:00'
[2024-03-22T10:18:45.129+0000] {logging_mixin.py:188} INFO - The extract function has been executed and this is data in the next line
[2024-03-22T10:18:45.130+0000] {logging_mixin.py:188} INFO - Initiating the Endpoint...
[2024-03-22T10:18:51.106+0000] {logging_mixin.py:188} INFO - Extracting other available tracks
[2024-03-22T10:19:21.008+0000] {logging_mixin.py:188} INFO - Adding the values of index 0 into the appropriate Keys...
[2024-03-22T10:19:30.572+0000] {logging_mixin.py:188} INFO - Adding the values of index 1 into the appropriate Keys...
[2024-03-22T10:19:31.613+0000] {logging_mixin.py:188} INFO - Adding the values of index 2 into the appropriate Keys...
[2024-03-22T10:19:40.575+0000] {logging_mixin.py:188} INFO - Adding the values of index 3 into the appropriate Keys...
[2024-03-22T10:19:42.021+0000] {logging_mixin.py:188} INFO - Adding the values of index 4 into the appropriate Keys...
[2024-03-22T10:19:44.347+0000] {logging_mixin.py:188} INFO - Adding the values of index 5 into the appropriate Keys...
[2024-03-22T10:19:46.010+0000] {logging_mixin.py:188} INFO - Adding the values of index 6 into the appropriate Keys...
[2024-03-22T10:19:51.932+0000] {logging_mixin.py:188} INFO - Adding the values of index 7 into the appropriate Keys...
[2024-03-22T10:19:53.139+0000] {logging_mixin.py:188} INFO - Adding the values of index 8 into the appropriate Keys...
[2024-03-22T10:19:54.383+0000] {logging_mixin.py:188} INFO - Adding the values of index 9 into the appropriate Keys...
[2024-03-22T10:19:56.289+0000] {logging_mixin.py:188} INFO - Done Extracting...
[2024-03-22T10:19:56.468+0000] {python.py:202} INFO - Done. Returned value was: None
[2024-03-22T10:19:56.617+0000] {taskinstance.py:1149} INFO - Marking task as SUCCESS. dag_id=spotify_to_s3_data_extraction_v1, task_id=sptoify_to_csv, execution_date=20240321T010100, start_date=20240322T101844, end_date=20240322T101956
[2024-03-22T10:19:57.553+0000] {local_task_job_runner.py:234} INFO - Task exited with return code 0
[2024-03-22T10:19:58.080+0000] {taskinstance.py:3312} INFO - 1 downstream tasks scheduled from follow-on schedule check
