[2024-03-21T01:46:38.073+0000] {taskinstance.py:1979} INFO - Dependencies all met for dep_context=non-requeueable deps ti=<TaskInstance: spotify_to_s3_data_extraction_v1.sptoify_to_csv scheduled__2024-03-21T01:01:00+00:00 [queued]>
[2024-03-21T01:46:38.093+0000] {taskinstance.py:1979} INFO - Dependencies all met for dep_context=requeueable deps ti=<TaskInstance: spotify_to_s3_data_extraction_v1.sptoify_to_csv scheduled__2024-03-21T01:01:00+00:00 [queued]>
[2024-03-21T01:46:38.094+0000] {taskinstance.py:2193} INFO - Starting attempt 3 of 6
[2024-03-21T01:46:38.131+0000] {taskinstance.py:2217} INFO - Executing <Task(PythonOperator): sptoify_to_csv> on 2024-03-21 01:01:00+00:00
[2024-03-21T01:46:38.141+0000] {standard_task_runner.py:60} INFO - Started process 1308 to run task
[2024-03-21T01:46:38.151+0000] {standard_task_runner.py:87} INFO - Running: ['***', 'tasks', 'run', 'spotify_to_s3_data_extraction_v1', 'sptoify_to_csv', 'scheduled__2024-03-21T01:01:00+00:00', '--job-id', '268', '--raw', '--subdir', 'DAGS_FOLDER/spotify_to_csvs_to_s3.py', '--cfg-path', '/tmp/tmpnfs0hf6z']
[2024-03-21T01:46:38.157+0000] {standard_task_runner.py:88} INFO - Job 268: Subtask sptoify_to_csv
[2024-03-21T01:46:38.256+0000] {task_command.py:423} INFO - Running <TaskInstance: spotify_to_s3_data_extraction_v1.sptoify_to_csv scheduled__2024-03-21T01:01:00+00:00 [running]> on host ca1809388db1
[2024-03-21T01:46:38.419+0000] {taskinstance.py:2513} INFO - Exporting env vars: AIRFLOW_CTX_DAG_OWNER='Nathaniel Solomon' AIRFLOW_CTX_DAG_ID='spotify_to_s3_data_extraction_v1' AIRFLOW_CTX_TASK_ID='sptoify_to_csv' AIRFLOW_CTX_EXECUTION_DATE='2024-03-21T01:01:00+00:00' AIRFLOW_CTX_TRY_NUMBER='3' AIRFLOW_CTX_DAG_RUN_ID='scheduled__2024-03-21T01:01:00+00:00'
[2024-03-21T01:46:38.423+0000] {logging_mixin.py:188} INFO - The extract function has been executed and this is data in the next line
[2024-03-21T01:46:38.424+0000] {logging_mixin.py:188} INFO - Initiating the Endpoint...
[2024-03-21T01:46:39.631+0000] {logging_mixin.py:188} INFO - Extracting other available tracks
[2024-03-21T01:46:48.176+0000] {logging_mixin.py:188} INFO - Adding the values of index 0 into the appropriate Keys...
[2024-03-21T01:46:49.886+0000] {logging_mixin.py:188} INFO - Adding the values of index 1 into the appropriate Keys...
[2024-03-21T01:46:51.103+0000] {logging_mixin.py:188} INFO - Adding the values of index 2 into the appropriate Keys...
[2024-03-21T01:46:52.308+0000] {logging_mixin.py:188} INFO - Adding the values of index 3 into the appropriate Keys...
[2024-03-21T01:46:53.511+0000] {logging_mixin.py:188} INFO - Adding the values of index 4 into the appropriate Keys...
[2024-03-21T01:46:54.775+0000] {logging_mixin.py:188} INFO - Adding the values of index 5 into the appropriate Keys...
[2024-03-21T01:46:55.978+0000] {logging_mixin.py:188} INFO - Adding the values of index 6 into the appropriate Keys...
[2024-03-21T01:46:57.567+0000] {logging_mixin.py:188} INFO - Adding the values of index 7 into the appropriate Keys...
[2024-03-21T01:46:58.824+0000] {logging_mixin.py:188} INFO - Adding the values of index 8 into the appropriate Keys...
[2024-03-21T01:47:00.143+0000] {logging_mixin.py:188} INFO - Adding the values of index 9 into the appropriate Keys...
[2024-03-21T01:47:01.683+0000] {logging_mixin.py:188} INFO - Done Extracting...
[2024-03-21T01:47:02.203+0000] {python.py:202} INFO - Done. Returned value was: None
[2024-03-21T01:47:02.473+0000] {taskinstance.py:1149} INFO - Marking task as SUCCESS. dag_id=spotify_to_s3_data_extraction_v1, task_id=sptoify_to_csv, execution_date=20240321T010100, start_date=20240321T014638, end_date=20240321T014702
[2024-03-21T01:47:03.401+0000] {local_task_job_runner.py:234} INFO - Task exited with return code 0
[2024-03-21T01:47:04.426+0000] {taskinstance.py:3312} INFO - 1 downstream tasks scheduled from follow-on schedule check
