[2024-03-20T22:45:01.104+0000] {taskinstance.py:1979} INFO - Dependencies all met for dep_context=non-requeueable deps ti=<TaskInstance: spotify_to_s3_data_extraction_v1.sptoify_to_csv scheduled__2024-03-20T22:44:00+00:00 [queued]>
[2024-03-20T22:45:01.111+0000] {taskinstance.py:1979} INFO - Dependencies all met for dep_context=requeueable deps ti=<TaskInstance: spotify_to_s3_data_extraction_v1.sptoify_to_csv scheduled__2024-03-20T22:44:00+00:00 [queued]>
[2024-03-20T22:45:01.112+0000] {taskinstance.py:2193} INFO - Starting attempt 1 of 6
[2024-03-20T22:45:01.124+0000] {taskinstance.py:2217} INFO - Executing <Task(PythonOperator): sptoify_to_csv> on 2024-03-20 22:44:00+00:00
[2024-03-20T22:45:01.131+0000] {standard_task_runner.py:60} INFO - Started process 799 to run task
[2024-03-20T22:45:01.135+0000] {standard_task_runner.py:87} INFO - Running: ['***', 'tasks', 'run', 'spotify_to_s3_data_extraction_v1', 'sptoify_to_csv', 'scheduled__2024-03-20T22:44:00+00:00', '--job-id', '186', '--raw', '--subdir', 'DAGS_FOLDER/spotify_to_csvs_to_s3.py', '--cfg-path', '/tmp/tmpzgsar4qw']
[2024-03-20T22:45:01.137+0000] {standard_task_runner.py:88} INFO - Job 186: Subtask sptoify_to_csv
[2024-03-20T22:45:01.184+0000] {task_command.py:423} INFO - Running <TaskInstance: spotify_to_s3_data_extraction_v1.sptoify_to_csv scheduled__2024-03-20T22:44:00+00:00 [running]> on host ca1809388db1
[2024-03-20T22:45:01.256+0000] {taskinstance.py:2513} INFO - Exporting env vars: AIRFLOW_CTX_DAG_OWNER='Nathaniel Solomon' AIRFLOW_CTX_DAG_ID='spotify_to_s3_data_extraction_v1' AIRFLOW_CTX_TASK_ID='sptoify_to_csv' AIRFLOW_CTX_EXECUTION_DATE='2024-03-20T22:44:00+00:00' AIRFLOW_CTX_TRY_NUMBER='1' AIRFLOW_CTX_DAG_RUN_ID='scheduled__2024-03-20T22:44:00+00:00'
[2024-03-20T22:45:01.257+0000] {logging_mixin.py:188} INFO - The extract function has been executed and this is data in the next line
[2024-03-20T22:45:01.258+0000] {logging_mixin.py:188} INFO - Initiating the Endpoint...
[2024-03-20T22:45:02.068+0000] {logging_mixin.py:188} INFO - Extracting other available tracks
[2024-03-20T22:45:11.181+0000] {logging_mixin.py:188} INFO - Adding the values of index 0 into the appropriate Keys...
[2024-03-20T22:45:12.268+0000] {logging_mixin.py:188} INFO - Adding the values of index 1 into the appropriate Keys...
[2024-03-20T22:45:13.253+0000] {logging_mixin.py:188} INFO - Adding the values of index 2 into the appropriate Keys...
[2024-03-20T22:45:14.418+0000] {logging_mixin.py:188} INFO - Adding the values of index 3 into the appropriate Keys...
[2024-03-20T22:45:15.572+0000] {logging_mixin.py:188} INFO - Adding the values of index 4 into the appropriate Keys...
[2024-03-20T22:45:16.732+0000] {logging_mixin.py:188} INFO - Adding the values of index 5 into the appropriate Keys...
[2024-03-20T22:45:17.920+0000] {logging_mixin.py:188} INFO - Adding the values of index 6 into the appropriate Keys...
[2024-03-20T22:45:18.922+0000] {logging_mixin.py:188} INFO - Adding the values of index 7 into the appropriate Keys...
[2024-03-20T22:45:20.063+0000] {logging_mixin.py:188} INFO - Adding the values of index 8 into the appropriate Keys...
[2024-03-20T22:45:21.768+0000] {logging_mixin.py:188} INFO - Adding the values of index 9 into the appropriate Keys...
[2024-03-20T22:45:22.821+0000] {logging_mixin.py:188} INFO - Done Extracting...
[2024-03-20T22:45:22.833+0000] {python.py:202} INFO - Done. Returned value was: None
[2024-03-20T22:45:22.843+0000] {taskinstance.py:1149} INFO - Marking task as SUCCESS. dag_id=spotify_to_s3_data_extraction_v1, task_id=sptoify_to_csv, execution_date=20240320T224400, start_date=20240320T224501, end_date=20240320T224522
[2024-03-20T22:45:22.867+0000] {local_task_job_runner.py:234} INFO - Task exited with return code 0
[2024-03-20T22:45:22.890+0000] {taskinstance.py:3312} INFO - 1 downstream tasks scheduled from follow-on schedule check
