[2024-03-24T07:34:16.774+0000] {taskinstance.py:1979} INFO - Dependencies all met for dep_context=non-requeueable deps ti=<TaskInstance: spotify_to_s3_data_extraction_v3_x64.sptoify_to_csv manual__2024-03-24T07:34:15.261724+00:00 [queued]>
[2024-03-24T07:34:16.782+0000] {taskinstance.py:1979} INFO - Dependencies all met for dep_context=requeueable deps ti=<TaskInstance: spotify_to_s3_data_extraction_v3_x64.sptoify_to_csv manual__2024-03-24T07:34:15.261724+00:00 [queued]>
[2024-03-24T07:34:16.783+0000] {taskinstance.py:2193} INFO - Starting attempt 1 of 6
[2024-03-24T07:34:16.795+0000] {taskinstance.py:2217} INFO - Executing <Task(PythonOperator): sptoify_to_csv> on 2024-03-24 07:34:15.261724+00:00
[2024-03-24T07:34:16.800+0000] {standard_task_runner.py:60} INFO - Started process 2077 to run task
[2024-03-24T07:34:16.803+0000] {standard_task_runner.py:87} INFO - Running: ['***', 'tasks', 'run', 'spotify_to_s3_data_extraction_v3_x64', 'sptoify_to_csv', 'manual__2024-03-24T07:34:15.261724+00:00', '--job-id', '1365', '--raw', '--subdir', 'DAGS_FOLDER/spotify_to_csvs_to_s3.py', '--cfg-path', '/tmp/tmpyv3lrgob']
[2024-03-24T07:34:16.806+0000] {standard_task_runner.py:88} INFO - Job 1365: Subtask sptoify_to_csv
[2024-03-24T07:34:16.850+0000] {task_command.py:423} INFO - Running <TaskInstance: spotify_to_s3_data_extraction_v3_x64.sptoify_to_csv manual__2024-03-24T07:34:15.261724+00:00 [running]> on host bc244bd8b198
[2024-03-24T07:34:16.916+0000] {taskinstance.py:2513} INFO - Exporting env vars: AIRFLOW_CTX_DAG_OWNER='Nathaniel Solomon' AIRFLOW_CTX_DAG_ID='spotify_to_s3_data_extraction_v3_x64' AIRFLOW_CTX_TASK_ID='sptoify_to_csv' AIRFLOW_CTX_EXECUTION_DATE='2024-03-24T07:34:15.261724+00:00' AIRFLOW_CTX_TRY_NUMBER='1' AIRFLOW_CTX_DAG_RUN_ID='manual__2024-03-24T07:34:15.261724+00:00'
[2024-03-24T07:34:16.917+0000] {logging_mixin.py:188} INFO - The extract function has been executed and this is data in the next line
[2024-03-24T07:34:16.918+0000] {logging_mixin.py:188} INFO - Initiating the Endpoint...
[2024-03-24T07:34:17.706+0000] {logging_mixin.py:188} INFO - Extracting other available tracks
[2024-03-24T07:34:26.596+0000] {logging_mixin.py:188} INFO - Adding the values of index 0 into the appropriate Keys...
[2024-03-24T07:34:27.820+0000] {logging_mixin.py:188} INFO - Adding the values of index 1 into the appropriate Keys...
[2024-03-24T07:34:28.882+0000] {logging_mixin.py:188} INFO - Adding the values of index 2 into the appropriate Keys...
[2024-03-24T07:34:30.000+0000] {logging_mixin.py:188} INFO - Adding the values of index 3 into the appropriate Keys...
[2024-03-24T07:34:31.181+0000] {logging_mixin.py:188} INFO - Adding the values of index 4 into the appropriate Keys...
[2024-03-24T07:34:32.290+0000] {logging_mixin.py:188} INFO - Adding the values of index 5 into the appropriate Keys...
[2024-03-24T07:34:33.465+0000] {logging_mixin.py:188} INFO - Adding the values of index 6 into the appropriate Keys...
[2024-03-24T07:34:34.599+0000] {logging_mixin.py:188} INFO - Adding the values of index 7 into the appropriate Keys...
[2024-03-24T07:34:36.057+0000] {logging_mixin.py:188} INFO - Adding the values of index 8 into the appropriate Keys...
[2024-03-24T07:34:37.236+0000] {logging_mixin.py:188} INFO - Adding the values of index 9 into the appropriate Keys...
[2024-03-24T07:34:38.444+0000] {logging_mixin.py:188} INFO - Done Extracting...
[2024-03-24T07:34:38.463+0000] {python.py:202} INFO - Done. Returned value was: None
[2024-03-24T07:34:38.481+0000] {taskinstance.py:1149} INFO - Marking task as SUCCESS. dag_id=spotify_to_s3_data_extraction_v3_x64, task_id=sptoify_to_csv, execution_date=20240324T073415, start_date=20240324T073416, end_date=20240324T073438
[2024-03-24T07:34:38.507+0000] {local_task_job_runner.py:234} INFO - Task exited with return code 0
[2024-03-24T07:34:38.528+0000] {taskinstance.py:3312} INFO - 1 downstream tasks scheduled from follow-on schedule check
