[2024-03-21T01:30:30.839+0000] {taskinstance.py:1979} INFO - Dependencies all met for dep_context=non-requeueable deps ti=<TaskInstance: spotify_to_s3_data_extraction_v1.sptoify_to_csv scheduled__2024-03-21T01:29:00+00:00 [queued]>
[2024-03-21T01:30:30.851+0000] {taskinstance.py:1979} INFO - Dependencies all met for dep_context=requeueable deps ti=<TaskInstance: spotify_to_s3_data_extraction_v1.sptoify_to_csv scheduled__2024-03-21T01:29:00+00:00 [queued]>
[2024-03-21T01:30:30.852+0000] {taskinstance.py:2193} INFO - Starting attempt 1 of 6
[2024-03-21T01:30:30.867+0000] {taskinstance.py:2217} INFO - Executing <Task(PythonOperator): sptoify_to_csv> on 2024-03-21 01:29:00+00:00
[2024-03-21T01:30:30.876+0000] {standard_task_runner.py:60} INFO - Started process 1275 to run task
[2024-03-21T01:30:30.881+0000] {standard_task_runner.py:87} INFO - Running: ['***', 'tasks', 'run', 'spotify_to_s3_data_extraction_v1', 'sptoify_to_csv', 'scheduled__2024-03-21T01:29:00+00:00', '--job-id', '264', '--raw', '--subdir', 'DAGS_FOLDER/spotify_to_csvs_to_s3.py', '--cfg-path', '/tmp/tmpu8w23txo']
[2024-03-21T01:30:30.886+0000] {standard_task_runner.py:88} INFO - Job 264: Subtask sptoify_to_csv
[2024-03-21T01:30:30.944+0000] {task_command.py:423} INFO - Running <TaskInstance: spotify_to_s3_data_extraction_v1.sptoify_to_csv scheduled__2024-03-21T01:29:00+00:00 [running]> on host ca1809388db1
[2024-03-21T01:30:31.028+0000] {taskinstance.py:2513} INFO - Exporting env vars: AIRFLOW_CTX_DAG_OWNER='Nathaniel Solomon' AIRFLOW_CTX_DAG_ID='spotify_to_s3_data_extraction_v1' AIRFLOW_CTX_TASK_ID='sptoify_to_csv' AIRFLOW_CTX_EXECUTION_DATE='2024-03-21T01:29:00+00:00' AIRFLOW_CTX_TRY_NUMBER='1' AIRFLOW_CTX_DAG_RUN_ID='scheduled__2024-03-21T01:29:00+00:00'
[2024-03-21T01:30:31.030+0000] {logging_mixin.py:188} INFO - The extract function has been executed and this is data in the next line
[2024-03-21T01:30:31.031+0000] {logging_mixin.py:188} INFO - Initiating the Endpoint...
[2024-03-21T01:30:32.469+0000] {logging_mixin.py:188} INFO - Extracting other available tracks
[2024-03-21T01:30:40.138+0000] {logging_mixin.py:188} INFO - Adding the values of index 0 into the appropriate Keys...
[2024-03-21T01:30:41.880+0000] {logging_mixin.py:188} INFO - Adding the values of index 1 into the appropriate Keys...
[2024-03-21T01:30:43.233+0000] {logging_mixin.py:188} INFO - Adding the values of index 2 into the appropriate Keys...
[2024-03-21T01:30:44.392+0000] {logging_mixin.py:188} INFO - Adding the values of index 3 into the appropriate Keys...
[2024-03-21T01:30:45.758+0000] {logging_mixin.py:188} INFO - Adding the values of index 4 into the appropriate Keys...
[2024-03-21T01:30:46.989+0000] {logging_mixin.py:188} INFO - Adding the values of index 5 into the appropriate Keys...
[2024-03-21T01:30:48.055+0000] {logging_mixin.py:188} INFO - Adding the values of index 6 into the appropriate Keys...
[2024-03-21T01:30:49.628+0000] {logging_mixin.py:188} INFO - Adding the values of index 7 into the appropriate Keys...
[2024-03-21T01:30:50.876+0000] {logging_mixin.py:188} INFO - Adding the values of index 8 into the appropriate Keys...
[2024-03-21T01:30:52.257+0000] {logging_mixin.py:188} INFO - Adding the values of index 9 into the appropriate Keys...
[2024-03-21T01:30:53.422+0000] {logging_mixin.py:188} INFO - Done Extracting...
[2024-03-21T01:30:53.651+0000] {python.py:202} INFO - Done. Returned value was: None
[2024-03-21T01:30:54.135+0000] {taskinstance.py:1149} INFO - Marking task as SUCCESS. dag_id=spotify_to_s3_data_extraction_v1, task_id=sptoify_to_csv, execution_date=20240321T012900, start_date=20240321T013030, end_date=20240321T013054
[2024-03-21T01:30:54.604+0000] {local_task_job_runner.py:234} INFO - Task exited with return code 0
[2024-03-21T01:30:55.132+0000] {taskinstance.py:3312} INFO - 1 downstream tasks scheduled from follow-on schedule check
