[2024-03-20T13:33:01.356+0000] {taskinstance.py:1979} INFO - Dependencies all met for dep_context=non-requeueable deps ti=<TaskInstance: spotify_to_s3_data_extraction.create_s3_connection scheduled__2024-03-20T13:32:00+00:00 [queued]>
[2024-03-20T13:33:01.363+0000] {taskinstance.py:1979} INFO - Dependencies all met for dep_context=requeueable deps ti=<TaskInstance: spotify_to_s3_data_extraction.create_s3_connection scheduled__2024-03-20T13:32:00+00:00 [queued]>
[2024-03-20T13:33:01.364+0000] {taskinstance.py:2193} INFO - Starting attempt 1 of 6
[2024-03-20T13:33:01.376+0000] {taskinstance.py:2217} INFO - Executing <Task(PythonOperator): create_s3_connection> on 2024-03-20 13:32:00+00:00
[2024-03-20T13:33:01.381+0000] {standard_task_runner.py:60} INFO - Started process 1021 to run task
[2024-03-20T13:33:01.385+0000] {standard_task_runner.py:87} INFO - Running: ['***', 'tasks', 'run', 'spotify_to_s3_data_extraction', 'create_s3_connection', 'scheduled__2024-03-20T13:32:00+00:00', '--job-id', '50', '--raw', '--subdir', 'DAGS_FOLDER/spotify_to_csvs_to_s3.py', '--cfg-path', '/tmp/tmpiqk08c97']
[2024-03-20T13:33:01.387+0000] {standard_task_runner.py:88} INFO - Job 50: Subtask create_s3_connection
[2024-03-20T13:33:01.433+0000] {task_command.py:423} INFO - Running <TaskInstance: spotify_to_s3_data_extraction.create_s3_connection scheduled__2024-03-20T13:32:00+00:00 [running]> on host 1f7d9a6abca8
[2024-03-20T13:33:01.507+0000] {taskinstance.py:2513} INFO - Exporting env vars: AIRFLOW_CTX_DAG_OWNER='Nathaniel Solomon' AIRFLOW_CTX_DAG_ID='spotify_to_s3_data_extraction' AIRFLOW_CTX_TASK_ID='create_s3_connection' AIRFLOW_CTX_EXECUTION_DATE='2024-03-20T13:32:00+00:00' AIRFLOW_CTX_TRY_NUMBER='1' AIRFLOW_CTX_DAG_RUN_ID='scheduled__2024-03-20T13:32:00+00:00'
[2024-03-20T13:33:01.509+0000] {taskinstance.py:2731} ERROR - Task failed with exception
Traceback (most recent call last):
  File "/home/airflow/.local/lib/python3.8/site-packages/airflow/models/taskinstance.py", line 444, in _execute_task
    result = _execute_callable(context=context, **execute_callable_kwargs)
  File "/home/airflow/.local/lib/python3.8/site-packages/airflow/models/taskinstance.py", line 414, in _execute_callable
    return execute_callable(context=context, **execute_callable_kwargs)
  File "/home/airflow/.local/lib/python3.8/site-packages/airflow/operators/python.py", line 200, in execute
    return_value = self.execute_callable()
  File "/home/airflow/.local/lib/python3.8/site-packages/airflow/operators/python.py", line 217, in execute_callable
    return self.python_callable(*self.op_args, **self.op_kwargs)
  File "/opt/airflow/dags/spotify_to_csvs_to_s3.py", line 143, in _create_connection
    raise AirflowFailException("Environment variables were not passed")
airflow.exceptions.AirflowFailException: Environment variables were not passed
[2024-03-20T13:33:01.517+0000] {taskinstance.py:1149} INFO - Immediate failure requested. Marking task as FAILED. dag_id=spotify_to_s3_data_extraction, task_id=create_s3_connection, execution_date=20240320T133200, start_date=20240320T133301, end_date=20240320T133301
[2024-03-20T13:33:01.530+0000] {standard_task_runner.py:107} ERROR - Failed to execute job 50 for task create_s3_connection (Environment variables were not passed; 1021)
[2024-03-20T13:33:01.558+0000] {local_task_job_runner.py:234} INFO - Task exited with return code 1
[2024-03-20T13:33:01.579+0000] {taskinstance.py:3312} INFO - 0 downstream tasks scheduled from follow-on schedule check
