[2024-03-22T10:21:28.679+0000] {taskinstance.py:1979} INFO - Dependencies all met for dep_context=non-requeueable deps ti=<TaskInstance: spotify_to_s3_data_extraction_v1.sptoify_to_csv scheduled__2024-03-21T04:30:00+00:00 [queued]>
[2024-03-22T10:21:28.700+0000] {taskinstance.py:1979} INFO - Dependencies all met for dep_context=requeueable deps ti=<TaskInstance: spotify_to_s3_data_extraction_v1.sptoify_to_csv scheduled__2024-03-21T04:30:00+00:00 [queued]>
[2024-03-22T10:21:28.739+0000] {taskinstance.py:2193} INFO - Starting attempt 2 of 7
[2024-03-22T10:21:28.784+0000] {taskinstance.py:2217} INFO - Executing <Task(PythonOperator): sptoify_to_csv> on 2024-03-21 04:30:00+00:00
[2024-03-22T10:21:28.833+0000] {standard_task_runner.py:60} INFO - Started process 5659 to run task
[2024-03-22T10:21:28.841+0000] {standard_task_runner.py:87} INFO - Running: ['***', 'tasks', 'run', 'spotify_to_s3_data_extraction_v1', 'sptoify_to_csv', 'scheduled__2024-03-21T04:30:00+00:00', '--job-id', '1180', '--raw', '--subdir', 'DAGS_FOLDER/spotify_to_csvs_to_s3.py', '--cfg-path', '/tmp/tmp06wz061o']
[2024-03-22T10:21:28.855+0000] {standard_task_runner.py:88} INFO - Job 1180: Subtask sptoify_to_csv
[2024-03-22T10:21:29.029+0000] {task_command.py:423} INFO - Running <TaskInstance: spotify_to_s3_data_extraction_v1.sptoify_to_csv scheduled__2024-03-21T04:30:00+00:00 [running]> on host ca1809388db1
[2024-03-22T10:21:29.218+0000] {taskinstance.py:2513} INFO - Exporting env vars: AIRFLOW_CTX_DAG_OWNER='Nathaniel Solomon' AIRFLOW_CTX_DAG_ID='spotify_to_s3_data_extraction_v1' AIRFLOW_CTX_TASK_ID='sptoify_to_csv' AIRFLOW_CTX_EXECUTION_DATE='2024-03-21T04:30:00+00:00' AIRFLOW_CTX_TRY_NUMBER='2' AIRFLOW_CTX_DAG_RUN_ID='scheduled__2024-03-21T04:30:00+00:00'
[2024-03-22T10:21:29.222+0000] {logging_mixin.py:188} INFO - The extract function has been executed and this is data in the next line
[2024-03-22T10:21:29.223+0000] {logging_mixin.py:188} INFO - Initiating the Endpoint...
[2024-03-22T10:21:30.669+0000] {logging_mixin.py:188} INFO - Extracting other available tracks
[2024-03-22T10:21:55.810+0000] {logging_mixin.py:188} INFO - Adding the values of index 0 into the appropriate Keys...
[2024-03-22T10:22:01.334+0000] {logging_mixin.py:188} INFO - Adding the values of index 1 into the appropriate Keys...
[2024-03-22T10:22:10.601+0000] {logging_mixin.py:188} INFO - Adding the values of index 2 into the appropriate Keys...
[2024-03-22T10:22:11.470+0000] {logging_mixin.py:188} INFO - Adding the values of index 3 into the appropriate Keys...
[2024-03-22T10:22:20.579+0000] {logging_mixin.py:188} INFO - Adding the values of index 4 into the appropriate Keys...
[2024-03-22T10:22:21.560+0000] {logging_mixin.py:188} INFO - Adding the values of index 5 into the appropriate Keys...
[2024-03-22T10:22:22.330+0000] {logging_mixin.py:188} INFO - Adding the values of index 6 into the appropriate Keys...
[2024-03-22T10:22:23.697+0000] {logging_mixin.py:188} INFO - Adding the values of index 7 into the appropriate Keys...
[2024-03-22T10:22:24.609+0000] {logging_mixin.py:188} INFO - Adding the values of index 8 into the appropriate Keys...
[2024-03-22T10:22:25.591+0000] {logging_mixin.py:188} INFO - Adding the values of index 9 into the appropriate Keys...
[2024-03-22T10:22:30.827+0000] {logging_mixin.py:188} INFO - Done Extracting...
[2024-03-22T10:22:30.889+0000] {python.py:202} INFO - Done. Returned value was: None
[2024-03-22T10:22:30.968+0000] {taskinstance.py:1149} INFO - Marking task as SUCCESS. dag_id=spotify_to_s3_data_extraction_v1, task_id=sptoify_to_csv, execution_date=20240321T043000, start_date=20240322T102128, end_date=20240322T102230
[2024-03-22T10:22:31.074+0000] {local_task_job_runner.py:234} INFO - Task exited with return code 0
[2024-03-22T10:22:31.160+0000] {taskinstance.py:3312} INFO - 1 downstream tasks scheduled from follow-on schedule check
