[2024-03-21T04:31:39.597+0000] {taskinstance.py:1979} INFO - Dependencies all met for dep_context=non-requeueable deps ti=<TaskInstance: spotify_to_s3_data_extraction_v1.sptoify_to_csv scheduled__2024-03-21T04:30:00+00:00 [queued]>
[2024-03-21T04:31:39.609+0000] {taskinstance.py:1979} INFO - Dependencies all met for dep_context=requeueable deps ti=<TaskInstance: spotify_to_s3_data_extraction_v1.sptoify_to_csv scheduled__2024-03-21T04:30:00+00:00 [queued]>
[2024-03-21T04:31:39.610+0000] {taskinstance.py:2193} INFO - Starting attempt 1 of 6
[2024-03-21T04:31:39.628+0000] {taskinstance.py:2217} INFO - Executing <Task(PythonOperator): sptoify_to_csv> on 2024-03-21 04:30:00+00:00
[2024-03-21T04:31:39.637+0000] {standard_task_runner.py:60} INFO - Started process 1824 to run task
[2024-03-21T04:31:39.641+0000] {standard_task_runner.py:87} INFO - Running: ['***', 'tasks', 'run', 'spotify_to_s3_data_extraction_v1', 'sptoify_to_csv', 'scheduled__2024-03-21T04:30:00+00:00', '--job-id', '343', '--raw', '--subdir', 'DAGS_FOLDER/spotify_to_csvs_to_s3.py', '--cfg-path', '/tmp/tmp397syq29']
[2024-03-21T04:31:39.645+0000] {standard_task_runner.py:88} INFO - Job 343: Subtask sptoify_to_csv
[2024-03-21T04:31:39.704+0000] {task_command.py:423} INFO - Running <TaskInstance: spotify_to_s3_data_extraction_v1.sptoify_to_csv scheduled__2024-03-21T04:30:00+00:00 [running]> on host ca1809388db1
[2024-03-21T04:31:39.801+0000] {taskinstance.py:2513} INFO - Exporting env vars: AIRFLOW_CTX_DAG_OWNER='Nathaniel Solomon' AIRFLOW_CTX_DAG_ID='spotify_to_s3_data_extraction_v1' AIRFLOW_CTX_TASK_ID='sptoify_to_csv' AIRFLOW_CTX_EXECUTION_DATE='2024-03-21T04:30:00+00:00' AIRFLOW_CTX_TRY_NUMBER='1' AIRFLOW_CTX_DAG_RUN_ID='scheduled__2024-03-21T04:30:00+00:00'
[2024-03-21T04:31:39.804+0000] {logging_mixin.py:188} INFO - The extract function has been executed and this is data in the next line
[2024-03-21T04:31:39.806+0000] {logging_mixin.py:188} INFO - Initiating the Endpoint...
[2024-03-21T04:31:40.240+0000] {logging_mixin.py:188} INFO - Extracting other available tracks
[2024-03-21T04:31:48.556+0000] {logging_mixin.py:188} INFO - Adding the values of index 0 into the appropriate Keys...
[2024-03-21T04:31:50.086+0000] {logging_mixin.py:188} INFO - Adding the values of index 1 into the appropriate Keys...
[2024-03-21T04:31:51.419+0000] {logging_mixin.py:188} INFO - Adding the values of index 2 into the appropriate Keys...
[2024-03-21T04:31:52.491+0000] {logging_mixin.py:188} INFO - Adding the values of index 3 into the appropriate Keys...
[2024-03-21T04:31:53.671+0000] {logging_mixin.py:188} INFO - Adding the values of index 4 into the appropriate Keys...
[2024-03-21T04:31:54.830+0000] {logging_mixin.py:188} INFO - Adding the values of index 5 into the appropriate Keys...
[2024-03-21T04:31:56.202+0000] {logging_mixin.py:188} INFO - Adding the values of index 6 into the appropriate Keys...
[2024-03-21T04:31:57.624+0000] {logging_mixin.py:188} INFO - Adding the values of index 7 into the appropriate Keys...
[2024-03-21T04:31:58.909+0000] {logging_mixin.py:188} INFO - Adding the values of index 8 into the appropriate Keys...
[2024-03-21T04:32:00.090+0000] {logging_mixin.py:188} INFO - Adding the values of index 9 into the appropriate Keys...
[2024-03-21T04:32:01.382+0000] {logging_mixin.py:188} INFO - Done Extracting...
[2024-03-21T04:32:01.774+0000] {python.py:202} INFO - Done. Returned value was: None
[2024-03-21T04:32:02.010+0000] {taskinstance.py:1149} INFO - Marking task as SUCCESS. dag_id=spotify_to_s3_data_extraction_v1, task_id=sptoify_to_csv, execution_date=20240321T043000, start_date=20240321T043139, end_date=20240321T043202
[2024-03-21T04:32:02.536+0000] {local_task_job_runner.py:234} INFO - Task exited with return code 0
[2024-03-21T04:32:03.349+0000] {taskinstance.py:3312} INFO - 1 downstream tasks scheduled from follow-on schedule check
