[2024-03-29T08:52:11.098+0000] {taskinstance.py:1979} INFO - Dependencies all met for dep_context=non-requeueable deps ti=<TaskInstance: billboard_to_spotify_to_s3_extractionV1.sptoify_to_csv scheduled__2024-03-28T00:00:00+00:00 [queued]>
[2024-03-29T08:52:11.112+0000] {taskinstance.py:1979} INFO - Dependencies all met for dep_context=requeueable deps ti=<TaskInstance: billboard_to_spotify_to_s3_extractionV1.sptoify_to_csv scheduled__2024-03-28T00:00:00+00:00 [queued]>
[2024-03-29T08:52:11.113+0000] {taskinstance.py:2193} INFO - Starting attempt 7 of 12
[2024-03-29T08:52:11.134+0000] {taskinstance.py:2217} INFO - Executing <Task(PythonOperator): sptoify_to_csv> on 2024-03-28 00:00:00+00:00
[2024-03-29T08:52:11.151+0000] {standard_task_runner.py:60} INFO - Started process 214 to run task
[2024-03-29T08:52:11.157+0000] {standard_task_runner.py:87} INFO - Running: ['***', 'tasks', 'run', 'billboard_to_spotify_to_s3_extractionV1', 'sptoify_to_csv', 'scheduled__2024-03-28T00:00:00+00:00', '--job-id', '1505', '--raw', '--subdir', 'DAGS_FOLDER/billboard_to_spotify_to_csvs_to_s3.py', '--cfg-path', '/tmp/tmpnc0gv2y_']
[2024-03-29T08:52:11.161+0000] {standard_task_runner.py:88} INFO - Job 1505: Subtask sptoify_to_csv
[2024-03-29T08:52:11.247+0000] {task_command.py:423} INFO - Running <TaskInstance: billboard_to_spotify_to_s3_extractionV1.sptoify_to_csv scheduled__2024-03-28T00:00:00+00:00 [running]> on host bdb7303f046f
[2024-03-29T08:52:11.410+0000] {taskinstance.py:2513} INFO - Exporting env vars: AIRFLOW_CTX_DAG_OWNER='Nathaniel Solomon' AIRFLOW_CTX_DAG_ID='billboard_to_spotify_to_s3_extractionV1' AIRFLOW_CTX_TASK_ID='sptoify_to_csv' AIRFLOW_CTX_EXECUTION_DATE='2024-03-28T00:00:00+00:00' AIRFLOW_CTX_TRY_NUMBER='7' AIRFLOW_CTX_DAG_RUN_ID='scheduled__2024-03-28T00:00:00+00:00'
[2024-03-29T08:52:11.437+0000] {logging_mixin.py:188} INFO - GOT THE TOP ARTISTS DAT FROM XCOM
[2024-03-29T08:52:11.454+0000] {logging_mixin.py:188} INFO - GETTING ARTISTS BIO DATA
[2024-03-29T08:52:11.942+0000] {logging_mixin.py:188} INFO - GETTING ARTISTS ALBUMS DATA
[2024-03-29T08:52:12.288+0000] {logging_mixin.py:188} INFO - Taylor Swift has appeared on a total of 385 albums
[2024-03-29T08:52:12.290+0000] {logging_mixin.py:188} INFO -  Now stagging the albums ...
[2024-03-29T08:52:18.564+0000] {logging_mixin.py:188} INFO -  Taylor Swift albums stagged ... 
[2024-03-29T08:52:18.595+0000] {logging_mixin.py:188} INFO -  transforming Taylor Swift albums data ... 
[2024-03-29T08:52:18.596+0000] {logging_mixin.py:188} INFO - GETTING ALBUMS TRACKS DATA
[2024-03-29T08:52:18.857+0000] {logging_mixin.py:188} INFO -  Now stagging the tracks ...
[2024-03-29T08:52:18.858+0000] {logging_mixin.py:188} INFO -  1989 (Taylor's Version) [Deluxe] tracks stagged ... 
[2024-03-29T08:52:18.860+0000] {logging_mixin.py:188} INFO -  transforming 1989 (Taylor's Version) [Deluxe] tracks data ... 
[2024-03-29T08:52:20.764+0000] {logging_mixin.py:188} INFO - GETTING ALBUMS TRACKS DATA
[2024-03-29T08:52:21.002+0000] {logging_mixin.py:188} INFO -  Now stagging the tracks ...
[2024-03-29T08:52:21.006+0000] {logging_mixin.py:188} INFO -  1989 (Taylor's Version) tracks stagged ... 
[2024-03-29T08:52:21.010+0000] {logging_mixin.py:188} INFO -  transforming 1989 (Taylor's Version) tracks data ... 
[2024-03-29T08:52:23.086+0000] {logging_mixin.py:188} INFO - GETTING ALBUMS TRACKS DATA
[2024-03-29T08:52:23.593+0000] {logging_mixin.py:188} INFO -  Now stagging the tracks ...
[2024-03-29T08:52:23.594+0000] {logging_mixin.py:188} INFO -  Speak Now (Taylor's Version) tracks stagged ... 
[2024-03-29T08:52:23.595+0000] {logging_mixin.py:188} INFO -  transforming Speak Now (Taylor's Version) tracks data ... 
[2024-03-29T08:52:25.697+0000] {logging_mixin.py:188} INFO - GETTING ALBUMS TRACKS DATA
[2024-03-29T08:52:26.072+0000] {logging_mixin.py:188} INFO -  Now stagging the tracks ...
[2024-03-29T08:52:26.074+0000] {logging_mixin.py:188} INFO -  Midnights (The Til Dawn Edition) tracks stagged ... 
[2024-03-29T08:52:26.074+0000] {logging_mixin.py:188} INFO -  transforming Midnights (The Til Dawn Edition) tracks data ... 
[2024-03-29T08:52:28.280+0000] {logging_mixin.py:188} INFO - GETTING ALBUMS TRACKS DATA
[2024-03-29T08:52:28.551+0000] {logging_mixin.py:188} INFO -  Now stagging the tracks ...
[2024-03-29T08:52:28.554+0000] {logging_mixin.py:188} INFO -  Midnights (3am Edition) tracks stagged ... 
[2024-03-29T08:52:28.557+0000] {logging_mixin.py:188} INFO -  transforming Midnights (3am Edition) tracks data ... 
[2024-03-29T08:52:30.326+0000] {logging_mixin.py:188} INFO - GETTING ALBUMS TRACKS DATA
[2024-03-29T08:52:30.655+0000] {logging_mixin.py:188} INFO -  Now stagging the tracks ...
[2024-03-29T08:52:30.657+0000] {logging_mixin.py:188} INFO -  Midnights tracks stagged ... 
[2024-03-29T08:52:30.658+0000] {logging_mixin.py:188} INFO -  transforming Midnights tracks data ... 
[2024-03-29T08:52:32.461+0000] {logging_mixin.py:188} INFO - GETTING ALBUMS TRACKS DATA
[2024-03-29T08:52:32.802+0000] {logging_mixin.py:188} INFO -  Now stagging the tracks ...
[2024-03-29T08:52:32.803+0000] {logging_mixin.py:188} INFO -  Red (Taylor's Version) tracks stagged ... 
[2024-03-29T08:52:32.804+0000] {logging_mixin.py:188} INFO -  transforming Red (Taylor's Version) tracks data ... 
[2024-03-29T08:52:34.643+0000] {logging_mixin.py:188} INFO - GETTING ALBUMS TRACKS DATA
[2024-03-29T08:52:34.947+0000] {logging_mixin.py:188} INFO -  Now stagging the tracks ...
[2024-03-29T08:52:34.948+0000] {logging_mixin.py:188} INFO -  Fearless (Taylor's Version) tracks stagged ... 
[2024-03-29T08:52:34.950+0000] {logging_mixin.py:188} INFO -  transforming Fearless (Taylor's Version) tracks data ... 
[2024-03-29T08:52:36.716+0000] {logging_mixin.py:188} INFO - GETTING ALBUMS TRACKS DATA
[2024-03-29T08:52:37.313+0000] {logging_mixin.py:188} INFO -  Now stagging the tracks ...
[2024-03-29T08:52:37.314+0000] {logging_mixin.py:188} INFO -  evermore (deluxe version) tracks stagged ... 
[2024-03-29T08:52:37.316+0000] {logging_mixin.py:188} INFO -  transforming evermore (deluxe version) tracks data ... 
[2024-03-29T08:52:39.326+0000] {logging_mixin.py:188} INFO - GETTING ALBUMS TRACKS DATA
[2024-03-29T08:52:39.562+0000] {logging_mixin.py:188} INFO -  Now stagging the tracks ...
[2024-03-29T08:52:39.564+0000] {logging_mixin.py:188} INFO -  evermore tracks stagged ... 
[2024-03-29T08:52:39.566+0000] {logging_mixin.py:188} INFO -  transforming evermore tracks data ... 
[2024-03-29T08:52:41.400+0000] {logging_mixin.py:188} INFO - DONE WITH Taylor Swift NOW MOVING TO NEXT ARTIST
[2024-03-29T08:52:41.620+0000] {logging_mixin.py:188} INFO - GETTING ARTISTS ALBUMS DATA
[2024-03-29T08:52:42.228+0000] {logging_mixin.py:188} INFO - Kacey Musgraves has appeared on a total of 680 albums
[2024-03-29T08:52:42.249+0000] {logging_mixin.py:188} INFO -  Now stagging the albums ...
[2024-03-29T08:52:56.658+0000] {logging_mixin.py:188} INFO -  Kacey Musgraves albums stagged ... 
[2024-03-29T08:52:56.685+0000] {logging_mixin.py:188} INFO -  transforming Kacey Musgraves albums data ... 
[2024-03-29T08:52:56.700+0000] {logging_mixin.py:188} INFO - GETTING ALBUMS TRACKS DATA
[2024-03-29T08:52:57.064+0000] {logging_mixin.py:188} INFO -  Now stagging the tracks ...
[2024-03-29T08:52:57.066+0000] {logging_mixin.py:188} INFO -  Deeper Well tracks stagged ... 
[2024-03-29T08:52:57.067+0000] {logging_mixin.py:188} INFO -  transforming Deeper Well tracks data ... 
[2024-03-29T08:52:58.793+0000] {logging_mixin.py:188} INFO - GETTING ALBUMS TRACKS DATA
[2024-03-29T08:52:59.118+0000] {logging_mixin.py:188} INFO -  Now stagging the tracks ...
[2024-03-29T08:52:59.127+0000] {logging_mixin.py:188} INFO -  star-crossed tracks stagged ... 
[2024-03-29T08:52:59.131+0000] {logging_mixin.py:188} INFO -  transforming star-crossed tracks data ... 
[2024-03-29T08:53:01.091+0000] {logging_mixin.py:188} INFO - GETTING ALBUMS TRACKS DATA
[2024-03-29T08:53:01.391+0000] {logging_mixin.py:188} INFO -  Now stagging the tracks ...
[2024-03-29T08:53:01.393+0000] {logging_mixin.py:188} INFO -  The Kacey Musgraves Christmas Show tracks stagged ... 
[2024-03-29T08:53:01.395+0000] {logging_mixin.py:188} INFO -  transforming The Kacey Musgraves Christmas Show tracks data ... 
[2024-03-29T08:53:03.215+0000] {logging_mixin.py:188} INFO - GETTING ALBUMS TRACKS DATA
[2024-03-29T08:53:03.446+0000] {logging_mixin.py:188} INFO -  Now stagging the tracks ...
[2024-03-29T08:53:03.448+0000] {logging_mixin.py:188} INFO -  Golden Hour tracks stagged ... 
[2024-03-29T08:53:03.450+0000] {logging_mixin.py:188} INFO -  transforming Golden Hour tracks data ... 
[2024-03-29T08:53:05.250+0000] {logging_mixin.py:188} INFO - GETTING ALBUMS TRACKS DATA
[2024-03-29T08:53:05.526+0000] {logging_mixin.py:188} INFO -  Now stagging the tracks ...
[2024-03-29T08:53:05.528+0000] {logging_mixin.py:188} INFO -  A Very Kacey Christmas tracks stagged ... 
[2024-03-29T08:53:05.528+0000] {logging_mixin.py:188} INFO -  transforming A Very Kacey Christmas tracks data ... 
[2024-03-29T08:53:07.395+0000] {logging_mixin.py:188} INFO - GETTING ALBUMS TRACKS DATA
[2024-03-29T08:53:07.631+0000] {logging_mixin.py:188} INFO -  Now stagging the tracks ...
[2024-03-29T08:53:07.633+0000] {logging_mixin.py:188} INFO -  Pageant Material tracks stagged ... 
[2024-03-29T08:53:07.634+0000] {logging_mixin.py:188} INFO -  transforming Pageant Material tracks data ... 
[2024-03-29T08:53:09.454+0000] {logging_mixin.py:188} INFO - GETTING ALBUMS TRACKS DATA
[2024-03-29T08:53:09.687+0000] {logging_mixin.py:188} INFO -  Now stagging the tracks ...
[2024-03-29T08:53:09.688+0000] {logging_mixin.py:188} INFO -  Same Trailer Different Park tracks stagged ... 
[2024-03-29T08:53:09.690+0000] {logging_mixin.py:188} INFO -  transforming Same Trailer Different Park tracks data ... 
[2024-03-29T08:53:11.473+0000] {logging_mixin.py:188} INFO - GETTING ALBUMS TRACKS DATA
[2024-03-29T08:53:11.680+0000] {logging_mixin.py:188} INFO -  Now stagging the tracks ...
[2024-03-29T08:53:11.681+0000] {logging_mixin.py:188} INFO -  Three Little Birds (Bob Marley: One Love - Music Inspired By The Film) tracks stagged ... 
[2024-03-29T08:53:11.682+0000] {logging_mixin.py:188} INFO -  transforming Three Little Birds (Bob Marley: One Love - Music Inspired By The Film) tracks data ... 
[2024-03-29T08:53:11.854+0000] {logging_mixin.py:188} INFO - GETTING ALBUMS TRACKS DATA
[2024-03-29T08:53:12.050+0000] {logging_mixin.py:188} INFO -  Now stagging the tracks ...
[2024-03-29T08:53:12.051+0000] {logging_mixin.py:188} INFO -  Don't Do Me Good tracks stagged ... 
[2024-03-29T08:53:12.052+0000] {logging_mixin.py:188} INFO -  transforming Don't Do Me Good tracks data ... 
[2024-03-29T08:53:12.459+0000] {logging_mixin.py:188} INFO - GETTING ALBUMS TRACKS DATA
[2024-03-29T08:53:12.766+0000] {logging_mixin.py:188} INFO -  Now stagging the tracks ...
[2024-03-29T08:53:12.768+0000] {logging_mixin.py:188} INFO -  She Calls Me Back (with Kacey Musgraves) tracks stagged ... 
[2024-03-29T08:53:12.769+0000] {logging_mixin.py:188} INFO -  transforming She Calls Me Back (with Kacey Musgraves) tracks data ... 
[2024-03-29T08:53:13.094+0000] {logging_mixin.py:188} INFO - DONE WITH Kacey Musgraves NOW MOVING TO NEXT ARTIST
[2024-03-29T08:53:13.393+0000] {logging_mixin.py:188} INFO - GETTING ARTISTS ALBUMS DATA
[2024-03-29T08:53:13.755+0000] {logging_mixin.py:188} INFO - Ariana Grande has appeared on a total of 416 albums
[2024-03-29T08:53:13.760+0000] {logging_mixin.py:188} INFO -  Now stagging the albums ...
[2024-03-29T08:53:20.983+0000] {logging_mixin.py:188} INFO -  Ariana Grande albums stagged ... 
[2024-03-29T08:53:20.985+0000] {logging_mixin.py:188} INFO -  transforming Ariana Grande albums data ... 
[2024-03-29T08:53:20.986+0000] {logging_mixin.py:188} INFO - GETTING ALBUMS TRACKS DATA
[2024-03-29T08:53:21.277+0000] {logging_mixin.py:188} INFO -  Now stagging the tracks ...
[2024-03-29T08:53:21.278+0000] {logging_mixin.py:188} INFO -  eternal sunshine (slightly deluxe) tracks stagged ... 
[2024-03-29T08:53:21.279+0000] {logging_mixin.py:188} INFO -  transforming eternal sunshine (slightly deluxe) tracks data ... 
[2024-03-29T08:53:23.106+0000] {logging_mixin.py:188} INFO - GETTING ALBUMS TRACKS DATA
[2024-03-29T08:53:23.320+0000] {logging_mixin.py:188} INFO -  Now stagging the tracks ...
[2024-03-29T08:53:23.321+0000] {logging_mixin.py:188} INFO -  eternal sunshine tracks stagged ... 
[2024-03-29T08:53:23.323+0000] {logging_mixin.py:188} INFO -  transforming eternal sunshine tracks data ... 
[2024-03-29T08:53:25.389+0000] {logging_mixin.py:188} INFO - GETTING ALBUMS TRACKS DATA
[2024-03-29T08:53:25.619+0000] {logging_mixin.py:188} INFO -  Now stagging the tracks ...
[2024-03-29T08:53:25.620+0000] {logging_mixin.py:188} INFO -  Yours Truly (Tenth Anniversary Edition) tracks stagged ... 
[2024-03-29T08:53:25.620+0000] {logging_mixin.py:188} INFO -  transforming Yours Truly (Tenth Anniversary Edition) tracks data ... 
[2024-03-29T08:53:27.420+0000] {logging_mixin.py:188} INFO - GETTING ALBUMS TRACKS DATA
[2024-03-29T08:53:27.640+0000] {logging_mixin.py:188} INFO -  Now stagging the tracks ...
[2024-03-29T08:53:27.643+0000] {logging_mixin.py:188} INFO -  Positions (Deluxe) tracks stagged ... 
[2024-03-29T08:53:27.646+0000] {logging_mixin.py:188} INFO -  transforming Positions (Deluxe) tracks data ... 
[2024-03-29T08:53:29.400+0000] {logging_mixin.py:188} INFO - GETTING ALBUMS TRACKS DATA
[2024-03-29T08:53:29.733+0000] {logging_mixin.py:188} INFO -  Now stagging the tracks ...
[2024-03-29T08:53:29.734+0000] {logging_mixin.py:188} INFO -  Positions tracks stagged ... 
[2024-03-29T08:53:29.735+0000] {logging_mixin.py:188} INFO -  transforming Positions tracks data ... 
[2024-03-29T08:53:31.516+0000] {logging_mixin.py:188} INFO - GETTING ALBUMS TRACKS DATA
[2024-03-29T08:53:31.806+0000] {logging_mixin.py:188} INFO -  Now stagging the tracks ...
[2024-03-29T08:53:31.808+0000] {logging_mixin.py:188} INFO -  k bye for now (swt live) tracks stagged ... 
[2024-03-29T08:53:31.810+0000] {logging_mixin.py:188} INFO -  transforming k bye for now (swt live) tracks data ... 
[2024-03-29T08:53:33.602+0000] {logging_mixin.py:188} INFO - GETTING ALBUMS TRACKS DATA
[2024-03-29T08:53:33.812+0000] {logging_mixin.py:188} INFO -  Now stagging the tracks ...
[2024-03-29T08:53:33.814+0000] {logging_mixin.py:188} INFO -  thank u, next tracks stagged ... 
[2024-03-29T08:53:33.815+0000] {logging_mixin.py:188} INFO -  transforming thank u, next tracks data ... 
[2024-03-29T08:53:35.841+0000] {logging_mixin.py:188} INFO - GETTING ALBUMS TRACKS DATA
[2024-03-29T08:53:36.073+0000] {logging_mixin.py:188} INFO -  Now stagging the tracks ...
[2024-03-29T08:53:36.074+0000] {logging_mixin.py:188} INFO -  Sweetener tracks stagged ... 
[2024-03-29T08:53:36.075+0000] {logging_mixin.py:188} INFO -  transforming Sweetener tracks data ... 
[2024-03-29T08:53:38.019+0000] {logging_mixin.py:188} INFO - GETTING ALBUMS TRACKS DATA
[2024-03-29T08:53:38.296+0000] {logging_mixin.py:188} INFO -  Now stagging the tracks ...
[2024-03-29T08:53:38.299+0000] {logging_mixin.py:188} INFO -  Dangerous Woman tracks stagged ... 
[2024-03-29T08:53:38.300+0000] {logging_mixin.py:188} INFO -  transforming Dangerous Woman tracks data ... 
[2024-03-29T08:53:40.169+0000] {logging_mixin.py:188} INFO - GETTING ALBUMS TRACKS DATA
[2024-03-29T08:53:40.483+0000] {logging_mixin.py:188} INFO -  Now stagging the tracks ...
[2024-03-29T08:53:40.484+0000] {logging_mixin.py:188} INFO -  My Everything (Deluxe) tracks stagged ... 
[2024-03-29T08:53:40.485+0000] {logging_mixin.py:188} INFO -  transforming My Everything (Deluxe) tracks data ... 
[2024-03-29T08:53:42.231+0000] {logging_mixin.py:188} INFO - DONE WITH Ariana Grande NOW MOVING TO NEXT ARTIST
[2024-03-29T08:53:42.490+0000] {logging_mixin.py:188} INFO - GETTING ARTISTS ALBUMS DATA
[2024-03-29T08:53:42.841+0000] {logging_mixin.py:188} INFO - Justin Timberlake has appeared on a total of 341 albums
[2024-03-29T08:53:42.848+0000] {logging_mixin.py:188} INFO -  Now stagging the albums ...
[2024-03-29T08:53:49.316+0000] {logging_mixin.py:188} INFO -  Justin Timberlake albums stagged ... 
[2024-03-29T08:53:49.317+0000] {logging_mixin.py:188} INFO -  transforming Justin Timberlake albums data ... 
[2024-03-29T08:53:49.319+0000] {logging_mixin.py:188} INFO - GETTING ALBUMS TRACKS DATA
[2024-03-29T08:53:49.799+0000] {logging_mixin.py:188} INFO -  Now stagging the tracks ...
[2024-03-29T08:53:49.800+0000] {logging_mixin.py:188} INFO -  Everything I Thought It Was tracks stagged ... 
[2024-03-29T08:53:49.801+0000] {logging_mixin.py:188} INFO -  transforming Everything I Thought It Was tracks data ... 
[2024-03-29T08:53:51.557+0000] {logging_mixin.py:188} INFO - GETTING ALBUMS TRACKS DATA
[2024-03-29T08:53:51.767+0000] {logging_mixin.py:188} INFO -  Now stagging the tracks ...
[2024-03-29T08:53:51.768+0000] {logging_mixin.py:188} INFO -  Man of the Woods tracks stagged ... 
[2024-03-29T08:53:51.769+0000] {logging_mixin.py:188} INFO -  transforming Man of the Woods tracks data ... 
[2024-03-29T08:53:53.536+0000] {logging_mixin.py:188} INFO - GETTING ALBUMS TRACKS DATA
[2024-03-29T08:53:53.898+0000] {logging_mixin.py:188} INFO -  Now stagging the tracks ...
[2024-03-29T08:53:53.899+0000] {logging_mixin.py:188} INFO -  The Book of Love (Original Motion Picture Soundtrack) tracks stagged ... 
[2024-03-29T08:53:53.899+0000] {logging_mixin.py:188} INFO -  transforming The Book of Love (Original Motion Picture Soundtrack) tracks data ... 
[2024-03-29T08:53:55.684+0000] {logging_mixin.py:188} INFO - GETTING ALBUMS TRACKS DATA
[2024-03-29T08:53:55.905+0000] {logging_mixin.py:188} INFO -  Now stagging the tracks ...
[2024-03-29T08:53:55.906+0000] {logging_mixin.py:188} INFO -  The 20/20 Experience - 2 of 2 (Deluxe) tracks stagged ... 
[2024-03-29T08:53:55.907+0000] {logging_mixin.py:188} INFO -  transforming The 20/20 Experience - 2 of 2 (Deluxe) tracks data ... 
[2024-03-29T08:53:57.866+0000] {logging_mixin.py:188} INFO - GETTING ALBUMS TRACKS DATA
[2024-03-29T08:53:58.095+0000] {logging_mixin.py:188} INFO -  Now stagging the tracks ...
[2024-03-29T08:53:58.096+0000] {logging_mixin.py:188} INFO -  The 20/20 Experience (Deluxe Version) tracks stagged ... 
[2024-03-29T08:53:58.096+0000] {logging_mixin.py:188} INFO -  transforming The 20/20 Experience (Deluxe Version) tracks data ... 
[2024-03-29T08:54:00.104+0000] {logging_mixin.py:188} INFO - GETTING ALBUMS TRACKS DATA
[2024-03-29T08:54:00.447+0000] {logging_mixin.py:188} INFO -  Now stagging the tracks ...
[2024-03-29T08:54:00.448+0000] {logging_mixin.py:188} INFO -  12" Masters - The Essential Mixes tracks stagged ... 
[2024-03-29T08:54:00.449+0000] {logging_mixin.py:188} INFO -  transforming 12" Masters - The Essential Mixes tracks data ... 
[2024-03-29T08:54:02.276+0000] {logging_mixin.py:188} INFO - GETTING ALBUMS TRACKS DATA
[2024-03-29T08:54:02.528+0000] {logging_mixin.py:188} INFO -  Now stagging the tracks ...
[2024-03-29T08:54:02.529+0000] {logging_mixin.py:188} INFO -  FutureSex/LoveSounds Deluxe Edition tracks stagged ... 
[2024-03-29T08:54:02.530+0000] {logging_mixin.py:188} INFO -  transforming FutureSex/LoveSounds Deluxe Edition tracks data ... 
[2024-03-29T08:54:04.270+0000] {logging_mixin.py:188} INFO - GETTING ALBUMS TRACKS DATA
[2024-03-29T08:54:04.489+0000] {logging_mixin.py:188} INFO -  Now stagging the tracks ...
[2024-03-29T08:54:04.490+0000] {logging_mixin.py:188} INFO -  FutureSex/LoveSounds tracks stagged ... 
[2024-03-29T08:54:04.491+0000] {logging_mixin.py:188} INFO -  transforming FutureSex/LoveSounds tracks data ... 
[2024-03-29T08:54:06.224+0000] {logging_mixin.py:188} INFO - GETTING ALBUMS TRACKS DATA
[2024-03-29T08:54:06.439+0000] {logging_mixin.py:188} INFO -  Now stagging the tracks ...
[2024-03-29T08:54:06.440+0000] {logging_mixin.py:188} INFO -  Justified tracks stagged ... 
[2024-03-29T08:54:06.441+0000] {logging_mixin.py:188} INFO -  transforming Justified tracks data ... 
[2024-03-29T08:54:08.174+0000] {logging_mixin.py:188} INFO - GETTING ALBUMS TRACKS DATA
[2024-03-29T08:54:08.397+0000] {logging_mixin.py:188} INFO -  Now stagging the tracks ...
[2024-03-29T08:54:08.398+0000] {logging_mixin.py:188} INFO -  Drown tracks stagged ... 
[2024-03-29T08:54:08.399+0000] {logging_mixin.py:188} INFO -  transforming Drown tracks data ... 
[2024-03-29T08:54:08.580+0000] {logging_mixin.py:188} INFO - DONE WITH Justin Timberlake NOW MOVING TO NEXT ARTIST
[2024-03-29T08:54:08.785+0000] {logging_mixin.py:188} INFO - GETTING ARTISTS ALBUMS DATA
[2024-03-29T08:54:09.066+0000] {logging_mixin.py:188} INFO - Morgan Wallen has appeared on a total of 66 albums
[2024-03-29T08:54:09.070+0000] {logging_mixin.py:188} INFO -  Now stagging the albums ...
[2024-03-29T08:54:09.728+0000] {logging_mixin.py:188} INFO -  Morgan Wallen albums stagged ... 
[2024-03-29T08:54:09.730+0000] {logging_mixin.py:188} INFO -  transforming Morgan Wallen albums data ... 
[2024-03-29T08:54:09.731+0000] {logging_mixin.py:188} INFO - GETTING ALBUMS TRACKS DATA
[2024-03-29T08:54:09.937+0000] {logging_mixin.py:188} INFO -  Now stagging the tracks ...
[2024-03-29T08:54:09.938+0000] {logging_mixin.py:188} INFO -  Stand Alone (10th Anniversary Deluxe Edition) tracks stagged ... 
[2024-03-29T08:54:09.940+0000] {logging_mixin.py:188} INFO -  transforming Stand Alone (10th Anniversary Deluxe Edition) tracks data ... 
[2024-03-29T08:54:11.883+0000] {logging_mixin.py:188} INFO - GETTING ALBUMS TRACKS DATA
[2024-03-29T08:54:12.275+0000] {logging_mixin.py:188} INFO -  Now stagging the tracks ...
[2024-03-29T08:54:12.277+0000] {logging_mixin.py:188} INFO -  One Thing At A Time tracks stagged ... 
[2024-03-29T08:54:12.279+0000] {logging_mixin.py:188} INFO -  transforming One Thing At A Time tracks data ... 
[2024-03-29T08:54:14.325+0000] {logging_mixin.py:188} INFO - GETTING ALBUMS TRACKS DATA
[2024-03-29T08:54:14.635+0000] {logging_mixin.py:188} INFO -  Now stagging the tracks ...
[2024-03-29T08:54:14.637+0000] {logging_mixin.py:188} INFO -  Dangerous: The Double Album (Bonus) tracks stagged ... 
[2024-03-29T08:54:14.641+0000] {logging_mixin.py:188} INFO -  transforming Dangerous: The Double Album (Bonus) tracks data ... 
[2024-03-29T08:54:16.470+0000] {logging_mixin.py:188} INFO - GETTING ALBUMS TRACKS DATA
[2024-03-29T08:54:16.829+0000] {logging_mixin.py:188} INFO -  Now stagging the tracks ...
[2024-03-29T08:54:16.830+0000] {logging_mixin.py:188} INFO -  Dangerous: The Double Album tracks stagged ... 
[2024-03-29T08:54:16.833+0000] {logging_mixin.py:188} INFO -  transforming Dangerous: The Double Album tracks data ... 
[2024-03-29T08:54:18.754+0000] {logging_mixin.py:188} INFO - GETTING ALBUMS TRACKS DATA
[2024-03-29T08:54:18.981+0000] {logging_mixin.py:188} INFO -  Now stagging the tracks ...
[2024-03-29T08:54:18.983+0000] {logging_mixin.py:188} INFO -  If I Know Me tracks stagged ... 
[2024-03-29T08:54:18.985+0000] {logging_mixin.py:188} INFO -  transforming If I Know Me tracks data ... 
[2024-03-29T08:54:20.811+0000] {logging_mixin.py:188} INFO - GETTING ALBUMS TRACKS DATA
[2024-03-29T08:54:21.028+0000] {logging_mixin.py:188} INFO -  Now stagging the tracks ...
[2024-03-29T08:54:21.031+0000] {logging_mixin.py:188} INFO -  Spin You Around (1/24) tracks stagged ... 
[2024-03-29T08:54:21.032+0000] {logging_mixin.py:188} INFO -  transforming Spin You Around (1/24) tracks data ... 
[2024-03-29T08:54:21.232+0000] {logging_mixin.py:188} INFO - GETTING ALBUMS TRACKS DATA
[2024-03-29T08:54:21.417+0000] {logging_mixin.py:188} INFO -  Now stagging the tracks ...
[2024-03-29T08:54:21.420+0000] {logging_mixin.py:188} INFO -  Mamaw's House tracks stagged ... 
[2024-03-29T08:54:21.423+0000] {logging_mixin.py:188} INFO -  transforming Mamaw's House tracks data ... 
[2024-03-29T08:54:21.614+0000] {logging_mixin.py:188} INFO - GETTING ALBUMS TRACKS DATA
[2024-03-29T08:54:21.819+0000] {logging_mixin.py:188} INFO -  Now stagging the tracks ...
[2024-03-29T08:54:21.821+0000] {logging_mixin.py:188} INFO -  3 Songs At A Time Sampler tracks stagged ... 
[2024-03-29T08:54:21.823+0000] {logging_mixin.py:188} INFO -  transforming 3 Songs At A Time Sampler tracks data ... 
[2024-03-29T08:54:22.360+0000] {logging_mixin.py:188} INFO - GETTING ALBUMS TRACKS DATA
[2024-03-29T08:54:22.568+0000] {logging_mixin.py:188} INFO -  Now stagging the tracks ...
[2024-03-29T08:54:22.570+0000] {logging_mixin.py:188} INFO -  One Thing At A Time (Sampler) tracks stagged ... 
[2024-03-29T08:54:22.572+0000] {logging_mixin.py:188} INFO -  transforming One Thing At A Time (Sampler) tracks data ... 
[2024-03-29T08:54:23.202+0000] {logging_mixin.py:188} INFO - GETTING ALBUMS TRACKS DATA
[2024-03-29T08:54:23.402+0000] {logging_mixin.py:188} INFO -  Now stagging the tracks ...
[2024-03-29T08:54:23.415+0000] {logging_mixin.py:188} INFO -  You Proof tracks stagged ... 
[2024-03-29T08:54:23.418+0000] {logging_mixin.py:188} INFO -  transforming You Proof tracks data ... 
[2024-03-29T08:54:23.731+0000] {logging_mixin.py:188} INFO - DONE WITH Morgan Wallen NOW MOVING TO NEXT ARTIST
[2024-03-29T08:54:23.997+0000] {logging_mixin.py:188} INFO - GETTING ARTISTS ALBUMS DATA
[2024-03-29T08:54:24.386+0000] {logging_mixin.py:188} INFO - Zach Bryan has appeared on a total of 1045 albums
[2024-03-29T08:54:24.389+0000] {logging_mixin.py:188} INFO -  Now stagging the albums ...
[2024-03-29T08:54:44.355+0000] {logging_mixin.py:188} INFO -  Zach Bryan albums stagged ... 
[2024-03-29T08:54:44.362+0000] {logging_mixin.py:188} INFO -  transforming Zach Bryan albums data ... 
[2024-03-29T08:54:44.388+0000] {logging_mixin.py:188} INFO - GETTING ALBUMS TRACKS DATA
[2024-03-29T08:54:44.600+0000] {logging_mixin.py:188} INFO -  Now stagging the tracks ...
[2024-03-29T08:54:44.601+0000] {logging_mixin.py:188} INFO -  Zach Bryan tracks stagged ... 
[2024-03-29T08:54:44.603+0000] {logging_mixin.py:188} INFO -  transforming Zach Bryan tracks data ... 
[2024-03-29T08:54:46.884+0000] {logging_mixin.py:188} INFO - GETTING ALBUMS TRACKS DATA
[2024-03-29T08:54:47.131+0000] {logging_mixin.py:188} INFO -  Now stagging the tracks ...
[2024-03-29T08:54:47.132+0000] {logging_mixin.py:188} INFO -  All My Homies Hate Ticketmaster (Live from Red Rocks) tracks stagged ... 
[2024-03-29T08:54:47.133+0000] {logging_mixin.py:188} INFO -  transforming All My Homies Hate Ticketmaster (Live from Red Rocks) tracks data ... 
[2024-03-29T08:54:49.111+0000] {logging_mixin.py:188} INFO - GETTING ALBUMS TRACKS DATA
[2024-03-29T08:54:49.369+0000] {logging_mixin.py:188} INFO -  Now stagging the tracks ...
[2024-03-29T08:54:49.376+0000] {logging_mixin.py:188} INFO -  American Heartbreak tracks stagged ... 
[2024-03-29T08:54:49.378+0000] {logging_mixin.py:188} INFO -  transforming American Heartbreak tracks data ... 
[2024-03-29T08:54:51.487+0000] {logging_mixin.py:188} INFO - GETTING ALBUMS TRACKS DATA
[2024-03-29T08:54:51.761+0000] {logging_mixin.py:188} INFO -  Now stagging the tracks ...
[2024-03-29T08:54:51.762+0000] {logging_mixin.py:188} INFO -  Elisabeth tracks stagged ... 
[2024-03-29T08:54:51.763+0000] {logging_mixin.py:188} INFO -  transforming Elisabeth tracks data ... 
[2024-03-29T08:54:53.593+0000] {logging_mixin.py:188} INFO - GETTING ALBUMS TRACKS DATA
[2024-03-29T08:54:53.815+0000] {logging_mixin.py:188} INFO -  Now stagging the tracks ...
[2024-03-29T08:54:53.816+0000] {logging_mixin.py:188} INFO -  DeAnn tracks stagged ... 
[2024-03-29T08:54:53.817+0000] {logging_mixin.py:188} INFO -  transforming DeAnn tracks data ... 
[2024-03-29T08:54:55.654+0000] {logging_mixin.py:188} INFO - GETTING ALBUMS TRACKS DATA
[2024-03-29T08:54:55.872+0000] {logging_mixin.py:188} INFO -  Now stagging the tracks ...
[2024-03-29T08:54:55.873+0000] {logging_mixin.py:188} INFO -  Boys Of Faith tracks stagged ... 
[2024-03-29T08:54:55.874+0000] {logging_mixin.py:188} INFO -  transforming Boys Of Faith tracks data ... 
[2024-03-29T08:54:56.827+0000] {logging_mixin.py:188} INFO - GETTING ALBUMS TRACKS DATA
[2024-03-29T08:54:57.060+0000] {logging_mixin.py:188} INFO -  Now stagging the tracks ...
[2024-03-29T08:54:57.062+0000] {logging_mixin.py:188} INFO -  Sarah's Place (feat. Noah Kahan) tracks stagged ... 
[2024-03-29T08:54:57.063+0000] {logging_mixin.py:188} INFO -  transforming Sarah's Place (feat. Noah Kahan) tracks data ... 
[2024-03-29T08:54:57.252+0000] {logging_mixin.py:188} INFO - GETTING ALBUMS TRACKS DATA
[2024-03-29T08:54:57.591+0000] {logging_mixin.py:188} INFO -  Now stagging the tracks ...
[2024-03-29T08:54:57.605+0000] {logging_mixin.py:188} INFO -  Boys Of Faith (feat. Bon Iver) tracks stagged ... 
[2024-03-29T08:54:57.609+0000] {logging_mixin.py:188} INFO -  transforming Boys Of Faith (feat. Bon Iver) tracks data ... 
[2024-03-29T08:54:57.844+0000] {logging_mixin.py:188} INFO - GETTING ALBUMS TRACKS DATA
[2024-03-29T08:54:58.035+0000] {logging_mixin.py:188} INFO -  Now stagging the tracks ...
[2024-03-29T08:54:58.037+0000] {logging_mixin.py:188} INFO -  Spotless (feat. The Lumineers) tracks stagged ... 
[2024-03-29T08:54:58.038+0000] {logging_mixin.py:188} INFO -  transforming Spotless (feat. The Lumineers) tracks data ... 
[2024-03-29T08:54:58.217+0000] {logging_mixin.py:188} INFO - GETTING ALBUMS TRACKS DATA
[2024-03-29T08:54:58.553+0000] {logging_mixin.py:188} INFO -  Now stagging the tracks ...
[2024-03-29T08:54:58.560+0000] {logging_mixin.py:188} INFO -  I Remember Everything (feat. Kacey Musgraves) tracks stagged ... 
[2024-03-29T08:54:58.563+0000] {logging_mixin.py:188} INFO -  transforming I Remember Everything (feat. Kacey Musgraves) tracks data ... 
[2024-03-29T08:54:58.771+0000] {logging_mixin.py:188} INFO - DONE WITH Zach Bryan NOW MOVING TO NEXT ARTIST
[2024-03-29T08:54:59.017+0000] {logging_mixin.py:188} INFO - GETTING ARTISTS ALBUMS DATA
[2024-03-29T08:54:59.364+0000] {logging_mixin.py:188} INFO - SZA has appeared on a total of 506 albums
[2024-03-29T08:54:59.385+0000] {logging_mixin.py:188} INFO -  Now stagging the albums ...
[2024-03-29T08:55:08.265+0000] {logging_mixin.py:188} INFO -  SZA albums stagged ... 
[2024-03-29T08:55:08.267+0000] {logging_mixin.py:188} INFO -  transforming SZA albums data ... 
[2024-03-29T08:55:08.269+0000] {logging_mixin.py:188} INFO - GETTING ALBUMS TRACKS DATA
[2024-03-29T08:55:08.493+0000] {logging_mixin.py:188} INFO -  Now stagging the tracks ...
[2024-03-29T08:55:08.494+0000] {logging_mixin.py:188} INFO -  SOS tracks stagged ... 
[2024-03-29T08:55:08.495+0000] {logging_mixin.py:188} INFO -  transforming SOS tracks data ... 
[2024-03-29T08:55:10.639+0000] {logging_mixin.py:188} INFO - GETTING ALBUMS TRACKS DATA
[2024-03-29T08:55:11.004+0000] {logging_mixin.py:188} INFO -  Now stagging the tracks ...
[2024-03-29T08:55:11.010+0000] {logging_mixin.py:188} INFO -  Ctrl (Deluxe) tracks stagged ... 
[2024-03-29T08:55:11.019+0000] {logging_mixin.py:188} INFO -  transforming Ctrl (Deluxe) tracks data ... 
[2024-03-29T08:55:13.041+0000] {logging_mixin.py:188} INFO - GETTING ALBUMS TRACKS DATA
[2024-03-29T08:55:13.320+0000] {logging_mixin.py:188} INFO -  Now stagging the tracks ...
[2024-03-29T08:55:13.321+0000] {logging_mixin.py:188} INFO -  Dear Evan Hansen (Original Motion Picture Soundtrack) tracks stagged ... 
[2024-03-29T08:55:13.322+0000] {logging_mixin.py:188} INFO -  transforming Dear Evan Hansen (Original Motion Picture Soundtrack) tracks data ... 
[2024-03-29T08:55:15.123+0000] {logging_mixin.py:188} INFO - GETTING ALBUMS TRACKS DATA
[2024-03-29T08:55:15.373+0000] {logging_mixin.py:188} INFO -  Now stagging the tracks ...
[2024-03-29T08:55:15.375+0000] {logging_mixin.py:188} INFO -  Black Panther The Album Music From And Inspired By tracks stagged ... 
[2024-03-29T08:55:15.377+0000] {logging_mixin.py:188} INFO -  transforming Black Panther The Album Music From And Inspired By tracks data ... 
[2024-03-29T08:55:17.427+0000] {logging_mixin.py:188} INFO - GETTING ALBUMS TRACKS DATA
[2024-03-29T08:55:17.722+0000] {logging_mixin.py:188} INFO -  Now stagging the tracks ...
[2024-03-29T08:55:17.723+0000] {logging_mixin.py:188} INFO -  Ctrl tracks stagged ... 
[2024-03-29T08:55:17.724+0000] {logging_mixin.py:188} INFO -  transforming Ctrl tracks data ... 
[2024-03-29T08:55:19.538+0000] {logging_mixin.py:188} INFO - GETTING ALBUMS TRACKS DATA
[2024-03-29T08:55:19.819+0000] {logging_mixin.py:188} INFO -  Now stagging the tracks ...
[2024-03-29T08:55:19.821+0000] {logging_mixin.py:188} INFO -  Z tracks stagged ... 
[2024-03-29T08:55:19.822+0000] {logging_mixin.py:188} INFO -  transforming Z tracks data ... 
[2024-03-29T08:55:21.829+0000] {logging_mixin.py:188} INFO - GETTING ALBUMS TRACKS DATA
[2024-03-29T08:55:22.193+0000] {logging_mixin.py:188} INFO -  Now stagging the tracks ...
[2024-03-29T08:55:22.194+0000] {logging_mixin.py:188} INFO -  Saturn tracks stagged ... 
[2024-03-29T08:55:22.194+0000] {logging_mixin.py:188} INFO -  transforming Saturn tracks data ... 
[2024-03-29T08:55:23.150+0000] {logging_mixin.py:188} INFO - GETTING ALBUMS TRACKS DATA
[2024-03-29T08:55:23.385+0000] {logging_mixin.py:188} INFO -  Now stagging the tracks ...
[2024-03-29T08:55:23.404+0000] {logging_mixin.py:188} INFO -  NO SZNS tracks stagged ... 
[2024-03-29T08:55:23.437+0000] {logging_mixin.py:188} INFO -  transforming NO SZNS tracks data ... 
[2024-03-29T08:55:23.629+0000] {logging_mixin.py:188} INFO - GETTING ALBUMS TRACKS DATA
[2024-03-29T08:55:23.839+0000] {logging_mixin.py:188} INFO -  Now stagging the tracks ...
[2024-03-29T08:55:23.841+0000] {logging_mixin.py:188} INFO -  Snooze (Acoustic) (feat. Justin Bieber) tracks stagged ... 
[2024-03-29T08:55:23.843+0000] {logging_mixin.py:188} INFO -  transforming Snooze (Acoustic) (feat. Justin Bieber) tracks data ... 
[2024-03-29T08:55:24.038+0000] {logging_mixin.py:188} INFO - GETTING ALBUMS TRACKS DATA
[2024-03-29T08:55:24.262+0000] {logging_mixin.py:188} INFO -  Now stagging the tracks ...
[2024-03-29T08:55:24.264+0000] {logging_mixin.py:188} INFO -  Slime You Out tracks stagged ... 
[2024-03-29T08:55:24.265+0000] {logging_mixin.py:188} INFO -  transforming Slime You Out tracks data ... 
[2024-03-29T08:55:24.438+0000] {logging_mixin.py:188} INFO - DONE WITH SZA NOW MOVING TO NEXT ARTIST
[2024-03-29T08:55:24.666+0000] {logging_mixin.py:188} INFO - GETTING ARTISTS ALBUMS DATA
[2024-03-29T08:55:25.047+0000] {logging_mixin.py:188} INFO - Drake has appeared on a total of 700 albums
[2024-03-29T08:55:25.064+0000] {logging_mixin.py:188} INFO -  Now stagging the albums ...
[2024-03-29T08:55:39.024+0000] {logging_mixin.py:188} INFO -  Drake albums stagged ... 
[2024-03-29T08:55:39.027+0000] {logging_mixin.py:188} INFO -  transforming Drake albums data ... 
[2024-03-29T08:55:39.029+0000] {logging_mixin.py:188} INFO - GETTING ALBUMS TRACKS DATA
[2024-03-29T08:55:39.286+0000] {logging_mixin.py:188} INFO -  Now stagging the tracks ...
[2024-03-29T08:55:39.289+0000] {logging_mixin.py:188} INFO -  For All The Dogs Scary Hours Edition tracks stagged ... 
[2024-03-29T08:55:39.291+0000] {logging_mixin.py:188} INFO -  transforming For All The Dogs Scary Hours Edition tracks data ... 
[2024-03-29T08:55:41.111+0000] {logging_mixin.py:188} INFO - GETTING ALBUMS TRACKS DATA
[2024-03-29T08:55:41.418+0000] {logging_mixin.py:188} INFO -  Now stagging the tracks ...
[2024-03-29T08:55:41.420+0000] {logging_mixin.py:188} INFO -  For All The Dogs tracks stagged ... 
[2024-03-29T08:55:41.422+0000] {logging_mixin.py:188} INFO -  transforming For All The Dogs tracks data ... 
[2024-03-29T08:55:43.324+0000] {logging_mixin.py:188} INFO - GETTING ALBUMS TRACKS DATA
[2024-03-29T08:55:43.567+0000] {logging_mixin.py:188} INFO -  Now stagging the tracks ...
[2024-03-29T08:55:43.568+0000] {logging_mixin.py:188} INFO -  Her Loss tracks stagged ... 
[2024-03-29T08:55:43.569+0000] {logging_mixin.py:188} INFO -  transforming Her Loss tracks data ... 
[2024-03-29T08:55:45.470+0000] {logging_mixin.py:188} INFO - GETTING ALBUMS TRACKS DATA
[2024-03-29T08:55:45.705+0000] {logging_mixin.py:188} INFO -  Now stagging the tracks ...
[2024-03-29T08:55:45.709+0000] {logging_mixin.py:188} INFO -  Honestly, Nevermind tracks stagged ... 
[2024-03-29T08:55:45.711+0000] {logging_mixin.py:188} INFO -  transforming Honestly, Nevermind tracks data ... 
[2024-03-29T08:55:47.499+0000] {logging_mixin.py:188} INFO - GETTING ALBUMS TRACKS DATA
[2024-03-29T08:55:47.790+0000] {logging_mixin.py:188} INFO -  Now stagging the tracks ...
[2024-03-29T08:55:47.791+0000] {logging_mixin.py:188} INFO -  Certified Lover Boy tracks stagged ... 
[2024-03-29T08:55:47.792+0000] {logging_mixin.py:188} INFO -  transforming Certified Lover Boy tracks data ... 
[2024-03-29T08:55:49.574+0000] {logging_mixin.py:188} INFO - GETTING ALBUMS TRACKS DATA
[2024-03-29T08:55:49.789+0000] {logging_mixin.py:188} INFO -  Now stagging the tracks ...
[2024-03-29T08:55:49.790+0000] {logging_mixin.py:188} INFO -  Dark Lane Demo Tapes tracks stagged ... 
[2024-03-29T08:55:49.791+0000] {logging_mixin.py:188} INFO -  transforming Dark Lane Demo Tapes tracks data ... 
[2024-03-29T08:55:51.661+0000] {logging_mixin.py:188} INFO - GETTING ALBUMS TRACKS DATA
[2024-03-29T08:55:51.921+0000] {logging_mixin.py:188} INFO -  Now stagging the tracks ...
[2024-03-29T08:55:51.922+0000] {logging_mixin.py:188} INFO -  Care Package tracks stagged ... 
[2024-03-29T08:55:51.923+0000] {logging_mixin.py:188} INFO -  transforming Care Package tracks data ... 
[2024-03-29T08:55:53.853+0000] {logging_mixin.py:188} INFO - GETTING ALBUMS TRACKS DATA
[2024-03-29T08:55:54.155+0000] {logging_mixin.py:188} INFO -  Now stagging the tracks ...
[2024-03-29T08:55:54.166+0000] {logging_mixin.py:188} INFO -  Scorpion tracks stagged ... 
[2024-03-29T08:55:54.167+0000] {logging_mixin.py:188} INFO -  transforming Scorpion tracks data ... 
[2024-03-29T08:55:55.958+0000] {logging_mixin.py:188} INFO - GETTING ALBUMS TRACKS DATA
[2024-03-29T08:55:56.437+0000] {logging_mixin.py:188} INFO -  Now stagging the tracks ...
[2024-03-29T08:55:56.442+0000] {logging_mixin.py:188} INFO -  More Life tracks stagged ... 
[2024-03-29T08:55:56.467+0000] {logging_mixin.py:188} INFO -  transforming More Life tracks data ... 
[2024-03-29T08:55:58.623+0000] {logging_mixin.py:188} INFO - GETTING ALBUMS TRACKS DATA
[2024-03-29T08:55:58.870+0000] {logging_mixin.py:188} INFO -  Now stagging the tracks ...
[2024-03-29T08:55:58.872+0000] {logging_mixin.py:188} INFO -  Views tracks stagged ... 
[2024-03-29T08:55:58.872+0000] {logging_mixin.py:188} INFO -  transforming Views tracks data ... 
[2024-03-29T08:56:00.630+0000] {logging_mixin.py:188} INFO - DONE WITH Drake NOW MOVING TO NEXT ARTIST
[2024-03-29T08:56:00.966+0000] {logging_mixin.py:188} INFO - GETTING ARTISTS ALBUMS DATA
[2024-03-29T08:56:01.284+0000] {logging_mixin.py:188} INFO - Luke Combs has appeared on a total of 142 albums
[2024-03-29T08:56:01.360+0000] {logging_mixin.py:188} INFO -  Now stagging the albums ...
[2024-03-29T08:56:03.868+0000] {logging_mixin.py:188} INFO -  Luke Combs albums stagged ... 
[2024-03-29T08:56:03.872+0000] {logging_mixin.py:188} INFO -  transforming Luke Combs albums data ... 
[2024-03-29T08:56:03.874+0000] {logging_mixin.py:188} INFO - GETTING ALBUMS TRACKS DATA
[2024-03-29T08:56:04.129+0000] {logging_mixin.py:188} INFO -  Now stagging the tracks ...
[2024-03-29T08:56:04.131+0000] {logging_mixin.py:188} INFO -  Gettin' Old tracks stagged ... 
[2024-03-29T08:56:04.133+0000] {logging_mixin.py:188} INFO -  transforming Gettin' Old tracks data ... 
[2024-03-29T08:56:06.154+0000] {logging_mixin.py:188} INFO - GETTING ALBUMS TRACKS DATA
[2024-03-29T08:56:06.360+0000] {logging_mixin.py:188} INFO -  Now stagging the tracks ...
[2024-03-29T08:56:06.364+0000] {logging_mixin.py:188} INFO -  Growin' Up tracks stagged ... 
[2024-03-29T08:56:06.366+0000] {logging_mixin.py:188} INFO -  transforming Growin' Up tracks data ... 
[2024-03-29T08:56:08.336+0000] {logging_mixin.py:188} INFO - GETTING ALBUMS TRACKS DATA
[2024-03-29T08:56:08.673+0000] {logging_mixin.py:188} INFO -  Now stagging the tracks ...
[2024-03-29T08:56:08.675+0000] {logging_mixin.py:188} INFO -  What You See Ain't Always What You Get (Deluxe Edition) tracks stagged ... 
[2024-03-29T08:56:08.678+0000] {logging_mixin.py:188} INFO -  transforming What You See Ain't Always What You Get (Deluxe Edition) tracks data ... 
[2024-03-29T08:56:12.404+0000] {logging_mixin.py:188} INFO - GETTING ALBUMS TRACKS DATA
[2024-03-29T08:56:12.671+0000] {logging_mixin.py:188} INFO -  Now stagging the tracks ...
[2024-03-29T08:56:12.672+0000] {logging_mixin.py:188} INFO -  What You See Is What You Get tracks stagged ... 
[2024-03-29T08:56:12.673+0000] {logging_mixin.py:188} INFO -  transforming What You See Is What You Get tracks data ... 
[2024-03-29T08:56:14.625+0000] {logging_mixin.py:188} INFO - GETTING ALBUMS TRACKS DATA
[2024-03-29T08:56:14.853+0000] {logging_mixin.py:188} INFO -  Now stagging the tracks ...
[2024-03-29T08:56:14.855+0000] {logging_mixin.py:188} INFO -  This One's for You Too (Deluxe Edition) tracks stagged ... 
[2024-03-29T08:56:14.856+0000] {logging_mixin.py:188} INFO -  transforming This One's for You Too (Deluxe Edition) tracks data ... 
[2024-03-29T08:56:16.621+0000] {logging_mixin.py:188} INFO - GETTING ALBUMS TRACKS DATA
[2024-03-29T08:56:16.837+0000] {logging_mixin.py:188} INFO -  Now stagging the tracks ...
[2024-03-29T08:56:16.838+0000] {logging_mixin.py:188} INFO -  This One's for You tracks stagged ... 
[2024-03-29T08:56:16.840+0000] {logging_mixin.py:188} INFO -  transforming This One's for You tracks data ... 
[2024-03-29T08:56:18.612+0000] {logging_mixin.py:188} INFO - GETTING ALBUMS TRACKS DATA
[2024-03-29T08:56:18.804+0000] {logging_mixin.py:188} INFO -  Now stagging the tracks ...
[2024-03-29T08:56:18.805+0000] {logging_mixin.py:188} INFO -  Seven Bridges Road tracks stagged ... 
[2024-03-29T08:56:18.806+0000] {logging_mixin.py:188} INFO -  transforming Seven Bridges Road tracks data ... 
[2024-03-29T08:56:18.992+0000] {logging_mixin.py:188} INFO - GETTING ALBUMS TRACKS DATA
[2024-03-29T08:56:19.185+0000] {logging_mixin.py:188} INFO -  Now stagging the tracks ...
[2024-03-29T08:56:19.186+0000] {logging_mixin.py:188} INFO -  Fast Car (Live) tracks stagged ... 
[2024-03-29T08:56:19.187+0000] {logging_mixin.py:188} INFO -  transforming Fast Car (Live) tracks data ... 
[2024-03-29T08:56:19.540+0000] {logging_mixin.py:188} INFO - GETTING ALBUMS TRACKS DATA
[2024-03-29T08:56:19.948+0000] {logging_mixin.py:188} INFO -  Now stagging the tracks ...
[2024-03-29T08:56:20.036+0000] {logging_mixin.py:188} INFO -  Life Goes On (feat. Luke Combs) tracks stagged ... 
[2024-03-29T08:56:20.078+0000] {logging_mixin.py:188} INFO -  transforming Life Goes On (feat. Luke Combs) tracks data ... 
[2024-03-29T08:56:20.834+0000] {logging_mixin.py:188} INFO - GETTING ALBUMS TRACKS DATA
[2024-03-29T08:56:21.058+0000] {logging_mixin.py:188} INFO -  Now stagging the tracks ...
[2024-03-29T08:56:21.073+0000] {logging_mixin.py:188} INFO -  Gettin' Old (Stories Behind the Songs) tracks stagged ... 
[2024-03-29T08:56:21.076+0000] {logging_mixin.py:188} INFO -  transforming Gettin' Old (Stories Behind the Songs) tracks data ... 
[2024-03-29T08:56:21.374+0000] {logging_mixin.py:188} INFO - DONE WITH Luke Combs NOW MOVING TO NEXT ARTIST
[2024-03-29T08:56:21.655+0000] {logging_mixin.py:188} INFO - GETTING ARTISTS ALBUMS DATA
[2024-03-29T08:56:22.093+0000] {logging_mixin.py:188} INFO - Cardi B has appeared on a total of 1420 albums
[2024-03-29T08:56:22.098+0000] {logging_mixin.py:188} INFO -  Now stagging the albums ...
[2024-03-29T08:56:52.394+0000] {logging_mixin.py:188} INFO -  Cardi B albums stagged ... 
[2024-03-29T08:56:52.397+0000] {logging_mixin.py:188} INFO -  transforming Cardi B albums data ... 
[2024-03-29T08:56:52.398+0000] {logging_mixin.py:188} INFO - GETTING ALBUMS TRACKS DATA
[2024-03-29T08:56:52.651+0000] {logging_mixin.py:188} INFO -  Now stagging the tracks ...
[2024-03-29T08:56:52.652+0000] {logging_mixin.py:188} INFO -  Invasion of Privacy tracks stagged ... 
[2024-03-29T08:56:52.654+0000] {logging_mixin.py:188} INFO -  transforming Invasion of Privacy tracks data ... 
[2024-03-29T08:56:54.431+0000] {logging_mixin.py:188} INFO - GETTING ALBUMS TRACKS DATA
[2024-03-29T08:56:54.656+0000] {logging_mixin.py:188} INFO -  Now stagging the tracks ...
[2024-03-29T08:56:54.662+0000] {logging_mixin.py:188} INFO -  Gangsta Bitch Music Vol. 2 tracks stagged ... 
[2024-03-29T08:56:54.665+0000] {logging_mixin.py:188} INFO -  transforming Gangsta Bitch Music Vol. 2 tracks data ... 
[2024-03-29T08:56:56.893+0000] {logging_mixin.py:188} INFO - GETTING ALBUMS TRACKS DATA
[2024-03-29T08:56:57.103+0000] {logging_mixin.py:188} INFO -  Now stagging the tracks ...
[2024-03-29T08:56:57.104+0000] {logging_mixin.py:188} INFO -  Gangsta Bitch Music Vol 1 tracks stagged ... 
[2024-03-29T08:56:57.105+0000] {logging_mixin.py:188} INFO -  transforming Gangsta Bitch Music Vol 1 tracks data ... 
[2024-03-29T08:56:59.088+0000] {logging_mixin.py:188} INFO - GETTING ALBUMS TRACKS DATA
[2024-03-29T08:56:59.286+0000] {logging_mixin.py:188} INFO -  Now stagging the tracks ...
[2024-03-29T08:56:59.287+0000] {logging_mixin.py:188} INFO -  Puntería tracks stagged ... 
[2024-03-29T08:56:59.288+0000] {logging_mixin.py:188} INFO -  transforming Puntería tracks data ... 
[2024-03-29T08:56:59.457+0000] {logging_mixin.py:188} INFO - GETTING ALBUMS TRACKS DATA
[2024-03-29T08:56:59.701+0000] {logging_mixin.py:188} INFO -  Now stagging the tracks ...
[2024-03-29T08:56:59.703+0000] {logging_mixin.py:188} INFO -  Enough (Miami) tracks stagged ... 
[2024-03-29T08:56:59.704+0000] {logging_mixin.py:188} INFO -  transforming Enough (Miami) tracks data ... 
[2024-03-29T08:57:01.453+0000] {logging_mixin.py:188} INFO - GETTING ALBUMS TRACKS DATA
[2024-03-29T08:57:01.660+0000] {logging_mixin.py:188} INFO -  Now stagging the tracks ...
[2024-03-29T08:57:01.662+0000] {logging_mixin.py:188} INFO -  Like What (Freestyle) tracks stagged ... 
[2024-03-29T08:57:01.663+0000] {logging_mixin.py:188} INFO -  transforming Like What (Freestyle) tracks data ... 
[2024-03-29T08:57:02.551+0000] {logging_mixin.py:188} INFO - GETTING ALBUMS TRACKS DATA
[2024-03-29T08:57:02.743+0000] {logging_mixin.py:188} INFO -  Now stagging the tracks ...
[2024-03-29T08:57:02.744+0000] {logging_mixin.py:188} INFO -  Like What (Freestyle) [Instrumental] tracks stagged ... 
[2024-03-29T08:57:02.745+0000] {logging_mixin.py:188} INFO -  transforming Like What (Freestyle) [Instrumental] tracks data ... 
[2024-03-29T08:57:02.923+0000] {logging_mixin.py:188} INFO - GETTING ALBUMS TRACKS DATA
[2024-03-29T08:57:03.106+0000] {logging_mixin.py:188} INFO -  Now stagging the tracks ...
[2024-03-29T08:57:03.107+0000] {logging_mixin.py:188} INFO -  Bongos (feat. Megan Thee Stallion) tracks stagged ... 
[2024-03-29T08:57:03.108+0000] {logging_mixin.py:188} INFO -  transforming Bongos (feat. Megan Thee Stallion) tracks data ... 
[2024-03-29T08:57:03.456+0000] {logging_mixin.py:188} INFO - GETTING ALBUMS TRACKS DATA
[2024-03-29T08:57:03.686+0000] {logging_mixin.py:188} INFO -  Now stagging the tracks ...
[2024-03-29T08:57:03.687+0000] {logging_mixin.py:188} INFO -  Bongos: The Pack tracks stagged ... 
[2024-03-29T08:57:03.690+0000] {logging_mixin.py:188} INFO -  transforming Bongos: The Pack tracks data ... 
[2024-03-29T08:57:05.108+0000] {logging_mixin.py:188} INFO - GETTING ALBUMS TRACKS DATA
[2024-03-29T08:57:05.309+0000] {logging_mixin.py:188} INFO -  Now stagging the tracks ...
[2024-03-29T08:57:05.310+0000] {logging_mixin.py:188} INFO -  Bongos (feat. Megan Thee Stallion) [Sped Up] tracks stagged ... 
[2024-03-29T08:57:05.312+0000] {logging_mixin.py:188} INFO -  transforming Bongos (feat. Megan Thee Stallion) [Sped Up] tracks data ... 
[2024-03-29T08:57:05.513+0000] {logging_mixin.py:188} INFO - DONE WITH Cardi B NOW MOVING TO NEXT ARTIST
[2024-03-29T08:57:05.977+0000] {logging_mixin.py:188} INFO - COVERTED ARTISTS DATA TO CSV
[2024-03-29T08:57:05.997+0000] {logging_mixin.py:188} INFO - COVERTED ALBUMS DATA TO CSV
[2024-03-29T08:57:06.086+0000] {logging_mixin.py:188} INFO - COVERTED TRACKS DATA TO CSV
[2024-03-29T08:57:06.125+0000] {python.py:202} INFO - Done. Returned value was: None
[2024-03-29T08:57:06.494+0000] {taskinstance.py:1149} INFO - Marking task as SUCCESS. dag_id=billboard_to_spotify_to_s3_extractionV1, task_id=sptoify_to_csv, execution_date=20240328T000000, start_date=20240329T085211, end_date=20240329T085706
[2024-03-29T08:57:06.767+0000] {local_task_job_runner.py:234} INFO - Task exited with return code 0
[2024-03-29T08:57:07.017+0000] {taskinstance.py:3312} INFO - 1 downstream tasks scheduled from follow-on schedule check
