[2024-03-21T02:02:35.904+0000] {taskinstance.py:1979} INFO - Dependencies all met for dep_context=non-requeueable deps ti=<TaskInstance: spotify_to_s3_data_extraction_v1.sptoify_to_csv scheduled__2024-03-21T02:01:00+00:00 [queued]>
[2024-03-21T02:02:35.921+0000] {taskinstance.py:1979} INFO - Dependencies all met for dep_context=requeueable deps ti=<TaskInstance: spotify_to_s3_data_extraction_v1.sptoify_to_csv scheduled__2024-03-21T02:01:00+00:00 [queued]>
[2024-03-21T02:02:35.922+0000] {taskinstance.py:2193} INFO - Starting attempt 1 of 6
[2024-03-21T02:02:35.947+0000] {taskinstance.py:2217} INFO - Executing <Task(PythonOperator): sptoify_to_csv> on 2024-03-21 02:01:00+00:00
[2024-03-21T02:02:35.959+0000] {standard_task_runner.py:60} INFO - Started process 1349 to run task
[2024-03-21T02:02:35.965+0000] {standard_task_runner.py:87} INFO - Running: ['***', 'tasks', 'run', 'spotify_to_s3_data_extraction_v1', 'sptoify_to_csv', 'scheduled__2024-03-21T02:01:00+00:00', '--job-id', '277', '--raw', '--subdir', 'DAGS_FOLDER/spotify_to_csvs_to_s3.py', '--cfg-path', '/tmp/tmp7zzhe4na']
[2024-03-21T02:02:35.970+0000] {standard_task_runner.py:88} INFO - Job 277: Subtask sptoify_to_csv
[2024-03-21T02:02:36.080+0000] {task_command.py:423} INFO - Running <TaskInstance: spotify_to_s3_data_extraction_v1.sptoify_to_csv scheduled__2024-03-21T02:01:00+00:00 [running]> on host ca1809388db1
[2024-03-21T02:02:36.221+0000] {taskinstance.py:2513} INFO - Exporting env vars: AIRFLOW_CTX_DAG_OWNER='Nathaniel Solomon' AIRFLOW_CTX_DAG_ID='spotify_to_s3_data_extraction_v1' AIRFLOW_CTX_TASK_ID='sptoify_to_csv' AIRFLOW_CTX_EXECUTION_DATE='2024-03-21T02:01:00+00:00' AIRFLOW_CTX_TRY_NUMBER='1' AIRFLOW_CTX_DAG_RUN_ID='scheduled__2024-03-21T02:01:00+00:00'
[2024-03-21T02:02:36.224+0000] {logging_mixin.py:188} INFO - The extract function has been executed and this is data in the next line
[2024-03-21T02:02:36.225+0000] {logging_mixin.py:188} INFO - Initiating the Endpoint...
[2024-03-21T02:02:36.810+0000] {logging_mixin.py:188} INFO - Extracting other available tracks
[2024-03-21T02:02:45.068+0000] {logging_mixin.py:188} INFO - Adding the values of index 0 into the appropriate Keys...
[2024-03-21T02:02:46.988+0000] {logging_mixin.py:188} INFO - Adding the values of index 1 into the appropriate Keys...
[2024-03-21T02:02:48.361+0000] {logging_mixin.py:188} INFO - Adding the values of index 2 into the appropriate Keys...
[2024-03-21T02:02:49.724+0000] {logging_mixin.py:188} INFO - Adding the values of index 3 into the appropriate Keys...
[2024-03-21T02:02:51.159+0000] {logging_mixin.py:188} INFO - Adding the values of index 4 into the appropriate Keys...
[2024-03-21T02:02:52.374+0000] {logging_mixin.py:188} INFO - Adding the values of index 5 into the appropriate Keys...
[2024-03-21T02:02:53.639+0000] {logging_mixin.py:188} INFO - Adding the values of index 6 into the appropriate Keys...
[2024-03-21T02:02:55.310+0000] {logging_mixin.py:188} INFO - Adding the values of index 7 into the appropriate Keys...
[2024-03-21T02:02:56.804+0000] {logging_mixin.py:188} INFO - Adding the values of index 8 into the appropriate Keys...
[2024-03-21T02:02:58.235+0000] {logging_mixin.py:188} INFO - Adding the values of index 9 into the appropriate Keys...
[2024-03-21T02:02:59.778+0000] {logging_mixin.py:188} INFO - Done Extracting...
[2024-03-21T02:03:00.750+0000] {python.py:202} INFO - Done. Returned value was: None
[2024-03-21T02:03:01.243+0000] {taskinstance.py:1149} INFO - Marking task as SUCCESS. dag_id=spotify_to_s3_data_extraction_v1, task_id=sptoify_to_csv, execution_date=20240321T020100, start_date=20240321T020235, end_date=20240321T020301
[2024-03-21T02:03:01.820+0000] {local_task_job_runner.py:234} INFO - Task exited with return code 0
[2024-03-21T02:03:02.602+0000] {taskinstance.py:3312} INFO - 1 downstream tasks scheduled from follow-on schedule check
