[2024-03-23T20:13:01.812+0000] {taskinstance.py:1979} INFO - Dependencies all met for dep_context=non-requeueable deps ti=<TaskInstance: spotify_to_s3_data_extraction_v1.sptoify_to_csv scheduled__2024-03-21T07:20:00+00:00 [queued]>
[2024-03-23T20:13:01.862+0000] {taskinstance.py:1979} INFO - Dependencies all met for dep_context=requeueable deps ti=<TaskInstance: spotify_to_s3_data_extraction_v1.sptoify_to_csv scheduled__2024-03-21T07:20:00+00:00 [queued]>
[2024-03-23T20:13:01.866+0000] {taskinstance.py:2193} INFO - Starting attempt 5 of 8
[2024-03-23T20:13:02.022+0000] {taskinstance.py:2217} INFO - Executing <Task(PythonOperator): sptoify_to_csv> on 2024-03-21 07:20:00+00:00
[2024-03-23T20:13:02.072+0000] {standard_task_runner.py:60} INFO - Started process 11158 to run task
[2024-03-23T20:13:02.076+0000] {standard_task_runner.py:87} INFO - Running: ['***', 'tasks', 'run', 'spotify_to_s3_data_extraction_v1', 'sptoify_to_csv', 'scheduled__2024-03-21T07:20:00+00:00', '--job-id', '1272', '--raw', '--subdir', 'DAGS_FOLDER/spotify_to_csvs_to_s3.py', '--cfg-path', '/tmp/tmpfqpuzo9m']
[2024-03-23T20:13:02.086+0000] {standard_task_runner.py:88} INFO - Job 1272: Subtask sptoify_to_csv
[2024-03-23T20:13:02.284+0000] {task_command.py:423} INFO - Running <TaskInstance: spotify_to_s3_data_extraction_v1.sptoify_to_csv scheduled__2024-03-21T07:20:00+00:00 [running]> on host ca1809388db1
[2024-03-23T20:13:02.511+0000] {taskinstance.py:2513} INFO - Exporting env vars: AIRFLOW_CTX_DAG_OWNER='Nathaniel Solomon' AIRFLOW_CTX_DAG_ID='spotify_to_s3_data_extraction_v1' AIRFLOW_CTX_TASK_ID='sptoify_to_csv' AIRFLOW_CTX_EXECUTION_DATE='2024-03-21T07:20:00+00:00' AIRFLOW_CTX_TRY_NUMBER='5' AIRFLOW_CTX_DAG_RUN_ID='scheduled__2024-03-21T07:20:00+00:00'
[2024-03-23T20:13:02.514+0000] {logging_mixin.py:188} INFO - The extract function has been executed and this is data in the next line
[2024-03-23T20:13:02.516+0000] {logging_mixin.py:188} INFO - Initiating the Endpoint...
[2024-03-23T20:13:21.956+0000] {logging_mixin.py:188} INFO - Extracting other available tracks
[2024-03-23T20:13:35.213+0000] {logging_mixin.py:188} INFO - Adding the values of index 0 into the appropriate Keys...
[2024-03-23T20:13:39.106+0000] {logging_mixin.py:188} INFO - Adding the values of index 1 into the appropriate Keys...
[2024-03-23T20:13:42.291+0000] {logging_mixin.py:188} INFO - Adding the values of index 2 into the appropriate Keys...
[2024-03-23T20:13:44.849+0000] {logging_mixin.py:188} INFO - Adding the values of index 3 into the appropriate Keys...
[2024-03-23T20:13:47.435+0000] {logging_mixin.py:188} INFO - Adding the values of index 4 into the appropriate Keys...
[2024-03-23T20:13:48.984+0000] {logging_mixin.py:188} INFO - Adding the values of index 5 into the appropriate Keys...
[2024-03-23T20:13:50.208+0000] {logging_mixin.py:188} INFO - Adding the values of index 6 into the appropriate Keys...
[2024-03-23T20:13:51.503+0000] {logging_mixin.py:188} INFO - Adding the values of index 7 into the appropriate Keys...
[2024-03-23T20:13:53.208+0000] {logging_mixin.py:188} INFO - Adding the values of index 8 into the appropriate Keys...
[2024-03-23T20:13:54.686+0000] {logging_mixin.py:188} INFO - Adding the values of index 9 into the appropriate Keys...
[2024-03-23T20:13:56.064+0000] {logging_mixin.py:188} INFO - Done Extracting...
[2024-03-23T20:13:56.112+0000] {python.py:202} INFO - Done. Returned value was: None
[2024-03-23T20:13:56.148+0000] {taskinstance.py:1149} INFO - Marking task as SUCCESS. dag_id=spotify_to_s3_data_extraction_v1, task_id=sptoify_to_csv, execution_date=20240321T072000, start_date=20240323T201301, end_date=20240323T201356
[2024-03-23T20:13:56.242+0000] {local_task_job_runner.py:234} INFO - Task exited with return code 0
[2024-03-23T20:13:56.366+0000] {taskinstance.py:3312} INFO - 1 downstream tasks scheduled from follow-on schedule check
