[2024-03-21T07:35:47.724+0000] {taskinstance.py:1979} INFO - Dependencies all met for dep_context=non-requeueable deps ti=<TaskInstance: spotify_to_s3_data_extraction_v1.sptoify_to_csv scheduled__2024-03-21T07:20:00+00:00 [queued]>
[2024-03-21T07:35:47.742+0000] {taskinstance.py:1979} INFO - Dependencies all met for dep_context=requeueable deps ti=<TaskInstance: spotify_to_s3_data_extraction_v1.sptoify_to_csv scheduled__2024-03-21T07:20:00+00:00 [queued]>
[2024-03-21T07:35:47.743+0000] {taskinstance.py:2193} INFO - Starting attempt 2 of 6
[2024-03-21T07:35:47.772+0000] {taskinstance.py:2217} INFO - Executing <Task(PythonOperator): sptoify_to_csv> on 2024-03-21 07:20:00+00:00
[2024-03-21T07:35:47.786+0000] {standard_task_runner.py:60} INFO - Started process 2278 to run task
[2024-03-21T07:35:47.797+0000] {standard_task_runner.py:87} INFO - Running: ['***', 'tasks', 'run', 'spotify_to_s3_data_extraction_v1', 'sptoify_to_csv', 'scheduled__2024-03-21T07:20:00+00:00', '--job-id', '434', '--raw', '--subdir', 'DAGS_FOLDER/spotify_to_csvs_to_s3.py', '--cfg-path', '/tmp/tmpr23_iu2l']
[2024-03-21T07:35:47.803+0000] {standard_task_runner.py:88} INFO - Job 434: Subtask sptoify_to_csv
[2024-03-21T07:35:47.907+0000] {task_command.py:423} INFO - Running <TaskInstance: spotify_to_s3_data_extraction_v1.sptoify_to_csv scheduled__2024-03-21T07:20:00+00:00 [running]> on host ca1809388db1
[2024-03-21T07:35:48.114+0000] {taskinstance.py:2513} INFO - Exporting env vars: AIRFLOW_CTX_DAG_OWNER='Nathaniel Solomon' AIRFLOW_CTX_DAG_ID='spotify_to_s3_data_extraction_v1' AIRFLOW_CTX_TASK_ID='sptoify_to_csv' AIRFLOW_CTX_EXECUTION_DATE='2024-03-21T07:20:00+00:00' AIRFLOW_CTX_TRY_NUMBER='2' AIRFLOW_CTX_DAG_RUN_ID='scheduled__2024-03-21T07:20:00+00:00'
[2024-03-21T07:35:48.119+0000] {logging_mixin.py:188} INFO - The extract function has been executed and this is data in the next line
[2024-03-21T07:35:48.128+0000] {logging_mixin.py:188} INFO - Initiating the Endpoint...
[2024-03-21T07:35:49.278+0000] {logging_mixin.py:188} INFO - Extracting other available tracks
[2024-03-21T07:36:02.197+0000] {logging_mixin.py:188} INFO - Adding the values of index 0 into the appropriate Keys...
[2024-03-21T07:36:03.417+0000] {logging_mixin.py:188} INFO - Adding the values of index 1 into the appropriate Keys...
[2024-03-21T07:36:07.077+0000] {logging_mixin.py:188} INFO - Adding the values of index 2 into the appropriate Keys...
[2024-03-21T07:36:08.197+0000] {logging_mixin.py:188} INFO - Adding the values of index 3 into the appropriate Keys...
[2024-03-21T07:36:09.314+0000] {logging_mixin.py:188} INFO - Adding the values of index 4 into the appropriate Keys...
[2024-03-21T07:36:10.624+0000] {logging_mixin.py:188} INFO - Adding the values of index 5 into the appropriate Keys...
[2024-03-21T07:36:15.087+0000] {logging_mixin.py:188} INFO - Adding the values of index 6 into the appropriate Keys...
[2024-03-21T07:36:17.331+0000] {logging_mixin.py:188} INFO - Adding the values of index 7 into the appropriate Keys...
[2024-03-21T07:36:18.507+0000] {logging_mixin.py:188} INFO - Adding the values of index 8 into the appropriate Keys...
[2024-03-21T07:36:25.217+0000] {logging_mixin.py:188} INFO - Adding the values of index 9 into the appropriate Keys...
[2024-03-21T07:36:27.531+0000] {logging_mixin.py:188} INFO - Done Extracting...
[2024-03-21T07:36:27.572+0000] {python.py:202} INFO - Done. Returned value was: None
[2024-03-21T07:36:27.600+0000] {taskinstance.py:1149} INFO - Marking task as SUCCESS. dag_id=spotify_to_s3_data_extraction_v1, task_id=sptoify_to_csv, execution_date=20240321T072000, start_date=20240321T073547, end_date=20240321T073627
[2024-03-21T07:36:27.677+0000] {local_task_job_runner.py:234} INFO - Task exited with return code 0
[2024-03-21T07:36:27.764+0000] {taskinstance.py:3312} INFO - 1 downstream tasks scheduled from follow-on schedule check
