[2024-03-20T21:45:06.825+0000] {taskinstance.py:1979} INFO - Dependencies all met for dep_context=non-requeueable deps ti=<TaskInstance: spotify_to_s3_data_extraction_v1.sptoify_to_csv scheduled__2024-03-20T21:44:00+00:00 [queued]>
[2024-03-20T21:45:06.848+0000] {taskinstance.py:1979} INFO - Dependencies all met for dep_context=requeueable deps ti=<TaskInstance: spotify_to_s3_data_extraction_v1.sptoify_to_csv scheduled__2024-03-20T21:44:00+00:00 [queued]>
[2024-03-20T21:45:06.850+0000] {taskinstance.py:2193} INFO - Starting attempt 1 of 6
[2024-03-20T21:45:06.886+0000] {taskinstance.py:2217} INFO - Executing <Task(PythonOperator): sptoify_to_csv> on 2024-03-20 21:44:00+00:00
[2024-03-20T21:45:06.906+0000] {standard_task_runner.py:60} INFO - Started process 449 to run task
[2024-03-20T21:45:06.914+0000] {standard_task_runner.py:87} INFO - Running: ['***', 'tasks', 'run', 'spotify_to_s3_data_extraction_v1', 'sptoify_to_csv', 'scheduled__2024-03-20T21:44:00+00:00', '--job-id', '139', '--raw', '--subdir', 'DAGS_FOLDER/spotify_to_csvs_to_s3.py', '--cfg-path', '/tmp/tmpzpdc7ag8']
[2024-03-20T21:45:06.919+0000] {standard_task_runner.py:88} INFO - Job 139: Subtask sptoify_to_csv
[2024-03-20T21:45:07.054+0000] {task_command.py:423} INFO - Running <TaskInstance: spotify_to_s3_data_extraction_v1.sptoify_to_csv scheduled__2024-03-20T21:44:00+00:00 [running]> on host ca1809388db1
[2024-03-20T21:45:07.282+0000] {taskinstance.py:2513} INFO - Exporting env vars: AIRFLOW_CTX_DAG_OWNER='Nathaniel Solomon' AIRFLOW_CTX_DAG_ID='spotify_to_s3_data_extraction_v1' AIRFLOW_CTX_TASK_ID='sptoify_to_csv' AIRFLOW_CTX_EXECUTION_DATE='2024-03-20T21:44:00+00:00' AIRFLOW_CTX_TRY_NUMBER='1' AIRFLOW_CTX_DAG_RUN_ID='scheduled__2024-03-20T21:44:00+00:00'
[2024-03-20T21:45:07.286+0000] {logging_mixin.py:188} INFO - The extract function has been executed and this is data in the next line
[2024-03-20T21:45:07.288+0000] {logging_mixin.py:188} INFO - Initiating the Endpoint...
[2024-03-20T21:45:08.589+0000] {logging_mixin.py:188} INFO - Extracting other available tracks
[2024-03-20T21:45:21.975+0000] {logging_mixin.py:188} INFO - Adding the values of index 0 into the appropriate Keys...
[2024-03-20T21:45:23.629+0000] {logging_mixin.py:188} INFO - Adding the values of index 1 into the appropriate Keys...
[2024-03-20T21:45:25.334+0000] {logging_mixin.py:188} INFO - Adding the values of index 2 into the appropriate Keys...
[2024-03-20T21:45:27.211+0000] {logging_mixin.py:188} INFO - Adding the values of index 3 into the appropriate Keys...
[2024-03-20T21:45:29.015+0000] {logging_mixin.py:188} INFO - Adding the values of index 4 into the appropriate Keys...
[2024-03-20T21:45:30.960+0000] {logging_mixin.py:188} INFO - Adding the values of index 5 into the appropriate Keys...
[2024-03-20T21:45:32.809+0000] {logging_mixin.py:188} INFO - Adding the values of index 6 into the appropriate Keys...
[2024-03-20T21:45:34.530+0000] {logging_mixin.py:188} INFO - Adding the values of index 7 into the appropriate Keys...
[2024-03-20T21:45:36.318+0000] {logging_mixin.py:188} INFO - Adding the values of index 8 into the appropriate Keys...
[2024-03-20T21:45:38.769+0000] {logging_mixin.py:188} INFO - Adding the values of index 9 into the appropriate Keys...
[2024-03-20T21:45:40.351+0000] {logging_mixin.py:188} INFO - Done Extracting...
[2024-03-20T21:45:40.384+0000] {python.py:202} INFO - Done. Returned value was: None
[2024-03-20T21:45:40.410+0000] {taskinstance.py:1149} INFO - Marking task as SUCCESS. dag_id=spotify_to_s3_data_extraction_v1, task_id=sptoify_to_csv, execution_date=20240320T214400, start_date=20240320T214506, end_date=20240320T214540
[2024-03-20T21:45:40.502+0000] {local_task_job_runner.py:234} INFO - Task exited with return code 0
[2024-03-20T21:45:40.569+0000] {taskinstance.py:3312} INFO - 1 downstream tasks scheduled from follow-on schedule check
