[2024-03-22T10:17:19.567+0000] {taskinstance.py:1979} INFO - Dependencies all met for dep_context=non-requeueable deps ti=<TaskInstance: spotify_to_s3_data_extraction_v1.sptoify_to_csv scheduled__2024-03-20T23:00:00+00:00 [queued]>
[2024-03-22T10:17:19.642+0000] {taskinstance.py:1979} INFO - Dependencies all met for dep_context=requeueable deps ti=<TaskInstance: spotify_to_s3_data_extraction_v1.sptoify_to_csv scheduled__2024-03-20T23:00:00+00:00 [queued]>
[2024-03-22T10:17:19.653+0000] {taskinstance.py:2193} INFO - Starting attempt 2 of 7
[2024-03-22T10:17:19.727+0000] {taskinstance.py:2217} INFO - Executing <Task(PythonOperator): sptoify_to_csv> on 2024-03-20 23:00:00+00:00
[2024-03-22T10:17:19.767+0000] {standard_task_runner.py:60} INFO - Started process 5233 to run task
[2024-03-22T10:17:19.783+0000] {standard_task_runner.py:87} INFO - Running: ['***', 'tasks', 'run', 'spotify_to_s3_data_extraction_v1', 'sptoify_to_csv', 'scheduled__2024-03-20T23:00:00+00:00', '--job-id', '1052', '--raw', '--subdir', 'DAGS_FOLDER/spotify_to_csvs_to_s3.py', '--cfg-path', '/tmp/tmpz57nx6wx']
[2024-03-22T10:17:19.817+0000] {standard_task_runner.py:88} INFO - Job 1052: Subtask sptoify_to_csv
[2024-03-22T10:17:20.354+0000] {task_command.py:423} INFO - Running <TaskInstance: spotify_to_s3_data_extraction_v1.sptoify_to_csv scheduled__2024-03-20T23:00:00+00:00 [running]> on host ca1809388db1
[2024-03-22T10:17:20.691+0000] {taskinstance.py:2513} INFO - Exporting env vars: AIRFLOW_CTX_DAG_OWNER='Nathaniel Solomon' AIRFLOW_CTX_DAG_ID='spotify_to_s3_data_extraction_v1' AIRFLOW_CTX_TASK_ID='sptoify_to_csv' AIRFLOW_CTX_EXECUTION_DATE='2024-03-20T23:00:00+00:00' AIRFLOW_CTX_TRY_NUMBER='2' AIRFLOW_CTX_DAG_RUN_ID='scheduled__2024-03-20T23:00:00+00:00'
[2024-03-22T10:17:20.694+0000] {logging_mixin.py:188} INFO - The extract function has been executed and this is data in the next line
[2024-03-22T10:17:20.695+0000] {logging_mixin.py:188} INFO - Initiating the Endpoint...
[2024-03-22T10:17:21.603+0000] {logging_mixin.py:188} INFO - Extracting other available tracks
[2024-03-22T10:17:29.287+0000] {logging_mixin.py:188} INFO - Adding the values of index 0 into the appropriate Keys...
[2024-03-22T10:17:31.792+0000] {logging_mixin.py:188} INFO - Adding the values of index 1 into the appropriate Keys...
[2024-03-22T10:17:32.680+0000] {logging_mixin.py:188} INFO - Adding the values of index 2 into the appropriate Keys...
[2024-03-22T10:17:33.560+0000] {logging_mixin.py:188} INFO - Adding the values of index 3 into the appropriate Keys...
[2024-03-22T10:17:40.566+0000] {logging_mixin.py:188} INFO - Adding the values of index 4 into the appropriate Keys...
[2024-03-22T10:17:41.411+0000] {logging_mixin.py:188} INFO - Adding the values of index 5 into the appropriate Keys...
[2024-03-22T10:17:50.432+0000] {logging_mixin.py:188} INFO - Adding the values of index 6 into the appropriate Keys...
[2024-03-22T10:17:51.646+0000] {logging_mixin.py:188} INFO - Adding the values of index 7 into the appropriate Keys...
[2024-03-22T10:17:52.595+0000] {logging_mixin.py:188} INFO - Adding the values of index 8 into the appropriate Keys...
[2024-03-22T10:17:53.607+0000] {logging_mixin.py:188} INFO - Adding the values of index 9 into the appropriate Keys...
[2024-03-22T10:18:02.005+0000] {logging_mixin.py:188} INFO - Done Extracting...
[2024-03-22T10:18:02.023+0000] {python.py:202} INFO - Done. Returned value was: None
[2024-03-22T10:18:02.038+0000] {taskinstance.py:1149} INFO - Marking task as SUCCESS. dag_id=spotify_to_s3_data_extraction_v1, task_id=sptoify_to_csv, execution_date=20240320T230000, start_date=20240322T101719, end_date=20240322T101802
[2024-03-22T10:18:02.081+0000] {local_task_job_runner.py:234} INFO - Task exited with return code 0
[2024-03-22T10:18:02.137+0000] {taskinstance.py:3312} INFO - 1 downstream tasks scheduled from follow-on schedule check
