[2024-03-23T21:11:12.653+0000] {taskinstance.py:1979} INFO - Dependencies all met for dep_context=non-requeueable deps ti=<TaskInstance: spotify_to_s3_data_extraction_v1.sptoify_to_csv manual__2024-03-21T16:48:54.506127+00:00 [queued]>
[2024-03-23T21:11:12.667+0000] {taskinstance.py:1979} INFO - Dependencies all met for dep_context=requeueable deps ti=<TaskInstance: spotify_to_s3_data_extraction_v1.sptoify_to_csv manual__2024-03-21T16:48:54.506127+00:00 [queued]>
[2024-03-23T21:11:12.668+0000] {taskinstance.py:2193} INFO - Starting attempt 1 of 6
[2024-03-23T21:11:12.687+0000] {taskinstance.py:2217} INFO - Executing <Task(PythonOperator): sptoify_to_csv> on 2024-03-21 16:48:54.506127+00:00
[2024-03-23T21:11:12.698+0000] {standard_task_runner.py:60} INFO - Started process 11359 to run task
[2024-03-23T21:11:12.703+0000] {standard_task_runner.py:87} INFO - Running: ['***', 'tasks', 'run', 'spotify_to_s3_data_extraction_v1', 'sptoify_to_csv', 'manual__2024-03-21T16:48:54.506127+00:00', '--job-id', '1316', '--raw', '--subdir', 'DAGS_FOLDER/spotify_to_csvs_to_s3.py', '--cfg-path', '/tmp/tmpwacjhlzb']
[2024-03-23T21:11:12.708+0000] {standard_task_runner.py:88} INFO - Job 1316: Subtask sptoify_to_csv
[2024-03-23T21:11:12.779+0000] {task_command.py:423} INFO - Running <TaskInstance: spotify_to_s3_data_extraction_v1.sptoify_to_csv manual__2024-03-21T16:48:54.506127+00:00 [running]> on host ca1809388db1
[2024-03-23T21:11:12.891+0000] {taskinstance.py:2513} INFO - Exporting env vars: AIRFLOW_CTX_DAG_OWNER='Nathaniel Solomon' AIRFLOW_CTX_DAG_ID='spotify_to_s3_data_extraction_v1' AIRFLOW_CTX_TASK_ID='sptoify_to_csv' AIRFLOW_CTX_EXECUTION_DATE='2024-03-21T16:48:54.506127+00:00' AIRFLOW_CTX_TRY_NUMBER='1' AIRFLOW_CTX_DAG_RUN_ID='manual__2024-03-21T16:48:54.506127+00:00'
[2024-03-23T21:11:12.894+0000] {logging_mixin.py:188} INFO - The extract function has been executed and this is data in the next line
[2024-03-23T21:11:12.895+0000] {logging_mixin.py:188} INFO - Initiating the Endpoint...
[2024-03-23T21:11:13.747+0000] {logging_mixin.py:188} INFO - Extracting other available tracks
[2024-03-23T21:11:23.232+0000] {logging_mixin.py:188} INFO - Adding the values of index 0 into the appropriate Keys...
[2024-03-23T21:11:24.766+0000] {logging_mixin.py:188} INFO - Adding the values of index 1 into the appropriate Keys...
[2024-03-23T21:11:26.355+0000] {logging_mixin.py:188} INFO - Adding the values of index 2 into the appropriate Keys...
[2024-03-23T21:11:27.451+0000] {logging_mixin.py:188} INFO - Adding the values of index 3 into the appropriate Keys...
[2024-03-23T21:11:28.606+0000] {logging_mixin.py:188} INFO - Adding the values of index 4 into the appropriate Keys...
[2024-03-23T21:11:29.741+0000] {logging_mixin.py:188} INFO - Adding the values of index 5 into the appropriate Keys...
[2024-03-23T21:11:30.840+0000] {logging_mixin.py:188} INFO - Adding the values of index 6 into the appropriate Keys...
[2024-03-23T21:11:31.989+0000] {logging_mixin.py:188} INFO - Adding the values of index 7 into the appropriate Keys...
[2024-03-23T21:11:33.429+0000] {logging_mixin.py:188} INFO - Adding the values of index 8 into the appropriate Keys...
[2024-03-23T21:11:34.499+0000] {logging_mixin.py:188} INFO - Adding the values of index 9 into the appropriate Keys...
[2024-03-23T21:11:35.702+0000] {logging_mixin.py:188} INFO - Done Extracting...
[2024-03-23T21:11:35.718+0000] {python.py:202} INFO - Done. Returned value was: None
[2024-03-23T21:11:35.732+0000] {taskinstance.py:1149} INFO - Marking task as SUCCESS. dag_id=spotify_to_s3_data_extraction_v1, task_id=sptoify_to_csv, execution_date=20240321T164854, start_date=20240323T211112, end_date=20240323T211135
[2024-03-23T21:11:35.790+0000] {local_task_job_runner.py:234} INFO - Task exited with return code 0
[2024-03-23T21:11:35.832+0000] {taskinstance.py:3312} INFO - 1 downstream tasks scheduled from follow-on schedule check
