[2024-03-24T04:36:58.575+0000] {taskinstance.py:1979} INFO - Dependencies all met for dep_context=non-requeueable deps ti=<TaskInstance: spotify_to_s3_data_extraction_v1.sptoify_to_csv scheduled__2024-03-21T06:16:00+00:00 [queued]>
[2024-03-24T04:36:58.583+0000] {taskinstance.py:1979} INFO - Dependencies all met for dep_context=requeueable deps ti=<TaskInstance: spotify_to_s3_data_extraction_v1.sptoify_to_csv scheduled__2024-03-21T06:16:00+00:00 [queued]>
[2024-03-24T04:36:58.583+0000] {taskinstance.py:2193} INFO - Starting attempt 9 of 11
[2024-03-24T04:36:58.597+0000] {taskinstance.py:2217} INFO - Executing <Task(PythonOperator): sptoify_to_csv> on 2024-03-21 06:16:00+00:00
[2024-03-24T04:36:58.603+0000] {standard_task_runner.py:60} INFO - Started process 12657 to run task
[2024-03-24T04:36:58.611+0000] {standard_task_runner.py:87} INFO - Running: ['***', 'tasks', 'run', 'spotify_to_s3_data_extraction_v1', 'sptoify_to_csv', 'scheduled__2024-03-21T06:16:00+00:00', '--job-id', '1337', '--raw', '--subdir', 'DAGS_FOLDER/spotify_to_csvs_to_s3.py', '--cfg-path', '/tmp/tmp2og4r3yd']
[2024-03-24T04:36:58.625+0000] {standard_task_runner.py:88} INFO - Job 1337: Subtask sptoify_to_csv
[2024-03-24T04:36:58.748+0000] {task_command.py:423} INFO - Running <TaskInstance: spotify_to_s3_data_extraction_v1.sptoify_to_csv scheduled__2024-03-21T06:16:00+00:00 [running]> on host ca1809388db1
[2024-03-24T04:36:58.846+0000] {taskinstance.py:2513} INFO - Exporting env vars: AIRFLOW_CTX_DAG_OWNER='Nathaniel Solomon' AIRFLOW_CTX_DAG_ID='spotify_to_s3_data_extraction_v1' AIRFLOW_CTX_TASK_ID='sptoify_to_csv' AIRFLOW_CTX_EXECUTION_DATE='2024-03-21T06:16:00+00:00' AIRFLOW_CTX_TRY_NUMBER='9' AIRFLOW_CTX_DAG_RUN_ID='scheduled__2024-03-21T06:16:00+00:00'
[2024-03-24T04:36:58.848+0000] {logging_mixin.py:188} INFO - The extract function has been executed and this is data in the next line
[2024-03-24T04:36:58.849+0000] {logging_mixin.py:188} INFO - Initiating the Endpoint...
[2024-03-24T04:36:59.829+0000] {logging_mixin.py:188} INFO - Extracting other available tracks
[2024-03-24T04:37:06.919+0000] {logging_mixin.py:188} INFO - Adding the values of index 0 into the appropriate Keys...
[2024-03-24T04:37:07.811+0000] {logging_mixin.py:188} INFO - Adding the values of index 1 into the appropriate Keys...
[2024-03-24T04:37:08.767+0000] {logging_mixin.py:188} INFO - Adding the values of index 2 into the appropriate Keys...
[2024-03-24T04:37:09.699+0000] {logging_mixin.py:188} INFO - Adding the values of index 3 into the appropriate Keys...
[2024-03-24T04:37:10.583+0000] {logging_mixin.py:188} INFO - Adding the values of index 4 into the appropriate Keys...
[2024-03-24T04:37:11.516+0000] {logging_mixin.py:188} INFO - Adding the values of index 5 into the appropriate Keys...
[2024-03-24T04:37:12.480+0000] {logging_mixin.py:188} INFO - Adding the values of index 6 into the appropriate Keys...
[2024-03-24T04:37:13.507+0000] {logging_mixin.py:188} INFO - Adding the values of index 7 into the appropriate Keys...
[2024-03-24T04:37:14.426+0000] {logging_mixin.py:188} INFO - Adding the values of index 8 into the appropriate Keys...
[2024-03-24T04:37:15.332+0000] {logging_mixin.py:188} INFO - Adding the values of index 9 into the appropriate Keys...
[2024-03-24T04:37:16.268+0000] {logging_mixin.py:188} INFO - Done Extracting...
[2024-03-24T04:37:16.282+0000] {python.py:202} INFO - Done. Returned value was: None
[2024-03-24T04:37:16.293+0000] {taskinstance.py:1149} INFO - Marking task as SUCCESS. dag_id=spotify_to_s3_data_extraction_v1, task_id=sptoify_to_csv, execution_date=20240321T061600, start_date=20240324T043658, end_date=20240324T043716
[2024-03-24T04:37:16.350+0000] {local_task_job_runner.py:234} INFO - Task exited with return code 0
[2024-03-24T04:37:16.374+0000] {taskinstance.py:3312} INFO - 1 downstream tasks scheduled from follow-on schedule check
