[2024-03-21T02:02:35.185+0000] {taskinstance.py:1979} INFO - Dependencies all met for dep_context=non-requeueable deps ti=<TaskInstance: spotify_to_s3_data_extraction_v1.sptoify_to_csv scheduled__2024-03-21T01:47:00+00:00 [queued]>
[2024-03-21T02:02:35.201+0000] {taskinstance.py:1979} INFO - Dependencies all met for dep_context=requeueable deps ti=<TaskInstance: spotify_to_s3_data_extraction_v1.sptoify_to_csv scheduled__2024-03-21T01:47:00+00:00 [queued]>
[2024-03-21T02:02:35.203+0000] {taskinstance.py:2193} INFO - Starting attempt 1 of 6
[2024-03-21T02:02:35.230+0000] {taskinstance.py:2217} INFO - Executing <Task(PythonOperator): sptoify_to_csv> on 2024-03-21 01:47:00+00:00
[2024-03-21T02:02:35.242+0000] {standard_task_runner.py:60} INFO - Started process 1348 to run task
[2024-03-21T02:02:35.248+0000] {standard_task_runner.py:87} INFO - Running: ['***', 'tasks', 'run', 'spotify_to_s3_data_extraction_v1', 'sptoify_to_csv', 'scheduled__2024-03-21T01:47:00+00:00', '--job-id', '276', '--raw', '--subdir', 'DAGS_FOLDER/spotify_to_csvs_to_s3.py', '--cfg-path', '/tmp/tmp7_ds4p83']
[2024-03-21T02:02:35.252+0000] {standard_task_runner.py:88} INFO - Job 276: Subtask sptoify_to_csv
[2024-03-21T02:02:35.344+0000] {task_command.py:423} INFO - Running <TaskInstance: spotify_to_s3_data_extraction_v1.sptoify_to_csv scheduled__2024-03-21T01:47:00+00:00 [running]> on host ca1809388db1
[2024-03-21T02:02:35.489+0000] {taskinstance.py:2513} INFO - Exporting env vars: AIRFLOW_CTX_DAG_OWNER='Nathaniel Solomon' AIRFLOW_CTX_DAG_ID='spotify_to_s3_data_extraction_v1' AIRFLOW_CTX_TASK_ID='sptoify_to_csv' AIRFLOW_CTX_EXECUTION_DATE='2024-03-21T01:47:00+00:00' AIRFLOW_CTX_TRY_NUMBER='1' AIRFLOW_CTX_DAG_RUN_ID='scheduled__2024-03-21T01:47:00+00:00'
[2024-03-21T02:02:35.492+0000] {logging_mixin.py:188} INFO - The extract function has been executed and this is data in the next line
[2024-03-21T02:02:35.493+0000] {logging_mixin.py:188} INFO - Initiating the Endpoint...
[2024-03-21T02:02:36.748+0000] {logging_mixin.py:188} INFO - Extracting other available tracks
[2024-03-21T02:02:45.070+0000] {logging_mixin.py:188} INFO - Adding the values of index 0 into the appropriate Keys...
[2024-03-21T02:02:46.961+0000] {logging_mixin.py:188} INFO - Adding the values of index 1 into the appropriate Keys...
[2024-03-21T02:02:48.263+0000] {logging_mixin.py:188} INFO - Adding the values of index 2 into the appropriate Keys...
[2024-03-21T02:02:49.605+0000] {logging_mixin.py:188} INFO - Adding the values of index 3 into the appropriate Keys...
[2024-03-21T02:02:51.080+0000] {logging_mixin.py:188} INFO - Adding the values of index 4 into the appropriate Keys...
[2024-03-21T02:02:52.360+0000] {logging_mixin.py:188} INFO - Adding the values of index 5 into the appropriate Keys...
[2024-03-21T02:02:53.571+0000] {logging_mixin.py:188} INFO - Adding the values of index 6 into the appropriate Keys...
[2024-03-21T02:02:55.287+0000] {logging_mixin.py:188} INFO - Adding the values of index 7 into the appropriate Keys...
[2024-03-21T02:02:56.772+0000] {logging_mixin.py:188} INFO - Adding the values of index 8 into the appropriate Keys...
[2024-03-21T02:02:58.156+0000] {logging_mixin.py:188} INFO - Adding the values of index 9 into the appropriate Keys...
[2024-03-21T02:02:59.617+0000] {logging_mixin.py:188} INFO - Done Extracting...
[2024-03-21T02:03:00.301+0000] {python.py:202} INFO - Done. Returned value was: None
[2024-03-21T02:03:00.974+0000] {taskinstance.py:1149} INFO - Marking task as SUCCESS. dag_id=spotify_to_s3_data_extraction_v1, task_id=sptoify_to_csv, execution_date=20240321T014700, start_date=20240321T020235, end_date=20240321T020300
[2024-03-21T02:03:01.652+0000] {local_task_job_runner.py:234} INFO - Task exited with return code 0
[2024-03-21T02:03:02.432+0000] {taskinstance.py:3312} INFO - 1 downstream tasks scheduled from follow-on schedule check
