[2024-03-22T10:19:47.407+0000] {taskinstance.py:1979} INFO - Dependencies all met for dep_context=non-requeueable deps ti=<TaskInstance: spotify_to_s3_data_extraction_v1.sptoify_to_csv scheduled__2024-03-21T01:47:00+00:00 [queued]>
[2024-03-22T10:19:47.427+0000] {taskinstance.py:1979} INFO - Dependencies all met for dep_context=requeueable deps ti=<TaskInstance: spotify_to_s3_data_extraction_v1.sptoify_to_csv scheduled__2024-03-21T01:47:00+00:00 [queued]>
[2024-03-22T10:19:47.428+0000] {taskinstance.py:2193} INFO - Starting attempt 2 of 7
[2024-03-22T10:19:47.462+0000] {taskinstance.py:2217} INFO - Executing <Task(PythonOperator): sptoify_to_csv> on 2024-03-21 01:47:00+00:00
[2024-03-22T10:19:47.480+0000] {standard_task_runner.py:60} INFO - Started process 5433 to run task
[2024-03-22T10:19:47.488+0000] {standard_task_runner.py:87} INFO - Running: ['***', 'tasks', 'run', 'spotify_to_s3_data_extraction_v1', 'sptoify_to_csv', 'scheduled__2024-03-21T01:47:00+00:00', '--job-id', '1113', '--raw', '--subdir', 'DAGS_FOLDER/spotify_to_csvs_to_s3.py', '--cfg-path', '/tmp/tmp8_i6ogem']
[2024-03-22T10:19:47.497+0000] {standard_task_runner.py:88} INFO - Job 1113: Subtask sptoify_to_csv
[2024-03-22T10:19:47.602+0000] {task_command.py:423} INFO - Running <TaskInstance: spotify_to_s3_data_extraction_v1.sptoify_to_csv scheduled__2024-03-21T01:47:00+00:00 [running]> on host ca1809388db1
[2024-03-22T10:19:47.773+0000] {taskinstance.py:2513} INFO - Exporting env vars: AIRFLOW_CTX_DAG_OWNER='Nathaniel Solomon' AIRFLOW_CTX_DAG_ID='spotify_to_s3_data_extraction_v1' AIRFLOW_CTX_TASK_ID='sptoify_to_csv' AIRFLOW_CTX_EXECUTION_DATE='2024-03-21T01:47:00+00:00' AIRFLOW_CTX_TRY_NUMBER='2' AIRFLOW_CTX_DAG_RUN_ID='scheduled__2024-03-21T01:47:00+00:00'
[2024-03-22T10:19:47.776+0000] {logging_mixin.py:188} INFO - The extract function has been executed and this is data in the next line
[2024-03-22T10:19:47.778+0000] {logging_mixin.py:188} INFO - Initiating the Endpoint...
[2024-03-22T10:19:48.707+0000] {logging_mixin.py:188} INFO - Extracting other available tracks
[2024-03-22T10:20:01.222+0000] {logging_mixin.py:188} INFO - Adding the values of index 0 into the appropriate Keys...
[2024-03-22T10:20:03.387+0000] {logging_mixin.py:188} INFO - Adding the values of index 1 into the appropriate Keys...
[2024-03-22T10:20:04.565+0000] {logging_mixin.py:188} INFO - Adding the values of index 2 into the appropriate Keys...
[2024-03-22T10:20:05.773+0000] {logging_mixin.py:188} INFO - Adding the values of index 3 into the appropriate Keys...
[2024-03-22T10:20:07.051+0000] {logging_mixin.py:188} INFO - Adding the values of index 4 into the appropriate Keys...
[2024-03-22T10:20:12.742+0000] {logging_mixin.py:188} INFO - Adding the values of index 5 into the appropriate Keys...
[2024-03-22T10:20:13.619+0000] {logging_mixin.py:188} INFO - Adding the values of index 6 into the appropriate Keys...
[2024-03-22T10:20:15.160+0000] {logging_mixin.py:188} INFO - Adding the values of index 7 into the appropriate Keys...
[2024-03-22T10:20:16.111+0000] {logging_mixin.py:188} INFO - Adding the values of index 8 into the appropriate Keys...
[2024-03-22T10:20:17.136+0000] {logging_mixin.py:188} INFO - Adding the values of index 9 into the appropriate Keys...
[2024-03-22T10:20:18.800+0000] {logging_mixin.py:188} INFO - Done Extracting...
[2024-03-22T10:20:18.861+0000] {python.py:202} INFO - Done. Returned value was: None
[2024-03-22T10:20:18.951+0000] {taskinstance.py:1149} INFO - Marking task as SUCCESS. dag_id=spotify_to_s3_data_extraction_v1, task_id=sptoify_to_csv, execution_date=20240321T014700, start_date=20240322T101947, end_date=20240322T102018
[2024-03-22T10:20:19.378+0000] {local_task_job_runner.py:234} INFO - Task exited with return code 0
[2024-03-22T10:20:19.556+0000] {taskinstance.py:3312} INFO - 1 downstream tasks scheduled from follow-on schedule check
