[2024-03-21T01:13:23.713+0000] {taskinstance.py:1979} INFO - Dependencies all met for dep_context=non-requeueable deps ti=<TaskInstance: spotify_to_s3_data_extraction_v1.sptoify_to_csv scheduled__2024-03-21T01:12:00+00:00 [queued]>
[2024-03-21T01:13:23.726+0000] {taskinstance.py:1979} INFO - Dependencies all met for dep_context=requeueable deps ti=<TaskInstance: spotify_to_s3_data_extraction_v1.sptoify_to_csv scheduled__2024-03-21T01:12:00+00:00 [queued]>
[2024-03-21T01:13:23.727+0000] {taskinstance.py:2193} INFO - Starting attempt 1 of 6
[2024-03-21T01:13:23.749+0000] {taskinstance.py:2217} INFO - Executing <Task(PythonOperator): sptoify_to_csv> on 2024-03-21 01:12:00+00:00
[2024-03-21T01:13:23.759+0000] {standard_task_runner.py:60} INFO - Started process 1212 to run task
[2024-03-21T01:13:23.765+0000] {standard_task_runner.py:87} INFO - Running: ['***', 'tasks', 'run', 'spotify_to_s3_data_extraction_v1', 'sptoify_to_csv', 'scheduled__2024-03-21T01:12:00+00:00', '--job-id', '254', '--raw', '--subdir', 'DAGS_FOLDER/spotify_to_csvs_to_s3.py', '--cfg-path', '/tmp/tmpxv7oqkbm']
[2024-03-21T01:13:23.769+0000] {standard_task_runner.py:88} INFO - Job 254: Subtask sptoify_to_csv
[2024-03-21T01:13:23.840+0000] {task_command.py:423} INFO - Running <TaskInstance: spotify_to_s3_data_extraction_v1.sptoify_to_csv scheduled__2024-03-21T01:12:00+00:00 [running]> on host ca1809388db1
[2024-03-21T01:13:23.944+0000] {taskinstance.py:2513} INFO - Exporting env vars: AIRFLOW_CTX_DAG_OWNER='Nathaniel Solomon' AIRFLOW_CTX_DAG_ID='spotify_to_s3_data_extraction_v1' AIRFLOW_CTX_TASK_ID='sptoify_to_csv' AIRFLOW_CTX_EXECUTION_DATE='2024-03-21T01:12:00+00:00' AIRFLOW_CTX_TRY_NUMBER='1' AIRFLOW_CTX_DAG_RUN_ID='scheduled__2024-03-21T01:12:00+00:00'
[2024-03-21T01:13:23.946+0000] {logging_mixin.py:188} INFO - The extract function has been executed and this is data in the next line
[2024-03-21T01:13:23.947+0000] {logging_mixin.py:188} INFO - Initiating the Endpoint...
[2024-03-21T01:13:24.571+0000] {logging_mixin.py:188} INFO - Extracting other available tracks
[2024-03-21T01:13:32.822+0000] {logging_mixin.py:188} INFO - Adding the values of index 0 into the appropriate Keys...
[2024-03-21T01:13:34.655+0000] {logging_mixin.py:188} INFO - Adding the values of index 1 into the appropriate Keys...
[2024-03-21T01:13:35.958+0000] {logging_mixin.py:188} INFO - Adding the values of index 2 into the appropriate Keys...
[2024-03-21T01:13:37.193+0000] {logging_mixin.py:188} INFO - Adding the values of index 3 into the appropriate Keys...
[2024-03-21T01:13:38.475+0000] {logging_mixin.py:188} INFO - Adding the values of index 4 into the appropriate Keys...
[2024-03-21T01:13:39.766+0000] {logging_mixin.py:188} INFO - Adding the values of index 5 into the appropriate Keys...
[2024-03-21T01:13:41.012+0000] {logging_mixin.py:188} INFO - Adding the values of index 6 into the appropriate Keys...
[2024-03-21T01:13:42.584+0000] {logging_mixin.py:188} INFO - Adding the values of index 7 into the appropriate Keys...
[2024-03-21T01:13:43.913+0000] {logging_mixin.py:188} INFO - Adding the values of index 8 into the appropriate Keys...
[2024-03-21T01:13:45.592+0000] {logging_mixin.py:188} INFO - Adding the values of index 9 into the appropriate Keys...
[2024-03-21T01:13:48.664+0000] {logging_mixin.py:188} INFO - Done Extracting...
[2024-03-21T01:13:48.955+0000] {python.py:202} INFO - Done. Returned value was: None
[2024-03-21T01:13:49.162+0000] {taskinstance.py:1149} INFO - Marking task as SUCCESS. dag_id=spotify_to_s3_data_extraction_v1, task_id=sptoify_to_csv, execution_date=20240321T011200, start_date=20240321T011323, end_date=20240321T011349
[2024-03-21T01:13:49.590+0000] {local_task_job_runner.py:234} INFO - Task exited with return code 0
[2024-03-21T01:13:50.505+0000] {taskinstance.py:3312} INFO - 1 downstream tasks scheduled from follow-on schedule check
