[2024-03-23T21:12:38.641+0000] {taskinstance.py:1979} INFO - Dependencies all met for dep_context=non-requeueable deps ti=<TaskInstance: spotify_to_s3_data_extraction_v1.sptoify_to_csv scheduled__2024-03-21T13:51:00+00:00 [queued]>
[2024-03-23T21:12:38.660+0000] {taskinstance.py:1979} INFO - Dependencies all met for dep_context=requeueable deps ti=<TaskInstance: spotify_to_s3_data_extraction_v1.sptoify_to_csv scheduled__2024-03-21T13:51:00+00:00 [queued]>
[2024-03-23T21:12:38.661+0000] {taskinstance.py:2193} INFO - Starting attempt 8 of 12
[2024-03-23T21:12:38.691+0000] {taskinstance.py:2217} INFO - Executing <Task(PythonOperator): sptoify_to_csv> on 2024-03-21 13:51:00+00:00
[2024-03-23T21:12:38.704+0000] {standard_task_runner.py:60} INFO - Started process 11404 to run task
[2024-03-23T21:12:38.712+0000] {standard_task_runner.py:87} INFO - Running: ['***', 'tasks', 'run', 'spotify_to_s3_data_extraction_v1', 'sptoify_to_csv', 'scheduled__2024-03-21T13:51:00+00:00', '--job-id', '1321', '--raw', '--subdir', 'DAGS_FOLDER/spotify_to_csvs_to_s3.py', '--cfg-path', '/tmp/tmpm0ippz7y']
[2024-03-23T21:12:38.720+0000] {standard_task_runner.py:88} INFO - Job 1321: Subtask sptoify_to_csv
[2024-03-23T21:12:38.823+0000] {task_command.py:423} INFO - Running <TaskInstance: spotify_to_s3_data_extraction_v1.sptoify_to_csv scheduled__2024-03-21T13:51:00+00:00 [running]> on host ca1809388db1
[2024-03-23T21:12:38.991+0000] {taskinstance.py:2513} INFO - Exporting env vars: AIRFLOW_CTX_DAG_OWNER='Nathaniel Solomon' AIRFLOW_CTX_DAG_ID='spotify_to_s3_data_extraction_v1' AIRFLOW_CTX_TASK_ID='sptoify_to_csv' AIRFLOW_CTX_EXECUTION_DATE='2024-03-21T13:51:00+00:00' AIRFLOW_CTX_TRY_NUMBER='8' AIRFLOW_CTX_DAG_RUN_ID='scheduled__2024-03-21T13:51:00+00:00'
[2024-03-23T21:12:38.995+0000] {logging_mixin.py:188} INFO - The extract function has been executed and this is data in the next line
[2024-03-23T21:12:38.997+0000] {logging_mixin.py:188} INFO - Initiating the Endpoint...
[2024-03-23T21:12:40.475+0000] {logging_mixin.py:188} INFO - Extracting other available tracks
[2024-03-23T21:12:49.318+0000] {logging_mixin.py:188} INFO - Adding the values of index 0 into the appropriate Keys...
[2024-03-23T21:12:50.937+0000] {logging_mixin.py:188} INFO - Adding the values of index 1 into the appropriate Keys...
[2024-03-23T21:12:52.616+0000] {logging_mixin.py:188} INFO - Adding the values of index 2 into the appropriate Keys...
[2024-03-23T21:12:58.029+0000] {logging_mixin.py:188} INFO - Adding the values of index 3 into the appropriate Keys...
[2024-03-23T21:12:59.083+0000] {logging_mixin.py:188} INFO - Adding the values of index 4 into the appropriate Keys...
[2024-03-23T21:13:00.292+0000] {logging_mixin.py:188} INFO - Adding the values of index 5 into the appropriate Keys...
[2024-03-23T21:13:01.499+0000] {logging_mixin.py:188} INFO - Adding the values of index 6 into the appropriate Keys...
[2024-03-23T21:13:02.476+0000] {logging_mixin.py:188} INFO - Adding the values of index 7 into the appropriate Keys...
[2024-03-23T21:13:08.067+0000] {logging_mixin.py:188} INFO - Adding the values of index 8 into the appropriate Keys...
[2024-03-23T21:13:09.137+0000] {logging_mixin.py:188} INFO - Adding the values of index 9 into the appropriate Keys...
[2024-03-23T21:13:10.361+0000] {logging_mixin.py:188} INFO - Done Extracting...
[2024-03-23T21:13:10.378+0000] {python.py:202} INFO - Done. Returned value was: None
[2024-03-23T21:13:10.393+0000] {taskinstance.py:1149} INFO - Marking task as SUCCESS. dag_id=spotify_to_s3_data_extraction_v1, task_id=sptoify_to_csv, execution_date=20240321T135100, start_date=20240323T211238, end_date=20240323T211310
[2024-03-23T21:13:10.447+0000] {local_task_job_runner.py:234} INFO - Task exited with return code 0
[2024-03-23T21:13:10.484+0000] {taskinstance.py:3312} INFO - 1 downstream tasks scheduled from follow-on schedule check
