[2024-03-21T16:47:37.045+0000] {taskinstance.py:1979} INFO - Dependencies all met for dep_context=non-requeueable deps ti=<TaskInstance: spotify_to_s3_data_extraction_v1.sptoify_to_csv scheduled__2024-03-21T07:32:00+00:00 [queued]>
[2024-03-21T16:47:37.131+0000] {taskinstance.py:1979} INFO - Dependencies all met for dep_context=requeueable deps ti=<TaskInstance: spotify_to_s3_data_extraction_v1.sptoify_to_csv scheduled__2024-03-21T07:32:00+00:00 [queued]>
[2024-03-21T16:47:37.136+0000] {taskinstance.py:2193} INFO - Starting attempt 3 of 8
[2024-03-21T16:47:37.789+0000] {taskinstance.py:2217} INFO - Executing <Task(PythonOperator): sptoify_to_csv> on 2024-03-21 07:32:00+00:00
[2024-03-21T16:47:37.978+0000] {standard_task_runner.py:60} INFO - Started process 3130 to run task
[2024-03-21T16:47:38.146+0000] {standard_task_runner.py:87} INFO - Running: ['***', 'tasks', 'run', 'spotify_to_s3_data_extraction_v1', 'sptoify_to_csv', 'scheduled__2024-03-21T07:32:00+00:00', '--job-id', '615', '--raw', '--subdir', 'DAGS_FOLDER/spotify_to_csvs_to_s3.py', '--cfg-path', '/tmp/tmpgmhgycro']
[2024-03-21T16:47:38.214+0000] {standard_task_runner.py:88} INFO - Job 615: Subtask sptoify_to_csv
[2024-03-21T16:47:38.746+0000] {task_command.py:423} INFO - Running <TaskInstance: spotify_to_s3_data_extraction_v1.sptoify_to_csv scheduled__2024-03-21T07:32:00+00:00 [running]> on host ca1809388db1
[2024-03-21T16:47:39.520+0000] {taskinstance.py:2513} INFO - Exporting env vars: AIRFLOW_CTX_DAG_OWNER='Nathaniel Solomon' AIRFLOW_CTX_DAG_ID='spotify_to_s3_data_extraction_v1' AIRFLOW_CTX_TASK_ID='sptoify_to_csv' AIRFLOW_CTX_EXECUTION_DATE='2024-03-21T07:32:00+00:00' AIRFLOW_CTX_TRY_NUMBER='3' AIRFLOW_CTX_DAG_RUN_ID='scheduled__2024-03-21T07:32:00+00:00'
[2024-03-21T16:47:39.601+0000] {logging_mixin.py:188} INFO - The extract function has been executed and this is data in the next line
[2024-03-21T16:47:39.649+0000] {logging_mixin.py:188} INFO - Initiating the Endpoint...
[2024-03-21T16:47:41.705+0000] {logging_mixin.py:188} INFO - Extracting other available tracks
[2024-03-21T16:47:58.693+0000] {local_task_job_runner.py:302} WARNING - State of this instance has been externally set to restarting. Terminating instance.
[2024-03-21T16:47:58.782+0000] {process_utils.py:131} INFO - Sending 15 to group 3130. PIDs of all processes in the group: [3130]
[2024-03-21T16:47:58.795+0000] {process_utils.py:86} INFO - Sending the signal 15 to group 3130
[2024-03-21T16:47:58.800+0000] {taskinstance.py:2483} ERROR - Received SIGTERM. Terminating subprocesses.
[2024-03-21T16:47:58.919+0000] {taskinstance.py:2731} ERROR - Task failed with exception
Traceback (most recent call last):
  File "/home/airflow/.local/lib/python3.8/site-packages/airflow/models/taskinstance.py", line 444, in _execute_task
    result = _execute_callable(context=context, **execute_callable_kwargs)
  File "/home/airflow/.local/lib/python3.8/site-packages/airflow/models/taskinstance.py", line 414, in _execute_callable
    return execute_callable(context=context, **execute_callable_kwargs)
  File "/home/airflow/.local/lib/python3.8/site-packages/airflow/operators/python.py", line 200, in execute
    return_value = self.execute_callable()
  File "/home/airflow/.local/lib/python3.8/site-packages/airflow/operators/python.py", line 217, in execute_callable
    return self.python_callable(*self.op_args, **self.op_kwargs)
  File "/opt/airflow/dags/spotify_to_csvs_to_s3.py", line 64, in Spotify_to_CSV
    top_tracks = sp.next(top_tracks['tracks'])
  File "/home/airflow/.local/lib/python3.8/site-packages/spotipy/client.py", line 347, in next
    return self._get(result["next"])
  File "/home/airflow/.local/lib/python3.8/site-packages/spotipy/client.py", line 323, in _get
    return self._internal_call("GET", url, payload, kwargs)
  File "/home/airflow/.local/lib/python3.8/site-packages/spotipy/client.py", line 266, in _internal_call
    response = self._session.request(
  File "/home/airflow/.local/lib/python3.8/site-packages/requests/sessions.py", line 589, in request
    resp = self.send(prep, **send_kwargs)
  File "/home/airflow/.local/lib/python3.8/site-packages/requests/sessions.py", line 703, in send
    r = adapter.send(request, **kwargs)
  File "/home/airflow/.local/lib/python3.8/site-packages/requests/adapters.py", line 538, in send
    return self.build_response(request, resp)
  File "/home/airflow/.local/lib/python3.8/site-packages/requests/adapters.py", line 310, in build_response
    response.headers = CaseInsensitiveDict(getattr(resp, "headers", {}))
  File "/home/airflow/.local/lib/python3.8/site-packages/requests/structures.py", line 44, in __init__
    self.update(data, **kwargs)
  File "/usr/local/lib/python3.8/_collections_abc.py", line 832, in update
    self[key] = other[key]
  File "/home/airflow/.local/lib/python3.8/site-packages/urllib3/_collections.py", line 158, in __getitem__
    return ", ".join(val[1:])
  File "/home/airflow/.local/lib/python3.8/site-packages/airflow/models/taskinstance.py", line 2485, in signal_handler
    raise AirflowException("Task received SIGTERM signal")
airflow.exceptions.AirflowException: Task received SIGTERM signal
[2024-03-21T16:47:58.975+0000] {taskinstance.py:1149} INFO - Marking task as UP_FOR_RETRY. dag_id=spotify_to_s3_data_extraction_v1, task_id=sptoify_to_csv, execution_date=20240321T073200, start_date=20240321T164737, end_date=20240321T164758
[2024-03-21T16:47:59.032+0000] {standard_task_runner.py:107} ERROR - Failed to execute job 615 for task sptoify_to_csv (Task received SIGTERM signal; 3130)
[2024-03-21T16:47:59.095+0000] {process_utils.py:79} INFO - Process psutil.Process(pid=3130, status='terminated', exitcode=1, started='16:47:37') (3130) terminated with exit code 1
