[2024-03-23T21:10:41.560+0000] {taskinstance.py:1979} INFO - Dependencies all met for dep_context=non-requeueable deps ti=<TaskInstance: spotify_to_s3_data_extraction_v1.sptoify_to_csv scheduled__2024-03-21T13:52:00+00:00 [queued]>
[2024-03-23T21:10:41.575+0000] {taskinstance.py:1979} INFO - Dependencies all met for dep_context=requeueable deps ti=<TaskInstance: spotify_to_s3_data_extraction_v1.sptoify_to_csv scheduled__2024-03-21T13:52:00+00:00 [queued]>
[2024-03-23T21:10:41.576+0000] {taskinstance.py:2193} INFO - Starting attempt 7 of 12
[2024-03-23T21:10:41.595+0000] {taskinstance.py:2217} INFO - Executing <Task(PythonOperator): sptoify_to_csv> on 2024-03-21 13:52:00+00:00
[2024-03-23T21:10:41.607+0000] {standard_task_runner.py:60} INFO - Started process 11353 to run task
[2024-03-23T21:10:41.612+0000] {standard_task_runner.py:87} INFO - Running: ['***', 'tasks', 'run', 'spotify_to_s3_data_extraction_v1', 'sptoify_to_csv', 'scheduled__2024-03-21T13:52:00+00:00', '--job-id', '1314', '--raw', '--subdir', 'DAGS_FOLDER/spotify_to_csvs_to_s3.py', '--cfg-path', '/tmp/tmppaw6by36']
[2024-03-23T21:10:41.617+0000] {standard_task_runner.py:88} INFO - Job 1314: Subtask sptoify_to_csv
[2024-03-23T21:10:41.699+0000] {task_command.py:423} INFO - Running <TaskInstance: spotify_to_s3_data_extraction_v1.sptoify_to_csv scheduled__2024-03-21T13:52:00+00:00 [running]> on host ca1809388db1
[2024-03-23T21:10:41.847+0000] {taskinstance.py:2513} INFO - Exporting env vars: AIRFLOW_CTX_DAG_OWNER='Nathaniel Solomon' AIRFLOW_CTX_DAG_ID='spotify_to_s3_data_extraction_v1' AIRFLOW_CTX_TASK_ID='sptoify_to_csv' AIRFLOW_CTX_EXECUTION_DATE='2024-03-21T13:52:00+00:00' AIRFLOW_CTX_TRY_NUMBER='7' AIRFLOW_CTX_DAG_RUN_ID='scheduled__2024-03-21T13:52:00+00:00'
[2024-03-23T21:10:41.850+0000] {logging_mixin.py:188} INFO - The extract function has been executed and this is data in the next line
[2024-03-23T21:10:41.851+0000] {logging_mixin.py:188} INFO - Initiating the Endpoint...
[2024-03-23T21:10:42.763+0000] {logging_mixin.py:188} INFO - Extracting other available tracks
[2024-03-23T21:10:52.606+0000] {logging_mixin.py:188} INFO - Adding the values of index 0 into the appropriate Keys...
[2024-03-23T21:10:54.165+0000] {logging_mixin.py:188} INFO - Adding the values of index 1 into the appropriate Keys...
[2024-03-23T21:10:55.728+0000] {logging_mixin.py:188} INFO - Adding the values of index 2 into the appropriate Keys...
[2024-03-23T21:10:57.572+0000] {logging_mixin.py:188} INFO - Adding the values of index 3 into the appropriate Keys...
[2024-03-23T21:10:58.973+0000] {logging_mixin.py:188} INFO - Adding the values of index 4 into the appropriate Keys...
[2024-03-23T21:11:00.244+0000] {logging_mixin.py:188} INFO - Adding the values of index 5 into the appropriate Keys...
[2024-03-23T21:11:01.360+0000] {logging_mixin.py:188} INFO - Adding the values of index 6 into the appropriate Keys...
[2024-03-23T21:11:02.499+0000] {logging_mixin.py:188} INFO - Adding the values of index 7 into the appropriate Keys...
[2024-03-23T21:11:04.174+0000] {logging_mixin.py:188} INFO - Adding the values of index 8 into the appropriate Keys...
[2024-03-23T21:11:05.457+0000] {logging_mixin.py:188} INFO - Adding the values of index 9 into the appropriate Keys...
[2024-03-23T21:11:06.608+0000] {logging_mixin.py:188} INFO - Done Extracting...
[2024-03-23T21:11:06.629+0000] {python.py:202} INFO - Done. Returned value was: None
[2024-03-23T21:11:06.643+0000] {taskinstance.py:1149} INFO - Marking task as SUCCESS. dag_id=spotify_to_s3_data_extraction_v1, task_id=sptoify_to_csv, execution_date=20240321T135200, start_date=20240323T211041, end_date=20240323T211106
[2024-03-23T21:11:06.684+0000] {local_task_job_runner.py:234} INFO - Task exited with return code 0
[2024-03-23T21:11:06.986+0000] {taskinstance.py:3312} INFO - 0 downstream tasks scheduled from follow-on schedule check
