[2024-03-24T04:14:41.243+0000] {taskinstance.py:1979} INFO - Dependencies all met for dep_context=non-requeueable deps ti=<TaskInstance: spotify_to_s3_data_extraction_v1.sptoify_to_csv scheduled__2024-03-21T06:18:00+00:00 [queued]>
[2024-03-24T04:14:41.257+0000] {taskinstance.py:1979} INFO - Dependencies all met for dep_context=requeueable deps ti=<TaskInstance: spotify_to_s3_data_extraction_v1.sptoify_to_csv scheduled__2024-03-21T06:18:00+00:00 [queued]>
[2024-03-24T04:14:41.258+0000] {taskinstance.py:2193} INFO - Starting attempt 7 of 10
[2024-03-24T04:14:41.278+0000] {taskinstance.py:2217} INFO - Executing <Task(PythonOperator): sptoify_to_csv> on 2024-03-21 06:18:00+00:00
[2024-03-24T04:14:41.289+0000] {standard_task_runner.py:60} INFO - Started process 12318 to run task
[2024-03-24T04:14:41.294+0000] {standard_task_runner.py:87} INFO - Running: ['***', 'tasks', 'run', 'spotify_to_s3_data_extraction_v1', 'sptoify_to_csv', 'scheduled__2024-03-21T06:18:00+00:00', '--job-id', '1335', '--raw', '--subdir', 'DAGS_FOLDER/spotify_to_csvs_to_s3.py', '--cfg-path', '/tmp/tmpwm8uljif']
[2024-03-24T04:14:41.299+0000] {standard_task_runner.py:88} INFO - Job 1335: Subtask sptoify_to_csv
[2024-03-24T04:14:41.375+0000] {task_command.py:423} INFO - Running <TaskInstance: spotify_to_s3_data_extraction_v1.sptoify_to_csv scheduled__2024-03-21T06:18:00+00:00 [running]> on host ca1809388db1
[2024-03-24T04:14:41.521+0000] {taskinstance.py:2513} INFO - Exporting env vars: AIRFLOW_CTX_DAG_OWNER='Nathaniel Solomon' AIRFLOW_CTX_DAG_ID='spotify_to_s3_data_extraction_v1' AIRFLOW_CTX_TASK_ID='sptoify_to_csv' AIRFLOW_CTX_EXECUTION_DATE='2024-03-21T06:18:00+00:00' AIRFLOW_CTX_TRY_NUMBER='7' AIRFLOW_CTX_DAG_RUN_ID='scheduled__2024-03-21T06:18:00+00:00'
[2024-03-24T04:14:41.523+0000] {logging_mixin.py:188} INFO - The extract function has been executed and this is data in the next line
[2024-03-24T04:14:41.524+0000] {logging_mixin.py:188} INFO - Initiating the Endpoint...
[2024-03-24T04:14:42.038+0000] {logging_mixin.py:188} INFO - Extracting other available tracks
[2024-03-24T04:14:49.819+0000] {logging_mixin.py:188} INFO - Adding the values of index 0 into the appropriate Keys...
[2024-03-24T04:14:50.696+0000] {logging_mixin.py:188} INFO - Adding the values of index 1 into the appropriate Keys...
[2024-03-24T04:14:51.604+0000] {logging_mixin.py:188} INFO - Adding the values of index 2 into the appropriate Keys...
[2024-03-24T04:14:52.543+0000] {logging_mixin.py:188} INFO - Adding the values of index 3 into the appropriate Keys...
[2024-03-24T04:14:53.422+0000] {logging_mixin.py:188} INFO - Adding the values of index 4 into the appropriate Keys...
[2024-03-24T04:14:54.356+0000] {logging_mixin.py:188} INFO - Adding the values of index 5 into the appropriate Keys...
[2024-03-24T04:14:55.431+0000] {logging_mixin.py:188} INFO - Adding the values of index 6 into the appropriate Keys...
[2024-03-24T04:14:56.487+0000] {logging_mixin.py:188} INFO - Adding the values of index 7 into the appropriate Keys...
[2024-03-24T04:14:57.408+0000] {logging_mixin.py:188} INFO - Adding the values of index 8 into the appropriate Keys...
[2024-03-24T04:14:58.323+0000] {logging_mixin.py:188} INFO - Adding the values of index 9 into the appropriate Keys...
[2024-03-24T04:14:59.251+0000] {logging_mixin.py:188} INFO - Done Extracting...
[2024-03-24T04:14:59.270+0000] {python.py:202} INFO - Done. Returned value was: None
[2024-03-24T04:14:59.282+0000] {taskinstance.py:1149} INFO - Marking task as SUCCESS. dag_id=spotify_to_s3_data_extraction_v1, task_id=sptoify_to_csv, execution_date=20240321T061800, start_date=20240324T041441, end_date=20240324T041459
[2024-03-24T04:14:59.339+0000] {local_task_job_runner.py:234} INFO - Task exited with return code 0
[2024-03-24T04:14:59.441+0000] {taskinstance.py:3312} INFO - 0 downstream tasks scheduled from follow-on schedule check
