[2024-03-20T22:41:53.832+0000] {taskinstance.py:1979} INFO - Dependencies all met for dep_context=non-requeueable deps ti=<TaskInstance: spotify_to_s3_data_extraction_v1.sptoify_to_csv scheduled__2024-03-20T22:11:00+00:00 [queued]>
[2024-03-20T22:41:53.940+0000] {taskinstance.py:1979} INFO - Dependencies all met for dep_context=requeueable deps ti=<TaskInstance: spotify_to_s3_data_extraction_v1.sptoify_to_csv scheduled__2024-03-20T22:11:00+00:00 [queued]>
[2024-03-20T22:41:53.943+0000] {taskinstance.py:2193} INFO - Starting attempt 1 of 6
[2024-03-20T22:41:54.186+0000] {taskinstance.py:2217} INFO - Executing <Task(PythonOperator): sptoify_to_csv> on 2024-03-20 22:11:00+00:00
[2024-03-20T22:41:54.197+0000] {standard_task_runner.py:60} INFO - Started process 717 to run task
[2024-03-20T22:41:54.462+0000] {standard_task_runner.py:87} INFO - Running: ['***', 'tasks', 'run', 'spotify_to_s3_data_extraction_v1', 'sptoify_to_csv', 'scheduled__2024-03-20T22:11:00+00:00', '--job-id', '169', '--raw', '--subdir', 'DAGS_FOLDER/spotify_to_csvs_to_s3.py', '--cfg-path', '/tmp/tmpgwuolw6e']
[2024-03-20T22:41:54.523+0000] {standard_task_runner.py:88} INFO - Job 169: Subtask sptoify_to_csv
[2024-03-20T22:41:55.155+0000] {task_command.py:423} INFO - Running <TaskInstance: spotify_to_s3_data_extraction_v1.sptoify_to_csv scheduled__2024-03-20T22:11:00+00:00 [running]> on host ca1809388db1
[2024-03-20T22:41:55.888+0000] {taskinstance.py:2513} INFO - Exporting env vars: AIRFLOW_CTX_DAG_OWNER='Nathaniel Solomon' AIRFLOW_CTX_DAG_ID='spotify_to_s3_data_extraction_v1' AIRFLOW_CTX_TASK_ID='sptoify_to_csv' AIRFLOW_CTX_EXECUTION_DATE='2024-03-20T22:11:00+00:00' AIRFLOW_CTX_TRY_NUMBER='1' AIRFLOW_CTX_DAG_RUN_ID='scheduled__2024-03-20T22:11:00+00:00'
[2024-03-20T22:41:55.920+0000] {logging_mixin.py:188} INFO - The extract function has been executed and this is data in the next line
[2024-03-20T22:41:55.921+0000] {logging_mixin.py:188} INFO - Initiating the Endpoint...
[2024-03-20T22:41:57.665+0000] {logging_mixin.py:188} INFO - Extracting other available tracks
[2024-03-20T22:42:25.308+0000] {logging_mixin.py:188} INFO - Adding the values of index 0 into the appropriate Keys...
[2024-03-20T22:42:27.995+0000] {logging_mixin.py:188} INFO - Adding the values of index 1 into the appropriate Keys...
[2024-03-20T22:42:30.303+0000] {logging_mixin.py:188} INFO - Adding the values of index 2 into the appropriate Keys...
[2024-03-20T22:42:34.138+0000] {logging_mixin.py:188} INFO - Adding the values of index 3 into the appropriate Keys...
[2024-03-20T22:42:37.542+0000] {logging_mixin.py:188} INFO - Adding the values of index 4 into the appropriate Keys...
[2024-03-20T22:42:43.469+0000] {logging_mixin.py:188} INFO - Adding the values of index 5 into the appropriate Keys...
[2024-03-20T22:42:50.240+0000] {logging_mixin.py:188} INFO - Adding the values of index 6 into the appropriate Keys...
[2024-03-20T22:42:53.350+0000] {logging_mixin.py:188} INFO - Adding the values of index 7 into the appropriate Keys...
[2024-03-20T22:42:55.231+0000] {logging_mixin.py:188} INFO - Adding the values of index 8 into the appropriate Keys...
[2024-03-20T22:42:57.852+0000] {logging_mixin.py:188} INFO - Adding the values of index 9 into the appropriate Keys...
[2024-03-20T22:42:59.205+0000] {logging_mixin.py:188} INFO - Done Extracting...
[2024-03-20T22:42:59.332+0000] {python.py:202} INFO - Done. Returned value was: None
[2024-03-20T22:42:59.499+0000] {taskinstance.py:1149} INFO - Marking task as SUCCESS. dag_id=spotify_to_s3_data_extraction_v1, task_id=sptoify_to_csv, execution_date=20240320T221100, start_date=20240320T224153, end_date=20240320T224259
[2024-03-20T22:43:03.310+0000] {local_task_job_runner.py:234} INFO - Task exited with return code 0
[2024-03-20T22:43:03.877+0000] {taskinstance.py:3312} INFO - 1 downstream tasks scheduled from follow-on schedule check
