[2024-03-22T10:17:19.961+0000] {taskinstance.py:1979} INFO - Dependencies all met for dep_context=non-requeueable deps ti=<TaskInstance: spotify_to_s3_data_extraction_v1.create_s3_connection scheduled__2024-03-20T22:12:00+00:00 [queued]>
[2024-03-22T10:17:20.263+0000] {taskinstance.py:1979} INFO - Dependencies all met for dep_context=requeueable deps ti=<TaskInstance: spotify_to_s3_data_extraction_v1.create_s3_connection scheduled__2024-03-20T22:12:00+00:00 [queued]>
[2024-03-22T10:17:20.279+0000] {taskinstance.py:2193} INFO - Starting attempt 2 of 7
[2024-03-22T10:17:20.461+0000] {taskinstance.py:2217} INFO - Executing <Task(PythonOperator): create_s3_connection> on 2024-03-20 22:12:00+00:00
[2024-03-22T10:17:20.510+0000] {standard_task_runner.py:60} INFO - Started process 5236 to run task
[2024-03-22T10:17:20.548+0000] {standard_task_runner.py:87} INFO - Running: ['***', 'tasks', 'run', 'spotify_to_s3_data_extraction_v1', 'create_s3_connection', 'scheduled__2024-03-20T22:12:00+00:00', '--job-id', '1053', '--raw', '--subdir', 'DAGS_FOLDER/spotify_to_csvs_to_s3.py', '--cfg-path', '/tmp/tmpep8q3_2a']
[2024-03-22T10:17:20.573+0000] {standard_task_runner.py:88} INFO - Job 1053: Subtask create_s3_connection
[2024-03-22T10:17:20.831+0000] {task_command.py:423} INFO - Running <TaskInstance: spotify_to_s3_data_extraction_v1.create_s3_connection scheduled__2024-03-20T22:12:00+00:00 [running]> on host ca1809388db1
[2024-03-22T10:17:21.315+0000] {taskinstance.py:2513} INFO - Exporting env vars: AIRFLOW_CTX_DAG_OWNER='Nathaniel Solomon' AIRFLOW_CTX_DAG_ID='spotify_to_s3_data_extraction_v1' AIRFLOW_CTX_TASK_ID='create_s3_connection' AIRFLOW_CTX_EXECUTION_DATE='2024-03-20T22:12:00+00:00' AIRFLOW_CTX_TRY_NUMBER='2' AIRFLOW_CTX_DAG_RUN_ID='scheduled__2024-03-20T22:12:00+00:00'
[2024-03-22T10:17:21.324+0000] {taskinstance.py:2731} ERROR - Task failed with exception
Traceback (most recent call last):
  File "/home/airflow/.local/lib/python3.8/site-packages/airflow/models/taskinstance.py", line 444, in _execute_task
    result = _execute_callable(context=context, **execute_callable_kwargs)
  File "/home/airflow/.local/lib/python3.8/site-packages/airflow/models/taskinstance.py", line 414, in _execute_callable
    return execute_callable(context=context, **execute_callable_kwargs)
  File "/home/airflow/.local/lib/python3.8/site-packages/airflow/operators/python.py", line 200, in execute
    return_value = self.execute_callable()
  File "/home/airflow/.local/lib/python3.8/site-packages/airflow/operators/python.py", line 217, in execute_callable
    return self.python_callable(*self.op_args, **self.op_kwargs)
  File "/opt/airflow/dags/spotify_to_csvs_to_s3.py", line 143, in _create_connection
    raise AirflowFailException("Environment variables were not passed")
airflow.exceptions.AirflowFailException: Environment variables were not passed
[2024-03-22T10:17:21.366+0000] {taskinstance.py:1149} INFO - Immediate failure requested. Marking task as FAILED. dag_id=spotify_to_s3_data_extraction_v1, task_id=create_s3_connection, execution_date=20240320T221200, start_date=20240322T101719, end_date=20240322T101721
[2024-03-22T10:17:21.408+0000] {standard_task_runner.py:107} ERROR - Failed to execute job 1053 for task create_s3_connection (Environment variables were not passed; 5236)
[2024-03-22T10:17:21.466+0000] {local_task_job_runner.py:234} INFO - Task exited with return code 1
[2024-03-22T10:17:21.580+0000] {taskinstance.py:3312} INFO - 0 downstream tasks scheduled from follow-on schedule check
