[2024-03-21T03:05:10.052+0000] {taskinstance.py:1979} INFO - Dependencies all met for dep_context=non-requeueable deps ti=<TaskInstance: spotify_to_s3_data_extraction_v1.sptoify_to_csv scheduled__2024-03-21T02:32:00+00:00 [queued]>
[2024-03-21T03:05:10.074+0000] {taskinstance.py:1979} INFO - Dependencies all met for dep_context=requeueable deps ti=<TaskInstance: spotify_to_s3_data_extraction_v1.sptoify_to_csv scheduled__2024-03-21T02:32:00+00:00 [queued]>
[2024-03-21T03:05:10.075+0000] {taskinstance.py:2193} INFO - Starting attempt 2 of 6
[2024-03-21T03:05:10.099+0000] {taskinstance.py:2217} INFO - Executing <Task(PythonOperator): sptoify_to_csv> on 2024-03-21 02:32:00+00:00
[2024-03-21T03:05:10.118+0000] {standard_task_runner.py:60} INFO - Started process 1558 to run task
[2024-03-21T03:05:10.129+0000] {standard_task_runner.py:87} INFO - Running: ['***', 'tasks', 'run', 'spotify_to_s3_data_extraction_v1', 'sptoify_to_csv', 'scheduled__2024-03-21T02:32:00+00:00', '--job-id', '307', '--raw', '--subdir', 'DAGS_FOLDER/spotify_to_csvs_to_s3.py', '--cfg-path', '/tmp/tmpg10_jio6']
[2024-03-21T03:05:10.146+0000] {standard_task_runner.py:88} INFO - Job 307: Subtask sptoify_to_csv
[2024-03-21T03:05:10.241+0000] {task_command.py:423} INFO - Running <TaskInstance: spotify_to_s3_data_extraction_v1.sptoify_to_csv scheduled__2024-03-21T02:32:00+00:00 [running]> on host ca1809388db1
[2024-03-21T03:05:10.459+0000] {taskinstance.py:2513} INFO - Exporting env vars: AIRFLOW_CTX_DAG_OWNER='Nathaniel Solomon' AIRFLOW_CTX_DAG_ID='spotify_to_s3_data_extraction_v1' AIRFLOW_CTX_TASK_ID='sptoify_to_csv' AIRFLOW_CTX_EXECUTION_DATE='2024-03-21T02:32:00+00:00' AIRFLOW_CTX_TRY_NUMBER='2' AIRFLOW_CTX_DAG_RUN_ID='scheduled__2024-03-21T02:32:00+00:00'
[2024-03-21T03:05:10.467+0000] {logging_mixin.py:188} INFO - The extract function has been executed and this is data in the next line
[2024-03-21T03:05:10.468+0000] {logging_mixin.py:188} INFO - Initiating the Endpoint...
[2024-03-21T03:05:11.601+0000] {logging_mixin.py:188} INFO - Extracting other available tracks
[2024-03-21T03:05:23.211+0000] {logging_mixin.py:188} INFO - Adding the values of index 0 into the appropriate Keys...
[2024-03-21T03:05:24.748+0000] {logging_mixin.py:188} INFO - Adding the values of index 1 into the appropriate Keys...
[2024-03-21T03:05:29.707+0000] {logging_mixin.py:188} INFO - Adding the values of index 2 into the appropriate Keys...
[2024-03-21T03:05:33.000+0000] {logging_mixin.py:188} INFO - Adding the values of index 3 into the appropriate Keys...
[2024-03-21T03:05:35.358+0000] {logging_mixin.py:188} INFO - Adding the values of index 4 into the appropriate Keys...
[2024-03-21T03:05:39.306+0000] {logging_mixin.py:188} INFO - Adding the values of index 5 into the appropriate Keys...
[2024-03-21T03:05:41.954+0000] {logging_mixin.py:188} INFO - Adding the values of index 6 into the appropriate Keys...
[2024-03-21T03:05:44.247+0000] {logging_mixin.py:188} INFO - Adding the values of index 7 into the appropriate Keys...
[2024-03-21T03:05:46.469+0000] {logging_mixin.py:188} INFO - Adding the values of index 8 into the appropriate Keys...
[2024-03-21T03:05:49.230+0000] {logging_mixin.py:188} INFO - Adding the values of index 9 into the appropriate Keys...
[2024-03-21T03:05:52.007+0000] {logging_mixin.py:188} INFO - Done Extracting...
[2024-03-21T03:05:52.812+0000] {python.py:202} INFO - Done. Returned value was: None
[2024-03-21T03:05:53.271+0000] {taskinstance.py:1149} INFO - Marking task as SUCCESS. dag_id=spotify_to_s3_data_extraction_v1, task_id=sptoify_to_csv, execution_date=20240321T023200, start_date=20240321T030510, end_date=20240321T030553
[2024-03-21T03:05:54.825+0000] {local_task_job_runner.py:234} INFO - Task exited with return code 0
[2024-03-21T03:05:57.801+0000] {taskinstance.py:3312} INFO - 0 downstream tasks scheduled from follow-on schedule check
