[2024-03-22T10:20:27.672+0000] {taskinstance.py:1979} INFO - Dependencies all met for dep_context=non-requeueable deps ti=<TaskInstance: spotify_to_s3_data_extraction_v1.sptoify_to_csv scheduled__2024-03-21T02:32:00+00:00 [queued]>
[2024-03-22T10:20:27.696+0000] {taskinstance.py:1979} INFO - Dependencies all met for dep_context=requeueable deps ti=<TaskInstance: spotify_to_s3_data_extraction_v1.sptoify_to_csv scheduled__2024-03-21T02:32:00+00:00 [queued]>
[2024-03-22T10:20:27.698+0000] {taskinstance.py:2193} INFO - Starting attempt 3 of 8
[2024-03-22T10:20:27.774+0000] {taskinstance.py:2217} INFO - Executing <Task(PythonOperator): sptoify_to_csv> on 2024-03-21 02:32:00+00:00
[2024-03-22T10:20:27.796+0000] {standard_task_runner.py:60} INFO - Started process 5534 to run task
[2024-03-22T10:20:27.822+0000] {standard_task_runner.py:87} INFO - Running: ['***', 'tasks', 'run', 'spotify_to_s3_data_extraction_v1', 'sptoify_to_csv', 'scheduled__2024-03-21T02:32:00+00:00', '--job-id', '1141', '--raw', '--subdir', 'DAGS_FOLDER/spotify_to_csvs_to_s3.py', '--cfg-path', '/tmp/tmpu91irbtg']
[2024-03-22T10:20:27.832+0000] {standard_task_runner.py:88} INFO - Job 1141: Subtask sptoify_to_csv
[2024-03-22T10:20:28.193+0000] {task_command.py:423} INFO - Running <TaskInstance: spotify_to_s3_data_extraction_v1.sptoify_to_csv scheduled__2024-03-21T02:32:00+00:00 [running]> on host ca1809388db1
[2024-03-22T10:20:28.601+0000] {taskinstance.py:2513} INFO - Exporting env vars: AIRFLOW_CTX_DAG_OWNER='Nathaniel Solomon' AIRFLOW_CTX_DAG_ID='spotify_to_s3_data_extraction_v1' AIRFLOW_CTX_TASK_ID='sptoify_to_csv' AIRFLOW_CTX_EXECUTION_DATE='2024-03-21T02:32:00+00:00' AIRFLOW_CTX_TRY_NUMBER='3' AIRFLOW_CTX_DAG_RUN_ID='scheduled__2024-03-21T02:32:00+00:00'
[2024-03-22T10:20:28.611+0000] {logging_mixin.py:188} INFO - The extract function has been executed and this is data in the next line
[2024-03-22T10:20:28.616+0000] {logging_mixin.py:188} INFO - Initiating the Endpoint...
[2024-03-22T10:20:30.589+0000] {logging_mixin.py:188} INFO - Extracting other available tracks
[2024-03-22T10:20:40.368+0000] {logging_mixin.py:188} INFO - Adding the values of index 0 into the appropriate Keys...
[2024-03-22T10:20:41.722+0000] {logging_mixin.py:188} INFO - Adding the values of index 1 into the appropriate Keys...
[2024-03-22T10:20:47.035+0000] {logging_mixin.py:188} INFO - Adding the values of index 2 into the appropriate Keys...
[2024-03-22T10:20:47.825+0000] {logging_mixin.py:188} INFO - Adding the values of index 3 into the appropriate Keys...
[2024-03-22T10:20:51.159+0000] {logging_mixin.py:188} INFO - Adding the values of index 4 into the appropriate Keys...
[2024-03-22T10:20:51.982+0000] {logging_mixin.py:188} INFO - Adding the values of index 5 into the appropriate Keys...
[2024-03-22T10:20:52.727+0000] {logging_mixin.py:188} INFO - Adding the values of index 6 into the appropriate Keys...
[2024-03-22T10:21:01.145+0000] {logging_mixin.py:188} INFO - Adding the values of index 7 into the appropriate Keys...
[2024-03-22T10:21:02.082+0000] {logging_mixin.py:188} INFO - Adding the values of index 8 into the appropriate Keys...
[2024-03-22T10:21:03.104+0000] {logging_mixin.py:188} INFO - Adding the values of index 9 into the appropriate Keys...
[2024-03-22T10:21:04.117+0000] {logging_mixin.py:188} INFO - Done Extracting...
[2024-03-22T10:21:04.147+0000] {python.py:202} INFO - Done. Returned value was: None
[2024-03-22T10:21:04.174+0000] {taskinstance.py:1149} INFO - Marking task as SUCCESS. dag_id=spotify_to_s3_data_extraction_v1, task_id=sptoify_to_csv, execution_date=20240321T023200, start_date=20240322T102027, end_date=20240322T102104
[2024-03-22T10:21:04.449+0000] {local_task_job_runner.py:234} INFO - Task exited with return code 0
[2024-03-22T10:21:04.522+0000] {taskinstance.py:3312} INFO - 1 downstream tasks scheduled from follow-on schedule check
