[2024-03-21T00:44:31.593+0000] {taskinstance.py:1979} INFO - Dependencies all met for dep_context=non-requeueable deps ti=<TaskInstance: spotify_to_s3_data_extraction_v1.sptoify_to_csv scheduled__2024-03-21T00:43:00+00:00 [queued]>
[2024-03-21T00:44:31.608+0000] {taskinstance.py:1979} INFO - Dependencies all met for dep_context=requeueable deps ti=<TaskInstance: spotify_to_s3_data_extraction_v1.sptoify_to_csv scheduled__2024-03-21T00:43:00+00:00 [queued]>
[2024-03-21T00:44:31.609+0000] {taskinstance.py:2193} INFO - Starting attempt 1 of 6
[2024-03-21T00:44:31.633+0000] {taskinstance.py:2217} INFO - Executing <Task(PythonOperator): sptoify_to_csv> on 2024-03-21 00:43:00+00:00
[2024-03-21T00:44:31.644+0000] {standard_task_runner.py:60} INFO - Started process 1116 to run task
[2024-03-21T00:44:31.650+0000] {standard_task_runner.py:87} INFO - Running: ['***', 'tasks', 'run', 'spotify_to_s3_data_extraction_v1', 'sptoify_to_csv', 'scheduled__2024-03-21T00:43:00+00:00', '--job-id', '239', '--raw', '--subdir', 'DAGS_FOLDER/spotify_to_csvs_to_s3.py', '--cfg-path', '/tmp/tmphnrumxvv']
[2024-03-21T00:44:31.654+0000] {standard_task_runner.py:88} INFO - Job 239: Subtask sptoify_to_csv
[2024-03-21T00:44:31.731+0000] {task_command.py:423} INFO - Running <TaskInstance: spotify_to_s3_data_extraction_v1.sptoify_to_csv scheduled__2024-03-21T00:43:00+00:00 [running]> on host ca1809388db1
[2024-03-21T00:44:31.856+0000] {taskinstance.py:2513} INFO - Exporting env vars: AIRFLOW_CTX_DAG_OWNER='Nathaniel Solomon' AIRFLOW_CTX_DAG_ID='spotify_to_s3_data_extraction_v1' AIRFLOW_CTX_TASK_ID='sptoify_to_csv' AIRFLOW_CTX_EXECUTION_DATE='2024-03-21T00:43:00+00:00' AIRFLOW_CTX_TRY_NUMBER='1' AIRFLOW_CTX_DAG_RUN_ID='scheduled__2024-03-21T00:43:00+00:00'
[2024-03-21T00:44:31.858+0000] {logging_mixin.py:188} INFO - The extract function has been executed and this is data in the next line
[2024-03-21T00:44:31.859+0000] {logging_mixin.py:188} INFO - Initiating the Endpoint...
[2024-03-21T00:44:32.461+0000] {logging_mixin.py:188} INFO - Extracting other available tracks
[2024-03-21T00:44:40.705+0000] {logging_mixin.py:188} INFO - Adding the values of index 0 into the appropriate Keys...
[2024-03-21T00:44:41.876+0000] {logging_mixin.py:188} INFO - Adding the values of index 1 into the appropriate Keys...
[2024-03-21T00:44:43.008+0000] {logging_mixin.py:188} INFO - Adding the values of index 2 into the appropriate Keys...
[2024-03-21T00:44:44.412+0000] {logging_mixin.py:188} INFO - Adding the values of index 3 into the appropriate Keys...
[2024-03-21T00:44:45.751+0000] {logging_mixin.py:188} INFO - Adding the values of index 4 into the appropriate Keys...
[2024-03-21T00:44:47.198+0000] {logging_mixin.py:188} INFO - Adding the values of index 5 into the appropriate Keys...
[2024-03-21T00:44:48.588+0000] {logging_mixin.py:188} INFO - Adding the values of index 6 into the appropriate Keys...
[2024-03-21T00:44:49.808+0000] {logging_mixin.py:188} INFO - Adding the values of index 7 into the appropriate Keys...
[2024-03-21T00:44:52.896+0000] {logging_mixin.py:188} INFO - Adding the values of index 8 into the appropriate Keys...
[2024-03-21T00:44:56.028+0000] {logging_mixin.py:188} INFO - Adding the values of index 9 into the appropriate Keys...
[2024-03-21T00:44:58.514+0000] {logging_mixin.py:188} INFO - Done Extracting...
[2024-03-21T00:44:58.687+0000] {python.py:202} INFO - Done. Returned value was: None
[2024-03-21T00:44:58.898+0000] {taskinstance.py:1149} INFO - Marking task as SUCCESS. dag_id=spotify_to_s3_data_extraction_v1, task_id=sptoify_to_csv, execution_date=20240321T004300, start_date=20240321T004431, end_date=20240321T004458
[2024-03-21T00:44:58.956+0000] {local_task_job_runner.py:234} INFO - Task exited with return code 0
[2024-03-21T00:45:00.165+0000] {taskinstance.py:3312} INFO - 0 downstream tasks scheduled from follow-on schedule check
