[2024-03-21T05:06:47.930+0000] {taskinstance.py:1979} INFO - Dependencies all met for dep_context=non-requeueable deps ti=<TaskInstance: spotify_to_s3_data_extraction_v1.sptoify_to_csv scheduled__2024-03-21T04:31:00+00:00 [queued]>
[2024-03-21T05:06:47.957+0000] {taskinstance.py:1979} INFO - Dependencies all met for dep_context=requeueable deps ti=<TaskInstance: spotify_to_s3_data_extraction_v1.sptoify_to_csv scheduled__2024-03-21T04:31:00+00:00 [queued]>
[2024-03-21T05:06:47.964+0000] {taskinstance.py:2193} INFO - Starting attempt 2 of 6
[2024-03-21T05:06:48.132+0000] {taskinstance.py:2217} INFO - Executing <Task(PythonOperator): sptoify_to_csv> on 2024-03-21 04:31:00+00:00
[2024-03-21T05:06:48.207+0000] {standard_task_runner.py:60} INFO - Started process 1914 to run task
[2024-03-21T05:06:48.278+0000] {standard_task_runner.py:87} INFO - Running: ['***', 'tasks', 'run', 'spotify_to_s3_data_extraction_v1', 'sptoify_to_csv', 'scheduled__2024-03-21T04:31:00+00:00', '--job-id', '355', '--raw', '--subdir', 'DAGS_FOLDER/spotify_to_csvs_to_s3.py', '--cfg-path', '/tmp/tmp7ijygprc']
[2024-03-21T05:06:48.319+0000] {standard_task_runner.py:88} INFO - Job 355: Subtask sptoify_to_csv
[2024-03-21T05:06:48.864+0000] {task_command.py:423} INFO - Running <TaskInstance: spotify_to_s3_data_extraction_v1.sptoify_to_csv scheduled__2024-03-21T04:31:00+00:00 [running]> on host ca1809388db1
[2024-03-21T05:06:49.355+0000] {taskinstance.py:2513} INFO - Exporting env vars: AIRFLOW_CTX_DAG_OWNER='Nathaniel Solomon' AIRFLOW_CTX_DAG_ID='spotify_to_s3_data_extraction_v1' AIRFLOW_CTX_TASK_ID='sptoify_to_csv' AIRFLOW_CTX_EXECUTION_DATE='2024-03-21T04:31:00+00:00' AIRFLOW_CTX_TRY_NUMBER='2' AIRFLOW_CTX_DAG_RUN_ID='scheduled__2024-03-21T04:31:00+00:00'
[2024-03-21T05:06:49.360+0000] {logging_mixin.py:188} INFO - The extract function has been executed and this is data in the next line
[2024-03-21T05:06:49.387+0000] {logging_mixin.py:188} INFO - Initiating the Endpoint...
[2024-03-21T05:06:50.854+0000] {logging_mixin.py:188} INFO - Extracting other available tracks
[2024-03-21T05:06:59.215+0000] {logging_mixin.py:188} INFO - Adding the values of index 0 into the appropriate Keys...
[2024-03-21T05:07:00.671+0000] {logging_mixin.py:188} INFO - Adding the values of index 1 into the appropriate Keys...
[2024-03-21T05:07:01.913+0000] {logging_mixin.py:188} INFO - Adding the values of index 2 into the appropriate Keys...
[2024-03-21T05:07:03.062+0000] {logging_mixin.py:188} INFO - Adding the values of index 3 into the appropriate Keys...
[2024-03-21T05:07:04.313+0000] {logging_mixin.py:188} INFO - Adding the values of index 4 into the appropriate Keys...
[2024-03-21T05:07:05.722+0000] {logging_mixin.py:188} INFO - Adding the values of index 5 into the appropriate Keys...
[2024-03-21T05:07:07.048+0000] {logging_mixin.py:188} INFO - Adding the values of index 6 into the appropriate Keys...
[2024-03-21T05:07:08.591+0000] {logging_mixin.py:188} INFO - Adding the values of index 7 into the appropriate Keys...
[2024-03-21T05:07:10.030+0000] {logging_mixin.py:188} INFO - Adding the values of index 8 into the appropriate Keys...
[2024-03-21T05:07:11.275+0000] {logging_mixin.py:188} INFO - Adding the values of index 9 into the appropriate Keys...
[2024-03-21T05:07:12.518+0000] {logging_mixin.py:188} INFO - Done Extracting...
[2024-03-21T05:07:12.736+0000] {python.py:202} INFO - Done. Returned value was: None
[2024-03-21T05:07:13.008+0000] {taskinstance.py:1149} INFO - Marking task as SUCCESS. dag_id=spotify_to_s3_data_extraction_v1, task_id=sptoify_to_csv, execution_date=20240321T043100, start_date=20240321T050647, end_date=20240321T050713
[2024-03-21T05:07:13.468+0000] {local_task_job_runner.py:234} INFO - Task exited with return code 0
[2024-03-21T05:07:14.597+0000] {taskinstance.py:3312} INFO - 0 downstream tasks scheduled from follow-on schedule check
