[2024-03-22T10:21:31.304+0000] {taskinstance.py:1979} INFO - Dependencies all met for dep_context=non-requeueable deps ti=<TaskInstance: spotify_to_s3_data_extraction_v1.sptoify_to_csv scheduled__2024-03-21T04:31:00+00:00 [queued]>
[2024-03-22T10:21:31.336+0000] {taskinstance.py:1979} INFO - Dependencies all met for dep_context=requeueable deps ti=<TaskInstance: spotify_to_s3_data_extraction_v1.sptoify_to_csv scheduled__2024-03-21T04:31:00+00:00 [queued]>
[2024-03-22T10:21:31.337+0000] {taskinstance.py:2193} INFO - Starting attempt 3 of 8
[2024-03-22T10:21:31.669+0000] {taskinstance.py:2217} INFO - Executing <Task(PythonOperator): sptoify_to_csv> on 2024-03-21 04:31:00+00:00
[2024-03-22T10:21:31.685+0000] {standard_task_runner.py:60} INFO - Started process 5664 to run task
[2024-03-22T10:21:31.696+0000] {standard_task_runner.py:87} INFO - Running: ['***', 'tasks', 'run', 'spotify_to_s3_data_extraction_v1', 'sptoify_to_csv', 'scheduled__2024-03-21T04:31:00+00:00', '--job-id', '1181', '--raw', '--subdir', 'DAGS_FOLDER/spotify_to_csvs_to_s3.py', '--cfg-path', '/tmp/tmprs154vqf']
[2024-03-22T10:21:31.702+0000] {standard_task_runner.py:88} INFO - Job 1181: Subtask sptoify_to_csv
[2024-03-22T10:21:31.839+0000] {task_command.py:423} INFO - Running <TaskInstance: spotify_to_s3_data_extraction_v1.sptoify_to_csv scheduled__2024-03-21T04:31:00+00:00 [running]> on host ca1809388db1
[2024-03-22T10:21:32.052+0000] {taskinstance.py:2513} INFO - Exporting env vars: AIRFLOW_CTX_DAG_OWNER='Nathaniel Solomon' AIRFLOW_CTX_DAG_ID='spotify_to_s3_data_extraction_v1' AIRFLOW_CTX_TASK_ID='sptoify_to_csv' AIRFLOW_CTX_EXECUTION_DATE='2024-03-21T04:31:00+00:00' AIRFLOW_CTX_TRY_NUMBER='3' AIRFLOW_CTX_DAG_RUN_ID='scheduled__2024-03-21T04:31:00+00:00'
[2024-03-22T10:21:32.057+0000] {logging_mixin.py:188} INFO - The extract function has been executed and this is data in the next line
[2024-03-22T10:21:32.059+0000] {logging_mixin.py:188} INFO - Initiating the Endpoint...
[2024-03-22T10:21:32.955+0000] {logging_mixin.py:188} INFO - Extracting other available tracks
[2024-03-22T10:22:01.606+0000] {logging_mixin.py:188} INFO - Adding the values of index 0 into the appropriate Keys...
[2024-03-22T10:22:11.217+0000] {logging_mixin.py:188} INFO - Adding the values of index 1 into the appropriate Keys...
[2024-03-22T10:22:12.093+0000] {logging_mixin.py:188} INFO - Adding the values of index 2 into the appropriate Keys...
[2024-03-22T10:22:21.231+0000] {logging_mixin.py:188} INFO - Adding the values of index 3 into the appropriate Keys...
[2024-03-22T10:22:22.157+0000] {logging_mixin.py:188} INFO - Adding the values of index 4 into the appropriate Keys...
[2024-03-22T10:22:23.068+0000] {logging_mixin.py:188} INFO - Adding the values of index 5 into the appropriate Keys...
[2024-03-22T10:22:23.909+0000] {logging_mixin.py:188} INFO - Adding the values of index 6 into the appropriate Keys...
[2024-03-22T10:22:25.184+0000] {logging_mixin.py:188} INFO - Adding the values of index 7 into the appropriate Keys...
[2024-03-22T10:22:26.095+0000] {logging_mixin.py:188} INFO - Adding the values of index 8 into the appropriate Keys...
[2024-03-22T10:22:31.494+0000] {logging_mixin.py:188} INFO - Adding the values of index 9 into the appropriate Keys...
[2024-03-22T10:22:32.476+0000] {logging_mixin.py:188} INFO - Done Extracting...
[2024-03-22T10:22:32.536+0000] {python.py:202} INFO - Done. Returned value was: None
[2024-03-22T10:22:32.565+0000] {taskinstance.py:1149} INFO - Marking task as SUCCESS. dag_id=spotify_to_s3_data_extraction_v1, task_id=sptoify_to_csv, execution_date=20240321T043100, start_date=20240322T102131, end_date=20240322T102232
[2024-03-22T10:22:32.792+0000] {local_task_job_runner.py:234} INFO - Task exited with return code 0
[2024-03-22T10:22:32.871+0000] {taskinstance.py:3312} INFO - 1 downstream tasks scheduled from follow-on schedule check
