[2024-03-20T23:01:01.539+0000] {taskinstance.py:1979} INFO - Dependencies all met for dep_context=non-requeueable deps ti=<TaskInstance: spotify_to_s3_data_extraction_v1.sptoify_to_csv scheduled__2024-03-20T22:59:00+00:00 [queued]>
[2024-03-20T23:01:01.555+0000] {taskinstance.py:1979} INFO - Dependencies all met for dep_context=requeueable deps ti=<TaskInstance: spotify_to_s3_data_extraction_v1.sptoify_to_csv scheduled__2024-03-20T22:59:00+00:00 [queued]>
[2024-03-20T23:01:01.556+0000] {taskinstance.py:2193} INFO - Starting attempt 1 of 6
[2024-03-20T23:01:01.579+0000] {taskinstance.py:2217} INFO - Executing <Task(PythonOperator): sptoify_to_csv> on 2024-03-20 22:59:00+00:00
[2024-03-20T23:01:01.589+0000] {standard_task_runner.py:60} INFO - Started process 853 to run task
[2024-03-20T23:01:01.594+0000] {standard_task_runner.py:87} INFO - Running: ['***', 'tasks', 'run', 'spotify_to_s3_data_extraction_v1', 'sptoify_to_csv', 'scheduled__2024-03-20T22:59:00+00:00', '--job-id', '195', '--raw', '--subdir', 'DAGS_FOLDER/spotify_to_csvs_to_s3.py', '--cfg-path', '/tmp/tmp2zenvcwp']
[2024-03-20T23:01:01.598+0000] {standard_task_runner.py:88} INFO - Job 195: Subtask sptoify_to_csv
[2024-03-20T23:01:01.685+0000] {task_command.py:423} INFO - Running <TaskInstance: spotify_to_s3_data_extraction_v1.sptoify_to_csv scheduled__2024-03-20T22:59:00+00:00 [running]> on host ca1809388db1
[2024-03-20T23:01:01.811+0000] {taskinstance.py:2513} INFO - Exporting env vars: AIRFLOW_CTX_DAG_OWNER='Nathaniel Solomon' AIRFLOW_CTX_DAG_ID='spotify_to_s3_data_extraction_v1' AIRFLOW_CTX_TASK_ID='sptoify_to_csv' AIRFLOW_CTX_EXECUTION_DATE='2024-03-20T22:59:00+00:00' AIRFLOW_CTX_TRY_NUMBER='1' AIRFLOW_CTX_DAG_RUN_ID='scheduled__2024-03-20T22:59:00+00:00'
[2024-03-20T23:01:01.814+0000] {logging_mixin.py:188} INFO - The extract function has been executed and this is data in the next line
[2024-03-20T23:01:01.814+0000] {logging_mixin.py:188} INFO - Initiating the Endpoint...
[2024-03-20T23:01:04.796+0000] {logging_mixin.py:188} INFO - Extracting other available tracks
[2024-03-20T23:01:16.435+0000] {logging_mixin.py:188} INFO - Adding the values of index 0 into the appropriate Keys...
[2024-03-20T23:01:17.360+0000] {logging_mixin.py:188} INFO - Adding the values of index 1 into the appropriate Keys...
[2024-03-20T23:01:18.348+0000] {logging_mixin.py:188} INFO - Adding the values of index 2 into the appropriate Keys...
[2024-03-20T23:01:19.503+0000] {logging_mixin.py:188} INFO - Adding the values of index 3 into the appropriate Keys...
[2024-03-20T23:01:20.944+0000] {logging_mixin.py:188} INFO - Adding the values of index 4 into the appropriate Keys...
[2024-03-20T23:01:22.742+0000] {logging_mixin.py:188} INFO - Adding the values of index 5 into the appropriate Keys...
[2024-03-20T23:01:24.169+0000] {logging_mixin.py:188} INFO - Adding the values of index 6 into the appropriate Keys...
[2024-03-20T23:01:26.018+0000] {logging_mixin.py:188} INFO - Adding the values of index 7 into the appropriate Keys...
[2024-03-20T23:01:27.564+0000] {logging_mixin.py:188} INFO - Adding the values of index 8 into the appropriate Keys...
[2024-03-20T23:01:29.555+0000] {logging_mixin.py:188} INFO - Adding the values of index 9 into the appropriate Keys...
[2024-03-20T23:01:30.487+0000] {logging_mixin.py:188} INFO - Done Extracting...
[2024-03-20T23:01:30.498+0000] {python.py:202} INFO - Done. Returned value was: None
[2024-03-20T23:01:30.508+0000] {taskinstance.py:1149} INFO - Marking task as SUCCESS. dag_id=spotify_to_s3_data_extraction_v1, task_id=sptoify_to_csv, execution_date=20240320T225900, start_date=20240320T230101, end_date=20240320T230130
[2024-03-20T23:01:30.558+0000] {local_task_job_runner.py:234} INFO - Task exited with return code 0
[2024-03-20T23:01:30.580+0000] {taskinstance.py:3312} INFO - 1 downstream tasks scheduled from follow-on schedule check
