[2024-03-24T04:36:58.687+0000] {taskinstance.py:1979} INFO - Dependencies all met for dep_context=non-requeueable deps ti=<TaskInstance: spotify_to_s3_data_extraction_v1.sptoify_to_csv scheduled__2024-03-21T05:16:00+00:00 [queued]>
[2024-03-24T04:36:58.694+0000] {taskinstance.py:1979} INFO - Dependencies all met for dep_context=requeueable deps ti=<TaskInstance: spotify_to_s3_data_extraction_v1.sptoify_to_csv scheduled__2024-03-21T05:16:00+00:00 [queued]>
[2024-03-24T04:36:58.695+0000] {taskinstance.py:2193} INFO - Starting attempt 10 of 12
[2024-03-24T04:36:58.743+0000] {taskinstance.py:2217} INFO - Executing <Task(PythonOperator): sptoify_to_csv> on 2024-03-21 05:16:00+00:00
[2024-03-24T04:36:58.749+0000] {standard_task_runner.py:60} INFO - Started process 12658 to run task
[2024-03-24T04:36:58.755+0000] {standard_task_runner.py:87} INFO - Running: ['***', 'tasks', 'run', 'spotify_to_s3_data_extraction_v1', 'sptoify_to_csv', 'scheduled__2024-03-21T05:16:00+00:00', '--job-id', '1338', '--raw', '--subdir', 'DAGS_FOLDER/spotify_to_csvs_to_s3.py', '--cfg-path', '/tmp/tmpgo1wtx_1']
[2024-03-24T04:36:58.766+0000] {standard_task_runner.py:88} INFO - Job 1338: Subtask sptoify_to_csv
[2024-03-24T04:36:58.865+0000] {task_command.py:423} INFO - Running <TaskInstance: spotify_to_s3_data_extraction_v1.sptoify_to_csv scheduled__2024-03-21T05:16:00+00:00 [running]> on host ca1809388db1
[2024-03-24T04:36:59.001+0000] {taskinstance.py:2513} INFO - Exporting env vars: AIRFLOW_CTX_DAG_OWNER='Nathaniel Solomon' AIRFLOW_CTX_DAG_ID='spotify_to_s3_data_extraction_v1' AIRFLOW_CTX_TASK_ID='sptoify_to_csv' AIRFLOW_CTX_EXECUTION_DATE='2024-03-21T05:16:00+00:00' AIRFLOW_CTX_TRY_NUMBER='10' AIRFLOW_CTX_DAG_RUN_ID='scheduled__2024-03-21T05:16:00+00:00'
[2024-03-24T04:36:59.006+0000] {logging_mixin.py:188} INFO - The extract function has been executed and this is data in the next line
[2024-03-24T04:36:59.006+0000] {logging_mixin.py:188} INFO - Initiating the Endpoint...
[2024-03-24T04:36:59.780+0000] {logging_mixin.py:188} INFO - Extracting other available tracks
[2024-03-24T04:37:06.860+0000] {logging_mixin.py:188} INFO - Adding the values of index 0 into the appropriate Keys...
[2024-03-24T04:37:07.803+0000] {logging_mixin.py:188} INFO - Adding the values of index 1 into the appropriate Keys...
[2024-03-24T04:37:08.817+0000] {logging_mixin.py:188} INFO - Adding the values of index 2 into the appropriate Keys...
[2024-03-24T04:37:09.699+0000] {logging_mixin.py:188} INFO - Adding the values of index 3 into the appropriate Keys...
[2024-03-24T04:37:10.692+0000] {logging_mixin.py:188} INFO - Adding the values of index 4 into the appropriate Keys...
[2024-03-24T04:37:11.626+0000] {logging_mixin.py:188} INFO - Adding the values of index 5 into the appropriate Keys...
[2024-03-24T04:37:12.625+0000] {logging_mixin.py:188} INFO - Adding the values of index 6 into the appropriate Keys...
[2024-03-24T04:37:13.649+0000] {logging_mixin.py:188} INFO - Adding the values of index 7 into the appropriate Keys...
[2024-03-24T04:37:14.558+0000] {logging_mixin.py:188} INFO - Adding the values of index 8 into the appropriate Keys...
[2024-03-24T04:37:15.399+0000] {logging_mixin.py:188} INFO - Adding the values of index 9 into the appropriate Keys...
[2024-03-24T04:37:16.350+0000] {logging_mixin.py:188} INFO - Done Extracting...
[2024-03-24T04:37:16.361+0000] {python.py:202} INFO - Done. Returned value was: None
[2024-03-24T04:37:16.371+0000] {taskinstance.py:1149} INFO - Marking task as SUCCESS. dag_id=spotify_to_s3_data_extraction_v1, task_id=sptoify_to_csv, execution_date=20240321T051600, start_date=20240324T043658, end_date=20240324T043716
[2024-03-24T04:37:16.390+0000] {local_task_job_runner.py:234} INFO - Task exited with return code 0
[2024-03-24T04:37:16.414+0000] {taskinstance.py:3312} INFO - 1 downstream tasks scheduled from follow-on schedule check
