[2024-03-24T09:53:47.305+0000] {taskinstance.py:1979} INFO - Dependencies all met for dep_context=non-requeueable deps ti=<TaskInstance: spotify_to_s3_data_extraction_Vb_Error-Resolve_x64.upload_csv_to_s3 manual__2024-03-24T09:52:05.412958+00:00 [queued]>
[2024-03-24T09:53:47.318+0000] {taskinstance.py:1979} INFO - Dependencies all met for dep_context=requeueable deps ti=<TaskInstance: spotify_to_s3_data_extraction_Vb_Error-Resolve_x64.upload_csv_to_s3 manual__2024-03-24T09:52:05.412958+00:00 [queued]>
[2024-03-24T09:53:47.319+0000] {taskinstance.py:2193} INFO - Starting attempt 2 of 7
[2024-03-24T09:53:47.341+0000] {taskinstance.py:2217} INFO - Executing <Task(PythonOperator): upload_csv_to_s3> on 2024-03-24 09:52:05.412958+00:00
[2024-03-24T09:53:47.349+0000] {standard_task_runner.py:60} INFO - Started process 3994 to run task
[2024-03-24T09:53:47.355+0000] {standard_task_runner.py:87} INFO - Running: ['***', 'tasks', 'run', 'spotify_to_s3_data_extraction_Vb_Error-Resolve_x64', 'upload_csv_to_s3', 'manual__2024-03-24T09:52:05.412958+00:00', '--job-id', '1402', '--raw', '--subdir', 'DAGS_FOLDER/spotify_to_csvs_to_s3.py', '--cfg-path', '/tmp/tmp3tkeqohw']
[2024-03-24T09:53:47.359+0000] {standard_task_runner.py:88} INFO - Job 1402: Subtask upload_csv_to_s3
[2024-03-24T09:53:47.432+0000] {task_command.py:423} INFO - Running <TaskInstance: spotify_to_s3_data_extraction_Vb_Error-Resolve_x64.upload_csv_to_s3 manual__2024-03-24T09:52:05.412958+00:00 [running]> on host bc244bd8b198
[2024-03-24T09:53:47.562+0000] {taskinstance.py:2513} INFO - Exporting env vars: AIRFLOW_CTX_DAG_OWNER='Nathaniel Solomon' AIRFLOW_CTX_DAG_ID='spotify_to_s3_data_extraction_Vb_Error-Resolve_x64' AIRFLOW_CTX_TASK_ID='upload_csv_to_s3' AIRFLOW_CTX_EXECUTION_DATE='2024-03-24T09:52:05.412958+00:00' AIRFLOW_CTX_TRY_NUMBER='2' AIRFLOW_CTX_DAG_RUN_ID='manual__2024-03-24T09:52:05.412958+00:00'
[2024-03-24T09:53:47.564+0000] {logging_mixin.py:188} INFO - ['csv_data/spotify_track_data.csv']are the files to be uploaded
[2024-03-24T09:53:47.565+0000] {logging_mixin.py:188} INFO - created a prefix
[2024-03-24T09:53:47.566+0000] {logging_mixin.py:188} INFO - csv_data/spotify_track_data.csvis the files to be worked on now
[2024-03-24T09:53:47.566+0000] {logging_mixin.py:188} INFO - 10alytics_Capstone_Project/2024-03-24/spotify_track_data.csv   and hooking the load function
[2024-03-24T09:53:47.582+0000] {base.py:83} INFO - Using connection ID 'aws_conn' for task execution.
[2024-03-24T09:53:47.583+0000] {connection_wrapper.py:384} INFO - AWS Connection (conn_id='aws_conn', conn_type='aws') credentials retrieved from login and password.
[2024-03-24T09:53:49.961+0000] {logging_mixin.py:188} INFO - CSV file 'csv_data/spotify_track_data.csv' uploaded to S3 bucket: s3://10alytics-capstone-project/10alytics_Capstone_Project/2024-03-24/spotify_track_data.csv
[2024-03-24T09:53:49.964+0000] {python.py:202} INFO - Done. Returned value was: None
[2024-03-24T09:53:49.979+0000] {taskinstance.py:1149} INFO - Marking task as SUCCESS. dag_id=spotify_to_s3_data_extraction_Vb_Error-Resolve_x64, task_id=upload_csv_to_s3, execution_date=20240324T095205, start_date=20240324T095347, end_date=20240324T095349
[2024-03-24T09:53:50.029+0000] {local_task_job_runner.py:234} INFO - Task exited with return code 0
[2024-03-24T09:53:50.058+0000] {taskinstance.py:3312} INFO - 0 downstream tasks scheduled from follow-on schedule check
