[2024-03-20T21:17:59.665+0000] {processor.py:161} INFO - Started process (PID=231) to work on /opt/airflow/dags/spotify_to_csvs_to_s3_F.py
[2024-03-20T21:17:59.729+0000] {processor.py:830} INFO - Processing file /opt/airflow/dags/spotify_to_csvs_to_s3_F.py for tasks to queue
[2024-03-20T21:17:59.796+0000] {logging_mixin.py:188} INFO - [2024-03-20T21:17:59.794+0000] {dagbag.py:540} INFO - Filling up the DagBag from /opt/airflow/dags/spotify_to_csvs_to_s3_F.py
[2024-03-20T21:18:17.842+0000] {logging_mixin.py:188} INFO - Authenticating User...
[2024-03-20T21:18:18.049+0000] {processor.py:840} INFO - DAG(s) 'spotify_data_extraction_to_s3_v1' retrieved from /opt/airflow/dags/spotify_to_csvs_to_s3_F.py
[2024-03-20T21:18:20.828+0000] {logging_mixin.py:188} INFO - [2024-03-20T21:18:20.826+0000] {override.py:1769} INFO - Created Permission View: can edit on DAG:spotify_data_extraction_to_s3_v1
[2024-03-20T21:18:21.057+0000] {logging_mixin.py:188} INFO - [2024-03-20T21:18:21.056+0000] {override.py:1769} INFO - Created Permission View: can read on DAG:spotify_data_extraction_to_s3_v1
[2024-03-20T21:18:21.309+0000] {logging_mixin.py:188} INFO - [2024-03-20T21:18:21.307+0000] {override.py:1769} INFO - Created Permission View: can delete on DAG:spotify_data_extraction_to_s3_v1
[2024-03-20T21:18:21.313+0000] {logging_mixin.py:188} INFO - [2024-03-20T21:18:21.312+0000] {dag.py:3047} INFO - Sync 1 DAGs
[2024-03-20T21:18:21.520+0000] {logging_mixin.py:188} INFO - [2024-03-20T21:18:21.516+0000] {dag.py:3069} INFO - Creating ORM DAG for spotify_data_extraction_to_s3_v1
[2024-03-20T21:18:21.716+0000] {logging_mixin.py:188} INFO - [2024-03-20T21:18:21.715+0000] {dag.py:3834} INFO - Setting next_dagrun for spotify_data_extraction_to_s3_v1 to 2024-03-20 21:17:00+00:00, run_after=2024-03-20 21:18:00+00:00
[2024-03-20T21:18:21.983+0000] {processor.py:183} INFO - Processing /opt/airflow/dags/spotify_to_csvs_to_s3_F.py took 22.696 seconds
[2024-03-20T21:18:52.720+0000] {processor.py:161} INFO - Started process (PID=247) to work on /opt/airflow/dags/spotify_to_csvs_to_s3_F.py
[2024-03-20T21:18:52.724+0000] {processor.py:830} INFO - Processing file /opt/airflow/dags/spotify_to_csvs_to_s3_F.py for tasks to queue
[2024-03-20T21:18:52.727+0000] {logging_mixin.py:188} INFO - [2024-03-20T21:18:52.726+0000] {dagbag.py:540} INFO - Filling up the DagBag from /opt/airflow/dags/spotify_to_csvs_to_s3_F.py
[2024-03-20T21:18:54.555+0000] {logging_mixin.py:188} INFO - Authenticating User...
[2024-03-20T21:18:54.574+0000] {processor.py:840} INFO - DAG(s) 'spotify_data_extraction_to_s3_v1' retrieved from /opt/airflow/dags/spotify_to_csvs_to_s3_F.py
[2024-03-20T21:18:54.620+0000] {logging_mixin.py:188} INFO - [2024-03-20T21:18:54.619+0000] {dag.py:3047} INFO - Sync 1 DAGs
[2024-03-20T21:18:54.691+0000] {logging_mixin.py:188} INFO - [2024-03-20T21:18:54.691+0000] {dag.py:3834} INFO - Setting next_dagrun for spotify_data_extraction_to_s3_v1 to 2024-03-20 21:17:00+00:00, run_after=2024-03-20 21:18:00+00:00
[2024-03-20T21:18:54.753+0000] {processor.py:183} INFO - Processing /opt/airflow/dags/spotify_to_csvs_to_s3_F.py took 2.044 seconds
[2024-03-20T21:19:25.491+0000] {processor.py:161} INFO - Started process (PID=258) to work on /opt/airflow/dags/spotify_to_csvs_to_s3_F.py
[2024-03-20T21:19:25.497+0000] {processor.py:830} INFO - Processing file /opt/airflow/dags/spotify_to_csvs_to_s3_F.py for tasks to queue
[2024-03-20T21:19:25.500+0000] {logging_mixin.py:188} INFO - [2024-03-20T21:19:25.499+0000] {dagbag.py:540} INFO - Filling up the DagBag from /opt/airflow/dags/spotify_to_csvs_to_s3_F.py
[2024-03-20T21:19:26.834+0000] {logging_mixin.py:188} INFO - Authenticating User...
[2024-03-20T21:19:26.862+0000] {processor.py:840} INFO - DAG(s) 'spotify_data_extraction_to_s3_v1' retrieved from /opt/airflow/dags/spotify_to_csvs_to_s3_F.py
[2024-03-20T21:19:26.926+0000] {logging_mixin.py:188} INFO - [2024-03-20T21:19:26.925+0000] {dag.py:3047} INFO - Sync 1 DAGs
[2024-03-20T21:19:26.984+0000] {logging_mixin.py:188} INFO - [2024-03-20T21:19:26.983+0000] {dag.py:3834} INFO - Setting next_dagrun for spotify_data_extraction_to_s3_v1 to 2024-03-20 21:18:00+00:00, run_after=2024-03-20 21:19:00+00:00
[2024-03-20T21:19:27.154+0000] {processor.py:183} INFO - Processing /opt/airflow/dags/spotify_to_csvs_to_s3_F.py took 1.680 seconds
[2024-03-20T21:19:57.341+0000] {processor.py:161} INFO - Started process (PID=268) to work on /opt/airflow/dags/spotify_to_csvs_to_s3_F.py
[2024-03-20T21:19:57.344+0000] {processor.py:830} INFO - Processing file /opt/airflow/dags/spotify_to_csvs_to_s3_F.py for tasks to queue
[2024-03-20T21:19:57.347+0000] {logging_mixin.py:188} INFO - [2024-03-20T21:19:57.346+0000] {dagbag.py:540} INFO - Filling up the DagBag from /opt/airflow/dags/spotify_to_csvs_to_s3_F.py
[2024-03-20T21:19:58.911+0000] {logging_mixin.py:188} INFO - Authenticating User...
[2024-03-20T21:19:58.931+0000] {processor.py:840} INFO - DAG(s) 'spotify_data_extraction_to_s3_v1' retrieved from /opt/airflow/dags/spotify_to_csvs_to_s3_F.py
[2024-03-20T21:19:58.984+0000] {logging_mixin.py:188} INFO - [2024-03-20T21:19:58.983+0000] {dag.py:3047} INFO - Sync 1 DAGs
[2024-03-20T21:19:59.048+0000] {logging_mixin.py:188} INFO - [2024-03-20T21:19:59.047+0000] {dag.py:3834} INFO - Setting next_dagrun for spotify_data_extraction_to_s3_v1 to 2024-03-20 21:18:00+00:00, run_after=2024-03-20 21:19:00+00:00
[2024-03-20T21:19:59.110+0000] {processor.py:183} INFO - Processing /opt/airflow/dags/spotify_to_csvs_to_s3_F.py took 1.779 seconds
[2024-03-20T21:20:29.571+0000] {processor.py:161} INFO - Started process (PID=278) to work on /opt/airflow/dags/spotify_to_csvs_to_s3_F.py
[2024-03-20T21:20:29.577+0000] {processor.py:830} INFO - Processing file /opt/airflow/dags/spotify_to_csvs_to_s3_F.py for tasks to queue
[2024-03-20T21:20:29.582+0000] {logging_mixin.py:188} INFO - [2024-03-20T21:20:29.581+0000] {dagbag.py:540} INFO - Filling up the DagBag from /opt/airflow/dags/spotify_to_csvs_to_s3_F.py
[2024-03-20T21:20:36.896+0000] {logging_mixin.py:188} INFO - Authenticating User...
[2024-03-20T21:20:36.933+0000] {processor.py:840} INFO - DAG(s) 'spotify_data_extraction_to_s3_v1' retrieved from /opt/airflow/dags/spotify_to_csvs_to_s3_F.py
[2024-03-20T21:20:37.077+0000] {logging_mixin.py:188} INFO - [2024-03-20T21:20:37.075+0000] {dag.py:3047} INFO - Sync 1 DAGs
[2024-03-20T21:20:37.252+0000] {logging_mixin.py:188} INFO - [2024-03-20T21:20:37.251+0000] {dag.py:3834} INFO - Setting next_dagrun for spotify_data_extraction_to_s3_v1 to 2024-03-20 21:19:00+00:00, run_after=2024-03-20 21:20:00+00:00
[2024-03-20T21:20:37.324+0000] {processor.py:183} INFO - Processing /opt/airflow/dags/spotify_to_csvs_to_s3_F.py took 7.770 seconds
[2024-03-20T21:21:08.929+0000] {processor.py:161} INFO - Started process (PID=288) to work on /opt/airflow/dags/spotify_to_csvs_to_s3_F.py
[2024-03-20T21:21:09.098+0000] {processor.py:830} INFO - Processing file /opt/airflow/dags/spotify_to_csvs_to_s3_F.py for tasks to queue
[2024-03-20T21:21:09.141+0000] {logging_mixin.py:188} INFO - [2024-03-20T21:21:09.115+0000] {dagbag.py:540} INFO - Filling up the DagBag from /opt/airflow/dags/spotify_to_csvs_to_s3_F.py
[2024-03-20T21:21:19.551+0000] {logging_mixin.py:188} INFO - Authenticating User...
[2024-03-20T21:21:19.609+0000] {processor.py:840} INFO - DAG(s) 'spotify_data_extraction_to_s3_v1' retrieved from /opt/airflow/dags/spotify_to_csvs_to_s3_F.py
[2024-03-20T21:21:19.694+0000] {logging_mixin.py:188} INFO - [2024-03-20T21:21:19.692+0000] {dag.py:3047} INFO - Sync 1 DAGs
[2024-03-20T21:21:19.861+0000] {logging_mixin.py:188} INFO - [2024-03-20T21:21:19.860+0000] {dag.py:3834} INFO - Setting next_dagrun for spotify_data_extraction_to_s3_v1 to 2024-03-20 21:20:00+00:00, run_after=2024-03-20 21:21:00+00:00
[2024-03-20T21:21:19.989+0000] {processor.py:183} INFO - Processing /opt/airflow/dags/spotify_to_csvs_to_s3_F.py took 11.507 seconds
[2024-03-20T21:21:51.221+0000] {processor.py:161} INFO - Started process (PID=303) to work on /opt/airflow/dags/spotify_to_csvs_to_s3_F.py
[2024-03-20T21:21:51.233+0000] {processor.py:830} INFO - Processing file /opt/airflow/dags/spotify_to_csvs_to_s3_F.py for tasks to queue
[2024-03-20T21:21:51.253+0000] {logging_mixin.py:188} INFO - [2024-03-20T21:21:51.247+0000] {dagbag.py:540} INFO - Filling up the DagBag from /opt/airflow/dags/spotify_to_csvs_to_s3_F.py
[2024-03-20T21:21:59.396+0000] {logging_mixin.py:188} INFO - Authenticating User...
[2024-03-20T21:21:59.518+0000] {processor.py:840} INFO - DAG(s) 'spotify_data_extraction_to_s3_v1' retrieved from /opt/airflow/dags/spotify_to_csvs_to_s3_F.py
[2024-03-20T21:21:59.939+0000] {logging_mixin.py:188} INFO - [2024-03-20T21:21:59.937+0000] {dag.py:3047} INFO - Sync 1 DAGs
[2024-03-20T21:22:00.540+0000] {logging_mixin.py:188} INFO - [2024-03-20T21:22:00.538+0000] {dag.py:3834} INFO - Setting next_dagrun for spotify_data_extraction_to_s3_v1 to 2024-03-20 21:21:00+00:00, run_after=2024-03-20 21:22:00+00:00
[2024-03-20T21:22:00.856+0000] {processor.py:183} INFO - Processing /opt/airflow/dags/spotify_to_csvs_to_s3_F.py took 9.878 seconds
[2024-03-20T21:22:31.970+0000] {processor.py:161} INFO - Started process (PID=313) to work on /opt/airflow/dags/spotify_to_csvs_to_s3_F.py
[2024-03-20T21:22:31.976+0000] {processor.py:830} INFO - Processing file /opt/airflow/dags/spotify_to_csvs_to_s3_F.py for tasks to queue
[2024-03-20T21:22:31.982+0000] {logging_mixin.py:188} INFO - [2024-03-20T21:22:31.981+0000] {dagbag.py:540} INFO - Filling up the DagBag from /opt/airflow/dags/spotify_to_csvs_to_s3_F.py
[2024-03-20T21:23:03.440+0000] {logging_mixin.py:188} INFO - [2024-03-20T21:23:03.350+0000] {timeout.py:68} ERROR - Process timed out, PID: 313
[2024-03-20T21:23:03.517+0000] {logging_mixin.py:188} WARNING - Exception ignored in: <function WeakKeyDictionary.__init__.<locals>.remove at 0x7f15db238550>
[2024-03-20T21:23:03.528+0000] {logging_mixin.py:188} WARNING - Traceback (most recent call last):
[2024-03-20T21:23:03.534+0000] {logging_mixin.py:188} WARNING -   File "/usr/local/lib/python3.8/weakref.py", line 345, in remove
[2024-03-20T21:23:03.574+0000] {logging_mixin.py:188} WARNING -     def remove(k, selfref=ref(self)):
[2024-03-20T21:23:03.588+0000] {logging_mixin.py:188} WARNING -   File "/home/airflow/.local/lib/python3.8/site-packages/airflow/utils/timeout.py", line 69, in handle_timeout
[2024-03-20T21:23:03.635+0000] {logging_mixin.py:188} WARNING -     raise AirflowTaskTimeout(self.error_message)
[2024-03-20T21:23:03.641+0000] {logging_mixin.py:188} WARNING - airflow.exceptions.AirflowTaskTimeout: DagBag import timeout for /opt/airflow/dags/spotify_to_csvs_to_s3_F.py after 30.0s.
Please take a look at these docs to improve your DAG import time:
* https://airflow.apache.org/docs/apache-airflow/2.8.3/best-practices.html#top-level-python-code
* https://airflow.apache.org/docs/apache-airflow/2.8.3/best-practices.html#reducing-dag-complexity, PID: 313
[2024-03-20T21:23:11.392+0000] {logging_mixin.py:188} INFO - Authenticating User...
[2024-03-20T21:23:11.600+0000] {processor.py:840} INFO - DAG(s) 'spotify_data_extraction_to_s3_v1' retrieved from /opt/airflow/dags/spotify_to_csvs_to_s3_F.py
[2024-03-20T21:23:12.199+0000] {logging_mixin.py:188} INFO - [2024-03-20T21:23:12.196+0000] {dag.py:3047} INFO - Sync 1 DAGs
[2024-03-20T21:23:13.365+0000] {logging_mixin.py:188} INFO - [2024-03-20T21:23:13.355+0000] {dag.py:3834} INFO - Setting next_dagrun for spotify_data_extraction_to_s3_v1 to 2024-03-20 21:22:00+00:00, run_after=2024-03-20 21:23:00+00:00
[2024-03-20T21:23:15.296+0000] {processor.py:183} INFO - Processing /opt/airflow/dags/spotify_to_csvs_to_s3_F.py took 43.345 seconds
[2024-03-20T21:38:40.853+0000] {processor.py:161} INFO - Started process (PID=334) to work on /opt/airflow/dags/spotify_to_csvs_to_s3_F.py
[2024-03-20T21:38:41.096+0000] {processor.py:830} INFO - Processing file /opt/airflow/dags/spotify_to_csvs_to_s3_F.py for tasks to queue
[2024-03-20T21:38:41.105+0000] {logging_mixin.py:188} INFO - [2024-03-20T21:38:41.102+0000] {dagbag.py:540} INFO - Filling up the DagBag from /opt/airflow/dags/spotify_to_csvs_to_s3_F.py
[2024-03-20T21:39:11.551+0000] {logging_mixin.py:188} INFO - [2024-03-20T21:39:11.544+0000] {timeout.py:68} ERROR - Process timed out, PID: 334
[2024-03-20T21:39:46.046+0000] {processor.py:161} INFO - Started process (PID=359) to work on /opt/airflow/dags/spotify_to_csvs_to_s3_F.py
[2024-03-20T21:39:46.109+0000] {processor.py:830} INFO - Processing file /opt/airflow/dags/spotify_to_csvs_to_s3_F.py for tasks to queue
[2024-03-20T21:39:46.154+0000] {logging_mixin.py:188} INFO - [2024-03-20T21:39:46.141+0000] {dagbag.py:540} INFO - Filling up the DagBag from /opt/airflow/dags/spotify_to_csvs_to_s3_F.py
[2024-03-20T21:40:20.791+0000] {logging_mixin.py:188} INFO - [2024-03-20T21:40:20.142+0000] {timeout.py:68} ERROR - Process timed out, PID: 359
[2024-03-20T21:40:57.985+0000] {processor.py:161} INFO - Started process (PID=380) to work on /opt/airflow/dags/spotify_to_csvs_to_s3_F.py
[2024-03-20T21:40:58.168+0000] {processor.py:830} INFO - Processing file /opt/airflow/dags/spotify_to_csvs_to_s3_F.py for tasks to queue
[2024-03-20T21:40:58.202+0000] {logging_mixin.py:188} INFO - [2024-03-20T21:40:58.200+0000] {dagbag.py:540} INFO - Filling up the DagBag from /opt/airflow/dags/spotify_to_csvs_to_s3_F.py
[2024-03-20T21:42:19.003+0000] {processor.py:161} INFO - Started process (PID=402) to work on /opt/airflow/dags/spotify_to_csvs_to_s3_F.py
[2024-03-20T21:42:19.025+0000] {processor.py:830} INFO - Processing file /opt/airflow/dags/spotify_to_csvs_to_s3_F.py for tasks to queue
[2024-03-20T21:42:19.126+0000] {logging_mixin.py:188} INFO - [2024-03-20T21:42:19.104+0000] {dagbag.py:540} INFO - Filling up the DagBag from /opt/airflow/dags/spotify_to_csvs_to_s3_F.py
[2024-03-20T21:42:57.792+0000] {logging_mixin.py:188} INFO - [2024-03-20T21:42:57.740+0000] {timeout.py:68} ERROR - Process timed out, PID: 402
[2024-03-20T21:42:57.799+0000] {logging_mixin.py:188} WARNING - Exception ignored in: <function WeakKeyDictionary.__init__.<locals>.remove at 0x7f15db238550>
[2024-03-20T21:42:57.800+0000] {logging_mixin.py:188} WARNING - Traceback (most recent call last):
[2024-03-20T21:42:57.801+0000] {logging_mixin.py:188} WARNING -   File "/usr/local/lib/python3.8/weakref.py", line 345, in remove
[2024-03-20T21:42:57.806+0000] {logging_mixin.py:188} WARNING -     def remove(k, selfref=ref(self)):
[2024-03-20T21:42:57.807+0000] {logging_mixin.py:188} WARNING -   File "/home/airflow/.local/lib/python3.8/site-packages/airflow/utils/timeout.py", line 69, in handle_timeout
[2024-03-20T21:42:57.808+0000] {logging_mixin.py:188} WARNING -     raise AirflowTaskTimeout(self.error_message)
[2024-03-20T21:42:57.809+0000] {logging_mixin.py:188} WARNING - airflow.exceptions.AirflowTaskTimeout: DagBag import timeout for /opt/airflow/dags/spotify_to_csvs_to_s3_F.py after 30.0s.
Please take a look at these docs to improve your DAG import time:
* https://airflow.apache.org/docs/apache-airflow/2.8.3/best-practices.html#top-level-python-code
* https://airflow.apache.org/docs/apache-airflow/2.8.3/best-practices.html#reducing-dag-complexity, PID: 402
[2024-03-20T21:43:39.446+0000] {processor.py:161} INFO - Started process (PID=421) to work on /opt/airflow/dags/spotify_to_csvs_to_s3_F.py
[2024-03-20T21:43:39.451+0000] {processor.py:830} INFO - Processing file /opt/airflow/dags/spotify_to_csvs_to_s3_F.py for tasks to queue
[2024-03-20T21:43:39.454+0000] {logging_mixin.py:188} INFO - [2024-03-20T21:43:39.453+0000] {dagbag.py:540} INFO - Filling up the DagBag from /opt/airflow/dags/spotify_to_csvs_to_s3_F.py
[2024-03-20T21:43:44.955+0000] {logging_mixin.py:188} INFO - Authenticating User...
[2024-03-20T21:43:44.984+0000] {processor.py:840} INFO - DAG(s) 'spotify_data_extraction_to_s3_v1' retrieved from /opt/airflow/dags/spotify_to_csvs_to_s3_F.py
[2024-03-20T21:43:45.354+0000] {logging_mixin.py:188} INFO - [2024-03-20T21:43:45.352+0000] {dag.py:3047} INFO - Sync 1 DAGs
[2024-03-20T21:43:45.473+0000] {logging_mixin.py:188} INFO - [2024-03-20T21:43:45.470+0000] {dag.py:3834} INFO - Setting next_dagrun for spotify_data_extraction_to_s3_v1 to 2024-03-20 21:42:00+00:00, run_after=2024-03-20 21:43:00+00:00
[2024-03-20T21:43:45.580+0000] {processor.py:183} INFO - Processing /opt/airflow/dags/spotify_to_csvs_to_s3_F.py took 6.189 seconds
[2024-03-20T21:44:16.160+0000] {processor.py:161} INFO - Started process (PID=436) to work on /opt/airflow/dags/spotify_to_csvs_to_s3_F.py
[2024-03-20T21:44:16.167+0000] {processor.py:830} INFO - Processing file /opt/airflow/dags/spotify_to_csvs_to_s3_F.py for tasks to queue
[2024-03-20T21:44:16.170+0000] {logging_mixin.py:188} INFO - [2024-03-20T21:44:16.169+0000] {dagbag.py:540} INFO - Filling up the DagBag from /opt/airflow/dags/spotify_to_csvs_to_s3_F.py
[2024-03-20T21:44:26.471+0000] {logging_mixin.py:188} INFO - Authenticating User...
[2024-03-20T21:44:26.561+0000] {processor.py:840} INFO - DAG(s) 'spotify_data_extraction_to_s3_v1' retrieved from /opt/airflow/dags/spotify_to_csvs_to_s3_F.py
[2024-03-20T21:44:26.702+0000] {logging_mixin.py:188} INFO - [2024-03-20T21:44:26.700+0000] {dag.py:3047} INFO - Sync 1 DAGs
[2024-03-20T21:44:26.798+0000] {logging_mixin.py:188} INFO - [2024-03-20T21:44:26.798+0000] {dag.py:3834} INFO - Setting next_dagrun for spotify_data_extraction_to_s3_v1 to 2024-03-20 21:43:00+00:00, run_after=2024-03-20 21:44:00+00:00
[2024-03-20T21:44:26.864+0000] {processor.py:183} INFO - Processing /opt/airflow/dags/spotify_to_csvs_to_s3_F.py took 10.859 seconds
[2024-03-20T21:44:57.425+0000] {processor.py:161} INFO - Started process (PID=453) to work on /opt/airflow/dags/spotify_to_csvs_to_s3_F.py
[2024-03-20T21:44:57.428+0000] {processor.py:830} INFO - Processing file /opt/airflow/dags/spotify_to_csvs_to_s3_F.py for tasks to queue
[2024-03-20T21:44:57.432+0000] {logging_mixin.py:188} INFO - [2024-03-20T21:44:57.431+0000] {dagbag.py:540} INFO - Filling up the DagBag from /opt/airflow/dags/spotify_to_csvs_to_s3_F.py
[2024-03-20T21:45:02.969+0000] {logging_mixin.py:188} INFO - Authenticating User...
[2024-03-20T21:45:03.159+0000] {processor.py:840} INFO - DAG(s) 'spotify_data_extraction_to_s3_v1' retrieved from /opt/airflow/dags/spotify_to_csvs_to_s3_F.py
[2024-03-20T21:45:03.538+0000] {logging_mixin.py:188} INFO - [2024-03-20T21:45:03.536+0000] {dag.py:3047} INFO - Sync 1 DAGs
[2024-03-20T21:45:03.685+0000] {logging_mixin.py:188} INFO - [2024-03-20T21:45:03.684+0000] {dag.py:3834} INFO - Setting next_dagrun for spotify_data_extraction_to_s3_v1 to 2024-03-20 21:44:00+00:00, run_after=2024-03-20 21:45:00+00:00
[2024-03-20T21:45:03.746+0000] {processor.py:183} INFO - Processing /opt/airflow/dags/spotify_to_csvs_to_s3_F.py took 6.329 seconds
[2024-03-20T21:45:34.306+0000] {processor.py:161} INFO - Started process (PID=463) to work on /opt/airflow/dags/spotify_to_csvs_to_s3_F.py
[2024-03-20T21:45:34.312+0000] {processor.py:830} INFO - Processing file /opt/airflow/dags/spotify_to_csvs_to_s3_F.py for tasks to queue
[2024-03-20T21:45:34.318+0000] {logging_mixin.py:188} INFO - [2024-03-20T21:45:34.316+0000] {dagbag.py:540} INFO - Filling up the DagBag from /opt/airflow/dags/spotify_to_csvs_to_s3_F.py
[2024-03-20T21:45:37.344+0000] {logging_mixin.py:188} INFO - Authenticating User...
[2024-03-20T21:45:37.420+0000] {processor.py:840} INFO - DAG(s) 'spotify_data_extraction_to_s3_v1' retrieved from /opt/airflow/dags/spotify_to_csvs_to_s3_F.py
[2024-03-20T21:45:37.622+0000] {logging_mixin.py:188} INFO - [2024-03-20T21:45:37.622+0000] {dag.py:3047} INFO - Sync 1 DAGs
[2024-03-20T21:45:37.728+0000] {logging_mixin.py:188} INFO - [2024-03-20T21:45:37.727+0000] {dag.py:3834} INFO - Setting next_dagrun for spotify_data_extraction_to_s3_v1 to 2024-03-20 21:44:00+00:00, run_after=2024-03-20 21:45:00+00:00
[2024-03-20T21:45:37.796+0000] {processor.py:183} INFO - Processing /opt/airflow/dags/spotify_to_csvs_to_s3_F.py took 3.505 seconds
[2024-03-20T21:46:08.334+0000] {processor.py:161} INFO - Started process (PID=473) to work on /opt/airflow/dags/spotify_to_csvs_to_s3_F.py
[2024-03-20T21:46:08.340+0000] {processor.py:830} INFO - Processing file /opt/airflow/dags/spotify_to_csvs_to_s3_F.py for tasks to queue
[2024-03-20T21:46:08.360+0000] {logging_mixin.py:188} INFO - [2024-03-20T21:46:08.359+0000] {dagbag.py:540} INFO - Filling up the DagBag from /opt/airflow/dags/spotify_to_csvs_to_s3_F.py
[2024-03-20T21:46:12.780+0000] {logging_mixin.py:188} INFO - Authenticating User...
[2024-03-20T21:46:12.831+0000] {processor.py:840} INFO - DAG(s) 'spotify_data_extraction_to_s3_v1' retrieved from /opt/airflow/dags/spotify_to_csvs_to_s3_F.py
[2024-03-20T21:46:12.929+0000] {logging_mixin.py:188} INFO - [2024-03-20T21:46:12.928+0000] {dag.py:3047} INFO - Sync 1 DAGs
[2024-03-20T21:46:13.089+0000] {logging_mixin.py:188} INFO - [2024-03-20T21:46:13.088+0000] {dag.py:3834} INFO - Setting next_dagrun for spotify_data_extraction_to_s3_v1 to 2024-03-20 21:45:00+00:00, run_after=2024-03-20 21:46:00+00:00
[2024-03-20T21:46:13.158+0000] {processor.py:183} INFO - Processing /opt/airflow/dags/spotify_to_csvs_to_s3_F.py took 4.833 seconds
[2024-03-20T21:46:44.052+0000] {processor.py:161} INFO - Started process (PID=482) to work on /opt/airflow/dags/spotify_to_csvs_to_s3_F.py
[2024-03-20T21:46:44.056+0000] {processor.py:830} INFO - Processing file /opt/airflow/dags/spotify_to_csvs_to_s3_F.py for tasks to queue
[2024-03-20T21:46:44.060+0000] {logging_mixin.py:188} INFO - [2024-03-20T21:46:44.059+0000] {dagbag.py:540} INFO - Filling up the DagBag from /opt/airflow/dags/spotify_to_csvs_to_s3_F.py
[2024-03-20T21:46:48.246+0000] {logging_mixin.py:188} INFO - Authenticating User...
[2024-03-20T21:46:48.403+0000] {processor.py:840} INFO - DAG(s) 'spotify_data_extraction_to_s3_v1' retrieved from /opt/airflow/dags/spotify_to_csvs_to_s3_F.py
[2024-03-20T21:46:48.476+0000] {logging_mixin.py:188} INFO - [2024-03-20T21:46:48.474+0000] {dag.py:3047} INFO - Sync 1 DAGs
[2024-03-20T21:46:48.558+0000] {logging_mixin.py:188} INFO - [2024-03-20T21:46:48.557+0000] {dag.py:3834} INFO - Setting next_dagrun for spotify_data_extraction_to_s3_v1 to 2024-03-20 21:45:00+00:00, run_after=2024-03-20 21:46:00+00:00
[2024-03-20T21:46:48.637+0000] {processor.py:183} INFO - Processing /opt/airflow/dags/spotify_to_csvs_to_s3_F.py took 4.613 seconds
[2024-03-20T21:47:19.903+0000] {processor.py:161} INFO - Started process (PID=491) to work on /opt/airflow/dags/spotify_to_csvs_to_s3_F.py
[2024-03-20T21:47:19.906+0000] {processor.py:830} INFO - Processing file /opt/airflow/dags/spotify_to_csvs_to_s3_F.py for tasks to queue
[2024-03-20T21:47:19.909+0000] {logging_mixin.py:188} INFO - [2024-03-20T21:47:19.908+0000] {dagbag.py:540} INFO - Filling up the DagBag from /opt/airflow/dags/spotify_to_csvs_to_s3_F.py
[2024-03-20T21:47:23.845+0000] {logging_mixin.py:188} INFO - Authenticating User...
[2024-03-20T21:47:23.869+0000] {processor.py:840} INFO - DAG(s) 'spotify_data_extraction_to_s3_v1' retrieved from /opt/airflow/dags/spotify_to_csvs_to_s3_F.py
[2024-03-20T21:47:23.943+0000] {logging_mixin.py:188} INFO - [2024-03-20T21:47:23.940+0000] {dag.py:3047} INFO - Sync 1 DAGs
[2024-03-20T21:47:24.155+0000] {logging_mixin.py:188} INFO - [2024-03-20T21:47:24.154+0000] {dag.py:3834} INFO - Setting next_dagrun for spotify_data_extraction_to_s3_v1 to 2024-03-20 21:46:00+00:00, run_after=2024-03-20 21:47:00+00:00
[2024-03-20T21:47:24.293+0000] {processor.py:183} INFO - Processing /opt/airflow/dags/spotify_to_csvs_to_s3_F.py took 4.403 seconds
[2024-03-20T21:47:55.186+0000] {processor.py:161} INFO - Started process (PID=507) to work on /opt/airflow/dags/spotify_to_csvs_to_s3_F.py
[2024-03-20T21:47:55.194+0000] {processor.py:830} INFO - Processing file /opt/airflow/dags/spotify_to_csvs_to_s3_F.py for tasks to queue
[2024-03-20T21:47:55.198+0000] {logging_mixin.py:188} INFO - [2024-03-20T21:47:55.197+0000] {dagbag.py:540} INFO - Filling up the DagBag from /opt/airflow/dags/spotify_to_csvs_to_s3_F.py
[2024-03-20T21:47:59.895+0000] {logging_mixin.py:188} INFO - Authenticating User...
[2024-03-20T21:47:59.918+0000] {processor.py:840} INFO - DAG(s) 'spotify_data_extraction_to_s3_v1' retrieved from /opt/airflow/dags/spotify_to_csvs_to_s3_F.py
[2024-03-20T21:48:00.018+0000] {logging_mixin.py:188} INFO - [2024-03-20T21:48:00.017+0000] {dag.py:3047} INFO - Sync 1 DAGs
[2024-03-20T21:48:00.154+0000] {logging_mixin.py:188} INFO - [2024-03-20T21:48:00.153+0000] {dag.py:3834} INFO - Setting next_dagrun for spotify_data_extraction_to_s3_v1 to 2024-03-20 21:47:00+00:00, run_after=2024-03-20 21:48:00+00:00
[2024-03-20T21:48:00.311+0000] {processor.py:183} INFO - Processing /opt/airflow/dags/spotify_to_csvs_to_s3_F.py took 5.135 seconds
[2024-03-20T21:48:31.062+0000] {processor.py:161} INFO - Started process (PID=517) to work on /opt/airflow/dags/spotify_to_csvs_to_s3_F.py
[2024-03-20T21:48:31.066+0000] {processor.py:830} INFO - Processing file /opt/airflow/dags/spotify_to_csvs_to_s3_F.py for tasks to queue
[2024-03-20T21:48:31.069+0000] {logging_mixin.py:188} INFO - [2024-03-20T21:48:31.068+0000] {dagbag.py:540} INFO - Filling up the DagBag from /opt/airflow/dags/spotify_to_csvs_to_s3_F.py
[2024-03-20T21:48:34.610+0000] {logging_mixin.py:188} INFO - Authenticating User...
[2024-03-20T21:48:34.638+0000] {processor.py:840} INFO - DAG(s) 'spotify_data_extraction_to_s3_v1' retrieved from /opt/airflow/dags/spotify_to_csvs_to_s3_F.py
[2024-03-20T21:48:34.788+0000] {logging_mixin.py:188} INFO - [2024-03-20T21:48:34.787+0000] {dag.py:3047} INFO - Sync 1 DAGs
[2024-03-20T21:48:34.928+0000] {logging_mixin.py:188} INFO - [2024-03-20T21:48:34.926+0000] {dag.py:3834} INFO - Setting next_dagrun for spotify_data_extraction_to_s3_v1 to 2024-03-20 21:47:00+00:00, run_after=2024-03-20 21:48:00+00:00
[2024-03-20T21:48:35.072+0000] {processor.py:183} INFO - Processing /opt/airflow/dags/spotify_to_csvs_to_s3_F.py took 4.019 seconds
[2024-03-20T21:49:06.259+0000] {processor.py:161} INFO - Started process (PID=527) to work on /opt/airflow/dags/spotify_to_csvs_to_s3_F.py
[2024-03-20T21:49:06.262+0000] {processor.py:830} INFO - Processing file /opt/airflow/dags/spotify_to_csvs_to_s3_F.py for tasks to queue
[2024-03-20T21:49:06.276+0000] {logging_mixin.py:188} INFO - [2024-03-20T21:49:06.270+0000] {dagbag.py:540} INFO - Filling up the DagBag from /opt/airflow/dags/spotify_to_csvs_to_s3_F.py
[2024-03-20T21:49:10.428+0000] {logging_mixin.py:188} INFO - Authenticating User...
[2024-03-20T21:49:10.461+0000] {processor.py:840} INFO - DAG(s) 'spotify_data_extraction_to_s3_v1' retrieved from /opt/airflow/dags/spotify_to_csvs_to_s3_F.py
[2024-03-20T21:49:10.635+0000] {logging_mixin.py:188} INFO - [2024-03-20T21:49:10.632+0000] {dag.py:3047} INFO - Sync 1 DAGs
[2024-03-20T21:49:10.904+0000] {logging_mixin.py:188} INFO - [2024-03-20T21:49:10.902+0000] {dag.py:3834} INFO - Setting next_dagrun for spotify_data_extraction_to_s3_v1 to 2024-03-20 21:48:00+00:00, run_after=2024-03-20 21:49:00+00:00
[2024-03-20T21:49:10.991+0000] {processor.py:183} INFO - Processing /opt/airflow/dags/spotify_to_csvs_to_s3_F.py took 4.494 seconds
[2024-03-20T21:49:43.351+0000] {processor.py:161} INFO - Started process (PID=537) to work on /opt/airflow/dags/spotify_to_csvs_to_s3_F.py
[2024-03-20T21:49:43.379+0000] {processor.py:830} INFO - Processing file /opt/airflow/dags/spotify_to_csvs_to_s3_F.py for tasks to queue
[2024-03-20T21:49:43.496+0000] {logging_mixin.py:188} INFO - [2024-03-20T21:49:43.450+0000] {dagbag.py:540} INFO - Filling up the DagBag from /opt/airflow/dags/spotify_to_csvs_to_s3_F.py
[2024-03-20T21:50:13.940+0000] {logging_mixin.py:188} INFO - [2024-03-20T21:50:13.735+0000] {timeout.py:68} ERROR - Process timed out, PID: 537
[2024-03-20T21:50:48.741+0000] {processor.py:161} INFO - Started process (PID=552) to work on /opt/airflow/dags/spotify_to_csvs_to_s3_F.py
[2024-03-20T21:50:48.757+0000] {processor.py:830} INFO - Processing file /opt/airflow/dags/spotify_to_csvs_to_s3_F.py for tasks to queue
[2024-03-20T21:50:48.766+0000] {logging_mixin.py:188} INFO - [2024-03-20T21:50:48.762+0000] {dagbag.py:540} INFO - Filling up the DagBag from /opt/airflow/dags/spotify_to_csvs_to_s3_F.py
[2024-03-20T21:50:59.581+0000] {logging_mixin.py:188} INFO - Authenticating User...
[2024-03-20T21:50:59.696+0000] {processor.py:840} INFO - DAG(s) 'spotify_data_extraction_to_s3_v1' retrieved from /opt/airflow/dags/spotify_to_csvs_to_s3_F.py
[2024-03-20T21:51:02.239+0000] {logging_mixin.py:188} INFO - [2024-03-20T21:51:02.237+0000] {dag.py:3047} INFO - Sync 1 DAGs
[2024-03-20T21:51:02.415+0000] {logging_mixin.py:188} INFO - [2024-03-20T21:51:02.411+0000] {dag.py:3834} INFO - Setting next_dagrun for spotify_data_extraction_to_s3_v1 to 2024-03-20 21:50:00+00:00, run_after=2024-03-20 21:51:00+00:00
[2024-03-20T21:51:02.594+0000] {processor.py:183} INFO - Processing /opt/airflow/dags/spotify_to_csvs_to_s3_F.py took 13.885 seconds
[2024-03-20T21:51:34.220+0000] {processor.py:161} INFO - Started process (PID=562) to work on /opt/airflow/dags/spotify_to_csvs_to_s3_F.py
[2024-03-20T21:51:34.231+0000] {processor.py:830} INFO - Processing file /opt/airflow/dags/spotify_to_csvs_to_s3_F.py for tasks to queue
[2024-03-20T21:51:34.244+0000] {logging_mixin.py:188} INFO - [2024-03-20T21:51:34.239+0000] {dagbag.py:540} INFO - Filling up the DagBag from /opt/airflow/dags/spotify_to_csvs_to_s3_F.py
[2024-03-20T21:51:45.415+0000] {logging_mixin.py:188} INFO - Authenticating User...
[2024-03-20T21:51:45.463+0000] {processor.py:840} INFO - DAG(s) 'spotify_data_extraction_to_s3_v1' retrieved from /opt/airflow/dags/spotify_to_csvs_to_s3_F.py
[2024-03-20T21:51:45.669+0000] {logging_mixin.py:188} INFO - [2024-03-20T21:51:45.668+0000] {dag.py:3047} INFO - Sync 1 DAGs
[2024-03-20T21:51:45.774+0000] {logging_mixin.py:188} INFO - [2024-03-20T21:51:45.773+0000] {dag.py:3834} INFO - Setting next_dagrun for spotify_data_extraction_to_s3_v1 to 2024-03-20 21:50:00+00:00, run_after=2024-03-20 21:51:00+00:00
[2024-03-20T21:51:45.890+0000] {processor.py:183} INFO - Processing /opt/airflow/dags/spotify_to_csvs_to_s3_F.py took 11.889 seconds
[2024-03-20T21:52:18.695+0000] {processor.py:161} INFO - Started process (PID=578) to work on /opt/airflow/dags/spotify_to_csvs_to_s3_F.py
[2024-03-20T21:52:18.720+0000] {processor.py:830} INFO - Processing file /opt/airflow/dags/spotify_to_csvs_to_s3_F.py for tasks to queue
[2024-03-20T21:52:18.731+0000] {logging_mixin.py:188} INFO - [2024-03-20T21:52:18.727+0000] {dagbag.py:540} INFO - Filling up the DagBag from /opt/airflow/dags/spotify_to_csvs_to_s3_F.py
[2024-03-20T21:54:48.441+0000] {logging_mixin.py:188} INFO - [2024-03-20T21:54:48.420+0000] {timeout.py:68} ERROR - Process timed out, PID: 578
[2024-03-20T21:55:37.175+0000] {processor.py:161} INFO - Started process (PID=585) to work on /opt/airflow/dags/spotify_to_csvs_to_s3_F.py
[2024-03-20T21:55:37.786+0000] {processor.py:830} INFO - Processing file /opt/airflow/dags/spotify_to_csvs_to_s3_F.py for tasks to queue
[2024-03-20T21:55:37.812+0000] {logging_mixin.py:188} INFO - [2024-03-20T21:55:37.803+0000] {dagbag.py:540} INFO - Filling up the DagBag from /opt/airflow/dags/spotify_to_csvs_to_s3_F.py
[2024-03-20T21:56:07.891+0000] {logging_mixin.py:188} INFO - [2024-03-20T21:56:07.860+0000] {timeout.py:68} ERROR - Process timed out, PID: 585
[2024-03-20T21:56:39.408+0000] {processor.py:161} INFO - Started process (PID=600) to work on /opt/airflow/dags/spotify_to_csvs_to_s3_F.py
[2024-03-20T21:56:39.478+0000] {processor.py:830} INFO - Processing file /opt/airflow/dags/spotify_to_csvs_to_s3_F.py for tasks to queue
[2024-03-20T21:56:39.485+0000] {logging_mixin.py:188} INFO - [2024-03-20T21:56:39.483+0000] {dagbag.py:540} INFO - Filling up the DagBag from /opt/airflow/dags/spotify_to_csvs_to_s3_F.py
[2024-03-20T21:56:47.874+0000] {logging_mixin.py:188} INFO - Authenticating User...
[2024-03-20T21:56:47.947+0000] {processor.py:840} INFO - DAG(s) 'spotify_data_extraction_to_s3_v1' retrieved from /opt/airflow/dags/spotify_to_csvs_to_s3_F.py
[2024-03-20T21:56:49.357+0000] {logging_mixin.py:188} INFO - [2024-03-20T21:56:49.355+0000] {dag.py:3047} INFO - Sync 1 DAGs
[2024-03-20T21:56:49.691+0000] {logging_mixin.py:188} INFO - [2024-03-20T21:56:49.690+0000] {dag.py:3834} INFO - Setting next_dagrun for spotify_data_extraction_to_s3_v1 to 2024-03-20 21:55:00+00:00, run_after=2024-03-20 21:56:00+00:00
[2024-03-20T21:56:50.138+0000] {processor.py:183} INFO - Processing /opt/airflow/dags/spotify_to_csvs_to_s3_F.py took 10.744 seconds
[2024-03-20T21:57:21.392+0000] {processor.py:161} INFO - Started process (PID=616) to work on /opt/airflow/dags/spotify_to_csvs_to_s3_F.py
[2024-03-20T21:57:21.398+0000] {processor.py:830} INFO - Processing file /opt/airflow/dags/spotify_to_csvs_to_s3_F.py for tasks to queue
[2024-03-20T21:57:21.404+0000] {logging_mixin.py:188} INFO - [2024-03-20T21:57:21.403+0000] {dagbag.py:540} INFO - Filling up the DagBag from /opt/airflow/dags/spotify_to_csvs_to_s3_F.py
[2024-03-20T21:57:29.449+0000] {logging_mixin.py:188} INFO - Authenticating User...
[2024-03-20T21:57:29.609+0000] {processor.py:840} INFO - DAG(s) 'spotify_data_extraction_to_s3_v1' retrieved from /opt/airflow/dags/spotify_to_csvs_to_s3_F.py
[2024-03-20T21:57:29.866+0000] {logging_mixin.py:188} INFO - [2024-03-20T21:57:29.864+0000] {dag.py:3047} INFO - Sync 1 DAGs
[2024-03-20T21:57:30.172+0000] {logging_mixin.py:188} INFO - [2024-03-20T21:57:30.165+0000] {dag.py:3834} INFO - Setting next_dagrun for spotify_data_extraction_to_s3_v1 to 2024-03-20 21:56:00+00:00, run_after=2024-03-20 21:57:00+00:00
[2024-03-20T21:57:30.272+0000] {processor.py:183} INFO - Processing /opt/airflow/dags/spotify_to_csvs_to_s3_F.py took 8.880 seconds
[2024-03-20T21:58:00.511+0000] {processor.py:161} INFO - Started process (PID=626) to work on /opt/airflow/dags/spotify_to_csvs_to_s3_F.py
[2024-03-20T21:58:00.538+0000] {processor.py:830} INFO - Processing file /opt/airflow/dags/spotify_to_csvs_to_s3_F.py for tasks to queue
[2024-03-20T21:58:00.575+0000] {logging_mixin.py:188} INFO - [2024-03-20T21:58:00.549+0000] {dagbag.py:540} INFO - Filling up the DagBag from /opt/airflow/dags/spotify_to_csvs_to_s3_F.py
[2024-03-20T21:58:11.669+0000] {logging_mixin.py:188} INFO - Authenticating User...
[2024-03-20T21:58:11.816+0000] {processor.py:840} INFO - DAG(s) 'spotify_data_extraction_to_s3_v1' retrieved from /opt/airflow/dags/spotify_to_csvs_to_s3_F.py
[2024-03-20T21:58:12.435+0000] {logging_mixin.py:188} INFO - [2024-03-20T21:58:12.433+0000] {dag.py:3047} INFO - Sync 1 DAGs
[2024-03-20T21:58:12.759+0000] {logging_mixin.py:188} INFO - [2024-03-20T21:58:12.734+0000] {dag.py:3834} INFO - Setting next_dagrun for spotify_data_extraction_to_s3_v1 to 2024-03-20 21:57:00+00:00, run_after=2024-03-20 21:58:00+00:00
[2024-03-20T21:58:12.877+0000] {processor.py:183} INFO - Processing /opt/airflow/dags/spotify_to_csvs_to_s3_F.py took 12.395 seconds
[2024-03-20T21:58:43.482+0000] {processor.py:161} INFO - Started process (PID=636) to work on /opt/airflow/dags/spotify_to_csvs_to_s3_F.py
[2024-03-20T21:58:43.486+0000] {processor.py:830} INFO - Processing file /opt/airflow/dags/spotify_to_csvs_to_s3_F.py for tasks to queue
[2024-03-20T21:58:43.490+0000] {logging_mixin.py:188} INFO - [2024-03-20T21:58:43.489+0000] {dagbag.py:540} INFO - Filling up the DagBag from /opt/airflow/dags/spotify_to_csvs_to_s3_F.py
[2024-03-20T21:58:46.561+0000] {logging_mixin.py:188} INFO - Authenticating User...
[2024-03-20T21:58:46.586+0000] {processor.py:840} INFO - DAG(s) 'spotify_data_extraction_to_s3_v1' retrieved from /opt/airflow/dags/spotify_to_csvs_to_s3_F.py
[2024-03-20T21:58:46.666+0000] {logging_mixin.py:188} INFO - [2024-03-20T21:58:46.664+0000] {dag.py:3047} INFO - Sync 1 DAGs
[2024-03-20T21:58:46.766+0000] {logging_mixin.py:188} INFO - [2024-03-20T21:58:46.765+0000] {dag.py:3834} INFO - Setting next_dagrun for spotify_data_extraction_to_s3_v1 to 2024-03-20 21:57:00+00:00, run_after=2024-03-20 21:58:00+00:00
[2024-03-20T21:58:46.859+0000] {processor.py:183} INFO - Processing /opt/airflow/dags/spotify_to_csvs_to_s3_F.py took 3.390 seconds
[2024-03-20T22:06:14.549+0000] {processor.py:161} INFO - Started process (PID=652) to work on /opt/airflow/dags/spotify_to_csvs_to_s3_F.py
[2024-03-20T22:06:14.590+0000] {processor.py:830} INFO - Processing file /opt/airflow/dags/spotify_to_csvs_to_s3_F.py for tasks to queue
[2024-03-20T22:06:14.614+0000] {logging_mixin.py:188} INFO - [2024-03-20T22:06:14.611+0000] {dagbag.py:540} INFO - Filling up the DagBag from /opt/airflow/dags/spotify_to_csvs_to_s3_F.py
[2024-03-20T22:10:59.159+0000] {logging_mixin.py:188} INFO - [2024-03-20T22:10:58.335+0000] {timeout.py:68} ERROR - Process timed out, PID: 652
[2024-03-20T22:11:40.477+0000] {processor.py:161} INFO - Started process (PID=668) to work on /opt/airflow/dags/spotify_to_csvs_to_s3_F.py
[2024-03-20T22:11:40.551+0000] {processor.py:830} INFO - Processing file /opt/airflow/dags/spotify_to_csvs_to_s3_F.py for tasks to queue
[2024-03-20T22:11:40.567+0000] {logging_mixin.py:188} INFO - [2024-03-20T22:11:40.565+0000] {dagbag.py:540} INFO - Filling up the DagBag from /opt/airflow/dags/spotify_to_csvs_to_s3_F.py
[2024-03-20T22:11:57.087+0000] {logging_mixin.py:188} INFO - Authenticating User...
[2024-03-20T22:11:57.173+0000] {processor.py:840} INFO - DAG(s) 'spotify_data_extraction_to_s3_v1' retrieved from /opt/airflow/dags/spotify_to_csvs_to_s3_F.py
[2024-03-20T22:11:58.045+0000] {logging_mixin.py:188} INFO - [2024-03-20T22:11:58.038+0000] {dag.py:3047} INFO - Sync 1 DAGs
[2024-03-20T22:12:00.380+0000] {logging_mixin.py:188} INFO - [2024-03-20T22:12:00.379+0000] {dag.py:3834} INFO - Setting next_dagrun for spotify_data_extraction_to_s3_v1 to 2024-03-20 22:11:00+00:00, run_after=2024-03-20 22:12:00+00:00
[2024-03-20T22:12:00.795+0000] {processor.py:183} INFO - Processing /opt/airflow/dags/spotify_to_csvs_to_s3_F.py took 20.380 seconds
[2024-03-20T22:41:51.288+0000] {processor.py:161} INFO - Started process (PID=685) to work on /opt/airflow/dags/spotify_to_csvs_to_s3_F.py
[2024-03-20T22:41:51.325+0000] {processor.py:830} INFO - Processing file /opt/airflow/dags/spotify_to_csvs_to_s3_F.py for tasks to queue
[2024-03-20T22:41:51.428+0000] {logging_mixin.py:188} INFO - [2024-03-20T22:41:51.420+0000] {dagbag.py:540} INFO - Filling up the DagBag from /opt/airflow/dags/spotify_to_csvs_to_s3_F.py
[2024-03-20T22:41:56.249+0000] {logging_mixin.py:188} INFO - Authenticating User...
[2024-03-20T22:41:56.414+0000] {processor.py:840} INFO - DAG(s) 'spotify_data_extraction_to_s3_v1' retrieved from /opt/airflow/dags/spotify_to_csvs_to_s3_F.py
[2024-03-20T22:41:56.650+0000] {logging_mixin.py:188} INFO - [2024-03-20T22:41:56.649+0000] {dag.py:3047} INFO - Sync 1 DAGs
[2024-03-20T22:41:56.845+0000] {logging_mixin.py:188} INFO - [2024-03-20T22:41:56.845+0000] {dag.py:3834} INFO - Setting next_dagrun for spotify_data_extraction_to_s3_v1 to 2024-03-20 22:40:00+00:00, run_after=2024-03-20 22:41:00+00:00
[2024-03-20T22:41:57.116+0000] {processor.py:183} INFO - Processing /opt/airflow/dags/spotify_to_csvs_to_s3_F.py took 5.892 seconds
[2024-03-20T22:42:28.990+0000] {processor.py:161} INFO - Started process (PID=701) to work on /opt/airflow/dags/spotify_to_csvs_to_s3_F.py
[2024-03-20T22:42:29.090+0000] {processor.py:830} INFO - Processing file /opt/airflow/dags/spotify_to_csvs_to_s3_F.py for tasks to queue
[2024-03-20T22:42:29.168+0000] {logging_mixin.py:188} INFO - [2024-03-20T22:42:29.153+0000] {dagbag.py:540} INFO - Filling up the DagBag from /opt/airflow/dags/spotify_to_csvs_to_s3_F.py
[2024-03-20T22:42:59.507+0000] {logging_mixin.py:188} INFO - [2024-03-20T22:42:59.479+0000] {timeout.py:68} ERROR - Process timed out, PID: 701
[2024-03-20T22:43:31.908+0000] {processor.py:161} INFO - Started process (PID=721) to work on /opt/airflow/dags/spotify_to_csvs_to_s3_F.py
[2024-03-20T22:43:31.999+0000] {processor.py:830} INFO - Processing file /opt/airflow/dags/spotify_to_csvs_to_s3_F.py for tasks to queue
[2024-03-20T22:43:32.066+0000] {logging_mixin.py:188} INFO - [2024-03-20T22:43:32.060+0000] {dagbag.py:540} INFO - Filling up the DagBag from /opt/airflow/dags/spotify_to_csvs_to_s3_F.py
[2024-03-20T22:43:40.039+0000] {logging_mixin.py:188} INFO - Authenticating User...
[2024-03-20T22:43:40.104+0000] {processor.py:840} INFO - DAG(s) 'spotify_data_extraction_to_s3_v1' retrieved from /opt/airflow/dags/spotify_to_csvs_to_s3_F.py
[2024-03-20T22:43:40.143+0000] {logging_mixin.py:188} INFO - [2024-03-20T22:43:40.142+0000] {dag.py:3047} INFO - Sync 1 DAGs
[2024-03-20T22:43:40.206+0000] {logging_mixin.py:188} INFO - [2024-03-20T22:43:40.206+0000] {dag.py:3834} INFO - Setting next_dagrun for spotify_data_extraction_to_s3_v1 to 2024-03-20 22:42:00+00:00, run_after=2024-03-20 22:43:00+00:00
[2024-03-20T22:43:40.303+0000] {processor.py:183} INFO - Processing /opt/airflow/dags/spotify_to_csvs_to_s3_F.py took 8.744 seconds
[2024-03-20T22:44:11.245+0000] {processor.py:161} INFO - Started process (PID=736) to work on /opt/airflow/dags/spotify_to_csvs_to_s3_F.py
[2024-03-20T22:44:11.246+0000] {processor.py:830} INFO - Processing file /opt/airflow/dags/spotify_to_csvs_to_s3_F.py for tasks to queue
[2024-03-20T22:44:11.247+0000] {logging_mixin.py:188} INFO - [2024-03-20T22:44:11.247+0000] {dagbag.py:540} INFO - Filling up the DagBag from /opt/airflow/dags/spotify_to_csvs_to_s3_F.py
[2024-03-20T22:44:11.842+0000] {logging_mixin.py:188} INFO - Authenticating User...
[2024-03-20T22:44:11.850+0000] {processor.py:840} INFO - DAG(s) 'spotify_data_extraction_to_s3_v1' retrieved from /opt/airflow/dags/spotify_to_csvs_to_s3_F.py
[2024-03-20T22:44:11.876+0000] {logging_mixin.py:188} INFO - [2024-03-20T22:44:11.876+0000] {dag.py:3047} INFO - Sync 1 DAGs
[2024-03-20T22:44:11.900+0000] {logging_mixin.py:188} INFO - [2024-03-20T22:44:11.900+0000] {dag.py:3834} INFO - Setting next_dagrun for spotify_data_extraction_to_s3_v1 to 2024-03-20 22:43:00+00:00, run_after=2024-03-20 22:44:00+00:00
[2024-03-20T22:44:11.919+0000] {processor.py:183} INFO - Processing /opt/airflow/dags/spotify_to_csvs_to_s3_F.py took 0.678 seconds
[2024-03-20T22:44:42.329+0000] {processor.py:161} INFO - Started process (PID=750) to work on /opt/airflow/dags/spotify_to_csvs_to_s3_F.py
[2024-03-20T22:44:42.330+0000] {processor.py:830} INFO - Processing file /opt/airflow/dags/spotify_to_csvs_to_s3_F.py for tasks to queue
[2024-03-20T22:44:42.332+0000] {logging_mixin.py:188} INFO - [2024-03-20T22:44:42.331+0000] {dagbag.py:540} INFO - Filling up the DagBag from /opt/airflow/dags/spotify_to_csvs_to_s3_F.py
[2024-03-20T22:44:42.967+0000] {logging_mixin.py:188} INFO - Authenticating User...
[2024-03-20T22:44:42.982+0000] {processor.py:840} INFO - DAG(s) 'spotify_data_extraction_to_s3_v1' retrieved from /opt/airflow/dags/spotify_to_csvs_to_s3_F.py
[2024-03-20T22:44:43.049+0000] {logging_mixin.py:188} INFO - [2024-03-20T22:44:43.048+0000] {dag.py:3047} INFO - Sync 1 DAGs
[2024-03-20T22:44:43.090+0000] {logging_mixin.py:188} INFO - [2024-03-20T22:44:43.090+0000] {dag.py:3834} INFO - Setting next_dagrun for spotify_data_extraction_to_s3_v1 to 2024-03-20 22:43:00+00:00, run_after=2024-03-20 22:44:00+00:00
[2024-03-20T22:44:43.138+0000] {processor.py:183} INFO - Processing /opt/airflow/dags/spotify_to_csvs_to_s3_F.py took 0.814 seconds
[2024-03-20T22:45:13.306+0000] {processor.py:161} INFO - Started process (PID=760) to work on /opt/airflow/dags/spotify_to_csvs_to_s3_F.py
[2024-03-20T22:45:13.308+0000] {processor.py:830} INFO - Processing file /opt/airflow/dags/spotify_to_csvs_to_s3_F.py for tasks to queue
[2024-03-20T22:45:13.309+0000] {logging_mixin.py:188} INFO - [2024-03-20T22:45:13.309+0000] {dagbag.py:540} INFO - Filling up the DagBag from /opt/airflow/dags/spotify_to_csvs_to_s3_F.py
[2024-03-20T22:45:13.783+0000] {logging_mixin.py:188} INFO - Authenticating User...
[2024-03-20T22:45:13.793+0000] {processor.py:840} INFO - DAG(s) 'spotify_data_extraction_to_s3_v1' retrieved from /opt/airflow/dags/spotify_to_csvs_to_s3_F.py
[2024-03-20T22:45:13.824+0000] {logging_mixin.py:188} INFO - [2024-03-20T22:45:13.824+0000] {dag.py:3047} INFO - Sync 1 DAGs
[2024-03-20T22:45:13.854+0000] {logging_mixin.py:188} INFO - [2024-03-20T22:45:13.854+0000] {dag.py:3834} INFO - Setting next_dagrun for spotify_data_extraction_to_s3_v1 to 2024-03-20 22:44:00+00:00, run_after=2024-03-20 22:45:00+00:00
[2024-03-20T22:45:13.881+0000] {processor.py:183} INFO - Processing /opt/airflow/dags/spotify_to_csvs_to_s3_F.py took 0.579 seconds
[2024-03-20T22:45:44.069+0000] {processor.py:161} INFO - Started process (PID=775) to work on /opt/airflow/dags/spotify_to_csvs_to_s3_F.py
[2024-03-20T22:45:44.070+0000] {processor.py:830} INFO - Processing file /opt/airflow/dags/spotify_to_csvs_to_s3_F.py for tasks to queue
[2024-03-20T22:45:44.071+0000] {logging_mixin.py:188} INFO - [2024-03-20T22:45:44.071+0000] {dagbag.py:540} INFO - Filling up the DagBag from /opt/airflow/dags/spotify_to_csvs_to_s3_F.py
[2024-03-20T22:45:44.568+0000] {logging_mixin.py:188} INFO - Authenticating User...
[2024-03-20T22:45:44.578+0000] {processor.py:840} INFO - DAG(s) 'spotify_data_extraction_to_s3_v1' retrieved from /opt/airflow/dags/spotify_to_csvs_to_s3_F.py
[2024-03-20T22:45:44.603+0000] {logging_mixin.py:188} INFO - [2024-03-20T22:45:44.602+0000] {dag.py:3047} INFO - Sync 1 DAGs
[2024-03-20T22:45:44.630+0000] {logging_mixin.py:188} INFO - [2024-03-20T22:45:44.630+0000] {dag.py:3834} INFO - Setting next_dagrun for spotify_data_extraction_to_s3_v1 to 2024-03-20 22:44:00+00:00, run_after=2024-03-20 22:45:00+00:00
[2024-03-20T22:45:44.652+0000] {processor.py:183} INFO - Processing /opt/airflow/dags/spotify_to_csvs_to_s3_F.py took 0.586 seconds
[2024-03-20T23:00:59.608+0000] {processor.py:161} INFO - Started process (PID=791) to work on /opt/airflow/dags/spotify_to_csvs_to_s3_F.py
[2024-03-20T23:00:59.609+0000] {processor.py:830} INFO - Processing file /opt/airflow/dags/spotify_to_csvs_to_s3_F.py for tasks to queue
[2024-03-20T23:00:59.611+0000] {logging_mixin.py:188} INFO - [2024-03-20T23:00:59.611+0000] {dagbag.py:540} INFO - Filling up the DagBag from /opt/airflow/dags/spotify_to_csvs_to_s3_F.py
[2024-03-20T23:01:00.664+0000] {logging_mixin.py:188} INFO - Authenticating User...
[2024-03-20T23:01:00.689+0000] {processor.py:840} INFO - DAG(s) 'spotify_data_extraction_to_s3_v1' retrieved from /opt/airflow/dags/spotify_to_csvs_to_s3_F.py
[2024-03-20T23:01:00.737+0000] {logging_mixin.py:188} INFO - [2024-03-20T23:01:00.737+0000] {dag.py:3047} INFO - Sync 1 DAGs
[2024-03-20T23:01:00.779+0000] {logging_mixin.py:188} INFO - [2024-03-20T23:01:00.779+0000] {dag.py:3834} INFO - Setting next_dagrun for spotify_data_extraction_to_s3_v1 to 2024-03-20 23:00:00+00:00, run_after=2024-03-20 23:01:00+00:00
[2024-03-20T23:01:00.812+0000] {processor.py:183} INFO - Processing /opt/airflow/dags/spotify_to_csvs_to_s3_F.py took 1.211 seconds
[2024-03-20T23:01:31.375+0000] {processor.py:161} INFO - Started process (PID=802) to work on /opt/airflow/dags/spotify_to_csvs_to_s3_F.py
[2024-03-20T23:01:31.377+0000] {processor.py:830} INFO - Processing file /opt/airflow/dags/spotify_to_csvs_to_s3_F.py for tasks to queue
[2024-03-20T23:01:31.379+0000] {logging_mixin.py:188} INFO - [2024-03-20T23:01:31.378+0000] {dagbag.py:540} INFO - Filling up the DagBag from /opt/airflow/dags/spotify_to_csvs_to_s3_F.py
[2024-03-20T23:01:31.782+0000] {logging_mixin.py:188} INFO - Authenticating User...
[2024-03-20T23:01:31.791+0000] {processor.py:840} INFO - DAG(s) 'spotify_data_extraction_to_s3_v1' retrieved from /opt/airflow/dags/spotify_to_csvs_to_s3_F.py
[2024-03-20T23:01:31.814+0000] {logging_mixin.py:188} INFO - [2024-03-20T23:01:31.813+0000] {dag.py:3047} INFO - Sync 1 DAGs
[2024-03-20T23:01:31.842+0000] {logging_mixin.py:188} INFO - [2024-03-20T23:01:31.842+0000] {dag.py:3834} INFO - Setting next_dagrun for spotify_data_extraction_to_s3_v1 to 2024-03-20 23:00:00+00:00, run_after=2024-03-20 23:01:00+00:00
[2024-03-20T23:01:31.863+0000] {processor.py:183} INFO - Processing /opt/airflow/dags/spotify_to_csvs_to_s3_F.py took 0.492 seconds
[2024-03-20T23:16:49.872+0000] {processor.py:161} INFO - Started process (PID=811) to work on /opt/airflow/dags/spotify_to_csvs_to_s3_F.py
[2024-03-20T23:16:49.881+0000] {processor.py:830} INFO - Processing file /opt/airflow/dags/spotify_to_csvs_to_s3_F.py for tasks to queue
[2024-03-20T23:16:49.883+0000] {logging_mixin.py:188} INFO - [2024-03-20T23:16:49.882+0000] {dagbag.py:540} INFO - Filling up the DagBag from /opt/airflow/dags/spotify_to_csvs_to_s3_F.py
[2024-03-20T23:16:51.125+0000] {logging_mixin.py:188} INFO - Authenticating User...
[2024-03-20T23:16:51.139+0000] {processor.py:840} INFO - DAG(s) 'spotify_data_extraction_to_s3_v1' retrieved from /opt/airflow/dags/spotify_to_csvs_to_s3_F.py
[2024-03-20T23:16:51.191+0000] {logging_mixin.py:188} INFO - [2024-03-20T23:16:51.190+0000] {dag.py:3047} INFO - Sync 1 DAGs
[2024-03-20T23:16:51.231+0000] {logging_mixin.py:188} INFO - [2024-03-20T23:16:51.230+0000] {dag.py:3834} INFO - Setting next_dagrun for spotify_data_extraction_to_s3_v1 to 2024-03-20 23:15:00+00:00, run_after=2024-03-20 23:16:00+00:00
[2024-03-20T23:16:51.261+0000] {processor.py:183} INFO - Processing /opt/airflow/dags/spotify_to_csvs_to_s3_F.py took 1.395 seconds
[2024-03-20T23:17:21.328+0000] {processor.py:161} INFO - Started process (PID=826) to work on /opt/airflow/dags/spotify_to_csvs_to_s3_F.py
[2024-03-20T23:17:21.329+0000] {processor.py:830} INFO - Processing file /opt/airflow/dags/spotify_to_csvs_to_s3_F.py for tasks to queue
[2024-03-20T23:17:21.331+0000] {logging_mixin.py:188} INFO - [2024-03-20T23:17:21.331+0000] {dagbag.py:540} INFO - Filling up the DagBag from /opt/airflow/dags/spotify_to_csvs_to_s3_F.py
[2024-03-20T23:17:21.954+0000] {logging_mixin.py:188} INFO - Authenticating User...
[2024-03-20T23:17:21.962+0000] {processor.py:840} INFO - DAG(s) 'spotify_data_extraction_to_s3_v1' retrieved from /opt/airflow/dags/spotify_to_csvs_to_s3_F.py
[2024-03-20T23:17:21.987+0000] {logging_mixin.py:188} INFO - [2024-03-20T23:17:21.987+0000] {dag.py:3047} INFO - Sync 1 DAGs
[2024-03-20T23:17:22.011+0000] {logging_mixin.py:188} INFO - [2024-03-20T23:17:22.011+0000] {dag.py:3834} INFO - Setting next_dagrun for spotify_data_extraction_to_s3_v1 to 2024-03-20 23:16:00+00:00, run_after=2024-03-20 23:17:00+00:00
[2024-03-20T23:17:22.031+0000] {processor.py:183} INFO - Processing /opt/airflow/dags/spotify_to_csvs_to_s3_F.py took 0.706 seconds
[2024-03-20T23:32:38.910+0000] {processor.py:161} INFO - Started process (PID=830) to work on /opt/airflow/dags/spotify_to_csvs_to_s3_F.py
[2024-03-20T23:32:38.919+0000] {processor.py:830} INFO - Processing file /opt/airflow/dags/spotify_to_csvs_to_s3_F.py for tasks to queue
[2024-03-20T23:32:38.924+0000] {logging_mixin.py:188} INFO - [2024-03-20T23:32:38.924+0000] {dagbag.py:540} INFO - Filling up the DagBag from /opt/airflow/dags/spotify_to_csvs_to_s3_F.py
[2024-03-20T23:32:40.067+0000] {logging_mixin.py:188} INFO - Authenticating User...
[2024-03-20T23:32:40.082+0000] {processor.py:840} INFO - DAG(s) 'spotify_data_extraction_to_s3_v1' retrieved from /opt/airflow/dags/spotify_to_csvs_to_s3_F.py
[2024-03-20T23:32:40.147+0000] {logging_mixin.py:188} INFO - [2024-03-20T23:32:40.147+0000] {dag.py:3047} INFO - Sync 1 DAGs
[2024-03-20T23:32:40.193+0000] {logging_mixin.py:188} INFO - [2024-03-20T23:32:40.193+0000] {dag.py:3834} INFO - Setting next_dagrun for spotify_data_extraction_to_s3_v1 to 2024-03-20 23:31:00+00:00, run_after=2024-03-20 23:32:00+00:00
[2024-03-20T23:32:40.224+0000] {processor.py:183} INFO - Processing /opt/airflow/dags/spotify_to_csvs_to_s3_F.py took 1.448 seconds
[2024-03-20T23:33:11.426+0000] {processor.py:161} INFO - Started process (PID=846) to work on /opt/airflow/dags/spotify_to_csvs_to_s3_F.py
[2024-03-20T23:33:11.458+0000] {processor.py:830} INFO - Processing file /opt/airflow/dags/spotify_to_csvs_to_s3_F.py for tasks to queue
[2024-03-20T23:33:11.502+0000] {logging_mixin.py:188} INFO - [2024-03-20T23:33:11.492+0000] {dagbag.py:540} INFO - Filling up the DagBag from /opt/airflow/dags/spotify_to_csvs_to_s3_F.py
[2024-03-20T23:33:30.088+0000] {logging_mixin.py:188} INFO - Authenticating User...
[2024-03-20T23:33:30.487+0000] {processor.py:840} INFO - DAG(s) 'spotify_data_extraction_to_s3_v1' retrieved from /opt/airflow/dags/spotify_to_csvs_to_s3_F.py
[2024-03-20T23:33:31.367+0000] {logging_mixin.py:188} INFO - [2024-03-20T23:33:31.358+0000] {dag.py:3047} INFO - Sync 1 DAGs
[2024-03-20T23:33:32.240+0000] {logging_mixin.py:188} INFO - [2024-03-20T23:33:32.239+0000] {dag.py:3834} INFO - Setting next_dagrun for spotify_data_extraction_to_s3_v1 to 2024-03-20 23:32:00+00:00, run_after=2024-03-20 23:33:00+00:00
[2024-03-20T23:33:32.819+0000] {processor.py:183} INFO - Processing /opt/airflow/dags/spotify_to_csvs_to_s3_F.py took 21.531 seconds
[2024-03-20T23:48:30.765+0000] {processor.py:161} INFO - Started process (PID=862) to work on /opt/airflow/dags/spotify_to_csvs_to_s3_F.py
[2024-03-20T23:48:30.766+0000] {processor.py:830} INFO - Processing file /opt/airflow/dags/spotify_to_csvs_to_s3_F.py for tasks to queue
[2024-03-20T23:48:30.768+0000] {logging_mixin.py:188} INFO - [2024-03-20T23:48:30.768+0000] {dagbag.py:540} INFO - Filling up the DagBag from /opt/airflow/dags/spotify_to_csvs_to_s3_F.py
[2024-03-20T23:48:32.075+0000] {logging_mixin.py:188} INFO - Authenticating User...
[2024-03-20T23:48:32.104+0000] {processor.py:840} INFO - DAG(s) 'spotify_data_extraction_to_s3_v1' retrieved from /opt/airflow/dags/spotify_to_csvs_to_s3_F.py
[2024-03-20T23:48:32.151+0000] {logging_mixin.py:188} INFO - [2024-03-20T23:48:32.150+0000] {dag.py:3047} INFO - Sync 1 DAGs
[2024-03-20T23:48:32.202+0000] {logging_mixin.py:188} INFO - [2024-03-20T23:48:32.202+0000] {dag.py:3834} INFO - Setting next_dagrun for spotify_data_extraction_to_s3_v1 to 2024-03-20 23:47:00+00:00, run_after=2024-03-20 23:48:00+00:00
[2024-03-20T23:48:32.251+0000] {processor.py:183} INFO - Processing /opt/airflow/dags/spotify_to_csvs_to_s3_F.py took 1.491 seconds
[2024-03-20T23:49:03.556+0000] {processor.py:161} INFO - Started process (PID=877) to work on /opt/airflow/dags/spotify_to_csvs_to_s3_F.py
[2024-03-20T23:49:03.584+0000] {processor.py:830} INFO - Processing file /opt/airflow/dags/spotify_to_csvs_to_s3_F.py for tasks to queue
[2024-03-20T23:49:03.621+0000] {logging_mixin.py:188} INFO - [2024-03-20T23:49:03.611+0000] {dagbag.py:540} INFO - Filling up the DagBag from /opt/airflow/dags/spotify_to_csvs_to_s3_F.py
[2024-03-20T23:49:31.545+0000] {logging_mixin.py:188} INFO - Authenticating User...
[2024-03-20T23:49:31.655+0000] {processor.py:840} INFO - DAG(s) 'spotify_data_extraction_to_s3_v1' retrieved from /opt/airflow/dags/spotify_to_csvs_to_s3_F.py
[2024-03-20T23:49:31.880+0000] {logging_mixin.py:188} INFO - [2024-03-20T23:49:31.878+0000] {dag.py:3047} INFO - Sync 1 DAGs
[2024-03-20T23:49:32.318+0000] {logging_mixin.py:188} INFO - [2024-03-20T23:49:32.316+0000] {dag.py:3834} INFO - Setting next_dagrun for spotify_data_extraction_to_s3_v1 to 2024-03-20 23:48:00+00:00, run_after=2024-03-20 23:49:00+00:00
[2024-03-20T23:49:32.588+0000] {processor.py:183} INFO - Processing /opt/airflow/dags/spotify_to_csvs_to_s3_F.py took 29.169 seconds
[2024-03-20T23:50:03.294+0000] {processor.py:161} INFO - Started process (PID=896) to work on /opt/airflow/dags/spotify_to_csvs_to_s3_F.py
[2024-03-20T23:50:03.297+0000] {processor.py:830} INFO - Processing file /opt/airflow/dags/spotify_to_csvs_to_s3_F.py for tasks to queue
[2024-03-20T23:50:03.300+0000] {logging_mixin.py:188} INFO - [2024-03-20T23:50:03.299+0000] {dagbag.py:540} INFO - Filling up the DagBag from /opt/airflow/dags/spotify_to_csvs_to_s3_F.py
[2024-03-20T23:50:04.467+0000] {logging_mixin.py:188} INFO - Authenticating User...
[2024-03-20T23:50:04.493+0000] {processor.py:840} INFO - DAG(s) 'spotify_data_extraction_to_s3_v1' retrieved from /opt/airflow/dags/spotify_to_csvs_to_s3_F.py
[2024-03-20T23:50:04.548+0000] {logging_mixin.py:188} INFO - [2024-03-20T23:50:04.548+0000] {dag.py:3047} INFO - Sync 1 DAGs
[2024-03-20T23:50:04.607+0000] {logging_mixin.py:188} INFO - [2024-03-20T23:50:04.606+0000] {dag.py:3834} INFO - Setting next_dagrun for spotify_data_extraction_to_s3_v1 to 2024-03-20 23:49:00+00:00, run_after=2024-03-20 23:50:00+00:00
[2024-03-20T23:50:04.660+0000] {processor.py:183} INFO - Processing /opt/airflow/dags/spotify_to_csvs_to_s3_F.py took 1.376 seconds
[2024-03-20T23:50:34.991+0000] {processor.py:161} INFO - Started process (PID=912) to work on /opt/airflow/dags/spotify_to_csvs_to_s3_F.py
[2024-03-20T23:50:34.994+0000] {processor.py:830} INFO - Processing file /opt/airflow/dags/spotify_to_csvs_to_s3_F.py for tasks to queue
[2024-03-20T23:50:34.996+0000] {logging_mixin.py:188} INFO - [2024-03-20T23:50:34.996+0000] {dagbag.py:540} INFO - Filling up the DagBag from /opt/airflow/dags/spotify_to_csvs_to_s3_F.py
[2024-03-20T23:50:35.975+0000] {logging_mixin.py:188} INFO - Authenticating User...
[2024-03-20T23:50:35.998+0000] {processor.py:840} INFO - DAG(s) 'spotify_data_extraction_to_s3_v1' retrieved from /opt/airflow/dags/spotify_to_csvs_to_s3_F.py
[2024-03-20T23:50:36.054+0000] {logging_mixin.py:188} INFO - [2024-03-20T23:50:36.053+0000] {dag.py:3047} INFO - Sync 1 DAGs
[2024-03-20T23:50:36.113+0000] {logging_mixin.py:188} INFO - [2024-03-20T23:50:36.113+0000] {dag.py:3834} INFO - Setting next_dagrun for spotify_data_extraction_to_s3_v1 to 2024-03-20 23:49:00+00:00, run_after=2024-03-20 23:50:00+00:00
[2024-03-20T23:50:36.164+0000] {processor.py:183} INFO - Processing /opt/airflow/dags/spotify_to_csvs_to_s3_F.py took 1.184 seconds
