[2024-03-22T10:19:54.207+0000] {taskinstance.py:1979} INFO - Dependencies all met for dep_context=non-requeueable deps ti=<TaskInstance: spotify_to_s3_data_extraction_v1.sptoify_to_csv scheduled__2024-03-21T02:02:00+00:00 [queued]>
[2024-03-22T10:19:54.248+0000] {taskinstance.py:1979} INFO - Dependencies all met for dep_context=requeueable deps ti=<TaskInstance: spotify_to_s3_data_extraction_v1.sptoify_to_csv scheduled__2024-03-21T02:02:00+00:00 [queued]>
[2024-03-22T10:19:54.249+0000] {taskinstance.py:2193} INFO - Starting attempt 2 of 7
[2024-03-22T10:19:54.293+0000] {taskinstance.py:2217} INFO - Executing <Task(PythonOperator): sptoify_to_csv> on 2024-03-21 02:02:00+00:00
[2024-03-22T10:19:54.310+0000] {standard_task_runner.py:60} INFO - Started process 5455 to run task
[2024-03-22T10:19:54.318+0000] {standard_task_runner.py:87} INFO - Running: ['***', 'tasks', 'run', 'spotify_to_s3_data_extraction_v1', 'sptoify_to_csv', 'scheduled__2024-03-21T02:02:00+00:00', '--job-id', '1117', '--raw', '--subdir', 'DAGS_FOLDER/spotify_to_csvs_to_s3.py', '--cfg-path', '/tmp/tmpv_lhuqmx']
[2024-03-22T10:19:54.328+0000] {standard_task_runner.py:88} INFO - Job 1117: Subtask sptoify_to_csv
[2024-03-22T10:19:54.529+0000] {task_command.py:423} INFO - Running <TaskInstance: spotify_to_s3_data_extraction_v1.sptoify_to_csv scheduled__2024-03-21T02:02:00+00:00 [running]> on host ca1809388db1
[2024-03-22T10:19:55.529+0000] {taskinstance.py:2513} INFO - Exporting env vars: AIRFLOW_CTX_DAG_OWNER='Nathaniel Solomon' AIRFLOW_CTX_DAG_ID='spotify_to_s3_data_extraction_v1' AIRFLOW_CTX_TASK_ID='sptoify_to_csv' AIRFLOW_CTX_EXECUTION_DATE='2024-03-21T02:02:00+00:00' AIRFLOW_CTX_TRY_NUMBER='2' AIRFLOW_CTX_DAG_RUN_ID='scheduled__2024-03-21T02:02:00+00:00'
[2024-03-22T10:19:55.558+0000] {logging_mixin.py:188} INFO - The extract function has been executed and this is data in the next line
[2024-03-22T10:19:55.649+0000] {logging_mixin.py:188} INFO - Initiating the Endpoint...
[2024-03-22T10:19:57.455+0000] {logging_mixin.py:188} INFO - Extracting other available tracks
[2024-03-22T10:20:10.843+0000] {logging_mixin.py:188} INFO - Adding the values of index 0 into the appropriate Keys...
[2024-03-22T10:20:13.003+0000] {logging_mixin.py:188} INFO - Adding the values of index 1 into the appropriate Keys...
[2024-03-22T10:20:14.303+0000] {logging_mixin.py:188} INFO - Adding the values of index 2 into the appropriate Keys...
[2024-03-22T10:20:15.549+0000] {logging_mixin.py:188} INFO - Adding the values of index 3 into the appropriate Keys...
[2024-03-22T10:20:16.615+0000] {logging_mixin.py:188} INFO - Adding the values of index 4 into the appropriate Keys...
[2024-03-22T10:20:17.633+0000] {logging_mixin.py:188} INFO - Adding the values of index 5 into the appropriate Keys...
[2024-03-22T10:20:18.676+0000] {logging_mixin.py:188} INFO - Adding the values of index 6 into the appropriate Keys...
[2024-03-22T10:20:20.060+0000] {logging_mixin.py:188} INFO - Adding the values of index 7 into the appropriate Keys...
[2024-03-22T10:20:21.054+0000] {logging_mixin.py:188} INFO - Adding the values of index 8 into the appropriate Keys...
[2024-03-22T10:20:22.043+0000] {logging_mixin.py:188} INFO - Adding the values of index 9 into the appropriate Keys...
[2024-03-22T10:20:23.138+0000] {logging_mixin.py:188} INFO - Done Extracting...
[2024-03-22T10:20:23.179+0000] {python.py:202} INFO - Done. Returned value was: None
[2024-03-22T10:20:23.211+0000] {taskinstance.py:1149} INFO - Marking task as SUCCESS. dag_id=spotify_to_s3_data_extraction_v1, task_id=sptoify_to_csv, execution_date=20240321T020200, start_date=20240322T101954, end_date=20240322T102023
[2024-03-22T10:20:23.409+0000] {local_task_job_runner.py:234} INFO - Task exited with return code 0
[2024-03-22T10:20:23.528+0000] {taskinstance.py:3312} INFO - 1 downstream tasks scheduled from follow-on schedule check
