[2024-03-23T20:57:09.602+0000] {taskinstance.py:1979} INFO - Dependencies all met for dep_context=non-requeueable deps ti=<TaskInstance: spotify_to_s3_data_extraction_v1.sptoify_to_csv scheduled__2024-03-21T08:42:00+00:00 [queued]>
[2024-03-23T20:57:09.624+0000] {taskinstance.py:1979} INFO - Dependencies all met for dep_context=requeueable deps ti=<TaskInstance: spotify_to_s3_data_extraction_v1.sptoify_to_csv scheduled__2024-03-21T08:42:00+00:00 [queued]>
[2024-03-23T20:57:09.625+0000] {taskinstance.py:2193} INFO - Starting attempt 7 of 12
[2024-03-23T20:57:09.653+0000] {taskinstance.py:2217} INFO - Executing <Task(PythonOperator): sptoify_to_csv> on 2024-03-21 08:42:00+00:00
[2024-03-23T20:57:09.666+0000] {standard_task_runner.py:60} INFO - Started process 11293 to run task
[2024-03-23T20:57:09.674+0000] {standard_task_runner.py:87} INFO - Running: ['***', 'tasks', 'run', 'spotify_to_s3_data_extraction_v1', 'sptoify_to_csv', 'scheduled__2024-03-21T08:42:00+00:00', '--job-id', '1299', '--raw', '--subdir', 'DAGS_FOLDER/spotify_to_csvs_to_s3.py', '--cfg-path', '/tmp/tmp877_n0n_']
[2024-03-23T20:57:09.681+0000] {standard_task_runner.py:88} INFO - Job 1299: Subtask sptoify_to_csv
[2024-03-23T20:57:09.791+0000] {task_command.py:423} INFO - Running <TaskInstance: spotify_to_s3_data_extraction_v1.sptoify_to_csv scheduled__2024-03-21T08:42:00+00:00 [running]> on host ca1809388db1
[2024-03-23T20:57:09.972+0000] {taskinstance.py:2513} INFO - Exporting env vars: AIRFLOW_CTX_DAG_OWNER='Nathaniel Solomon' AIRFLOW_CTX_DAG_ID='spotify_to_s3_data_extraction_v1' AIRFLOW_CTX_TASK_ID='sptoify_to_csv' AIRFLOW_CTX_EXECUTION_DATE='2024-03-21T08:42:00+00:00' AIRFLOW_CTX_TRY_NUMBER='7' AIRFLOW_CTX_DAG_RUN_ID='scheduled__2024-03-21T08:42:00+00:00'
[2024-03-23T20:57:09.976+0000] {logging_mixin.py:188} INFO - The extract function has been executed and this is data in the next line
[2024-03-23T20:57:09.977+0000] {logging_mixin.py:188} INFO - Initiating the Endpoint...
[2024-03-23T20:57:10.550+0000] {logging_mixin.py:188} INFO - Extracting other available tracks
[2024-03-23T20:57:21.065+0000] {logging_mixin.py:188} INFO - Adding the values of index 0 into the appropriate Keys...
[2024-03-23T20:57:22.474+0000] {logging_mixin.py:188} INFO - Adding the values of index 1 into the appropriate Keys...
[2024-03-23T20:57:23.794+0000] {logging_mixin.py:188} INFO - Adding the values of index 2 into the appropriate Keys...
[2024-03-23T20:57:24.957+0000] {logging_mixin.py:188} INFO - Adding the values of index 3 into the appropriate Keys...
[2024-03-23T20:57:25.976+0000] {logging_mixin.py:188} INFO - Adding the values of index 4 into the appropriate Keys...
[2024-03-23T20:57:26.991+0000] {logging_mixin.py:188} INFO - Adding the values of index 5 into the appropriate Keys...
[2024-03-23T20:57:28.093+0000] {logging_mixin.py:188} INFO - Adding the values of index 6 into the appropriate Keys...
[2024-03-23T20:57:29.057+0000] {logging_mixin.py:188} INFO - Adding the values of index 7 into the appropriate Keys...
[2024-03-23T20:57:30.489+0000] {logging_mixin.py:188} INFO - Adding the values of index 8 into the appropriate Keys...
[2024-03-23T20:57:31.555+0000] {logging_mixin.py:188} INFO - Adding the values of index 9 into the appropriate Keys...
[2024-03-23T20:57:32.697+0000] {logging_mixin.py:188} INFO - Done Extracting...
[2024-03-23T20:57:32.721+0000] {python.py:202} INFO - Done. Returned value was: None
[2024-03-23T20:57:32.739+0000] {taskinstance.py:1149} INFO - Marking task as SUCCESS. dag_id=spotify_to_s3_data_extraction_v1, task_id=sptoify_to_csv, execution_date=20240321T084200, start_date=20240323T205709, end_date=20240323T205732
[2024-03-23T20:57:33.019+0000] {local_task_job_runner.py:234} INFO - Task exited with return code 0
[2024-03-23T20:57:33.058+0000] {taskinstance.py:3312} INFO - 1 downstream tasks scheduled from follow-on schedule check
