[2024-03-22T10:18:38.860+0000] {taskinstance.py:1979} INFO - Dependencies all met for dep_context=non-requeueable deps ti=<TaskInstance: spotify_to_s3_data_extraction_v1.sptoify_to_csv scheduled__2024-03-21T00:45:00+00:00 [queued]>
[2024-03-22T10:18:38.879+0000] {taskinstance.py:1979} INFO - Dependencies all met for dep_context=requeueable deps ti=<TaskInstance: spotify_to_s3_data_extraction_v1.sptoify_to_csv scheduled__2024-03-21T00:45:00+00:00 [queued]>
[2024-03-22T10:18:38.880+0000] {taskinstance.py:2193} INFO - Starting attempt 2 of 7
[2024-03-22T10:18:38.911+0000] {taskinstance.py:2217} INFO - Executing <Task(PythonOperator): sptoify_to_csv> on 2024-03-21 00:45:00+00:00
[2024-03-22T10:18:38.924+0000] {standard_task_runner.py:60} INFO - Started process 5351 to run task
[2024-03-22T10:18:38.933+0000] {standard_task_runner.py:87} INFO - Running: ['***', 'tasks', 'run', 'spotify_to_s3_data_extraction_v1', 'sptoify_to_csv', 'scheduled__2024-03-21T00:45:00+00:00', '--job-id', '1090', '--raw', '--subdir', 'DAGS_FOLDER/spotify_to_csvs_to_s3.py', '--cfg-path', '/tmp/tmpxq1w1hn_']
[2024-03-22T10:18:38.939+0000] {standard_task_runner.py:88} INFO - Job 1090: Subtask sptoify_to_csv
[2024-03-22T10:18:39.069+0000] {task_command.py:423} INFO - Running <TaskInstance: spotify_to_s3_data_extraction_v1.sptoify_to_csv scheduled__2024-03-21T00:45:00+00:00 [running]> on host ca1809388db1
[2024-03-22T10:18:39.341+0000] {taskinstance.py:2513} INFO - Exporting env vars: AIRFLOW_CTX_DAG_OWNER='Nathaniel Solomon' AIRFLOW_CTX_DAG_ID='spotify_to_s3_data_extraction_v1' AIRFLOW_CTX_TASK_ID='sptoify_to_csv' AIRFLOW_CTX_EXECUTION_DATE='2024-03-21T00:45:00+00:00' AIRFLOW_CTX_TRY_NUMBER='2' AIRFLOW_CTX_DAG_RUN_ID='scheduled__2024-03-21T00:45:00+00:00'
[2024-03-22T10:18:39.344+0000] {logging_mixin.py:188} INFO - The extract function has been executed and this is data in the next line
[2024-03-22T10:18:39.345+0000] {logging_mixin.py:188} INFO - Initiating the Endpoint...
[2024-03-22T10:18:41.611+0000] {logging_mixin.py:188} INFO - Extracting other available tracks
[2024-03-22T10:18:57.501+0000] {logging_mixin.py:188} INFO - Adding the values of index 0 into the appropriate Keys...
[2024-03-22T10:19:01.714+0000] {logging_mixin.py:188} INFO - Adding the values of index 1 into the appropriate Keys...
[2024-03-22T10:19:10.336+0000] {logging_mixin.py:188} INFO - Adding the values of index 2 into the appropriate Keys...
[2024-03-22T10:19:11.932+0000] {logging_mixin.py:188} INFO - Adding the values of index 3 into the appropriate Keys...
[2024-03-22T10:19:20.791+0000] {logging_mixin.py:188} INFO - Adding the values of index 4 into the appropriate Keys...
[2024-03-22T10:19:21.698+0000] {logging_mixin.py:188} INFO - Adding the values of index 5 into the appropriate Keys...
[2024-03-22T10:19:30.706+0000] {logging_mixin.py:188} INFO - Adding the values of index 6 into the appropriate Keys...
[2024-03-22T10:19:40.247+0000] {logging_mixin.py:188} INFO - Adding the values of index 7 into the appropriate Keys...
[2024-03-22T10:19:41.264+0000] {logging_mixin.py:188} INFO - Adding the values of index 8 into the appropriate Keys...
[2024-03-22T10:19:42.852+0000] {logging_mixin.py:188} INFO - Adding the values of index 9 into the appropriate Keys...
[2024-03-22T10:19:44.906+0000] {logging_mixin.py:188} INFO - Done Extracting...
[2024-03-22T10:19:44.925+0000] {python.py:202} INFO - Done. Returned value was: None
[2024-03-22T10:19:44.940+0000] {taskinstance.py:1149} INFO - Marking task as SUCCESS. dag_id=spotify_to_s3_data_extraction_v1, task_id=sptoify_to_csv, execution_date=20240321T004500, start_date=20240322T101838, end_date=20240322T101944
[2024-03-22T10:19:44.975+0000] {local_task_job_runner.py:234} INFO - Task exited with return code 0
[2024-03-22T10:19:45.016+0000] {taskinstance.py:3312} INFO - 1 downstream tasks scheduled from follow-on schedule check
