[2024-03-21T00:46:01.995+0000] {taskinstance.py:1979} INFO - Dependencies all met for dep_context=non-requeueable deps ti=<TaskInstance: spotify_to_s3_data_extraction_v1.sptoify_to_csv scheduled__2024-03-21T00:45:00+00:00 [queued]>
[2024-03-21T00:46:02.036+0000] {taskinstance.py:1979} INFO - Dependencies all met for dep_context=requeueable deps ti=<TaskInstance: spotify_to_s3_data_extraction_v1.sptoify_to_csv scheduled__2024-03-21T00:45:00+00:00 [queued]>
[2024-03-21T00:46:02.037+0000] {taskinstance.py:2193} INFO - Starting attempt 1 of 6
[2024-03-21T00:46:02.059+0000] {taskinstance.py:2217} INFO - Executing <Task(PythonOperator): sptoify_to_csv> on 2024-03-21 00:45:00+00:00
[2024-03-21T00:46:02.069+0000] {standard_task_runner.py:60} INFO - Started process 1148 to run task
[2024-03-21T00:46:02.074+0000] {standard_task_runner.py:87} INFO - Running: ['***', 'tasks', 'run', 'spotify_to_s3_data_extraction_v1', 'sptoify_to_csv', 'scheduled__2024-03-21T00:45:00+00:00', '--job-id', '244', '--raw', '--subdir', 'DAGS_FOLDER/spotify_to_csvs_to_s3.py', '--cfg-path', '/tmp/tmp3f0k2cmw']
[2024-03-21T00:46:02.078+0000] {standard_task_runner.py:88} INFO - Job 244: Subtask sptoify_to_csv
[2024-03-21T00:46:02.146+0000] {task_command.py:423} INFO - Running <TaskInstance: spotify_to_s3_data_extraction_v1.sptoify_to_csv scheduled__2024-03-21T00:45:00+00:00 [running]> on host ca1809388db1
[2024-03-21T00:46:02.253+0000] {taskinstance.py:2513} INFO - Exporting env vars: AIRFLOW_CTX_DAG_OWNER='Nathaniel Solomon' AIRFLOW_CTX_DAG_ID='spotify_to_s3_data_extraction_v1' AIRFLOW_CTX_TASK_ID='sptoify_to_csv' AIRFLOW_CTX_EXECUTION_DATE='2024-03-21T00:45:00+00:00' AIRFLOW_CTX_TRY_NUMBER='1' AIRFLOW_CTX_DAG_RUN_ID='scheduled__2024-03-21T00:45:00+00:00'
[2024-03-21T00:46:02.255+0000] {logging_mixin.py:188} INFO - The extract function has been executed and this is data in the next line
[2024-03-21T00:46:02.256+0000] {logging_mixin.py:188} INFO - Initiating the Endpoint...
[2024-03-21T00:46:03.039+0000] {logging_mixin.py:188} INFO - Extracting other available tracks
[2024-03-21T00:46:11.227+0000] {logging_mixin.py:188} INFO - Adding the values of index 0 into the appropriate Keys...
[2024-03-21T00:46:12.137+0000] {logging_mixin.py:188} INFO - Adding the values of index 1 into the appropriate Keys...
[2024-03-21T00:46:12.960+0000] {logging_mixin.py:188} INFO - Adding the values of index 2 into the appropriate Keys...
[2024-03-21T00:46:13.989+0000] {logging_mixin.py:188} INFO - Adding the values of index 3 into the appropriate Keys...
[2024-03-21T00:46:14.934+0000] {logging_mixin.py:188} INFO - Adding the values of index 4 into the appropriate Keys...
[2024-03-21T00:46:15.943+0000] {logging_mixin.py:188} INFO - Adding the values of index 5 into the appropriate Keys...
[2024-03-21T00:46:17.037+0000] {logging_mixin.py:188} INFO - Adding the values of index 6 into the appropriate Keys...
[2024-03-21T00:46:17.860+0000] {logging_mixin.py:188} INFO - Adding the values of index 7 into the appropriate Keys...
[2024-03-21T00:46:18.760+0000] {logging_mixin.py:188} INFO - Adding the values of index 8 into the appropriate Keys...
[2024-03-21T00:46:20.428+0000] {logging_mixin.py:188} INFO - Adding the values of index 9 into the appropriate Keys...
[2024-03-21T00:46:21.299+0000] {logging_mixin.py:188} INFO - Done Extracting...
[2024-03-21T00:46:21.311+0000] {python.py:202} INFO - Done. Returned value was: None
[2024-03-21T00:46:21.323+0000] {taskinstance.py:1149} INFO - Marking task as SUCCESS. dag_id=spotify_to_s3_data_extraction_v1, task_id=sptoify_to_csv, execution_date=20240321T004500, start_date=20240321T004602, end_date=20240321T004621
[2024-03-21T00:46:21.387+0000] {local_task_job_runner.py:234} INFO - Task exited with return code 0
[2024-03-21T00:46:21.412+0000] {taskinstance.py:3312} INFO - 1 downstream tasks scheduled from follow-on schedule check
