[2024-03-21T03:15:28.619+0000] {taskinstance.py:1979} INFO - Dependencies all met for dep_context=non-requeueable deps ti=<TaskInstance: spotify_to_s3_data_extraction_v1.sptoify_to_csv scheduled__2024-03-21T03:14:00+00:00 [queued]>
[2024-03-21T03:15:28.636+0000] {taskinstance.py:1979} INFO - Dependencies all met for dep_context=requeueable deps ti=<TaskInstance: spotify_to_s3_data_extraction_v1.sptoify_to_csv scheduled__2024-03-21T03:14:00+00:00 [queued]>
[2024-03-21T03:15:28.637+0000] {taskinstance.py:2193} INFO - Starting attempt 1 of 6
[2024-03-21T03:15:28.660+0000] {taskinstance.py:2217} INFO - Executing <Task(PythonOperator): sptoify_to_csv> on 2024-03-21 03:14:00+00:00
[2024-03-21T03:15:28.670+0000] {standard_task_runner.py:60} INFO - Started process 1591 to run task
[2024-03-21T03:15:28.675+0000] {standard_task_runner.py:87} INFO - Running: ['***', 'tasks', 'run', 'spotify_to_s3_data_extraction_v1', 'sptoify_to_csv', 'scheduled__2024-03-21T03:14:00+00:00', '--job-id', '313', '--raw', '--subdir', 'DAGS_FOLDER/spotify_to_csvs_to_s3.py', '--cfg-path', '/tmp/tmp0l2j8yam']
[2024-03-21T03:15:28.680+0000] {standard_task_runner.py:88} INFO - Job 313: Subtask sptoify_to_csv
[2024-03-21T03:15:28.760+0000] {task_command.py:423} INFO - Running <TaskInstance: spotify_to_s3_data_extraction_v1.sptoify_to_csv scheduled__2024-03-21T03:14:00+00:00 [running]> on host ca1809388db1
[2024-03-21T03:15:28.883+0000] {taskinstance.py:2513} INFO - Exporting env vars: AIRFLOW_CTX_DAG_OWNER='Nathaniel Solomon' AIRFLOW_CTX_DAG_ID='spotify_to_s3_data_extraction_v1' AIRFLOW_CTX_TASK_ID='sptoify_to_csv' AIRFLOW_CTX_EXECUTION_DATE='2024-03-21T03:14:00+00:00' AIRFLOW_CTX_TRY_NUMBER='1' AIRFLOW_CTX_DAG_RUN_ID='scheduled__2024-03-21T03:14:00+00:00'
[2024-03-21T03:15:28.886+0000] {logging_mixin.py:188} INFO - The extract function has been executed and this is data in the next line
[2024-03-21T03:15:28.887+0000] {logging_mixin.py:188} INFO - Initiating the Endpoint...
[2024-03-21T03:15:29.354+0000] {logging_mixin.py:188} INFO - Extracting other available tracks
[2024-03-21T03:15:39.199+0000] {logging_mixin.py:188} INFO - Adding the values of index 0 into the appropriate Keys...
[2024-03-21T03:15:43.710+0000] {logging_mixin.py:188} INFO - Adding the values of index 1 into the appropriate Keys...
[2024-03-21T03:15:45.714+0000] {logging_mixin.py:188} INFO - Adding the values of index 2 into the appropriate Keys...
[2024-03-21T03:15:48.399+0000] {logging_mixin.py:188} INFO - Adding the values of index 3 into the appropriate Keys...
[2024-03-21T03:15:51.448+0000] {logging_mixin.py:188} INFO - Adding the values of index 4 into the appropriate Keys...
[2024-03-21T03:15:55.629+0000] {logging_mixin.py:188} INFO - Adding the values of index 5 into the appropriate Keys...
[2024-03-21T03:15:58.264+0000] {logging_mixin.py:188} INFO - Adding the values of index 6 into the appropriate Keys...
[2024-03-21T03:16:01.081+0000] {logging_mixin.py:188} INFO - Adding the values of index 7 into the appropriate Keys...
[2024-03-21T03:16:05.209+0000] {logging_mixin.py:188} INFO - Adding the values of index 8 into the appropriate Keys...
[2024-03-21T03:16:08.691+0000] {logging_mixin.py:188} INFO - Adding the values of index 9 into the appropriate Keys...
[2024-03-21T03:16:11.362+0000] {logging_mixin.py:188} INFO - Done Extracting...
[2024-03-21T03:16:12.059+0000] {python.py:202} INFO - Done. Returned value was: None
[2024-03-21T03:16:12.464+0000] {taskinstance.py:1149} INFO - Marking task as SUCCESS. dag_id=spotify_to_s3_data_extraction_v1, task_id=sptoify_to_csv, execution_date=20240321T031400, start_date=20240321T031528, end_date=20240321T031612
[2024-03-21T03:16:13.773+0000] {local_task_job_runner.py:234} INFO - Task exited with return code 0
[2024-03-21T03:16:16.398+0000] {taskinstance.py:3312} INFO - 1 downstream tasks scheduled from follow-on schedule check
