[2024-03-22T10:20:28.894+0000] {taskinstance.py:1979} INFO - Dependencies all met for dep_context=non-requeueable deps ti=<TaskInstance: spotify_to_s3_data_extraction_v1.sptoify_to_csv scheduled__2024-03-21T03:04:00+00:00 [queued]>
[2024-03-22T10:20:28.924+0000] {taskinstance.py:1979} INFO - Dependencies all met for dep_context=requeueable deps ti=<TaskInstance: spotify_to_s3_data_extraction_v1.sptoify_to_csv scheduled__2024-03-21T03:04:00+00:00 [queued]>
[2024-03-22T10:20:28.926+0000] {taskinstance.py:2193} INFO - Starting attempt 2 of 7
[2024-03-22T10:20:28.965+0000] {taskinstance.py:2217} INFO - Executing <Task(PythonOperator): sptoify_to_csv> on 2024-03-21 03:04:00+00:00
[2024-03-22T10:20:28.979+0000] {standard_task_runner.py:60} INFO - Started process 5538 to run task
[2024-03-22T10:20:28.989+0000] {standard_task_runner.py:87} INFO - Running: ['***', 'tasks', 'run', 'spotify_to_s3_data_extraction_v1', 'sptoify_to_csv', 'scheduled__2024-03-21T03:04:00+00:00', '--job-id', '1143', '--raw', '--subdir', 'DAGS_FOLDER/spotify_to_csvs_to_s3.py', '--cfg-path', '/tmp/tmp40rey230']
[2024-03-22T10:20:28.994+0000] {standard_task_runner.py:88} INFO - Job 1143: Subtask sptoify_to_csv
[2024-03-22T10:20:29.374+0000] {task_command.py:423} INFO - Running <TaskInstance: spotify_to_s3_data_extraction_v1.sptoify_to_csv scheduled__2024-03-21T03:04:00+00:00 [running]> on host ca1809388db1
[2024-03-22T10:20:29.640+0000] {taskinstance.py:2513} INFO - Exporting env vars: AIRFLOW_CTX_DAG_OWNER='Nathaniel Solomon' AIRFLOW_CTX_DAG_ID='spotify_to_s3_data_extraction_v1' AIRFLOW_CTX_TASK_ID='sptoify_to_csv' AIRFLOW_CTX_EXECUTION_DATE='2024-03-21T03:04:00+00:00' AIRFLOW_CTX_TRY_NUMBER='2' AIRFLOW_CTX_DAG_RUN_ID='scheduled__2024-03-21T03:04:00+00:00'
[2024-03-22T10:20:29.697+0000] {logging_mixin.py:188} INFO - The extract function has been executed and this is data in the next line
[2024-03-22T10:20:29.717+0000] {logging_mixin.py:188} INFO - Initiating the Endpoint...
[2024-03-22T10:20:30.701+0000] {logging_mixin.py:188} INFO - Extracting other available tracks
[2024-03-22T10:20:40.545+0000] {logging_mixin.py:188} INFO - Adding the values of index 0 into the appropriate Keys...
[2024-03-22T10:20:41.867+0000] {logging_mixin.py:188} INFO - Adding the values of index 1 into the appropriate Keys...
[2024-03-22T10:20:47.221+0000] {logging_mixin.py:188} INFO - Adding the values of index 2 into the appropriate Keys...
[2024-03-22T10:20:48.050+0000] {logging_mixin.py:188} INFO - Adding the values of index 3 into the appropriate Keys...
[2024-03-22T10:20:51.198+0000] {logging_mixin.py:188} INFO - Adding the values of index 4 into the appropriate Keys...
[2024-03-22T10:20:52.011+0000] {logging_mixin.py:188} INFO - Adding the values of index 5 into the appropriate Keys...
[2024-03-22T10:20:52.870+0000] {logging_mixin.py:188} INFO - Adding the values of index 6 into the appropriate Keys...
[2024-03-22T10:21:01.677+0000] {logging_mixin.py:188} INFO - Adding the values of index 7 into the appropriate Keys...
[2024-03-22T10:21:02.780+0000] {logging_mixin.py:188} INFO - Adding the values of index 8 into the appropriate Keys...
[2024-03-22T10:21:03.752+0000] {logging_mixin.py:188} INFO - Adding the values of index 9 into the appropriate Keys...
[2024-03-22T10:21:04.708+0000] {logging_mixin.py:188} INFO - Done Extracting...
[2024-03-22T10:21:04.813+0000] {python.py:202} INFO - Done. Returned value was: None
[2024-03-22T10:21:04.881+0000] {taskinstance.py:1149} INFO - Marking task as SUCCESS. dag_id=spotify_to_s3_data_extraction_v1, task_id=sptoify_to_csv, execution_date=20240321T030400, start_date=20240322T102028, end_date=20240322T102104
[2024-03-22T10:21:05.082+0000] {local_task_job_runner.py:234} INFO - Task exited with return code 0
[2024-03-22T10:21:05.192+0000] {taskinstance.py:3312} INFO - 1 downstream tasks scheduled from follow-on schedule check
