[2024-03-21T02:32:36.491+0000] {taskinstance.py:1979} INFO - Dependencies all met for dep_context=non-requeueable deps ti=<TaskInstance: spotify_to_s3_data_extraction_v1.sptoify_to_csv scheduled__2024-03-21T02:31:00+00:00 [queued]>
[2024-03-21T02:32:36.510+0000] {taskinstance.py:1979} INFO - Dependencies all met for dep_context=requeueable deps ti=<TaskInstance: spotify_to_s3_data_extraction_v1.sptoify_to_csv scheduled__2024-03-21T02:31:00+00:00 [queued]>
[2024-03-21T02:32:36.511+0000] {taskinstance.py:2193} INFO - Starting attempt 1 of 6
[2024-03-21T02:32:36.536+0000] {taskinstance.py:2217} INFO - Executing <Task(PythonOperator): sptoify_to_csv> on 2024-03-21 02:31:00+00:00
[2024-03-21T02:32:36.552+0000] {standard_task_runner.py:60} INFO - Started process 1494 to run task
[2024-03-21T02:32:36.553+0000] {standard_task_runner.py:87} INFO - Running: ['***', 'tasks', 'run', 'spotify_to_s3_data_extraction_v1', 'sptoify_to_csv', 'scheduled__2024-03-21T02:31:00+00:00', '--job-id', '299', '--raw', '--subdir', 'DAGS_FOLDER/spotify_to_csvs_to_s3.py', '--cfg-path', '/tmp/tmp8sy2ao4j']
[2024-03-21T02:32:36.559+0000] {standard_task_runner.py:88} INFO - Job 299: Subtask sptoify_to_csv
[2024-03-21T02:32:36.649+0000] {task_command.py:423} INFO - Running <TaskInstance: spotify_to_s3_data_extraction_v1.sptoify_to_csv scheduled__2024-03-21T02:31:00+00:00 [running]> on host ca1809388db1
[2024-03-21T02:32:36.789+0000] {taskinstance.py:2513} INFO - Exporting env vars: AIRFLOW_CTX_DAG_OWNER='Nathaniel Solomon' AIRFLOW_CTX_DAG_ID='spotify_to_s3_data_extraction_v1' AIRFLOW_CTX_TASK_ID='sptoify_to_csv' AIRFLOW_CTX_EXECUTION_DATE='2024-03-21T02:31:00+00:00' AIRFLOW_CTX_TRY_NUMBER='1' AIRFLOW_CTX_DAG_RUN_ID='scheduled__2024-03-21T02:31:00+00:00'
[2024-03-21T02:32:36.792+0000] {logging_mixin.py:188} INFO - The extract function has been executed and this is data in the next line
[2024-03-21T02:32:36.793+0000] {logging_mixin.py:188} INFO - Initiating the Endpoint...
[2024-03-21T02:32:37.268+0000] {logging_mixin.py:188} INFO - Extracting other available tracks
[2024-03-21T02:32:44.489+0000] {logging_mixin.py:188} INFO - Adding the values of index 0 into the appropriate Keys...
[2024-03-21T02:32:46.472+0000] {logging_mixin.py:188} INFO - Adding the values of index 1 into the appropriate Keys...
[2024-03-21T02:32:49.640+0000] {logging_mixin.py:188} INFO - Adding the values of index 2 into the appropriate Keys...
[2024-03-21T02:32:51.226+0000] {logging_mixin.py:188} INFO - Adding the values of index 3 into the appropriate Keys...
[2024-03-21T02:32:53.139+0000] {logging_mixin.py:188} INFO - Adding the values of index 4 into the appropriate Keys...
[2024-03-21T02:32:55.642+0000] {logging_mixin.py:188} INFO - Adding the values of index 5 into the appropriate Keys...
[2024-03-21T02:32:58.156+0000] {logging_mixin.py:188} INFO - Adding the values of index 6 into the appropriate Keys...
[2024-03-21T02:32:59.868+0000] {logging_mixin.py:188} INFO - Adding the values of index 7 into the appropriate Keys...
[2024-03-21T02:33:01.296+0000] {logging_mixin.py:188} INFO - Adding the values of index 8 into the appropriate Keys...
[2024-03-21T02:33:02.393+0000] {logging_mixin.py:188} INFO - Adding the values of index 9 into the appropriate Keys...
[2024-03-21T02:33:04.254+0000] {logging_mixin.py:188} INFO - Done Extracting...
[2024-03-21T02:33:04.982+0000] {python.py:202} INFO - Done. Returned value was: None
[2024-03-21T02:33:05.683+0000] {taskinstance.py:1149} INFO - Marking task as SUCCESS. dag_id=spotify_to_s3_data_extraction_v1, task_id=sptoify_to_csv, execution_date=20240321T023100, start_date=20240321T023236, end_date=20240321T023305
[2024-03-21T02:33:07.678+0000] {local_task_job_runner.py:234} INFO - Task exited with return code 0
[2024-03-21T02:33:09.853+0000] {taskinstance.py:3312} INFO - 1 downstream tasks scheduled from follow-on schedule check
