[2024-03-22T10:06:22.507+0000] {taskinstance.py:1979} INFO - Dependencies all met for dep_context=non-requeueable deps ti=<TaskInstance: spotify_to_s3_data_extraction_v1.sptoify_to_csv scheduled__2024-03-20T21:46:00+00:00 [queued]>
[2024-03-22T10:06:25.197+0000] {taskinstance.py:1979} INFO - Dependencies all met for dep_context=requeueable deps ti=<TaskInstance: spotify_to_s3_data_extraction_v1.sptoify_to_csv scheduled__2024-03-20T21:46:00+00:00 [queued]>
[2024-03-22T10:06:25.353+0000] {taskinstance.py:2193} INFO - Starting attempt 4 of 7
[2024-03-22T10:07:00.043+0000] {taskinstance.py:2217} INFO - Executing <Task(PythonOperator): sptoify_to_csv> on 2024-03-20 21:46:00+00:00
[2024-03-22T10:07:01.286+0000] {standard_task_runner.py:60} INFO - Started process 5016 to run task
[2024-03-22T10:07:01.465+0000] {standard_task_runner.py:87} INFO - Running: ['***', 'tasks', 'run', 'spotify_to_s3_data_extraction_v1', 'sptoify_to_csv', 'scheduled__2024-03-20T21:46:00+00:00', '--job-id', '991', '--raw', '--subdir', 'DAGS_FOLDER/spotify_to_csvs_to_s3.py', '--cfg-path', '/tmp/tmpcv8ommg7']
[2024-03-22T10:07:01.697+0000] {standard_task_runner.py:88} INFO - Job 991: Subtask sptoify_to_csv
[2024-03-22T10:07:06.401+0000] {task_command.py:423} INFO - Running <TaskInstance: spotify_to_s3_data_extraction_v1.sptoify_to_csv scheduled__2024-03-20T21:46:00+00:00 [running]> on host ca1809388db1
[2024-03-22T10:07:09.725+0000] {taskinstance.py:2513} INFO - Exporting env vars: AIRFLOW_CTX_DAG_OWNER='Nathaniel Solomon' AIRFLOW_CTX_DAG_ID='spotify_to_s3_data_extraction_v1' AIRFLOW_CTX_TASK_ID='sptoify_to_csv' AIRFLOW_CTX_EXECUTION_DATE='2024-03-20T21:46:00+00:00' AIRFLOW_CTX_TRY_NUMBER='4' AIRFLOW_CTX_DAG_RUN_ID='scheduled__2024-03-20T21:46:00+00:00'
[2024-03-22T10:07:09.759+0000] {logging_mixin.py:188} INFO - The extract function has been executed and this is data in the next line
[2024-03-22T10:07:09.821+0000] {logging_mixin.py:188} INFO - Initiating the Endpoint...
[2024-03-22T10:07:12.121+0000] {logging_mixin.py:188} INFO - Extracting other available tracks
[2024-03-22T10:14:34.391+0000] {logging_mixin.py:188} INFO - Adding the values of index 0 into the appropriate Keys...
[2024-03-22T10:14:42.806+0000] {logging_mixin.py:188} INFO - Adding the values of index 1 into the appropriate Keys...
[2024-03-22T10:14:51.617+0000] {logging_mixin.py:188} INFO - Adding the values of index 2 into the appropriate Keys...
[2024-03-22T10:15:01.195+0000] {logging_mixin.py:188} INFO - Adding the values of index 3 into the appropriate Keys...
[2024-03-22T10:15:10.994+0000] {logging_mixin.py:188} INFO - Adding the values of index 4 into the appropriate Keys...
[2024-03-22T10:15:12.122+0000] {logging_mixin.py:188} INFO - Adding the values of index 5 into the appropriate Keys...
[2024-03-22T10:15:21.467+0000] {logging_mixin.py:188} INFO - Adding the values of index 6 into the appropriate Keys...
[2024-03-22T10:15:31.646+0000] {logging_mixin.py:188} INFO - Adding the values of index 7 into the appropriate Keys...
[2024-03-22T10:15:41.610+0000] {logging_mixin.py:188} INFO - Adding the values of index 8 into the appropriate Keys...
[2024-03-22T10:15:43.451+0000] {logging_mixin.py:188} INFO - Adding the values of index 9 into the appropriate Keys...
[2024-03-22T10:15:44.398+0000] {logging_mixin.py:188} INFO - Done Extracting...
[2024-03-22T10:15:44.557+0000] {python.py:202} INFO - Done. Returned value was: None
[2024-03-22T10:15:45.030+0000] {taskinstance.py:1149} INFO - Marking task as SUCCESS. dag_id=spotify_to_s3_data_extraction_v1, task_id=sptoify_to_csv, execution_date=20240320T214600, start_date=20240322T100622, end_date=20240322T101545
[2024-03-22T10:15:45.438+0000] {local_task_job_runner.py:234} INFO - Task exited with return code 0
[2024-03-22T10:15:45.800+0000] {taskinstance.py:3312} INFO - 1 downstream tasks scheduled from follow-on schedule check
