[2024-03-22T10:20:30.932+0000] {taskinstance.py:1979} INFO - Dependencies all met for dep_context=non-requeueable deps ti=<TaskInstance: spotify_to_s3_data_extraction_v1.sptoify_to_csv scheduled__2024-03-21T03:05:00+00:00 [queued]>
[2024-03-22T10:20:30.958+0000] {taskinstance.py:1979} INFO - Dependencies all met for dep_context=requeueable deps ti=<TaskInstance: spotify_to_s3_data_extraction_v1.sptoify_to_csv scheduled__2024-03-21T03:05:00+00:00 [queued]>
[2024-03-22T10:20:30.960+0000] {taskinstance.py:2193} INFO - Starting attempt 2 of 7
[2024-03-22T10:20:30.993+0000] {taskinstance.py:2217} INFO - Executing <Task(PythonOperator): sptoify_to_csv> on 2024-03-21 03:05:00+00:00
[2024-03-22T10:20:31.008+0000] {standard_task_runner.py:60} INFO - Started process 5541 to run task
[2024-03-22T10:20:31.018+0000] {standard_task_runner.py:87} INFO - Running: ['***', 'tasks', 'run', 'spotify_to_s3_data_extraction_v1', 'sptoify_to_csv', 'scheduled__2024-03-21T03:05:00+00:00', '--job-id', '1146', '--raw', '--subdir', 'DAGS_FOLDER/spotify_to_csvs_to_s3.py', '--cfg-path', '/tmp/tmpfz7rjty9']
[2024-03-22T10:20:31.024+0000] {standard_task_runner.py:88} INFO - Job 1146: Subtask sptoify_to_csv
[2024-03-22T10:20:31.149+0000] {task_command.py:423} INFO - Running <TaskInstance: spotify_to_s3_data_extraction_v1.sptoify_to_csv scheduled__2024-03-21T03:05:00+00:00 [running]> on host ca1809388db1
[2024-03-22T10:20:31.343+0000] {taskinstance.py:2513} INFO - Exporting env vars: AIRFLOW_CTX_DAG_OWNER='Nathaniel Solomon' AIRFLOW_CTX_DAG_ID='spotify_to_s3_data_extraction_v1' AIRFLOW_CTX_TASK_ID='sptoify_to_csv' AIRFLOW_CTX_EXECUTION_DATE='2024-03-21T03:05:00+00:00' AIRFLOW_CTX_TRY_NUMBER='2' AIRFLOW_CTX_DAG_RUN_ID='scheduled__2024-03-21T03:05:00+00:00'
[2024-03-22T10:20:31.347+0000] {logging_mixin.py:188} INFO - The extract function has been executed and this is data in the next line
[2024-03-22T10:20:31.348+0000] {logging_mixin.py:188} INFO - Initiating the Endpoint...
[2024-03-22T10:20:32.139+0000] {logging_mixin.py:188} INFO - Extracting other available tracks
[2024-03-22T10:20:40.753+0000] {logging_mixin.py:188} INFO - Adding the values of index 0 into the appropriate Keys...
[2024-03-22T10:20:42.174+0000] {logging_mixin.py:188} INFO - Adding the values of index 1 into the appropriate Keys...
[2024-03-22T10:20:47.487+0000] {logging_mixin.py:188} INFO - Adding the values of index 2 into the appropriate Keys...
[2024-03-22T10:20:50.413+0000] {logging_mixin.py:188} INFO - Adding the values of index 3 into the appropriate Keys...
[2024-03-22T10:20:51.303+0000] {logging_mixin.py:188} INFO - Adding the values of index 4 into the appropriate Keys...
[2024-03-22T10:20:52.222+0000] {logging_mixin.py:188} INFO - Adding the values of index 5 into the appropriate Keys...
[2024-03-22T10:21:00.161+0000] {logging_mixin.py:188} INFO - Adding the values of index 6 into the appropriate Keys...
[2024-03-22T10:21:01.501+0000] {logging_mixin.py:188} INFO - Adding the values of index 7 into the appropriate Keys...
[2024-03-22T10:21:02.469+0000] {logging_mixin.py:188} INFO - Adding the values of index 8 into the appropriate Keys...
[2024-03-22T10:21:03.569+0000] {logging_mixin.py:188} INFO - Adding the values of index 9 into the appropriate Keys...
[2024-03-22T10:21:04.532+0000] {logging_mixin.py:188} INFO - Done Extracting...
[2024-03-22T10:21:04.579+0000] {python.py:202} INFO - Done. Returned value was: None
[2024-03-22T10:21:04.691+0000] {taskinstance.py:1149} INFO - Marking task as SUCCESS. dag_id=spotify_to_s3_data_extraction_v1, task_id=sptoify_to_csv, execution_date=20240321T030500, start_date=20240322T102030, end_date=20240322T102104
[2024-03-22T10:21:04.820+0000] {local_task_job_runner.py:234} INFO - Task exited with return code 0
[2024-03-22T10:21:05.083+0000] {taskinstance.py:3312} INFO - 1 downstream tasks scheduled from follow-on schedule check
