[2024-03-21T03:06:19.657+0000] {taskinstance.py:1979} INFO - Dependencies all met for dep_context=non-requeueable deps ti=<TaskInstance: spotify_to_s3_data_extraction_v1.sptoify_to_csv scheduled__2024-03-21T03:05:00+00:00 [queued]>
[2024-03-21T03:06:19.692+0000] {taskinstance.py:1979} INFO - Dependencies all met for dep_context=requeueable deps ti=<TaskInstance: spotify_to_s3_data_extraction_v1.sptoify_to_csv scheduled__2024-03-21T03:05:00+00:00 [queued]>
[2024-03-21T03:06:19.695+0000] {taskinstance.py:2193} INFO - Starting attempt 1 of 6
[2024-03-21T03:06:19.807+0000] {taskinstance.py:2217} INFO - Executing <Task(PythonOperator): sptoify_to_csv> on 2024-03-21 03:05:00+00:00
[2024-03-21T03:06:19.844+0000] {standard_task_runner.py:60} INFO - Started process 1580 to run task
[2024-03-21T03:06:19.855+0000] {standard_task_runner.py:87} INFO - Running: ['***', 'tasks', 'run', 'spotify_to_s3_data_extraction_v1', 'sptoify_to_csv', 'scheduled__2024-03-21T03:05:00+00:00', '--job-id', '311', '--raw', '--subdir', 'DAGS_FOLDER/spotify_to_csvs_to_s3.py', '--cfg-path', '/tmp/tmphsbz77t1']
[2024-03-21T03:06:19.867+0000] {standard_task_runner.py:88} INFO - Job 311: Subtask sptoify_to_csv
[2024-03-21T03:06:20.098+0000] {task_command.py:423} INFO - Running <TaskInstance: spotify_to_s3_data_extraction_v1.sptoify_to_csv scheduled__2024-03-21T03:05:00+00:00 [running]> on host ca1809388db1
[2024-03-21T03:06:20.546+0000] {taskinstance.py:2513} INFO - Exporting env vars: AIRFLOW_CTX_DAG_OWNER='Nathaniel Solomon' AIRFLOW_CTX_DAG_ID='spotify_to_s3_data_extraction_v1' AIRFLOW_CTX_TASK_ID='sptoify_to_csv' AIRFLOW_CTX_EXECUTION_DATE='2024-03-21T03:05:00+00:00' AIRFLOW_CTX_TRY_NUMBER='1' AIRFLOW_CTX_DAG_RUN_ID='scheduled__2024-03-21T03:05:00+00:00'
[2024-03-21T03:06:20.550+0000] {logging_mixin.py:188} INFO - The extract function has been executed and this is data in the next line
[2024-03-21T03:06:20.552+0000] {logging_mixin.py:188} INFO - Initiating the Endpoint...
[2024-03-21T03:15:22.365+0000] {connectionpool.py:824} WARNING - Retrying (Retry(total=2, connect=None, read=False, redirect=None, status=3)) after connection broken by 'SSLError(SSLZeroReturnError(6, 'TLS/SSL connection has been closed (EOF) (_ssl.c:1131)'))': /v1/search?q=year%3A2024&limit=50&offset=0&type=track&market=US
[2024-03-21T03:15:23.884+0000] {logging_mixin.py:188} INFO - Extracting other available tracks
[2024-03-21T03:15:30.663+0000] {logging_mixin.py:188} INFO - Adding the values of index 0 into the appropriate Keys...
[2024-03-21T03:15:31.704+0000] {logging_mixin.py:188} INFO - Adding the values of index 1 into the appropriate Keys...
[2024-03-21T03:15:32.620+0000] {logging_mixin.py:188} INFO - Adding the values of index 2 into the appropriate Keys...
[2024-03-21T03:15:34.342+0000] {local_task_job_runner.py:302} WARNING - State of this instance has been externally set to up_for_retry. Terminating instance.
[2024-03-21T03:15:34.585+0000] {process_utils.py:131} INFO - Sending 15 to group 1580. PIDs of all processes in the group: [1580]
[2024-03-21T03:15:34.632+0000] {process_utils.py:86} INFO - Sending the signal 15 to group 1580
[2024-03-21T03:15:34.654+0000] {taskinstance.py:2483} ERROR - Received SIGTERM. Terminating subprocesses.
[2024-03-21T03:15:34.668+0000] {secrets_masker.py:281} WARNING - Unable to redact value of type Adding the values of index 3 into the appropriate Keys..., please report this via <https://github.com/apache/airflow/issues>. Error was: AirflowException: Task received SIGTERM signal
[2024-03-21T03:15:34.621+0000] {logging_mixin.py:188} INFO - Adding the values of index 3 into the appropriate Keys...
[2024-03-21T03:15:36.862+0000] {logging_mixin.py:188} INFO - Adding the values of index 4 into the appropriate Keys...
[2024-03-21T03:15:38.185+0000] {logging_mixin.py:188} INFO - Adding the values of index 5 into the appropriate Keys...
[2024-03-21T03:15:40.038+0000] {logging_mixin.py:188} INFO - Adding the values of index 6 into the appropriate Keys...
[2024-03-21T03:15:43.930+0000] {logging_mixin.py:188} INFO - Adding the values of index 7 into the appropriate Keys...
[2024-03-21T03:15:45.932+0000] {logging_mixin.py:188} INFO - Adding the values of index 8 into the appropriate Keys...
[2024-03-21T03:15:48.405+0000] {logging_mixin.py:188} INFO - Adding the values of index 9 into the appropriate Keys...
[2024-03-21T03:15:51.849+0000] {logging_mixin.py:188} INFO - Done Extracting...
[2024-03-21T03:15:54.279+0000] {python.py:202} INFO - Done. Returned value was: None
[2024-03-21T03:15:55.505+0000] {taskinstance.py:1149} INFO - Marking task as SUCCESS. dag_id=spotify_to_s3_data_extraction_v1, task_id=sptoify_to_csv, execution_date=20240321T030500, start_date=20240321T030619, end_date=20240321T031555
[2024-03-21T03:15:57.087+0000] {process_utils.py:79} INFO - Process psutil.Process(pid=1580, status='terminated', exitcode=0, started='03:06:19') (1580) terminated with exit code 0
