[2024-04-02T00:00:10.140+0000] {taskinstance.py:1979} INFO - Dependencies all met for dep_context=non-requeueable deps ti=<TaskInstance: billboard_to_spotify_to_s3_extractionV1.sptoify_to_csv scheduled__2024-04-01T00:00:00+00:00 [queued]>
[2024-04-02T00:00:10.150+0000] {taskinstance.py:1979} INFO - Dependencies all met for dep_context=requeueable deps ti=<TaskInstance: billboard_to_spotify_to_s3_extractionV1.sptoify_to_csv scheduled__2024-04-01T00:00:00+00:00 [queued]>
[2024-04-02T00:00:10.150+0000] {taskinstance.py:2193} INFO - Starting attempt 1 of 6
[2024-04-02T00:00:10.169+0000] {taskinstance.py:2217} INFO - Executing <Task(PythonOperator): sptoify_to_csv> on 2024-04-01 00:00:00+00:00
[2024-04-02T00:00:10.176+0000] {standard_task_runner.py:60} INFO - Started process 19868 to run task
[2024-04-02T00:00:10.180+0000] {standard_task_runner.py:87} INFO - Running: ['***', 'tasks', 'run', 'billboard_to_spotify_to_s3_extractionV1', 'sptoify_to_csv', 'scheduled__2024-04-01T00:00:00+00:00', '--job-id', '1528', '--raw', '--subdir', 'DAGS_FOLDER/billboard_to_spotify_to_csvs_to_s3.py', '--cfg-path', '/tmp/tmp2mq5_w4y']
[2024-04-02T00:00:10.185+0000] {standard_task_runner.py:88} INFO - Job 1528: Subtask sptoify_to_csv
[2024-04-02T00:00:10.235+0000] {task_command.py:423} INFO - Running <TaskInstance: billboard_to_spotify_to_s3_extractionV1.sptoify_to_csv scheduled__2024-04-01T00:00:00+00:00 [running]> on host bdb7303f046f
[2024-04-02T00:00:10.313+0000] {taskinstance.py:2513} INFO - Exporting env vars: AIRFLOW_CTX_DAG_OWNER='Nathaniel Solomon' AIRFLOW_CTX_DAG_ID='billboard_to_spotify_to_s3_extractionV1' AIRFLOW_CTX_TASK_ID='sptoify_to_csv' AIRFLOW_CTX_EXECUTION_DATE='2024-04-01T00:00:00+00:00' AIRFLOW_CTX_TRY_NUMBER='1' AIRFLOW_CTX_DAG_RUN_ID='scheduled__2024-04-01T00:00:00+00:00'
[2024-04-02T00:00:10.326+0000] {logging_mixin.py:188} INFO - GOT THE TOP ARTISTS DAT FROM XCOM
[2024-04-02T00:00:10.331+0000] {logging_mixin.py:188} INFO - GETTING ARTISTS BIO DATA
[2024-04-02T00:00:11.028+0000] {logging_mixin.py:188} INFO - GETTING ARTISTS ALBUMS DATA
[2024-04-02T00:00:11.340+0000] {logging_mixin.py:188} INFO - Taylor Swift has appeared on a total of 385 albums
[2024-04-02T00:00:11.340+0000] {logging_mixin.py:188} INFO -  Now stagging the albums ...
[2024-04-02T00:00:16.409+0000] {logging_mixin.py:188} INFO -  Taylor Swift albums stagged ... 
[2024-04-02T00:00:16.410+0000] {logging_mixin.py:188} INFO -  transforming Taylor Swift albums data ... 
[2024-04-02T00:00:16.411+0000] {logging_mixin.py:188} INFO - GETTING ALBUMS TRACKS DATA
[2024-04-02T00:00:16.679+0000] {logging_mixin.py:188} INFO -  Now stagging the tracks ...
[2024-04-02T00:00:16.680+0000] {logging_mixin.py:188} INFO -  1989 (Taylor's Version) [Deluxe] tracks stagged ... 
[2024-04-02T00:00:16.681+0000] {logging_mixin.py:188} INFO -  transforming 1989 (Taylor's Version) [Deluxe] tracks data ... 
[2024-04-02T00:00:18.393+0000] {logging_mixin.py:188} INFO - GETTING ALBUMS TRACKS DATA
[2024-04-02T00:00:18.615+0000] {logging_mixin.py:188} INFO -  Now stagging the tracks ...
[2024-04-02T00:00:18.616+0000] {logging_mixin.py:188} INFO -  1989 (Taylor's Version) tracks stagged ... 
[2024-04-02T00:00:18.617+0000] {logging_mixin.py:188} INFO -  transforming 1989 (Taylor's Version) tracks data ... 
[2024-04-02T00:00:20.296+0000] {logging_mixin.py:188} INFO - GETTING ALBUMS TRACKS DATA
[2024-04-02T00:00:20.558+0000] {logging_mixin.py:188} INFO -  Now stagging the tracks ...
[2024-04-02T00:00:20.560+0000] {logging_mixin.py:188} INFO -  Speak Now (Taylor's Version) tracks stagged ... 
[2024-04-02T00:00:20.560+0000] {logging_mixin.py:188} INFO -  transforming Speak Now (Taylor's Version) tracks data ... 
[2024-04-02T00:00:22.290+0000] {logging_mixin.py:188} INFO - GETTING ALBUMS TRACKS DATA
[2024-04-02T00:00:22.551+0000] {logging_mixin.py:188} INFO -  Now stagging the tracks ...
[2024-04-02T00:00:22.552+0000] {logging_mixin.py:188} INFO -  Midnights (The Til Dawn Edition) tracks stagged ... 
[2024-04-02T00:00:22.552+0000] {logging_mixin.py:188} INFO -  transforming Midnights (The Til Dawn Edition) tracks data ... 
[2024-04-02T00:00:24.289+0000] {logging_mixin.py:188} INFO - GETTING ALBUMS TRACKS DATA
[2024-04-02T00:00:24.499+0000] {logging_mixin.py:188} INFO -  Now stagging the tracks ...
[2024-04-02T00:00:24.499+0000] {logging_mixin.py:188} INFO -  Midnights (3am Edition) tracks stagged ... 
[2024-04-02T00:00:24.500+0000] {logging_mixin.py:188} INFO -  transforming Midnights (3am Edition) tracks data ... 
[2024-04-02T00:00:26.197+0000] {logging_mixin.py:188} INFO - GETTING ALBUMS TRACKS DATA
[2024-04-02T00:00:26.408+0000] {logging_mixin.py:188} INFO -  Now stagging the tracks ...
[2024-04-02T00:00:26.409+0000] {logging_mixin.py:188} INFO -  Midnights tracks stagged ... 
[2024-04-02T00:00:26.409+0000] {logging_mixin.py:188} INFO -  transforming Midnights tracks data ... 
[2024-04-02T00:00:28.133+0000] {logging_mixin.py:188} INFO - GETTING ALBUMS TRACKS DATA
[2024-04-02T00:00:28.387+0000] {logging_mixin.py:188} INFO -  Now stagging the tracks ...
[2024-04-02T00:00:28.389+0000] {logging_mixin.py:188} INFO -  Red (Taylor's Version) tracks stagged ... 
[2024-04-02T00:00:28.390+0000] {logging_mixin.py:188} INFO -  transforming Red (Taylor's Version) tracks data ... 
[2024-04-02T00:00:30.245+0000] {logging_mixin.py:188} INFO - GETTING ALBUMS TRACKS DATA
[2024-04-02T00:00:30.524+0000] {logging_mixin.py:188} INFO -  Now stagging the tracks ...
[2024-04-02T00:00:30.525+0000] {logging_mixin.py:188} INFO -  Fearless (Taylor's Version) tracks stagged ... 
[2024-04-02T00:00:30.526+0000] {logging_mixin.py:188} INFO -  transforming Fearless (Taylor's Version) tracks data ... 
[2024-04-02T00:00:32.244+0000] {logging_mixin.py:188} INFO - GETTING ALBUMS TRACKS DATA
[2024-04-02T00:00:32.481+0000] {logging_mixin.py:188} INFO -  Now stagging the tracks ...
[2024-04-02T00:00:32.482+0000] {logging_mixin.py:188} INFO -  evermore (deluxe version) tracks stagged ... 
[2024-04-02T00:00:32.482+0000] {logging_mixin.py:188} INFO -  transforming evermore (deluxe version) tracks data ... 
[2024-04-02T00:00:34.234+0000] {logging_mixin.py:188} INFO - GETTING ALBUMS TRACKS DATA
[2024-04-02T00:00:34.467+0000] {logging_mixin.py:188} INFO -  Now stagging the tracks ...
[2024-04-02T00:00:34.468+0000] {logging_mixin.py:188} INFO -  evermore tracks stagged ... 
[2024-04-02T00:00:34.469+0000] {logging_mixin.py:188} INFO -  transforming evermore tracks data ... 
[2024-04-02T00:00:36.202+0000] {logging_mixin.py:188} INFO - DONE WITH Taylor Swift NOW MOVING TO NEXT ARTIST
[2024-04-02T00:00:36.425+0000] {logging_mixin.py:188} INFO - GETTING ARTISTS ALBUMS DATA
[2024-04-02T00:00:36.752+0000] {logging_mixin.py:188} INFO - Kacey Musgraves has appeared on a total of 681 albums
[2024-04-02T00:00:36.754+0000] {logging_mixin.py:188} INFO -  Now stagging the albums ...
[2024-04-02T00:00:47.616+0000] {logging_mixin.py:188} INFO -  Kacey Musgraves albums stagged ... 
[2024-04-02T00:00:47.618+0000] {logging_mixin.py:188} INFO -  transforming Kacey Musgraves albums data ... 
[2024-04-02T00:00:47.619+0000] {logging_mixin.py:188} INFO - GETTING ALBUMS TRACKS DATA
[2024-04-02T00:00:47.822+0000] {logging_mixin.py:188} INFO -  Now stagging the tracks ...
[2024-04-02T00:00:47.823+0000] {logging_mixin.py:188} INFO -  Deeper Well tracks stagged ... 
[2024-04-02T00:00:47.823+0000] {logging_mixin.py:188} INFO -  transforming Deeper Well tracks data ... 
[2024-04-02T00:00:49.674+0000] {logging_mixin.py:188} INFO - GETTING ALBUMS TRACKS DATA
[2024-04-02T00:00:49.955+0000] {logging_mixin.py:188} INFO -  Now stagging the tracks ...
[2024-04-02T00:00:49.956+0000] {logging_mixin.py:188} INFO -  star-crossed tracks stagged ... 
[2024-04-02T00:00:49.956+0000] {logging_mixin.py:188} INFO -  transforming star-crossed tracks data ... 
[2024-04-02T00:00:51.846+0000] {logging_mixin.py:188} INFO - GETTING ALBUMS TRACKS DATA
[2024-04-02T00:00:52.119+0000] {logging_mixin.py:188} INFO -  Now stagging the tracks ...
[2024-04-02T00:00:52.120+0000] {logging_mixin.py:188} INFO -  The Kacey Musgraves Christmas Show tracks stagged ... 
[2024-04-02T00:00:52.121+0000] {logging_mixin.py:188} INFO -  transforming The Kacey Musgraves Christmas Show tracks data ... 
[2024-04-02T00:00:53.930+0000] {logging_mixin.py:188} INFO - GETTING ALBUMS TRACKS DATA
[2024-04-02T00:00:54.143+0000] {logging_mixin.py:188} INFO -  Now stagging the tracks ...
[2024-04-02T00:00:54.144+0000] {logging_mixin.py:188} INFO -  Golden Hour tracks stagged ... 
[2024-04-02T00:00:54.144+0000] {logging_mixin.py:188} INFO -  transforming Golden Hour tracks data ... 
[2024-04-02T00:00:55.854+0000] {logging_mixin.py:188} INFO - GETTING ALBUMS TRACKS DATA
[2024-04-02T00:00:56.114+0000] {logging_mixin.py:188} INFO -  Now stagging the tracks ...
[2024-04-02T00:00:56.121+0000] {logging_mixin.py:188} INFO -  A Very Kacey Christmas tracks stagged ... 
[2024-04-02T00:00:56.132+0000] {logging_mixin.py:188} INFO -  transforming A Very Kacey Christmas tracks data ... 
[2024-04-02T00:00:57.934+0000] {logging_mixin.py:188} INFO - GETTING ALBUMS TRACKS DATA
[2024-04-02T00:00:58.154+0000] {logging_mixin.py:188} INFO -  Now stagging the tracks ...
[2024-04-02T00:00:58.155+0000] {logging_mixin.py:188} INFO -  Pageant Material tracks stagged ... 
[2024-04-02T00:00:58.155+0000] {logging_mixin.py:188} INFO -  transforming Pageant Material tracks data ... 
[2024-04-02T00:00:59.987+0000] {logging_mixin.py:188} INFO - GETTING ALBUMS TRACKS DATA
[2024-04-02T00:01:00.194+0000] {logging_mixin.py:188} INFO -  Now stagging the tracks ...
[2024-04-02T00:01:00.195+0000] {logging_mixin.py:188} INFO -  Same Trailer Different Park tracks stagged ... 
[2024-04-02T00:01:00.196+0000] {logging_mixin.py:188} INFO -  transforming Same Trailer Different Park tracks data ... 
[2024-04-02T00:01:01.988+0000] {logging_mixin.py:188} INFO - GETTING ALBUMS TRACKS DATA
[2024-04-02T00:01:02.192+0000] {logging_mixin.py:188} INFO -  Now stagging the tracks ...
[2024-04-02T00:01:02.193+0000] {logging_mixin.py:188} INFO -  Three Little Birds (Bob Marley: One Love - Music Inspired By The Film) tracks stagged ... 
[2024-04-02T00:01:02.195+0000] {logging_mixin.py:188} INFO -  transforming Three Little Birds (Bob Marley: One Love - Music Inspired By The Film) tracks data ... 
[2024-04-02T00:01:02.372+0000] {logging_mixin.py:188} INFO - GETTING ALBUMS TRACKS DATA
[2024-04-02T00:01:02.551+0000] {logging_mixin.py:188} INFO -  Now stagging the tracks ...
[2024-04-02T00:01:02.552+0000] {logging_mixin.py:188} INFO -  Don't Do Me Good tracks stagged ... 
[2024-04-02T00:01:02.553+0000] {logging_mixin.py:188} INFO -  transforming Don't Do Me Good tracks data ... 
[2024-04-02T00:01:02.916+0000] {logging_mixin.py:188} INFO - GETTING ALBUMS TRACKS DATA
[2024-04-02T00:01:03.110+0000] {logging_mixin.py:188} INFO -  Now stagging the tracks ...
[2024-04-02T00:01:03.112+0000] {logging_mixin.py:188} INFO -  She Calls Me Back (with Kacey Musgraves) tracks stagged ... 
[2024-04-02T00:01:03.112+0000] {logging_mixin.py:188} INFO -  transforming She Calls Me Back (with Kacey Musgraves) tracks data ... 
[2024-04-02T00:01:03.294+0000] {logging_mixin.py:188} INFO - DONE WITH Kacey Musgraves NOW MOVING TO NEXT ARTIST
[2024-04-02T00:01:03.523+0000] {logging_mixin.py:188} INFO - GETTING ARTISTS ALBUMS DATA
[2024-04-02T00:01:03.878+0000] {logging_mixin.py:188} INFO - Ariana Grande has appeared on a total of 417 albums
[2024-04-02T00:01:03.884+0000] {logging_mixin.py:188} INFO -  Now stagging the albums ...
[2024-04-02T00:01:12.187+0000] {logging_mixin.py:188} INFO -  Ariana Grande albums stagged ... 
[2024-04-02T00:01:12.187+0000] {logging_mixin.py:188} INFO -  transforming Ariana Grande albums data ... 
[2024-04-02T00:01:12.188+0000] {logging_mixin.py:188} INFO - GETTING ALBUMS TRACKS DATA
[2024-04-02T00:01:12.530+0000] {logging_mixin.py:188} INFO -  Now stagging the tracks ...
[2024-04-02T00:01:12.531+0000] {logging_mixin.py:188} INFO -  eternal sunshine (slightly deluxe) tracks stagged ... 
[2024-04-02T00:01:12.532+0000] {logging_mixin.py:188} INFO -  transforming eternal sunshine (slightly deluxe) tracks data ... 
[2024-04-02T00:01:14.523+0000] {logging_mixin.py:188} INFO - GETTING ALBUMS TRACKS DATA
[2024-04-02T00:01:14.759+0000] {logging_mixin.py:188} INFO -  Now stagging the tracks ...
[2024-04-02T00:01:14.760+0000] {logging_mixin.py:188} INFO -  eternal sunshine tracks stagged ... 
[2024-04-02T00:01:14.760+0000] {logging_mixin.py:188} INFO -  transforming eternal sunshine tracks data ... 
[2024-04-02T00:01:16.606+0000] {logging_mixin.py:188} INFO - GETTING ALBUMS TRACKS DATA
[2024-04-02T00:01:16.856+0000] {logging_mixin.py:188} INFO -  Now stagging the tracks ...
[2024-04-02T00:01:16.857+0000] {logging_mixin.py:188} INFO -  Yours Truly (Tenth Anniversary Edition) tracks stagged ... 
[2024-04-02T00:01:16.858+0000] {logging_mixin.py:188} INFO -  transforming Yours Truly (Tenth Anniversary Edition) tracks data ... 
[2024-04-02T00:01:18.689+0000] {logging_mixin.py:188} INFO - GETTING ALBUMS TRACKS DATA
[2024-04-02T00:01:18.949+0000] {logging_mixin.py:188} INFO -  Now stagging the tracks ...
[2024-04-02T00:01:18.950+0000] {logging_mixin.py:188} INFO -  Positions (Deluxe) tracks stagged ... 
[2024-04-02T00:01:18.951+0000] {logging_mixin.py:188} INFO -  transforming Positions (Deluxe) tracks data ... 
[2024-04-02T00:01:20.708+0000] {logging_mixin.py:188} INFO - GETTING ALBUMS TRACKS DATA
[2024-04-02T00:01:20.937+0000] {logging_mixin.py:188} INFO -  Now stagging the tracks ...
[2024-04-02T00:01:20.938+0000] {logging_mixin.py:188} INFO -  Positions tracks stagged ... 
[2024-04-02T00:01:20.938+0000] {logging_mixin.py:188} INFO -  transforming Positions tracks data ... 
[2024-04-02T00:01:22.708+0000] {logging_mixin.py:188} INFO - GETTING ALBUMS TRACKS DATA
[2024-04-02T00:01:22.956+0000] {logging_mixin.py:188} INFO -  Now stagging the tracks ...
[2024-04-02T00:01:22.957+0000] {logging_mixin.py:188} INFO -  k bye for now (swt live) tracks stagged ... 
[2024-04-02T00:01:22.958+0000] {logging_mixin.py:188} INFO -  transforming k bye for now (swt live) tracks data ... 
[2024-04-02T00:01:24.677+0000] {logging_mixin.py:188} INFO - GETTING ALBUMS TRACKS DATA
[2024-04-02T00:01:24.867+0000] {logging_mixin.py:188} INFO -  Now stagging the tracks ...
[2024-04-02T00:01:24.868+0000] {logging_mixin.py:188} INFO -  thank u, next tracks stagged ... 
[2024-04-02T00:01:24.869+0000] {logging_mixin.py:188} INFO -  transforming thank u, next tracks data ... 
[2024-04-02T00:01:26.606+0000] {logging_mixin.py:188} INFO - GETTING ALBUMS TRACKS DATA
[2024-04-02T00:01:26.813+0000] {logging_mixin.py:188} INFO -  Now stagging the tracks ...
[2024-04-02T00:01:26.814+0000] {logging_mixin.py:188} INFO -  Sweetener tracks stagged ... 
[2024-04-02T00:01:26.814+0000] {logging_mixin.py:188} INFO -  transforming Sweetener tracks data ... 
[2024-04-02T00:01:28.576+0000] {logging_mixin.py:188} INFO - GETTING ALBUMS TRACKS DATA
[2024-04-02T00:01:28.801+0000] {logging_mixin.py:188} INFO -  Now stagging the tracks ...
[2024-04-02T00:01:28.802+0000] {logging_mixin.py:188} INFO -  Dangerous Woman tracks stagged ... 
[2024-04-02T00:01:28.802+0000] {logging_mixin.py:188} INFO -  transforming Dangerous Woman tracks data ... 
[2024-04-02T00:01:30.466+0000] {logging_mixin.py:188} INFO - GETTING ALBUMS TRACKS DATA
[2024-04-02T00:01:30.689+0000] {logging_mixin.py:188} INFO -  Now stagging the tracks ...
[2024-04-02T00:01:30.690+0000] {logging_mixin.py:188} INFO -  My Everything (Deluxe) tracks stagged ... 
[2024-04-02T00:01:30.690+0000] {logging_mixin.py:188} INFO -  transforming My Everything (Deluxe) tracks data ... 
[2024-04-02T00:01:32.409+0000] {logging_mixin.py:188} INFO - DONE WITH Ariana Grande NOW MOVING TO NEXT ARTIST
[2024-04-02T00:01:32.615+0000] {logging_mixin.py:188} INFO - GETTING ARTISTS ALBUMS DATA
[2024-04-02T00:01:32.906+0000] {logging_mixin.py:188} INFO - Justin Timberlake has appeared on a total of 341 albums
[2024-04-02T00:01:32.909+0000] {logging_mixin.py:188} INFO -  Now stagging the albums ...
[2024-04-02T00:01:38.210+0000] {logging_mixin.py:188} INFO -  Justin Timberlake albums stagged ... 
[2024-04-02T00:01:38.211+0000] {logging_mixin.py:188} INFO -  transforming Justin Timberlake albums data ... 
[2024-04-02T00:01:38.212+0000] {logging_mixin.py:188} INFO - GETTING ALBUMS TRACKS DATA
[2024-04-02T00:01:38.460+0000] {logging_mixin.py:188} INFO -  Now stagging the tracks ...
[2024-04-02T00:01:38.461+0000] {logging_mixin.py:188} INFO -  Everything I Thought It Was tracks stagged ... 
[2024-04-02T00:01:38.462+0000] {logging_mixin.py:188} INFO -  transforming Everything I Thought It Was tracks data ... 
[2024-04-02T00:01:40.253+0000] {logging_mixin.py:188} INFO - GETTING ALBUMS TRACKS DATA
[2024-04-02T00:01:40.503+0000] {logging_mixin.py:188} INFO -  Now stagging the tracks ...
[2024-04-02T00:01:40.504+0000] {logging_mixin.py:188} INFO -  Man of the Woods tracks stagged ... 
[2024-04-02T00:01:40.505+0000] {logging_mixin.py:188} INFO -  transforming Man of the Woods tracks data ... 
[2024-04-02T00:01:42.315+0000] {logging_mixin.py:188} INFO - GETTING ALBUMS TRACKS DATA
[2024-04-02T00:01:42.563+0000] {logging_mixin.py:188} INFO -  Now stagging the tracks ...
[2024-04-02T00:01:42.563+0000] {logging_mixin.py:188} INFO -  The Book of Love (Original Motion Picture Soundtrack) tracks stagged ... 
[2024-04-02T00:01:42.564+0000] {logging_mixin.py:188} INFO -  transforming The Book of Love (Original Motion Picture Soundtrack) tracks data ... 
[2024-04-02T00:01:44.341+0000] {logging_mixin.py:188} INFO - GETTING ALBUMS TRACKS DATA
[2024-04-02T00:01:44.560+0000] {logging_mixin.py:188} INFO -  Now stagging the tracks ...
[2024-04-02T00:01:44.560+0000] {logging_mixin.py:188} INFO -  The 20/20 Experience - 2 of 2 (Deluxe) tracks stagged ... 
[2024-04-02T00:01:44.561+0000] {logging_mixin.py:188} INFO -  transforming The 20/20 Experience - 2 of 2 (Deluxe) tracks data ... 
[2024-04-02T00:01:46.314+0000] {logging_mixin.py:188} INFO - GETTING ALBUMS TRACKS DATA
[2024-04-02T00:01:46.685+0000] {logging_mixin.py:188} INFO -  Now stagging the tracks ...
[2024-04-02T00:01:46.686+0000] {logging_mixin.py:188} INFO -  The 20/20 Experience (Deluxe Version) tracks stagged ... 
[2024-04-02T00:01:46.687+0000] {logging_mixin.py:188} INFO -  transforming The 20/20 Experience (Deluxe Version) tracks data ... 
[2024-04-02T00:01:48.450+0000] {logging_mixin.py:188} INFO - GETTING ALBUMS TRACKS DATA
[2024-04-02T00:01:48.700+0000] {logging_mixin.py:188} INFO -  Now stagging the tracks ...
[2024-04-02T00:01:48.701+0000] {logging_mixin.py:188} INFO -  12" Masters - The Essential Mixes tracks stagged ... 
[2024-04-02T00:01:48.701+0000] {logging_mixin.py:188} INFO -  transforming 12" Masters - The Essential Mixes tracks data ... 
[2024-04-02T00:01:50.427+0000] {logging_mixin.py:188} INFO - GETTING ALBUMS TRACKS DATA
[2024-04-02T00:01:50.640+0000] {logging_mixin.py:188} INFO -  Now stagging the tracks ...
[2024-04-02T00:01:50.690+0000] {logging_mixin.py:188} INFO -  FutureSex/LoveSounds Deluxe Edition tracks stagged ... 
[2024-04-02T00:01:50.690+0000] {logging_mixin.py:188} INFO -  transforming FutureSex/LoveSounds Deluxe Edition tracks data ... 
[2024-04-02T00:01:52.420+0000] {logging_mixin.py:188} INFO - GETTING ALBUMS TRACKS DATA
[2024-04-02T00:01:52.668+0000] {logging_mixin.py:188} INFO -  Now stagging the tracks ...
[2024-04-02T00:01:52.669+0000] {logging_mixin.py:188} INFO -  FutureSex/LoveSounds tracks stagged ... 
[2024-04-02T00:01:52.669+0000] {logging_mixin.py:188} INFO -  transforming FutureSex/LoveSounds tracks data ... 
[2024-04-02T00:01:54.626+0000] {logging_mixin.py:188} INFO - GETTING ALBUMS TRACKS DATA
[2024-04-02T00:01:54.827+0000] {logging_mixin.py:188} INFO -  Now stagging the tracks ...
[2024-04-02T00:01:54.829+0000] {logging_mixin.py:188} INFO -  Justified tracks stagged ... 
[2024-04-02T00:01:54.830+0000] {logging_mixin.py:188} INFO -  transforming Justified tracks data ... 
[2024-04-02T00:01:56.700+0000] {logging_mixin.py:188} INFO - GETTING ALBUMS TRACKS DATA
[2024-04-02T00:01:56.918+0000] {logging_mixin.py:188} INFO -  Now stagging the tracks ...
[2024-04-02T00:01:56.919+0000] {logging_mixin.py:188} INFO -  Drown tracks stagged ... 
[2024-04-02T00:01:56.920+0000] {logging_mixin.py:188} INFO -  transforming Drown tracks data ... 
[2024-04-02T00:01:57.091+0000] {logging_mixin.py:188} INFO - DONE WITH Justin Timberlake NOW MOVING TO NEXT ARTIST
[2024-04-02T00:01:57.305+0000] {logging_mixin.py:188} INFO - GETTING ARTISTS ALBUMS DATA
[2024-04-02T00:01:57.586+0000] {logging_mixin.py:188} INFO - Morgan Wallen has appeared on a total of 66 albums
[2024-04-02T00:01:57.590+0000] {logging_mixin.py:188} INFO -  Now stagging the albums ...
[2024-04-02T00:01:58.238+0000] {logging_mixin.py:188} INFO -  Morgan Wallen albums stagged ... 
[2024-04-02T00:01:58.239+0000] {logging_mixin.py:188} INFO -  transforming Morgan Wallen albums data ... 
[2024-04-02T00:01:58.240+0000] {logging_mixin.py:188} INFO - GETTING ALBUMS TRACKS DATA
[2024-04-02T00:01:58.454+0000] {logging_mixin.py:188} INFO -  Now stagging the tracks ...
[2024-04-02T00:01:58.455+0000] {logging_mixin.py:188} INFO -  Stand Alone (10th Anniversary Deluxe Edition) tracks stagged ... 
[2024-04-02T00:01:58.456+0000] {logging_mixin.py:188} INFO -  transforming Stand Alone (10th Anniversary Deluxe Edition) tracks data ... 
[2024-04-02T00:02:00.190+0000] {logging_mixin.py:188} INFO - GETTING ALBUMS TRACKS DATA
[2024-04-02T00:02:00.453+0000] {logging_mixin.py:188} INFO -  Now stagging the tracks ...
[2024-04-02T00:02:00.453+0000] {logging_mixin.py:188} INFO -  One Thing At A Time tracks stagged ... 
[2024-04-02T00:02:00.454+0000] {logging_mixin.py:188} INFO -  transforming One Thing At A Time tracks data ... 
[2024-04-02T00:02:02.270+0000] {logging_mixin.py:188} INFO - GETTING ALBUMS TRACKS DATA
[2024-04-02T00:02:02.535+0000] {logging_mixin.py:188} INFO -  Now stagging the tracks ...
[2024-04-02T00:02:02.536+0000] {logging_mixin.py:188} INFO -  Dangerous: The Double Album (Bonus) tracks stagged ... 
[2024-04-02T00:02:02.536+0000] {logging_mixin.py:188} INFO -  transforming Dangerous: The Double Album (Bonus) tracks data ... 
[2024-04-02T00:02:04.371+0000] {logging_mixin.py:188} INFO - GETTING ALBUMS TRACKS DATA
[2024-04-02T00:02:04.633+0000] {logging_mixin.py:188} INFO -  Now stagging the tracks ...
[2024-04-02T00:02:04.635+0000] {logging_mixin.py:188} INFO -  Dangerous: The Double Album tracks stagged ... 
[2024-04-02T00:02:04.636+0000] {logging_mixin.py:188} INFO -  transforming Dangerous: The Double Album tracks data ... 
[2024-04-02T00:02:06.475+0000] {logging_mixin.py:188} INFO - GETTING ALBUMS TRACKS DATA
[2024-04-02T00:02:06.685+0000] {logging_mixin.py:188} INFO -  Now stagging the tracks ...
[2024-04-02T00:02:06.687+0000] {logging_mixin.py:188} INFO -  If I Know Me tracks stagged ... 
[2024-04-02T00:02:06.688+0000] {logging_mixin.py:188} INFO -  transforming If I Know Me tracks data ... 
[2024-04-02T00:02:08.611+0000] {logging_mixin.py:188} INFO - GETTING ALBUMS TRACKS DATA
[2024-04-02T00:02:08.801+0000] {logging_mixin.py:188} INFO -  Now stagging the tracks ...
[2024-04-02T00:02:08.802+0000] {logging_mixin.py:188} INFO -  Spin You Around (1/24) tracks stagged ... 
[2024-04-02T00:02:08.803+0000] {logging_mixin.py:188} INFO -  transforming Spin You Around (1/24) tracks data ... 
[2024-04-02T00:02:08.977+0000] {logging_mixin.py:188} INFO - GETTING ALBUMS TRACKS DATA
[2024-04-02T00:02:09.185+0000] {logging_mixin.py:188} INFO -  Now stagging the tracks ...
[2024-04-02T00:02:09.186+0000] {logging_mixin.py:188} INFO -  Mamaw's House tracks stagged ... 
[2024-04-02T00:02:09.188+0000] {logging_mixin.py:188} INFO -  transforming Mamaw's House tracks data ... 
[2024-04-02T00:02:09.364+0000] {logging_mixin.py:188} INFO - GETTING ALBUMS TRACKS DATA
[2024-04-02T00:02:09.552+0000] {logging_mixin.py:188} INFO -  Now stagging the tracks ...
[2024-04-02T00:02:09.554+0000] {logging_mixin.py:188} INFO -  3 Songs At A Time Sampler tracks stagged ... 
[2024-04-02T00:02:09.555+0000] {logging_mixin.py:188} INFO -  transforming 3 Songs At A Time Sampler tracks data ... 
[2024-04-02T00:02:10.087+0000] {logging_mixin.py:188} INFO - GETTING ALBUMS TRACKS DATA
[2024-04-02T00:02:10.267+0000] {logging_mixin.py:188} INFO -  Now stagging the tracks ...
[2024-04-02T00:02:10.269+0000] {logging_mixin.py:188} INFO -  One Thing At A Time (Sampler) tracks stagged ... 
[2024-04-02T00:02:10.270+0000] {logging_mixin.py:188} INFO -  transforming One Thing At A Time (Sampler) tracks data ... 
[2024-04-02T00:02:10.810+0000] {logging_mixin.py:188} INFO - GETTING ALBUMS TRACKS DATA
[2024-04-02T00:02:10.988+0000] {logging_mixin.py:188} INFO -  Now stagging the tracks ...
[2024-04-02T00:02:10.989+0000] {logging_mixin.py:188} INFO -  You Proof tracks stagged ... 
[2024-04-02T00:02:10.990+0000] {logging_mixin.py:188} INFO -  transforming You Proof tracks data ... 
[2024-04-02T00:02:11.180+0000] {logging_mixin.py:188} INFO - DONE WITH Morgan Wallen NOW MOVING TO NEXT ARTIST
[2024-04-02T00:02:11.422+0000] {logging_mixin.py:188} INFO - GETTING ARTISTS ALBUMS DATA
[2024-04-02T00:02:11.727+0000] {logging_mixin.py:188} INFO - Zach Bryan has appeared on a total of 1047 albums
[2024-04-02T00:02:11.728+0000] {logging_mixin.py:188} INFO -  Now stagging the albums ...
[2024-04-02T00:02:29.039+0000] {logging_mixin.py:188} INFO -  Zach Bryan albums stagged ... 
[2024-04-02T00:02:29.040+0000] {logging_mixin.py:188} INFO -  transforming Zach Bryan albums data ... 
[2024-04-02T00:02:29.041+0000] {logging_mixin.py:188} INFO - GETTING ALBUMS TRACKS DATA
[2024-04-02T00:02:29.237+0000] {logging_mixin.py:188} INFO -  Now stagging the tracks ...
[2024-04-02T00:02:29.238+0000] {logging_mixin.py:188} INFO -  Zach Bryan tracks stagged ... 
[2024-04-02T00:02:29.238+0000] {logging_mixin.py:188} INFO -  transforming Zach Bryan tracks data ... 
[2024-04-02T00:02:30.964+0000] {logging_mixin.py:188} INFO - GETTING ALBUMS TRACKS DATA
[2024-04-02T00:02:31.182+0000] {logging_mixin.py:188} INFO -  Now stagging the tracks ...
[2024-04-02T00:02:31.183+0000] {logging_mixin.py:188} INFO -  All My Homies Hate Ticketmaster (Live from Red Rocks) tracks stagged ... 
[2024-04-02T00:02:31.183+0000] {logging_mixin.py:188} INFO -  transforming All My Homies Hate Ticketmaster (Live from Red Rocks) tracks data ... 
[2024-04-02T00:02:32.904+0000] {logging_mixin.py:188} INFO - GETTING ALBUMS TRACKS DATA
[2024-04-02T00:02:33.136+0000] {logging_mixin.py:188} INFO -  Now stagging the tracks ...
[2024-04-02T00:02:33.137+0000] {logging_mixin.py:188} INFO -  American Heartbreak tracks stagged ... 
[2024-04-02T00:02:33.137+0000] {logging_mixin.py:188} INFO -  transforming American Heartbreak tracks data ... 
[2024-04-02T00:02:34.857+0000] {logging_mixin.py:188} INFO - GETTING ALBUMS TRACKS DATA
[2024-04-02T00:02:35.054+0000] {logging_mixin.py:188} INFO -  Now stagging the tracks ...
[2024-04-02T00:02:35.054+0000] {logging_mixin.py:188} INFO -  Elisabeth tracks stagged ... 
[2024-04-02T00:02:35.055+0000] {logging_mixin.py:188} INFO -  transforming Elisabeth tracks data ... 
[2024-04-02T00:02:36.814+0000] {logging_mixin.py:188} INFO - GETTING ALBUMS TRACKS DATA
[2024-04-02T00:02:37.069+0000] {logging_mixin.py:188} INFO -  Now stagging the tracks ...
[2024-04-02T00:02:37.071+0000] {logging_mixin.py:188} INFO -  DeAnn tracks stagged ... 
[2024-04-02T00:02:37.072+0000] {logging_mixin.py:188} INFO -  transforming DeAnn tracks data ... 
[2024-04-02T00:02:38.836+0000] {logging_mixin.py:188} INFO - GETTING ALBUMS TRACKS DATA
[2024-04-02T00:02:39.038+0000] {logging_mixin.py:188} INFO -  Now stagging the tracks ...
[2024-04-02T00:02:39.039+0000] {logging_mixin.py:188} INFO -  Boys Of Faith tracks stagged ... 
[2024-04-02T00:02:39.040+0000] {logging_mixin.py:188} INFO -  transforming Boys Of Faith tracks data ... 
[2024-04-02T00:02:39.924+0000] {logging_mixin.py:188} INFO - GETTING ALBUMS TRACKS DATA
[2024-04-02T00:02:40.134+0000] {logging_mixin.py:188} INFO -  Now stagging the tracks ...
[2024-04-02T00:02:40.136+0000] {logging_mixin.py:188} INFO -  Sarah's Place (feat. Noah Kahan) tracks stagged ... 
[2024-04-02T00:02:40.137+0000] {logging_mixin.py:188} INFO -  transforming Sarah's Place (feat. Noah Kahan) tracks data ... 
[2024-04-02T00:02:40.352+0000] {logging_mixin.py:188} INFO - GETTING ALBUMS TRACKS DATA
[2024-04-02T00:02:40.575+0000] {logging_mixin.py:188} INFO -  Now stagging the tracks ...
[2024-04-02T00:02:40.576+0000] {logging_mixin.py:188} INFO -  Boys Of Faith (feat. Bon Iver) tracks stagged ... 
[2024-04-02T00:02:40.578+0000] {logging_mixin.py:188} INFO -  transforming Boys Of Faith (feat. Bon Iver) tracks data ... 
[2024-04-02T00:02:40.749+0000] {logging_mixin.py:188} INFO - GETTING ALBUMS TRACKS DATA
[2024-04-02T00:02:40.938+0000] {logging_mixin.py:188} INFO -  Now stagging the tracks ...
[2024-04-02T00:02:40.940+0000] {logging_mixin.py:188} INFO -  Spotless (feat. The Lumineers) tracks stagged ... 
[2024-04-02T00:02:40.941+0000] {logging_mixin.py:188} INFO -  transforming Spotless (feat. The Lumineers) tracks data ... 
[2024-04-02T00:02:41.124+0000] {logging_mixin.py:188} INFO - GETTING ALBUMS TRACKS DATA
[2024-04-02T00:02:41.314+0000] {logging_mixin.py:188} INFO -  Now stagging the tracks ...
[2024-04-02T00:02:41.316+0000] {logging_mixin.py:188} INFO -  I Remember Everything (feat. Kacey Musgraves) tracks stagged ... 
[2024-04-02T00:02:41.317+0000] {logging_mixin.py:188} INFO -  transforming I Remember Everything (feat. Kacey Musgraves) tracks data ... 
[2024-04-02T00:02:41.492+0000] {logging_mixin.py:188} INFO - DONE WITH Zach Bryan NOW MOVING TO NEXT ARTIST
[2024-04-02T00:02:41.690+0000] {logging_mixin.py:188} INFO - GETTING ARTISTS ALBUMS DATA
[2024-04-02T00:02:41.996+0000] {logging_mixin.py:188} INFO - SZA has appeared on a total of 508 albums
[2024-04-02T00:02:42.005+0000] {logging_mixin.py:188} INFO -  Now stagging the albums ...
[2024-04-02T00:02:49.584+0000] {logging_mixin.py:188} INFO -  SZA albums stagged ... 
[2024-04-02T00:02:49.586+0000] {logging_mixin.py:188} INFO -  transforming SZA albums data ... 
[2024-04-02T00:02:49.587+0000] {logging_mixin.py:188} INFO - GETTING ALBUMS TRACKS DATA
[2024-04-02T00:02:49.842+0000] {logging_mixin.py:188} INFO -  Now stagging the tracks ...
[2024-04-02T00:02:49.844+0000] {logging_mixin.py:188} INFO -  SOS tracks stagged ... 
[2024-04-02T00:02:49.845+0000] {logging_mixin.py:188} INFO -  transforming SOS tracks data ... 
[2024-04-02T00:02:51.582+0000] {logging_mixin.py:188} INFO - GETTING ALBUMS TRACKS DATA
[2024-04-02T00:02:51.847+0000] {logging_mixin.py:188} INFO -  Now stagging the tracks ...
[2024-04-02T00:02:51.848+0000] {logging_mixin.py:188} INFO -  Ctrl (Deluxe) tracks stagged ... 
[2024-04-02T00:02:51.849+0000] {logging_mixin.py:188} INFO -  transforming Ctrl (Deluxe) tracks data ... 
[2024-04-02T00:02:53.591+0000] {logging_mixin.py:188} INFO - GETTING ALBUMS TRACKS DATA
[2024-04-02T00:02:53.806+0000] {logging_mixin.py:188} INFO -  Now stagging the tracks ...
[2024-04-02T00:02:53.808+0000] {logging_mixin.py:188} INFO -  Dear Evan Hansen (Original Motion Picture Soundtrack) tracks stagged ... 
[2024-04-02T00:02:53.809+0000] {logging_mixin.py:188} INFO -  transforming Dear Evan Hansen (Original Motion Picture Soundtrack) tracks data ... 
[2024-04-02T00:02:55.516+0000] {logging_mixin.py:188} INFO - GETTING ALBUMS TRACKS DATA
[2024-04-02T00:02:55.733+0000] {logging_mixin.py:188} INFO -  Now stagging the tracks ...
[2024-04-02T00:02:55.734+0000] {logging_mixin.py:188} INFO -  Black Panther The Album Music From And Inspired By tracks stagged ... 
[2024-04-02T00:02:55.735+0000] {logging_mixin.py:188} INFO -  transforming Black Panther The Album Music From And Inspired By tracks data ... 
[2024-04-02T00:02:57.870+0000] {logging_mixin.py:188} INFO - GETTING ALBUMS TRACKS DATA
[2024-04-02T00:02:58.086+0000] {logging_mixin.py:188} INFO -  Now stagging the tracks ...
[2024-04-02T00:02:58.087+0000] {logging_mixin.py:188} INFO -  Ctrl tracks stagged ... 
[2024-04-02T00:02:58.088+0000] {logging_mixin.py:188} INFO -  transforming Ctrl tracks data ... 
[2024-04-02T00:02:59.847+0000] {logging_mixin.py:188} INFO - GETTING ALBUMS TRACKS DATA
[2024-04-02T00:03:00.107+0000] {logging_mixin.py:188} INFO -  Now stagging the tracks ...
[2024-04-02T00:03:00.108+0000] {logging_mixin.py:188} INFO -  Z tracks stagged ... 
[2024-04-02T00:03:00.108+0000] {logging_mixin.py:188} INFO -  transforming Z tracks data ... 
[2024-04-02T00:03:01.890+0000] {logging_mixin.py:188} INFO - GETTING ALBUMS TRACKS DATA
[2024-04-02T00:03:02.075+0000] {logging_mixin.py:188} INFO -  Now stagging the tracks ...
[2024-04-02T00:03:02.076+0000] {logging_mixin.py:188} INFO -  Saturn tracks stagged ... 
[2024-04-02T00:03:02.077+0000] {logging_mixin.py:188} INFO -  transforming Saturn tracks data ... 
[2024-04-02T00:03:02.914+0000] {logging_mixin.py:188} INFO - GETTING ALBUMS TRACKS DATA
[2024-04-02T00:03:03.102+0000] {logging_mixin.py:188} INFO -  Now stagging the tracks ...
[2024-04-02T00:03:03.103+0000] {logging_mixin.py:188} INFO -  NO SZNS tracks stagged ... 
[2024-04-02T00:03:03.104+0000] {logging_mixin.py:188} INFO -  transforming NO SZNS tracks data ... 
[2024-04-02T00:03:03.272+0000] {logging_mixin.py:188} INFO - GETTING ALBUMS TRACKS DATA
[2024-04-02T00:03:03.473+0000] {logging_mixin.py:188} INFO -  Now stagging the tracks ...
[2024-04-02T00:03:03.474+0000] {logging_mixin.py:188} INFO -  Snooze (Acoustic) (feat. Justin Bieber) tracks stagged ... 
[2024-04-02T00:03:03.475+0000] {logging_mixin.py:188} INFO -  transforming Snooze (Acoustic) (feat. Justin Bieber) tracks data ... 
[2024-04-02T00:03:03.657+0000] {logging_mixin.py:188} INFO - GETTING ALBUMS TRACKS DATA
[2024-04-02T00:03:03.865+0000] {logging_mixin.py:188} INFO -  Now stagging the tracks ...
[2024-04-02T00:03:03.866+0000] {logging_mixin.py:188} INFO -  Slime You Out tracks stagged ... 
[2024-04-02T00:03:03.867+0000] {logging_mixin.py:188} INFO -  transforming Slime You Out tracks data ... 
[2024-04-02T00:03:04.051+0000] {logging_mixin.py:188} INFO - DONE WITH SZA NOW MOVING TO NEXT ARTIST
[2024-04-02T00:03:04.343+0000] {logging_mixin.py:188} INFO - GETTING ARTISTS ALBUMS DATA
[2024-04-02T00:03:04.650+0000] {logging_mixin.py:188} INFO - Drake has appeared on a total of 700 albums
[2024-04-02T00:03:04.653+0000] {logging_mixin.py:188} INFO -  Now stagging the albums ...
[2024-04-02T00:03:15.828+0000] {logging_mixin.py:188} INFO -  Drake albums stagged ... 
[2024-04-02T00:03:15.829+0000] {logging_mixin.py:188} INFO -  transforming Drake albums data ... 
[2024-04-02T00:03:15.829+0000] {logging_mixin.py:188} INFO - GETTING ALBUMS TRACKS DATA
[2024-04-02T00:03:16.062+0000] {logging_mixin.py:188} INFO -  Now stagging the tracks ...
[2024-04-02T00:03:16.063+0000] {logging_mixin.py:188} INFO -  For All The Dogs Scary Hours Edition tracks stagged ... 
[2024-04-02T00:03:16.064+0000] {logging_mixin.py:188} INFO -  transforming For All The Dogs Scary Hours Edition tracks data ... 
[2024-04-02T00:03:17.864+0000] {logging_mixin.py:188} INFO - GETTING ALBUMS TRACKS DATA
[2024-04-02T00:03:18.192+0000] {logging_mixin.py:188} INFO -  Now stagging the tracks ...
[2024-04-02T00:03:18.193+0000] {logging_mixin.py:188} INFO -  For All The Dogs tracks stagged ... 
[2024-04-02T00:03:18.194+0000] {logging_mixin.py:188} INFO -  transforming For All The Dogs tracks data ... 
[2024-04-02T00:03:19.893+0000] {logging_mixin.py:188} INFO - GETTING ALBUMS TRACKS DATA
[2024-04-02T00:03:20.119+0000] {logging_mixin.py:188} INFO -  Now stagging the tracks ...
[2024-04-02T00:03:20.121+0000] {logging_mixin.py:188} INFO -  Her Loss tracks stagged ... 
[2024-04-02T00:03:20.122+0000] {logging_mixin.py:188} INFO -  transforming Her Loss tracks data ... 
[2024-04-02T00:03:21.851+0000] {logging_mixin.py:188} INFO - GETTING ALBUMS TRACKS DATA
[2024-04-02T00:03:22.091+0000] {logging_mixin.py:188} INFO -  Now stagging the tracks ...
[2024-04-02T00:03:22.093+0000] {logging_mixin.py:188} INFO -  Honestly, Nevermind tracks stagged ... 
[2024-04-02T00:03:22.094+0000] {logging_mixin.py:188} INFO -  transforming Honestly, Nevermind tracks data ... 
[2024-04-02T00:03:23.802+0000] {logging_mixin.py:188} INFO - GETTING ALBUMS TRACKS DATA
[2024-04-02T00:03:24.042+0000] {logging_mixin.py:188} INFO -  Now stagging the tracks ...
[2024-04-02T00:03:24.043+0000] {logging_mixin.py:188} INFO -  Certified Lover Boy tracks stagged ... 
[2024-04-02T00:03:24.043+0000] {logging_mixin.py:188} INFO -  transforming Certified Lover Boy tracks data ... 
[2024-04-02T00:03:25.775+0000] {logging_mixin.py:188} INFO - GETTING ALBUMS TRACKS DATA
[2024-04-02T00:03:25.998+0000] {logging_mixin.py:188} INFO -  Now stagging the tracks ...
[2024-04-02T00:03:25.999+0000] {logging_mixin.py:188} INFO -  Dark Lane Demo Tapes tracks stagged ... 
[2024-04-02T00:03:26.000+0000] {logging_mixin.py:188} INFO -  transforming Dark Lane Demo Tapes tracks data ... 
[2024-04-02T00:03:27.675+0000] {logging_mixin.py:188} INFO - GETTING ALBUMS TRACKS DATA
[2024-04-02T00:03:27.914+0000] {logging_mixin.py:188} INFO -  Now stagging the tracks ...
[2024-04-02T00:03:27.915+0000] {logging_mixin.py:188} INFO -  Care Package tracks stagged ... 
[2024-04-02T00:03:27.916+0000] {logging_mixin.py:188} INFO -  transforming Care Package tracks data ... 
[2024-04-02T00:03:29.639+0000] {logging_mixin.py:188} INFO - GETTING ALBUMS TRACKS DATA
[2024-04-02T00:03:29.894+0000] {logging_mixin.py:188} INFO -  Now stagging the tracks ...
[2024-04-02T00:03:29.908+0000] {logging_mixin.py:188} INFO -  Scorpion tracks stagged ... 
[2024-04-02T00:03:29.930+0000] {logging_mixin.py:188} INFO -  transforming Scorpion tracks data ... 
[2024-04-02T00:03:31.623+0000] {logging_mixin.py:188} INFO - GETTING ALBUMS TRACKS DATA
[2024-04-02T00:03:31.879+0000] {logging_mixin.py:188} INFO -  Now stagging the tracks ...
[2024-04-02T00:03:31.880+0000] {logging_mixin.py:188} INFO -  More Life tracks stagged ... 
[2024-04-02T00:03:31.881+0000] {logging_mixin.py:188} INFO -  transforming More Life tracks data ... 
[2024-04-02T00:03:33.759+0000] {logging_mixin.py:188} INFO - GETTING ALBUMS TRACKS DATA
[2024-04-02T00:03:33.972+0000] {logging_mixin.py:188} INFO -  Now stagging the tracks ...
[2024-04-02T00:03:33.973+0000] {logging_mixin.py:188} INFO -  Views tracks stagged ... 
[2024-04-02T00:03:33.974+0000] {logging_mixin.py:188} INFO -  transforming Views tracks data ... 
[2024-04-02T00:03:35.743+0000] {logging_mixin.py:188} INFO - DONE WITH Drake NOW MOVING TO NEXT ARTIST
[2024-04-02T00:03:35.982+0000] {logging_mixin.py:188} INFO - GETTING ARTISTS ALBUMS DATA
[2024-04-02T00:03:36.270+0000] {logging_mixin.py:188} INFO - Luke Combs has appeared on a total of 142 albums
[2024-04-02T00:03:36.275+0000] {logging_mixin.py:188} INFO -  Now stagging the albums ...
[2024-04-02T00:03:38.074+0000] {logging_mixin.py:188} INFO -  Luke Combs albums stagged ... 
[2024-04-02T00:03:38.075+0000] {logging_mixin.py:188} INFO -  transforming Luke Combs albums data ... 
[2024-04-02T00:03:38.076+0000] {logging_mixin.py:188} INFO - GETTING ALBUMS TRACKS DATA
[2024-04-02T00:03:38.275+0000] {logging_mixin.py:188} INFO -  Now stagging the tracks ...
[2024-04-02T00:03:38.277+0000] {logging_mixin.py:188} INFO -  Gettin' Old tracks stagged ... 
[2024-04-02T00:03:38.278+0000] {logging_mixin.py:188} INFO -  transforming Gettin' Old tracks data ... 
[2024-04-02T00:03:39.957+0000] {logging_mixin.py:188} INFO - GETTING ALBUMS TRACKS DATA
[2024-04-02T00:03:40.143+0000] {logging_mixin.py:188} INFO -  Now stagging the tracks ...
[2024-04-02T00:03:40.144+0000] {logging_mixin.py:188} INFO -  Growin' Up tracks stagged ... 
[2024-04-02T00:03:40.144+0000] {logging_mixin.py:188} INFO -  transforming Growin' Up tracks data ... 
[2024-04-02T00:03:41.828+0000] {logging_mixin.py:188} INFO - GETTING ALBUMS TRACKS DATA
[2024-04-02T00:03:42.071+0000] {logging_mixin.py:188} INFO -  Now stagging the tracks ...
[2024-04-02T00:03:42.073+0000] {logging_mixin.py:188} INFO -  What You See Ain't Always What You Get (Deluxe Edition) tracks stagged ... 
[2024-04-02T00:03:42.073+0000] {logging_mixin.py:188} INFO -  transforming What You See Ain't Always What You Get (Deluxe Edition) tracks data ... 
[2024-04-02T00:03:43.755+0000] {logging_mixin.py:188} INFO - GETTING ALBUMS TRACKS DATA
[2024-04-02T00:03:43.983+0000] {logging_mixin.py:188} INFO -  Now stagging the tracks ...
[2024-04-02T00:03:43.984+0000] {logging_mixin.py:188} INFO -  What You See Is What You Get tracks stagged ... 
[2024-04-02T00:03:43.985+0000] {logging_mixin.py:188} INFO -  transforming What You See Is What You Get tracks data ... 
[2024-04-02T00:03:45.800+0000] {logging_mixin.py:188} INFO - GETTING ALBUMS TRACKS DATA
[2024-04-02T00:03:46.015+0000] {logging_mixin.py:188} INFO -  Now stagging the tracks ...
[2024-04-02T00:03:46.016+0000] {logging_mixin.py:188} INFO -  This One's for You Too (Deluxe Edition) tracks stagged ... 
[2024-04-02T00:03:46.018+0000] {logging_mixin.py:188} INFO -  transforming This One's for You Too (Deluxe Edition) tracks data ... 
[2024-04-02T00:03:47.753+0000] {logging_mixin.py:188} INFO - GETTING ALBUMS TRACKS DATA
[2024-04-02T00:03:47.940+0000] {logging_mixin.py:188} INFO -  Now stagging the tracks ...
[2024-04-02T00:03:47.941+0000] {logging_mixin.py:188} INFO -  This One's for You tracks stagged ... 
[2024-04-02T00:03:47.943+0000] {logging_mixin.py:188} INFO -  transforming This One's for You tracks data ... 
[2024-04-02T00:03:49.665+0000] {logging_mixin.py:188} INFO - GETTING ALBUMS TRACKS DATA
[2024-04-02T00:03:49.865+0000] {logging_mixin.py:188} INFO -  Now stagging the tracks ...
[2024-04-02T00:03:49.867+0000] {logging_mixin.py:188} INFO -  Seven Bridges Road tracks stagged ... 
[2024-04-02T00:03:49.867+0000] {logging_mixin.py:188} INFO -  transforming Seven Bridges Road tracks data ... 
[2024-04-02T00:03:50.030+0000] {logging_mixin.py:188} INFO - GETTING ALBUMS TRACKS DATA
[2024-04-02T00:03:50.233+0000] {logging_mixin.py:188} INFO -  Now stagging the tracks ...
[2024-04-02T00:03:50.234+0000] {logging_mixin.py:188} INFO -  Fast Car (Live) tracks stagged ... 
[2024-04-02T00:03:50.235+0000] {logging_mixin.py:188} INFO -  transforming Fast Car (Live) tracks data ... 
[2024-04-02T00:03:50.605+0000] {logging_mixin.py:188} INFO - GETTING ALBUMS TRACKS DATA
[2024-04-02T00:03:50.804+0000] {logging_mixin.py:188} INFO -  Now stagging the tracks ...
[2024-04-02T00:03:50.805+0000] {logging_mixin.py:188} INFO -  Life Goes On (feat. Luke Combs) tracks stagged ... 
[2024-04-02T00:03:50.806+0000] {logging_mixin.py:188} INFO -  transforming Life Goes On (feat. Luke Combs) tracks data ... 
[2024-04-02T00:03:51.156+0000] {logging_mixin.py:188} INFO - GETTING ALBUMS TRACKS DATA
[2024-04-02T00:03:51.335+0000] {logging_mixin.py:188} INFO -  Now stagging the tracks ...
[2024-04-02T00:03:51.336+0000] {logging_mixin.py:188} INFO -  Gettin' Old (Stories Behind the Songs) tracks stagged ... 
[2024-04-02T00:03:51.337+0000] {logging_mixin.py:188} INFO -  transforming Gettin' Old (Stories Behind the Songs) tracks data ... 
[2024-04-02T00:03:51.505+0000] {logging_mixin.py:188} INFO - DONE WITH Luke Combs NOW MOVING TO NEXT ARTIST
[2024-04-02T00:03:51.739+0000] {logging_mixin.py:188} INFO - GETTING ARTISTS ALBUMS DATA
[2024-04-02T00:03:52.090+0000] {logging_mixin.py:188} INFO - Cardi B has appeared on a total of 1418 albums
[2024-04-02T00:03:52.092+0000] {logging_mixin.py:188} INFO -  Now stagging the albums ...
[2024-04-02T00:04:14.425+0000] {logging_mixin.py:188} INFO -  Cardi B albums stagged ... 
[2024-04-02T00:04:14.427+0000] {logging_mixin.py:188} INFO -  transforming Cardi B albums data ... 
[2024-04-02T00:04:14.428+0000] {logging_mixin.py:188} INFO - GETTING ALBUMS TRACKS DATA
[2024-04-02T00:04:14.633+0000] {logging_mixin.py:188} INFO -  Now stagging the tracks ...
[2024-04-02T00:04:14.635+0000] {logging_mixin.py:188} INFO -  Invasion of Privacy tracks stagged ... 
[2024-04-02T00:04:14.636+0000] {logging_mixin.py:188} INFO -  transforming Invasion of Privacy tracks data ... 
[2024-04-02T00:04:16.319+0000] {logging_mixin.py:188} INFO - GETTING ALBUMS TRACKS DATA
[2024-04-02T00:04:16.530+0000] {logging_mixin.py:188} INFO -  Now stagging the tracks ...
[2024-04-02T00:04:16.532+0000] {logging_mixin.py:188} INFO -  Gangsta Bitch Music Vol. 2 tracks stagged ... 
[2024-04-02T00:04:16.533+0000] {logging_mixin.py:188} INFO -  transforming Gangsta Bitch Music Vol. 2 tracks data ... 
[2024-04-02T00:04:18.308+0000] {logging_mixin.py:188} INFO - GETTING ALBUMS TRACKS DATA
[2024-04-02T00:04:18.544+0000] {logging_mixin.py:188} INFO -  Now stagging the tracks ...
[2024-04-02T00:04:18.546+0000] {logging_mixin.py:188} INFO -  Gangsta Bitch Music Vol 1 tracks stagged ... 
[2024-04-02T00:04:18.547+0000] {logging_mixin.py:188} INFO -  transforming Gangsta Bitch Music Vol 1 tracks data ... 
[2024-04-02T00:04:20.550+0000] {logging_mixin.py:188} INFO - GETTING ALBUMS TRACKS DATA
[2024-04-02T00:04:20.747+0000] {logging_mixin.py:188} INFO -  Now stagging the tracks ...
[2024-04-02T00:04:20.748+0000] {logging_mixin.py:188} INFO -  Puntería tracks stagged ... 
[2024-04-02T00:04:20.749+0000] {logging_mixin.py:188} INFO -  transforming Puntería tracks data ... 
[2024-04-02T00:04:20.933+0000] {logging_mixin.py:188} INFO - GETTING ALBUMS TRACKS DATA
[2024-04-02T00:04:21.169+0000] {logging_mixin.py:188} INFO -  Now stagging the tracks ...
[2024-04-02T00:04:21.170+0000] {logging_mixin.py:188} INFO -  Enough (Miami) tracks stagged ... 
[2024-04-02T00:04:21.171+0000] {logging_mixin.py:188} INFO -  transforming Enough (Miami) tracks data ... 
[2024-04-02T00:04:22.924+0000] {logging_mixin.py:188} INFO - GETTING ALBUMS TRACKS DATA
[2024-04-02T00:04:23.108+0000] {logging_mixin.py:188} INFO -  Now stagging the tracks ...
[2024-04-02T00:04:23.109+0000] {logging_mixin.py:188} INFO -  Like What (Freestyle) tracks stagged ... 
[2024-04-02T00:04:23.110+0000] {logging_mixin.py:188} INFO -  transforming Like What (Freestyle) tracks data ... 
[2024-04-02T00:04:23.982+0000] {logging_mixin.py:188} INFO - GETTING ALBUMS TRACKS DATA
[2024-04-02T00:04:24.164+0000] {logging_mixin.py:188} INFO -  Now stagging the tracks ...
[2024-04-02T00:04:24.165+0000] {logging_mixin.py:188} INFO -  Like What (Freestyle) [Instrumental] tracks stagged ... 
[2024-04-02T00:04:24.167+0000] {logging_mixin.py:188} INFO -  transforming Like What (Freestyle) [Instrumental] tracks data ... 
[2024-04-02T00:04:24.365+0000] {logging_mixin.py:188} INFO - GETTING ALBUMS TRACKS DATA
[2024-04-02T00:04:24.563+0000] {logging_mixin.py:188} INFO -  Now stagging the tracks ...
[2024-04-02T00:04:24.565+0000] {logging_mixin.py:188} INFO -  Bongos (feat. Megan Thee Stallion) tracks stagged ... 
[2024-04-02T00:04:24.566+0000] {logging_mixin.py:188} INFO -  transforming Bongos (feat. Megan Thee Stallion) tracks data ... 
[2024-04-02T00:04:24.915+0000] {logging_mixin.py:188} INFO - GETTING ALBUMS TRACKS DATA
[2024-04-02T00:04:25.123+0000] {logging_mixin.py:188} INFO -  Now stagging the tracks ...
[2024-04-02T00:04:25.124+0000] {logging_mixin.py:188} INFO -  Bongos: The Pack tracks stagged ... 
[2024-04-02T00:04:25.125+0000] {logging_mixin.py:188} INFO -  transforming Bongos: The Pack tracks data ... 
[2024-04-02T00:04:26.514+0000] {logging_mixin.py:188} INFO - GETTING ALBUMS TRACKS DATA
[2024-04-02T00:04:26.697+0000] {logging_mixin.py:188} INFO -  Now stagging the tracks ...
[2024-04-02T00:04:26.698+0000] {logging_mixin.py:188} INFO -  Bongos (feat. Megan Thee Stallion) [Sped Up] tracks stagged ... 
[2024-04-02T00:04:26.700+0000] {logging_mixin.py:188} INFO -  transforming Bongos (feat. Megan Thee Stallion) [Sped Up] tracks data ... 
[2024-04-02T00:04:26.879+0000] {logging_mixin.py:188} INFO - DONE WITH Cardi B NOW MOVING TO NEXT ARTIST
[2024-04-02T00:04:26.949+0000] {logging_mixin.py:188} INFO - COVERTED ARTISTS DATA TO CSV
[2024-04-02T00:04:26.956+0000] {logging_mixin.py:188} INFO - COVERTED ALBUMS DATA TO CSV
[2024-04-02T00:04:26.986+0000] {logging_mixin.py:188} INFO - COVERTED TRACKS DATA TO CSV
[2024-04-02T00:04:26.993+0000] {python.py:202} INFO - Done. Returned value was: None
[2024-04-02T00:04:27.005+0000] {taskinstance.py:1149} INFO - Marking task as SUCCESS. dag_id=billboard_to_spotify_to_s3_extractionV1, task_id=sptoify_to_csv, execution_date=20240401T000000, start_date=20240402T000010, end_date=20240402T000427
[2024-04-02T00:04:27.027+0000] {local_task_job_runner.py:234} INFO - Task exited with return code 0
[2024-04-02T00:04:27.046+0000] {taskinstance.py:3312} INFO - 1 downstream tasks scheduled from follow-on schedule check
