[2024-04-10T01:08:23.425+0000] {taskinstance.py:1979} INFO - Dependencies all met for dep_context=non-requeueable deps ti=<TaskInstance: billboard_to_spotify_to_s3_extractionV1.sptoify_to_csv scheduled__2024-04-01T00:00:00+00:00 [queued]>
[2024-04-10T01:08:23.448+0000] {taskinstance.py:1979} INFO - Dependencies all met for dep_context=requeueable deps ti=<TaskInstance: billboard_to_spotify_to_s3_extractionV1.sptoify_to_csv scheduled__2024-04-01T00:00:00+00:00 [queued]>
[2024-04-10T01:08:23.449+0000] {taskinstance.py:2193} INFO - Starting attempt 2 of 7
[2024-04-10T01:08:23.482+0000] {taskinstance.py:2217} INFO - Executing <Task(PythonOperator): sptoify_to_csv> on 2024-04-01 00:00:00+00:00
[2024-04-10T01:08:23.495+0000] {standard_task_runner.py:60} INFO - Started process 108 to run task
[2024-04-10T01:08:23.500+0000] {standard_task_runner.py:87} INFO - Running: ['***', 'tasks', 'run', 'billboard_to_spotify_to_s3_extractionV1', 'sptoify_to_csv', 'scheduled__2024-04-01T00:00:00+00:00', '--job-id', '1604', '--raw', '--subdir', 'DAGS_FOLDER/billboard_to_spotify_to_csvs_to_s3.py', '--cfg-path', '/tmp/tmp1qm5m805']
[2024-04-10T01:08:23.505+0000] {standard_task_runner.py:88} INFO - Job 1604: Subtask sptoify_to_csv
[2024-04-10T01:08:23.592+0000] {task_command.py:423} INFO - Running <TaskInstance: billboard_to_spotify_to_s3_extractionV1.sptoify_to_csv scheduled__2024-04-01T00:00:00+00:00 [running]> on host 66d8d046c9ac
[2024-04-10T01:08:23.764+0000] {taskinstance.py:2513} INFO - Exporting env vars: AIRFLOW_CTX_DAG_OWNER='Nathaniel Solomon' AIRFLOW_CTX_DAG_ID='billboard_to_spotify_to_s3_extractionV1' AIRFLOW_CTX_TASK_ID='sptoify_to_csv' AIRFLOW_CTX_EXECUTION_DATE='2024-04-01T00:00:00+00:00' AIRFLOW_CTX_TRY_NUMBER='2' AIRFLOW_CTX_DAG_RUN_ID='scheduled__2024-04-01T00:00:00+00:00'
[2024-04-10T01:08:23.790+0000] {logging_mixin.py:188} INFO - GOT THE TOP ARTISTS DAT FROM XCOM
[2024-04-10T01:08:23.792+0000] {logging_mixin.py:188} INFO - GETTING ARTISTS BIO DATA
[2024-04-10T01:08:25.375+0000] {logging_mixin.py:188} INFO - GETTING ARTISTS ALBUMS DATA
[2024-04-10T01:08:25.655+0000] {logging_mixin.py:188} INFO - Beyoncé has appeared on a total of 258 albums
[2024-04-10T01:08:25.669+0000] {logging_mixin.py:188} INFO -  Now stagging the albums ...
[2024-04-10T01:08:29.140+0000] {logging_mixin.py:188} INFO -  Beyoncé albums stagged ... 
[2024-04-10T01:08:29.141+0000] {logging_mixin.py:188} INFO -  transforming Beyoncé albums data ... 
[2024-04-10T01:08:29.142+0000] {logging_mixin.py:188} INFO - GETTING ALBUMS TRACKS DATA
[2024-04-10T01:08:29.361+0000] {logging_mixin.py:188} INFO -  Now stagging the tracks ...
[2024-04-10T01:08:29.362+0000] {logging_mixin.py:188} INFO -  COWBOY CARTER tracks stagged ... 
[2024-04-10T01:08:29.363+0000] {logging_mixin.py:188} INFO -  transforming COWBOY CARTER tracks data ... 
[2024-04-10T01:08:31.279+0000] {logging_mixin.py:188} INFO - GETTING ALBUMS TRACKS DATA
[2024-04-10T01:08:31.497+0000] {logging_mixin.py:188} INFO -  Now stagging the tracks ...
[2024-04-10T01:08:31.498+0000] {logging_mixin.py:188} INFO -  RENAISSANCE tracks stagged ... 
[2024-04-10T01:08:31.499+0000] {logging_mixin.py:188} INFO -  transforming RENAISSANCE tracks data ... 
[2024-04-10T01:08:33.306+0000] {logging_mixin.py:188} INFO - GETTING ALBUMS TRACKS DATA
[2024-04-10T01:08:34.729+0000] {logging_mixin.py:188} INFO -  Now stagging the tracks ...
[2024-04-10T01:08:34.734+0000] {logging_mixin.py:188} INFO -  The Lion King: The Gift [Deluxe Edition] tracks stagged ... 
[2024-04-10T01:08:34.738+0000] {logging_mixin.py:188} INFO -  transforming The Lion King: The Gift [Deluxe Edition] tracks data ... 
[2024-04-10T01:08:36.618+0000] {logging_mixin.py:188} INFO - GETTING ALBUMS TRACKS DATA
[2024-04-10T01:08:36.904+0000] {logging_mixin.py:188} INFO -  Now stagging the tracks ...
[2024-04-10T01:08:36.954+0000] {logging_mixin.py:188} INFO -  The Lion King: The Gift tracks stagged ... 
[2024-04-10T01:08:37.117+0000] {logging_mixin.py:188} INFO -  transforming The Lion King: The Gift tracks data ... 
[2024-04-10T01:08:45.643+0000] {logging_mixin.py:188} INFO - GETTING ALBUMS TRACKS DATA
[2024-04-10T01:08:45.915+0000] {logging_mixin.py:188} INFO -  Now stagging the tracks ...
[2024-04-10T01:08:45.924+0000] {logging_mixin.py:188} INFO -  HOMECOMING: THE LIVE ALBUM tracks stagged ... 
[2024-04-10T01:08:45.927+0000] {logging_mixin.py:188} INFO -  transforming HOMECOMING: THE LIVE ALBUM tracks data ... 
[2024-04-10T01:08:47.766+0000] {logging_mixin.py:188} INFO - GETTING ALBUMS TRACKS DATA
[2024-04-10T01:08:47.987+0000] {logging_mixin.py:188} INFO -  Now stagging the tracks ...
[2024-04-10T01:08:47.989+0000] {logging_mixin.py:188} INFO -  Lemonade tracks stagged ... 
[2024-04-10T01:08:47.992+0000] {logging_mixin.py:188} INFO -  transforming Lemonade tracks data ... 
[2024-04-10T01:08:49.822+0000] {logging_mixin.py:188} INFO - GETTING ALBUMS TRACKS DATA
[2024-04-10T01:08:50.029+0000] {logging_mixin.py:188} INFO -  Now stagging the tracks ...
[2024-04-10T01:08:50.033+0000] {logging_mixin.py:188} INFO -  BEYONCÉ [Platinum Edition] tracks stagged ... 
[2024-04-10T01:08:50.034+0000] {logging_mixin.py:188} INFO -  transforming BEYONCÉ [Platinum Edition] tracks data ... 
[2024-04-10T01:08:57.206+0000] {logging_mixin.py:188} INFO - GETTING ALBUMS TRACKS DATA
[2024-04-10T01:08:57.413+0000] {logging_mixin.py:188} INFO -  Now stagging the tracks ...
[2024-04-10T01:08:57.414+0000] {logging_mixin.py:188} INFO -  4 tracks stagged ... 
[2024-04-10T01:08:57.415+0000] {logging_mixin.py:188} INFO -  transforming 4 tracks data ... 
[2024-04-10T01:08:59.190+0000] {logging_mixin.py:188} INFO - GETTING ALBUMS TRACKS DATA
[2024-04-10T01:08:59.412+0000] {logging_mixin.py:188} INFO -  Now stagging the tracks ...
[2024-04-10T01:08:59.412+0000] {logging_mixin.py:188} INFO -  I Am...World Tour tracks stagged ... 
[2024-04-10T01:08:59.413+0000] {logging_mixin.py:188} INFO -  transforming I Am...World Tour tracks data ... 
[2024-04-10T01:09:06.544+0000] {logging_mixin.py:188} INFO - GETTING ALBUMS TRACKS DATA
[2024-04-10T01:09:06.755+0000] {logging_mixin.py:188} INFO -  Now stagging the tracks ...
[2024-04-10T01:09:06.756+0000] {logging_mixin.py:188} INFO -  I AM...SASHA FIERCE tracks stagged ... 
[2024-04-10T01:09:06.757+0000] {logging_mixin.py:188} INFO -  transforming I AM...SASHA FIERCE tracks data ... 
[2024-04-10T01:09:15.896+0000] {logging_mixin.py:188} INFO - DONE WITH Beyoncé NOW MOVING TO NEXT ARTIST
[2024-04-10T01:09:16.114+0000] {logging_mixin.py:188} INFO - GETTING ARTISTS ALBUMS DATA
[2024-04-10T01:09:16.407+0000] {logging_mixin.py:188} INFO - Taylor Swift has appeared on a total of 382 albums
[2024-04-10T01:09:16.409+0000] {logging_mixin.py:188} INFO -  Now stagging the albums ...
[2024-04-10T01:09:46.238+0000] {logging_mixin.py:188} INFO -  Taylor Swift albums stagged ... 
[2024-04-10T01:09:46.240+0000] {logging_mixin.py:188} INFO -  transforming Taylor Swift albums data ... 
[2024-04-10T01:09:46.242+0000] {logging_mixin.py:188} INFO - GETTING ALBUMS TRACKS DATA
[2024-04-10T01:09:55.792+0000] {logging_mixin.py:188} INFO -  Now stagging the tracks ...
[2024-04-10T01:09:55.793+0000] {logging_mixin.py:188} INFO -  1989 (Taylor's Version) [Deluxe] tracks stagged ... 
[2024-04-10T01:09:55.794+0000] {logging_mixin.py:188} INFO -  transforming 1989 (Taylor's Version) [Deluxe] tracks data ... 
[2024-04-10T01:09:57.865+0000] {logging_mixin.py:188} INFO - GETTING ALBUMS TRACKS DATA
[2024-04-10T01:09:58.086+0000] {logging_mixin.py:188} INFO -  Now stagging the tracks ...
[2024-04-10T01:09:58.088+0000] {logging_mixin.py:188} INFO -  1989 (Taylor's Version) tracks stagged ... 
[2024-04-10T01:09:58.089+0000] {logging_mixin.py:188} INFO -  transforming 1989 (Taylor's Version) tracks data ... 
[2024-04-10T01:10:06.247+0000] {logging_mixin.py:188} INFO - GETTING ALBUMS TRACKS DATA
[2024-04-10T01:10:06.488+0000] {logging_mixin.py:188} INFO -  Now stagging the tracks ...
[2024-04-10T01:10:06.488+0000] {logging_mixin.py:188} INFO -  Speak Now (Taylor's Version) tracks stagged ... 
[2024-04-10T01:10:06.489+0000] {logging_mixin.py:188} INFO -  transforming Speak Now (Taylor's Version) tracks data ... 
[2024-04-10T01:10:16.610+0000] {logging_mixin.py:188} INFO - GETTING ALBUMS TRACKS DATA
[2024-04-10T01:10:16.832+0000] {logging_mixin.py:188} INFO -  Now stagging the tracks ...
[2024-04-10T01:10:16.833+0000] {logging_mixin.py:188} INFO -  Midnights (The Til Dawn Edition) tracks stagged ... 
[2024-04-10T01:10:16.834+0000] {logging_mixin.py:188} INFO -  transforming Midnights (The Til Dawn Edition) tracks data ... 
[2024-04-10T01:10:25.918+0000] {logging_mixin.py:188} INFO - GETTING ALBUMS TRACKS DATA
[2024-04-10T01:10:26.136+0000] {logging_mixin.py:188} INFO -  Now stagging the tracks ...
[2024-04-10T01:10:26.137+0000] {logging_mixin.py:188} INFO -  Midnights (3am Edition) tracks stagged ... 
[2024-04-10T01:10:26.139+0000] {logging_mixin.py:188} INFO -  transforming Midnights (3am Edition) tracks data ... 
[2024-04-10T01:10:27.972+0000] {logging_mixin.py:188} INFO - GETTING ALBUMS TRACKS DATA
[2024-04-10T01:10:28.218+0000] {logging_mixin.py:188} INFO -  Now stagging the tracks ...
[2024-04-10T01:10:28.219+0000] {logging_mixin.py:188} INFO -  Midnights tracks stagged ... 
[2024-04-10T01:10:28.220+0000] {logging_mixin.py:188} INFO -  transforming Midnights tracks data ... 
[2024-04-10T01:10:36.266+0000] {logging_mixin.py:188} INFO - GETTING ALBUMS TRACKS DATA
[2024-04-10T01:10:36.535+0000] {logging_mixin.py:188} INFO -  Now stagging the tracks ...
[2024-04-10T01:10:36.536+0000] {logging_mixin.py:188} INFO -  Red (Taylor's Version) tracks stagged ... 
[2024-04-10T01:10:36.536+0000] {logging_mixin.py:188} INFO -  transforming Red (Taylor's Version) tracks data ... 
[2024-04-10T01:10:38.361+0000] {logging_mixin.py:188} INFO - GETTING ALBUMS TRACKS DATA
[2024-04-10T01:10:38.631+0000] {logging_mixin.py:188} INFO -  Now stagging the tracks ...
[2024-04-10T01:10:38.632+0000] {logging_mixin.py:188} INFO -  Fearless (Taylor's Version) tracks stagged ... 
[2024-04-10T01:10:38.632+0000] {logging_mixin.py:188} INFO -  transforming Fearless (Taylor's Version) tracks data ... 
[2024-04-10T01:10:45.758+0000] {logging_mixin.py:188} INFO - GETTING ALBUMS TRACKS DATA
[2024-04-10T01:10:45.989+0000] {logging_mixin.py:188} INFO -  Now stagging the tracks ...
[2024-04-10T01:10:45.990+0000] {logging_mixin.py:188} INFO -  evermore (deluxe version) tracks stagged ... 
[2024-04-10T01:10:45.990+0000] {logging_mixin.py:188} INFO -  transforming evermore (deluxe version) tracks data ... 
[2024-04-10T01:10:48.696+0000] {client.py:302} ERROR - Max Retries reached
[2024-04-10T01:10:48.697+0000] {taskinstance.py:2731} ERROR - Task failed with exception
Traceback (most recent call last):
  File "/home/airflow/.local/lib/python3.8/site-packages/requests/adapters.py", line 486, in send
    resp = conn.urlopen(
  File "/home/airflow/.local/lib/python3.8/site-packages/urllib3/connectionpool.py", line 894, in urlopen
    return self.urlopen(
  File "/home/airflow/.local/lib/python3.8/site-packages/urllib3/connectionpool.py", line 894, in urlopen
    return self.urlopen(
  File "/home/airflow/.local/lib/python3.8/site-packages/urllib3/connectionpool.py", line 894, in urlopen
    return self.urlopen(
  File "/home/airflow/.local/lib/python3.8/site-packages/urllib3/connectionpool.py", line 884, in urlopen
    retries = retries.increment(method, url, response=response, _pool=self)
  File "/home/airflow/.local/lib/python3.8/site-packages/urllib3/util/retry.py", line 592, in increment
    raise MaxRetryError(_pool, url, error or ResponseError(cause))
urllib3.exceptions.MaxRetryError: HTTPSConnectionPool(host='api.spotify.com', port=443): Max retries exceeded with url: /v1/audio-features/?ids=1gcyHQpBQ1lfXGdhZmWrHP (Caused by ResponseError('too many 429 error responses'))

During handling of the above exception, another exception occurred:

Traceback (most recent call last):
  File "/home/airflow/.local/lib/python3.8/site-packages/spotipy/client.py", line 266, in _internal_call
    response = self._session.request(
  File "/home/airflow/.local/lib/python3.8/site-packages/requests/sessions.py", line 589, in request
    resp = self.send(prep, **send_kwargs)
  File "/home/airflow/.local/lib/python3.8/site-packages/requests/sessions.py", line 703, in send
    r = adapter.send(request, **kwargs)
  File "/home/airflow/.local/lib/python3.8/site-packages/requests/adapters.py", line 510, in send
    raise RetryError(e, request=request)
requests.exceptions.RetryError: HTTPSConnectionPool(host='api.spotify.com', port=443): Max retries exceeded with url: /v1/audio-features/?ids=1gcyHQpBQ1lfXGdhZmWrHP (Caused by ResponseError('too many 429 error responses'))

During handling of the above exception, another exception occurred:

Traceback (most recent call last):
  File "/home/airflow/.local/lib/python3.8/site-packages/airflow/models/taskinstance.py", line 444, in _execute_task
    result = _execute_callable(context=context, **execute_callable_kwargs)
  File "/home/airflow/.local/lib/python3.8/site-packages/airflow/models/taskinstance.py", line 414, in _execute_callable
    return execute_callable(context=context, **execute_callable_kwargs)
  File "/home/airflow/.local/lib/python3.8/site-packages/airflow/operators/python.py", line 200, in execute
    return_value = self.execute_callable()
  File "/home/airflow/.local/lib/python3.8/site-packages/airflow/operators/python.py", line 217, in execute_callable
    return self.python_callable(*self.op_args, **self.op_kwargs)
  File "/opt/airflow/dags/billboard_to_spotify_to_csvs_to_s3.py", line 156, in Spotify_to_CSV
    track_features = sp.audio_features(track['uri'])
  File "/home/airflow/.local/lib/python3.8/site-packages/spotipy/client.py", line 1734, in audio_features
    results = self._get("audio-features/?ids=" + trackid)
  File "/home/airflow/.local/lib/python3.8/site-packages/spotipy/client.py", line 323, in _get
    return self._internal_call("GET", url, payload, kwargs)
  File "/home/airflow/.local/lib/python3.8/site-packages/spotipy/client.py", line 307, in _internal_call
    raise SpotifyException(
spotipy.exceptions.SpotifyException: http status: 429, code:-1 - /v1/audio-features/?ids=1gcyHQpBQ1lfXGdhZmWrHP:
 Max Retries, reason: too many 429 error responses
[2024-04-10T01:10:48.712+0000] {taskinstance.py:1149} INFO - Marking task as UP_FOR_RETRY. dag_id=billboard_to_spotify_to_s3_extractionV1, task_id=sptoify_to_csv, execution_date=20240401T000000, start_date=20240410T010823, end_date=20240410T011048
[2024-04-10T01:10:48.729+0000] {standard_task_runner.py:107} ERROR - Failed to execute job 1604 for task sptoify_to_csv (http status: 429, code:-1 - /v1/audio-features/?ids=1gcyHQpBQ1lfXGdhZmWrHP:
 Max Retries, reason: too many 429 error responses; 108)
[2024-04-10T01:10:48.743+0000] {local_task_job_runner.py:234} INFO - Task exited with return code 1
[2024-04-10T01:10:48.769+0000] {taskinstance.py:3312} INFO - 0 downstream tasks scheduled from follow-on schedule check
