[2024-04-10T00:00:10.582+0000] {taskinstance.py:1979} INFO - Dependencies all met for dep_context=non-requeueable deps ti=<TaskInstance: billboard_to_spotify_to_s3_extractionV1.sptoify_to_csv scheduled__2024-04-09T00:00:00+00:00 [queued]>
[2024-04-10T00:00:10.589+0000] {taskinstance.py:1979} INFO - Dependencies all met for dep_context=requeueable deps ti=<TaskInstance: billboard_to_spotify_to_s3_extractionV1.sptoify_to_csv scheduled__2024-04-09T00:00:00+00:00 [queued]>
[2024-04-10T00:00:10.590+0000] {taskinstance.py:2193} INFO - Starting attempt 1 of 6
[2024-04-10T00:00:10.602+0000] {taskinstance.py:2217} INFO - Executing <Task(PythonOperator): sptoify_to_csv> on 2024-04-09 00:00:00+00:00
[2024-04-10T00:00:10.608+0000] {standard_task_runner.py:60} INFO - Started process 57157 to run task
[2024-04-10T00:00:10.612+0000] {standard_task_runner.py:87} INFO - Running: ['***', 'tasks', 'run', 'billboard_to_spotify_to_s3_extractionV1', 'sptoify_to_csv', 'scheduled__2024-04-09T00:00:00+00:00', '--job-id', '1588', '--raw', '--subdir', 'DAGS_FOLDER/billboard_to_spotify_to_csvs_to_s3.py', '--cfg-path', '/tmp/tmp98h9f96z']
[2024-04-10T00:00:10.615+0000] {standard_task_runner.py:88} INFO - Job 1588: Subtask sptoify_to_csv
[2024-04-10T00:00:10.656+0000] {task_command.py:423} INFO - Running <TaskInstance: billboard_to_spotify_to_s3_extractionV1.sptoify_to_csv scheduled__2024-04-09T00:00:00+00:00 [running]> on host bdb7303f046f
[2024-04-10T00:00:10.733+0000] {taskinstance.py:2513} INFO - Exporting env vars: AIRFLOW_CTX_DAG_OWNER='Nathaniel Solomon' AIRFLOW_CTX_DAG_ID='billboard_to_spotify_to_s3_extractionV1' AIRFLOW_CTX_TASK_ID='sptoify_to_csv' AIRFLOW_CTX_EXECUTION_DATE='2024-04-09T00:00:00+00:00' AIRFLOW_CTX_TRY_NUMBER='1' AIRFLOW_CTX_DAG_RUN_ID='scheduled__2024-04-09T00:00:00+00:00'
[2024-04-10T00:00:10.746+0000] {logging_mixin.py:188} INFO - GOT THE TOP ARTISTS DAT FROM XCOM
[2024-04-10T00:00:10.746+0000] {logging_mixin.py:188} INFO - GETTING ARTISTS BIO DATA
[2024-04-10T00:00:11.691+0000] {logging_mixin.py:188} INFO - GETTING ARTISTS ALBUMS DATA
[2024-04-10T00:00:12.086+0000] {logging_mixin.py:188} INFO - Beyoncé has appeared on a total of 258 albums
[2024-04-10T00:00:12.087+0000] {logging_mixin.py:188} INFO -  Now stagging the albums ...
[2024-04-10T00:00:15.632+0000] {logging_mixin.py:188} INFO -  Beyoncé albums stagged ... 
[2024-04-10T00:00:15.633+0000] {logging_mixin.py:188} INFO -  transforming Beyoncé albums data ... 
[2024-04-10T00:00:15.634+0000] {logging_mixin.py:188} INFO - GETTING ALBUMS TRACKS DATA
[2024-04-10T00:00:15.974+0000] {logging_mixin.py:188} INFO -  Now stagging the tracks ...
[2024-04-10T00:00:15.975+0000] {logging_mixin.py:188} INFO -  COWBOY CARTER tracks stagged ... 
[2024-04-10T00:00:15.976+0000] {logging_mixin.py:188} INFO -  transforming COWBOY CARTER tracks data ... 
[2024-04-10T00:00:17.888+0000] {logging_mixin.py:188} INFO - GETTING ALBUMS TRACKS DATA
[2024-04-10T00:00:18.105+0000] {logging_mixin.py:188} INFO -  Now stagging the tracks ...
[2024-04-10T00:00:18.106+0000] {logging_mixin.py:188} INFO -  RENAISSANCE tracks stagged ... 
[2024-04-10T00:00:18.107+0000] {logging_mixin.py:188} INFO -  transforming RENAISSANCE tracks data ... 
[2024-04-10T00:00:19.959+0000] {logging_mixin.py:188} INFO - GETTING ALBUMS TRACKS DATA
[2024-04-10T00:00:20.179+0000] {logging_mixin.py:188} INFO -  Now stagging the tracks ...
[2024-04-10T00:00:20.180+0000] {logging_mixin.py:188} INFO -  The Lion King: The Gift [Deluxe Edition] tracks stagged ... 
[2024-04-10T00:00:20.181+0000] {logging_mixin.py:188} INFO -  transforming The Lion King: The Gift [Deluxe Edition] tracks data ... 
[2024-04-10T00:00:22.057+0000] {logging_mixin.py:188} INFO - GETTING ALBUMS TRACKS DATA
[2024-04-10T00:00:22.326+0000] {logging_mixin.py:188} INFO -  Now stagging the tracks ...
[2024-04-10T00:00:22.327+0000] {logging_mixin.py:188} INFO -  The Lion King: The Gift tracks stagged ... 
[2024-04-10T00:00:22.328+0000] {logging_mixin.py:188} INFO -  transforming The Lion King: The Gift tracks data ... 
[2024-04-10T00:00:24.205+0000] {logging_mixin.py:188} INFO - GETTING ALBUMS TRACKS DATA
[2024-04-10T00:00:24.579+0000] {logging_mixin.py:188} INFO -  Now stagging the tracks ...
[2024-04-10T00:00:24.580+0000] {logging_mixin.py:188} INFO -  HOMECOMING: THE LIVE ALBUM tracks stagged ... 
[2024-04-10T00:00:24.581+0000] {logging_mixin.py:188} INFO -  transforming HOMECOMING: THE LIVE ALBUM tracks data ... 
[2024-04-10T00:00:26.486+0000] {logging_mixin.py:188} INFO - GETTING ALBUMS TRACKS DATA
[2024-04-10T00:00:26.720+0000] {logging_mixin.py:188} INFO -  Now stagging the tracks ...
[2024-04-10T00:00:26.720+0000] {logging_mixin.py:188} INFO -  Lemonade tracks stagged ... 
[2024-04-10T00:00:26.721+0000] {logging_mixin.py:188} INFO -  transforming Lemonade tracks data ... 
[2024-04-10T00:00:28.555+0000] {logging_mixin.py:188} INFO - GETTING ALBUMS TRACKS DATA
[2024-04-10T00:00:28.806+0000] {logging_mixin.py:188} INFO -  Now stagging the tracks ...
[2024-04-10T00:00:28.807+0000] {logging_mixin.py:188} INFO -  BEYONCÉ [Platinum Edition] tracks stagged ... 
[2024-04-10T00:00:28.808+0000] {logging_mixin.py:188} INFO -  transforming BEYONCÉ [Platinum Edition] tracks data ... 
[2024-04-10T00:00:30.733+0000] {logging_mixin.py:188} INFO - GETTING ALBUMS TRACKS DATA
[2024-04-10T00:00:30.986+0000] {logging_mixin.py:188} INFO -  Now stagging the tracks ...
[2024-04-10T00:00:30.986+0000] {logging_mixin.py:188} INFO -  4 tracks stagged ... 
[2024-04-10T00:00:30.987+0000] {logging_mixin.py:188} INFO -  transforming 4 tracks data ... 
[2024-04-10T00:00:32.846+0000] {logging_mixin.py:188} INFO - GETTING ALBUMS TRACKS DATA
[2024-04-10T00:00:33.106+0000] {logging_mixin.py:188} INFO -  Now stagging the tracks ...
[2024-04-10T00:00:33.107+0000] {logging_mixin.py:188} INFO -  I Am...World Tour tracks stagged ... 
[2024-04-10T00:00:33.108+0000] {logging_mixin.py:188} INFO -  transforming I Am...World Tour tracks data ... 
[2024-04-10T00:00:35.073+0000] {logging_mixin.py:188} INFO - GETTING ALBUMS TRACKS DATA
[2024-04-10T00:00:35.303+0000] {logging_mixin.py:188} INFO -  Now stagging the tracks ...
[2024-04-10T00:00:35.305+0000] {logging_mixin.py:188} INFO -  I AM...SASHA FIERCE tracks stagged ... 
[2024-04-10T00:00:35.305+0000] {logging_mixin.py:188} INFO -  transforming I AM...SASHA FIERCE tracks data ... 
[2024-04-10T00:00:37.248+0000] {logging_mixin.py:188} INFO - DONE WITH Beyoncé NOW MOVING TO NEXT ARTIST
[2024-04-10T00:00:37.484+0000] {logging_mixin.py:188} INFO - GETTING ARTISTS ALBUMS DATA
[2024-04-10T00:00:37.891+0000] {logging_mixin.py:188} INFO - Taylor Swift has appeared on a total of 382 albums
[2024-04-10T00:00:37.893+0000] {logging_mixin.py:188} INFO -  Now stagging the albums ...
[2024-04-10T00:00:43.470+0000] {logging_mixin.py:188} INFO -  Taylor Swift albums stagged ... 
[2024-04-10T00:00:43.471+0000] {logging_mixin.py:188} INFO -  transforming Taylor Swift albums data ... 
[2024-04-10T00:00:43.472+0000] {logging_mixin.py:188} INFO - GETTING ALBUMS TRACKS DATA
[2024-04-10T00:00:43.713+0000] {logging_mixin.py:188} INFO -  Now stagging the tracks ...
[2024-04-10T00:00:43.714+0000] {logging_mixin.py:188} INFO -  1989 (Taylor's Version) [Deluxe] tracks stagged ... 
[2024-04-10T00:00:43.714+0000] {logging_mixin.py:188} INFO -  transforming 1989 (Taylor's Version) [Deluxe] tracks data ... 
[2024-04-10T00:00:45.590+0000] {logging_mixin.py:188} INFO - GETTING ALBUMS TRACKS DATA
[2024-04-10T00:00:45.817+0000] {logging_mixin.py:188} INFO -  Now stagging the tracks ...
[2024-04-10T00:00:45.818+0000] {logging_mixin.py:188} INFO -  1989 (Taylor's Version) tracks stagged ... 
[2024-04-10T00:00:45.819+0000] {logging_mixin.py:188} INFO -  transforming 1989 (Taylor's Version) tracks data ... 
[2024-04-10T00:00:47.720+0000] {logging_mixin.py:188} INFO - GETTING ALBUMS TRACKS DATA
[2024-04-10T00:00:47.967+0000] {logging_mixin.py:188} INFO -  Now stagging the tracks ...
[2024-04-10T00:00:47.968+0000] {logging_mixin.py:188} INFO -  Speak Now (Taylor's Version) tracks stagged ... 
[2024-04-10T00:00:47.969+0000] {logging_mixin.py:188} INFO -  transforming Speak Now (Taylor's Version) tracks data ... 
[2024-04-10T00:00:49.791+0000] {logging_mixin.py:188} INFO - GETTING ALBUMS TRACKS DATA
[2024-04-10T00:00:50.017+0000] {logging_mixin.py:188} INFO -  Now stagging the tracks ...
[2024-04-10T00:00:50.018+0000] {logging_mixin.py:188} INFO -  Midnights (The Til Dawn Edition) tracks stagged ... 
[2024-04-10T00:00:50.018+0000] {logging_mixin.py:188} INFO -  transforming Midnights (The Til Dawn Edition) tracks data ... 
[2024-04-10T00:00:51.887+0000] {logging_mixin.py:188} INFO - GETTING ALBUMS TRACKS DATA
[2024-04-10T00:00:52.125+0000] {logging_mixin.py:188} INFO -  Now stagging the tracks ...
[2024-04-10T00:00:52.126+0000] {logging_mixin.py:188} INFO -  Midnights (3am Edition) tracks stagged ... 
[2024-04-10T00:00:52.127+0000] {logging_mixin.py:188} INFO -  transforming Midnights (3am Edition) tracks data ... 
[2024-04-10T00:00:54.008+0000] {logging_mixin.py:188} INFO - GETTING ALBUMS TRACKS DATA
[2024-04-10T00:00:54.239+0000] {logging_mixin.py:188} INFO -  Now stagging the tracks ...
[2024-04-10T00:00:54.242+0000] {logging_mixin.py:188} INFO -  Midnights tracks stagged ... 
[2024-04-10T00:00:54.243+0000] {logging_mixin.py:188} INFO -  transforming Midnights tracks data ... 
[2024-04-10T00:00:56.170+0000] {logging_mixin.py:188} INFO - GETTING ALBUMS TRACKS DATA
[2024-04-10T00:00:56.529+0000] {logging_mixin.py:188} INFO -  Now stagging the tracks ...
[2024-04-10T00:00:56.530+0000] {logging_mixin.py:188} INFO -  Red (Taylor's Version) tracks stagged ... 
[2024-04-10T00:00:56.531+0000] {logging_mixin.py:188} INFO -  transforming Red (Taylor's Version) tracks data ... 
[2024-04-10T00:00:58.673+0000] {logging_mixin.py:188} INFO - GETTING ALBUMS TRACKS DATA
[2024-04-10T00:00:58.915+0000] {logging_mixin.py:188} INFO -  Now stagging the tracks ...
[2024-04-10T00:00:58.916+0000] {logging_mixin.py:188} INFO -  Fearless (Taylor's Version) tracks stagged ... 
[2024-04-10T00:00:58.916+0000] {logging_mixin.py:188} INFO -  transforming Fearless (Taylor's Version) tracks data ... 
[2024-04-10T00:01:00.729+0000] {logging_mixin.py:188} INFO - GETTING ALBUMS TRACKS DATA
[2024-04-10T00:01:00.956+0000] {logging_mixin.py:188} INFO -  Now stagging the tracks ...
[2024-04-10T00:01:00.956+0000] {logging_mixin.py:188} INFO -  evermore (deluxe version) tracks stagged ... 
[2024-04-10T00:01:00.957+0000] {logging_mixin.py:188} INFO -  transforming evermore (deluxe version) tracks data ... 
[2024-04-10T00:01:02.948+0000] {logging_mixin.py:188} INFO - GETTING ALBUMS TRACKS DATA
[2024-04-10T00:01:03.160+0000] {logging_mixin.py:188} INFO -  Now stagging the tracks ...
[2024-04-10T00:01:03.161+0000] {logging_mixin.py:188} INFO -  evermore tracks stagged ... 
[2024-04-10T00:01:03.162+0000] {logging_mixin.py:188} INFO -  transforming evermore tracks data ... 
[2024-04-10T00:01:05.081+0000] {logging_mixin.py:188} INFO - DONE WITH Taylor Swift NOW MOVING TO NEXT ARTIST
[2024-04-10T00:01:05.317+0000] {logging_mixin.py:188} INFO - GETTING ARTISTS ALBUMS DATA
[2024-04-10T00:01:05.575+0000] {logging_mixin.py:188} INFO - j-hope has appeared on a total of 11 albums
[2024-04-10T00:01:05.577+0000] {logging_mixin.py:188} INFO -  Now stagging the albums ...
[2024-04-10T00:01:05.578+0000] {logging_mixin.py:188} INFO -  j-hope albums stagged ... 
[2024-04-10T00:01:05.579+0000] {logging_mixin.py:188} INFO -  transforming j-hope albums data ... 
[2024-04-10T00:01:05.580+0000] {logging_mixin.py:188} INFO - GETTING ALBUMS TRACKS DATA
[2024-04-10T00:01:05.794+0000] {logging_mixin.py:188} INFO -  Now stagging the tracks ...
[2024-04-10T00:01:05.795+0000] {logging_mixin.py:188} INFO -  Jack In The Box (HOPE Edition) tracks stagged ... 
[2024-04-10T00:01:05.796+0000] {logging_mixin.py:188} INFO -  transforming Jack In The Box (HOPE Edition) tracks data ... 
[2024-04-10T00:01:07.733+0000] {logging_mixin.py:188} INFO - GETTING ALBUMS TRACKS DATA
[2024-04-10T00:01:07.943+0000] {logging_mixin.py:188} INFO -  Now stagging the tracks ...
[2024-04-10T00:01:07.944+0000] {logging_mixin.py:188} INFO -  Jack In The Box tracks stagged ... 
[2024-04-10T00:01:07.945+0000] {logging_mixin.py:188} INFO -  transforming Jack In The Box tracks data ... 
[2024-04-10T00:01:09.880+0000] {logging_mixin.py:188} INFO - GETTING ALBUMS TRACKS DATA
[2024-04-10T00:01:10.094+0000] {logging_mixin.py:188} INFO -  Now stagging the tracks ...
[2024-04-10T00:01:10.096+0000] {logging_mixin.py:188} INFO -  Hope World tracks stagged ... 
[2024-04-10T00:01:10.097+0000] {logging_mixin.py:188} INFO -  transforming Hope World tracks data ... 
[2024-04-10T00:01:11.429+0000] {logging_mixin.py:188} INFO - GETTING ALBUMS TRACKS DATA
[2024-04-10T00:01:11.660+0000] {logging_mixin.py:188} INFO -  Now stagging the tracks ...
[2024-04-10T00:01:11.661+0000] {logging_mixin.py:188} INFO -  HOPE ON THE STREET VOL.1 tracks stagged ... 
[2024-04-10T00:01:11.661+0000] {logging_mixin.py:188} INFO -  transforming HOPE ON THE STREET VOL.1 tracks data ... 
[2024-04-10T00:01:12.877+0000] {logging_mixin.py:188} INFO - GETTING ALBUMS TRACKS DATA
[2024-04-10T00:01:13.084+0000] {logging_mixin.py:188} INFO -  Now stagging the tracks ...
[2024-04-10T00:01:13.085+0000] {logging_mixin.py:188} INFO -  on the street (with J. Cole) tracks stagged ... 
[2024-04-10T00:01:13.086+0000] {logging_mixin.py:188} INFO -  transforming on the street (with J. Cole) tracks data ... 
[2024-04-10T00:01:13.285+0000] {logging_mixin.py:188} INFO - GETTING ALBUMS TRACKS DATA
[2024-04-10T00:01:13.503+0000] {logging_mixin.py:188} INFO -  Now stagging the tracks ...
[2024-04-10T00:01:13.504+0000] {logging_mixin.py:188} INFO -  MORE tracks stagged ... 
[2024-04-10T00:01:13.505+0000] {logging_mixin.py:188} INFO -  transforming MORE tracks data ... 
[2024-04-10T00:01:13.721+0000] {logging_mixin.py:188} INFO - GETTING ALBUMS TRACKS DATA
[2024-04-10T00:01:13.935+0000] {logging_mixin.py:188} INFO -  Now stagging the tracks ...
[2024-04-10T00:01:13.936+0000] {logging_mixin.py:188} INFO -  Blue Side tracks stagged ... 
[2024-04-10T00:01:13.937+0000] {logging_mixin.py:188} INFO -  transforming Blue Side tracks data ... 
[2024-04-10T00:01:14.137+0000] {logging_mixin.py:188} INFO - GETTING ALBUMS TRACKS DATA
[2024-04-10T00:01:14.335+0000] {logging_mixin.py:188} INFO -  Now stagging the tracks ...
[2024-04-10T00:01:14.336+0000] {logging_mixin.py:188} INFO -  Chicken Noodle Soup (feat. Becky G) tracks stagged ... 
[2024-04-10T00:01:14.336+0000] {logging_mixin.py:188} INFO -  transforming Chicken Noodle Soup (feat. Becky G) tracks data ... 
[2024-04-10T00:01:14.535+0000] {logging_mixin.py:188} INFO - GETTING ALBUMS TRACKS DATA
[2024-04-10T00:01:14.774+0000] {logging_mixin.py:188} INFO -  Now stagging the tracks ...
[2024-04-10T00:01:14.775+0000] {logging_mixin.py:188} INFO -  D-DAY tracks stagged ... 
[2024-04-10T00:01:14.776+0000] {logging_mixin.py:188} INFO -  transforming D-DAY tracks data ... 
[2024-04-10T00:01:16.696+0000] {logging_mixin.py:188} INFO - GETTING ALBUMS TRACKS DATA
[2024-04-10T00:01:16.898+0000] {logging_mixin.py:188} INFO -  Now stagging the tracks ...
[2024-04-10T00:01:16.899+0000] {logging_mixin.py:188} INFO -  Rush Hour tracks stagged ... 
[2024-04-10T00:01:16.900+0000] {logging_mixin.py:188} INFO -  transforming Rush Hour tracks data ... 
[2024-04-10T00:01:17.124+0000] {logging_mixin.py:188} INFO - DONE WITH j-hope NOW MOVING TO NEXT ARTIST
[2024-04-10T00:01:17.371+0000] {logging_mixin.py:188} INFO - GETTING ARTISTS ALBUMS DATA
[2024-04-10T00:01:17.722+0000] {logging_mixin.py:188} INFO - Morgan Wallen has appeared on a total of 66 albums
[2024-04-10T00:01:17.740+0000] {logging_mixin.py:188} INFO -  Now stagging the albums ...
[2024-04-10T00:01:18.432+0000] {logging_mixin.py:188} INFO -  Morgan Wallen albums stagged ... 
[2024-04-10T00:01:18.432+0000] {logging_mixin.py:188} INFO -  transforming Morgan Wallen albums data ... 
[2024-04-10T00:01:18.433+0000] {logging_mixin.py:188} INFO - GETTING ALBUMS TRACKS DATA
[2024-04-10T00:01:18.644+0000] {logging_mixin.py:188} INFO -  Now stagging the tracks ...
[2024-04-10T00:01:18.644+0000] {logging_mixin.py:188} INFO -  Stand Alone (10th Anniversary Deluxe Edition) tracks stagged ... 
[2024-04-10T00:01:18.645+0000] {logging_mixin.py:188} INFO -  transforming Stand Alone (10th Anniversary Deluxe Edition) tracks data ... 
[2024-04-10T00:01:20.551+0000] {logging_mixin.py:188} INFO - GETTING ALBUMS TRACKS DATA
[2024-04-10T00:01:20.896+0000] {logging_mixin.py:188} INFO -  Now stagging the tracks ...
[2024-04-10T00:01:20.897+0000] {logging_mixin.py:188} INFO -  One Thing At A Time tracks stagged ... 
[2024-04-10T00:01:20.898+0000] {logging_mixin.py:188} INFO -  transforming One Thing At A Time tracks data ... 
[2024-04-10T00:01:22.785+0000] {logging_mixin.py:188} INFO - GETTING ALBUMS TRACKS DATA
[2024-04-10T00:01:23.049+0000] {logging_mixin.py:188} INFO -  Now stagging the tracks ...
[2024-04-10T00:01:23.050+0000] {logging_mixin.py:188} INFO -  Dangerous: The Double Album (Bonus) tracks stagged ... 
[2024-04-10T00:01:23.051+0000] {logging_mixin.py:188} INFO -  transforming Dangerous: The Double Album (Bonus) tracks data ... 
[2024-04-10T00:01:25.130+0000] {logging_mixin.py:188} INFO - GETTING ALBUMS TRACKS DATA
[2024-04-10T00:01:25.381+0000] {logging_mixin.py:188} INFO -  Now stagging the tracks ...
[2024-04-10T00:01:25.382+0000] {logging_mixin.py:188} INFO -  Dangerous: The Double Album tracks stagged ... 
[2024-04-10T00:01:25.382+0000] {logging_mixin.py:188} INFO -  transforming Dangerous: The Double Album tracks data ... 
[2024-04-10T00:01:27.361+0000] {logging_mixin.py:188} INFO - GETTING ALBUMS TRACKS DATA
[2024-04-10T00:01:27.599+0000] {logging_mixin.py:188} INFO -  Now stagging the tracks ...
[2024-04-10T00:01:27.600+0000] {logging_mixin.py:188} INFO -  If I Know Me tracks stagged ... 
[2024-04-10T00:01:27.601+0000] {logging_mixin.py:188} INFO -  transforming If I Know Me tracks data ... 
[2024-04-10T00:01:29.561+0000] {logging_mixin.py:188} INFO - GETTING ALBUMS TRACKS DATA
[2024-04-10T00:01:29.770+0000] {logging_mixin.py:188} INFO -  Now stagging the tracks ...
[2024-04-10T00:01:29.771+0000] {logging_mixin.py:188} INFO -  Spin You Around (1/24) tracks stagged ... 
[2024-04-10T00:01:29.772+0000] {logging_mixin.py:188} INFO -  transforming Spin You Around (1/24) tracks data ... 
[2024-04-10T00:01:29.967+0000] {logging_mixin.py:188} INFO - GETTING ALBUMS TRACKS DATA
[2024-04-10T00:01:30.173+0000] {logging_mixin.py:188} INFO -  Now stagging the tracks ...
[2024-04-10T00:01:30.175+0000] {logging_mixin.py:188} INFO -  Mamaw's House tracks stagged ... 
[2024-04-10T00:01:30.176+0000] {logging_mixin.py:188} INFO -  transforming Mamaw's House tracks data ... 
[2024-04-10T00:01:30.371+0000] {logging_mixin.py:188} INFO - GETTING ALBUMS TRACKS DATA
[2024-04-10T00:01:30.599+0000] {logging_mixin.py:188} INFO -  Now stagging the tracks ...
[2024-04-10T00:01:30.601+0000] {logging_mixin.py:188} INFO -  3 Songs At A Time Sampler tracks stagged ... 
[2024-04-10T00:01:30.602+0000] {logging_mixin.py:188} INFO -  transforming 3 Songs At A Time Sampler tracks data ... 
[2024-04-10T00:01:31.185+0000] {logging_mixin.py:188} INFO - GETTING ALBUMS TRACKS DATA
[2024-04-10T00:01:31.396+0000] {logging_mixin.py:188} INFO -  Now stagging the tracks ...
[2024-04-10T00:01:31.400+0000] {logging_mixin.py:188} INFO -  One Thing At A Time (Sampler) tracks stagged ... 
[2024-04-10T00:01:31.401+0000] {logging_mixin.py:188} INFO -  transforming One Thing At A Time (Sampler) tracks data ... 
[2024-04-10T00:01:32.721+0000] {logging_mixin.py:188} INFO - GETTING ALBUMS TRACKS DATA
[2024-04-10T00:01:33.378+0000] {logging_mixin.py:188} INFO -  Now stagging the tracks ...
[2024-04-10T00:01:33.379+0000] {logging_mixin.py:188} INFO -  You Proof tracks stagged ... 
[2024-04-10T00:01:33.380+0000] {logging_mixin.py:188} INFO -  transforming You Proof tracks data ... 
[2024-04-10T00:01:34.034+0000] {logging_mixin.py:188} INFO - DONE WITH Morgan Wallen NOW MOVING TO NEXT ARTIST
[2024-04-10T00:01:34.328+0000] {logging_mixin.py:188} INFO - GETTING ARTISTS ALBUMS DATA
[2024-04-10T00:01:34.621+0000] {logging_mixin.py:188} INFO - Ariana Grande has appeared on a total of 416 albums
[2024-04-10T00:01:34.622+0000] {logging_mixin.py:188} INFO -  Now stagging the albums ...
[2024-04-10T00:01:41.543+0000] {logging_mixin.py:188} INFO -  Ariana Grande albums stagged ... 
[2024-04-10T00:01:41.545+0000] {logging_mixin.py:188} INFO -  transforming Ariana Grande albums data ... 
[2024-04-10T00:01:41.547+0000] {logging_mixin.py:188} INFO - GETTING ALBUMS TRACKS DATA
[2024-04-10T00:01:41.796+0000] {logging_mixin.py:188} INFO -  Now stagging the tracks ...
[2024-04-10T00:01:41.796+0000] {logging_mixin.py:188} INFO -  eternal sunshine (slightly deluxe) tracks stagged ... 
[2024-04-10T00:01:41.797+0000] {logging_mixin.py:188} INFO -  transforming eternal sunshine (slightly deluxe) tracks data ... 
[2024-04-10T00:01:43.681+0000] {logging_mixin.py:188} INFO - GETTING ALBUMS TRACKS DATA
[2024-04-10T00:01:43.915+0000] {logging_mixin.py:188} INFO -  Now stagging the tracks ...
[2024-04-10T00:01:43.916+0000] {logging_mixin.py:188} INFO -  eternal sunshine tracks stagged ... 
[2024-04-10T00:01:43.917+0000] {logging_mixin.py:188} INFO -  transforming eternal sunshine tracks data ... 
[2024-04-10T00:01:45.930+0000] {logging_mixin.py:188} INFO - GETTING ALBUMS TRACKS DATA
[2024-04-10T00:01:46.154+0000] {logging_mixin.py:188} INFO -  Now stagging the tracks ...
[2024-04-10T00:01:46.155+0000] {logging_mixin.py:188} INFO -  Yours Truly (Tenth Anniversary Edition) tracks stagged ... 
[2024-04-10T00:01:46.155+0000] {logging_mixin.py:188} INFO -  transforming Yours Truly (Tenth Anniversary Edition) tracks data ... 
[2024-04-10T00:01:48.088+0000] {logging_mixin.py:188} INFO - GETTING ALBUMS TRACKS DATA
[2024-04-10T00:01:48.325+0000] {logging_mixin.py:188} INFO -  Now stagging the tracks ...
[2024-04-10T00:01:48.326+0000] {logging_mixin.py:188} INFO -  Positions (Deluxe) tracks stagged ... 
[2024-04-10T00:01:48.327+0000] {logging_mixin.py:188} INFO -  transforming Positions (Deluxe) tracks data ... 
[2024-04-10T00:01:50.264+0000] {logging_mixin.py:188} INFO - GETTING ALBUMS TRACKS DATA
[2024-04-10T00:01:50.470+0000] {logging_mixin.py:188} INFO -  Now stagging the tracks ...
[2024-04-10T00:01:50.471+0000] {logging_mixin.py:188} INFO -  Positions tracks stagged ... 
[2024-04-10T00:01:50.472+0000] {logging_mixin.py:188} INFO -  transforming Positions tracks data ... 
[2024-04-10T00:01:52.347+0000] {logging_mixin.py:188} INFO - GETTING ALBUMS TRACKS DATA
[2024-04-10T00:01:52.642+0000] {logging_mixin.py:188} INFO -  Now stagging the tracks ...
[2024-04-10T00:01:52.643+0000] {logging_mixin.py:188} INFO -  k bye for now (swt live) tracks stagged ... 
[2024-04-10T00:01:52.643+0000] {logging_mixin.py:188} INFO -  transforming k bye for now (swt live) tracks data ... 
[2024-04-10T00:01:54.599+0000] {logging_mixin.py:188} INFO - GETTING ALBUMS TRACKS DATA
[2024-04-10T00:01:54.835+0000] {logging_mixin.py:188} INFO -  Now stagging the tracks ...
[2024-04-10T00:01:54.836+0000] {logging_mixin.py:188} INFO -  thank u, next tracks stagged ... 
[2024-04-10T00:01:54.837+0000] {logging_mixin.py:188} INFO -  transforming thank u, next tracks data ... 
[2024-04-10T00:01:56.768+0000] {logging_mixin.py:188} INFO - GETTING ALBUMS TRACKS DATA
[2024-04-10T00:01:56.982+0000] {logging_mixin.py:188} INFO -  Now stagging the tracks ...
[2024-04-10T00:01:56.983+0000] {logging_mixin.py:188} INFO -  Sweetener tracks stagged ... 
[2024-04-10T00:01:56.984+0000] {logging_mixin.py:188} INFO -  transforming Sweetener tracks data ... 
[2024-04-10T00:01:58.909+0000] {logging_mixin.py:188} INFO - GETTING ALBUMS TRACKS DATA
[2024-04-10T00:01:59.142+0000] {logging_mixin.py:188} INFO -  Now stagging the tracks ...
[2024-04-10T00:01:59.143+0000] {logging_mixin.py:188} INFO -  Dangerous Woman tracks stagged ... 
[2024-04-10T00:01:59.144+0000] {logging_mixin.py:188} INFO -  transforming Dangerous Woman tracks data ... 
[2024-04-10T00:02:01.130+0000] {logging_mixin.py:188} INFO - GETTING ALBUMS TRACKS DATA
[2024-04-10T00:02:01.351+0000] {logging_mixin.py:188} INFO -  Now stagging the tracks ...
[2024-04-10T00:02:01.352+0000] {logging_mixin.py:188} INFO -  My Everything (Deluxe) tracks stagged ... 
[2024-04-10T00:02:01.353+0000] {logging_mixin.py:188} INFO -  transforming My Everything (Deluxe) tracks data ... 
[2024-04-10T00:02:03.456+0000] {logging_mixin.py:188} INFO - DONE WITH Ariana Grande NOW MOVING TO NEXT ARTIST
[2024-04-10T00:02:03.804+0000] {logging_mixin.py:188} INFO - GETTING ARTISTS ALBUMS DATA
[2024-04-10T00:02:04.159+0000] {logging_mixin.py:188} INFO - Future has appeared on a total of 1216 albums
[2024-04-10T00:02:04.162+0000] {logging_mixin.py:188} INFO -  Now stagging the albums ...
[2024-04-10T00:02:27.499+0000] {logging_mixin.py:188} INFO -  Future albums stagged ... 
[2024-04-10T00:02:27.500+0000] {logging_mixin.py:188} INFO -  transforming Future albums data ... 
[2024-04-10T00:02:27.501+0000] {logging_mixin.py:188} INFO - GETTING ALBUMS TRACKS DATA
[2024-04-10T00:02:27.735+0000] {logging_mixin.py:188} INFO -  Now stagging the tracks ...
[2024-04-10T00:02:27.736+0000] {logging_mixin.py:188} INFO -  WE DON'T TRUST YOU tracks stagged ... 
[2024-04-10T00:02:27.736+0000] {logging_mixin.py:188} INFO -  transforming WE DON'T TRUST YOU tracks data ... 
[2024-04-10T00:02:29.667+0000] {logging_mixin.py:188} INFO - GETTING ALBUMS TRACKS DATA
[2024-04-10T00:02:29.921+0000] {logging_mixin.py:188} INFO -  Now stagging the tracks ...
[2024-04-10T00:02:29.922+0000] {logging_mixin.py:188} INFO -  I NEVER LIKED YOU tracks stagged ... 
[2024-04-10T00:02:29.923+0000] {logging_mixin.py:188} INFO -  transforming I NEVER LIKED YOU tracks data ... 
[2024-04-10T00:02:31.780+0000] {logging_mixin.py:188} INFO - GETTING ALBUMS TRACKS DATA
[2024-04-10T00:02:32.023+0000] {logging_mixin.py:188} INFO -  Now stagging the tracks ...
[2024-04-10T00:02:32.024+0000] {logging_mixin.py:188} INFO -  I NEVER LIKED YOU (Instrumental) tracks stagged ... 
[2024-04-10T00:02:32.025+0000] {logging_mixin.py:188} INFO -  transforming I NEVER LIKED YOU (Instrumental) tracks data ... 
[2024-04-10T00:02:33.853+0000] {logging_mixin.py:188} INFO - GETTING ALBUMS TRACKS DATA
[2024-04-10T00:02:34.075+0000] {logging_mixin.py:188} INFO -  Now stagging the tracks ...
[2024-04-10T00:02:34.077+0000] {logging_mixin.py:188} INFO -  Pluto x Baby Pluto (Deluxe) tracks stagged ... 
[2024-04-10T00:02:34.079+0000] {logging_mixin.py:188} INFO -  transforming Pluto x Baby Pluto (Deluxe) tracks data ... 
[2024-04-10T00:02:35.995+0000] {logging_mixin.py:188} INFO - GETTING ALBUMS TRACKS DATA
[2024-04-10T00:02:36.227+0000] {logging_mixin.py:188} INFO -  Now stagging the tracks ...
[2024-04-10T00:02:36.228+0000] {logging_mixin.py:188} INFO -  Pluto x Baby Pluto tracks stagged ... 
[2024-04-10T00:02:36.229+0000] {logging_mixin.py:188} INFO -  transforming Pluto x Baby Pluto tracks data ... 
[2024-04-10T00:02:38.161+0000] {logging_mixin.py:188} INFO - GETTING ALBUMS TRACKS DATA
[2024-04-10T00:02:38.403+0000] {logging_mixin.py:188} INFO -  Now stagging the tracks ...
[2024-04-10T00:02:38.404+0000] {logging_mixin.py:188} INFO -  High Off Life tracks stagged ... 
[2024-04-10T00:02:38.404+0000] {logging_mixin.py:188} INFO -  transforming High Off Life tracks data ... 
[2024-04-10T00:02:40.285+0000] {logging_mixin.py:188} INFO - GETTING ALBUMS TRACKS DATA
[2024-04-10T00:02:40.509+0000] {logging_mixin.py:188} INFO -  Now stagging the tracks ...
[2024-04-10T00:02:40.510+0000] {logging_mixin.py:188} INFO -  SAVE ME tracks stagged ... 
[2024-04-10T00:02:40.511+0000] {logging_mixin.py:188} INFO -  transforming SAVE ME tracks data ... 
[2024-04-10T00:02:41.894+0000] {logging_mixin.py:188} INFO - GETTING ALBUMS TRACKS DATA
[2024-04-10T00:02:42.119+0000] {logging_mixin.py:188} INFO -  Now stagging the tracks ...
[2024-04-10T00:02:42.120+0000] {logging_mixin.py:188} INFO -  Future Hndrxx Presents: The WIZRD tracks stagged ... 
[2024-04-10T00:02:42.121+0000] {logging_mixin.py:188} INFO -  transforming Future Hndrxx Presents: The WIZRD tracks data ... 
[2024-04-10T00:02:44.049+0000] {logging_mixin.py:188} INFO - GETTING ALBUMS TRACKS DATA
[2024-04-10T00:02:44.267+0000] {logging_mixin.py:188} INFO -  Now stagging the tracks ...
[2024-04-10T00:02:44.267+0000] {logging_mixin.py:188} INFO -  Future & Juice WRLD Present... WRLD ON DRUGS tracks stagged ... 
[2024-04-10T00:02:44.268+0000] {logging_mixin.py:188} INFO -  transforming Future & Juice WRLD Present... WRLD ON DRUGS tracks data ... 
[2024-04-10T00:02:46.154+0000] {logging_mixin.py:188} INFO - GETTING ALBUMS TRACKS DATA
[2024-04-10T00:02:46.362+0000] {logging_mixin.py:188} INFO -  Now stagging the tracks ...
[2024-04-10T00:02:46.363+0000] {logging_mixin.py:188} INFO -  BEASTMODE 2 tracks stagged ... 
[2024-04-10T00:02:46.364+0000] {logging_mixin.py:188} INFO -  transforming BEASTMODE 2 tracks data ... 
[2024-04-10T00:02:48.037+0000] {logging_mixin.py:188} INFO - DONE WITH Future NOW MOVING TO NEXT ARTIST
[2024-04-10T00:02:48.348+0000] {logging_mixin.py:188} INFO - GETTING ARTISTS ALBUMS DATA
[2024-04-10T00:02:48.637+0000] {logging_mixin.py:188} INFO - Zach Bryan has appeared on a total of 1069 albums
[2024-04-10T00:02:48.644+0000] {logging_mixin.py:188} INFO -  Now stagging the albums ...
[2024-04-10T00:03:08.969+0000] {logging_mixin.py:188} INFO -  Zach Bryan albums stagged ... 
[2024-04-10T00:03:08.971+0000] {logging_mixin.py:188} INFO -  transforming Zach Bryan albums data ... 
[2024-04-10T00:03:08.972+0000] {logging_mixin.py:188} INFO - GETTING ALBUMS TRACKS DATA
[2024-04-10T00:03:09.209+0000] {logging_mixin.py:188} INFO -  Now stagging the tracks ...
[2024-04-10T00:03:09.210+0000] {logging_mixin.py:188} INFO -  Zach Bryan tracks stagged ... 
[2024-04-10T00:03:09.211+0000] {logging_mixin.py:188} INFO -  transforming Zach Bryan tracks data ... 
[2024-04-10T00:03:11.143+0000] {logging_mixin.py:188} INFO - GETTING ALBUMS TRACKS DATA
[2024-04-10T00:03:11.405+0000] {logging_mixin.py:188} INFO -  Now stagging the tracks ...
[2024-04-10T00:03:11.406+0000] {logging_mixin.py:188} INFO -  All My Homies Hate Ticketmaster (Live from Red Rocks) tracks stagged ... 
[2024-04-10T00:03:11.406+0000] {logging_mixin.py:188} INFO -  transforming All My Homies Hate Ticketmaster (Live from Red Rocks) tracks data ... 
[2024-04-10T00:03:13.320+0000] {logging_mixin.py:188} INFO - GETTING ALBUMS TRACKS DATA
[2024-04-10T00:03:13.597+0000] {logging_mixin.py:188} INFO -  Now stagging the tracks ...
[2024-04-10T00:03:13.598+0000] {logging_mixin.py:188} INFO -  American Heartbreak tracks stagged ... 
[2024-04-10T00:03:13.599+0000] {logging_mixin.py:188} INFO -  transforming American Heartbreak tracks data ... 
[2024-04-10T00:03:15.511+0000] {logging_mixin.py:188} INFO - GETTING ALBUMS TRACKS DATA
[2024-04-10T00:03:15.742+0000] {logging_mixin.py:188} INFO -  Now stagging the tracks ...
[2024-04-10T00:03:15.743+0000] {logging_mixin.py:188} INFO -  Elisabeth tracks stagged ... 
[2024-04-10T00:03:15.744+0000] {logging_mixin.py:188} INFO -  transforming Elisabeth tracks data ... 
[2024-04-10T00:03:17.894+0000] {logging_mixin.py:188} INFO - GETTING ALBUMS TRACKS DATA
[2024-04-10T00:03:18.108+0000] {logging_mixin.py:188} INFO -  Now stagging the tracks ...
[2024-04-10T00:03:18.110+0000] {logging_mixin.py:188} INFO -  DeAnn tracks stagged ... 
[2024-04-10T00:03:18.111+0000] {logging_mixin.py:188} INFO -  transforming DeAnn tracks data ... 
[2024-04-10T00:03:19.984+0000] {logging_mixin.py:188} INFO - GETTING ALBUMS TRACKS DATA
[2024-04-10T00:03:20.182+0000] {logging_mixin.py:188} INFO -  Now stagging the tracks ...
[2024-04-10T00:03:20.183+0000] {logging_mixin.py:188} INFO -  Boys Of Faith tracks stagged ... 
[2024-04-10T00:03:20.184+0000] {logging_mixin.py:188} INFO -  transforming Boys Of Faith tracks data ... 
[2024-04-10T00:03:21.144+0000] {logging_mixin.py:188} INFO - GETTING ALBUMS TRACKS DATA
[2024-04-10T00:03:21.374+0000] {logging_mixin.py:188} INFO -  Now stagging the tracks ...
[2024-04-10T00:03:21.376+0000] {logging_mixin.py:188} INFO -  Sarah's Place (feat. Noah Kahan) tracks stagged ... 
[2024-04-10T00:03:21.377+0000] {logging_mixin.py:188} INFO -  transforming Sarah's Place (feat. Noah Kahan) tracks data ... 
[2024-04-10T00:03:21.546+0000] {logging_mixin.py:188} INFO - GETTING ALBUMS TRACKS DATA
[2024-04-10T00:03:21.738+0000] {logging_mixin.py:188} INFO -  Now stagging the tracks ...
[2024-04-10T00:03:21.739+0000] {logging_mixin.py:188} INFO -  Boys Of Faith (feat. Bon Iver) tracks stagged ... 
[2024-04-10T00:03:21.741+0000] {logging_mixin.py:188} INFO -  transforming Boys Of Faith (feat. Bon Iver) tracks data ... 
[2024-04-10T00:03:21.947+0000] {logging_mixin.py:188} INFO - GETTING ALBUMS TRACKS DATA
[2024-04-10T00:03:22.158+0000] {logging_mixin.py:188} INFO -  Now stagging the tracks ...
[2024-04-10T00:03:22.160+0000] {logging_mixin.py:188} INFO -  Spotless (feat. The Lumineers) tracks stagged ... 
[2024-04-10T00:03:22.161+0000] {logging_mixin.py:188} INFO -  transforming Spotless (feat. The Lumineers) tracks data ... 
[2024-04-10T00:03:22.347+0000] {logging_mixin.py:188} INFO - GETTING ALBUMS TRACKS DATA
[2024-04-10T00:03:22.567+0000] {logging_mixin.py:188} INFO -  Now stagging the tracks ...
[2024-04-10T00:03:22.568+0000] {logging_mixin.py:188} INFO -  I Remember Everything (feat. Kacey Musgraves) tracks stagged ... 
[2024-04-10T00:03:22.569+0000] {logging_mixin.py:188} INFO -  transforming I Remember Everything (feat. Kacey Musgraves) tracks data ... 
[2024-04-10T00:03:22.767+0000] {logging_mixin.py:188} INFO - DONE WITH Zach Bryan NOW MOVING TO NEXT ARTIST
[2024-04-10T00:03:23.010+0000] {logging_mixin.py:188} INFO - GETTING ARTISTS ALBUMS DATA
[2024-04-10T00:03:23.370+0000] {logging_mixin.py:188} INFO - Olivia Rodrigo has appeared on a total of 795 albums
[2024-04-10T00:03:23.378+0000] {logging_mixin.py:188} INFO -  Now stagging the albums ...
[2024-04-10T00:03:37.293+0000] {logging_mixin.py:188} INFO -  Olivia Rodrigo albums stagged ... 
[2024-04-10T00:03:37.296+0000] {logging_mixin.py:188} INFO -  transforming Olivia Rodrigo albums data ... 
[2024-04-10T00:03:37.298+0000] {logging_mixin.py:188} INFO - GETTING ALBUMS TRACKS DATA
[2024-04-10T00:03:37.513+0000] {logging_mixin.py:188} INFO -  Now stagging the tracks ...
[2024-04-10T00:03:37.514+0000] {logging_mixin.py:188} INFO -  GUTS (spilled) tracks stagged ... 
[2024-04-10T00:03:37.515+0000] {logging_mixin.py:188} INFO -  transforming GUTS (spilled) tracks data ... 
[2024-04-10T00:03:39.495+0000] {logging_mixin.py:188} INFO - GETTING ALBUMS TRACKS DATA
[2024-04-10T00:03:39.723+0000] {logging_mixin.py:188} INFO -  Now stagging the tracks ...
[2024-04-10T00:03:39.724+0000] {logging_mixin.py:188} INFO -  The Hunger Games: The Ballad of Songbirds & Snakes (Music From & Inspired By) tracks stagged ... 
[2024-04-10T00:03:39.725+0000] {logging_mixin.py:188} INFO -  transforming The Hunger Games: The Ballad of Songbirds & Snakes (Music From & Inspired By) tracks data ... 
[2024-04-10T00:03:41.642+0000] {logging_mixin.py:188} INFO - GETTING ALBUMS TRACKS DATA
[2024-04-10T00:03:41.886+0000] {logging_mixin.py:188} INFO -  Now stagging the tracks ...
[2024-04-10T00:03:41.887+0000] {logging_mixin.py:188} INFO -  GUTS tracks stagged ... 
[2024-04-10T00:03:41.888+0000] {logging_mixin.py:188} INFO -  transforming GUTS tracks data ... 
[2024-04-10T00:03:43.780+0000] {logging_mixin.py:188} INFO - GETTING ALBUMS TRACKS DATA
[2024-04-10T00:03:44.001+0000] {logging_mixin.py:188} INFO -  Now stagging the tracks ...
[2024-04-10T00:03:44.003+0000] {logging_mixin.py:188} INFO -  SOUR tracks stagged ... 
[2024-04-10T00:03:44.004+0000] {logging_mixin.py:188} INFO -  transforming SOUR tracks data ... 
[2024-04-10T00:03:46.028+0000] {logging_mixin.py:188} INFO - GETTING ALBUMS TRACKS DATA
[2024-04-10T00:03:46.408+0000] {logging_mixin.py:188} INFO -  Now stagging the tracks ...
[2024-04-10T00:03:46.409+0000] {logging_mixin.py:188} INFO -  Can’t Catch Me Now (from The Hunger Games: The Ballad of Songbirds & Snakes) tracks stagged ... 
[2024-04-10T00:03:46.411+0000] {logging_mixin.py:188} INFO -  transforming Can’t Catch Me Now (from The Hunger Games: The Ballad of Songbirds & Snakes) tracks data ... 
[2024-04-10T00:03:46.593+0000] {logging_mixin.py:188} INFO - GETTING ALBUMS TRACKS DATA
[2024-04-10T00:03:46.783+0000] {logging_mixin.py:188} INFO -  Now stagging the tracks ...
[2024-04-10T00:03:46.784+0000] {logging_mixin.py:188} INFO -  The Rose Song [From "High School Musical: The Musical: The Series (Season 2)"] tracks stagged ... 
[2024-04-10T00:03:46.785+0000] {logging_mixin.py:188} INFO -  transforming The Rose Song [From "High School Musical: The Musical: The Series (Season 2)"] tracks data ... 
[2024-04-10T00:03:46.962+0000] {logging_mixin.py:188} INFO - GETTING ALBUMS TRACKS DATA
[2024-04-10T00:03:47.174+0000] {logging_mixin.py:188} INFO -  Now stagging the tracks ...
[2024-04-10T00:03:47.175+0000] {logging_mixin.py:188} INFO -  YAC Alma Mater [From "High School Musical: The Musical: The Series (Season 2)"/Nini Version] tracks stagged ... 
[2024-04-10T00:03:47.176+0000] {logging_mixin.py:188} INFO -  transforming YAC Alma Mater [From "High School Musical: The Musical: The Series (Season 2)"/Nini Version] tracks data ... 
[2024-04-10T00:03:47.393+0000] {logging_mixin.py:188} INFO - GETTING ALBUMS TRACKS DATA
[2024-04-10T00:03:47.737+0000] {logging_mixin.py:188} INFO -  Now stagging the tracks ...
[2024-04-10T00:03:47.738+0000] {logging_mixin.py:188} INFO -  Granted [From "High School Musical: The Musical: The Series (Season 2)"] tracks stagged ... 
[2024-04-10T00:03:47.738+0000] {logging_mixin.py:188} INFO -  transforming Granted [From "High School Musical: The Musical: The Series (Season 2)"] tracks data ... 
[2024-04-10T00:03:47.936+0000] {logging_mixin.py:188} INFO - GETTING ALBUMS TRACKS DATA
[2024-04-10T00:03:48.144+0000] {logging_mixin.py:188} INFO -  Now stagging the tracks ...
[2024-04-10T00:03:48.145+0000] {logging_mixin.py:188} INFO -  The Best Part [From "High School Musical: The Musical: The Series (Season 2)"] tracks stagged ... 
[2024-04-10T00:03:48.147+0000] {logging_mixin.py:188} INFO -  transforming The Best Part [From "High School Musical: The Musical: The Series (Season 2)"] tracks data ... 
[2024-04-10T00:03:48.334+0000] {logging_mixin.py:188} INFO - GETTING ALBUMS TRACKS DATA
[2024-04-10T00:03:48.523+0000] {logging_mixin.py:188} INFO -  Now stagging the tracks ...
[2024-04-10T00:03:48.538+0000] {logging_mixin.py:188} INFO -  Even When/The Best Part [From "High School Musical: The Musical: The Series (Season 2)"] tracks stagged ... 
[2024-04-10T00:03:48.540+0000] {logging_mixin.py:188} INFO -  transforming Even When/The Best Part [From "High School Musical: The Musical: The Series (Season 2)"] tracks data ... 
[2024-04-10T00:03:48.734+0000] {logging_mixin.py:188} INFO - DONE WITH Olivia Rodrigo NOW MOVING TO NEXT ARTIST
[2024-04-10T00:03:48.984+0000] {logging_mixin.py:188} INFO - GETTING ARTISTS ALBUMS DATA
[2024-04-10T00:03:49.325+0000] {logging_mixin.py:188} INFO - Metro Boomin has appeared on a total of 184 albums
[2024-04-10T00:03:49.330+0000] {logging_mixin.py:188} INFO -  Now stagging the albums ...
[2024-04-10T00:03:52.136+0000] {logging_mixin.py:188} INFO -  Metro Boomin albums stagged ... 
[2024-04-10T00:03:52.138+0000] {logging_mixin.py:188} INFO -  transforming Metro Boomin albums data ... 
[2024-04-10T00:03:52.139+0000] {logging_mixin.py:188} INFO - GETTING ALBUMS TRACKS DATA
[2024-04-10T00:03:52.379+0000] {logging_mixin.py:188} INFO -  Now stagging the tracks ...
[2024-04-10T00:03:52.381+0000] {logging_mixin.py:188} INFO -  WE DON'T TRUST YOU tracks stagged ... 
[2024-04-10T00:03:52.382+0000] {logging_mixin.py:188} INFO -  transforming WE DON'T TRUST YOU tracks data ... 
[2024-04-10T00:03:54.289+0000] {logging_mixin.py:188} INFO - GETTING ALBUMS TRACKS DATA
[2024-04-10T00:03:54.519+0000] {logging_mixin.py:188} INFO -  Now stagging the tracks ...
[2024-04-10T00:03:54.519+0000] {logging_mixin.py:188} INFO -  METRO BOOMIN PRESENTS SPIDER-MAN: ACROSS THE SPIDER-VERSE [SOUNDTRACK FROM AND INSPIRED BY THE MOTION PICTURE (METROVERSE INSTRUMENTAL EDITION)] tracks stagged ... 
[2024-04-10T00:03:54.520+0000] {logging_mixin.py:188} INFO -  transforming METRO BOOMIN PRESENTS SPIDER-MAN: ACROSS THE SPIDER-VERSE [SOUNDTRACK FROM AND INSPIRED BY THE MOTION PICTURE (METROVERSE INSTRUMENTAL EDITION)] tracks data ... 
[2024-04-10T00:03:56.420+0000] {logging_mixin.py:188} INFO - GETTING ALBUMS TRACKS DATA
[2024-04-10T00:03:56.683+0000] {logging_mixin.py:188} INFO -  Now stagging the tracks ...
[2024-04-10T00:03:56.684+0000] {logging_mixin.py:188} INFO -  METRO BOOMIN PRESENTS SPIDER-MAN: ACROSS THE SPIDER-VERSE (SOUNDTRACK FROM AND INSPIRED BY THE MOTION PICTURE / DELUXE EDITION) tracks stagged ... 
[2024-04-10T00:03:56.685+0000] {logging_mixin.py:188} INFO -  transforming METRO BOOMIN PRESENTS SPIDER-MAN: ACROSS THE SPIDER-VERSE (SOUNDTRACK FROM AND INSPIRED BY THE MOTION PICTURE / DELUXE EDITION) tracks data ... 
[2024-04-10T00:03:58.564+0000] {logging_mixin.py:188} INFO - GETTING ALBUMS TRACKS DATA
[2024-04-10T00:03:58.797+0000] {logging_mixin.py:188} INFO -  Now stagging the tracks ...
[2024-04-10T00:03:58.798+0000] {logging_mixin.py:188} INFO -  METRO BOOMIN PRESENTS SPIDER-MAN: ACROSS THE SPIDER-VERSE (SOUNDTRACK FROM AND INSPIRED BY THE MOTION PICTURE) tracks stagged ... 
[2024-04-10T00:03:58.799+0000] {logging_mixin.py:188} INFO -  transforming METRO BOOMIN PRESENTS SPIDER-MAN: ACROSS THE SPIDER-VERSE (SOUNDTRACK FROM AND INSPIRED BY THE MOTION PICTURE) tracks data ... 
[2024-04-10T00:04:00.742+0000] {logging_mixin.py:188} INFO - GETTING ALBUMS TRACKS DATA
[2024-04-10T00:04:01.051+0000] {logging_mixin.py:188} INFO -  Now stagging the tracks ...
[2024-04-10T00:04:01.052+0000] {logging_mixin.py:188} INFO -  HEROES & VILLAINS (Villains Version) tracks stagged ... 
[2024-04-10T00:04:01.052+0000] {logging_mixin.py:188} INFO -  transforming HEROES & VILLAINS (Villains Version) tracks data ... 
[2024-04-10T00:04:03.032+0000] {logging_mixin.py:188} INFO - GETTING ALBUMS TRACKS DATA
[2024-04-10T00:04:03.280+0000] {logging_mixin.py:188} INFO -  Now stagging the tracks ...
[2024-04-10T00:04:03.281+0000] {logging_mixin.py:188} INFO -  HEROES & VILLAINS (Heroes Version) tracks stagged ... 
[2024-04-10T00:04:03.282+0000] {logging_mixin.py:188} INFO -  transforming HEROES & VILLAINS (Heroes Version) tracks data ... 
[2024-04-10T00:04:05.240+0000] {logging_mixin.py:188} INFO - GETTING ALBUMS TRACKS DATA
[2024-04-10T00:04:05.493+0000] {logging_mixin.py:188} INFO -  Now stagging the tracks ...
[2024-04-10T00:04:05.494+0000] {logging_mixin.py:188} INFO -  HEROES & VILLAINS tracks stagged ... 
[2024-04-10T00:04:05.494+0000] {logging_mixin.py:188} INFO -  transforming HEROES & VILLAINS tracks data ... 
[2024-04-10T00:04:07.498+0000] {logging_mixin.py:188} INFO - GETTING ALBUMS TRACKS DATA
[2024-04-10T00:04:07.756+0000] {logging_mixin.py:188} INFO -  Now stagging the tracks ...
[2024-04-10T00:04:07.757+0000] {logging_mixin.py:188} INFO -  SAVAGE MODE II [CHOPPED NOT SLOPPED] tracks stagged ... 
[2024-04-10T00:04:07.758+0000] {logging_mixin.py:188} INFO -  transforming SAVAGE MODE II [CHOPPED NOT SLOPPED] tracks data ... 
[2024-04-10T00:04:09.713+0000] {logging_mixin.py:188} INFO - GETTING ALBUMS TRACKS DATA
[2024-04-10T00:04:09.920+0000] {logging_mixin.py:188} INFO -  Now stagging the tracks ...
[2024-04-10T00:04:09.921+0000] {logging_mixin.py:188} INFO -  SAVAGE MODE II tracks stagged ... 
[2024-04-10T00:04:09.922+0000] {logging_mixin.py:188} INFO -  transforming SAVAGE MODE II tracks data ... 
[2024-04-10T00:04:11.898+0000] {logging_mixin.py:188} INFO - GETTING ALBUMS TRACKS DATA
[2024-04-10T00:04:12.135+0000] {logging_mixin.py:188} INFO -  Now stagging the tracks ...
[2024-04-10T00:04:12.136+0000] {logging_mixin.py:188} INFO -  NOT ALL HEROES WEAR CAPES (Deluxe) tracks stagged ... 
[2024-04-10T00:04:12.136+0000] {logging_mixin.py:188} INFO -  transforming NOT ALL HEROES WEAR CAPES (Deluxe) tracks data ... 
[2024-04-10T00:04:13.986+0000] {logging_mixin.py:188} INFO - DONE WITH Metro Boomin NOW MOVING TO NEXT ARTIST
[2024-04-10T00:04:14.206+0000] {logging_mixin.py:188} INFO - GETTING ARTISTS ALBUMS DATA
[2024-04-10T00:04:14.610+0000] {logging_mixin.py:188} INFO - SZA has appeared on a total of 516 albums
[2024-04-10T00:04:14.613+0000] {logging_mixin.py:188} INFO -  Now stagging the albums ...
[2024-04-10T00:04:23.701+0000] {logging_mixin.py:188} INFO -  SZA albums stagged ... 
[2024-04-10T00:04:23.702+0000] {logging_mixin.py:188} INFO -  transforming SZA albums data ... 
[2024-04-10T00:04:23.702+0000] {logging_mixin.py:188} INFO - GETTING ALBUMS TRACKS DATA
[2024-04-10T00:04:23.938+0000] {logging_mixin.py:188} INFO -  Now stagging the tracks ...
[2024-04-10T00:04:23.939+0000] {logging_mixin.py:188} INFO -  SOS tracks stagged ... 
[2024-04-10T00:04:23.940+0000] {logging_mixin.py:188} INFO -  transforming SOS tracks data ... 
[2024-04-10T00:04:25.895+0000] {logging_mixin.py:188} INFO - GETTING ALBUMS TRACKS DATA
[2024-04-10T00:04:26.122+0000] {logging_mixin.py:188} INFO -  Now stagging the tracks ...
[2024-04-10T00:04:26.123+0000] {logging_mixin.py:188} INFO -  Ctrl (Deluxe) tracks stagged ... 
[2024-04-10T00:04:26.124+0000] {logging_mixin.py:188} INFO -  transforming Ctrl (Deluxe) tracks data ... 
[2024-04-10T00:04:28.154+0000] {logging_mixin.py:188} INFO - GETTING ALBUMS TRACKS DATA
[2024-04-10T00:04:28.392+0000] {logging_mixin.py:188} INFO -  Now stagging the tracks ...
[2024-04-10T00:04:28.393+0000] {logging_mixin.py:188} INFO -  Dear Evan Hansen (Original Motion Picture Soundtrack) tracks stagged ... 
[2024-04-10T00:04:28.394+0000] {logging_mixin.py:188} INFO -  transforming Dear Evan Hansen (Original Motion Picture Soundtrack) tracks data ... 
[2024-04-10T00:04:30.324+0000] {logging_mixin.py:188} INFO - GETTING ALBUMS TRACKS DATA
[2024-04-10T00:04:30.579+0000] {logging_mixin.py:188} INFO -  Now stagging the tracks ...
[2024-04-10T00:04:30.580+0000] {logging_mixin.py:188} INFO -  Black Panther The Album Music From And Inspired By tracks stagged ... 
[2024-04-10T00:04:30.582+0000] {logging_mixin.py:188} INFO -  transforming Black Panther The Album Music From And Inspired By tracks data ... 
[2024-04-10T00:04:32.432+0000] {logging_mixin.py:188} INFO - GETTING ALBUMS TRACKS DATA
[2024-04-10T00:04:32.649+0000] {logging_mixin.py:188} INFO -  Now stagging the tracks ...
[2024-04-10T00:04:32.649+0000] {logging_mixin.py:188} INFO -  Ctrl tracks stagged ... 
[2024-04-10T00:04:32.650+0000] {logging_mixin.py:188} INFO -  transforming Ctrl tracks data ... 
[2024-04-10T00:04:34.518+0000] {logging_mixin.py:188} INFO - GETTING ALBUMS TRACKS DATA
[2024-04-10T00:04:34.723+0000] {logging_mixin.py:188} INFO -  Now stagging the tracks ...
[2024-04-10T00:04:34.724+0000] {logging_mixin.py:188} INFO -  Z tracks stagged ... 
[2024-04-10T00:04:34.724+0000] {logging_mixin.py:188} INFO -  transforming Z tracks data ... 
[2024-04-10T00:04:36.603+0000] {logging_mixin.py:188} INFO - GETTING ALBUMS TRACKS DATA
[2024-04-10T00:04:36.805+0000] {logging_mixin.py:188} INFO -  Now stagging the tracks ...
[2024-04-10T00:04:36.807+0000] {logging_mixin.py:188} INFO -  Saturn tracks stagged ... 
[2024-04-10T00:04:36.807+0000] {logging_mixin.py:188} INFO -  transforming Saturn tracks data ... 
[2024-04-10T00:04:37.731+0000] {logging_mixin.py:188} INFO - GETTING ALBUMS TRACKS DATA
[2024-04-10T00:04:37.926+0000] {logging_mixin.py:188} INFO -  Now stagging the tracks ...
[2024-04-10T00:04:37.926+0000] {logging_mixin.py:188} INFO -  NO SZNS tracks stagged ... 
[2024-04-10T00:04:37.927+0000] {logging_mixin.py:188} INFO -  transforming NO SZNS tracks data ... 
[2024-04-10T00:04:38.113+0000] {logging_mixin.py:188} INFO - GETTING ALBUMS TRACKS DATA
[2024-04-10T00:04:38.528+0000] {logging_mixin.py:188} INFO -  Now stagging the tracks ...
[2024-04-10T00:04:38.529+0000] {logging_mixin.py:188} INFO -  Snooze (Acoustic) (feat. Justin Bieber) tracks stagged ... 
[2024-04-10T00:04:38.530+0000] {logging_mixin.py:188} INFO -  transforming Snooze (Acoustic) (feat. Justin Bieber) tracks data ... 
[2024-04-10T00:04:38.712+0000] {logging_mixin.py:188} INFO - GETTING ALBUMS TRACKS DATA
[2024-04-10T00:04:38.923+0000] {logging_mixin.py:188} INFO -  Now stagging the tracks ...
[2024-04-10T00:04:38.924+0000] {logging_mixin.py:188} INFO -  Slime You Out tracks stagged ... 
[2024-04-10T00:04:38.925+0000] {logging_mixin.py:188} INFO -  transforming Slime You Out tracks data ... 
[2024-04-10T00:04:39.097+0000] {logging_mixin.py:188} INFO - DONE WITH SZA NOW MOVING TO NEXT ARTIST
[2024-04-10T00:04:39.124+0000] {logging_mixin.py:188} INFO - COVERTED ARTISTS DATA TO CSV
[2024-04-10T00:04:39.128+0000] {logging_mixin.py:188} INFO - COVERTED ALBUMS DATA TO CSV
[2024-04-10T00:04:39.161+0000] {logging_mixin.py:188} INFO - COVERTED TRACKS DATA TO CSV
[2024-04-10T00:04:39.164+0000] {python.py:202} INFO - Done. Returned value was: None
[2024-04-10T00:04:39.172+0000] {taskinstance.py:1149} INFO - Marking task as SUCCESS. dag_id=billboard_to_spotify_to_s3_extractionV1, task_id=sptoify_to_csv, execution_date=20240409T000000, start_date=20240410T000010, end_date=20240410T000439
[2024-04-10T00:04:39.242+0000] {local_task_job_runner.py:234} INFO - Task exited with return code 0
[2024-04-10T00:04:39.257+0000] {taskinstance.py:3312} INFO - 0 downstream tasks scheduled from follow-on schedule check
