[2024-03-20T22:45:27.743+0000] {taskinstance.py:1979} INFO - Dependencies all met for dep_context=non-requeueable deps ti=<TaskInstance: spotify_to_s3_data_extraction_v1.sptoify_to_csv scheduled__2024-03-20T21:58:00+00:00 [queued]>
[2024-03-20T22:45:27.752+0000] {taskinstance.py:1979} INFO - Dependencies all met for dep_context=requeueable deps ti=<TaskInstance: spotify_to_s3_data_extraction_v1.sptoify_to_csv scheduled__2024-03-20T21:58:00+00:00 [queued]>
[2024-03-20T22:45:27.753+0000] {taskinstance.py:2193} INFO - Starting attempt 3 of 6
[2024-03-20T22:45:27.766+0000] {taskinstance.py:2217} INFO - Executing <Task(PythonOperator): sptoify_to_csv> on 2024-03-20 21:58:00+00:00
[2024-03-20T22:45:27.775+0000] {standard_task_runner.py:60} INFO - Started process 818 to run task
[2024-03-20T22:45:27.779+0000] {standard_task_runner.py:87} INFO - Running: ['***', 'tasks', 'run', 'spotify_to_s3_data_extraction_v1', 'sptoify_to_csv', 'scheduled__2024-03-20T21:58:00+00:00', '--job-id', '190', '--raw', '--subdir', 'DAGS_FOLDER/spotify_to_csvs_to_s3.py', '--cfg-path', '/tmp/tmpg4ssb0y1']
[2024-03-20T22:45:27.782+0000] {standard_task_runner.py:88} INFO - Job 190: Subtask sptoify_to_csv
[2024-03-20T22:45:27.841+0000] {task_command.py:423} INFO - Running <TaskInstance: spotify_to_s3_data_extraction_v1.sptoify_to_csv scheduled__2024-03-20T21:58:00+00:00 [running]> on host ca1809388db1
[2024-03-20T22:45:27.927+0000] {taskinstance.py:2513} INFO - Exporting env vars: AIRFLOW_CTX_DAG_OWNER='Nathaniel Solomon' AIRFLOW_CTX_DAG_ID='spotify_to_s3_data_extraction_v1' AIRFLOW_CTX_TASK_ID='sptoify_to_csv' AIRFLOW_CTX_EXECUTION_DATE='2024-03-20T21:58:00+00:00' AIRFLOW_CTX_TRY_NUMBER='3' AIRFLOW_CTX_DAG_RUN_ID='scheduled__2024-03-20T21:58:00+00:00'
[2024-03-20T22:45:27.929+0000] {logging_mixin.py:188} INFO - The extract function has been executed and this is data in the next line
[2024-03-20T22:45:27.930+0000] {logging_mixin.py:188} INFO - Initiating the Endpoint...
[2024-03-20T22:45:28.769+0000] {logging_mixin.py:188} INFO - Extracting other available tracks
[2024-03-20T22:45:37.468+0000] {logging_mixin.py:188} INFO - Adding the values of index 0 into the appropriate Keys...
[2024-03-20T22:45:38.471+0000] {logging_mixin.py:188} INFO - Adding the values of index 1 into the appropriate Keys...
[2024-03-20T22:45:39.513+0000] {logging_mixin.py:188} INFO - Adding the values of index 2 into the appropriate Keys...
[2024-03-20T22:45:40.666+0000] {logging_mixin.py:188} INFO - Adding the values of index 3 into the appropriate Keys...
[2024-03-20T22:45:41.913+0000] {logging_mixin.py:188} INFO - Adding the values of index 4 into the appropriate Keys...
[2024-03-20T22:45:43.060+0000] {logging_mixin.py:188} INFO - Adding the values of index 5 into the appropriate Keys...
[2024-03-20T22:45:44.236+0000] {logging_mixin.py:188} INFO - Adding the values of index 6 into the appropriate Keys...
[2024-03-20T22:45:45.382+0000] {logging_mixin.py:188} INFO - Adding the values of index 7 into the appropriate Keys...
[2024-03-20T22:45:46.443+0000] {logging_mixin.py:188} INFO - Adding the values of index 8 into the appropriate Keys...
[2024-03-20T22:45:48.170+0000] {logging_mixin.py:188} INFO - Adding the values of index 9 into the appropriate Keys...
[2024-03-20T22:45:49.211+0000] {logging_mixin.py:188} INFO - Done Extracting...
[2024-03-20T22:45:49.227+0000] {python.py:202} INFO - Done. Returned value was: None
[2024-03-20T22:45:49.242+0000] {taskinstance.py:1149} INFO - Marking task as SUCCESS. dag_id=spotify_to_s3_data_extraction_v1, task_id=sptoify_to_csv, execution_date=20240320T215800, start_date=20240320T224527, end_date=20240320T224549
[2024-03-20T22:45:49.309+0000] {local_task_job_runner.py:234} INFO - Task exited with return code 0
[2024-03-20T22:45:49.349+0000] {taskinstance.py:3312} INFO - 1 downstream tasks scheduled from follow-on schedule check
